
 -----------------------------------------------
| Master Host:   cfe1.nas.nasa.gov
| Working Dir:   /u/benkirk/nobackup/bmurray_code/run.columbia
| # of Procs:    2
| Case name::    pm_jwp_fine
 -----------------------------------------------

Using input file: pm_jwp_fine.in
Initializing EquationSystems ... 
 Mesh Information:
  mesh_dimension()=2
  spatial_dimension()=3
  n_nodes()=90601
  n_elem()=90000
   n_local_elem()=45000
   n_active_elem()=90000
  n_subdomains()=1
  n_processors()=2
  processor_id()=0

 EquationSystems
  n_systems()=2
   System "Porous Media"
    Type "TransientLinearImplicit"
    Variables="p" "t" "s" 
    Finite Element Types="LAGRANGE" "LAGRANGE" "LAGRANGE" 
    Approximation Orders="FIRST" "FIRST" "FIRST" 
    n_dofs()=271803
    n_local_dofs()=136446
    n_constrained_dofs()=0
    n_vectors()=6
   System "Velocity"
    Type "TransientLinearImplicit"
    Variables="u" "v" 
    Finite Element Types="LAGRANGE" "LAGRANGE" 
    Approximation Orders="FIRST" "FIRST" 
    n_dofs()=181202
    n_local_dofs()=90964
    n_constrained_dofs()=0
    n_vectors()=3

======= Starting time step     1 time=0 dt=0.01 =======
F_norms[0]=0.082227

-------------------------------------------------------
| Processor id:   0                                    |
| Num Processors: 2                                    |
| Time:           Thu Apr 20 18:04:28 2006             |
| OS:             Linux                                |
| HostName:       columbia9                            |
| OS Release:     2.6.5-7.202.7-sn2                    |
| OS Version:     #5 SMP Thu Mar 16 17:51:36 PST 2006  |
| Machine:        ia64                                 |
| Username:       benkirk                              |
-------------------------------------------------------
 ------------------------------------------------------------------------------
| Porous Media Performance: Alive time=417.003, Active time=401.354            |
 ------------------------------------------------------------------------------
| Event                         nCalls    Total       Avg         Percent of   |
|                                         Time        Time        Active Time  |
|------------------------------------------------------------------------------|
|                                                                              |
| assemble                      1         4.2511      4.251073    1.06         |
| assemble + linear solve       1         397.1033    397.103293  98.94        |
 ------------------------------------------------------------------------------
| Totals:                       2         401.3544                100.00       |
 ------------------------------------------------------------------------------

Linear solver converged at step: 2000, final residual: 8.54909e-10  ||u - u_old|| = 2.60099
F_norms[1]=5.77289e-07
 Nonlinear solver converged at step 1

F_norms[0]=0.082227		 etas[0]=0			 n_its[0]=2000
F_norms[1]=5.77289e-07		 etas[1]=0			 n_its[1]=0
Computing Surface fluxes...
Computing Kinetic Energy...
======= Finished time step     1 time=0.01 dt=0.01 =======


======= Starting time step     2 time=0.01 dt=0.01 =======
F_norms[0]=9.67834e-05
 ------------------------------------------------------------------------------
| Porous Media Performance: Alive time=825.677, Active time=806.724            |
 ------------------------------------------------------------------------------
| Event                         nCalls    Total       Avg         Percent of   |
|                                         Time        Time        Active Time  |
|------------------------------------------------------------------------------|
|                                                                              |
| assemble                      3         12.6854     4.228480    1.57         |
| assemble + linear solve       2         794.0386    397.019288  98.43        |
 ------------------------------------------------------------------------------
| Totals:                       5         806.7240                100.00       |
 ------------------------------------------------------------------------------

Linear solver converged at step: 2000, final residual: 5.18029e-11  ||u - u_old|| = 0.980709
F_norms[1]=1.05902e-06
 Nonlinear solver converged at step 1

F_norms[0]=9.67834e-05		 etas[0]=0			 n_its[0]=2000
F_norms[1]=1.05902e-06		 etas[1]=0			 n_its[1]=0
Computing Surface fluxes...
Computing Kinetic Energy...
======= Finished time step     2 time=0.02 dt=0.01 =======


======= Starting time step     3 time=0.02 dt=0.01 =======
F_norms[0]=0.000201934
 ------------------------------------------------------------------------------
| Porous Media Performance: Alive time=991.783, Active time=969.584            |
 ------------------------------------------------------------------------------
| Event                         nCalls    Total       Avg         Percent of   |
|                                         Time        Time        Active Time  |
|------------------------------------------------------------------------------|
|                                                                              |
| assemble                      5         21.1198     4.223967    2.18         |
| assemble + linear solve       3         948.4645    316.154825  97.82        |
 ------------------------------------------------------------------------------
| Totals:                       8         969.5843                100.00       |
 ------------------------------------------------------------------------------

Linear solver converged at step: 777, final residual: 5.82835e-11  ||u - u_old|| = 1.99902
F_norms[1]=3.58627e-06
 Nonlinear solver converged at step 1

F_norms[0]=0.000201934		 etas[0]=0			 n_its[0]=777
F_norms[1]=3.58627e-06		 etas[1]=0			 n_its[1]=0
 |TE|_oo = 0
 Scaling timestep by 1
--------------------------------------------------------------------------
Computing Surface fluxes...
Computing Kinetic Energy...
======= Finished time step     3 time=0.03 dt=0.01 =======


======= Starting time step     4 time=0.03 dt=0.01 =======
F_norms[0]=0.000424313
 ------------------------------------------------------------------------------
| Porous Media Performance: Alive time=1167.55, Active time=1142.16            |
 ------------------------------------------------------------------------------
| Event                         nCalls    Total       Avg         Percent of   |
|                                         Time        Time        Active Time  |
|------------------------------------------------------------------------------|
|                                                                              |
| assemble                      7         29.5724     4.224627    2.59         |
| assemble + linear solve       4         1112.5890   278.147245  97.41        |
 ------------------------------------------------------------------------------
| Totals:                       11        1142.1614               100.00       |
 ------------------------------------------------------------------------------

Linear solver converged at step: 826, final residual: 1.15883e-10  ||u - u_old|| = 4.15597
F_norms[1]=1.53011e-05
 ------------------------------------------------------------------------------
| Porous Media Performance: Alive time=1328.45, Active time=1302.99            |
 ------------------------------------------------------------------------------
| Event                         nCalls    Total       Avg         Percent of   |
|                                         Time        Time        Active Time  |
|------------------------------------------------------------------------------|
|                                                                              |
| assemble                      8         33.7976     4.224695    2.59         |
| assemble + linear solve       5         1269.1888   253.837768  97.41        |
 ------------------------------------------------------------------------------
| Totals:                       13        1302.9864               100.00       |
 ------------------------------------------------------------------------------

Linear solver converged at step: 788, final residual: 3.26011e-12  ||u - u_old|| = 0.0454121
F_norms[2]=2.11107e-07
 Nonlinear solver converged at step 2

F_norms[0]=0.000424313		 etas[0]=0			 n_its[0]=826
F_norms[1]=1.53011e-05		 etas[1]=0			 n_its[1]=788
F_norms[2]=2.11107e-07		 etas[2]=0			 n_its[2]=0
 |TE|_oo = 0
 Scaling timestep by 1
--------------------------------------------------------------------------
Computing Surface fluxes...
Computing Kinetic Energy...
======= Finished time step     4 time=0.04 dt=0.01 =======


======= Starting time step     5 time=0.04 dt=0.01 =======
F_norms[0]=0.000888959
 ------------------------------------------------------------------------------
| Porous Media Performance: Alive time=1529.5, Active time=1500.83             |
 ------------------------------------------------------------------------------
| Event                         nCalls    Total       Avg         Percent of   |
|                                         Time        Time        Active Time  |
|------------------------------------------------------------------------------|
|                                                                              |
| assemble                      10        42.2302     4.223024    2.81         |
| assemble + linear solve       6         1458.6001   243.100009  97.19        |
 ------------------------------------------------------------------------------
| Totals:                       16        1500.8303               100.00       |
 ------------------------------------------------------------------------------

Linear solver converged at step: 954, final residual: 2.60696e-10  ||u - u_old|| = 8.736
F_norms[1]=6.75636e-05
 ------------------------------------------------------------------------------
| Porous Media Performance: Alive time=1930.85, Active time=1902.11            |
 ------------------------------------------------------------------------------
| Event                         nCalls    Total       Avg         Percent of   |
|                                         Time        Time        Active Time  |
|------------------------------------------------------------------------------|
|                                                                              |
| assemble                      11        46.4373     4.221571    2.44         |
| assemble + linear solve       7         1855.6699   265.095707  97.56        |
 ------------------------------------------------------------------------------
| Totals:                       18        1902.1072               100.00       |
 ------------------------------------------------------------------------------

Linear solver converged at step: 2000, final residual: 3.52682e-11  ||u - u_old|| = 0.212662
F_norms[2]=4.45922e-07
 Nonlinear solver converged at step 2

F_norms[0]=0.000888959		 etas[0]=0			 n_its[0]=954
F_norms[1]=6.75636e-05		 etas[1]=0			 n_its[1]=2000
F_norms[2]=4.45922e-07		 etas[2]=0			 n_its[2]=0
 |TE|_oo = 0
 Scaling timestep by 1
--------------------------------------------------------------------------
Computing Surface fluxes...
Computing Kinetic Energy...
======= Finished time step     5 time=0.05 dt=0.01 =======


======= Starting time step     6 time=0.05 dt=0.01 =======
F_norms[0]=0.00187428
 ------------------------------------------------------------------------------
| Porous Media Performance: Alive time=2100.85, Active time=2068.89            |
 ------------------------------------------------------------------------------
| Event                         nCalls    Total       Avg         Percent of   |
|                                         Time        Time        Active Time  |
|------------------------------------------------------------------------------|
|                                                                              |
| assemble                      13        54.8707     4.220821    2.65         |
| assemble + linear solve       8         2014.0226   251.752827  97.35        |
 ------------------------------------------------------------------------------
| Totals:                       21        2068.8933               100.00       |
 ------------------------------------------------------------------------------

Linear solver converged at step: 797, final residual: 5.15653e-10  ||u - u_old|| = 19.0615
F_norms[1]=0.000319121
 ------------------------------------------------------------------------------
| Porous Media Performance: Alive time=2270.02, Active time=2238               |
 ------------------------------------------------------------------------------
| Event                         nCalls    Total       Avg         Percent of   |
|                                         Time        Time        Active Time  |
|------------------------------------------------------------------------------|
|                                                                              |
| assemble                      14        59.0964     4.221174    2.64         |
| assemble + linear solve       9         2178.8995   242.099939  97.36        |
 ------------------------------------------------------------------------------
| Totals:                       23        2237.9959               100.00       |
 ------------------------------------------------------------------------------

Linear solver converged at step: 830, final residual: 8.56039e-11  ||u - u_old|| = 1.25043
F_norms[2]=2.13715e-06
 Nonlinear solver converged at step 2

F_norms[0]=0.00187428		 etas[0]=0			 n_its[0]=797
F_norms[1]=0.000319121		 etas[1]=0			 n_its[1]=830
F_norms[2]=2.13715e-06		 etas[2]=0			 n_its[2]=0
 |TE|_oo = 0
 Scaling timestep by 1
--------------------------------------------------------------------------
Computing Surface fluxes...
Computing Kinetic Energy...
======= Finished time step     6 time=0.06 dt=0.01 =======


======= Starting time step     7 time=0.06 dt=0.01 =======
F_norms[0]=0.00411452
 ------------------------------------------------------------------------------
| Porous Media Performance: Alive time=2453.71, Active time=2418.47            |
 ------------------------------------------------------------------------------
| Event                         nCalls    Total       Avg         Percent of   |
|                                         Time        Time        Active Time  |
|------------------------------------------------------------------------------|
|                                                                              |
| assemble                      16        67.5373     4.221082    2.79         |
| assemble + linear solve       10        2350.9377   235.093768  97.21        |
 ------------------------------------------------------------------------------
| Totals:                       26        2418.4750               100.00       |
 ------------------------------------------------------------------------------

Linear solver converged at step: 866, final residual: 1.09057e-09  ||u - u_old|| = 49.2015
F_norms[1]=0.00205493
 ------------------------------------------------------------------------------
| Porous Media Performance: Alive time=2662.55, Active time=2627.24            |
 ------------------------------------------------------------------------------
| Event                         nCalls    Total       Avg         Percent of   |
|                                         Time        Time        Active Time  |
|------------------------------------------------------------------------------|
|                                                                              |
| assemble                      17        71.7535     4.220795    2.73         |
| assemble + linear solve       11        2555.4875   232.317042  97.27        |
 ------------------------------------------------------------------------------
| Totals:                       28        2627.2410               100.00       |
 ------------------------------------------------------------------------------

Linear solver converged at step: 1030, final residual: 5.52767e-10  ||u - u_old|| = 16.4767
F_norms[2]=0.000264862
 ------------------------------------------------------------------------------
| Porous Media Performance: Alive time=2873.5, Active time=2838.11             |
 ------------------------------------------------------------------------------
| Event                         nCalls    Total       Avg         Percent of   |
|                                         Time        Time        Active Time  |
|------------------------------------------------------------------------------|
|                                                                              |
| assemble                      18        75.9691     4.220508    2.68         |
| assemble + linear solve       12        2762.1407   230.178392  97.32        |
 ------------------------------------------------------------------------------
| Totals:                       30        2838.1098               100.00       |
 ------------------------------------------------------------------------------

Linear solver converged at step: 1041, final residual: 7.41316e-11  ||u - u_old|| = 1.88843
F_norms[3]=1.80383e-06
 Nonlinear solver converged at step 3

F_norms[0]=0.00411452		 etas[0]=0			 n_its[0]=866
F_norms[1]=0.00205493		 etas[1]=0			 n_its[1]=1030
F_norms[2]=0.000264862		 etas[2]=0			 n_its[2]=1041
F_norms[3]=1.80383e-06		 etas[3]=0			 n_its[3]=0
 |TE|_oo = 0
 Scaling timestep by 1
--------------------------------------------------------------------------
Computing Surface fluxes...
Computing Kinetic Energy...
======= Finished time step     7 time=0.07 dt=0.01 =======


======= Starting time step     8 time=0.07 dt=0.01 =======
F_norms[0]=0.0114424
 ------------------------------------------------------------------------------
| Porous Media Performance: Alive time=3281.79, Active time=3243.19            |
 ------------------------------------------------------------------------------
| Event                         nCalls    Total       Avg         Percent of   |
|                                         Time        Time        Active Time  |
|------------------------------------------------------------------------------|
|                                                                              |
| assemble                      20        84.4056     4.220279    2.60         |
| assemble + linear solve       13        3158.7796   242.983049  97.40        |
 ------------------------------------------------------------------------------
| Totals:                       33        3243.1852               100.00       |
 ------------------------------------------------------------------------------

Linear solver converged at step: 2000, final residual: 5.13269e-09  ||u - u_old|| = 323.506
F_norms[1]=0.0666914
 ------------------------------------------------------------------------------
| Porous Media Performance: Alive time=3682.74, Active time=3644.05            |
 ------------------------------------------------------------------------------
| Event                         nCalls    Total       Avg         Percent of   |
|                                         Time        Time        Active Time  |
|------------------------------------------------------------------------------|
|                                                                              |
| assemble                      21        88.6200     4.220002    2.43         |
| assemble + linear solve       14        3555.4319   253.959424  97.57        |
 ------------------------------------------------------------------------------
| Totals:                       35        3644.0520               100.00       |
 ------------------------------------------------------------------------------

Linear solver converged at step: 2000, final residual: 0.00031893  ||u - u_old|| = 150.757
F_norms[2]=0.0108569
 ------------------------------------------------------------------------------
| Porous Media Performance: Alive time=4083.7, Active time=4044.92             |
 ------------------------------------------------------------------------------
| Event                         nCalls    Total       Avg         Percent of   |
|                                         Time        Time        Active Time  |
|------------------------------------------------------------------------------|
|                                                                              |
| assemble                      22        92.8371     4.219869    2.30         |
| assemble + linear solve       15        3952.0873   263.472489  97.70        |
 ------------------------------------------------------------------------------
| Totals:                       37        4044.9244               100.00       |
 ------------------------------------------------------------------------------

Linear solver converged at step: 2000, final residual: 7.53357e-09  ||u - u_old|| = 84.7435
F_norms[3]=0.00106726
 ------------------------------------------------------------------------------
| Porous Media Performance: Alive time=4484.65, Active time=4445.8             |
 ------------------------------------------------------------------------------
| Event                         nCalls    Total       Avg         Percent of   |
|                                         Time        Time        Active Time  |
|------------------------------------------------------------------------------|
|                                                                              |
| assemble                      23        97.0589     4.219954    2.18         |
| assemble + linear solve       16        4348.7400   271.796248  97.82        |
 ------------------------------------------------------------------------------
| Totals:                       39        4445.7989               100.00       |
 ------------------------------------------------------------------------------

Linear solver converged at step: 2000, final residual: 1.19144e-09  ||u - u_old|| = 8.06051
F_norms[4]=1.76924e-05
 ------------------------------------------------------------------------------
| Porous Media Performance: Alive time=4885.59, Active time=4846.66            |
 ------------------------------------------------------------------------------
| Event                         nCalls    Total       Avg         Percent of   |
|                                         Time        Time        Active Time  |
|------------------------------------------------------------------------------|
|                                                                              |
| assemble                      24        101.2799    4.219996    2.09         |
| assemble + linear solve       17        4745.3770   279.139821  97.91        |
 ------------------------------------------------------------------------------
| Totals:                       41        4846.6569               100.00       |
 ------------------------------------------------------------------------------

Linear solver converged at step: 2000, final residual: 1.67544e-11  ||u - u_old|| = 0.0959882
F_norms[5]=9.73017e-07
 Nonlinear solver converged at step 5

F_norms[0]=0.0114424		 etas[0]=0			 n_its[0]=2000
F_norms[1]=0.0666914		 etas[1]=0			 n_its[1]=2000
F_norms[2]=0.0108569		 etas[2]=0			 n_its[2]=2000
F_norms[3]=0.00106726		 etas[3]=0			 n_its[3]=2000
F_norms[4]=1.76924e-05		 etas[4]=0			 n_its[4]=2000
F_norms[5]=9.73017e-07		 etas[5]=0			 n_its[5]=0
 |TE|_oo = 0
 Scaling timestep by 1
--------------------------------------------------------------------------
Computing Surface fluxes...
Computing Kinetic Energy...
======= Finished time step     8 time=0.08 dt=0.01 =======


======= Starting time step     9 time=0.08 dt=0.01 =======
F_norms[0]=0.0316962
 ------------------------------------------------------------------------------
| Porous Media Performance: Alive time=5293.86, Active time=5251.74            |
 ------------------------------------------------------------------------------
| Event                         nCalls    Total       Avg         Percent of   |
|                                         Time        Time        Active Time  |
|------------------------------------------------------------------------------|
|                                                                              |
| assemble                      26        109.7303    4.220397    2.09         |
| assemble + linear solve       18        5142.0065   285.667025  97.91        |
 ------------------------------------------------------------------------------
| Totals:                       44        5251.7368               100.00       |
 ------------------------------------------------------------------------------

Linear solver converged at step: 2000, final residual: 6.26151e-08  ||u - u_old|| = 967.199
F_norms[1]=0.0670377
 ------------------------------------------------------------------------------
| Porous Media Performance: Alive time=5694.79, Active time=5652.6             |
 ------------------------------------------------------------------------------
| Event                         nCalls    Total       Avg         Percent of   |
|                                         Time        Time        Active Time  |
|------------------------------------------------------------------------------|
|                                                                              |
| assemble                      27        113.9573    4.220639    2.02         |
| assemble + linear solve       19        5538.6426   291.507505  97.98        |
 ------------------------------------------------------------------------------
| Totals:                       46        5652.5998               100.00       |
 ------------------------------------------------------------------------------

Linear solver converged at step: 2000, final residual: 1.93136e-06  ||u - u_old|| = 283.724
F_norms[2]=0.01134
 ------------------------------------------------------------------------------
| Porous Media Performance: Alive time=6042.16, Active time=5999.89            |
 ------------------------------------------------------------------------------
| Event                         nCalls    Total       Avg         Percent of   |
|                                         Time        Time        Active Time  |
|------------------------------------------------------------------------------|
|                                                                              |
| assemble                      28        118.1833    4.220831    1.97         |
| assemble + linear solve       20        5881.7100   294.085502  98.03        |
 ------------------------------------------------------------------------------
| Totals:                       48        5999.8933               100.00       |
 ------------------------------------------------------------------------------

Linear solver converged at step: 1730, final residual: 3.68013e-09  ||u - u_old|| = 35.2171
F_norms[3]=0.000496703
 ------------------------------------------------------------------------------
| Porous Media Performance: Alive time=6399.43, Active time=6357.09            |
 ------------------------------------------------------------------------------
| Event                         nCalls    Total       Avg         Percent of   |
|                                         Time        Time        Active Time  |
|------------------------------------------------------------------------------|
|                                                                              |
| assemble                      29        122.4119    4.221100    1.93         |
| assemble + linear solve       21        6234.6829   296.889662  98.07        |
 ------------------------------------------------------------------------------
| Totals:                       50        6357.0948               100.00       |
 ------------------------------------------------------------------------------

Linear solver converged at step: 1780, final residual: 1.58185e-10  ||u - u_old|| = 1.03014
F_norms[4]=1.33085e-06
 Nonlinear solver converged at step 4

F_norms[0]=0.0316962		 etas[0]=0			 n_its[0]=2000
F_norms[1]=0.0670377		 etas[1]=0			 n_its[1]=2000
F_norms[2]=0.01134		 etas[2]=0			 n_its[2]=1730
F_norms[3]=0.000496703		 etas[3]=0			 n_its[3]=1780
F_norms[4]=1.33085e-06		 etas[4]=0			 n_its[4]=0
 |TE|_oo = 0
 Scaling timestep by 1
--------------------------------------------------------------------------
Computing Surface fluxes...
Computing Kinetic Energy...
======= Finished time step     9 time=0.09 dt=0.01 =======


======= Starting time step    10 time=0.09 dt=0.01 =======
F_norms[0]=0.032147
 ------------------------------------------------------------------------------
| Porous Media Performance: Alive time=6807.72, Active time=6762.18            |
 ------------------------------------------------------------------------------
| Event                         nCalls    Total       Avg         Percent of   |
|                                         Time        Time        Active Time  |
|------------------------------------------------------------------------------|
|                                                                              |
| assemble                      31        130.8643    4.221430    1.94         |
| assemble + linear solve       22        6631.3119   301.423267  98.06        |
 ------------------------------------------------------------------------------
| Totals:                       53        6762.1762               100.00       |
 ------------------------------------------------------------------------------

Linear solver converged at step: 2000, final residual: 5.51991e-06  ||u - u_old|| = 515.531
F_norms[1]=0.00484353
 ------------------------------------------------------------------------------
| Porous Media Performance: Alive time=7135.29, Active time=7089.67            |
 ------------------------------------------------------------------------------
| Event                         nCalls    Total       Avg         Percent of   |
|                                         Time        Time        Active Time  |
|------------------------------------------------------------------------------|
|                                                                              |
| assemble                      32        135.0970    4.221781    1.91         |
| assemble + linear solve       23        6954.5725   302.372719  98.09        |
 ------------------------------------------------------------------------------
| Totals:                       55        7089.6695               100.00       |
 ------------------------------------------------------------------------------

Linear solver converged at step: 1630, final residual: 9.79674e-10  ||u - u_old|| = 18.7921
F_norms[2]=7.33137e-05
 ------------------------------------------------------------------------------
| Porous Media Performance: Alive time=7458.29, Active time=7412.59            |
 ------------------------------------------------------------------------------
| Event                         nCalls    Total       Avg         Percent of   |
|                                         Time        Time        Active Time  |
|------------------------------------------------------------------------------|
|                                                                              |
| assemble                      33        139.3272    4.222036    1.88         |
| assemble + linear solve       24        7273.2633   303.052638  98.12        |
 ------------------------------------------------------------------------------
| Totals:                       57        7412.5905               100.00       |
 ------------------------------------------------------------------------------

Linear solver converged at step: 1607, final residual: 2.43469e-11  ||u - u_old|| = 0.0736575
F_norms[3]=6.76805e-07
 Nonlinear solver converged at step 3

F_norms[0]=0.032147		 etas[0]=0			 n_its[0]=2000
F_norms[1]=0.00484353		 etas[1]=0			 n_its[1]=1630
F_norms[2]=7.33137e-05		 etas[2]=0			 n_its[2]=1607
F_norms[3]=6.76805e-07		 etas[3]=0			 n_its[3]=0
 |TE|_oo = 0
 Scaling timestep by 1
--------------------------------------------------------------------------
Computing Surface fluxes...
Computing Kinetic Energy...
======= Finished time step    10 time=0.1 dt=0.01 =======


======= Starting time step    11 time=0.1 dt=0.01 =======
F_norms[0]=0.0192593
 ------------------------------------------------------------------------------
| Porous Media Performance: Alive time=7838.97, Active time=7776.98            |
 ------------------------------------------------------------------------------
| Event                         nCalls    Total       Avg         Percent of   |
|                                         Time        Time        Active Time  |
|------------------------------------------------------------------------------|
|                                                                              |
| assemble                      35        147.7870    4.222487    1.90         |
| assemble + linear solve       25        7629.1882   305.167527  98.10        |
 ------------------------------------------------------------------------------
| Totals:                       60        7776.9752               100.00       |
 ------------------------------------------------------------------------------

Linear solver converged at step: 1795, final residual: 1.40327e-09  ||u - u_old|| = 204.896
F_norms[1]=0.000815067
 ------------------------------------------------------------------------------
| Porous Media Performance: Alive time=8154.25, Active time=8092.18            |
 ------------------------------------------------------------------------------
| Event                         nCalls    Total       Avg         Percent of   |
|                                         Time        Time        Active Time  |
|------------------------------------------------------------------------------|
|                                                                              |
| assemble                      36        152.0212    4.222811    1.88         |
| assemble + linear solve       26        7940.1616   305.390831  98.12        |
 ------------------------------------------------------------------------------
| Totals:                       62        8092.1828               100.00       |
 ------------------------------------------------------------------------------

Linear solver converged at step: 1568, final residual: 1.41863e-10  ||u - u_old|| = 9.90617
F_norms[2]=2.70781e-06
 Nonlinear solver converged at step 2

F_norms[0]=0.0192593		 etas[0]=0			 n_its[0]=1795
F_norms[1]=0.000815067		 etas[1]=0			 n_its[1]=1568
F_norms[2]=2.70781e-06		 etas[2]=0			 n_its[2]=0
 |TE|_oo = 0
 Scaling timestep by 1
--------------------------------------------------------------------------
Computing Surface fluxes...
Computing Kinetic Energy...
======= Finished time step    11 time=0.11 dt=0.01 =======


======= Starting time step    12 time=0.11 dt=0.01 =======
F_norms[0]=0.00844735
 ------------------------------------------------------------------------------
| Porous Media Performance: Alive time=8537.67, Active time=8472.42            |
 ------------------------------------------------------------------------------
| Event                         nCalls    Total       Avg         Percent of   |
|                                         Time        Time        Active Time  |
|------------------------------------------------------------------------------|
|                                                                              |
| assemble                      38        160.4860    4.223316    1.89         |
| assemble + linear solve       27        8311.9320   307.849334  98.11        |
 ------------------------------------------------------------------------------
| Totals:                       65        8472.4180               100.00       |
 ------------------------------------------------------------------------------

Linear solver converged at step: 1875, final residual: 5.01883e-10  ||u - u_old|| = 49.5304
F_norms[1]=0.000277175
 ------------------------------------------------------------------------------
| Porous Media Performance: Alive time=8938.6, Active time=8873.28             |
 ------------------------------------------------------------------------------
| Event                         nCalls    Total       Avg         Percent of   |
|                                         Time        Time        Active Time  |
|------------------------------------------------------------------------------|
|                                                                              |
| assemble                      39        164.7102    4.223337    1.86         |
| assemble + linear solve       28        8708.5744   311.020514  98.14        |
 ------------------------------------------------------------------------------
| Totals:                       67        8873.2845               100.00       |
 ------------------------------------------------------------------------------

Linear solver converged at step: 2000, final residual: 5.92716e-09  ||u - u_old|| = 3.32813
F_norms[2]=2.07933e-06
 Nonlinear solver converged at step 2

F_norms[0]=0.00844735		 etas[0]=0			 n_its[0]=1875
F_norms[1]=0.000277175		 etas[1]=0			 n_its[1]=2000
F_norms[2]=2.07933e-06		 etas[2]=0			 n_its[2]=0
 |TE|_oo = 0
 Scaling timestep by 1
--------------------------------------------------------------------------
Computing Surface fluxes...
Computing Kinetic Energy...
======= Finished time step    12 time=0.12 dt=0.01 =======


======= Starting time step    13 time=0.12 dt=0.01 =======
F_norms[0]=0.00349537
 ------------------------------------------------------------------------------
| Porous Media Performance: Alive time=9283.01, Active time=9214.5             |
 ------------------------------------------------------------------------------
| Event                         nCalls    Total       Avg         Percent of   |
|                                         Time        Time        Active Time  |
|------------------------------------------------------------------------------|
|                                                                              |
| assemble                      41        173.1622    4.223467    1.88         |
| assemble + linear solve       29        9041.3414   311.770395  98.12        |
 ------------------------------------------------------------------------------
| Totals:                       70        9214.5036               100.00       |
 ------------------------------------------------------------------------------

Linear solver converged at step: 1678, final residual: 2.3677e-10  ||u - u_old|| = 40.0165
F_norms[1]=0.000104265
 ------------------------------------------------------------------------------
| Porous Media Performance: Alive time=9598.48, Active time=9529.9             |
 ------------------------------------------------------------------------------
| Event                         nCalls    Total       Avg         Percent of   |
|                                         Time        Time        Active Time  |
|------------------------------------------------------------------------------|
|                                                                              |
| assemble                      42        177.3913    4.223602    1.86         |
| assemble + linear solve       30        9352.5083   311.750277  98.14        |
 ------------------------------------------------------------------------------
| Totals:                       72        9529.8996               100.00       |
 ------------------------------------------------------------------------------

Linear solver converged at step: 1569, final residual: 1.42552e-11  ||u - u_old|| = 0.510147
F_norms[2]=7.59657e-07
 Nonlinear solver converged at step 2

F_norms[0]=0.00349537		 etas[0]=0			 n_its[0]=1678
F_norms[1]=0.000104265		 etas[1]=0			 n_its[1]=1569
F_norms[2]=7.59657e-07		 etas[2]=0			 n_its[2]=0
 |TE|_oo = 0
 Scaling timestep by 1
--------------------------------------------------------------------------
Computing Surface fluxes...
Computing Kinetic Energy...
======= Finished time step    13 time=0.13 dt=0.01 =======


======= Starting time step    14 time=0.13 dt=0.01 =======
F_norms[0]=0.00239997
 ------------------------------------------------------------------------------
| Porous Media Performance: Alive time=10006.8, Active time=9935               |
 ------------------------------------------------------------------------------
| Event                         nCalls    Total       Avg         Percent of   |
|                                         Time        Time        Active Time  |
|------------------------------------------------------------------------------|
|                                                                              |
| assemble                      44        185.8704    4.224327    1.87         |
| assemble + linear solve       31        9749.1345   314.488208  98.13        |
 ------------------------------------------------------------------------------
| Totals:                       75        9935.0049               100.00       |
 ------------------------------------------------------------------------------

Linear solver converged at step: 2000, final residual: 1.01813e-08  ||u - u_old|| = 42.767
F_norms[1]=3.56511e-05
 ------------------------------------------------------------------------------
| Porous Media Performance: Alive time=10327, Active time=10255.2              |
 ------------------------------------------------------------------------------
| Event                         nCalls    Total       Avg         Percent of   |
|                                         Time        Time        Active Time  |
|------------------------------------------------------------------------------|
|                                                                              |
| assemble                      45        190.1149    4.224776    1.85         |
| assemble + linear solve       32        10065.0555  314.532984  98.15        |
 ------------------------------------------------------------------------------
| Totals:                       77        10255.1704              100.00       |
 ------------------------------------------------------------------------------

Linear solver converged at step: 1593, final residual: 5.5743e-12  ||u - u_old|| = 0.320774
F_norms[2]=7.52732e-07
 Nonlinear solver converged at step 2

F_norms[0]=0.00239997		 etas[0]=0			 n_its[0]=2000
F_norms[1]=3.56511e-05		 etas[1]=0			 n_its[1]=1593
F_norms[2]=7.52732e-07		 etas[2]=0			 n_its[2]=0
 |TE|_oo = 0
 Scaling timestep by 1
--------------------------------------------------------------------------
Computing Surface fluxes...
Computing Kinetic Energy...
======= Finished time step    14 time=0.14 dt=0.01 =======


======= Starting time step    15 time=0.14 dt=0.01 =======
F_norms[0]=0.00183159
 ------------------------------------------------------------------------------
| Porous Media Performance: Alive time=10674.2, Active time=10599.2            |
 ------------------------------------------------------------------------------
| Event                         nCalls    Total       Avg         Percent of   |
|                                         Time        Time        Active Time  |
|------------------------------------------------------------------------------|
|                                                                              |
| assemble                      47        198.5866    4.225246    1.87         |
| assemble + linear solve       33        10400.5913  315.169432  98.13        |
 ------------------------------------------------------------------------------
| Totals:                       80        10599.1778              100.00       |
 ------------------------------------------------------------------------------

Linear solver converged at step: 1692, final residual: 9.29619e-11  ||u - u_old|| = 29.3065
F_norms[1]=9.00658e-06
 Nonlinear solver converged at step 1

F_norms[0]=0.00183159		 etas[0]=0			 n_its[0]=1692
F_norms[1]=9.00658e-06		 etas[1]=0			 n_its[1]=0
 |TE|_oo = 0
 Scaling timestep by 1
--------------------------------------------------------------------------
Computing Surface fluxes...
Computing Kinetic Energy...
======= Finished time step    15 time=0.15 dt=0.01 =======


======= Starting time step    16 time=0.15 dt=0.01 =======
F_norms[0]=0.00113112
 ------------------------------------------------------------------------------
| Porous Media Performance: Alive time=11082.5, Active time=11004.3            |
 ------------------------------------------------------------------------------
| Event                         nCalls    Total       Avg         Percent of   |
|                                         Time        Time        Active Time  |
|------------------------------------------------------------------------------|
|                                                                              |
| assemble                      49        207.0192    4.224882    1.88         |
| assemble + linear solve       34        10797.2344  317.565718  98.12        |
 ------------------------------------------------------------------------------
| Totals:                       83        11004.2536              100.00       |
 ------------------------------------------------------------------------------

Linear solver converged at step: 2000, final residual: 3.55098e-09  ||u - u_old|| = 14.1441
F_norms[1]=2.87316e-06
 Nonlinear solver converged at step 1

F_norms[0]=0.00113112		 etas[0]=0			 n_its[0]=2000
F_norms[1]=2.87316e-06		 etas[1]=0			 n_its[1]=0
 |TE|_oo = 0
 Scaling timestep by 1
--------------------------------------------------------------------------
Computing Surface fluxes...
Computing Kinetic Energy...
======= Finished time step    16 time=0.16 dt=0.01 =======


======= Starting time step    17 time=0.16 dt=0.01 =======
F_norms[0]=0.000554245
 ------------------------------------------------------------------------------
| Porous Media Performance: Alive time=11490.7, Active time=11409.3            |
 ------------------------------------------------------------------------------
| Event                         nCalls    Total       Avg         Percent of   |
|                                         Time        Time        Active Time  |
|------------------------------------------------------------------------------|
|                                                                              |
| assemble                      51        215.4401    4.224315    1.89         |
| assemble + linear solve       35        11193.8583  319.824522  98.11        |
 ------------------------------------------------------------------------------
| Totals:                       86        11409.2983              100.00       |
 ------------------------------------------------------------------------------

Linear solver converged at step: 2000, final residual: 3.45129e-10  ||u - u_old|| = 4.15276
F_norms[1]=1.61341e-06
 Nonlinear solver converged at step 1

F_norms[0]=0.000554245		 etas[0]=0			 n_its[0]=2000
F_norms[1]=1.61341e-06		 etas[1]=0			 n_its[1]=0
 |TE|_oo = 0
 Scaling timestep by 1
--------------------------------------------------------------------------
Computing Surface fluxes...
Computing Kinetic Energy...
======= Finished time step    17 time=0.17 dt=0.01 =======


======= Starting time step    18 time=0.17 dt=0.01 =======
F_norms[0]=0.000236374
 ------------------------------------------------------------------------------
| Porous Media Performance: Alive time=11899, Active time=11814.4              |
 ------------------------------------------------------------------------------
| Event                         nCalls    Total       Avg         Percent of   |
|                                         Time        Time        Active Time  |
|------------------------------------------------------------------------------|
|                                                                              |
| assemble                      53        223.8790    4.224131    1.89         |
| assemble + linear solve       36        11590.4797  321.957769  98.11        |
 ------------------------------------------------------------------------------
| Totals:                       89        11814.3587              100.00       |
 ------------------------------------------------------------------------------

Linear solver converged at step: 2000, final residual: 6.95258e-11  ||u - u_old|| = 2.25245
F_norms[1]=1.18265e-06
 Nonlinear solver converged at step 1

F_norms[0]=0.000236374		 etas[0]=0			 n_its[0]=2000
F_norms[1]=1.18265e-06		 etas[1]=0			 n_its[1]=0
 |TE|_oo = 0
 Scaling timestep by 1
--------------------------------------------------------------------------
Computing Surface fluxes...
Computing Kinetic Energy...
======= Finished time step    18 time=0.18 dt=0.01 =======


======= Starting time step    19 time=0.18 dt=0.01 =======
F_norms[0]=0.000153751
 ------------------------------------------------------------------------------
| Porous Media Performance: Alive time=12243.8, Active time=12156              |
 ------------------------------------------------------------------------------
| Event                         nCalls    Total       Avg         Percent of   |
|                                         Time        Time        Active Time  |
|------------------------------------------------------------------------------|
|                                                                              |
| assemble                      55        232.3423    4.224405    1.91         |
| assemble + linear solve       37        11923.6659  322.261242  98.09        |
 ------------------------------------------------------------------------------
| Totals:                       92        12156.0082              100.00       |
 ------------------------------------------------------------------------------

Linear solver converged at step: 1680, final residual: 8.79285e-12  ||u - u_old|| = 2.80157
F_norms[1]=1.3649e-06
 Nonlinear solver converged at step 1

F_norms[0]=0.000153751		 etas[0]=0			 n_its[0]=1680
F_norms[1]=1.3649e-06		 etas[1]=0			 n_its[1]=0
 |TE|_oo = 0
 Scaling timestep by 1
--------------------------------------------------------------------------
Computing Surface fluxes...
Computing Kinetic Energy...
======= Finished time step    19 time=0.19 dt=0.01 =======


======= Starting time step    20 time=0.19 dt=0.01 =======
F_norms[0]=0.000123934
 ------------------------------------------------------------------------------
| Porous Media Performance: Alive time=12652.3, Active time=12561.3            |
 ------------------------------------------------------------------------------
| Event                         nCalls    Total       Avg         Percent of   |
|                                         Time        Time        Active Time  |
|------------------------------------------------------------------------------|
|                                                                              |
| assemble                      57        240.8086    4.224712    1.92         |
| assemble + linear solve       38        12320.4853  324.223297  98.08        |
 ------------------------------------------------------------------------------
| Totals:                       95        12561.2939              100.00       |
 ------------------------------------------------------------------------------

Linear solver converged at step: 2000, final residual: 3.32442e-11  ||u - u_old|| = 2.07047
F_norms[1]=6.42711e-07
 Nonlinear solver converged at step 1

F_norms[0]=0.000123934		 etas[0]=0			 n_its[0]=2000
F_norms[1]=6.42711e-07		 etas[1]=0			 n_its[1]=0
 |TE|_oo = 0
 Scaling timestep by 1
--------------------------------------------------------------------------
Computing Surface fluxes...
Computing Kinetic Energy...
======= Finished time step    20 time=0.2 dt=0.01 =======


======= Starting time step    21 time=0.2 dt=0.01 =======
F_norms[0]=8.07831e-05
 ------------------------------------------------------------------------------
| Porous Media Performance: Alive time=12964.9, Active time=12858              |
 ------------------------------------------------------------------------------
| Event                         nCalls    Total       Avg         Percent of   |
|                                         Time        Time        Active Time  |
|------------------------------------------------------------------------------|
|                                                                              |
| assemble                      59        249.2596    4.224738    1.94         |
| assemble + linear solve       39        12608.7757  323.301942  98.06        |
 ------------------------------------------------------------------------------
| Totals:                       98        12858.0353              100.00       |
 ------------------------------------------------------------------------------

Linear solver converged at step: 1453, final residual: 2.0797e-12  ||u - u_old|| = 1.06543
F_norms[1]=8.27696e-07
 Nonlinear solver converged at step 1

F_norms[0]=8.07831e-05		 etas[0]=0			 n_its[0]=1453
F_norms[1]=8.27696e-07		 etas[1]=0			 n_its[1]=0
 |TE|_oo = 0
 Scaling timestep by 1
--------------------------------------------------------------------------
Computing Surface fluxes...
Computing Kinetic Energy...
======= Finished time step    21 time=0.21 dt=0.01 =======


======= Starting time step    22 time=0.21 dt=0.01 =======
F_norms[0]=4.11531e-05
 ------------------------------------------------------------------------------
| Porous Media Performance: Alive time=13373.3, Active time=13263.3            |
 ------------------------------------------------------------------------------
| Event                         nCalls    Total       Avg         Percent of   |
|                                         Time        Time        Active Time  |
|------------------------------------------------------------------------------|
|                                                                              |
| assemble                      61        257.7148    4.224833    1.94         |
| assemble + linear solve       40        13005.5428  325.138570  98.06        |
 ------------------------------------------------------------------------------
| Totals:                       101       13263.2576              100.00       |
 ------------------------------------------------------------------------------

Linear solver converged at step: 2000, final residual: 1.25311e-11  ||u - u_old|| = 0.348055
F_norms[1]=1.42743e-06
 Nonlinear solver converged at step 1

F_norms[0]=4.11531e-05		 etas[0]=0			 n_its[0]=2000
F_norms[1]=1.42743e-06		 etas[1]=0			 n_its[1]=0
 |TE|_oo = 0
 Scaling timestep by 1
--------------------------------------------------------------------------
Computing Surface fluxes...
Computing Kinetic Energy...
======= Finished time step    22 time=0.22 dt=0.01 =======


======= Starting time step    23 time=0.22 dt=0.01 =======
F_norms[0]=1.74855e-05
 ------------------------------------------------------------------------------
| Porous Media Performance: Alive time=13781.7, Active time=13668.4            |
 ------------------------------------------------------------------------------
| Event                         nCalls    Total       Avg         Percent of   |
|                                         Time        Time        Active Time  |
|------------------------------------------------------------------------------|
|                                                                              |
| assemble                      63        266.1849    4.225158    1.95         |
| assemble + linear solve       41        13402.2587  326.884359  98.05        |
 ------------------------------------------------------------------------------
| Totals:                       104       13668.4437              100.00       |
 ------------------------------------------------------------------------------

Linear solver converged at step: 2000, final residual: 2.0846e-11  ||u - u_old|| = 0.130963
F_norms[1]=6.00195e-07
 Nonlinear solver converged at step 1

F_norms[0]=1.74855e-05		 etas[0]=0			 n_its[0]=2000
F_norms[1]=6.00195e-07		 etas[1]=0			 n_its[1]=0
 |TE|_oo = 0
 Scaling timestep by 1
--------------------------------------------------------------------------
Computing Surface fluxes...
Computing Kinetic Energy...
======= Finished time step    23 time=0.23 dt=0.01 =======


======= Starting time step    24 time=0.23 dt=0.01 =======
F_norms[0]=1.01772e-05
 ------------------------------------------------------------------------------
| Porous Media Performance: Alive time=14189.9, Active time=14073.5            |
 ------------------------------------------------------------------------------
| Event                         nCalls    Total       Avg         Percent of   |
|                                         Time        Time        Active Time  |
|------------------------------------------------------------------------------|
|                                                                              |
| assemble                      65        274.6420    4.225261    1.95         |
| assemble + linear solve       42        13798.8414  328.543843  98.05        |
 ------------------------------------------------------------------------------
| Totals:                       107       14073.4834              100.00       |
 ------------------------------------------------------------------------------

Linear solver converged at step: 2000, final residual: 1.5793e-12  ||u - u_old|| = 0.179364
F_norms[1]=8.7896e-07
 Nonlinear solver converged at step 1

F_norms[0]=1.01772e-05		 etas[0]=0			 n_its[0]=2000
F_norms[1]=8.7896e-07		 etas[1]=0			 n_its[1]=0
 |TE|_oo = 0
 Scaling timestep by 1
--------------------------------------------------------------------------
Computing Surface fluxes...
Computing Kinetic Energy...
======= Finished time step    24 time=0.24 dt=0.01 =======


======= Starting time step    25 time=0.24 dt=0.01 =======
F_norms[0]=8.33049e-06
 Nonlinear solver converged at step 0

F_norms[0]=8.33049e-06		 etas[0]=0			 n_its[0]=0
 |TE|_oo = 0
 Scaling timestep by 1
--------------------------------------------------------------------------
Computing Surface fluxes...
Computing Kinetic Energy...
======= Finished time step    25 time=0.25 dt=0.01 =======


Steady State Reached: Terminating Simulation.
 ------------------------------------------------------------------------------
| Porous Media Performance: Alive time=14217.2, Active time=14081.9            |
 ------------------------------------------------------------------------------
| Event                         nCalls    Total       Avg         Percent of   |
|                                         Time        Time        Active Time  |
|------------------------------------------------------------------------------|
|                                                                              |
| assemble                      67        283.0948    4.225296    2.01         |
| assemble + linear solve       42        13798.8414  328.543843  97.99        |
 ------------------------------------------------------------------------------
| Totals:                       109       14081.9362              100.00       |
 ------------------------------------------------------------------------------

************************************************************************************************************************
***             WIDEN YOUR WINDOW TO 120 CHARACTERS.  Use 'enscript -r -fCourier9' to print this document            ***
************************************************************************************************************************

---------------------------------------------- PETSc Performance Summary: ----------------------------------------------

./pm on a linux named columbia9 with 2 processors, by benkirk Thu Apr 20 21:54:28 2006
Using Petsc Version 2.2.0, Patch 0, Released Feb 27, 2004

                         Max       Max/Min        Avg      Total 
Time (sec):           1.422e+04      1.00010   1.422e+04
Objects:              0.000e+00      0.00000   0.000e+00
Flops:                2.245e+12      1.00835   2.236e+12  4.471e+12
Flops/sec:            1.579e+08      1.00824   1.572e+08  3.144e+08
MPI Messages:         1.399e+05      1.00000   1.399e+05  2.799e+05
MPI Message Lengths:  1.302e+09      1.00000   9.302e+03  2.604e+09
MPI Reductions:       1.056e+05      1.00000

Flop counting convention: 1 flop = 1 real number operation of type (multiply/divide/add/subtract)
                            e.g., VecAXPY() for real vectors of length N --> 2N flops
                            and VecAXPY() for complex vectors of length N --> 8N flops

Summary of Stages:   ----- Time ------  ----- Flops -----  --- Messages ---  -- Message Lengths --  -- Reductions --
                        Avg     %Total     Avg     %Total   counts   %Total     Avg         %Total   counts   %Total 
 0:      Main Stage: 1.4219e+04 100.0%  4.4711e+12 100.0%  2.799e+05 100.0%  9.302e+03      100.0%  2.113e+05 100.0% 

------------------------------------------------------------------------------------------------------------------------
See the 'Profiling' chapter of the users' manual for details on interpreting output.
Phase summary info:
   Count: number of times phase was executed
   Time and Flops/sec: Max - maximum over all processors
                       Ratio - ratio of maximum to minimum over all processors
   Mess: number of messages sent
   Avg. len: average message length
   Reduct: number of global reductions
   Global: entire computation
   Stage: stages of a computation. Set stages with PetscLogStagePush() and PetscLogStagePop().
      %T - percent time in this phase         %F - percent flops in this phase
      %M - percent messages in this phase     %L - percent message lengths in this phase
      %R - percent reductions in this phase
   Total Mflop/s: 10e-6 * (sum of flops over all processors)/(max time over all processors)
------------------------------------------------------------------------------------------------------------------------


      ##########################################################
      #                                                        #
      #                          WARNING!!!                    #
      #                                                        #
      #   This code was run without the PreLoadBegin()         #
      #   macros. To get timing results we always recommend    #
      #   preloading. otherwise timing numbers may be          #
      #   meaningless.                                         #
      ##########################################################


Event                Count      Time (sec)     Flops/sec                         --- Global ---  --- Stage ---   Total
                   Max Ratio  Max     Ratio   Max  Ratio  Mess   Avg len Reduct  %T %F %M %L %R  %T %F %M %L %R Mflop/s
------------------------------------------------------------------------------------------------------------------------

--- Event Stage 0: Main Stage

VecDot            139490 1.0 1.5034e+02 1.5 3.87e+08 1.5 0.0e+00 0.0e+00 1.4e+05  1  2  0  0 66   1  2  0  0 66   504
VecNorm            69911 1.0 1.0494e+02 2.6 4.67e+08 2.6 0.0e+00 0.0e+00 7.0e+04  1  1  0  0 33   1  1  0  0 33   362
VecCopy              412 1.0 1.6041e-01 1.0 0.00e+00 0.0 0.0e+00 0.0e+00 0.0e+00  0  0  0  0  0   0  0  0  0  0     0
VecSet            139944 1.0 4.9169e+01 1.0 0.00e+00 0.0 0.0e+00 0.0e+00 0.0e+00  0  0  0  0  0   0  0  0  0  0     0
VecAXPY           279026 1.0 1.1509e+02 1.0 6.90e+08 1.1 0.0e+00 0.0e+00 0.0e+00  1  3  0  0  0   1  3  0  0  0  1317
VecAYPX           139427 1.0 2.7788e+02 1.0 1.37e+08 1.0 0.0e+00 0.0e+00 0.0e+00  2  2  0  0  0   2  2  0  0  0   273
VecWAXPY          278846 1.0 3.4109e+02 1.0 1.95e+08 1.0 0.0e+00 0.0e+00 0.0e+00  2  3  0  0  0   2  3  0  0  0   389
VecAssemblyBegin     310 1.0 5.7498e-01 1.4 0.00e+00 0.0 1.8e+02 1.3e+04 9.3e+02  0  0  0  0  0   0  0  0  0  0     0
VecAssemblyEnd       310 1.0 2.2108e-02 7.0 0.00e+00 0.0 0.0e+00 0.0e+00 0.0e+00  0  0  0  0  0   0  0  0  0  0     0
VecScatterBegin   139692 1.0 1.1987e+01 1.0 0.00e+00 0.0 2.8e+05 9.2e+03 0.0e+00  0  0100 99  0   0  0100 99  0     0
VecScatterEnd     139692 1.0 1.4938e+01 1.0 0.00e+00 0.0 0.0e+00 0.0e+00 0.0e+00  0  0  0  0  0   0  0  0  0  0     0
MatMult           139557 1.0 3.9649e+03 1.0 2.53e+08 1.0 2.8e+05 9.2e+03 0.0e+00 28 45100 98  0  28 45100 98  0   504
MatMultAdd            67 1.0 1.9600e+00 1.0 2.51e+08 1.0 1.3e+02 9.2e+03 0.0e+00  0  0  0  0  0   0  0  0  0  0   500
MatSolve          139557 1.0 8.8874e+03 1.0 1.13e+08 1.0 0.0e+00 0.0e+00 0.0e+00 62 45  0  0  0  62 45  0  0  0   224
MatLUFactorNum        67 1.0 1.5229e+01 1.0 1.77e+08 1.0 0.0e+00 0.0e+00 0.0e+00  0  0  0  0  0   0  0  0  0  0   351
MatILUFactorSym        2 1.0 1.1677e-01 1.0 0.00e+00 0.0 0.0e+00 0.0e+00 2.0e+00  0  0  0  0  0   0  0  0  0  0     0
MatAssemblyBegin     201 1.0 4.3726e-01 7.8 0.00e+00 0.0 1.8e+02 1.9e+05 4.0e+02  0  0  0  1  0   0  0  0  1  0     0
MatAssemblyEnd       201 1.0 8.8567e-01 1.1 0.00e+00 0.0 4.0e+00 3.8e+03 2.1e+02  0  0  0  0  0   0  0  0  0  0     0
MatGetOrdering         2 1.0 4.3273e-03 1.1 0.00e+00 0.0 0.0e+00 0.0e+00 4.0e+00  0  0  0  0  0   0  0  0  0  0     0
MatZeroEntries        96 1.0 1.8640e+00 1.0 0.00e+00 0.0 0.0e+00 0.0e+00 0.0e+00  0  0  0  0  0   0  0  0  0  0     0
KSPSetup             134 1.0 1.3241e-02 1.0 0.00e+00 0.0 0.0e+00 0.0e+00 0.0e+00  0  0  0  0  0   0  0  0  0  0     0
KSPSolve              67 1.0 1.3817e+04 1.0 1.62e+08 1.0 2.8e+05 9.2e+03 2.1e+05 97100100 98 99  97100100 98 99   324
PCSetUp              134 1.0 1.5359e+01 1.0 1.75e+08 1.0 0.0e+00 0.0e+00 6.0e+00  0  0  0  0  0   0  0  0  0  0   349
PCSetUpOnBlocks       67 1.0 1.5355e+01 1.0 1.75e+08 1.0 0.0e+00 0.0e+00 6.0e+00  0  0  0  0  0   0  0  0  0  0   349
PCApply           139557 1.0 8.9589e+03 1.0 1.12e+08 1.0 0.0e+00 0.0e+00 0.0e+00 63 45  0  0  0  63 45  0  0  0   222
------------------------------------------------------------------------------------------------------------------------

Memory usage is given in bytes:

Object Type          Creations   Destructions   Memory  Descendants' Mem.

--- Event Stage 0: Main Stage

           Index Set    78             78   35573308     0
                 Map   185            185      47360     0
                 Vec   187            187  157676456     0
         Vec Scatter    70             70  165239612     0
              Matrix     8              8  138834836     7.00135e+07
       Krylov Solver     4              4        304     1.6386e+07
      Preconditioner     4              4        480     6.88798e+07
========================================================================================================================
Average time to get PetscTime(): 4.76837e-07
Average time for MPI_Barrier(): 2.00272e-06
Average time for zero size MPI_Send(): 7.99894e-05
Compiled without FORTRAN kernels
Compiled with double precision matrices (default)
sizeof(short) 2 sizeof(int) 4 sizeof(long) 8 sizeof(void *) 8   
Libraries compiled on Tue Dec 13 11:13:18 PST 2005 on columbia  
Machine characteristics: Linux columbia 2.6.5-7.202.5-sn2 #1 SMP Thu Aug 25 06:20:45 UTC 2005 ia64 ia64 ia64 GNU/Linux  
Using PETSc directory: /u/benkirk/petsc-2.2.0 
Using PETSc arch: linux64_intel 
-----------------------------------------   
Using C compiler: icc -KPIC -O2 -ftz -I/u/benkirk/petsc-2.2.0 -I/u/benkirk/petsc-2.2.0/bmake/linux64_intel -I/u/benkirk/petsc-2.2.0/include   -I/opt/sgi/mpt/1.12.0.0/include                                                                                                                           -DPETSC_USE_FOR_KERNELS -DPETSC_USE_LOG -DPETSC_USE_DEBUG -DPETSC_USE_BOPT_O -DPETSC_USE_EXTERN_CXX -DMPI_NO_CPPBIND -wd1476 -D__SDIR__='. '  
C Compiler version: 
Intel(R) C Itanium(R) Compiler for Itanium(R)-based applications 
Version 9.0    Build 20051020 Package ID: l_cc_c_9.0.027 
C++ Compiler version: 
Intel(R) C Itanium(R) Compiler for Itanium(R)-based applications 
Using Fortran compiler: ifort -w -KPIC -O2 -ftz -I/u/benkirk/petsc-2.2.0 -I/u/benkirk/petsc-2.2.0/bmake/linux64_intel -I/u/benkirk/petsc-2.2.0/include   -I/opt/sgi/mpt/1.12.0.0/include                                                                                                                           -DPETSC_USE_FOR_KERNELS -DPETSC_USE_LOG -DPETSC_USE_DEBUG -DPETSC_USE_BOPT_O -DPETSC_USE_EXTERN_CXX  
Fortran Compiler version: 
Intel(R) Fortran Itanium(R) Compiler for Itanium(R)-based applications 
Version 9.0    Build 20051020 Package ID: l_fc_c_9.0.028 
-----------------------------------------   
Using PETSc flags: -DPETSC_USE_FOR_KERNELS -DPETSC_USE_LOG -DPETSC_USE_DEBUG -DPETSC_USE_BOPT_O -DPETSC_USE_EXTERN_CXX                                                                                                                        
----------------------------------------- 
Using configuration flags: 
----------------------------------------- 
Using include paths: -I/u/benkirk/petsc-2.2.0 -I/u/benkirk/petsc-2.2.0/bmake/linux64_intel -I/u/benkirk/petsc-2.2.0/include   -I/opt/sgi/mpt/1.12.0.0/include    
------------------------------------------   
Using C linker: icc -i_dynamic -O2 -ftz -Qoption,link,-rpath,/u/benkirk/petsc-2.2.0/lib/libO/linux64_intel  
Using Fortran linker: icc -i_dynamic -O2 -ftz -Qoption,link,-rpath,/u/benkirk/petsc-2.2.0/lib/libO/linux64_intel  
Using libraries: -L/u/benkirk/petsc-2.2.0/lib/libO/linux64_intel -lpetscts -lpetscsnes -lpetscksp -lpetscdm -lpetscmat -lpetscvec -lpetsc                                                                                                                                                                                                                                                                              -Wl,-rpath,/opt/sgi/scsl/1.6.1.0/lib -L/opt/sgi/scsl/1.6.1.0/lib -lscs -L/opt/sgi/mpt/1.12.0.0/lib -lmpi -lifport -lifcoremt -ldl -limf -lm -lcxa -lunwind -lpthread -lirc 
 -------------------------------------------------------------------------------

 Run completed in 14223 seconds
