
 -----------------------------------------------
| Master Host:   cfe1.nas.nasa.gov
| Working Dir:   /u/benkirk/nobackup/bmurray_code/run.columbia
| # of Procs:    8
| Case name::    pm_jwp_fine
 -----------------------------------------------

Using input file: pm_jwp_fine.in
Initializing EquationSystems ... 
 Mesh Information:
  mesh_dimension()=2
  spatial_dimension()=3
  n_nodes()=90601
  n_elem()=90000
   n_local_elem()=11250
   n_active_elem()=90000
  n_subdomains()=1
  n_processors()=8
  processor_id()=0

 EquationSystems
  n_systems()=2
   System "Porous Media"
    Type "TransientLinearImplicit"
    Variables="p" "t" "s" 
    Finite Element Types="LAGRANGE" "LAGRANGE" "LAGRANGE" 
    Approximation Orders="FIRST" "FIRST" "FIRST" 
    n_dofs()=271803
    n_local_dofs()=34551
    n_constrained_dofs()=0
    n_vectors()=6
   System "Velocity"
    Type "TransientLinearImplicit"
    Variables="u" "v" 
    Finite Element Types="LAGRANGE" "LAGRANGE" 
    Approximation Orders="FIRST" "FIRST" 
    n_dofs()=181202
    n_local_dofs()=23034
    n_constrained_dofs()=0
    n_vectors()=3

======= Starting time step     1 time=0 dt=0.01 =======
F_norms[0]=0.082227

-------------------------------------------------------
| Processor id:   0                                    |
| Num Processors: 8                                    |
| Time:           Thu Apr 20 17:57:25 2006             |
| OS:             Linux                                |
| HostName:       columbia9                            |
| OS Release:     2.6.5-7.202.7-sn2                    |
| OS Version:     #5 SMP Thu Mar 16 17:51:36 PST 2006  |
| Machine:        ia64                                 |
| Username:       benkirk                              |
-------------------------------------------------------
 ------------------------------------------------------------------------------
| Porous Media Performance: Alive time=106.858, Active time=91.2607            |
 ------------------------------------------------------------------------------
| Event                         nCalls    Total       Avg         Percent of   |
|                                         Time        Time        Active Time  |
|------------------------------------------------------------------------------|
|                                                                              |
| assemble                      1         1.1228      1.122768    1.23         |
| assemble + linear solve       1         90.1379     90.137894   98.77        |
 ------------------------------------------------------------------------------
| Totals:                       2         91.2607                 100.00       |
 ------------------------------------------------------------------------------

Linear solver converged at step: 2000, final residual: 6.36566e-10  ||u - u_old|| = 2.60099
F_norms[1]=5.86656e-07
 Nonlinear solver converged at step 1

F_norms[0]=0.082227		 etas[0]=0			 n_its[0]=2000
F_norms[1]=5.86656e-07		 etas[1]=0			 n_its[1]=0
Computing Surface fluxes...
Computing Kinetic Energy...
======= Finished time step     1 time=0.01 dt=0.01 =======


======= Starting time step     2 time=0.01 dt=0.01 =======
F_norms[0]=9.67831e-05
 ------------------------------------------------------------------------------
| Porous Media Performance: Alive time=145.397, Active time=128.772            |
 ------------------------------------------------------------------------------
| Event                         nCalls    Total       Avg         Percent of   |
|                                         Time        Time        Active Time  |
|------------------------------------------------------------------------------|
|                                                                              |
| assemble                      3         3.3483      1.116099    2.60         |
| assemble + linear solve       2         125.4232    62.711613   97.40        |
 ------------------------------------------------------------------------------
| Totals:                       5         128.7715                100.00       |
 ------------------------------------------------------------------------------

Linear solver converged at step: 782, final residual: 1.39608e-11  ||u - u_old|| = 0.980708
F_norms[1]=9.33337e-07
 Nonlinear solver converged at step 1

F_norms[0]=9.67831e-05		 etas[0]=0			 n_its[0]=782
F_norms[1]=9.33337e-07		 etas[1]=0			 n_its[1]=0
Computing Surface fluxes...
Computing Kinetic Energy...
======= Finished time step     2 time=0.02 dt=0.01 =======


======= Starting time step     3 time=0.02 dt=0.01 =======
F_norms[0]=0.000201933
 ------------------------------------------------------------------------------
| Porous Media Performance: Alive time=183.695, Active time=166.061            |
 ------------------------------------------------------------------------------
| Event                         nCalls    Total       Avg         Percent of   |
|                                         Time        Time        Active Time  |
|------------------------------------------------------------------------------|
|                                                                              |
| assemble                      5         5.5795      1.115902    3.36         |
| assemble + linear solve       3         160.4812    53.493719   96.64        |
 ------------------------------------------------------------------------------
| Totals:                       8         166.0607                100.00       |
 ------------------------------------------------------------------------------

Linear solver converged at step: 777, final residual: 4.20814e-11  ||u - u_old|| = 1.99902
F_norms[1]=3.53602e-06
 Nonlinear solver converged at step 1

F_norms[0]=0.000201933		 etas[0]=0			 n_its[0]=777
F_norms[1]=3.53602e-06		 etas[1]=0			 n_its[1]=0
 |TE|_oo = 0
 Scaling timestep by 1
--------------------------------------------------------------------------
Computing Surface fluxes...
Computing Kinetic Energy...
======= Finished time step     3 time=0.03 dt=0.01 =======


======= Starting time step     4 time=0.03 dt=0.01 =======
F_norms[0]=0.000424312
 ------------------------------------------------------------------------------
| Porous Media Performance: Alive time=223.433, Active time=204.795            |
 ------------------------------------------------------------------------------
| Event                         nCalls    Total       Avg         Percent of   |
|                                         Time        Time        Active Time  |
|------------------------------------------------------------------------------|
|                                                                              |
| assemble                      7         7.8082      1.115463    3.81         |
| assemble + linear solve       4         196.9868    49.246688   96.19        |
 ------------------------------------------------------------------------------
| Totals:                       11        204.7950                100.00       |
 ------------------------------------------------------------------------------

Linear solver converged at step: 809, final residual: 9.56404e-11  ||u - u_old|| = 4.15597
F_norms[1]=1.52985e-05
 ------------------------------------------------------------------------------
| Porous Media Performance: Alive time=261.225, Active time=242.552            |
 ------------------------------------------------------------------------------
| Event                         nCalls    Total       Avg         Percent of   |
|                                         Time        Time        Active Time  |
|------------------------------------------------------------------------------|
|                                                                              |
| assemble                      8         8.9232      1.115405    3.68         |
| assemble + linear solve       5         233.6286    46.725721   96.32        |
 ------------------------------------------------------------------------------
| Totals:                       13        242.5518                100.00       |
 ------------------------------------------------------------------------------

Linear solver converged at step: 812, final residual: 4.13752e-12  ||u - u_old|| = 0.0454213
F_norms[2]=3.81825e-07
 Nonlinear solver converged at step 2

F_norms[0]=0.000424312		 etas[0]=0			 n_its[0]=809
F_norms[1]=1.52985e-05		 etas[1]=0			 n_its[1]=812
F_norms[2]=3.81825e-07		 etas[2]=0			 n_its[2]=0
 |TE|_oo = 0
 Scaling timestep by 1
--------------------------------------------------------------------------
Computing Surface fluxes...
Computing Kinetic Energy...
======= Finished time step     4 time=0.04 dt=0.01 =======


======= Starting time step     5 time=0.04 dt=0.01 =======
F_norms[0]=0.000888959
 ------------------------------------------------------------------------------
| Porous Media Performance: Alive time=298.632, Active time=278.949            |
 ------------------------------------------------------------------------------
| Event                         nCalls    Total       Avg         Percent of   |
|                                         Time        Time        Active Time  |
|------------------------------------------------------------------------------|
|                                                                              |
| assemble                      10        11.1499     1.114993    4.00         |
| assemble + linear solve       6         267.7995    44.633246   96.00        |
 ------------------------------------------------------------------------------
| Totals:                       16        278.9494                100.00       |
 ------------------------------------------------------------------------------

Linear solver converged at step: 757, final residual: 1.11528e-10  ||u - u_old|| = 8.736
F_norms[1]=6.75621e-05
 ------------------------------------------------------------------------------
| Porous Media Performance: Alive time=334.887, Active time=315.17             |
 ------------------------------------------------------------------------------
| Event                         nCalls    Total       Avg         Percent of   |
|                                         Time        Time        Active Time  |
|------------------------------------------------------------------------------|
|                                                                              |
| assemble                      11        12.2616     1.114692    3.89         |
| assemble + linear solve       7         302.9086    43.272651   96.11        |
 ------------------------------------------------------------------------------
| Totals:                       18        315.1702                100.00       |
 ------------------------------------------------------------------------------

Linear solver converged at step: 778, final residual: 1.99518e-11  ||u - u_old|| = 0.212696
F_norms[2]=7.119e-07
 Nonlinear solver converged at step 2

F_norms[0]=0.000888959		 etas[0]=0			 n_its[0]=757
F_norms[1]=6.75621e-05		 etas[1]=0			 n_its[1]=778
F_norms[2]=7.119e-07		 etas[2]=0			 n_its[2]=0
 |TE|_oo = 0
 Scaling timestep by 1
--------------------------------------------------------------------------
Computing Surface fluxes...
Computing Kinetic Energy...
======= Finished time step     5 time=0.05 dt=0.01 =======


======= Starting time step     6 time=0.05 dt=0.01 =======
F_norms[0]=0.00187427
 ------------------------------------------------------------------------------
| Porous Media Performance: Alive time=375.068, Active time=354.349            |
 ------------------------------------------------------------------------------
| Event                         nCalls    Total       Avg         Percent of   |
|                                         Time        Time        Active Time  |
|------------------------------------------------------------------------------|
|                                                                              |
| assemble                      13        14.4872     1.114402    4.09         |
| assemble + linear solve       8         339.8621    42.482766   95.91        |
 ------------------------------------------------------------------------------
| Totals:                       21        354.3494                100.00       |
 ------------------------------------------------------------------------------

Linear solver converged at step: 819, final residual: 5.56804e-10  ||u - u_old|| = 19.0615
F_norms[1]=0.00031912
 ------------------------------------------------------------------------------
| Porous Media Performance: Alive time=413.853, Active time=393.103            |
 ------------------------------------------------------------------------------
| Event                         nCalls    Total       Avg         Percent of   |
|                                         Time        Time        Active Time  |
|------------------------------------------------------------------------------|
|                                                                              |
| assemble                      14        15.6010     1.114361    3.97         |
| assemble + linear solve       9         377.5019    41.944650   96.03        |
 ------------------------------------------------------------------------------
| Totals:                       23        393.1029                100.00       |
 ------------------------------------------------------------------------------

Linear solver converged at step: 834, final residual: 6.0522e-11  ||u - u_old|| = 1.2505
F_norms[2]=2.13731e-06
 Nonlinear solver converged at step 2

F_norms[0]=0.00187427		 etas[0]=0			 n_its[0]=819
F_norms[1]=0.00031912		 etas[1]=0			 n_its[1]=834
F_norms[2]=2.13731e-06		 etas[2]=0			 n_its[2]=0
 |TE|_oo = 0
 Scaling timestep by 1
--------------------------------------------------------------------------
Computing Surface fluxes...
Computing Kinetic Energy...
======= Finished time step     6 time=0.06 dt=0.01 =======


======= Starting time step     7 time=0.06 dt=0.01 =======
F_norms[0]=0.00411452
 ------------------------------------------------------------------------------
| Porous Media Performance: Alive time=455.617, Active time=433.848            |
 ------------------------------------------------------------------------------
| Event                         nCalls    Total       Avg         Percent of   |
|                                         Time        Time        Active Time  |
|------------------------------------------------------------------------------|
|                                                                              |
| assemble                      16        17.8215     1.113843    4.11         |
| assemble + linear solve       10        416.0263    41.602632   95.89        |
 ------------------------------------------------------------------------------
| Totals:                       26        433.8478                100.00       |
 ------------------------------------------------------------------------------

Linear solver converged at step: 854, final residual: 9.7077e-10  ||u - u_old|| = 49.2018
F_norms[1]=0.00205492
 ------------------------------------------------------------------------------
| Porous Media Performance: Alive time=503.322, Active time=481.518            |
 ------------------------------------------------------------------------------
| Event                         nCalls    Total       Avg         Percent of   |
|                                         Time        Time        Active Time  |
|------------------------------------------------------------------------------|
|                                                                              |
| assemble                      17        18.9286     1.113445    3.93         |
| assemble + linear solve       11        462.5896    42.053601   96.07        |
 ------------------------------------------------------------------------------
| Totals:                       28        481.5182                100.00       |
 ------------------------------------------------------------------------------

Linear solver converged at step: 1033, final residual: 6.37846e-10  ||u - u_old|| = 16.4771
F_norms[2]=0.000264861
 ------------------------------------------------------------------------------
| Porous Media Performance: Alive time=552.03, Active time=530.19              |
 ------------------------------------------------------------------------------
| Event                         nCalls    Total       Avg         Percent of   |
|                                         Time        Time        Active Time  |
|------------------------------------------------------------------------------|
|                                                                              |
| assemble                      18        20.0364     1.113132    3.78         |
| assemble + linear solve       12        510.1539    42.512825   96.22        |
 ------------------------------------------------------------------------------
| Totals:                       30        530.1903                100.00       |
 ------------------------------------------------------------------------------

Linear solver converged at step: 1055, final residual: 6.83017e-11  ||u - u_old|| = 1.88914
F_norms[3]=1.78134e-06
 Nonlinear solver converged at step 3

F_norms[0]=0.00411452		 etas[0]=0			 n_its[0]=854
F_norms[1]=0.00205492		 etas[1]=0			 n_its[1]=1033
F_norms[2]=0.000264861		 etas[2]=0			 n_its[2]=1055
F_norms[3]=1.78134e-06		 etas[3]=0			 n_its[3]=0
 |TE|_oo = 0
 Scaling timestep by 1
--------------------------------------------------------------------------
Computing Surface fluxes...
Computing Kinetic Energy...
======= Finished time step     7 time=0.07 dt=0.01 =======


======= Starting time step     8 time=0.07 dt=0.01 =======
F_norms[0]=0.0114424
 ------------------------------------------------------------------------------
| Porous Media Performance: Alive time=603.763, Active time=580.929            |
 ------------------------------------------------------------------------------
| Event                         nCalls    Total       Avg         Percent of   |
|                                         Time        Time        Active Time  |
|------------------------------------------------------------------------------|
|                                                                              |
| assemble                      20        22.2665     1.113325    3.83         |
| assemble + linear solve       13        558.6629    42.974066   96.17        |
 ------------------------------------------------------------------------------
| Totals:                       33        580.9294                100.00       |
 ------------------------------------------------------------------------------

Linear solver converged at step: 1076, final residual: 2.3605e-09  ||u - u_old|| = 323.513
F_norms[1]=0.0666911
 ------------------------------------------------------------------------------
| Porous Media Performance: Alive time=694.98, Active time=672.123             |
 ------------------------------------------------------------------------------
| Event                         nCalls    Total       Avg         Percent of   |
|                                         Time        Time        Active Time  |
|------------------------------------------------------------------------------|
|                                                                              |
| assemble                      21        23.3902     1.113820    3.48         |
| assemble + linear solve       14        648.7324    46.338028   96.52        |
 ------------------------------------------------------------------------------
| Totals:                       35        672.1226                100.00       |
 ------------------------------------------------------------------------------

Linear solver converged at step: 2000, final residual: 2.25967e-06  ||u - u_old|| = 150.813
F_norms[2]=0.0108566
 ------------------------------------------------------------------------------
| Porous Media Performance: Alive time=782.855, Active time=759.97             |
 ------------------------------------------------------------------------------
| Event                         nCalls    Total       Avg         Percent of   |
|                                         Time        Time        Active Time  |
|------------------------------------------------------------------------------|
|                                                                              |
| assemble                      22        24.5140     1.114271    3.23         |
| assemble + linear solve       15        735.4563    49.030419   96.77        |
 ------------------------------------------------------------------------------
| Totals:                       37        759.9702                100.00       |
 ------------------------------------------------------------------------------

Linear solver converged at step: 1927, final residual: 2.98184e-09  ||u - u_old|| = 84.7886
F_norms[3]=0.00106724
 ------------------------------------------------------------------------------
| Porous Media Performance: Alive time=874.072, Active time=851.163            |
 ------------------------------------------------------------------------------
| Event                         nCalls    Total       Avg         Percent of   |
|                                         Time        Time        Active Time  |
|------------------------------------------------------------------------------|
|                                                                              |
| assemble                      23        25.6376     1.114679    3.01         |
| assemble + linear solve       16        825.5258    51.595361   96.99        |
 ------------------------------------------------------------------------------
| Totals:                       39        851.1634                100.00       |
 ------------------------------------------------------------------------------

Linear solver converged at step: 2000, final residual: 5.82335e-09  ||u - u_old|| = 8.0635
F_norms[4]=1.76524e-05
 ------------------------------------------------------------------------------
| Porous Media Performance: Alive time=965.281, Active time=942.349            |
 ------------------------------------------------------------------------------
| Event                         nCalls    Total       Avg         Percent of   |
|                                         Time        Time        Active Time  |
|------------------------------------------------------------------------------|
|                                                                              |
| assemble                      24        26.7612     1.115052    2.84         |
| assemble + linear solve       17        915.5875    53.858089   97.16        |
 ------------------------------------------------------------------------------
| Totals:                       41        942.3488                100.00       |
 ------------------------------------------------------------------------------

Linear solver converged at step: 2000, final residual: 3.35675e-11  ||u - u_old|| = 0.0960079
F_norms[5]=6.52725e-07
 Nonlinear solver converged at step 5

F_norms[0]=0.0114424		 etas[0]=0			 n_its[0]=1076
F_norms[1]=0.0666911		 etas[1]=0			 n_its[1]=2000
F_norms[2]=0.0108566		 etas[2]=0			 n_its[2]=1927
F_norms[3]=0.00106724		 etas[3]=0			 n_its[3]=2000
F_norms[4]=1.76524e-05		 etas[4]=0			 n_its[4]=2000
F_norms[5]=6.52725e-07		 etas[5]=0			 n_its[5]=0
 |TE|_oo = 0
 Scaling timestep by 1
--------------------------------------------------------------------------
Computing Surface fluxes...
Computing Kinetic Energy...
======= Finished time step     8 time=0.08 dt=0.01 =======


======= Starting time step     9 time=0.08 dt=0.01 =======
F_norms[0]=0.0316961
 ------------------------------------------------------------------------------
| Porous Media Performance: Alive time=1056.45, Active time=1032.52            |
 ------------------------------------------------------------------------------
| Event                         nCalls    Total       Avg         Percent of   |
|                                         Time        Time        Active Time  |
|------------------------------------------------------------------------------|
|                                                                              |
| assemble                      26        28.9943     1.115165    2.81         |
| assemble + linear solve       18        1003.5255   55.751416   97.19        |
 ------------------------------------------------------------------------------
| Totals:                       44        1032.5198               100.00       |
 ------------------------------------------------------------------------------

Linear solver converged at step: 1953, final residual: 5.22468e-09  ||u - u_old|| = 967.706
F_norms[1]=0.0670379
 ------------------------------------------------------------------------------
| Porous Media Performance: Alive time=1147.64, Active time=1123.68            |
 ------------------------------------------------------------------------------
| Event                         nCalls    Total       Avg         Percent of   |
|                                         Time        Time        Active Time  |
|------------------------------------------------------------------------------|
|                                                                              |
| assemble                      27        30.1054     1.115013    2.68         |
| assemble + linear solve       19        1093.5765   57.556661   97.32        |
 ------------------------------------------------------------------------------
| Totals:                       46        1123.6819               100.00       |
 ------------------------------------------------------------------------------

Linear solver converged at step: 2000, final residual: 4.327e-08  ||u - u_old|| = 283.84
F_norms[2]=0.01134
 ------------------------------------------------------------------------------
| Porous Media Performance: Alive time=1223.58, Active time=1199.59            |
 ------------------------------------------------------------------------------
| Event                         nCalls    Total       Avg         Percent of   |
|                                         Time        Time        Active Time  |
|------------------------------------------------------------------------------|
|                                                                              |
| assemble                      28        31.2164     1.114870    2.60         |
| assemble + linear solve       20        1168.3760   58.418800   97.40        |
 ------------------------------------------------------------------------------
| Totals:                       48        1199.5924               100.00       |
 ------------------------------------------------------------------------------

Linear solver converged at step: 1661, final residual: 2.63947e-09  ||u - u_old|| = 35.2215
F_norms[3]=0.000496707
 ------------------------------------------------------------------------------
| Porous Media Performance: Alive time=1300.08, Active time=1276.06            |
 ------------------------------------------------------------------------------
| Event                         nCalls    Total       Avg         Percent of   |
|                                         Time        Time        Active Time  |
|------------------------------------------------------------------------------|
|                                                                              |
| assemble                      29        32.3277     1.114749    2.53         |
| assemble + linear solve       21        1243.7291   59.225196   97.47        |
 ------------------------------------------------------------------------------
| Totals:                       50        1276.0568               100.00       |
 ------------------------------------------------------------------------------

Linear solver converged at step: 1674, final residual: 3.44442e-11  ||u - u_old|| = 1.03039
F_norms[4]=1.36338e-06
 Nonlinear solver converged at step 4

F_norms[0]=0.0316961		 etas[0]=0			 n_its[0]=1953
F_norms[1]=0.0670379		 etas[1]=0			 n_its[1]=2000
F_norms[2]=0.01134		 etas[2]=0			 n_its[2]=1661
F_norms[3]=0.000496707		 etas[3]=0			 n_its[3]=1674
F_norms[4]=1.36338e-06		 etas[4]=0			 n_its[4]=0
 |TE|_oo = 0
 Scaling timestep by 1
--------------------------------------------------------------------------
Computing Surface fluxes...
Computing Kinetic Energy...
======= Finished time step     9 time=0.09 dt=0.01 =======


======= Starting time step    10 time=0.09 dt=0.01 =======
F_norms[0]=0.032147
 ------------------------------------------------------------------------------
| Porous Media Performance: Alive time=1393.39, Active time=1368.34            |
 ------------------------------------------------------------------------------
| Event                         nCalls    Total       Avg         Percent of   |
|                                         Time        Time        Active Time  |
|------------------------------------------------------------------------------|
|                                                                              |
| assemble                      31        34.5542     1.114651    2.53         |
| assemble + linear solve       22        1333.7905   60.626840   97.47        |
 ------------------------------------------------------------------------------
| Totals:                       53        1368.3447               100.00       |
 ------------------------------------------------------------------------------

Linear solver converged at step: 2000, final residual: 4.46424e-08  ||u - u_old|| = 515.861
F_norms[1]=0.00484342
 ------------------------------------------------------------------------------
| Porous Media Performance: Alive time=1463.76, Active time=1438.68            |
 ------------------------------------------------------------------------------
| Event                         nCalls    Total       Avg         Percent of   |
|                                         Time        Time        Active Time  |
|------------------------------------------------------------------------------|
|                                                                              |
| assemble                      32        35.6688     1.114651    2.48         |
| assemble + linear solve       23        1403.0130   61.000565   97.52        |
 ------------------------------------------------------------------------------
| Totals:                       55        1438.6818               100.00       |
 ------------------------------------------------------------------------------

Linear solver converged at step: 1540, final residual: 1.11671e-09  ||u - u_old|| = 18.8018
F_norms[2]=7.33159e-05
 ------------------------------------------------------------------------------
| Porous Media Performance: Alive time=1537.65, Active time=1512.54            |
 ------------------------------------------------------------------------------
| Event                         nCalls    Total       Avg         Percent of   |
|                                         Time        Time        Active Time  |
|------------------------------------------------------------------------------|
|                                                                              |
| assemble                      33        36.7837     1.114657    2.43         |
| assemble + linear solve       24        1475.7548   61.489783   97.57        |
 ------------------------------------------------------------------------------
| Totals:                       57        1512.5385               100.00       |
 ------------------------------------------------------------------------------

Linear solver converged at step: 1620, final residual: 2.03827e-11  ||u - u_old|| = 0.0736609
F_norms[3]=6.10221e-07
 Nonlinear solver converged at step 3

F_norms[0]=0.032147		 etas[0]=0			 n_its[0]=2000
F_norms[1]=0.00484342		 etas[1]=0			 n_its[1]=1540
F_norms[2]=7.33159e-05		 etas[2]=0			 n_its[2]=1620
F_norms[3]=6.10221e-07		 etas[3]=0			 n_its[3]=0
 |TE|_oo = 0
 Scaling timestep by 1
--------------------------------------------------------------------------
Computing Surface fluxes...
Computing Kinetic Energy...
======= Finished time step    10 time=0.1 dt=0.01 =======


======= Starting time step    11 time=0.1 dt=0.01 =======
F_norms[0]=0.0192593
 ------------------------------------------------------------------------------
| Porous Media Performance: Alive time=1632.65, Active time=1594.28            |
 ------------------------------------------------------------------------------
| Event                         nCalls    Total       Avg         Percent of   |
|                                         Time        Time        Active Time  |
|------------------------------------------------------------------------------|
|                                                                              |
| assemble                      35        39.0096     1.114560    2.45         |
| assemble + linear solve       25        1555.2710   62.210841   97.55        |
 ------------------------------------------------------------------------------
| Totals:                       60        1594.2806               100.00       |
 ------------------------------------------------------------------------------

Linear solver converged at step: 1771, final residual: 1.73104e-09  ||u - u_old|| = 205.025
F_norms[1]=0.00081507
 ------------------------------------------------------------------------------
| Porous Media Performance: Alive time=1724.06, Active time=1685.66            |
 ------------------------------------------------------------------------------
| Event                         nCalls    Total       Avg         Percent of   |
|                                         Time        Time        Active Time  |
|------------------------------------------------------------------------------|
|                                                                              |
| assemble                      36        40.1204     1.114456    2.38         |
| assemble + linear solve       26        1645.5400   63.289999   97.62        |
 ------------------------------------------------------------------------------
| Totals:                       62        1685.6604               100.00       |
 ------------------------------------------------------------------------------

Linear solver converged at step: 2000, final residual: 8.17957e-10  ||u - u_old|| = 9.91211
F_norms[2]=2.86967e-06
 Nonlinear solver converged at step 2

F_norms[0]=0.0192593		 etas[0]=0			 n_its[0]=1771
F_norms[1]=0.00081507		 etas[1]=0			 n_its[1]=2000
F_norms[2]=2.86967e-06		 etas[2]=0			 n_its[2]=0
 |TE|_oo = 0
 Scaling timestep by 1
--------------------------------------------------------------------------
Computing Surface fluxes...
Computing Kinetic Energy...
======= Finished time step    11 time=0.11 dt=0.01 =======


======= Starting time step    12 time=0.11 dt=0.01 =======
F_norms[0]=0.00844735
 ------------------------------------------------------------------------------
| Porous Media Performance: Alive time=1817.31, Active time=1777.91            |
 ------------------------------------------------------------------------------
| Event                         nCalls    Total       Avg         Percent of   |
|                                         Time        Time        Active Time  |
|------------------------------------------------------------------------------|
|                                                                              |
| assemble                      38        42.3420     1.114263    2.38         |
| assemble + linear solve       27        1735.5663   64.280233   97.62        |
 ------------------------------------------------------------------------------
| Totals:                       65        1777.9083               100.00       |
 ------------------------------------------------------------------------------

Linear solver converged at step: 2000, final residual: 1.07749e-09  ||u - u_old|| = 49.5443
F_norms[1]=0.000277177
 ------------------------------------------------------------------------------
| Porous Media Performance: Alive time=1901.53, Active time=1862.1             |
 ------------------------------------------------------------------------------
| Event                         nCalls    Total       Avg         Percent of   |
|                                         Time        Time        Active Time  |
|------------------------------------------------------------------------------|
|                                                                              |
| assemble                      39        43.4518     1.114150    2.33         |
| assemble + linear solve       28        1818.6508   64.951816   97.67        |
 ------------------------------------------------------------------------------
| Totals:                       67        1862.1027               100.00       |
 ------------------------------------------------------------------------------

Linear solver converged at step: 1850, final residual: 4.41065e-11  ||u - u_old|| = 3.33027
F_norms[2]=5.05573e-07
 Nonlinear solver converged at step 2

F_norms[0]=0.00844735		 etas[0]=0			 n_its[0]=2000
F_norms[1]=0.000277177		 etas[1]=0			 n_its[1]=1850
F_norms[2]=5.05573e-07		 etas[2]=0			 n_its[2]=0
 |TE|_oo = 0
 Scaling timestep by 1
--------------------------------------------------------------------------
Computing Surface fluxes...
Computing Kinetic Energy...
======= Finished time step    12 time=0.12 dt=0.01 =======


======= Starting time step    13 time=0.12 dt=0.01 =======
F_norms[0]=0.00349537
 ------------------------------------------------------------------------------
| Porous Media Performance: Alive time=1982.6, Active time=1942.17             |
 ------------------------------------------------------------------------------
| Event                         nCalls    Total       Avg         Percent of   |
|                                         Time        Time        Active Time  |
|------------------------------------------------------------------------------|
|                                                                              |
| assemble                      41        45.6752     1.114028    2.35         |
| assemble + linear solve       29        1896.4939   65.396340   97.65        |
 ------------------------------------------------------------------------------
| Totals:                       70        1942.1690               100.00       |
 ------------------------------------------------------------------------------

Linear solver converged at step: 1727, final residual: 2.35432e-10  ||u - u_old|| = 40.033
F_norms[1]=0.000104265
 ------------------------------------------------------------------------------
| Porous Media Performance: Alive time=2058.22, Active time=2017.77            |
 ------------------------------------------------------------------------------
| Event                         nCalls    Total       Avg         Percent of   |
|                                         Time        Time        Active Time  |
|------------------------------------------------------------------------------|
|                                                                              |
| assemble                      42        46.7890     1.114025    2.32         |
| assemble + linear solve       30        1970.9770   65.699233   97.68        |
 ------------------------------------------------------------------------------
| Totals:                       72        2017.7660               100.00       |
 ------------------------------------------------------------------------------

Linear solver converged at step: 1655, final residual: 9.92022e-12  ||u - u_old|| = 0.510158
F_norms[2]=5.44677e-07
 Nonlinear solver converged at step 2

F_norms[0]=0.00349537		 etas[0]=0			 n_its[0]=1727
F_norms[1]=0.000104265		 etas[1]=0			 n_its[1]=1655
F_norms[2]=5.44677e-07		 etas[2]=0			 n_its[2]=0
 |TE|_oo = 0
 Scaling timestep by 1
--------------------------------------------------------------------------
Computing Surface fluxes...
Computing Kinetic Energy...
======= Finished time step    13 time=0.13 dt=0.01 =======


======= Starting time step    14 time=0.13 dt=0.01 =======
F_norms[0]=0.00239997
 ------------------------------------------------------------------------------
| Porous Media Performance: Alive time=2151.25, Active time=2109.79            |
 ------------------------------------------------------------------------------
| Event                         nCalls    Total       Avg         Percent of   |
|                                         Time        Time        Active Time  |
|------------------------------------------------------------------------------|
|                                                                              |
| assemble                      44        49.0116     1.113900    2.32         |
| assemble + linear solve       31        2060.7828   66.476866   97.68        |
 ------------------------------------------------------------------------------
| Totals:                       75        2109.7944               100.00       |
 ------------------------------------------------------------------------------

Linear solver converged at step: 2000, final residual: 2.87446e-10  ||u - u_old|| = 42.7928
F_norms[1]=3.56335e-05
 ------------------------------------------------------------------------------
| Porous Media Performance: Alive time=2224.39, Active time=2182.9             |
 ------------------------------------------------------------------------------
| Event                         nCalls    Total       Avg         Percent of   |
|                                         Time        Time        Active Time  |
|------------------------------------------------------------------------------|
|                                                                              |
| assemble                      45        50.1210     1.113799    2.30         |
| assemble + linear solve       32        2132.7803   66.649385   97.70        |
 ------------------------------------------------------------------------------
| Totals:                       77        2182.9013               100.00       |
 ------------------------------------------------------------------------------

Linear solver converged at step: 1599, final residual: 5.50935e-12  ||u - u_old|| = 0.320905
F_norms[2]=1.12602e-06
 Nonlinear solver converged at step 2

F_norms[0]=0.00239997		 etas[0]=0			 n_its[0]=2000
F_norms[1]=3.56335e-05		 etas[1]=0			 n_its[1]=1599
F_norms[2]=1.12602e-06		 etas[2]=0			 n_its[2]=0
 |TE|_oo = 0
 Scaling timestep by 1
--------------------------------------------------------------------------
Computing Surface fluxes...
Computing Kinetic Energy...
======= Finished time step    14 time=0.14 dt=0.01 =======


======= Starting time step    15 time=0.14 dt=0.01 =======
F_norms[0]=0.00183159
 ------------------------------------------------------------------------------
| Porous Media Performance: Alive time=2304.92, Active time=2262.42            |
 ------------------------------------------------------------------------------
| Event                         nCalls    Total       Avg         Percent of   |
|                                         Time        Time        Active Time  |
|------------------------------------------------------------------------------|
|                                                                              |
| assemble                      47        52.3411     1.113640    2.31         |
| assemble + linear solve       33        2210.0820   66.972181   97.69        |
 ------------------------------------------------------------------------------
| Totals:                       80        2262.4230               100.00       |
 ------------------------------------------------------------------------------

Linear solver converged at step: 1721, final residual: 8.69603e-11  ||u - u_old|| = 29.3252
F_norms[1]=8.78022e-06
 Nonlinear solver converged at step 1

F_norms[0]=0.00183159		 etas[0]=0			 n_its[0]=1721
F_norms[1]=8.78022e-06		 etas[1]=0			 n_its[1]=0
 |TE|_oo = 0
 Scaling timestep by 1
--------------------------------------------------------------------------
Computing Surface fluxes...
Computing Kinetic Energy...
======= Finished time step    15 time=0.15 dt=0.01 =======


======= Starting time step    16 time=0.15 dt=0.01 =======
F_norms[0]=0.00113112
 ------------------------------------------------------------------------------
| Porous Media Performance: Alive time=2397.96, Active time=2354.46            |
 ------------------------------------------------------------------------------
| Event                         nCalls    Total       Avg         Percent of   |
|                                         Time        Time        Active Time  |
|------------------------------------------------------------------------------|
|                                                                              |
| assemble                      49        54.5578     1.113424    2.32         |
| assemble + linear solve       34        2299.9018   67.644171   97.68        |
 ------------------------------------------------------------------------------
| Totals:                       83        2354.4596               100.00       |
 ------------------------------------------------------------------------------

Linear solver converged at step: 2000, final residual: 8.41669e-10  ||u - u_old|| = 14.1531
F_norms[1]=2.83412e-06
 Nonlinear solver converged at step 1

F_norms[0]=0.00113112		 etas[0]=0			 n_its[0]=2000
F_norms[1]=2.83412e-06		 etas[1]=0			 n_its[1]=0
 |TE|_oo = 0
 Scaling timestep by 1
--------------------------------------------------------------------------
Computing Surface fluxes...
Computing Kinetic Energy...
======= Finished time step    16 time=0.16 dt=0.01 =======


======= Starting time step    17 time=0.16 dt=0.01 =======
F_norms[0]=0.000554245
 ------------------------------------------------------------------------------
| Porous Media Performance: Alive time=2479.26, Active time=2434.76            |
 ------------------------------------------------------------------------------
| Event                         nCalls    Total       Avg         Percent of   |
|                                         Time        Time        Active Time  |
|------------------------------------------------------------------------------|
|                                                                              |
| assemble                      51        56.7784     1.113301    2.33         |
| assemble + linear solve       35        2377.9833   67.942379   97.67        |
 ------------------------------------------------------------------------------
| Totals:                       86        2434.7616               100.00       |
 ------------------------------------------------------------------------------

Linear solver converged at step: 1736, final residual: 2.44697e-11  ||u - u_old|| = 4.15466
F_norms[1]=1.87888e-06
 Nonlinear solver converged at step 1

F_norms[0]=0.000554245		 etas[0]=0			 n_its[0]=1736
F_norms[1]=1.87888e-06		 etas[1]=0			 n_its[1]=0
 |TE|_oo = 0
 Scaling timestep by 1
--------------------------------------------------------------------------
Computing Surface fluxes...
Computing Kinetic Energy...
======= Finished time step    17 time=0.17 dt=0.01 =======


======= Starting time step    18 time=0.17 dt=0.01 =======
F_norms[0]=0.000236376
 ------------------------------------------------------------------------------
| Porous Media Performance: Alive time=2572.61, Active time=2526.91            |
 ------------------------------------------------------------------------------
| Event                         nCalls    Total       Avg         Percent of   |
|                                         Time        Time        Active Time  |
|------------------------------------------------------------------------------|
|                                                                              |
| assemble                      53        59.0001     1.113209    2.33         |
| assemble + linear solve       36        2467.9148   68.553189   97.67        |
 ------------------------------------------------------------------------------
| Totals:                       89        2526.9149               100.00       |
 ------------------------------------------------------------------------------

Linear solver converged at step: 2000, final residual: 3.4341e-11  ||u - u_old|| = 2.2531
F_norms[1]=7.13867e-07
 Nonlinear solver converged at step 1

F_norms[0]=0.000236376		 etas[0]=0			 n_its[0]=2000
F_norms[1]=7.13867e-07		 etas[1]=0			 n_its[1]=0
 |TE|_oo = 0
 Scaling timestep by 1
--------------------------------------------------------------------------
Computing Surface fluxes...
Computing Kinetic Energy...
======= Finished time step    18 time=0.18 dt=0.01 =======


======= Starting time step    19 time=0.18 dt=0.01 =======
F_norms[0]=0.000153747
 ------------------------------------------------------------------------------
| Porous Media Performance: Alive time=2665.89, Active time=2619.18            |
 ------------------------------------------------------------------------------
| Event                         nCalls    Total       Avg         Percent of   |
|                                         Time        Time        Active Time  |
|------------------------------------------------------------------------------|
|                                                                              |
| assemble                      55        61.2159     1.113017    2.34         |
| assemble + linear solve       37        2557.9690   69.134298   97.66        |
 ------------------------------------------------------------------------------
| Totals:                       92        2619.1850               100.00       |
 ------------------------------------------------------------------------------

Linear solver converged at step: 2000, final residual: 2.42095e-11  ||u - u_old|| = 2.80321
F_norms[1]=1.81823e-06
 Nonlinear solver converged at step 1

F_norms[0]=0.000153747		 etas[0]=0			 n_its[0]=2000
F_norms[1]=1.81823e-06		 etas[1]=0			 n_its[1]=0
 |TE|_oo = 0
 Scaling timestep by 1
--------------------------------------------------------------------------
Computing Surface fluxes...
Computing Kinetic Energy...
======= Finished time step    19 time=0.19 dt=0.01 =======


======= Starting time step    20 time=0.19 dt=0.01 =======
F_norms[0]=0.000123941
 ------------------------------------------------------------------------------
| Porous Media Performance: Alive time=2740.52, Active time=2692.82            |
 ------------------------------------------------------------------------------
| Event                         nCalls    Total       Avg         Percent of   |
|                                         Time        Time        Active Time  |
|------------------------------------------------------------------------------|
|                                                                              |
| assemble                      57        63.4384     1.112954    2.36         |
| assemble + linear solve       38        2629.3774   69.194142   97.64        |
 ------------------------------------------------------------------------------
| Totals:                       95        2692.8158               100.00       |
 ------------------------------------------------------------------------------

Linear solver converged at step: 1589, final residual: 4.95658e-12  ||u - u_old|| = 2.07179
F_norms[1]=1.51938e-06
 Nonlinear solver converged at step 1

F_norms[0]=0.000123941		 etas[0]=0			 n_its[0]=1589
F_norms[1]=1.51938e-06		 etas[1]=0			 n_its[1]=0
 |TE|_oo = 0
 Scaling timestep by 1
--------------------------------------------------------------------------
Computing Surface fluxes...
Computing Kinetic Energy...
======= Finished time step    20 time=0.2 dt=0.01 =======


======= Starting time step    21 time=0.2 dt=0.01 =======
F_norms[0]=8.07954e-05
 ------------------------------------------------------------------------------
| Porous Media Performance: Alive time=2845.23, Active time=2769.57            |
 ------------------------------------------------------------------------------
| Event                         nCalls    Total       Avg         Percent of   |
|                                         Time        Time        Active Time  |
|------------------------------------------------------------------------------|
|                                                                              |
| assemble                      59        65.6670     1.113001    2.37         |
| assemble + linear solve       39        2703.9060   69.330923   97.63        |
 ------------------------------------------------------------------------------
| Totals:                       98        2769.5730               100.00       |
 ------------------------------------------------------------------------------

Linear solver converged at step: 1656, final residual: 3.56373e-12  ||u - u_old|| = 1.06611
F_norms[1]=1.21684e-06
 Nonlinear solver converged at step 1

F_norms[0]=8.07954e-05		 etas[0]=0			 n_its[0]=1656
F_norms[1]=1.21684e-06		 etas[1]=0			 n_its[1]=0
 |TE|_oo = 0
 Scaling timestep by 1
--------------------------------------------------------------------------
Computing Surface fluxes...
Computing Kinetic Energy...
======= Finished time step    21 time=0.21 dt=0.01 =======


======= Starting time step    22 time=0.21 dt=0.01 =======
F_norms[0]=4.11631e-05
 ------------------------------------------------------------------------------
| Porous Media Performance: Alive time=2928.58, Active time=2851.92            |
 ------------------------------------------------------------------------------
| Event                         nCalls    Total       Avg         Percent of   |
|                                         Time        Time        Active Time  |
|------------------------------------------------------------------------------|
|                                                                              |
| assemble                      61        67.8917     1.112979    2.38         |
| assemble + linear solve       40        2784.0319   69.600796   97.62        |
 ------------------------------------------------------------------------------
| Totals:                       101       2851.9235               100.00       |
 ------------------------------------------------------------------------------

Linear solver converged at step: 1784, final residual: 1.78479e-12  ||u - u_old|| = 0.348243
F_norms[1]=9.27184e-07
 Nonlinear solver converged at step 1

F_norms[0]=4.11631e-05		 etas[0]=0			 n_its[0]=1784
F_norms[1]=9.27184e-07		 etas[1]=0			 n_its[1]=0
 |TE|_oo = 0
 Scaling timestep by 1
--------------------------------------------------------------------------
Computing Surface fluxes...
Computing Kinetic Energy...
======= Finished time step    22 time=0.22 dt=0.01 =======


======= Starting time step    23 time=0.22 dt=0.01 =======
F_norms[0]=1.74512e-05
 ------------------------------------------------------------------------------
| Porous Media Performance: Alive time=3021.57, Active time=2943.93            |
 ------------------------------------------------------------------------------
| Event                         nCalls    Total       Avg         Percent of   |
|                                         Time        Time        Active Time  |
|------------------------------------------------------------------------------|
|                                                                              |
| assemble                      63        70.1183     1.112988    2.38         |
| assemble + linear solve       41        2873.8133   70.093008   97.62        |
 ------------------------------------------------------------------------------
| Totals:                       104       2943.9316               100.00       |
 ------------------------------------------------------------------------------

Linear solver converged at step: 2000, final residual: 2.72391e-12  ||u - u_old|| = 0.130981
F_norms[1]=3.5223e-07
 Nonlinear solver converged at step 1

F_norms[0]=1.74512e-05		 etas[0]=0			 n_its[0]=2000
F_norms[1]=3.5223e-07		 etas[1]=0			 n_its[1]=0
 |TE|_oo = 0
 Scaling timestep by 1
--------------------------------------------------------------------------
Computing Surface fluxes...
Computing Kinetic Energy...
======= Finished time step    23 time=0.23 dt=0.01 =======


======= Starting time step    24 time=0.23 dt=0.01 =======
F_norms[0]=1.01653e-05
 ------------------------------------------------------------------------------
| Porous Media Performance: Alive time=3095.11, Active time=3016.48            |
 ------------------------------------------------------------------------------
| Event                         nCalls    Total       Avg         Percent of   |
|                                         Time        Time        Active Time  |
|------------------------------------------------------------------------------|
|                                                                              |
| assemble                      65        72.3488     1.113059    2.40         |
| assemble + linear solve       42        2944.1296   70.098324   97.60        |
 ------------------------------------------------------------------------------
| Totals:                       107       3016.4784               100.00       |
 ------------------------------------------------------------------------------

Linear solver converged at step: 1566, final residual: 5.83004e-13  ||u - u_old|| = 0.179464
F_norms[1]=5.37509e-07
 Nonlinear solver converged at step 1

F_norms[0]=1.01653e-05		 etas[0]=0			 n_its[0]=1566
F_norms[1]=5.37509e-07		 etas[1]=0			 n_its[1]=0
 |TE|_oo = 0
 Scaling timestep by 1
--------------------------------------------------------------------------
Computing Surface fluxes...
Computing Kinetic Energy...
======= Finished time step    24 time=0.24 dt=0.01 =======


======= Starting time step    25 time=0.24 dt=0.01 =======
F_norms[0]=8.30097e-06
 Nonlinear solver converged at step 0

F_norms[0]=8.30097e-06		 etas[0]=0			 n_its[0]=0
 |TE|_oo = 0
 Scaling timestep by 1
--------------------------------------------------------------------------
Computing Surface fluxes...
Computing Kinetic Energy...
======= Finished time step    25 time=0.25 dt=0.01 =======


Steady State Reached: Terminating Simulation.
 ------------------------------------------------------------------------------
| Porous Media Performance: Alive time=3112.12, Active time=3018.71            |
 ------------------------------------------------------------------------------
| Event                         nCalls    Total       Avg         Percent of   |
|                                         Time        Time        Active Time  |
|------------------------------------------------------------------------------|
|                                                                              |
| assemble                      67        74.5766     1.113084    2.47         |
| assemble + linear solve       42        2944.1296   70.098324   97.53        |
 ------------------------------------------------------------------------------
| Totals:                       109       3018.7062               100.00       |
 ------------------------------------------------------------------------------

************************************************************************************************************************
***             WIDEN YOUR WINDOW TO 120 CHARACTERS.  Use 'enscript -r -fCourier9' to print this document            ***
************************************************************************************************************************

---------------------------------------------- PETSc Performance Summary: ----------------------------------------------

./pm on a linux named columbia9 with 8 processors, by benkirk Thu Apr 20 18:47:31 2006
Using Petsc Version 2.2.0, Patch 0, Released Feb 27, 2004

                         Max       Max/Min        Avg      Total 
Time (sec):           3.115e+03      1.00277   3.112e+03
Objects:              0.000e+00      0.00000   0.000e+00
Flops:                5.333e+11      1.02764   5.240e+11  4.192e+12
Flops/sec:            1.712e+08      1.02647   1.684e+08  1.347e+09
MPI Messages:         6.585e+05      2.50000   4.280e+05  3.424e+06
MPI Message Lengths:  1.581e+09      2.07158   2.692e+03  9.219e+09
MPI Reductions:       2.487e+04      1.00000

Flop counting convention: 1 flop = 1 real number operation of type (multiply/divide/add/subtract)
                            e.g., VecAXPY() for real vectors of length N --> 2N flops
                            and VecAXPY() for complex vectors of length N --> 8N flops

Summary of Stages:   ----- Time ------  ----- Flops -----  --- Messages ---  -- Message Lengths --  -- Reductions --
                        Avg     %Total     Avg     %Total   counts   %Total     Avg         %Total   counts   %Total 
 0:      Main Stage: 3.1124e+03 100.0%  4.1921e+12 100.0%  3.424e+06 100.0%  2.692e+03      100.0%  1.989e+05 100.0% 

------------------------------------------------------------------------------------------------------------------------
See the 'Profiling' chapter of the users' manual for details on interpreting output.
Phase summary info:
   Count: number of times phase was executed
   Time and Flops/sec: Max - maximum over all processors
                       Ratio - ratio of maximum to minimum over all processors
   Mess: number of messages sent
   Avg. len: average message length
   Reduct: number of global reductions
   Global: entire computation
   Stage: stages of a computation. Set stages with PetscLogStagePush() and PetscLogStagePop().
      %T - percent time in this phase         %F - percent flops in this phase
      %M - percent messages in this phase     %L - percent message lengths in this phase
      %R - percent reductions in this phase
   Total Mflop/s: 10e-6 * (sum of flops over all processors)/(max time over all processors)
------------------------------------------------------------------------------------------------------------------------


      ##########################################################
      #                                                        #
      #                          WARNING!!!                    #
      #                                                        #
      #   This code was run without the PreLoadBegin()         #
      #   macros. To get timing results we always recommend    #
      #   preloading. otherwise timing numbers may be          #
      #   meaningless.                                         #
      ##########################################################


Event                Count      Time (sec)     Flops/sec                         --- Global ---  --- Stage ---   Total
                   Max Ratio  Max     Ratio   Max  Ratio  Mess   Avg len Reduct  %T %F %M %L %R  %T %F %M %L %R Mflop/s
------------------------------------------------------------------------------------------------------------------------

--- Event Stage 0: Main Stage

VecDot            131245 1.0 9.8324e+01 3.4 3.09e+08 3.4 0.0e+00 0.0e+00 1.3e+05  2  2  0  0 66   2  2  0  0 66   725
VecNorm            65792 1.0 8.2041e+01 3.8 2.09e+08 3.8 0.0e+00 0.0e+00 6.6e+04  2  1  0  0 33   2  1  0  0 33   435
VecCopy              412 1.0 6.2910e-02 1.1 0.00e+00 0.0 0.0e+00 0.0e+00 0.0e+00  0  0  0  0  0   0  0  0  0  0     0
VecSet            131699 1.0 1.2752e+01 1.3 0.00e+00 0.0 0.0e+00 0.0e+00 0.0e+00  0  0  0  0  0   0  0  0  0  0     0
VecAXPY           262546 1.0 2.0728e+01 1.1 9.36e+08 1.1 0.0e+00 0.0e+00 0.0e+00  1  3  0  0  0   1  3  0  0  0  6878
VecAYPX           131192 1.0 6.8947e+01 1.1 1.37e+08 1.1 0.0e+00 0.0e+00 0.0e+00  2  2  0  0  0   2  2  0  0  0  1033
VecWAXPY          262356 1.0 7.9883e+01 1.0 2.01e+08 1.0 0.0e+00 0.0e+00 0.0e+00  3  3  0  0  0   3  3  0  0  0  1561
VecAssemblyBegin     310 1.0 1.0404e+00 2.6 0.00e+00 0.0 2.4e+03 4.2e+03 9.3e+02  0  0  0  0  0   0  0  0  0  0     0
VecAssemblyEnd       310 1.0 1.5895e-02 2.3 0.00e+00 0.0 0.0e+00 0.0e+00 0.0e+00  0  0  0  0  0   0  0  0  0  0     0
VecScatterBegin   131447 1.0 2.9806e+01 1.7 0.00e+00 0.0 3.4e+06 2.6e+03 0.0e+00  1  0100 98  0   1  0100 98  0     0
VecScatterEnd     131447 1.0 6.7830e+01 4.4 0.00e+00 0.0 0.0e+00 0.0e+00 0.0e+00  1  0  0  0  0   1  0  0  0  0     0
MatMult           131312 1.0 1.0388e+03 1.1 2.51e+08 1.1 3.4e+06 2.6e+03 0.0e+00 32 45100 98  0  32 45100 98  0  1810
MatMultAdd            67 1.0 5.3920e-01 1.1 2.53e+08 1.1 1.7e+03 2.7e+03 0.0e+00  0  0  0  0  0   0  0  0  0  0  1816
MatSolve          131312 1.0 1.6608e+03 1.0 1.44e+08 1.0 0.0e+00 0.0e+00 0.0e+00 52 44  0  0  0  52 44  0  0  0  1120
MatLUFactorNum        67 1.0 3.6357e+00 1.0 1.87e+08 1.0 0.0e+00 0.0e+00 0.0e+00  0  0  0  0  0   0  0  0  0  0  1455
MatILUFactorSym        2 1.0 2.3682e-02 1.2 0.00e+00 0.0 0.0e+00 0.0e+00 2.0e+00  0  0  0  0  0   0  0  0  0  0     0
MatAssemblyBegin     201 1.0 3.8588e-01 2.0 0.00e+00 0.0 2.4e+03 6.3e+04 4.0e+02  0  0  0  2  0   0  0  0  2  0     0
MatAssemblyEnd       201 1.0 4.3975e-01 1.4 0.00e+00 0.0 5.2e+01 1.4e+03 2.1e+02  0  0  0  0  0   0  0  0  0  0     0
MatGetOrdering         2 1.0 2.2800e-03 2.5 0.00e+00 0.0 0.0e+00 0.0e+00 4.0e+00  0  0  0  0  0   0  0  0  0  0     0
MatZeroEntries        96 1.0 3.2273e-01 1.1 0.00e+00 0.0 0.0e+00 0.0e+00 0.0e+00  0  0  0  0  0   0  0  0  0  0     0
KSPSetup             134 1.0 3.5782e-03 1.3 0.00e+00 0.0 0.0e+00 0.0e+00 0.0e+00  0  0  0  0  0   0  0  0  0  0     0
KSPSolve              67 1.0 2.9481e+03 1.0 1.81e+08 1.0 3.4e+06 2.6e+03 2.0e+05 95100100 98 99  95100100 98 99  1422
PCSetUp              134 1.0 3.6741e+00 1.0 1.85e+08 1.0 0.0e+00 0.0e+00 6.0e+00  0  0  0  0  0   0  0  0  0  0  1439
PCSetUpOnBlocks       67 1.0 3.6675e+00 1.0 1.85e+08 1.0 0.0e+00 0.0e+00 6.0e+00  0  0  0  0  0   0  0  0  0  0  1442
PCApply           131312 1.0 1.6972e+03 1.0 1.41e+08 1.0 0.0e+00 0.0e+00 0.0e+00 53 44  0  0  0  53 44  0  0  0  1096
------------------------------------------------------------------------------------------------------------------------

Memory usage is given in bytes:

Object Type          Creations   Destructions   Memory  Descendants' Mem.

--- Event Stage 0: Main Stage

           Index Set    78             78    9268068     0
                 Map   185            185      47360     0
                 Vec   187            187   40021696     0
         Vec Scatter    70             70   44146692     0
              Matrix     8              8   36426880     1.78173e+07
       Krylov Solver     4              4        304     4.15865e+06
      Preconditioner     4              4        480     1.7319e+07
========================================================================================================================
Average time to get PetscTime(): 5.00679e-07
Average time for MPI_Barrier(): 3.8147e-06
Average time for zero size MPI_Send(): 0.00011
Compiled without FORTRAN kernels
Compiled with double precision matrices (default)
sizeof(short) 2 sizeof(int) 4 sizeof(long) 8 sizeof(void *) 8   
Libraries compiled on Tue Dec 13 11:13:18 PST 2005 on columbia  
Machine characteristics: Linux columbia 2.6.5-7.202.5-sn2 #1 SMP Thu Aug 25 06:20:45 UTC 2005 ia64 ia64 ia64 GNU/Linux  
Using PETSc directory: /u/benkirk/petsc-2.2.0 
Using PETSc arch: linux64_intel 
-----------------------------------------   
Using C compiler: icc -KPIC -O2 -ftz -I/u/benkirk/petsc-2.2.0 -I/u/benkirk/petsc-2.2.0/bmake/linux64_intel -I/u/benkirk/petsc-2.2.0/include   -I/opt/sgi/mpt/1.12.0.0/include                                                                                                                           -DPETSC_USE_FOR_KERNELS -DPETSC_USE_LOG -DPETSC_USE_DEBUG -DPETSC_USE_BOPT_O -DPETSC_USE_EXTERN_CXX -DMPI_NO_CPPBIND -wd1476 -D__SDIR__='. '  
C Compiler version: 
Intel(R) C Itanium(R) Compiler for Itanium(R)-based applications 
Version 9.0    Build 20051020 Package ID: l_cc_c_9.0.027 
C++ Compiler version: 
Intel(R) C Itanium(R) Compiler for Itanium(R)-based applications 
Using Fortran compiler: ifort -w -KPIC -O2 -ftz -I/u/benkirk/petsc-2.2.0 -I/u/benkirk/petsc-2.2.0/bmake/linux64_intel -I/u/benkirk/petsc-2.2.0/include   -I/opt/sgi/mpt/1.12.0.0/include                                                                                                                           -DPETSC_USE_FOR_KERNELS -DPETSC_USE_LOG -DPETSC_USE_DEBUG -DPETSC_USE_BOPT_O -DPETSC_USE_EXTERN_CXX  
Fortran Compiler version: 
Intel(R) Fortran Itanium(R) Compiler for Itanium(R)-based applications 
Version 9.0    Build 20051020 Package ID: l_fc_c_9.0.028 
-----------------------------------------   
Using PETSc flags: -DPETSC_USE_FOR_KERNELS -DPETSC_USE_LOG -DPETSC_USE_DEBUG -DPETSC_USE_BOPT_O -DPETSC_USE_EXTERN_CXX                                                                                                                        
----------------------------------------- 
Using configuration flags: 
----------------------------------------- 
Using include paths: -I/u/benkirk/petsc-2.2.0 -I/u/benkirk/petsc-2.2.0/bmake/linux64_intel -I/u/benkirk/petsc-2.2.0/include   -I/opt/sgi/mpt/1.12.0.0/include    
------------------------------------------   
Using C linker: icc -i_dynamic -O2 -ftz -Qoption,link,-rpath,/u/benkirk/petsc-2.2.0/lib/libO/linux64_intel  
Using Fortran linker: icc -i_dynamic -O2 -ftz -Qoption,link,-rpath,/u/benkirk/petsc-2.2.0/lib/libO/linux64_intel  
Using libraries: -L/u/benkirk/petsc-2.2.0/lib/libO/linux64_intel -lpetscts -lpetscsnes -lpetscksp -lpetscdm -lpetscmat -lpetscvec -lpetsc                                                                                                                                                                                                                                                                              -Wl,-rpath,/opt/sgi/scsl/1.6.1.0/lib -L/opt/sgi/scsl/1.6.1.0/lib -lscs -L/opt/sgi/mpt/1.12.0.0/lib -lmpi -lifport -lifcoremt -ldl -limf -lm -lcxa -lunwind -lpthread -lirc 
 -------------------------------------------------------------------------------

 Run completed in 3118 seconds
