
 -----------------------------------------------
| Master Host:   cfe1.nas.nasa.gov
| Working Dir:   /u/benkirk/nobackup/bmurray_code/run.columbia
| # of Procs:    16
| Case name::    pm_jwp_fine
 -----------------------------------------------

Using input file: pm_jwp_fine.in
Initializing EquationSystems ... 
 Mesh Information:
  mesh_dimension()=2
  spatial_dimension()=3
  n_nodes()=90601
  n_elem()=90000
   n_local_elem()=5679
   n_active_elem()=90000
  n_subdomains()=1
  n_processors()=16
  processor_id()=0

 EquationSystems
  n_systems()=2
   System "Porous Media"
    Type "TransientLinearImplicit"
    Variables="p" "t" "s" 
    Finite Element Types="LAGRANGE" "LAGRANGE" "LAGRANGE" 
    Approximation Orders="FIRST" "FIRST" "FIRST" 
    n_dofs()=271803
    n_local_dofs()=17577
    n_constrained_dofs()=0
    n_vectors()=6
   System "Velocity"
    Type "TransientLinearImplicit"
    Variables="u" "v" 
    Finite Element Types="LAGRANGE" "LAGRANGE" 
    Approximation Orders="FIRST" "FIRST" 
    n_dofs()=181202
    n_local_dofs()=11718
    n_constrained_dofs()=0
    n_vectors()=3

======= Starting time step     1 time=0 dt=0.01 =======
F_norms[0]=0.082227

-------------------------------------------------------
| Processor id:   0                                    |
| Num Processors: 16                                   |
| Time:           Thu Apr 20 17:56:11 2006             |
| OS:             Linux                                |
| HostName:       columbia9                            |
| OS Release:     2.6.5-7.202.7-sn2                    |
| OS Version:     #5 SMP Thu Mar 16 17:51:36 PST 2006  |
| Machine:        ia64                                 |
| Username:       benkirk                              |
-------------------------------------------------------
 ------------------------------------------------------------------------------
| Porous Media Performance: Alive time=57.8564, Active time=39.5269            |
 ------------------------------------------------------------------------------
| Event                         nCalls    Total       Avg         Percent of   |
|                                         Time        Time        Active Time  |
|------------------------------------------------------------------------------|
|                                                                              |
| assemble                      1         0.6102      0.610236    1.54         |
| assemble + linear solve       1         38.9166     38.916632   98.46        |
 ------------------------------------------------------------------------------
| Totals:                       2         39.5269                 100.00       |
 ------------------------------------------------------------------------------

Linear solver converged at step: 2000, final residual: 1.52446e-10  ||u - u_old|| = 2.60101
F_norms[1]=6.79291e-07
 Nonlinear solver converged at step 1

F_norms[0]=0.082227		 etas[0]=0			 n_its[0]=2000
F_norms[1]=6.79291e-07		 etas[1]=0			 n_its[1]=0
Computing Surface fluxes...
Computing Kinetic Energy...
======= Finished time step     1 time=0.01 dt=0.01 =======


======= Starting time step     2 time=0.01 dt=0.01 =======
F_norms[0]=9.67842e-05
 ------------------------------------------------------------------------------
| Porous Media Performance: Alive time=98.6314, Active time=79.6429            |
 ------------------------------------------------------------------------------
| Event                         nCalls    Total       Avg         Percent of   |
|                                         Time        Time        Active Time  |
|------------------------------------------------------------------------------|
|                                                                              |
| assemble                      3         1.8191      0.606356    2.28         |
| assemble + linear solve       2         77.8239     38.911934   97.72        |
 ------------------------------------------------------------------------------
| Totals:                       5         79.6429                 100.00       |
 ------------------------------------------------------------------------------

Linear solver converged at step: 2000, final residual: 1.33274e-10  ||u - u_old|| = 0.98071
F_norms[1]=1.05962e-06
 Nonlinear solver converged at step 1

F_norms[0]=9.67842e-05		 etas[0]=0			 n_its[0]=2000
F_norms[1]=1.05962e-06		 etas[1]=0			 n_its[1]=0
Computing Surface fluxes...
Computing Kinetic Energy...
======= Finished time step     2 time=0.02 dt=0.01 =======


======= Starting time step     3 time=0.02 dt=0.01 =======
F_norms[0]=0.000201934
 ------------------------------------------------------------------------------
| Porous Media Performance: Alive time=115.895, Active time=96.2596            |
 ------------------------------------------------------------------------------
| Event                         nCalls    Total       Avg         Percent of   |
|                                         Time        Time        Active Time  |
|------------------------------------------------------------------------------|
|                                                                              |
| assemble                      5         3.0249      0.604988    3.14         |
| assemble + linear solve       3         93.2347     31.078220   96.86        |
 ------------------------------------------------------------------------------
| Totals:                       8         96.2596                 100.00       |
 ------------------------------------------------------------------------------

Linear solver converged at step: 790, final residual: 4.98295e-11  ||u - u_old|| = 1.99902
F_norms[1]=3.55821e-06
 Nonlinear solver converged at step 1

F_norms[0]=0.000201934		 etas[0]=0			 n_its[0]=790
F_norms[1]=3.55821e-06		 etas[1]=0			 n_its[1]=0
 |TE|_oo = 0
 Scaling timestep by 1
--------------------------------------------------------------------------
Computing Surface fluxes...
Computing Kinetic Energy...
======= Finished time step     3 time=0.03 dt=0.01 =======


======= Starting time step     4 time=0.03 dt=0.01 =======
F_norms[0]=0.000424313
 ------------------------------------------------------------------------------
| Porous Media Performance: Alive time=133.854, Active time=113.581            |
 ------------------------------------------------------------------------------
| Event                         nCalls    Total       Avg         Percent of   |
|                                         Time        Time        Active Time  |
|------------------------------------------------------------------------------|
|                                                                              |
| assemble                      7         4.2279      0.603987    3.72         |
| assemble + linear solve       4         109.3527    27.338175   96.28        |
 ------------------------------------------------------------------------------
| Totals:                       11        113.5806                100.00       |
 ------------------------------------------------------------------------------

Linear solver converged at step: 827, final residual: 6.74951e-11  ||u - u_old|| = 4.15598
F_norms[1]=1.53013e-05
 ------------------------------------------------------------------------------
| Porous Media Performance: Alive time=148.065, Active time=127.766            |
 ------------------------------------------------------------------------------
| Event                         nCalls    Total       Avg         Percent of   |
|                                         Time        Time        Active Time  |
|------------------------------------------------------------------------------|
|                                                                              |
| assemble                      8         4.8294      0.603679    3.78         |
| assemble + linear solve       5         122.9362    24.587239   96.22        |
 ------------------------------------------------------------------------------
| Totals:                       13        127.7656                100.00       |
 ------------------------------------------------------------------------------

Linear solver converged at step: 696, final residual: 5.20839e-12  ||u - u_old|| = 0.0454177
F_norms[2]=3.36893e-07
 Nonlinear solver converged at step 2

F_norms[0]=0.000424313		 etas[0]=0			 n_its[0]=827
F_norms[1]=1.53013e-05		 etas[1]=0			 n_its[1]=696
F_norms[2]=3.36893e-07		 etas[2]=0			 n_its[2]=0
 |TE|_oo = 0
 Scaling timestep by 1
--------------------------------------------------------------------------
Computing Surface fluxes...
Computing Kinetic Energy...
======= Finished time step     4 time=0.04 dt=0.01 =======


======= Starting time step     5 time=0.04 dt=0.01 =======
F_norms[0]=0.00088896
 ------------------------------------------------------------------------------
| Porous Media Performance: Alive time=164.761, Active time=143.819            |
 ------------------------------------------------------------------------------
| Event                         nCalls    Total       Avg         Percent of   |
|                                         Time        Time        Active Time  |
|------------------------------------------------------------------------------|
|                                                                              |
| assemble                      10        6.0323      0.603229    4.19         |
| assemble + linear solve       6         137.7865    22.964418   95.81        |
 ------------------------------------------------------------------------------
| Totals:                       16        143.8188                100.00       |
 ------------------------------------------------------------------------------

Linear solver converged at step: 761, final residual: 1.90272e-10  ||u - u_old|| = 8.73599
F_norms[1]=6.75628e-05
 ------------------------------------------------------------------------------
| Porous Media Performance: Alive time=180.877, Active time=159.909            |
 ------------------------------------------------------------------------------
| Event                         nCalls    Total       Avg         Percent of   |
|                                         Time        Time        Active Time  |
|------------------------------------------------------------------------------|
|                                                                              |
| assemble                      11        6.6343      0.603120    4.15         |
| assemble + linear solve       7         153.2746    21.896372   95.85        |
 ------------------------------------------------------------------------------
| Totals:                       18        159.9089                100.00       |
 ------------------------------------------------------------------------------

Linear solver converged at step: 794, final residual: 2.30385e-11  ||u - u_old|| = 0.212683
F_norms[2]=6.12135e-07
 Nonlinear solver converged at step 2

F_norms[0]=0.00088896		 etas[0]=0			 n_its[0]=761
F_norms[1]=6.75628e-05		 etas[1]=0			 n_its[1]=794
F_norms[2]=6.12135e-07		 etas[2]=0			 n_its[2]=0
 |TE|_oo = 0
 Scaling timestep by 1
--------------------------------------------------------------------------
Computing Surface fluxes...
Computing Kinetic Energy...
======= Finished time step     5 time=0.05 dt=0.01 =======


======= Starting time step     6 time=0.05 dt=0.01 =======
F_norms[0]=0.00187428
 ------------------------------------------------------------------------------
| Porous Media Performance: Alive time=198.545, Active time=176.932            |
 ------------------------------------------------------------------------------
| Event                         nCalls    Total       Avg         Percent of   |
|                                         Time        Time        Active Time  |
|------------------------------------------------------------------------------|
|                                                                              |
| assemble                      13        7.8385      0.602961    4.43         |
| assemble + linear solve       8         169.0933    21.136666   95.57        |
 ------------------------------------------------------------------------------
| Totals:                       21        176.9318                100.00       |
 ------------------------------------------------------------------------------

Linear solver converged at step: 811, final residual: 4.88839e-10  ||u - u_old|| = 19.0615
F_norms[1]=0.000319121
 ------------------------------------------------------------------------------
| Porous Media Performance: Alive time=215.598, Active time=193.956            |
 ------------------------------------------------------------------------------
| Event                         nCalls    Total       Avg         Percent of   |
|                                         Time        Time        Active Time  |
|------------------------------------------------------------------------------|
|                                                                              |
| assemble                      14        8.4404      0.602885    4.35         |
| assemble + linear solve       9         185.5155    20.612835   95.65        |
 ------------------------------------------------------------------------------
| Totals:                       23        193.9559                100.00       |
 ------------------------------------------------------------------------------

Linear solver converged at step: 843, final residual: 1.00309e-10  ||u - u_old|| = 1.25048
F_norms[2]=2.15515e-06
 Nonlinear solver converged at step 2

F_norms[0]=0.00187428		 etas[0]=0			 n_its[0]=811
F_norms[1]=0.000319121		 etas[1]=0			 n_its[1]=843
F_norms[2]=2.15515e-06		 etas[2]=0			 n_its[2]=0
 |TE|_oo = 0
 Scaling timestep by 1
--------------------------------------------------------------------------
Computing Surface fluxes...
Computing Kinetic Energy...
======= Finished time step     6 time=0.06 dt=0.01 =======


======= Starting time step     7 time=0.06 dt=0.01 =======
F_norms[0]=0.00411453
 ------------------------------------------------------------------------------
| Porous Media Performance: Alive time=233.647, Active time=211.368            |
 ------------------------------------------------------------------------------
| Event                         nCalls    Total       Avg         Percent of   |
|                                         Time        Time        Active Time  |
|------------------------------------------------------------------------------|
|                                                                              |
| assemble                      16        9.6469      0.602932    4.56         |
| assemble + linear solve       10        201.7213    20.172128   95.44        |
 ------------------------------------------------------------------------------
| Totals:                       26        211.3682                100.00       |
 ------------------------------------------------------------------------------

Linear solver converged at step: 831, final residual: 9.55412e-10  ||u - u_old|| = 49.2016
F_norms[1]=0.00205493
 ------------------------------------------------------------------------------
| Porous Media Performance: Alive time=255.144, Active time=232.839            |
 ------------------------------------------------------------------------------
| Event                         nCalls    Total       Avg         Percent of   |
|                                         Time        Time        Active Time  |
|------------------------------------------------------------------------------|
|                                                                              |
| assemble                      17        10.2532     0.603128    4.40         |
| assemble + linear solve       11        222.5858    20.235069   95.60        |
 ------------------------------------------------------------------------------
| Totals:                       28        232.8389                100.00       |
 ------------------------------------------------------------------------------

Linear solver converged at step: 1071, final residual: 5.90425e-10  ||u - u_old|| = 16.4768
F_norms[2]=0.000264862
 ------------------------------------------------------------------------------
| Porous Media Performance: Alive time=294.691, Active time=272.361            |
 ------------------------------------------------------------------------------
| Event                         nCalls    Total       Avg         Percent of   |
|                                         Time        Time        Active Time  |
|------------------------------------------------------------------------------|
|                                                                              |
| assemble                      18        10.8578     0.603209    3.99         |
| assemble + linear solve       12        261.5031    21.791922   96.01        |
 ------------------------------------------------------------------------------
| Totals:                       30        272.3608                100.00       |
 ------------------------------------------------------------------------------

Linear solver converged at step: 2000, final residual: 4.10604e-09  ||u - u_old|| = 1.88885
F_norms[3]=1.98819e-06
 Nonlinear solver converged at step 3

F_norms[0]=0.00411453		 etas[0]=0			 n_its[0]=831
F_norms[1]=0.00205493		 etas[1]=0			 n_its[1]=1071
F_norms[2]=0.000264862		 etas[2]=0			 n_its[2]=2000
F_norms[3]=1.98819e-06		 etas[3]=0			 n_its[3]=0
 |TE|_oo = 0
 Scaling timestep by 1
--------------------------------------------------------------------------
Computing Surface fluxes...
Computing Kinetic Energy...
======= Finished time step     7 time=0.07 dt=0.01 =======


======= Starting time step     8 time=0.07 dt=0.01 =======
F_norms[0]=0.0114424
 ------------------------------------------------------------------------------
| Porous Media Performance: Alive time=335.493, Active time=312.522            |
 ------------------------------------------------------------------------------
| Event                         nCalls    Total       Avg         Percent of   |
|                                         Time        Time        Active Time  |
|------------------------------------------------------------------------------|
|                                                                              |
| assemble                      20        12.0699     0.603493    3.86         |
| assemble + linear solve       13        300.4519    23.111688   96.14        |
 ------------------------------------------------------------------------------
| Totals:                       33        312.5218                100.00       |
 ------------------------------------------------------------------------------

Linear solver converged at step: 2000, final residual: 6.51053e-08  ||u - u_old|| = 323.51
F_norms[1]=0.0666915
 ------------------------------------------------------------------------------
| Porous Media Performance: Alive time=375.043, Active time=352.049            |
 ------------------------------------------------------------------------------
| Event                         nCalls    Total       Avg         Percent of   |
|                                         Time        Time        Active Time  |
|------------------------------------------------------------------------------|
|                                                                              |
| assemble                      21        12.6743     0.603539    3.60         |
| assemble + linear solve       14        339.3749    24.241062   96.40        |
 ------------------------------------------------------------------------------
| Totals:                       35        352.0492                100.00       |
 ------------------------------------------------------------------------------

Linear solver converged at step: 2000, final residual: 0.00151107  ||u - u_old|| = 151.47
F_norms[2]=0.0112047
 ------------------------------------------------------------------------------
| Porous Media Performance: Alive time=414.604, Active time=391.588            |
 ------------------------------------------------------------------------------
| Event                         nCalls    Total       Avg         Percent of   |
|                                         Time        Time        Active Time  |
|------------------------------------------------------------------------------|
|                                                                              |
| assemble                      22        13.2787     0.603576    3.39         |
| assemble + linear solve       15        378.3092    25.220615   96.61        |
 ------------------------------------------------------------------------------
| Totals:                       37        391.5879                100.00       |
 ------------------------------------------------------------------------------

Linear solver converged at step: 2000, final residual: 2.17982e-07  ||u - u_old|| = 87.1496
F_norms[3]=0.00133519
 ------------------------------------------------------------------------------
| Porous Media Performance: Alive time=454.154, Active time=431.114            |
 ------------------------------------------------------------------------------
| Event                         nCalls    Total       Avg         Percent of   |
|                                         Time        Time        Active Time  |
|------------------------------------------------------------------------------|
|                                                                              |
| assemble                      23        13.8830     0.603608    3.22         |
| assemble + linear solve       16        417.2315    26.076968   96.78        |
 ------------------------------------------------------------------------------
| Totals:                       39        431.1145                100.00       |
 ------------------------------------------------------------------------------

Linear solver converged at step: 2000, final residual: 9.16554e-10  ||u - u_old|| = 9.56402
F_norms[4]=2.78037e-05
 ------------------------------------------------------------------------------
| Porous Media Performance: Alive time=493.705, Active time=470.644            |
 ------------------------------------------------------------------------------
| Event                         nCalls    Total       Avg         Percent of   |
|                                         Time        Time        Active Time  |
|------------------------------------------------------------------------------|
|                                                                              |
| assemble                      24        14.4871     0.603627    3.08         |
| assemble + linear solve       17        456.1565    26.832734   96.92        |
 ------------------------------------------------------------------------------
| Totals:                       41        470.6435                100.00       |
 ------------------------------------------------------------------------------

Linear solver converged at step: 2000, final residual: 6.16998e-11  ||u - u_old|| = 0.125117
F_norms[5]=6.43953e-07
 Nonlinear solver converged at step 5

F_norms[0]=0.0114424		 etas[0]=0			 n_its[0]=2000
F_norms[1]=0.0666915		 etas[1]=0			 n_its[1]=2000
F_norms[2]=0.0112047		 etas[2]=0			 n_its[2]=2000
F_norms[3]=0.00133519		 etas[3]=0			 n_its[3]=2000
F_norms[4]=2.78037e-05		 etas[4]=0			 n_its[4]=2000
F_norms[5]=6.43953e-07		 etas[5]=0			 n_its[5]=0
 |TE|_oo = 0
 Scaling timestep by 1
--------------------------------------------------------------------------
Computing Surface fluxes...
Computing Kinetic Energy...
======= Finished time step     8 time=0.08 dt=0.01 =======


======= Starting time step     9 time=0.08 dt=0.01 =======
F_norms[0]=0.0316962
 ------------------------------------------------------------------------------
| Porous Media Performance: Alive time=534.471, Active time=510.752            |
 ------------------------------------------------------------------------------
| Event                         nCalls    Total       Avg         Percent of   |
|                                         Time        Time        Active Time  |
|------------------------------------------------------------------------------|
|                                                                              |
| assemble                      26        15.6936     0.603598    3.07         |
| assemble + linear solve       18        495.0588    27.503265   96.93        |
 ------------------------------------------------------------------------------
| Totals:                       44        510.7523                100.00       |
 ------------------------------------------------------------------------------

Linear solver converged at step: 2000, final residual: 1.68445e-08  ||u - u_old|| = 967.585
F_norms[1]=0.0670377
 ------------------------------------------------------------------------------
| Porous Media Performance: Alive time=574.005, Active time=550.261            |
 ------------------------------------------------------------------------------
| Event                         nCalls    Total       Avg         Percent of   |
|                                         Time        Time        Active Time  |
|------------------------------------------------------------------------------|
|                                                                              |
| assemble                      27        16.2963     0.603567    2.96         |
| assemble + linear solve       19        533.9651    28.103424   97.04        |
 ------------------------------------------------------------------------------
| Totals:                       46        550.2614                100.00       |
 ------------------------------------------------------------------------------

Linear solver converged at step: 2000, final residual: 3.87894e-08  ||u - u_old|| = 283.801
F_norms[2]=0.01134
 ------------------------------------------------------------------------------
| Porous Media Performance: Alive time=608.156, Active time=584.387            |
 ------------------------------------------------------------------------------
| Event                         nCalls    Total       Avg         Percent of   |
|                                         Time        Time        Active Time  |
|------------------------------------------------------------------------------|
|                                                                              |
| assemble                      28        16.8991     0.603541    2.89         |
| assemble + linear solve       20        567.4875    28.374375   97.11        |
 ------------------------------------------------------------------------------
| Totals:                       48        584.3867                100.00       |
 ------------------------------------------------------------------------------

Linear solver converged at step: 1723, final residual: 3.22706e-09  ||u - u_old|| = 35.2186
F_norms[3]=0.000496702
 ------------------------------------------------------------------------------
| Porous Media Performance: Alive time=642.184, Active time=618.387            |
 ------------------------------------------------------------------------------
| Event                         nCalls    Total       Avg         Percent of   |
|                                         Time        Time        Active Time  |
|------------------------------------------------------------------------------|
|                                                                              |
| assemble                      29        17.5021     0.603519    2.83         |
| assemble + linear solve       21        600.8846    28.613553   97.17        |
 ------------------------------------------------------------------------------
| Totals:                       50        618.3867                100.00       |
 ------------------------------------------------------------------------------

Linear solver converged at step: 1717, final residual: 1.27253e-10  ||u - u_old|| = 1.0305
F_norms[4]=8.25939e-07
 Nonlinear solver converged at step 4

F_norms[0]=0.0316962		 etas[0]=0			 n_its[0]=2000
F_norms[1]=0.0670377		 etas[1]=0			 n_its[1]=2000
F_norms[2]=0.01134		 etas[2]=0			 n_its[2]=1723
F_norms[3]=0.000496702		 etas[3]=0			 n_its[3]=1717
F_norms[4]=8.25939e-07		 etas[4]=0			 n_its[4]=0
 |TE|_oo = 0
 Scaling timestep by 1
--------------------------------------------------------------------------
Computing Surface fluxes...
Computing Kinetic Energy...
======= Finished time step     9 time=0.09 dt=0.01 =======


======= Starting time step    10 time=0.09 dt=0.01 =======
F_norms[0]=0.032147
 ------------------------------------------------------------------------------
| Porous Media Performance: Alive time=680.719, Active time=656.291            |
 ------------------------------------------------------------------------------
| Event                         nCalls    Total       Avg         Percent of   |
|                                         Time        Time        Active Time  |
|------------------------------------------------------------------------------|
|                                                                              |
| assemble                      31        18.7084     0.603496    2.85         |
| assemble + linear solve       22        637.5830    28.981044   97.15        |
 ------------------------------------------------------------------------------
| Totals:                       53        656.2913                100.00       |
 ------------------------------------------------------------------------------

Linear solver converged at step: 1888, final residual: 2.66598e-09  ||u - u_old|| = 515.816
F_norms[1]=0.00484341
 ------------------------------------------------------------------------------
| Porous Media Performance: Alive time=713.693, Active time=689.241            |
 ------------------------------------------------------------------------------
| Event                         nCalls    Total       Avg         Percent of   |
|                                         Time        Time        Active Time  |
|------------------------------------------------------------------------------|
|                                                                              |
| assemble                      32        19.3120     0.603501    2.80         |
| assemble + linear solve       23        669.9286    29.127332   97.20        |
 ------------------------------------------------------------------------------
| Totals:                       55        689.2407                100.00       |
 ------------------------------------------------------------------------------

Linear solver converged at step: 1664, final residual: 9.75447e-10  ||u - u_old|| = 18.7971
F_norms[2]=7.33127e-05
 ------------------------------------------------------------------------------
| Porous Media Performance: Alive time=747.135, Active time=722.658            |
 ------------------------------------------------------------------------------
| Event                         nCalls    Total       Avg         Percent of   |
|                                         Time        Time        Active Time  |
|------------------------------------------------------------------------------|
|                                                                              |
| assemble                      33        19.9192     0.603613    2.76         |
| assemble + linear solve       24        702.7387    29.280781   97.24        |
 ------------------------------------------------------------------------------
| Totals:                       57        722.6580                100.00       |
 ------------------------------------------------------------------------------

Linear solver converged at step: 1688, final residual: 2.07351e-11  ||u - u_old|| = 0.0736829
F_norms[3]=3.01204e-07
 Nonlinear solver converged at step 3

F_norms[0]=0.032147		 etas[0]=0			 n_its[0]=1888
F_norms[1]=0.00484341		 etas[1]=0			 n_its[1]=1664
F_norms[2]=7.33127e-05		 etas[2]=0			 n_its[2]=1688
F_norms[3]=3.01204e-07		 etas[3]=0			 n_its[3]=0
 |TE|_oo = 0
 Scaling timestep by 1
--------------------------------------------------------------------------
Computing Surface fluxes...
Computing Kinetic Energy...
======= Finished time step    10 time=0.1 dt=0.01 =======


======= Starting time step    11 time=0.1 dt=0.01 =======
F_norms[0]=0.0192593
 ------------------------------------------------------------------------------
| Porous Media Performance: Alive time=796.239, Active time=758.691            |
 ------------------------------------------------------------------------------
| Event                         nCalls    Total       Avg         Percent of   |
|                                         Time        Time        Active Time  |
|------------------------------------------------------------------------------|
|                                                                              |
| assemble                      35        21.1263     0.603607    2.78         |
| assemble + linear solve       25        737.5644    29.502575   97.22        |
 ------------------------------------------------------------------------------
| Totals:                       60        758.6906                100.00       |
 ------------------------------------------------------------------------------

Linear solver converged at step: 1791, final residual: 1.38811e-09  ||u - u_old|| = 205.013
F_norms[1]=0.000815071
 ------------------------------------------------------------------------------
| Porous Media Performance: Alive time=827.894, Active time=790.32             |
 ------------------------------------------------------------------------------
| Event                         nCalls    Total       Avg         Percent of   |
|                                         Time        Time        Active Time  |
|------------------------------------------------------------------------------|
|                                                                              |
| assemble                      36        21.7289     0.603581    2.75         |
| assemble + linear solve       26        768.5908    29.561185   97.25        |
 ------------------------------------------------------------------------------
| Totals:                       62        790.3197                100.00       |
 ------------------------------------------------------------------------------

Linear solver converged at step: 1596, final residual: 1.46009e-10  ||u - u_old|| = 9.91193
F_norms[2]=2.60872e-06
 Nonlinear solver converged at step 2

F_norms[0]=0.0192593		 etas[0]=0			 n_its[0]=1791
F_norms[1]=0.000815071		 etas[1]=0			 n_its[1]=1596
F_norms[2]=2.60872e-06		 etas[2]=0			 n_its[2]=0
 |TE|_oo = 0
 Scaling timestep by 1
--------------------------------------------------------------------------
Computing Surface fluxes...
Computing Kinetic Energy...
======= Finished time step    11 time=0.11 dt=0.01 =======


======= Starting time step    12 time=0.11 dt=0.01 =======
F_norms[0]=0.00844735
 ------------------------------------------------------------------------------
| Porous Media Performance: Alive time=865.254, Active time=827.038            |
 ------------------------------------------------------------------------------
| Event                         nCalls    Total       Avg         Percent of   |
|                                         Time        Time        Active Time  |
|------------------------------------------------------------------------------|
|                                                                              |
| assemble                      38        22.9356     0.603568    2.77         |
| assemble + linear solve       27        804.1021    29.781559   97.23        |
 ------------------------------------------------------------------------------
| Totals:                       65        827.0377                100.00       |
 ------------------------------------------------------------------------------

Linear solver converged at step: 1827, final residual: 4.89073e-10  ||u - u_old|| = 49.5436
F_norms[1]=0.000277173
 ------------------------------------------------------------------------------
| Porous Media Performance: Alive time=899.703, Active time=861.463            |
 ------------------------------------------------------------------------------
| Event                         nCalls    Total       Avg         Percent of   |
|                                         Time        Time        Active Time  |
|------------------------------------------------------------------------------|
|                                                                              |
| assemble                      39        23.5392     0.603568    2.73         |
| assemble + linear solve       28        837.9237    29.925848   97.27        |
 ------------------------------------------------------------------------------
| Totals:                       67        861.4629                100.00       |
 ------------------------------------------------------------------------------

Linear solver converged at step: 1740, final residual: 4.85045e-11  ||u - u_old|| = 3.32998
F_norms[2]=1.16418e-06
 Nonlinear solver converged at step 2

F_norms[0]=0.00844735		 etas[0]=0			 n_its[0]=1827
F_norms[1]=0.000277173		 etas[1]=0			 n_its[1]=1740
F_norms[2]=1.16418e-06		 etas[2]=0			 n_its[2]=0
 |TE|_oo = 0
 Scaling timestep by 1
--------------------------------------------------------------------------
Computing Surface fluxes...
Computing Kinetic Energy...
======= Finished time step    12 time=0.12 dt=0.01 =======


======= Starting time step    13 time=0.12 dt=0.01 =======
F_norms[0]=0.00349537
 ------------------------------------------------------------------------------
| Porous Media Performance: Alive time=940.44, Active time=901.555             |
 ------------------------------------------------------------------------------
| Event                         nCalls    Total       Avg         Percent of   |
|                                         Time        Time        Active Time  |
|------------------------------------------------------------------------------|
|                                                                              |
| assemble                      41        24.7448     0.603533    2.74         |
| assemble + linear solve       29        876.8105    30.234844   97.26        |
 ------------------------------------------------------------------------------
| Totals:                       70        901.5553                100.00       |
 ------------------------------------------------------------------------------

Linear solver converged at step: 2000, final residual: 4.58799e-10  ||u - u_old|| = 40.0313
F_norms[1]=0.000104259
 ------------------------------------------------------------------------------
| Porous Media Performance: Alive time=975.838, Active time=936.926            |
 ------------------------------------------------------------------------------
| Event                         nCalls    Total       Avg         Percent of   |
|                                         Time        Time        Active Time  |
|------------------------------------------------------------------------------|
|                                                                              |
| assemble                      42        25.3454     0.603462    2.71         |
| assemble + linear solve       30        911.5804    30.386015   97.29        |
 ------------------------------------------------------------------------------
| Totals:                       72        936.9259                100.00       |
 ------------------------------------------------------------------------------

Linear solver converged at step: 1789, final residual: 1.90853e-11  ||u - u_old|| = 0.510152
F_norms[2]=8.61885e-07
 Nonlinear solver converged at step 2

F_norms[0]=0.00349537		 etas[0]=0			 n_its[0]=2000
F_norms[1]=0.000104259		 etas[1]=0			 n_its[1]=1789
F_norms[2]=8.61885e-07		 etas[2]=0			 n_its[2]=0
 |TE|_oo = 0
 Scaling timestep by 1
--------------------------------------------------------------------------
Computing Surface fluxes...
Computing Kinetic Energy...
======= Finished time step    13 time=0.13 dt=0.01 =======


======= Starting time step    14 time=0.13 dt=0.01 =======
F_norms[0]=0.00239997
 ------------------------------------------------------------------------------
| Porous Media Performance: Alive time=1016.56, Active time=977.002            |
 ------------------------------------------------------------------------------
| Event                         nCalls    Total       Avg         Percent of   |
|                                         Time        Time        Active Time  |
|------------------------------------------------------------------------------|
|                                                                              |
| assemble                      44        26.5511     0.603435    2.72         |
| assemble + linear solve       31        950.4504    30.659690   97.28        |
 ------------------------------------------------------------------------------
| Totals:                       75        977.0015                100.00       |
 ------------------------------------------------------------------------------

Linear solver converged at step: 2000, final residual: 2.24487e-10  ||u - u_old|| = 42.7904
F_norms[1]=3.5623e-05
 ------------------------------------------------------------------------------
| Porous Media Performance: Alive time=1049.59, Active time=1010               |
 ------------------------------------------------------------------------------
| Event                         nCalls    Total       Avg         Percent of   |
|                                         Time        Time        Active Time  |
|------------------------------------------------------------------------------|
|                                                                              |
| assemble                      45        27.1554     0.603454    2.69         |
| assemble + linear solve       32        982.8465    30.713954   97.31        |
 ------------------------------------------------------------------------------
| Totals:                       77        1010.0020               100.00       |
 ------------------------------------------------------------------------------

Linear solver converged at step: 1667, final residual: 5.20883e-12  ||u - u_old|| = 0.320879
F_norms[2]=5.47574e-07
 Nonlinear solver converged at step 2

F_norms[0]=0.00239997		 etas[0]=0			 n_its[0]=2000
F_norms[1]=3.5623e-05		 etas[1]=0			 n_its[1]=1667
F_norms[2]=5.47574e-07		 etas[2]=0			 n_its[2]=0
 |TE|_oo = 0
 Scaling timestep by 1
--------------------------------------------------------------------------
Computing Surface fluxes...
Computing Kinetic Energy...
======= Finished time step    14 time=0.14 dt=0.01 =======


======= Starting time step    15 time=0.14 dt=0.01 =======
F_norms[0]=0.00183159
 ------------------------------------------------------------------------------
| Porous Media Performance: Alive time=1084.33, Active time=1044.1             |
 ------------------------------------------------------------------------------
| Event                         nCalls    Total       Avg         Percent of   |
|                                         Time        Time        Active Time  |
|------------------------------------------------------------------------------|
|                                                                              |
| assemble                      47        28.3634     0.603476    2.72         |
| assemble + linear solve       33        1015.7333   30.779797   97.28        |
 ------------------------------------------------------------------------------
| Totals:                       80        1044.0966               100.00       |
 ------------------------------------------------------------------------------

Linear solver converged at step: 1692, final residual: 9.33324e-11  ||u - u_old|| = 29.3236
F_norms[1]=8.80035e-06
 Nonlinear solver converged at step 1

F_norms[0]=0.00183159		 etas[0]=0			 n_its[0]=1692
F_norms[1]=8.80035e-06		 etas[1]=0			 n_its[1]=0
 |TE|_oo = 0
 Scaling timestep by 1
--------------------------------------------------------------------------
Computing Surface fluxes...
Computing Kinetic Energy...
======= Finished time step    15 time=0.15 dt=0.01 =======


======= Starting time step    16 time=0.15 dt=0.01 =======
F_norms[0]=0.00113112
 ------------------------------------------------------------------------------
| Porous Media Performance: Alive time=1125.06, Active time=1084.18            |
 ------------------------------------------------------------------------------
| Event                         nCalls    Total       Avg         Percent of   |
|                                         Time        Time        Active Time  |
|------------------------------------------------------------------------------|
|                                                                              |
| assemble                      49        29.5728     0.603527    2.73         |
| assemble + linear solve       34        1054.6045   31.017781   97.27        |
 ------------------------------------------------------------------------------
| Totals:                       83        1084.1774               100.00       |
 ------------------------------------------------------------------------------

Linear solver converged at step: 2000, final residual: 4.81403e-10  ||u - u_old|| = 14.1523
F_norms[1]=2.948e-06
 Nonlinear solver converged at step 1

F_norms[0]=0.00113112		 etas[0]=0			 n_its[0]=2000
F_norms[1]=2.948e-06		 etas[1]=0			 n_its[1]=0
 |TE|_oo = 0
 Scaling timestep by 1
--------------------------------------------------------------------------
Computing Surface fluxes...
Computing Kinetic Energy...
======= Finished time step    16 time=0.16 dt=0.01 =======


======= Starting time step    17 time=0.16 dt=0.01 =======
F_norms[0]=0.000554245
 ------------------------------------------------------------------------------
| Porous Media Performance: Alive time=1165.79, Active time=1124.26            |
 ------------------------------------------------------------------------------
| Event                         nCalls    Total       Avg         Percent of   |
|                                         Time        Time        Active Time  |
|------------------------------------------------------------------------------|
|                                                                              |
| assemble                      51        30.7797     0.603523    2.74         |
| assemble + linear solve       35        1093.4830   31.242370   97.26        |
 ------------------------------------------------------------------------------
| Totals:                       86        1124.2626               100.00       |
 ------------------------------------------------------------------------------

Linear solver converged at step: 2000, final residual: 7.26139e-11  ||u - u_old|| = 4.15457
F_norms[1]=1.78892e-06
 Nonlinear solver converged at step 1

F_norms[0]=0.000554245		 etas[0]=0			 n_its[0]=2000
F_norms[1]=1.78892e-06		 etas[1]=0			 n_its[1]=0
 |TE|_oo = 0
 Scaling timestep by 1
--------------------------------------------------------------------------
Computing Surface fluxes...
Computing Kinetic Energy...
======= Finished time step    17 time=0.17 dt=0.01 =======


======= Starting time step    18 time=0.17 dt=0.01 =======
F_norms[0]=0.000236375
 ------------------------------------------------------------------------------
| Porous Media Performance: Alive time=1206.5, Active time=1164.33             |
 ------------------------------------------------------------------------------
| Event                         nCalls    Total       Avg         Percent of   |
|                                         Time        Time        Active Time  |
|------------------------------------------------------------------------------|
|                                                                              |
| assemble                      53        31.9837     0.603467    2.75         |
| assemble + linear solve       36        1132.3509   31.454191   97.25        |
 ------------------------------------------------------------------------------
| Totals:                       89        1164.3346               100.00       |
 ------------------------------------------------------------------------------

Linear solver converged at step: 2000, final residual: 3.95391e-08  ||u - u_old|| = 2.253
F_norms[1]=2.14475e-06
 Nonlinear solver converged at step 1

F_norms[0]=0.000236375		 etas[0]=0			 n_its[0]=2000
F_norms[1]=2.14475e-06		 etas[1]=0			 n_its[1]=0
 |TE|_oo = 0
 Scaling timestep by 1
--------------------------------------------------------------------------
Computing Surface fluxes...
Computing Kinetic Energy...
======= Finished time step    18 time=0.18 dt=0.01 =======


======= Starting time step    19 time=0.18 dt=0.01 =======
F_norms[0]=0.000153762
 ------------------------------------------------------------------------------
| Porous Media Performance: Alive time=1241.41, Active time=1198.59            |
 ------------------------------------------------------------------------------
| Event                         nCalls    Total       Avg         Percent of   |
|                                         Time        Time        Active Time  |
|------------------------------------------------------------------------------|
|                                                                              |
| assemble                      55        33.1873     0.603405    2.77         |
| assemble + linear solve       37        1165.4068   31.497480   97.23        |
 ------------------------------------------------------------------------------
| Totals:                       92        1198.5940               100.00       |
 ------------------------------------------------------------------------------

Linear solver converged at step: 1700, final residual: 7.73432e-12  ||u - u_old|| = 2.80303
F_norms[1]=1.40338e-06
 Nonlinear solver converged at step 1

F_norms[0]=0.000153762		 etas[0]=0			 n_its[0]=1700
F_norms[1]=1.40338e-06		 etas[1]=0			 n_its[1]=0
 |TE|_oo = 0
 Scaling timestep by 1
--------------------------------------------------------------------------
Computing Surface fluxes...
Computing Kinetic Energy...
======= Finished time step    19 time=0.19 dt=0.01 =======


======= Starting time step    20 time=0.19 dt=0.01 =======
F_norms[0]=0.000123935
 ------------------------------------------------------------------------------
| Porous Media Performance: Alive time=1281.46, Active time=1238               |
 ------------------------------------------------------------------------------
| Event                         nCalls    Total       Avg         Percent of   |
|                                         Time        Time        Active Time  |
|------------------------------------------------------------------------------|
|                                                                              |
| assemble                      57        34.3910     0.603351    2.78         |
| assemble + linear solve       38        1203.6126   31.674015   97.22        |
 ------------------------------------------------------------------------------
| Totals:                       95        1238.0036               100.00       |
 ------------------------------------------------------------------------------

Linear solver converged at step: 1966, final residual: 4.06673e-12  ||u - u_old|| = 2.07166
F_norms[1]=1.16677e-06
 Nonlinear solver converged at step 1

F_norms[0]=0.000123935		 etas[0]=0			 n_its[0]=1966
F_norms[1]=1.16677e-06		 etas[1]=0			 n_its[1]=0
 |TE|_oo = 0
 Scaling timestep by 1
--------------------------------------------------------------------------
Computing Surface fluxes...
Computing Kinetic Energy...
======= Finished time step    20 time=0.2 dt=0.01 =======


======= Starting time step    21 time=0.2 dt=0.01 =======
F_norms[0]=8.07893e-05
 ------------------------------------------------------------------------------
| Porous Media Performance: Alive time=1327.21, Active time=1270.82            |
 ------------------------------------------------------------------------------
| Event                         nCalls    Total       Avg         Percent of   |
|                                         Time        Time        Active Time  |
|------------------------------------------------------------------------------|
|                                                                              |
| assemble                      59        35.5955     0.603313    2.80         |
| assemble + linear solve       39        1235.2257   31.672453   97.20        |
 ------------------------------------------------------------------------------
| Totals:                       98        1270.8211               100.00       |
 ------------------------------------------------------------------------------

Linear solver converged at step: 1626, final residual: 3.49364e-12  ||u - u_old|| = 1.06605
F_norms[1]=1.48493e-06
 Nonlinear solver converged at step 1

F_norms[0]=8.07893e-05		 etas[0]=0			 n_its[0]=1626
F_norms[1]=1.48493e-06		 etas[1]=0			 n_its[1]=0
 |TE|_oo = 0
 Scaling timestep by 1
--------------------------------------------------------------------------
Computing Surface fluxes...
Computing Kinetic Energy...
======= Finished time step    21 time=0.21 dt=0.01 =======


======= Starting time step    22 time=0.21 dt=0.01 =======
F_norms[0]=4.1172e-05
 ------------------------------------------------------------------------------
| Porous Media Performance: Alive time=1367.93, Active time=1310.9             |
 ------------------------------------------------------------------------------
| Event                         nCalls    Total       Avg         Percent of   |
|                                         Time        Time        Active Time  |
|------------------------------------------------------------------------------|
|                                                                              |
| assemble                      61        36.7984     0.603252    2.81         |
| assemble + linear solve       40        1274.0983   31.852457   97.19        |
 ------------------------------------------------------------------------------
| Totals:                       101       1310.8967               100.00       |
 ------------------------------------------------------------------------------

Linear solver converged at step: 2000, final residual: 4.49921e-11  ||u - u_old|| = 0.348228
F_norms[1]=9.87037e-07
 Nonlinear solver converged at step 1

F_norms[0]=4.1172e-05		 etas[0]=0			 n_its[0]=2000
F_norms[1]=9.87037e-07		 etas[1]=0			 n_its[1]=0
 |TE|_oo = 0
 Scaling timestep by 1
--------------------------------------------------------------------------
Computing Surface fluxes...
Computing Kinetic Energy...
======= Finished time step    22 time=0.22 dt=0.01 =======


======= Starting time step    23 time=0.22 dt=0.01 =======
F_norms[0]=1.74545e-05
 ------------------------------------------------------------------------------
| Porous Media Performance: Alive time=1408.66, Active time=1350.98            |
 ------------------------------------------------------------------------------
| Event                         nCalls    Total       Avg         Percent of   |
|                                         Time        Time        Active Time  |
|------------------------------------------------------------------------------|
|                                                                              |
| assemble                      63        38.0015     0.603199    2.81         |
| assemble + linear solve       41        1312.9740   32.023755   97.19        |
 ------------------------------------------------------------------------------
| Totals:                       104       1350.9755               100.00       |
 ------------------------------------------------------------------------------

Linear solver converged at step: 2000, final residual: 1.05608e-10  ||u - u_old|| = 0.130978
F_norms[1]=7.28808e-07
 Nonlinear solver converged at step 1

F_norms[0]=1.74545e-05		 etas[0]=0			 n_its[0]=2000
F_norms[1]=7.28808e-07		 etas[1]=0			 n_its[1]=0
 |TE|_oo = 0
 Scaling timestep by 1
--------------------------------------------------------------------------
Computing Surface fluxes...
Computing Kinetic Energy...
======= Finished time step    23 time=0.23 dt=0.01 =======


======= Starting time step    24 time=0.23 dt=0.01 =======
F_norms[0]=1.01858e-05
 ------------------------------------------------------------------------------
| Porous Media Performance: Alive time=1442.62, Active time=1384.29            |
 ------------------------------------------------------------------------------
| Event                         nCalls    Total       Avg         Percent of   |
|                                         Time        Time        Active Time  |
|------------------------------------------------------------------------------|
|                                                                              |
| assemble                      65        39.2095     0.603223    2.83         |
| assemble + linear solve       42        1345.0854   32.025842   97.17        |
 ------------------------------------------------------------------------------
| Totals:                       107       1384.2949               100.00       |
 ------------------------------------------------------------------------------

Linear solver converged at step: 1652, final residual: 4.30154e-13  ||u - u_old|| = 0.179454
F_norms[1]=9.06341e-07
 Nonlinear solver converged at step 1

F_norms[0]=1.01858e-05		 etas[0]=0			 n_its[0]=1652
F_norms[1]=9.06341e-07		 etas[1]=0			 n_its[1]=0
 |TE|_oo = 0
 Scaling timestep by 1
--------------------------------------------------------------------------
Computing Surface fluxes...
Computing Kinetic Energy...
======= Finished time step    24 time=0.24 dt=0.01 =======


======= Starting time step    25 time=0.24 dt=0.01 =======
F_norms[0]=8.33325e-06
 Nonlinear solver converged at step 0

F_norms[0]=8.33325e-06		 etas[0]=0			 n_its[0]=0
 |TE|_oo = 0
 Scaling timestep by 1
--------------------------------------------------------------------------
Computing Surface fluxes...
Computing Kinetic Energy...
======= Finished time step    25 time=0.25 dt=0.01 =======


Steady State Reached: Terminating Simulation.
 ------------------------------------------------------------------------------
| Porous Media Performance: Alive time=1457.39, Active time=1385.5             |
 ------------------------------------------------------------------------------
| Event                         nCalls    Total       Avg         Percent of   |
|                                         Time        Time        Active Time  |
|------------------------------------------------------------------------------|
|                                                                              |
| assemble                      67        40.4168     0.603236    2.92         |
| assemble + linear solve       42        1345.0854   32.025842   97.08        |
 ------------------------------------------------------------------------------
| Totals:                       109       1385.5022               100.00       |
 ------------------------------------------------------------------------------

************************************************************************************************************************
***             WIDEN YOUR WINDOW TO 120 CHARACTERS.  Use 'enscript -r -fCourier9' to print this document            ***
************************************************************************************************************************

---------------------------------------------- PETSc Performance Summary: ----------------------------------------------

./pm on a linux named columbia9 with 16 processors, by benkirk Thu Apr 20 18:19:31 2006
Using Petsc Version 2.2.0, Patch 0, Released Feb 27, 2004

                         Max       Max/Min        Avg      Total 
Time (sec):           1.460e+03      1.00557   1.456e+03
Objects:              0.000e+00      0.00000   0.000e+00
Flops:                2.855e+11      1.09125   2.763e+11  4.420e+12
Flops/sec:            1.957e+08      1.08623   1.897e+08  3.035e+09
MPI Messages:         9.740e+05      3.49934   5.741e+05  9.186e+06
MPI Message Lengths:  1.328e+09      2.05227   1.698e+03  1.560e+10
MPI Reductions:       1.313e+04      1.00000

Flop counting convention: 1 flop = 1 real number operation of type (multiply/divide/add/subtract)
                            e.g., VecAXPY() for real vectors of length N --> 2N flops
                            and VecAXPY() for complex vectors of length N --> 8N flops

Summary of Stages:   ----- Time ------  ----- Flops -----  --- Messages ---  -- Message Lengths --  -- Reductions --
                        Avg     %Total     Avg     %Total   counts   %Total     Avg         %Total   counts   %Total 
 0:      Main Stage: 1.4563e+03 100.0%  4.4204e+12 100.0%  9.186e+06 100.0%  1.698e+03      100.0%  2.101e+05 100.0% 

------------------------------------------------------------------------------------------------------------------------
See the 'Profiling' chapter of the users' manual for details on interpreting output.
Phase summary info:
   Count: number of times phase was executed
   Time and Flops/sec: Max - maximum over all processors
                       Ratio - ratio of maximum to minimum over all processors
   Mess: number of messages sent
   Avg. len: average message length
   Reduct: number of global reductions
   Global: entire computation
   Stage: stages of a computation. Set stages with PetscLogStagePush() and PetscLogStagePop().
      %T - percent time in this phase         %F - percent flops in this phase
      %M - percent messages in this phase     %L - percent message lengths in this phase
      %R - percent reductions in this phase
   Total Mflop/s: 10e-6 * (sum of flops over all processors)/(max time over all processors)
------------------------------------------------------------------------------------------------------------------------


      ##########################################################
      #                                                        #
      #                          WARNING!!!                    #
      #                                                        #
      #   This code was run without the PreLoadBegin()         #
      #   macros. To get timing results we always recommend    #
      #   preloading. otherwise timing numbers may be          #
      #   meaningless.                                         #
      ##########################################################


Event                Count      Time (sec)     Flops/sec                         --- Global ---  --- Stage ---   Total
                   Max Ratio  Max     Ratio   Max  Ratio  Mess   Avg len Reduct  %T %F %M %L %R  %T %F %M %L %R Mflop/s
------------------------------------------------------------------------------------------------------------------------

--- Event Stage 0: Main Stage

VecDot            138719 1.0 9.3873e+01 4.0 2.05e+08 4.2 0.0e+00 0.0e+00 1.4e+05  4  2  0  0 66   4  2  0  0 66   803
VecNorm            69527 1.0 7.0377e+01 3.9 1.34e+08 4.2 0.0e+00 0.0e+00 7.0e+04  3  1  0  0 33   3  1  0  0 33   536
VecCopy              412 1.0 4.8059e-02 1.1 0.00e+00 0.0 0.0e+00 0.0e+00 0.0e+00  0  0  0  0  0   0  0  0  0  0     0
VecSet            139173 1.0 5.0123e+00 2.9 0.00e+00 0.0 0.0e+00 0.0e+00 0.0e+00  0  0  0  0  0   0  0  0  0  0     0
VecAXPY           277483 1.0 1.1833e+01 1.2 9.69e+08 1.2 0.0e+00 0.0e+00 0.0e+00  1  3  0  0  0   1  3  0  0  0 12736
VecAYPX           138655 1.0 3.7506e+01 1.1 1.36e+08 1.1 0.0e+00 0.0e+00 0.0e+00  2  2  0  0  0   2  2  0  0  0  2008
VecWAXPY          277304 1.0 4.6418e+01 1.2 2.00e+08 1.1 0.0e+00 0.0e+00 0.0e+00  3  3  0  0  0   3  3  0  0  0  2839
VecAssemblyBegin     310 1.0 2.5640e+0011.1 0.00e+00 0.0 6.1e+03 2.7e+03 9.3e+02  0  0  0  0  0   0  0  0  0  0     0
VecAssemblyEnd       310 1.0 1.5128e-02 2.4 0.00e+00 0.0 0.0e+00 0.0e+00 0.0e+00  0  0  0  0  0   0  0  0  0  0     0
VecScatterBegin   138921 1.0 4.1701e+01 2.3 0.00e+00 0.0 9.2e+06 1.7e+03 0.0e+00  2  0100 98  0   2  0100 98  0     0
VecScatterEnd     138921 1.0 2.0931e+01 2.2 0.00e+00 0.0 0.0e+00 0.0e+00 0.0e+00  1  0  0  0  0   1  0  0  0  0     0
MatMult           138786 1.0 5.6667e+02 1.2 2.48e+08 1.1 9.2e+06 1.7e+03 0.0e+00 36 45100 98  0  36 45100 98  0  3506
MatMultAdd            67 1.0 2.6305e-01 1.1 2.67e+08 1.2 4.4e+03 1.7e+03 0.0e+00  0  0  0  0  0   0  0  0  0  0  3722
MatSolve          138786 1.0 6.3016e+02 1.2 2.12e+08 1.1 0.0e+00 0.0e+00 0.0e+00 41 44  0  0  0  41 44  0  0  0  3105
MatLUFactorNum        67 1.0 1.7703e+00 1.1 1.95e+08 1.0 0.0e+00 0.0e+00 0.0e+00  0  0  0  0  0   0  0  0  0  0  2962
MatILUFactorSym        2 1.0 1.1349e-02 1.7 0.00e+00 0.0 0.0e+00 0.0e+00 2.0e+00  0  0  0  0  0   0  0  0  0  0     0
MatAssemblyBegin     201 1.0 7.0658e-01 2.2 0.00e+00 0.0 6.1e+03 4.0e+04 4.0e+02  0  0  0  2  0   0  0  0  2  0     0
MatAssemblyEnd       201 1.0 3.3105e-01 1.9 0.00e+00 0.0 1.3e+02 9.0e+02 2.1e+02  0  0  0  0  0   0  0  0  0  0     0
MatGetOrdering         2 1.0 1.0571e-03 2.4 0.00e+00 0.0 0.0e+00 0.0e+00 4.0e+00  0  0  0  0  0   0  0  0  0  0     0
MatZeroEntries        96 1.0 1.2028e-01 1.1 0.00e+00 0.0 0.0e+00 0.0e+00 0.0e+00  0  0  0  0  0   0  0  0  0  0     0
KSPSetup             134 1.0 2.5620e-03 1.9 0.00e+00 0.0 0.0e+00 0.0e+00 0.0e+00  0  0  0  0  0   0  0  0  0  0     0
KSPSolve              67 1.0 1.3464e+03 1.0 2.12e+08 1.1 9.2e+06 1.7e+03 2.1e+05 92100100 98 99  92100100 98 99  3282
PCSetUp              134 1.0 1.7870e+00 1.1 1.93e+08 1.0 0.0e+00 0.0e+00 6.0e+00  0  0  0  0  0   0  0  0  0  0  2935
PCSetUpOnBlocks       67 1.0 1.7843e+00 1.1 1.93e+08 1.0 0.0e+00 0.0e+00 6.0e+00  0  0  0  0  0   0  0  0  0  0  2939
PCApply           138786 1.0 6.5562e+02 1.2 2.04e+08 1.1 0.0e+00 0.0e+00 0.0e+00 42 44  0  0  0  42 44  0  0  0  2984
------------------------------------------------------------------------------------------------------------------------

Memory usage is given in bytes:

Object Type          Creations   Destructions   Memory  Descendants' Mem.

--- Event Stage 0: Main Stage

           Index Set    78             78    4707384     0
                 Map   185            185      47360     0
                 Vec   187            187   20422384     0
         Vec Scatter    70             70   22351320     0
              Matrix     8              8   19343256     9.02073e+06
       Krylov Solver     4              4        304     2.12177e+06
      Preconditioner     4              4        480     8.77705e+06
========================================================================================================================
Average time to get PetscTime(): 4.05312e-07
Average time for MPI_Barrier(): 6.00815e-06
Average time for zero size MPI_Send(): 9.94951e-05
Compiled without FORTRAN kernels
Compiled with double precision matrices (default)
sizeof(short) 2 sizeof(int) 4 sizeof(long) 8 sizeof(void *) 8   
Libraries compiled on Tue Dec 13 11:13:18 PST 2005 on columbia  
Machine characteristics: Linux columbia 2.6.5-7.202.5-sn2 #1 SMP Thu Aug 25 06:20:45 UTC 2005 ia64 ia64 ia64 GNU/Linux  
Using PETSc directory: /u/benkirk/petsc-2.2.0 
Using PETSc arch: linux64_intel 
-----------------------------------------   
Using C compiler: icc -KPIC -O2 -ftz -I/u/benkirk/petsc-2.2.0 -I/u/benkirk/petsc-2.2.0/bmake/linux64_intel -I/u/benkirk/petsc-2.2.0/include   -I/opt/sgi/mpt/1.12.0.0/include                                                                                                                           -DPETSC_USE_FOR_KERNELS -DPETSC_USE_LOG -DPETSC_USE_DEBUG -DPETSC_USE_BOPT_O -DPETSC_USE_EXTERN_CXX -DMPI_NO_CPPBIND -wd1476 -D__SDIR__='. '  
C Compiler version: 
Intel(R) C Itanium(R) Compiler for Itanium(R)-based applications 
Version 9.0    Build 20051020 Package ID: l_cc_c_9.0.027 
C++ Compiler version: 
Intel(R) C Itanium(R) Compiler for Itanium(R)-based applications 
Using Fortran compiler: ifort -w -KPIC -O2 -ftz -I/u/benkirk/petsc-2.2.0 -I/u/benkirk/petsc-2.2.0/bmake/linux64_intel -I/u/benkirk/petsc-2.2.0/include   -I/opt/sgi/mpt/1.12.0.0/include                                                                                                                           -DPETSC_USE_FOR_KERNELS -DPETSC_USE_LOG -DPETSC_USE_DEBUG -DPETSC_USE_BOPT_O -DPETSC_USE_EXTERN_CXX  
Fortran Compiler version: 
Intel(R) Fortran Itanium(R) Compiler for Itanium(R)-based applications 
Version 9.0    Build 20051020 Package ID: l_fc_c_9.0.028 
-----------------------------------------   
Using PETSc flags: -DPETSC_USE_FOR_KERNELS -DPETSC_USE_LOG -DPETSC_USE_DEBUG -DPETSC_USE_BOPT_O -DPETSC_USE_EXTERN_CXX                                                                                                                        
----------------------------------------- 
Using configuration flags: 
----------------------------------------- 
Using include paths: -I/u/benkirk/petsc-2.2.0 -I/u/benkirk/petsc-2.2.0/bmake/linux64_intel -I/u/benkirk/petsc-2.2.0/include   -I/opt/sgi/mpt/1.12.0.0/include    
------------------------------------------   
Using C linker: icc -i_dynamic -O2 -ftz -Qoption,link,-rpath,/u/benkirk/petsc-2.2.0/lib/libO/linux64_intel  
Using Fortran linker: icc -i_dynamic -O2 -ftz -Qoption,link,-rpath,/u/benkirk/petsc-2.2.0/lib/libO/linux64_intel  
Using libraries: -L/u/benkirk/petsc-2.2.0/lib/libO/linux64_intel -lpetscts -lpetscsnes -lpetscksp -lpetscdm -lpetscmat -lpetscvec -lpetsc                                                                                                                                                                                                                                                                              -Wl,-rpath,/opt/sgi/scsl/1.6.1.0/lib -L/opt/sgi/scsl/1.6.1.0/lib -lscs -L/opt/sgi/mpt/1.12.0.0/lib -lmpi -lifport -lifcoremt -ldl -limf -lm -lcxa -lunwind -lpthread -lirc 
 -------------------------------------------------------------------------------

 Run completed in 1465 seconds
