
 -----------------------------------------------
| Master Host:   cfe1.nas.nasa.gov
| Working Dir:   /u/benkirk/nobackup/bmurray_code/run.columbia
| # of Procs:    128
| Case name::    pm_jwp_fine
 -----------------------------------------------

Using input file: pm_jwp_fine.in
Initializing EquationSystems ... 
 Mesh Information:
  mesh_dimension()=2
  spatial_dimension()=3
  n_nodes()=90601
  n_elem()=90000
   n_local_elem()=700
   n_active_elem()=90000
  n_subdomains()=1
  n_processors()=128
  processor_id()=0

 EquationSystems
  n_systems()=2
   System "Porous Media"
    Type "TransientLinearImplicit"
    Variables="p" "t" "s" 
    Finite Element Types="LAGRANGE" "LAGRANGE" "LAGRANGE" 
    Approximation Orders="FIRST" "FIRST" "FIRST" 
    n_dofs()=271803
    n_local_dofs()=2277
    n_constrained_dofs()=0
    n_vectors()=6
   System "Velocity"
    Type "TransientLinearImplicit"
    Variables="u" "v" 
    Finite Element Types="LAGRANGE" "LAGRANGE" 
    Approximation Orders="FIRST" "FIRST" 
    n_dofs()=181202
    n_local_dofs()=1518
    n_constrained_dofs()=0
    n_vectors()=3

======= Starting time step     1 time=0 dt=0.01 =======
F_norms[0]=0.082227

-------------------------------------------------------
| Processor id:   0                                    |
| Num Processors: 128                                  |
| Time:           Thu Apr 20 18:23:45 2006             |
| OS:             Linux                                |
| HostName:       columbia9                            |
| OS Release:     2.6.5-7.202.7-sn2                    |
| OS Version:     #5 SMP Thu Mar 16 17:51:36 PST 2006  |
| Machine:        ia64                                 |
| Username:       benkirk                              |
-------------------------------------------------------
 ------------------------------------------------------------------------------
| Porous Media Performance: Alive time=62.1005, Active time=1.9844             |
 ------------------------------------------------------------------------------
| Event                         nCalls    Total       Avg         Percent of   |
|                                         Time        Time        Active Time  |
|------------------------------------------------------------------------------|
|                                                                              |
| assemble                      1         0.1730      0.173003    8.72         |
| assemble + linear solve       1         1.8114      1.811401    91.28        |
 ------------------------------------------------------------------------------
| Totals:                       2         1.9844                  100.00       |
 ------------------------------------------------------------------------------

Linear solver converged at step: 1012, final residual: 4.83409e-11  ||u - u_old|| = 2.60101
F_norms[1]=7.11329e-07
 Nonlinear solver converged at step 1

F_norms[0]=0.082227		 etas[0]=0			 n_its[0]=1012
F_norms[1]=7.11329e-07		 etas[1]=0			 n_its[1]=0
Computing Surface fluxes...
Computing Kinetic Energy...
======= Finished time step     1 time=0.01 dt=0.01 =======


======= Starting time step     2 time=0.01 dt=0.01 =======
F_norms[0]=9.67827e-05
 ------------------------------------------------------------------------------
| Porous Media Performance: Alive time=64.8693, Active time=3.76558            |
 ------------------------------------------------------------------------------
| Event                         nCalls    Total       Avg         Percent of   |
|                                         Time        Time        Active Time  |
|------------------------------------------------------------------------------|
|                                                                              |
| assemble                      3         0.4640      0.154662    12.32        |
| assemble + linear solve       2         3.3016      1.650794    87.68        |
 ------------------------------------------------------------------------------
| Totals:                       5         3.7656                  100.00       |
 ------------------------------------------------------------------------------

Linear solver converged at step: 865, final residual: 2.41713e-11  ||u - u_old|| = 0.980714
F_norms[1]=1.06137e-06
 Nonlinear solver converged at step 1

F_norms[0]=9.67827e-05		 etas[0]=0			 n_its[0]=865
F_norms[1]=1.06137e-06		 etas[1]=0			 n_its[1]=0
Computing Surface fluxes...
Computing Kinetic Energy...
======= Finished time step     2 time=0.02 dt=0.01 =======


======= Starting time step     3 time=0.02 dt=0.01 =======
F_norms[0]=0.000201934
 ------------------------------------------------------------------------------
| Porous Media Performance: Alive time=67.4824, Active time=5.50642            |
 ------------------------------------------------------------------------------
| Event                         nCalls    Total       Avg         Percent of   |
|                                         Time        Time        Active Time  |
|------------------------------------------------------------------------------|
|                                                                              |
| assemble                      5         0.7542      0.150840    13.70        |
| assemble + linear solve       3         4.7522      1.584073    86.30        |
 ------------------------------------------------------------------------------
| Totals:                       8         5.5064                  100.00       |
 ------------------------------------------------------------------------------

Linear solver converged at step: 840, final residual: 4.2997e-11  ||u - u_old|| = 1.99903
F_norms[1]=3.66571e-06
 Nonlinear solver converged at step 1

F_norms[0]=0.000201934		 etas[0]=0			 n_its[0]=840
F_norms[1]=3.66571e-06		 etas[1]=0			 n_its[1]=0
 |TE|_oo = 0
 Scaling timestep by 1
--------------------------------------------------------------------------
Computing Surface fluxes...
Computing Kinetic Energy...
======= Finished time step     3 time=0.03 dt=0.01 =======


======= Starting time step     4 time=0.03 dt=0.01 =======
F_norms[0]=0.000424314
 ------------------------------------------------------------------------------
| Porous Media Performance: Alive time=70.1756, Active time=7.36245            |
 ------------------------------------------------------------------------------
| Event                         nCalls    Total       Avg         Percent of   |
|                                         Time        Time        Active Time  |
|------------------------------------------------------------------------------|
|                                                                              |
| assemble                      7         1.0451      0.149303    14.20        |
| assemble + linear solve       4         6.3173      1.579332    85.80        |
 ------------------------------------------------------------------------------
| Totals:                       11        7.3624                  100.00       |
 ------------------------------------------------------------------------------

Linear solver converged at step: 907, final residual: 1.00751e-10  ||u - u_old|| = 4.156
F_norms[1]=1.53141e-05
 ------------------------------------------------------------------------------
| Porous Media Performance: Alive time=71.8625, Active time=9.00995            |
 ------------------------------------------------------------------------------
| Event                         nCalls    Total       Avg         Percent of   |
|                                         Time        Time        Active Time  |
|------------------------------------------------------------------------------|
|                                                                              |
| assemble                      8         1.1910      0.148869    13.22        |
| assemble + linear solve       5         7.8190      1.563800    86.78        |
 ------------------------------------------------------------------------------
| Totals:                       13        9.0100                  100.00       |
 ------------------------------------------------------------------------------

Linear solver converged at step: 871, final residual: 9.31922e-13  ||u - u_old|| = 0.0454164
F_norms[2]=5.69644e-07
 Nonlinear solver converged at step 2

F_norms[0]=0.000424314		 etas[0]=0			 n_its[0]=907
F_norms[1]=1.53141e-05		 etas[1]=0			 n_its[1]=871
F_norms[2]=5.69644e-07		 etas[2]=0			 n_its[2]=0
 |TE|_oo = 0
 Scaling timestep by 1
--------------------------------------------------------------------------
Computing Surface fluxes...
Computing Kinetic Energy...
======= Finished time step     4 time=0.04 dt=0.01 =======


======= Starting time step     5 time=0.04 dt=0.01 =======
F_norms[0]=0.00088896
 ------------------------------------------------------------------------------
| Porous Media Performance: Alive time=74.5536, Active time=10.8621            |
 ------------------------------------------------------------------------------
| Event                         nCalls    Total       Avg         Percent of   |
|                                         Time        Time        Active Time  |
|------------------------------------------------------------------------------|
|                                                                              |
| assemble                      10        1.4812      0.148124    13.64        |
| assemble + linear solve       6         9.3808      1.563470    86.36        |
 ------------------------------------------------------------------------------
| Totals:                       16        10.8621                 100.00       |
 ------------------------------------------------------------------------------

Linear solver converged at step: 906, final residual: 2.29453e-10  ||u - u_old|| = 8.73607
F_norms[1]=6.75623e-05
 ------------------------------------------------------------------------------
| Porous Media Performance: Alive time=76.0578, Active time=12.3289            |
 ------------------------------------------------------------------------------
| Event                         nCalls    Total       Avg         Percent of   |
|                                         Time        Time        Active Time  |
|------------------------------------------------------------------------------|
|                                                                              |
| assemble                      11        1.6269      0.147901    13.20        |
| assemble + linear solve       7         10.7019     1.528849    86.80        |
 ------------------------------------------------------------------------------
| Totals:                       18        12.3289                 100.00       |
 ------------------------------------------------------------------------------

Linear solver converged at step: 767, final residual: 2.01965e-11  ||u - u_old|| = 0.212681
F_norms[2]=8.12091e-07
 Nonlinear solver converged at step 2

F_norms[0]=0.00088896		 etas[0]=0			 n_its[0]=906
F_norms[1]=6.75623e-05		 etas[1]=0			 n_its[1]=767
F_norms[2]=8.12091e-07		 etas[2]=0			 n_its[2]=0
 |TE|_oo = 0
 Scaling timestep by 1
--------------------------------------------------------------------------
Computing Surface fluxes...
Computing Kinetic Energy...
======= Finished time step     5 time=0.05 dt=0.01 =======


======= Starting time step     6 time=0.05 dt=0.01 =======
F_norms[0]=0.00187428
 ------------------------------------------------------------------------------
| Porous Media Performance: Alive time=78.8533, Active time=14.1793            |
 ------------------------------------------------------------------------------
| Event                         nCalls    Total       Avg         Percent of   |
|                                         Time        Time        Active Time  |
|------------------------------------------------------------------------------|
|                                                                              |
| assemble                      13        1.9173      0.147483    13.52        |
| assemble + linear solve       8         12.2620     1.532753    86.48        |
 ------------------------------------------------------------------------------
| Totals:                       21        14.1793                 100.00       |
 ------------------------------------------------------------------------------

Linear solver converged at step: 911, final residual: 4.73256e-10  ||u - u_old|| = 19.0617
F_norms[1]=0.000319121
 ------------------------------------------------------------------------------
| Porous Media Performance: Alive time=80.6274, Active time=15.9138            |
 ------------------------------------------------------------------------------
| Event                         nCalls    Total       Avg         Percent of   |
|                                         Time        Time        Active Time  |
|------------------------------------------------------------------------------|
|                                                                              |
| assemble                      14        2.0636      0.147399    12.97        |
| assemble + linear solve       9         13.8503     1.538918    87.03        |
 ------------------------------------------------------------------------------
| Totals:                       23        15.9138                 100.00       |
 ------------------------------------------------------------------------------

Linear solver converged at step: 926, final residual: 9.59109e-11  ||u - u_old|| = 1.2505
F_norms[2]=2.19038e-06
 Nonlinear solver converged at step 2

F_norms[0]=0.00187428		 etas[0]=0			 n_its[0]=911
F_norms[1]=0.000319121		 etas[1]=0			 n_its[1]=926
F_norms[2]=2.19038e-06		 etas[2]=0			 n_its[2]=0
 |TE|_oo = 0
 Scaling timestep by 1
--------------------------------------------------------------------------
Computing Surface fluxes...
Computing Kinetic Energy...
======= Finished time step     6 time=0.06 dt=0.01 =======


======= Starting time step     7 time=0.06 dt=0.01 =======
F_norms[0]=0.00411452
 ------------------------------------------------------------------------------
| Porous Media Performance: Alive time=83.4272, Active time=17.8114            |
 ------------------------------------------------------------------------------
| Event                         nCalls    Total       Avg         Percent of   |
|                                         Time        Time        Active Time  |
|------------------------------------------------------------------------------|
|                                                                              |
| assemble                      16        2.3546      0.147163    13.22        |
| assemble + linear solve       10        15.4567     1.545675    86.78        |
 ------------------------------------------------------------------------------
| Totals:                       26        17.8114                 100.00       |
 ------------------------------------------------------------------------------

Linear solver converged at step: 934, final residual: 9.62057e-10  ||u - u_old|| = 49.2024
F_norms[1]=0.00205493
 ------------------------------------------------------------------------------
| Porous Media Performance: Alive time=85.951, Active time=20.2964             |
 ------------------------------------------------------------------------------
| Event                         nCalls    Total       Avg         Percent of   |
|                                         Time        Time        Active Time  |
|------------------------------------------------------------------------------|
|                                                                              |
| assemble                      17        2.5006      0.147093    12.32        |
| assemble + linear solve       11        17.7958     1.617802    87.68        |
 ------------------------------------------------------------------------------
| Totals:                       28        20.2964                 100.00       |
 ------------------------------------------------------------------------------

Linear solver converged at step: 1362, final residual: 6.22033e-10  ||u - u_old|| = 16.4767
F_norms[2]=0.000264869
 ------------------------------------------------------------------------------
| Porous Media Performance: Alive time=88.1997, Active time=22.5046            |
 ------------------------------------------------------------------------------
| Event                         nCalls    Total       Avg         Percent of   |
|                                         Time        Time        Active Time  |
|------------------------------------------------------------------------------|
|                                                                              |
| assemble                      18        2.6462      0.147009    11.76        |
| assemble + linear solve       12        19.8585     1.654873    88.24        |
 ------------------------------------------------------------------------------
| Totals:                       30        22.5046                 100.00       |
 ------------------------------------------------------------------------------

Linear solver converged at step: 1205, final residual: 8.18082e-11  ||u - u_old|| = 1.88859
F_norms[3]=1.83606e-06
 Nonlinear solver converged at step 3

F_norms[0]=0.00411452		 etas[0]=0			 n_its[0]=934
F_norms[1]=0.00205493		 etas[1]=0			 n_its[1]=1362
F_norms[2]=0.000264869		 etas[2]=0			 n_its[2]=1205
F_norms[3]=1.83606e-06		 etas[3]=0			 n_its[3]=0
 |TE|_oo = 0
 Scaling timestep by 1
--------------------------------------------------------------------------
Computing Surface fluxes...
Computing Kinetic Energy...
======= Finished time step     7 time=0.07 dt=0.01 =======


======= Starting time step     8 time=0.07 dt=0.01 =======
F_norms[0]=0.0114424
 ------------------------------------------------------------------------------
| Porous Media Performance: Alive time=91.3899, Active time=24.8041            |
 ------------------------------------------------------------------------------
| Event                         nCalls    Total       Avg         Percent of   |
|                                         Time        Time        Active Time  |
|------------------------------------------------------------------------------|
|                                                                              |
| assemble                      20        2.9364      0.146822    11.84        |
| assemble + linear solve       13        21.8677     1.682130    88.16        |
 ------------------------------------------------------------------------------
| Totals:                       33        24.8041                 100.00       |
 ------------------------------------------------------------------------------

Linear solver converged at step: 1176, final residual: 2.32947e-09  ||u - u_old|| = 323.507
F_norms[1]=0.0666915
 ------------------------------------------------------------------------------
| Porous Media Performance: Alive time=94.9566, Active time=28.3318            |
 ------------------------------------------------------------------------------
| Event                         nCalls    Total       Avg         Percent of   |
|                                         Time        Time        Active Time  |
|------------------------------------------------------------------------------|
|                                                                              |
| assemble                      21        3.0823      0.146776    10.88        |
| assemble + linear solve       14        25.2495     1.803537    89.12        |
 ------------------------------------------------------------------------------
| Totals:                       35        28.3318                 100.00       |
 ------------------------------------------------------------------------------

Linear solver converged at step: 2000, final residual: 4.51756e-06  ||u - u_old|| = 150.793
F_norms[2]=0.0108567
 ------------------------------------------------------------------------------
| Porous Media Performance: Alive time=98.5271, Active time=31.8628            |
 ------------------------------------------------------------------------------
| Event                         nCalls    Total       Avg         Percent of   |
|                                         Time        Time        Active Time  |
|------------------------------------------------------------------------------|
|                                                                              |
| assemble                      22        3.2283      0.146740    10.13        |
| assemble + linear solve       15        28.6345     1.908970    89.87        |
 ------------------------------------------------------------------------------
| Totals:                       37        31.8628                 100.00       |
 ------------------------------------------------------------------------------

Linear solver converged at step: 2000, final residual: 1.05386e-07  ||u - u_old|| = 84.7608
F_norms[3]=0.0010673
 ------------------------------------------------------------------------------
| Porous Media Performance: Alive time=102.096, Active time=35.3928            |
 ------------------------------------------------------------------------------
| Event                         nCalls    Total       Avg         Percent of   |
|                                         Time        Time        Active Time  |
|------------------------------------------------------------------------------|
|                                                                              |
| assemble                      23        3.3739      0.146693    9.53         |
| assemble + linear solve       16        32.0188     2.001178    90.47        |
 ------------------------------------------------------------------------------
| Totals:                       39        35.3928                 100.00       |
 ------------------------------------------------------------------------------

Linear solver converged at step: 2000, final residual: 9.59128e-09  ||u - u_old|| = 8.06127
F_norms[4]=1.76733e-05
 ------------------------------------------------------------------------------
| Porous Media Performance: Alive time=105.656, Active time=38.9166            |
 ------------------------------------------------------------------------------
| Event                         nCalls    Total       Avg         Percent of   |
|                                         Time        Time        Active Time  |
|------------------------------------------------------------------------------|
|                                                                              |
| assemble                      24        3.5198      0.146658    9.04         |
| assemble + linear solve       17        35.3968     2.082168    90.96        |
 ------------------------------------------------------------------------------
| Totals:                       41        38.9166                 100.00       |
 ------------------------------------------------------------------------------

Linear solver converged at step: 2000, final residual: 2.2107e-10  ||u - u_old|| = 0.0959895
F_norms[5]=6.83509e-07
 Nonlinear solver converged at step 5

F_norms[0]=0.0114424		 etas[0]=0			 n_its[0]=1176
F_norms[1]=0.0666915		 etas[1]=0			 n_its[1]=2000
F_norms[2]=0.0108567		 etas[2]=0			 n_its[2]=2000
F_norms[3]=0.0010673		 etas[3]=0			 n_its[3]=2000
F_norms[4]=1.76733e-05		 etas[4]=0			 n_its[4]=2000
F_norms[5]=6.83509e-07		 etas[5]=0			 n_its[5]=0
 |TE|_oo = 0
 Scaling timestep by 1
--------------------------------------------------------------------------
Computing Surface fluxes...
Computing Kinetic Energy...
======= Finished time step     8 time=0.08 dt=0.01 =======


======= Starting time step     9 time=0.08 dt=0.01 =======
F_norms[0]=0.0316962
 ------------------------------------------------------------------------------
| Porous Media Performance: Alive time=110.21, Active time=42.5851             |
 ------------------------------------------------------------------------------
| Event                         nCalls    Total       Avg         Percent of   |
|                                         Time        Time        Active Time  |
|------------------------------------------------------------------------------|
|                                                                              |
| assemble                      26        3.8100      0.146537    8.95         |
| assemble + linear solve       18        38.7752     2.154175    91.05        |
 ------------------------------------------------------------------------------
| Totals:                       44        42.5851                 100.00       |
 ------------------------------------------------------------------------------

Linear solver converged at step: 2000, final residual: 1.04228e-06  ||u - u_old|| = 967.413
F_norms[1]=0.0670382
 ------------------------------------------------------------------------------
| Porous Media Performance: Alive time=113.777, Active time=46.1134            |
 ------------------------------------------------------------------------------
| Event                         nCalls    Total       Avg         Percent of   |
|                                         Time        Time        Active Time  |
|------------------------------------------------------------------------------|
|                                                                              |
| assemble                      27        3.9556      0.146504    8.58         |
| assemble + linear solve       19        42.1578     2.218833    91.42        |
 ------------------------------------------------------------------------------
| Totals:                       46        46.1134                 100.00       |
 ------------------------------------------------------------------------------

Linear solver converged at step: 2000, final residual: 2.61093e-06  ||u - u_old|| = 283.759
F_norms[2]=0.0113401
 ------------------------------------------------------------------------------
| Porous Media Performance: Alive time=117.219, Active time=49.5166            |
 ------------------------------------------------------------------------------
| Event                         nCalls    Total       Avg         Percent of   |
|                                         Time        Time        Active Time  |
|------------------------------------------------------------------------------|
|                                                                              |
| assemble                      28        4.1012      0.146470    8.28         |
| assemble + linear solve       20        45.4155     2.270774    91.72        |
 ------------------------------------------------------------------------------
| Totals:                       48        49.5166                 100.00       |
 ------------------------------------------------------------------------------

Linear solver converged at step: 1926, final residual: 2.94654e-09  ||u - u_old|| = 35.2194
F_norms[3]=0.000496711
 ------------------------------------------------------------------------------
| Porous Media Performance: Alive time=120.622, Active time=52.881             |
 ------------------------------------------------------------------------------
| Event                         nCalls    Total       Avg         Percent of   |
|                                         Time        Time        Active Time  |
|------------------------------------------------------------------------------|
|                                                                              |
| assemble                      29        4.2473      0.146458    8.03         |
| assemble + linear solve       21        48.6338     2.315893    91.97        |
 ------------------------------------------------------------------------------
| Totals:                       50        52.8810                 100.00       |
 ------------------------------------------------------------------------------

Linear solver converged at step: 1904, final residual: 1.32132e-10  ||u - u_old|| = 1.03054
F_norms[4]=1.30827e-06
 Nonlinear solver converged at step 4

F_norms[0]=0.0316962		 etas[0]=0			 n_its[0]=2000
F_norms[1]=0.0670382		 etas[1]=0			 n_its[1]=2000
F_norms[2]=0.0113401		 etas[2]=0			 n_its[2]=1926
F_norms[3]=0.000496711		 etas[3]=0			 n_its[3]=1904
F_norms[4]=1.30827e-06		 etas[4]=0			 n_its[4]=0
 |TE|_oo = 0
 Scaling timestep by 1
--------------------------------------------------------------------------
Computing Surface fluxes...
Computing Kinetic Energy...
======= Finished time step     9 time=0.09 dt=0.01 =======


======= Starting time step    10 time=0.09 dt=0.01 =======
F_norms[0]=0.032147
 ------------------------------------------------------------------------------
| Porous Media Performance: Alive time=125.234, Active time=56.5519            |
 ------------------------------------------------------------------------------
| Event                         nCalls    Total       Avg         Percent of   |
|                                         Time        Time        Active Time  |
|------------------------------------------------------------------------------|
|                                                                              |
| assemble                      31        4.5373      0.146365    8.02         |
| assemble + linear solve       22        52.0146     2.364299    91.98        |
 ------------------------------------------------------------------------------
| Totals:                       53        56.5519                 100.00       |
 ------------------------------------------------------------------------------

Linear solver converged at step: 2000, final residual: 1.38976e-07  ||u - u_old|| = 515.724
F_norms[1]=0.00484391
 ------------------------------------------------------------------------------
| Porous Media Performance: Alive time=128.738, Active time=60.0181            |
 ------------------------------------------------------------------------------
| Event                         nCalls    Total       Avg         Percent of   |
|                                         Time        Time        Active Time  |
|------------------------------------------------------------------------------|
|                                                                              |
| assemble                      32        4.6832      0.146351    7.80         |
| assemble + linear solve       23        55.3348     2.405863    92.20        |
 ------------------------------------------------------------------------------
| Totals:                       55        60.0181                 100.00       |
 ------------------------------------------------------------------------------

Linear solver converged at step: 1961, final residual: 1.08016e-09  ||u - u_old|| = 18.7933
F_norms[2]=7.33158e-05
 ------------------------------------------------------------------------------
| Porous Media Performance: Alive time=132.027, Active time=63.2685            |
 ------------------------------------------------------------------------------
| Event                         nCalls    Total       Avg         Percent of   |
|                                         Time        Time        Active Time  |
|------------------------------------------------------------------------------|
|                                                                              |
| assemble                      33        4.8291      0.146336    7.63         |
| assemble + linear solve       24        58.4394     2.434975    92.37        |
 ------------------------------------------------------------------------------
| Totals:                       57        63.2685                 100.00       |
 ------------------------------------------------------------------------------

Linear solver converged at step: 1833, final residual: 1.04702e-11  ||u - u_old|| = 0.0736836
F_norms[3]=4.16623e-07
 Nonlinear solver converged at step 3

F_norms[0]=0.032147		 etas[0]=0			 n_its[0]=2000
F_norms[1]=0.00484391		 etas[1]=0			 n_its[1]=1961
F_norms[2]=7.33158e-05		 etas[2]=0			 n_its[2]=1833
F_norms[3]=4.16623e-07		 etas[3]=0			 n_its[3]=0
 |TE|_oo = 0
 Scaling timestep by 1
--------------------------------------------------------------------------
Computing Surface fluxes...
Computing Kinetic Energy...
======= Finished time step    10 time=0.1 dt=0.01 =======


======= Starting time step    11 time=0.1 dt=0.01 =======
F_norms[0]=0.0192593
 ------------------------------------------------------------------------------
| Porous Media Performance: Alive time=322.378, Active time=66.9493            |
 ------------------------------------------------------------------------------
| Event                         nCalls    Total       Avg         Percent of   |
|                                         Time        Time        Active Time  |
|------------------------------------------------------------------------------|
|                                                                              |
| assemble                      35        5.1220      0.146343    7.65         |
| assemble + linear solve       25        61.8273     2.473093    92.35        |
 ------------------------------------------------------------------------------
| Totals:                       60        66.9493                 100.00       |
 ------------------------------------------------------------------------------

Linear solver converged at step: 2000, final residual: 1.94211e-08  ||u - u_old|| = 204.985
F_norms[1]=0.000815072
 ------------------------------------------------------------------------------
| Porous Media Performance: Alive time=325.758, Active time=70.292             |
 ------------------------------------------------------------------------------
| Event                         nCalls    Total       Avg         Percent of   |
|                                         Time        Time        Active Time  |
|------------------------------------------------------------------------------|
|                                                                              |
| assemble                      36        5.2684      0.146344    7.49         |
| assemble + linear solve       26        65.0237     2.500910    92.51        |
 ------------------------------------------------------------------------------
| Totals:                       62        70.2920                 100.00       |
 ------------------------------------------------------------------------------

Linear solver converged at step: 1878, final residual: 1.11491e-10  ||u - u_old|| = 9.90994
F_norms[2]=2.62646e-06
 Nonlinear solver converged at step 2

F_norms[0]=0.0192593		 etas[0]=0			 n_its[0]=2000
F_norms[1]=0.000815072		 etas[1]=0			 n_its[1]=1878
F_norms[2]=2.62646e-06		 etas[2]=0			 n_its[2]=0
 |TE|_oo = 0
 Scaling timestep by 1
--------------------------------------------------------------------------
Computing Surface fluxes...
Computing Kinetic Energy...
======= Finished time step    11 time=0.11 dt=0.01 =======


======= Starting time step    12 time=0.11 dt=0.01 =======
F_norms[0]=0.00844735
 ------------------------------------------------------------------------------
| Porous Media Performance: Alive time=330.187, Active time=73.8529            |
 ------------------------------------------------------------------------------
| Event                         nCalls    Total       Avg         Percent of   |
|                                         Time        Time        Active Time  |
|------------------------------------------------------------------------------|
|                                                                              |
| assemble                      38        5.5594      0.146299    7.53         |
| assemble + linear solve       27        68.2936     2.529391    92.47        |
 ------------------------------------------------------------------------------
| Totals:                       65        73.8529                 100.00       |
 ------------------------------------------------------------------------------

Linear solver converged at step: 1915, final residual: 3.85655e-10  ||u - u_old|| = 49.5433
F_norms[1]=0.000277175
 ------------------------------------------------------------------------------
| Porous Media Performance: Alive time=333.363, Active time=76.9923            |
 ------------------------------------------------------------------------------
| Event                         nCalls    Total       Avg         Percent of   |
|                                         Time        Time        Active Time  |
|------------------------------------------------------------------------------|
|                                                                              |
| assemble                      39        5.7058      0.146301    7.41         |
| assemble + linear solve       28        71.2865     2.545946    92.59        |
 ------------------------------------------------------------------------------
| Totals:                       67        76.9923                 100.00       |
 ------------------------------------------------------------------------------

Linear solver converged at step: 1764, final residual: 3.57516e-11  ||u - u_old|| = 3.32942
F_norms[2]=7.82217e-07
 Nonlinear solver converged at step 2

F_norms[0]=0.00844735		 etas[0]=0			 n_its[0]=1915
F_norms[1]=0.000277175		 etas[1]=0			 n_its[1]=1764
F_norms[2]=7.82217e-07		 etas[2]=0			 n_its[2]=0
 |TE|_oo = 0
 Scaling timestep by 1
--------------------------------------------------------------------------
Computing Surface fluxes...
Computing Kinetic Energy...
======= Finished time step    12 time=0.12 dt=0.01 =======


======= Starting time step    13 time=0.12 dt=0.01 =======
F_norms[0]=0.00349537
 ------------------------------------------------------------------------------
| Porous Media Performance: Alive time=337.918, Active time=80.6619            |
 ------------------------------------------------------------------------------
| Event                         nCalls    Total       Avg         Percent of   |
|                                         Time        Time        Active Time  |
|------------------------------------------------------------------------------|
|                                                                              |
| assemble                      41        5.9960      0.146243    7.43         |
| assemble + linear solve       29        74.6660     2.574689    92.57        |
 ------------------------------------------------------------------------------
| Totals:                       70        80.6619                 100.00       |
 ------------------------------------------------------------------------------

Linear solver converged at step: 2000, final residual: 7.29768e-08  ||u - u_old|| = 40.0252
F_norms[1]=0.000104264
 ------------------------------------------------------------------------------
| Porous Media Performance: Alive time=341.276, Active time=83.9829            |
 ------------------------------------------------------------------------------
| Event                         nCalls    Total       Avg         Percent of   |
|                                         Time        Time        Active Time  |
|------------------------------------------------------------------------------|
|                                                                              |
| assemble                      42        6.1421      0.146240    7.31         |
| assemble + linear solve       30        77.8408     2.594694    92.69        |
 ------------------------------------------------------------------------------
| Totals:                       72        83.9829                 100.00       |
 ------------------------------------------------------------------------------

Linear solver converged at step: 1879, final residual: 8.45933e-12  ||u - u_old|| = 0.510179
F_norms[2]=4.79627e-07
 Nonlinear solver converged at step 2

F_norms[0]=0.00349537		 etas[0]=0			 n_its[0]=2000
F_norms[1]=0.000104264		 etas[1]=0			 n_its[1]=1879
F_norms[2]=4.79627e-07		 etas[2]=0			 n_its[2]=0
 |TE|_oo = 0
 Scaling timestep by 1
--------------------------------------------------------------------------
Computing Surface fluxes...
Computing Kinetic Energy...
======= Finished time step    13 time=0.13 dt=0.01 =======


======= Starting time step    14 time=0.13 dt=0.01 =======
F_norms[0]=0.00239997
 ------------------------------------------------------------------------------
| Porous Media Performance: Alive time=345.599, Active time=87.4574            |
 ------------------------------------------------------------------------------
| Event                         nCalls    Total       Avg         Percent of   |
|                                         Time        Time        Active Time  |
|------------------------------------------------------------------------------|
|                                                                              |
| assemble                      44        6.4320      0.146182    7.35         |
| assemble + linear solve       31        81.0254     2.613723    92.65        |
 ------------------------------------------------------------------------------
| Totals:                       75        87.4574                 100.00       |
 ------------------------------------------------------------------------------

Linear solver converged at step: 1881, final residual: 9.11533e-11  ||u - u_old|| = 42.783
F_norms[1]=3.55735e-05
 ------------------------------------------------------------------------------
| Porous Media Performance: Alive time=348.776, Active time=90.5971            |
 ------------------------------------------------------------------------------
| Event                         nCalls    Total       Avg         Percent of   |
|                                         Time        Time        Active Time  |
|------------------------------------------------------------------------------|
|                                                                              |
| assemble                      45        6.5781      0.146181    7.26         |
| assemble + linear solve       32        84.0190     2.625594    92.74        |
 ------------------------------------------------------------------------------
| Totals:                       77        90.5971                 100.00       |
 ------------------------------------------------------------------------------

Linear solver converged at step: 1766, final residual: 3.7673e-12  ||u - u_old|| = 0.320819
F_norms[2]=6.64442e-07
 Nonlinear solver converged at step 2

F_norms[0]=0.00239997		 etas[0]=0			 n_its[0]=1881
F_norms[1]=3.55735e-05		 etas[1]=0			 n_its[1]=1766
F_norms[2]=6.64442e-07		 etas[2]=0			 n_its[2]=0
 |TE|_oo = 0
 Scaling timestep by 1
--------------------------------------------------------------------------
Computing Surface fluxes...
Computing Kinetic Energy...
======= Finished time step    14 time=0.14 dt=0.01 =======


======= Starting time step    15 time=0.14 dt=0.01 =======
F_norms[0]=0.00183159
 ------------------------------------------------------------------------------
| Porous Media Performance: Alive time=353.161, Active time=94.0924            |
 ------------------------------------------------------------------------------
| Event                         nCalls    Total       Avg         Percent of   |
|                                         Time        Time        Active Time  |
|------------------------------------------------------------------------------|
|                                                                              |
| assemble                      47        6.8681      0.146129    7.30         |
| assemble + linear solve       33        87.2243     2.643160    92.70        |
 ------------------------------------------------------------------------------
| Totals:                       80        94.0924                 100.00       |
 ------------------------------------------------------------------------------

Linear solver converged at step: 1895, final residual: 6.23133e-11  ||u - u_old|| = 29.3187
F_norms[1]=8.76533e-06
 Nonlinear solver converged at step 1

F_norms[0]=0.00183159		 etas[0]=0			 n_its[0]=1895
F_norms[1]=8.76533e-06		 etas[1]=0			 n_its[1]=0
 |TE|_oo = 0
 Scaling timestep by 1
--------------------------------------------------------------------------
Computing Surface fluxes...
Computing Kinetic Energy...
======= Finished time step    15 time=0.15 dt=0.01 =======


======= Starting time step    16 time=0.15 dt=0.01 =======
F_norms[0]=0.00113112
 ------------------------------------------------------------------------------
| Porous Media Performance: Alive time=357.715, Active time=97.7613            |
 ------------------------------------------------------------------------------
| Event                         nCalls    Total       Avg         Percent of   |
|                                         Time        Time        Active Time  |
|------------------------------------------------------------------------------|
|                                                                              |
| assemble                      49        7.1582      0.146086    7.32         |
| assemble + linear solve       34        90.6031     2.664797    92.68        |
 ------------------------------------------------------------------------------
| Totals:                       83        97.7613                 100.00       |
 ------------------------------------------------------------------------------

Linear solver converged at step: 2000, final residual: 1.7153e-10  ||u - u_old|| = 14.1503
F_norms[1]=2.85844e-06
 Nonlinear solver converged at step 1

F_norms[0]=0.00113112		 etas[0]=0			 n_its[0]=2000
F_norms[1]=2.85844e-06		 etas[1]=0			 n_its[1]=0
 |TE|_oo = 0
 Scaling timestep by 1
--------------------------------------------------------------------------
Computing Surface fluxes...
Computing Kinetic Energy...
======= Finished time step    16 time=0.16 dt=0.01 =======


======= Starting time step    17 time=0.16 dt=0.01 =======
F_norms[0]=0.000554245
 ------------------------------------------------------------------------------
| Porous Media Performance: Alive time=362.115, Active time=101.266            |
 ------------------------------------------------------------------------------
| Event                         nCalls    Total       Avg         Percent of   |
|                                         Time        Time        Active Time  |
|------------------------------------------------------------------------------|
|                                                                              |
| assemble                      51        7.4480      0.146039    7.35         |
| assemble + linear solve       35        93.8179     2.680511    92.65        |
 ------------------------------------------------------------------------------
| Totals:                       86        101.2659                100.00       |
 ------------------------------------------------------------------------------

Linear solver converged at step: 1904, final residual: 2.11222e-11  ||u - u_old|| = 4.15432
F_norms[1]=1.55462e-06
 Nonlinear solver converged at step 1

F_norms[0]=0.000554245		 etas[0]=0			 n_its[0]=1904
F_norms[1]=1.55462e-06		 etas[1]=0			 n_its[1]=0
 |TE|_oo = 0
 Scaling timestep by 1
--------------------------------------------------------------------------
Computing Surface fluxes...
Computing Kinetic Energy...
======= Finished time step    17 time=0.17 dt=0.01 =======


======= Starting time step    18 time=0.17 dt=0.01 =======
F_norms[0]=0.000236373
 ------------------------------------------------------------------------------
| Porous Media Performance: Alive time=366.623, Active time=104.933            |
 ------------------------------------------------------------------------------
| Event                         nCalls    Total       Avg         Percent of   |
|                                         Time        Time        Active Time  |
|------------------------------------------------------------------------------|
|                                                                              |
| assemble                      53        7.7381      0.146001    7.37         |
| assemble + linear solve       36        97.1950     2.699862    92.63        |
 ------------------------------------------------------------------------------
| Totals:                       89        104.9331                100.00       |
 ------------------------------------------------------------------------------

Linear solver converged at step: 2000, final residual: 2.12096e-11  ||u - u_old|| = 2.25273
F_norms[1]=9.22593e-07
 Nonlinear solver converged at step 1

F_norms[0]=0.000236373		 etas[0]=0			 n_its[0]=2000
F_norms[1]=9.22593e-07		 etas[1]=0			 n_its[1]=0
 |TE|_oo = 0
 Scaling timestep by 1
--------------------------------------------------------------------------
Computing Surface fluxes...
Computing Kinetic Energy...
======= Finished time step    18 time=0.18 dt=0.01 =======


======= Starting time step    19 time=0.18 dt=0.01 =======
F_norms[0]=0.000153748
 ------------------------------------------------------------------------------
| Porous Media Performance: Alive time=371.004, Active time=108.455            |
 ------------------------------------------------------------------------------
| Event                         nCalls    Total       Avg         Percent of   |
|                                         Time        Time        Active Time  |
|------------------------------------------------------------------------------|
|                                                                              |
| assemble                      55        8.0282      0.145967    7.40         |
| assemble + linear solve       37        100.4265    2.714230    92.60        |
 ------------------------------------------------------------------------------
| Totals:                       92        108.4547                100.00       |
 ------------------------------------------------------------------------------

Linear solver converged at step: 1909, final residual: 7.35831e-12  ||u - u_old|| = 2.80254
F_norms[1]=1.67068e-06
 Nonlinear solver converged at step 1

F_norms[0]=0.000153748		 etas[0]=0			 n_its[0]=1909
F_norms[1]=1.67068e-06		 etas[1]=0			 n_its[1]=0
 |TE|_oo = 0
 Scaling timestep by 1
--------------------------------------------------------------------------
Computing Surface fluxes...
Computing Kinetic Energy...
======= Finished time step    19 time=0.19 dt=0.01 =======


======= Starting time step    20 time=0.19 dt=0.01 =======
F_norms[0]=0.000123938
 ------------------------------------------------------------------------------
| Porous Media Performance: Alive time=375.33, Active time=111.915             |
 ------------------------------------------------------------------------------
| Event                         nCalls    Total       Avg         Percent of   |
|                                         Time        Time        Active Time  |
|------------------------------------------------------------------------------|
|                                                                              |
| assemble                      57        8.3189      0.145946    7.43         |
| assemble + linear solve       38        103.5965    2.726224    92.57        |
 ------------------------------------------------------------------------------
| Totals:                       95        111.9154                100.00       |
 ------------------------------------------------------------------------------

Linear solver converged at step: 1873, final residual: 5.49975e-12  ||u - u_old|| = 2.07131
F_norms[1]=8.76325e-07
 Nonlinear solver converged at step 1

F_norms[0]=0.000123938		 etas[0]=0			 n_its[0]=1873
F_norms[1]=8.76325e-07		 etas[1]=0			 n_its[1]=0
 |TE|_oo = 0
 Scaling timestep by 1
--------------------------------------------------------------------------
Computing Surface fluxes...
Computing Kinetic Energy...
======= Finished time step    20 time=0.2 dt=0.01 =======


======= Starting time step    21 time=0.2 dt=0.01 =======
F_norms[0]=8.07853e-05
 ------------------------------------------------------------------------------
| Porous Media Performance: Alive time=568.672, Active time=115.59             |
 ------------------------------------------------------------------------------
| Event                         nCalls    Total       Avg         Percent of   |
|                                         Time        Time        Active Time  |
|------------------------------------------------------------------------------|
|                                                                              |
| assemble                      59        8.6113      0.145955    7.45         |
| assemble + linear solve       39        106.9784    2.743036    92.55        |
 ------------------------------------------------------------------------------
| Totals:                       98        115.5897                100.00       |
 ------------------------------------------------------------------------------

Linear solver converged at step: 2000, final residual: 2.06765e-11  ||u - u_old|| = 1.06589
F_norms[1]=9.1941e-07
 Nonlinear solver converged at step 1

F_norms[0]=8.07853e-05		 etas[0]=0			 n_its[0]=2000
F_norms[1]=9.1941e-07		 etas[1]=0			 n_its[1]=0
 |TE|_oo = 0
 Scaling timestep by 1
--------------------------------------------------------------------------
Computing Surface fluxes...
Computing Kinetic Energy...
======= Finished time step    21 time=0.21 dt=0.01 =======


======= Starting time step    22 time=0.21 dt=0.01 =======
F_norms[0]=4.11552e-05
 ------------------------------------------------------------------------------
| Porous Media Performance: Alive time=573.201, Active time=119.262            |
 ------------------------------------------------------------------------------
| Event                         nCalls    Total       Avg         Percent of   |
|                                         Time        Time        Active Time  |
|------------------------------------------------------------------------------|
|                                                                              |
| assemble                      61        8.9012      0.145922    7.46         |
| assemble + linear solve       40        110.3606    2.759016    92.54        |
 ------------------------------------------------------------------------------
| Totals:                       101       119.2619                100.00       |
 ------------------------------------------------------------------------------

Linear solver converged at step: 2000, final residual: 1.23894e-11  ||u - u_old|| = 0.348198
F_norms[1]=1.22392e-06
 Nonlinear solver converged at step 1

F_norms[0]=4.11552e-05		 etas[0]=0			 n_its[0]=2000
F_norms[1]=1.22392e-06		 etas[1]=0			 n_its[1]=0
 |TE|_oo = 0
 Scaling timestep by 1
--------------------------------------------------------------------------
Computing Surface fluxes...
Computing Kinetic Energy...
======= Finished time step    22 time=0.22 dt=0.01 =======


======= Starting time step    23 time=0.22 dt=0.01 =======
F_norms[0]=1.74697e-05
 ------------------------------------------------------------------------------
| Porous Media Performance: Alive time=577.743, Active time=122.93             |
 ------------------------------------------------------------------------------
| Event                         nCalls    Total       Avg         Percent of   |
|                                         Time        Time        Active Time  |
|------------------------------------------------------------------------------|
|                                                                              |
| assemble                      63        9.1913      0.145893    7.48         |
| assemble + linear solve       41        113.7385    2.774110    92.52        |
 ------------------------------------------------------------------------------
| Totals:                       104       122.9298                100.00       |
 ------------------------------------------------------------------------------

Linear solver converged at step: 2000, final residual: 1.23854e-11  ||u - u_old|| = 0.130969
F_norms[1]=3.10715e-07
 Nonlinear solver converged at step 1

F_norms[0]=1.74697e-05		 etas[0]=0			 n_its[0]=2000
F_norms[1]=3.10715e-07		 etas[1]=0			 n_its[1]=0
 |TE|_oo = 0
 Scaling timestep by 1
--------------------------------------------------------------------------
Computing Surface fluxes...
Computing Kinetic Energy...
======= Finished time step    23 time=0.23 dt=0.01 =======


======= Starting time step    24 time=0.23 dt=0.01 =======
F_norms[0]=1.01639e-05
 ------------------------------------------------------------------------------
| Porous Media Performance: Alive time=582.295, Active time=126.595            |
 ------------------------------------------------------------------------------
| Event                         nCalls    Total       Avg         Percent of   |
|                                         Time        Time        Active Time  |
|------------------------------------------------------------------------------|
|                                                                              |
| assemble                      65        9.4816      0.145871    7.49         |
| assemble + linear solve       42        117.1130    2.788404    92.51        |
 ------------------------------------------------------------------------------
| Totals:                       107       126.5946                100.00       |
 ------------------------------------------------------------------------------

Linear solver converged at step: 2000, final residual: 1.14271e-11  ||u - u_old|| = 0.179423
F_norms[1]=1.07413e-06
 Nonlinear solver converged at step 1

F_norms[0]=1.01639e-05		 etas[0]=0			 n_its[0]=2000
F_norms[1]=1.07413e-06		 etas[1]=0			 n_its[1]=0
 |TE|_oo = 0
 Scaling timestep by 1
--------------------------------------------------------------------------
Computing Surface fluxes...
Computing Kinetic Energy...
======= Finished time step    24 time=0.24 dt=0.01 =======


======= Starting time step    25 time=0.24 dt=0.01 =======
F_norms[0]=8.35305e-06
 Nonlinear solver converged at step 0

F_norms[0]=8.35305e-06		 etas[0]=0			 n_its[0]=0
 |TE|_oo = 0
 Scaling timestep by 1
--------------------------------------------------------------------------
Computing Surface fluxes...
Computing Kinetic Energy...
======= Finished time step    25 time=0.25 dt=0.01 =======


Steady State Reached: Terminating Simulation.
 ------------------------------------------------------------------------------
| Porous Media Performance: Alive time=736.747, Active time=126.885            |
 ------------------------------------------------------------------------------
| Event                         nCalls    Total       Avg         Percent of   |
|                                         Time        Time        Active Time  |
|------------------------------------------------------------------------------|
|                                                                              |
| assemble                      67        9.7716      0.145844    7.70         |
| assemble + linear solve       42        117.1130    2.788404    92.30        |
 ------------------------------------------------------------------------------
| Totals:                       109       126.8845                100.00       |
 ------------------------------------------------------------------------------

************************************************************************************************************************
***             WIDEN YOUR WINDOW TO 120 CHARACTERS.  Use 'enscript -r -fCourier9' to print this document            ***
************************************************************************************************************************

---------------------------------------------- PETSc Performance Summary: ----------------------------------------------

./pm on a linux named columbia9 with 128 processors, by benkirk Thu Apr 20 18:35:00 2006
Using Petsc Version 2.2.0, Patch 0, Released Feb 27, 2004

                         Max       Max/Min        Avg      Total 
Time (sec):           7.534e+02      1.17350   7.387e+02
Objects:              0.000e+00      0.00000   0.000e+00
Flops:                3.772e+10      1.25256   3.390e+10  4.339e+12
Flops/sec:            5.585e+07      1.38468   4.594e+07  5.881e+09
MPI Messages:         1.111e+06      4.00000   7.353e+05  9.412e+07
MPI Message Lengths:  5.553e+08      2.81672   5.444e+02  5.123e+10
MPI Reductions:       1.637e+03      1.00000

Flop counting convention: 1 flop = 1 real number operation of type (multiply/divide/add/subtract)
                            e.g., VecAXPY() for real vectors of length N --> 2N flops
                            and VecAXPY() for complex vectors of length N --> 8N flops

Summary of Stages:   ----- Time ------  ----- Flops -----  --- Messages ---  -- Message Lengths --  -- Reductions --
                        Avg     %Total     Avg     %Total   counts   %Total     Avg         %Total   counts   %Total 
 0:      Main Stage: 7.3874e+02 100.0%  4.3393e+12 100.0%  9.412e+07 100.0%  5.444e+02      100.0%  2.096e+05 100.0% 

------------------------------------------------------------------------------------------------------------------------
See the 'Profiling' chapter of the users' manual for details on interpreting output.
Phase summary info:
   Count: number of times phase was executed
   Time and Flops/sec: Max - maximum over all processors
                       Ratio - ratio of maximum to minimum over all processors
   Mess: number of messages sent
   Avg. len: average message length
   Reduct: number of global reductions
   Global: entire computation
   Stage: stages of a computation. Set stages with PetscLogStagePush() and PetscLogStagePop().
      %T - percent time in this phase         %F - percent flops in this phase
      %M - percent messages in this phase     %L - percent message lengths in this phase
      %R - percent reductions in this phase
   Total Mflop/s: 10e-6 * (sum of flops over all processors)/(max time over all processors)
------------------------------------------------------------------------------------------------------------------------


      ##########################################################
      #                                                        #
      #                          WARNING!!!                    #
      #                                                        #
      #   This code was run without the PreLoadBegin()         #
      #   macros. To get timing results we always recommend    #
      #   preloading. otherwise timing numbers may be          #
      #   meaningless.                                         #
      ##########################################################


Event                Count      Time (sec)     Flops/sec                         --- Global ---  --- Stage ---   Total
                   Max Ratio  Max     Ratio   Max  Ratio  Mess   Avg len Reduct  %T %F %M %L %R  %T %F %M %L %R Mflop/s
------------------------------------------------------------------------------------------------------------------------

--- Event Stage 0: Main Stage

VecDot            138357 1.0 1.8693e+01 2.8 9.58e+07 3.4 0.0e+00 0.0e+00 1.4e+05  2  2  0  0 66   2  2  0  0 66  4019
VecNorm            69347 1.0 1.4610e+01 4.0 8.96e+07 5.0 0.0e+00 0.0e+00 6.9e+04  1  1  0  0 33   1  1  0  0 33  2578
VecCopy              412 1.0 7.4445e-02 2.8 0.00e+00 0.0 0.0e+00 0.0e+00 0.0e+00  0  0  0  0  0   0  0  0  0  0     0
VecSet            138811 1.0 2.5672e-01 1.2 0.00e+00 0.0 0.0e+00 0.0e+00 0.0e+00  0  0  0  0  0   0  0  0  0  0     0
VecAXPY           276764 1.0 7.6176e-01 1.2 1.75e+09 1.1 0.0e+00 0.0e+00 0.0e+00  0  3  0  0  0   0  3  0  0  0 197318
VecAYPX           138298 1.0 3.5163e+00 1.2 1.86e+08 1.0 0.0e+00 0.0e+00 0.0e+00  0  2  0  0  0   0  2  0  0  0 21361
VecWAXPY          276580 1.0 6.1399e+00 1.2 1.90e+08 1.1 0.0e+00 0.0e+00 0.0e+00  1  3  0  0  0   1  3  0  0  0 21406
VecAssemblyBegin     310 1.0 1.7875e+00 3.4 0.00e+00 0.0 6.2e+04 8.6e+02 9.3e+02  0  0  0  0  0   0  0  0  0  0     0
VecAssemblyEnd       310 1.0 9.2183e-0221.8 0.00e+00 0.0 0.0e+00 0.0e+00 0.0e+00  0  0  0  0  0   0  0  0  0  0     0
VecScatterBegin   138559 1.0 1.1559e+01 8.5 0.00e+00 0.0 9.4e+07 5.4e+02 0.0e+00  1  0100 98  0   1  0100 98  0     0
VecScatterEnd     138559 1.0 4.2219e+00 4.2 0.00e+00 0.0 0.0e+00 0.0e+00 0.0e+00  0  0  0  0  0   0  0  0  0  0     0
MatMult           138424 1.0 4.4608e+01 1.4 4.84e+08 1.4 9.4e+07 5.4e+02 0.0e+00  5 46100 98  0   5 46100 98  0 44423
MatMultAdd            67 1.0 1.5196e-01 1.9 9.62e+07 2.0 4.5e+04 5.4e+02 0.0e+00  0  0  0  0  0   0  0  0  0  0  6443
MatSolve          138424 1.0 4.4234e+01 1.3 3.78e+08 1.0 0.0e+00 0.0e+00 0.0e+00  5 43  0  0  0   5 43  0  0  0 42550
MatLUFactorNum        67 1.0 2.7464e-01 1.3 1.95e+08 1.3 0.0e+00 0.0e+00 0.0e+00  0  0  0  0  0   0  0  0  0  0 17998
MatILUFactorSym        2 1.0 1.0325e-0211.3 0.00e+00 0.0 0.0e+00 0.0e+00 2.0e+00  0  0  0  0  0   0  0  0  0  0     0
MatAssemblyBegin     201 1.0 6.9577e+00 5.3 0.00e+00 0.0 6.2e+04 1.3e+04 4.0e+02  0  0  0  2  0   0  0  0  2  0     0
MatAssemblyEnd       201 1.0 3.2704e-01 2.2 0.00e+00 0.0 1.4e+03 2.9e+02 2.1e+02  0  0  0  0  0   0  0  0  0  0     0
MatGetOrdering         2 1.0 5.8770e-0330.6 0.00e+00 0.0 0.0e+00 0.0e+00 4.0e+00  0  0  0  0  0   0  0  0  0  0     0
MatZeroEntries        96 1.0 3.2384e-02 3.3 0.00e+00 0.0 0.0e+00 0.0e+00 0.0e+00  0  0  0  0  0   0  0  0  0  0     0
KSPSetup             134 1.0 1.8771e-02 7.1 0.00e+00 0.0 0.0e+00 0.0e+00 0.0e+00  0  0  0  0  0   0  0  0  0  0     0
KSPSolve              67 1.0 1.1720e+02 1.0 3.22e+08 1.3 9.4e+07 5.4e+02 2.1e+05 16100100 98 99  16100100 98 99 37017
PCSetUp              134 1.0 4.2756e-01 1.8 1.74e+08 1.9 0.0e+00 0.0e+00 6.0e+00  0  0  0  0  0   0  0  0  0  0 11561
PCSetUpOnBlocks       67 1.0 3.1643e-01 1.5 1.89e+08 1.4 0.0e+00 0.0e+00 6.0e+00  0  0  0  0  0   0  0  0  0  0 15621
PCApply           138424 1.0 4.5885e+01 1.3 3.63e+08 1.0 0.0e+00 0.0e+00 0.0e+00  6 43  0  0  0   6 43  0  0  0 41018
------------------------------------------------------------------------------------------------------------------------

Memory usage is given in bytes:

Object Type          Creations   Destructions   Memory  Descendants' Mem.

--- Event Stage 0: Main Stage

           Index Set    78             78     690524     0
                 Map   185            185      47360     0
                 Vec   187            187    2755984     0
         Vec Scatter    70             70    3540228     0
              Matrix     8              8    4072024     1.19827e+06
       Krylov Solver     4              4        304     285768
      Preconditioner     4              4        480     1.11104e+06
========================================================================================================================
Average time to get PetscTime(): 1.3113e-06
Average time for MPI_Barrier(): 2.49863e-05
Average time for zero size MPI_Send(): 0.000142438
Compiled without FORTRAN kernels
Compiled with double precision matrices (default)
sizeof(short) 2 sizeof(int) 4 sizeof(long) 8 sizeof(void *) 8   
Libraries compiled on Tue Dec 13 11:13:18 PST 2005 on columbia  
Machine characteristics: Linux columbia 2.6.5-7.202.5-sn2 #1 SMP Thu Aug 25 06:20:45 UTC 2005 ia64 ia64 ia64 GNU/Linux  
Using PETSc directory: /u/benkirk/petsc-2.2.0 
Using PETSc arch: linux64_intel 
-----------------------------------------   
Using C compiler: icc -KPIC -O2 -ftz -I/u/benkirk/petsc-2.2.0 -I/u/benkirk/petsc-2.2.0/bmake/linux64_intel -I/u/benkirk/petsc-2.2.0/include   -I/opt/sgi/mpt/1.12.0.0/include                                                                                                                           -DPETSC_USE_FOR_KERNELS -DPETSC_USE_LOG -DPETSC_USE_DEBUG -DPETSC_USE_BOPT_O -DPETSC_USE_EXTERN_CXX -DMPI_NO_CPPBIND -wd1476 -D__SDIR__='. '  
C Compiler version: 
Intel(R) C Itanium(R) Compiler for Itanium(R)-based applications 
Version 9.0    Build 20051020 Package ID: l_cc_c_9.0.027 
C++ Compiler version: 
Intel(R) C Itanium(R) Compiler for Itanium(R)-based applications 
Using Fortran compiler: ifort -w -KPIC -O2 -ftz -I/u/benkirk/petsc-2.2.0 -I/u/benkirk/petsc-2.2.0/bmake/linux64_intel -I/u/benkirk/petsc-2.2.0/include   -I/opt/sgi/mpt/1.12.0.0/include                                                                                                                           -DPETSC_USE_FOR_KERNELS -DPETSC_USE_LOG -DPETSC_USE_DEBUG -DPETSC_USE_BOPT_O -DPETSC_USE_EXTERN_CXX  
Fortran Compiler version: 
Intel(R) Fortran Itanium(R) Compiler for Itanium(R)-based applications 
Version 9.0    Build 20051020 Package ID: l_fc_c_9.0.028 
-----------------------------------------   
Using PETSc flags: -DPETSC_USE_FOR_KERNELS -DPETSC_USE_LOG -DPETSC_USE_DEBUG -DPETSC_USE_BOPT_O -DPETSC_USE_EXTERN_CXX                                                                                                                        
----------------------------------------- 
Using configuration flags: 
----------------------------------------- 
Using include paths: -I/u/benkirk/petsc-2.2.0 -I/u/benkirk/petsc-2.2.0/bmake/linux64_intel -I/u/benkirk/petsc-2.2.0/include   -I/opt/sgi/mpt/1.12.0.0/include    
------------------------------------------   
Using C linker: icc -i_dynamic -O2 -ftz -Qoption,link,-rpath,/u/benkirk/petsc-2.2.0/lib/libO/linux64_intel  
Using Fortran linker: icc -i_dynamic -O2 -ftz -Qoption,link,-rpath,/u/benkirk/petsc-2.2.0/lib/libO/linux64_intel  
Using libraries: -L/u/benkirk/petsc-2.2.0/lib/libO/linux64_intel -lpetscts -lpetscsnes -lpetscksp -lpetscdm -lpetscmat -lpetscvec -lpetsc                                                                                                                                                                                                                                                                              -Wl,-rpath,/opt/sgi/scsl/1.6.1.0/lib -L/opt/sgi/scsl/1.6.1.0/lib -lscs -L/opt/sgi/mpt/1.12.0.0/lib -lmpi -lifport -lifcoremt -ldl -limf -lm -lcxa -lunwind -lpthread -lirc 
 -------------------------------------------------------------------------------

 Run completed in 759 seconds
