
 -----------------------------------------------
| Master Host:   cfe1.nas.nasa.gov
| Working Dir:   /u/benkirk/nobackup/bmurray_code/run.columbia
| # of Procs:    24
| Case name::    pm_jwp_fine
 -----------------------------------------------

Using input file: pm_jwp_fine.in
Initializing EquationSystems ... 
 Mesh Information:
  mesh_dimension()=2
  spatial_dimension()=3
  n_nodes()=90601
  n_elem()=90000
   n_local_elem()=3761
   n_active_elem()=90000
  n_subdomains()=1
  n_processors()=24
  processor_id()=0

 EquationSystems
  n_systems()=2
   System "Porous Media"
    Type "TransientLinearImplicit"
    Variables="p" "t" "s" 
    Finite Element Types="LAGRANGE" "LAGRANGE" "LAGRANGE" 
    Approximation Orders="FIRST" "FIRST" "FIRST" 
    n_dofs()=271803
    n_local_dofs()=11778
    n_constrained_dofs()=0
    n_vectors()=6
   System "Velocity"
    Type "TransientLinearImplicit"
    Variables="u" "v" 
    Finite Element Types="LAGRANGE" "LAGRANGE" 
    Approximation Orders="FIRST" "FIRST" 
    n_dofs()=181202
    n_local_dofs()=7852
    n_constrained_dofs()=0
    n_vectors()=3

======= Starting time step     1 time=0 dt=0.01 =======
F_norms[0]=0.082227

-------------------------------------------------------
| Processor id:   0                                    |
| Num Processors: 24                                   |
| Time:           Thu Apr 20 17:27:21 2006             |
| OS:             Linux                                |
| HostName:       columbia9                            |
| OS Release:     2.6.5-7.202.7-sn2                    |
| OS Version:     #5 SMP Thu Mar 16 17:51:36 PST 2006  |
| Machine:        ia64                                 |
| Username:       benkirk                              |
-------------------------------------------------------
 ------------------------------------------------------------------------------
| Porous Media Performance: Alive time=46.856, Active time=25.5017             |
 ------------------------------------------------------------------------------
| Event                         nCalls    Total       Avg         Percent of   |
|                                         Time        Time        Active Time  |
|------------------------------------------------------------------------------|
|                                                                              |
| assemble                      1         0.4319      0.431915    1.69         |
| assemble + linear solve       1         25.0698     25.069769   98.31        |
 ------------------------------------------------------------------------------
| Totals:                       2         25.5017                 100.00       |
 ------------------------------------------------------------------------------

Linear solver converged at step: 2000, final residual: 4.31284e-10  ||u - u_old|| = 2.60099
F_norms[1]=7.15268e-07
 Nonlinear solver converged at step 1

F_norms[0]=0.082227		 etas[0]=0			 n_its[0]=2000
F_norms[1]=7.15268e-07		 etas[1]=0			 n_its[1]=0
Computing Surface fluxes...
Computing Kinetic Energy...
======= Finished time step     1 time=0.01 dt=0.01 =======


======= Starting time step     2 time=0.01 dt=0.01 =======
F_norms[0]=9.67831e-05
 ------------------------------------------------------------------------------
| Porous Media Performance: Alive time=58.2697, Active time=36.3433            |
 ------------------------------------------------------------------------------
| Event                         nCalls    Total       Avg         Percent of   |
|                                         Time        Time        Active Time  |
|------------------------------------------------------------------------------|
|                                                                              |
| assemble                      3         1.2807      0.426912    3.52         |
| assemble + linear solve       2         35.0626     17.531292   96.48        |
 ------------------------------------------------------------------------------
| Totals:                       5         36.3433                 100.00       |
 ------------------------------------------------------------------------------

Linear solver converged at step: 796, final residual: 2.39447e-11  ||u - u_old|| = 0.980712
F_norms[1]=1.0009e-06
 Nonlinear solver converged at step 1

F_norms[0]=9.67831e-05		 etas[0]=0			 n_its[0]=796
F_norms[1]=1.0009e-06		 etas[1]=0			 n_its[1]=0
Computing Surface fluxes...
Computing Kinetic Energy...
======= Finished time step     2 time=0.02 dt=0.01 =======


======= Starting time step     3 time=0.02 dt=0.01 =======
F_norms[0]=0.000201933
 ------------------------------------------------------------------------------
| Porous Media Performance: Alive time=69.6081, Active time=47.136             |
 ------------------------------------------------------------------------------
| Event                         nCalls    Total       Avg         Percent of   |
|                                         Time        Time        Active Time  |
|------------------------------------------------------------------------------|
|                                                                              |
| assemble                      5         2.1266      0.425317    4.51         |
| assemble + linear solve       3         45.0094     15.003147   95.49        |
 ------------------------------------------------------------------------------
| Totals:                       8         47.1360                 100.00       |
 ------------------------------------------------------------------------------

Linear solver converged at step: 793, final residual: 3.96526e-11  ||u - u_old|| = 1.99902
F_norms[1]=3.59787e-06
 Nonlinear solver converged at step 1

F_norms[0]=0.000201933		 etas[0]=0			 n_its[0]=793
F_norms[1]=3.59787e-06		 etas[1]=0			 n_its[1]=0
 |TE|_oo = 0
 Scaling timestep by 1
--------------------------------------------------------------------------
Computing Surface fluxes...
Computing Kinetic Energy...
======= Finished time step     3 time=0.03 dt=0.01 =======


======= Starting time step     4 time=0.03 dt=0.01 =======
F_norms[0]=0.000424313
 ------------------------------------------------------------------------------
| Porous Media Performance: Alive time=81.6831, Active time=58.6743            |
 ------------------------------------------------------------------------------
| Event                         nCalls    Total       Avg         Percent of   |
|                                         Time        Time        Active Time  |
|------------------------------------------------------------------------------|
|                                                                              |
| assemble                      7         2.9730      0.424710    5.07         |
| assemble + linear solve       4         55.7013     13.925325   94.93        |
 ------------------------------------------------------------------------------
| Totals:                       11        58.6743                 100.00       |
 ------------------------------------------------------------------------------

Linear solver converged at step: 849, final residual: 3.28364e-11  ||u - u_old|| = 4.15598
F_norms[1]=1.53021e-05
 ------------------------------------------------------------------------------
| Porous Media Performance: Alive time=91.1069, Active time=68.0704            |
 ------------------------------------------------------------------------------
| Event                         nCalls    Total       Avg         Percent of   |
|                                         Time        Time        Active Time  |
|------------------------------------------------------------------------------|
|                                                                              |
| assemble                      8         3.3968      0.424598    4.99         |
| assemble + linear solve       5         64.6736     12.934720   95.01        |
 ------------------------------------------------------------------------------
| Totals:                       13        68.0704                 100.00       |
 ------------------------------------------------------------------------------

Linear solver converged at step: 714, final residual: 5.12162e-12  ||u - u_old|| = 0.0454179
F_norms[2]=3.67075e-07
 Nonlinear solver converged at step 2

F_norms[0]=0.000424313		 etas[0]=0			 n_its[0]=849
F_norms[1]=1.53021e-05		 etas[1]=0			 n_its[1]=714
F_norms[2]=3.67075e-07		 etas[2]=0			 n_its[2]=0
 |TE|_oo = 0
 Scaling timestep by 1
--------------------------------------------------------------------------
Computing Surface fluxes...
Computing Kinetic Energy...
======= Finished time step     4 time=0.04 dt=0.01 =======


======= Starting time step     5 time=0.04 dt=0.01 =======
F_norms[0]=0.00088896
 ------------------------------------------------------------------------------
| Porous Media Performance: Alive time=103.054, Active time=79.4762            |
 ------------------------------------------------------------------------------
| Event                         nCalls    Total       Avg         Percent of   |
|                                         Time        Time        Active Time  |
|------------------------------------------------------------------------------|
|                                                                              |
| assemble                      10        4.2483      0.424827    5.35         |
| assemble + linear solve       6         75.2279     12.537985   94.65        |
 ------------------------------------------------------------------------------
| Totals:                       16        79.4762                 100.00       |
 ------------------------------------------------------------------------------

Linear solver converged at step: 839, final residual: 1.93716e-10  ||u - u_old|| = 8.73599
F_norms[1]=6.75637e-05
 ------------------------------------------------------------------------------
| Porous Media Performance: Alive time=128.584, Active time=104.979            |
 ------------------------------------------------------------------------------
| Event                         nCalls    Total       Avg         Percent of   |
|                                         Time        Time        Active Time  |
|------------------------------------------------------------------------------|
|                                                                              |
| assemble                      11        4.6720      0.424729    4.45         |
| assemble + linear solve       7         100.3068    14.329546   95.55        |
 ------------------------------------------------------------------------------
| Totals:                       18        104.9788                100.00       |
 ------------------------------------------------------------------------------

Linear solver converged at step: 2000, final residual: 6.38473e-11  ||u - u_old|| = 0.212684
F_norms[2]=5.58059e-07
 Nonlinear solver converged at step 2

F_norms[0]=0.00088896		 etas[0]=0			 n_its[0]=839
F_norms[1]=6.75637e-05		 etas[1]=0			 n_its[1]=2000
F_norms[2]=5.58059e-07		 etas[2]=0			 n_its[2]=0
 |TE|_oo = 0
 Scaling timestep by 1
--------------------------------------------------------------------------
Computing Surface fluxes...
Computing Kinetic Energy...
======= Finished time step     5 time=0.05 dt=0.01 =======


======= Starting time step     6 time=0.05 dt=0.01 =======
F_norms[0]=0.00187428
 ------------------------------------------------------------------------------
| Porous Media Performance: Alive time=140.127, Active time=115.968            |
 ------------------------------------------------------------------------------
| Event                         nCalls    Total       Avg         Percent of   |
|                                         Time        Time        Active Time  |
|------------------------------------------------------------------------------|
|                                                                              |
| assemble                      13        5.5188      0.424521    4.76         |
| assemble + linear solve       8         110.4496    13.806204   95.24        |
 ------------------------------------------------------------------------------
| Totals:                       21        115.9684                100.00       |
 ------------------------------------------------------------------------------

Linear solver converged at step: 806, final residual: 5.33804e-10  ||u - u_old|| = 19.0615
F_norms[1]=0.000319121
 ------------------------------------------------------------------------------
| Porous Media Performance: Alive time=151.587, Active time=127.401            |
 ------------------------------------------------------------------------------
| Event                         nCalls    Total       Avg         Percent of   |
|                                         Time        Time        Active Time  |
|------------------------------------------------------------------------------|
|                                                                              |
| assemble                      14        5.9425      0.424462    4.66         |
| assemble + linear solve       9         121.4586    13.495396   95.34        |
 ------------------------------------------------------------------------------
| Totals:                       23        127.4010                100.00       |
 ------------------------------------------------------------------------------

Linear solver converged at step: 874, final residual: 9.14159e-11  ||u - u_old|| = 1.25049
F_norms[2]=2.15485e-06
 Nonlinear solver converged at step 2

F_norms[0]=0.00187428		 etas[0]=0			 n_its[0]=806
F_norms[1]=0.000319121		 etas[1]=0			 n_its[1]=874
F_norms[2]=2.15485e-06		 etas[2]=0			 n_its[2]=0
 |TE|_oo = 0
 Scaling timestep by 1
--------------------------------------------------------------------------
Computing Surface fluxes...
Computing Kinetic Energy...
======= Finished time step     6 time=0.06 dt=0.01 =======


======= Starting time step     7 time=0.06 dt=0.01 =======
F_norms[0]=0.00411452
 ------------------------------------------------------------------------------
| Porous Media Performance: Alive time=163.894, Active time=139.162            |
 ------------------------------------------------------------------------------
| Event                         nCalls    Total       Avg         Percent of   |
|                                         Time        Time        Active Time  |
|------------------------------------------------------------------------------|
|                                                                              |
| assemble                      16        6.7920      0.424499    4.88         |
| assemble + linear solve       10        132.3701    13.237010   95.12        |
 ------------------------------------------------------------------------------
| Totals:                       26        139.1621                100.00       |
 ------------------------------------------------------------------------------

Linear solver converged at step: 866, final residual: 9.0779e-10  ||u - u_old|| = 49.2016
F_norms[1]=0.00205493
 ------------------------------------------------------------------------------
| Porous Media Performance: Alive time=177.535, Active time=152.776            |
 ------------------------------------------------------------------------------
| Event                         nCalls    Total       Avg         Percent of   |
|                                         Time        Time        Active Time  |
|------------------------------------------------------------------------------|
|                                                                              |
| assemble                      17        7.2167      0.424513    4.72         |
| assemble + linear solve       11        145.5596    13.232688   95.28        |
 ------------------------------------------------------------------------------
| Totals:                       28        152.7763                100.00       |
 ------------------------------------------------------------------------------

Linear solver converged at step: 1047, final residual: 6.62575e-10  ||u - u_old|| = 16.4768
F_norms[2]=0.000264863
 ------------------------------------------------------------------------------
| Porous Media Performance: Alive time=191.571, Active time=166.786            |
 ------------------------------------------------------------------------------
| Event                         nCalls    Total       Avg         Percent of   |
|                                         Time        Time        Active Time  |
|------------------------------------------------------------------------------|
|                                                                              |
| assemble                      18        7.6419      0.424551    4.58         |
| assemble + linear solve       12        159.1437    13.261978   95.42        |
 ------------------------------------------------------------------------------
| Totals:                       30        166.7857                100.00       |
 ------------------------------------------------------------------------------

Linear solver converged at step: 1082, final residual: 7.15611e-11  ||u - u_old|| = 1.88882
F_norms[3]=1.8931e-06
 Nonlinear solver converged at step 3

F_norms[0]=0.00411452		 etas[0]=0			 n_its[0]=866
F_norms[1]=0.00205493		 etas[1]=0			 n_its[1]=1047
F_norms[2]=0.000264863		 etas[2]=0			 n_its[2]=1082
F_norms[3]=1.8931e-06		 etas[3]=0			 n_its[3]=0
 |TE|_oo = 0
 Scaling timestep by 1
--------------------------------------------------------------------------
Computing Surface fluxes...
Computing Kinetic Energy...
======= Finished time step     7 time=0.07 dt=0.01 =======


======= Starting time step     8 time=0.07 dt=0.01 =======
F_norms[0]=0.0114424
 ------------------------------------------------------------------------------
| Porous Media Performance: Alive time=208.194, Active time=182.868            |
 ------------------------------------------------------------------------------
| Event                         nCalls    Total       Avg         Percent of   |
|                                         Time        Time        Active Time  |
|------------------------------------------------------------------------------|
|                                                                              |
| assemble                      20        8.4913      0.424566    4.64         |
| assemble + linear solve       13        174.3763    13.413562   95.36        |
 ------------------------------------------------------------------------------
| Totals:                       33        182.8676                100.00       |
 ------------------------------------------------------------------------------

Linear solver converged at step: 1211, final residual: 3.03498e-09  ||u - u_old|| = 323.509
F_norms[1]=0.0666914
 ------------------------------------------------------------------------------
| Porous Media Performance: Alive time=233.801, Active time=208.449            |
 ------------------------------------------------------------------------------
| Event                         nCalls    Total       Avg         Percent of   |
|                                         Time        Time        Active Time  |
|------------------------------------------------------------------------------|
|                                                                              |
| assemble                      21        8.9161      0.424576    4.28         |
| assemble + linear solve       14        199.5329    14.252351   95.72        |
 ------------------------------------------------------------------------------
| Totals:                       35        208.4490                100.00       |
 ------------------------------------------------------------------------------

Linear solver converged at step: 2000, final residual: 2.87838e-05  ||u - u_old|| = 150.803
F_norms[2]=0.0108568
 ------------------------------------------------------------------------------
| Porous Media Performance: Alive time=259.345, Active time=233.966            |
 ------------------------------------------------------------------------------
| Event                         nCalls    Total       Avg         Percent of   |
|                                         Time        Time        Active Time  |
|------------------------------------------------------------------------------|
|                                                                              |
| assemble                      22        9.3410      0.424589    3.99         |
| assemble + linear solve       15        224.6250    14.974999   96.01        |
 ------------------------------------------------------------------------------
| Totals:                       37        233.9659                100.00       |
 ------------------------------------------------------------------------------

Linear solver converged at step: 2000, final residual: 2.01208e-08  ||u - u_old|| = 84.7749
F_norms[3]=0.00106726
 ------------------------------------------------------------------------------
| Porous Media Performance: Alive time=284.969, Active time=259.565            |
 ------------------------------------------------------------------------------
| Event                         nCalls    Total       Avg         Percent of   |
|                                         Time        Time        Active Time  |
|------------------------------------------------------------------------------|
|                                                                              |
| assemble                      23        9.7658      0.424599    3.76         |
| assemble + linear solve       16        249.7991    15.612447   96.24        |
 ------------------------------------------------------------------------------
| Totals:                       39        259.5649                100.00       |
 ------------------------------------------------------------------------------

Linear solver converged at step: 2000, final residual: 2.72284e-09  ||u - u_old|| = 8.0624
F_norms[4]=1.76999e-05
 ------------------------------------------------------------------------------
| Porous Media Performance: Alive time=310.041, Active time=284.612            |
 ------------------------------------------------------------------------------
| Event                         nCalls    Total       Avg         Percent of   |
|                                         Time        Time        Active Time  |
|------------------------------------------------------------------------------|
|                                                                              |
| assemble                      24        10.1903     0.424595    3.58         |
| assemble + linear solve       17        274.4218    16.142459   96.42        |
 ------------------------------------------------------------------------------
| Totals:                       41        284.6121                100.00       |
 ------------------------------------------------------------------------------

Linear solver converged at step: 2000, final residual: 1.18106e-10  ||u - u_old|| = 0.0959991
F_norms[5]=5.02374e-07
 Nonlinear solver converged at step 5

F_norms[0]=0.0114424		 etas[0]=0			 n_its[0]=1211
F_norms[1]=0.0666914		 etas[1]=0			 n_its[1]=2000
F_norms[2]=0.0108568		 etas[2]=0			 n_its[2]=2000
F_norms[3]=0.00106726		 etas[3]=0			 n_its[3]=2000
F_norms[4]=1.76999e-05		 etas[4]=0			 n_its[4]=2000
F_norms[5]=5.02374e-07		 etas[5]=0			 n_its[5]=0
 |TE|_oo = 0
 Scaling timestep by 1
--------------------------------------------------------------------------
Computing Surface fluxes...
Computing Kinetic Energy...
======= Finished time step     8 time=0.08 dt=0.01 =======


======= Starting time step     9 time=0.08 dt=0.01 =======
F_norms[0]=0.0316962
 ------------------------------------------------------------------------------
| Porous Media Performance: Alive time=336.608, Active time=310.614            |
 ------------------------------------------------------------------------------
| Event                         nCalls    Total       Avg         Percent of   |
|                                         Time        Time        Active Time  |
|------------------------------------------------------------------------------|
|                                                                              |
| assemble                      26        11.0393     0.424588    3.55         |
| assemble + linear solve       18        299.5750    16.643055   96.45        |
 ------------------------------------------------------------------------------
| Totals:                       44        310.6143                100.00       |
 ------------------------------------------------------------------------------

Linear solver converged at step: 2000, final residual: 1.7474e-07  ||u - u_old|| = 967.583
F_norms[1]=0.0670377
 ------------------------------------------------------------------------------
| Porous Media Performance: Alive time=362.079, Active time=336.058            |
 ------------------------------------------------------------------------------
| Event                         nCalls    Total       Avg         Percent of   |
|                                         Time        Time        Active Time  |
|------------------------------------------------------------------------------|
|                                                                              |
| assemble                      27        11.4641     0.424598    3.41         |
| assemble + linear solve       19        324.5936    17.083876   96.59        |
 ------------------------------------------------------------------------------
| Totals:                       46        336.0578                100.00       |
 ------------------------------------------------------------------------------

Linear solver converged at step: 1993, final residual: 1.89122e-08  ||u - u_old|| = 283.797
F_norms[2]=0.01134
 ------------------------------------------------------------------------------
| Porous Media Performance: Alive time=385.677, Active time=359.63             |
 ------------------------------------------------------------------------------
| Event                         nCalls    Total       Avg         Percent of   |
|                                         Time        Time        Active Time  |
|------------------------------------------------------------------------------|
|                                                                              |
| assemble                      28        11.8886     0.424592    3.31         |
| assemble + linear solve       20        347.7410    17.387051   96.69        |
 ------------------------------------------------------------------------------
| Totals:                       48        359.6296                100.00       |
 ------------------------------------------------------------------------------

Linear solver converged at step: 1843, final residual: 2.16113e-09  ||u - u_old|| = 35.2183
F_norms[3]=0.000496702
 ------------------------------------------------------------------------------
| Porous Media Performance: Alive time=408.5, Active time=382.426              |
 ------------------------------------------------------------------------------
| Event                         nCalls    Total       Avg         Percent of   |
|                                         Time        Time        Active Time  |
|------------------------------------------------------------------------------|
|                                                                              |
| assemble                      29        12.3127     0.424576    3.22         |
| assemble + linear solve       21        370.1133    17.624445   96.78        |
 ------------------------------------------------------------------------------
| Totals:                       50        382.4260                100.00       |
 ------------------------------------------------------------------------------

Linear solver converged at step: 1779, final residual: 5.17886e-11  ||u - u_old|| = 1.03053
F_norms[4]=1.84979e-06
 Nonlinear solver converged at step 4

F_norms[0]=0.0316962		 etas[0]=0			 n_its[0]=2000
F_norms[1]=0.0670377		 etas[1]=0			 n_its[1]=1993
F_norms[2]=0.01134		 etas[2]=0			 n_its[2]=1843
F_norms[3]=0.000496702		 etas[3]=0			 n_its[3]=1779
F_norms[4]=1.84979e-06		 etas[4]=0			 n_its[4]=0
 |TE|_oo = 0
 Scaling timestep by 1
--------------------------------------------------------------------------
Computing Surface fluxes...
Computing Kinetic Energy...
======= Finished time step     9 time=0.09 dt=0.01 =======


======= Starting time step    10 time=0.09 dt=0.01 =======
F_norms[0]=0.032147
 ------------------------------------------------------------------------------
| Porous Media Performance: Alive time=434.788, Active time=408.146            |
 ------------------------------------------------------------------------------
| Event                         nCalls    Total       Avg         Percent of   |
|                                         Time        Time        Active Time  |
|------------------------------------------------------------------------------|
|                                                                              |
| assemble                      31        13.1609     0.424546    3.22         |
| assemble + linear solve       22        394.9848    17.953853   96.78        |
 ------------------------------------------------------------------------------
| Totals:                       53        408.1457                100.00       |
 ------------------------------------------------------------------------------

Linear solver converged at step: 1983, final residual: 3.19086e-09  ||u - u_old|| = 515.827
F_norms[1]=0.00484341
 ------------------------------------------------------------------------------
| Porous Media Performance: Alive time=456.05, Active time=429.38              |
 ------------------------------------------------------------------------------
| Event                         nCalls    Total       Avg         Percent of   |
|                                         Time        Time        Active Time  |
|------------------------------------------------------------------------------|
|                                                                              |
| assemble                      32        13.5855     0.424547    3.16         |
| assemble + linear solve       23        415.7949    18.078041   96.84        |
 ------------------------------------------------------------------------------
| Totals:                       55        429.3805                100.00       |
 ------------------------------------------------------------------------------

Linear solver converged at step: 1656, final residual: 1.10231e-09  ||u - u_old|| = 18.7967
F_norms[2]=7.33285e-05
 ------------------------------------------------------------------------------
| Porous Media Performance: Alive time=477.934, Active time=451.237            |
 ------------------------------------------------------------------------------
| Event                         nCalls    Total       Avg         Percent of   |
|                                         Time        Time        Active Time  |
|------------------------------------------------------------------------------|
|                                                                              |
| assemble                      33        14.0102     0.424550    3.10         |
| assemble + linear solve       24        437.2266    18.217777   96.90        |
 ------------------------------------------------------------------------------
| Totals:                       57        451.2368                100.00       |
 ------------------------------------------------------------------------------

Linear solver converged at step: 1710, final residual: 2.04745e-11  ||u - u_old|| = 0.0736855
F_norms[3]=5.49314e-07
 Nonlinear solver converged at step 3

F_norms[0]=0.032147		 etas[0]=0			 n_its[0]=1983
F_norms[1]=0.00484341		 etas[1]=0			 n_its[1]=1656
F_norms[2]=7.33285e-05		 etas[2]=0			 n_its[2]=1710
F_norms[3]=5.49314e-07		 etas[3]=0			 n_its[3]=0
 |TE|_oo = 0
 Scaling timestep by 1
--------------------------------------------------------------------------
Computing Surface fluxes...
Computing Kinetic Energy...
======= Finished time step    10 time=0.1 dt=0.01 =======


======= Starting time step    11 time=0.1 dt=0.01 =======
F_norms[0]=0.0192593
 ------------------------------------------------------------------------------
| Porous Media Performance: Alive time=516.43, Active time=476.888             |
 ------------------------------------------------------------------------------
| Event                         nCalls    Total       Avg         Percent of   |
|                                         Time        Time        Active Time  |
|------------------------------------------------------------------------------|
|                                                                              |
| assemble                      35        14.8583     0.424524    3.12         |
| assemble + linear solve       25        462.0296    18.481184   96.88        |
 ------------------------------------------------------------------------------
| Totals:                       60        476.8880                100.00       |
 ------------------------------------------------------------------------------

Linear solver converged at step: 2000, final residual: 3.59021e-09  ||u - u_old|| = 205.019
F_norms[1]=0.00081507
 ------------------------------------------------------------------------------
| Porous Media Performance: Alive time=538.89, Active time=499.321             |
 ------------------------------------------------------------------------------
| Event                         nCalls    Total       Avg         Percent of   |
|                                         Time        Time        Active Time  |
|------------------------------------------------------------------------------|
|                                                                              |
| assemble                      36        15.2810     0.424471    3.06         |
| assemble + linear solve       26        484.0401    18.616928   96.94        |
 ------------------------------------------------------------------------------
| Totals:                       62        499.3211                100.00       |
 ------------------------------------------------------------------------------

Linear solver converged at step: 1771, final residual: 1.42129e-10  ||u - u_old|| = 9.91202
F_norms[2]=2.76732e-06
 Nonlinear solver converged at step 2

F_norms[0]=0.0192593		 etas[0]=0			 n_its[0]=2000
F_norms[1]=0.00081507		 etas[1]=0			 n_its[1]=1771
F_norms[2]=2.76732e-06		 etas[2]=0			 n_its[2]=0
 |TE|_oo = 0
 Scaling timestep by 1
--------------------------------------------------------------------------
Computing Surface fluxes...
Computing Kinetic Energy...
======= Finished time step    11 time=0.11 dt=0.01 =======


======= Starting time step    12 time=0.11 dt=0.01 =======
F_norms[0]=0.00844735
 ------------------------------------------------------------------------------
| Porous Media Performance: Alive time=564.811, Active time=524.685            |
 ------------------------------------------------------------------------------
| Event                         nCalls    Total       Avg         Percent of   |
|                                         Time        Time        Active Time  |
|------------------------------------------------------------------------------|
|                                                                              |
| assemble                      38        16.1283     0.424428    3.07         |
| assemble + linear solve       27        508.5569    18.835441   96.93        |
 ------------------------------------------------------------------------------
| Totals:                       65        524.6852                100.00       |
 ------------------------------------------------------------------------------

Linear solver converged at step: 1949, final residual: 5.00077e-10  ||u - u_old|| = 49.5439
F_norms[1]=0.000277174
 ------------------------------------------------------------------------------
| Porous Media Performance: Alive time=586.841, Active time=546.688            |
 ------------------------------------------------------------------------------
| Event                         nCalls    Total       Avg         Percent of   |
|                                         Time        Time        Active Time  |
|------------------------------------------------------------------------------|
|                                                                              |
| assemble                      39        16.5526     0.424426    3.03         |
| assemble + linear solve       28        530.1356    18.933413   96.97        |
 ------------------------------------------------------------------------------
| Totals:                       67        546.6882                100.00       |
 ------------------------------------------------------------------------------

Linear solver converged at step: 1726, final residual: 3.42442e-11  ||u - u_old|| = 3.32999
F_norms[2]=9.1999e-07
 Nonlinear solver converged at step 2

F_norms[0]=0.00844735		 etas[0]=0			 n_its[0]=1949
F_norms[1]=0.000277174		 etas[1]=0			 n_its[1]=1726
F_norms[2]=9.1999e-07		 etas[2]=0			 n_its[2]=0
 |TE|_oo = 0
 Scaling timestep by 1
--------------------------------------------------------------------------
Computing Surface fluxes...
Computing Kinetic Energy...
======= Finished time step    12 time=0.12 dt=0.01 =======


======= Starting time step    13 time=0.12 dt=0.01 =======
F_norms[0]=0.00349537
 ------------------------------------------------------------------------------
| Porous Media Performance: Alive time=609.09, Active time=568.382             |
 ------------------------------------------------------------------------------
| Event                         nCalls    Total       Avg         Percent of   |
|                                         Time        Time        Active Time  |
|------------------------------------------------------------------------------|
|                                                                              |
| assemble                      41        17.3990     0.424365    3.06         |
| assemble + linear solve       29        550.9829    18.999411   96.94        |
 ------------------------------------------------------------------------------
| Totals:                       70        568.3819                100.00       |
 ------------------------------------------------------------------------------

Linear solver converged at step: 1729, final residual: 1.96442e-10  ||u - u_old|| = 40.0325
F_norms[1]=0.000104262
 ------------------------------------------------------------------------------
| Porous Media Performance: Alive time=630.14, Active time=589.405             |
 ------------------------------------------------------------------------------
| Event                         nCalls    Total       Avg         Percent of   |
|                                         Time        Time        Active Time  |
|------------------------------------------------------------------------------|
|                                                                              |
| assemble                      42        17.8212     0.424314    3.02         |
| assemble + linear solve       30        571.5840    19.052799   96.98        |
 ------------------------------------------------------------------------------
| Totals:                       72        589.4052                100.00       |
 ------------------------------------------------------------------------------

Linear solver converged at step: 1710, final residual: 1.86938e-11  ||u - u_old|| = 0.510153
F_norms[2]=8.90175e-07
 Nonlinear solver converged at step 2

F_norms[0]=0.00349537		 etas[0]=0			 n_its[0]=1729
F_norms[1]=0.000104262		 etas[1]=0			 n_its[1]=1710
F_norms[2]=8.90175e-07		 etas[2]=0			 n_its[2]=0
 |TE|_oo = 0
 Scaling timestep by 1
--------------------------------------------------------------------------
Computing Surface fluxes...
Computing Kinetic Energy...
======= Finished time step    13 time=0.13 dt=0.01 =======


======= Starting time step    14 time=0.13 dt=0.01 =======
F_norms[0]=0.00239997
 ------------------------------------------------------------------------------
| Porous Media Performance: Alive time=651.507, Active time=610.214            |
 ------------------------------------------------------------------------------
| Event                         nCalls    Total       Avg         Percent of   |
|                                         Time        Time        Active Time  |
|------------------------------------------------------------------------------|
|                                                                              |
| assemble                      44        18.6666     0.424242    3.06         |
| assemble + linear solve       31        591.5478    19.082187   96.94        |
 ------------------------------------------------------------------------------
| Totals:                       75        610.2144                100.00       |
 ------------------------------------------------------------------------------

Linear solver converged at step: 1656, final residual: 1.47337e-10  ||u - u_old|| = 42.7919
F_norms[1]=3.55881e-05
 ------------------------------------------------------------------------------
| Porous Media Performance: Alive time=673.521, Active time=632.201            |
 ------------------------------------------------------------------------------
| Event                         nCalls    Total       Avg         Percent of   |
|                                         Time        Time        Active Time  |
|------------------------------------------------------------------------------|
|                                                                              |
| assemble                      45        19.0898     0.424218    3.02         |
| assemble + linear solve       32        613.1113    19.159727   96.98        |
 ------------------------------------------------------------------------------
| Totals:                       77        632.2011                100.00       |
 ------------------------------------------------------------------------------

Linear solver converged at step: 1790, final residual: 5.30984e-12  ||u - u_old|| = 0.320875
F_norms[2]=4.15294e-07
 Nonlinear solver converged at step 2

F_norms[0]=0.00239997		 etas[0]=0			 n_its[0]=1656
F_norms[1]=3.55881e-05		 etas[1]=0			 n_its[1]=1790
F_norms[2]=4.15294e-07		 etas[2]=0			 n_its[2]=0
 |TE|_oo = 0
 Scaling timestep by 1
--------------------------------------------------------------------------
Computing Surface fluxes...
Computing Kinetic Energy...
======= Finished time step    14 time=0.14 dt=0.01 =======


======= Starting time step    15 time=0.14 dt=0.01 =======
F_norms[0]=0.00183159
 ------------------------------------------------------------------------------
| Porous Media Performance: Alive time=699.032, Active time=657.161            |
 ------------------------------------------------------------------------------
| Event                         nCalls    Total       Avg         Percent of   |
|                                         Time        Time        Active Time  |
|------------------------------------------------------------------------------|
|                                                                              |
| assemble                      47        19.9369     0.424190    3.03         |
| assemble + linear solve       33        637.2238    19.309811   96.97        |
 ------------------------------------------------------------------------------
| Totals:                       80        657.1607                100.00       |
 ------------------------------------------------------------------------------

Linear solver converged at step: 2000, final residual: 1.76832e-10  ||u - u_old|| = 29.3245
F_norms[1]=8.70989e-06
 Nonlinear solver converged at step 1

F_norms[0]=0.00183159		 etas[0]=0			 n_its[0]=2000
F_norms[1]=8.70989e-06		 etas[1]=0			 n_its[1]=0
 |TE|_oo = 0
 Scaling timestep by 1
--------------------------------------------------------------------------
Computing Surface fluxes...
Computing Kinetic Energy...
======= Finished time step    15 time=0.15 dt=0.01 =======


======= Starting time step    16 time=0.15 dt=0.01 =======
F_norms[0]=0.00113112
 ------------------------------------------------------------------------------
| Porous Media Performance: Alive time=724.527, Active time=682.103            |
 ------------------------------------------------------------------------------
| Event                         nCalls    Total       Avg         Percent of   |
|                                         Time        Time        Active Time  |
|------------------------------------------------------------------------------|
|                                                                              |
| assemble                      49        20.7841     0.424166    3.05         |
| assemble + linear solve       34        661.3188    19.450552   96.95        |
 ------------------------------------------------------------------------------
| Totals:                       83        682.1029                100.00       |
 ------------------------------------------------------------------------------

Linear solver converged at step: 2000, final residual: 8.34827e-10  ||u - u_old|| = 14.1528
F_norms[1]=3.24752e-06
 Nonlinear solver converged at step 1

F_norms[0]=0.00113112		 etas[0]=0			 n_its[0]=2000
F_norms[1]=3.24752e-06		 etas[1]=0			 n_its[1]=0
 |TE|_oo = 0
 Scaling timestep by 1
--------------------------------------------------------------------------
Computing Surface fluxes...
Computing Kinetic Energy...
======= Finished time step    16 time=0.16 dt=0.01 =======


======= Starting time step    17 time=0.16 dt=0.01 =======
F_norms[0]=0.000554247
 ------------------------------------------------------------------------------
| Porous Media Performance: Alive time=750.011, Active time=707.043            |
 ------------------------------------------------------------------------------
| Event                         nCalls    Total       Avg         Percent of   |
|                                         Time        Time        Active Time  |
|------------------------------------------------------------------------------|
|                                                                              |
| assemble                      51        21.6315     0.424147    3.06         |
| assemble + linear solve       35        685.4114    19.583184   96.94        |
 ------------------------------------------------------------------------------
| Totals:                       86        707.0430                100.00       |
 ------------------------------------------------------------------------------

Linear solver converged at step: 2000, final residual: 3.54016e-11  ||u - u_old|| = 4.15463
F_norms[1]=1.62357e-06
 Nonlinear solver converged at step 1

F_norms[0]=0.000554247		 etas[0]=0			 n_its[0]=2000
F_norms[1]=1.62357e-06		 etas[1]=0			 n_its[1]=0
 |TE|_oo = 0
 Scaling timestep by 1
--------------------------------------------------------------------------
Computing Surface fluxes...
Computing Kinetic Energy...
======= Finished time step    17 time=0.17 dt=0.01 =======


======= Starting time step    18 time=0.17 dt=0.01 =======
F_norms[0]=0.000236374
 ------------------------------------------------------------------------------
| Porous Media Performance: Alive time=775.51, Active time=732.003             |
 ------------------------------------------------------------------------------
| Event                         nCalls    Total       Avg         Percent of   |
|                                         Time        Time        Active Time  |
|------------------------------------------------------------------------------|
|                                                                              |
| assemble                      53        22.4781     0.424115    3.07         |
| assemble + linear solve       36        709.5251    19.709030   96.93        |
 ------------------------------------------------------------------------------
| Totals:                       89        732.0032                100.00       |
 ------------------------------------------------------------------------------

Linear solver converged at step: 2000, final residual: 2.43453e-11  ||u - u_old|| = 2.25305
F_norms[1]=1.39571e-06
 Nonlinear solver converged at step 1

F_norms[0]=0.000236374		 etas[0]=0			 n_its[0]=2000
F_norms[1]=1.39571e-06		 etas[1]=0			 n_its[1]=0
 |TE|_oo = 0
 Scaling timestep by 1
--------------------------------------------------------------------------
Computing Surface fluxes...
Computing Kinetic Energy...
======= Finished time step    18 time=0.18 dt=0.01 =======


======= Starting time step    19 time=0.18 dt=0.01 =======
F_norms[0]=0.000153753
 ------------------------------------------------------------------------------
| Porous Media Performance: Alive time=800.995, Active time=756.943            |
 ------------------------------------------------------------------------------
| Event                         nCalls    Total       Avg         Percent of   |
|                                         Time        Time        Active Time  |
|------------------------------------------------------------------------------|
|                                                                              |
| assemble                      55        23.3218     0.424033    3.08         |
| assemble + linear solve       37        733.6209    19.827593   96.92        |
 ------------------------------------------------------------------------------
| Totals:                       92        756.9428                100.00       |
 ------------------------------------------------------------------------------

Linear solver converged at step: 2000, final residual: 7.3703e-11  ||u - u_old|| = 2.80313
F_norms[1]=1.4268e-06
 Nonlinear solver converged at step 1

F_norms[0]=0.000153753		 etas[0]=0			 n_its[0]=2000
F_norms[1]=1.4268e-06		 etas[1]=0			 n_its[1]=0
 |TE|_oo = 0
 Scaling timestep by 1
--------------------------------------------------------------------------
Computing Surface fluxes...
Computing Kinetic Energy...
======= Finished time step    19 time=0.19 dt=0.01 =======


======= Starting time step    20 time=0.19 dt=0.01 =======
F_norms[0]=0.000123935
 ------------------------------------------------------------------------------
| Porous Media Performance: Alive time=826.49, Active time=781.896             |
 ------------------------------------------------------------------------------
| Event                         nCalls    Total       Avg         Percent of   |
|                                         Time        Time        Active Time  |
|------------------------------------------------------------------------------|
|                                                                              |
| assemble                      57        24.1665     0.423973    3.09         |
| assemble + linear solve       38        757.7293    19.940246   96.91        |
 ------------------------------------------------------------------------------
| Totals:                       95        781.8958                100.00       |
 ------------------------------------------------------------------------------

Linear solver converged at step: 2000, final residual: 9.14618e-12  ||u - u_old|| = 2.07174
F_norms[1]=1.55631e-06
 Nonlinear solver converged at step 1

F_norms[0]=0.000123935		 etas[0]=0			 n_its[0]=2000
F_norms[1]=1.55631e-06		 etas[1]=0			 n_its[1]=0
 |TE|_oo = 0
 Scaling timestep by 1
--------------------------------------------------------------------------
Computing Surface fluxes...
Computing Kinetic Energy...
======= Finished time step    20 time=0.2 dt=0.01 =======


======= Starting time step    21 time=0.2 dt=0.01 =======
F_norms[0]=8.07961e-05
 ------------------------------------------------------------------------------
| Porous Media Performance: Alive time=864.425, Active time=806.865            |
 ------------------------------------------------------------------------------
| Event                         nCalls    Total       Avg         Percent of   |
|                                         Time        Time        Active Time  |
|------------------------------------------------------------------------------|
|                                                                              |
| assemble                      59        25.0132     0.423953    3.10         |
| assemble + linear solve       39        781.8515    20.047476   96.90        |
 ------------------------------------------------------------------------------
| Totals:                       98        806.8647                100.00       |
 ------------------------------------------------------------------------------

Linear solver converged at step: 2000, final residual: 5.55259e-12  ||u - u_old|| = 1.06609
F_norms[1]=8.2531e-07
 Nonlinear solver converged at step 1

F_norms[0]=8.07961e-05		 etas[0]=0			 n_its[0]=2000
F_norms[1]=8.2531e-07		 etas[1]=0			 n_its[1]=0
 |TE|_oo = 0
 Scaling timestep by 1
--------------------------------------------------------------------------
Computing Surface fluxes...
Computing Kinetic Energy...
======= Finished time step    21 time=0.21 dt=0.01 =======


======= Starting time step    22 time=0.21 dt=0.01 =======
F_norms[0]=4.11531e-05
 ------------------------------------------------------------------------------
| Porous Media Performance: Alive time=887.017, Active time=828.923            |
 ------------------------------------------------------------------------------
| Event                         nCalls    Total       Avg         Percent of   |
|                                         Time        Time        Active Time  |
|------------------------------------------------------------------------------|
|                                                                              |
| assemble                      61        25.8603     0.423939    3.12         |
| assemble + linear solve       40        803.0626    20.076564   96.88        |
 ------------------------------------------------------------------------------
| Totals:                       101       828.9228                100.00       |
 ------------------------------------------------------------------------------

Linear solver converged at step: 1760, final residual: 1.72186e-12  ||u - u_old|| = 0.34824
F_norms[1]=7.17419e-07
 Nonlinear solver converged at step 1

F_norms[0]=4.11531e-05		 etas[0]=0			 n_its[0]=1760
F_norms[1]=7.17419e-07		 etas[1]=0			 n_its[1]=0
 |TE|_oo = 0
 Scaling timestep by 1
--------------------------------------------------------------------------
Computing Surface fluxes...
Computing Kinetic Energy...
======= Finished time step    22 time=0.22 dt=0.01 =======


======= Starting time step    23 time=0.22 dt=0.01 =======
F_norms[0]=1.74412e-05
 ------------------------------------------------------------------------------
| Porous Media Performance: Alive time=912.49, Active time=853.854             |
 ------------------------------------------------------------------------------
| Event                         nCalls    Total       Avg         Percent of   |
|                                         Time        Time        Active Time  |
|------------------------------------------------------------------------------|
|                                                                              |
| assemble                      63        26.7085     0.423945    3.13         |
| assemble + linear solve       41        827.1456    20.174283   96.87        |
 ------------------------------------------------------------------------------
| Totals:                       104       853.8541                100.00       |
 ------------------------------------------------------------------------------

Linear solver converged at step: 2000, final residual: 9.67198e-12  ||u - u_old|| = 0.130978
F_norms[1]=4.76879e-07
 Nonlinear solver converged at step 1

F_norms[0]=1.74412e-05		 etas[0]=0			 n_its[0]=2000
F_norms[1]=4.76879e-07		 etas[1]=0			 n_its[1]=0
 |TE|_oo = 0
 Scaling timestep by 1
--------------------------------------------------------------------------
Computing Surface fluxes...
Computing Kinetic Energy...
======= Finished time step    23 time=0.23 dt=0.01 =======


======= Starting time step    24 time=0.23 dt=0.01 =======
F_norms[0]=1.01704e-05
 ------------------------------------------------------------------------------
| Porous Media Performance: Alive time=933.505, Active time=874.331            |
 ------------------------------------------------------------------------------
| Event                         nCalls    Total       Avg         Percent of   |
|                                         Time        Time        Active Time  |
|------------------------------------------------------------------------------|
|                                                                              |
| assemble                      65        27.5558     0.423935    3.15         |
| assemble + linear solve       42        846.7756    20.161324   96.85        |
 ------------------------------------------------------------------------------
| Totals:                       107       874.3314                100.00       |
 ------------------------------------------------------------------------------

Linear solver converged at step: 1628, final residual: 5.62939e-13  ||u - u_old|| = 0.179458
F_norms[1]=1.0277e-06
 Nonlinear solver converged at step 1

F_norms[0]=1.01704e-05		 etas[0]=0			 n_its[0]=1628
F_norms[1]=1.0277e-06		 etas[1]=0			 n_its[1]=0
 |TE|_oo = 0
 Scaling timestep by 1
--------------------------------------------------------------------------
Computing Surface fluxes...
Computing Kinetic Energy...
======= Finished time step    24 time=0.24 dt=0.01 =======


======= Starting time step    25 time=0.24 dt=0.01 =======
F_norms[0]=8.34738e-06
 Nonlinear solver converged at step 0

F_norms[0]=8.34738e-06		 etas[0]=0			 n_its[0]=0
 |TE|_oo = 0
 Scaling timestep by 1
--------------------------------------------------------------------------
Computing Surface fluxes...
Computing Kinetic Energy...
======= Finished time step    25 time=0.25 dt=0.01 =======


Steady State Reached: Terminating Simulation.
 ------------------------------------------------------------------------------
| Porous Media Performance: Alive time=947.62, Active time=875.178             |
 ------------------------------------------------------------------------------
| Event                         nCalls    Total       Avg         Percent of   |
|                                         Time        Time        Active Time  |
|------------------------------------------------------------------------------|
|                                                                              |
| assemble                      67        28.4029     0.423923    3.25         |
| assemble + linear solve       42        846.7756    20.161324   96.75        |
 ------------------------------------------------------------------------------
| Totals:                       109       875.1785                100.00       |
 ------------------------------------------------------------------------------

************************************************************************************************************************
***             WIDEN YOUR WINDOW TO 120 CHARACTERS.  Use 'enscript -r -fCourier9' to print this document            ***
************************************************************************************************************************

---------------------------------------------- PETSc Performance Summary: ----------------------------------------------

./pm on a linux named columbia9 with 24 processors, by benkirk Thu Apr 20 17:42:22 2006
Using Petsc Version 2.2.0, Patch 0, Released Feb 27, 2004

                         Max       Max/Min        Avg      Total 
Time (sec):           9.507e+02      1.00852   9.461e+02
Objects:              0.000e+00      0.00000   0.000e+00
Flops:                1.904e+11      1.08608   1.822e+11  4.373e+12
Flops/sec:            2.010e+08      1.08140   1.926e+08  4.622e+09
MPI Messages:         9.660e+05      3.50000   5.865e+05  1.408e+07
MPI Message Lengths:  1.091e+09      2.45772   1.444e+03  2.032e+10
MPI Reductions:       8.682e+03      1.00000

Flop counting convention: 1 flop = 1 real number operation of type (multiply/divide/add/subtract)
                            e.g., VecAXPY() for real vectors of length N --> 2N flops
                            and VecAXPY() for complex vectors of length N --> 8N flops

Summary of Stages:   ----- Time ------  ----- Flops -----  --- Messages ---  -- Message Lengths --  -- Reductions --
                        Avg     %Total     Avg     %Total   counts   %Total     Avg         %Total   counts   %Total 
 0:      Main Stage: 9.4608e+02 100.0%  4.3731e+12 100.0%  1.408e+07 100.0%  1.444e+03      100.0%  2.084e+05 100.0% 

------------------------------------------------------------------------------------------------------------------------
See the 'Profiling' chapter of the users' manual for details on interpreting output.
Phase summary info:
   Count: number of times phase was executed
   Time and Flops/sec: Max - maximum over all processors
                       Ratio - ratio of maximum to minimum over all processors
   Mess: number of messages sent
   Avg. len: average message length
   Reduct: number of global reductions
   Global: entire computation
   Stage: stages of a computation. Set stages with PetscLogStagePush() and PetscLogStagePop().
      %T - percent time in this phase         %F - percent flops in this phase
      %M - percent messages in this phase     %L - percent message lengths in this phase
      %R - percent reductions in this phase
   Total Mflop/s: 10e-6 * (sum of flops over all processors)/(max time over all processors)
------------------------------------------------------------------------------------------------------------------------


      ##########################################################
      #                                                        #
      #                          WARNING!!!                    #
      #                                                        #
      #   This code was run without the PreLoadBegin()         #
      #   macros. To get timing results we always recommend    #
      #   preloading. otherwise timing numbers may be          #
      #   meaningless.                                         #
      ##########################################################


Event                Count      Time (sec)     Flops/sec                         --- Global ---  --- Stage ---   Total
                   Max Ratio  Max     Ratio   Max  Ratio  Mess   Avg len Reduct  %T %F %M %L %R  %T %F %M %L %R Mflop/s
------------------------------------------------------------------------------------------------------------------------

--- Event Stage 0: Main Stage

VecDot            137538 1.0 7.7651e+01 3.5 1.46e+08 3.7 0.0e+00 0.0e+00 1.4e+05  5  2  0  0 66   5  2  0  0 66   962
VecNorm            68937 1.0 7.5048e+01 3.8 8.06e+07 4.0 0.0e+00 0.0e+00 6.9e+04  4  1  0  0 33   4  1  0  0 33   499
VecCopy              412 1.0 4.7107e-02 1.2 0.00e+00 0.0 0.0e+00 0.0e+00 0.0e+00  0  0  0  0  0   0  0  0  0  0     0
VecSet            137992 1.0 3.6335e+00 1.7 0.00e+00 0.0 0.0e+00 0.0e+00 0.0e+00  0  0  0  0  0   0  0  0  0  0     0
VecAXPY           275123 1.0 8.0963e+00 1.5 1.13e+09 1.5 0.0e+00 0.0e+00 0.0e+00  1  3  0  0  0   1  3  0  0  0 18455
VecAYPX           137476 1.0 2.4061e+01 1.1 1.46e+08 1.1 0.0e+00 0.0e+00 0.0e+00  2  2  0  0  0   2  2  0  0  0  3103
VecWAXPY          274942 1.0 3.0205e+01 1.1 1.94e+08 1.1 0.0e+00 0.0e+00 0.0e+00  3  3  0  0  0   3  3  0  0  0  4325
VecAssemblyBegin     310 1.0 1.5739e+00 7.1 0.00e+00 0.0 9.4e+03 2.4e+03 9.3e+02  0  0  0  0  0   0  0  0  0  0     0
VecAssemblyEnd       310 1.0 2.3973e-02 1.8 0.00e+00 0.0 0.0e+00 0.0e+00 0.0e+00  0  0  0  0  0   0  0  0  0  0     0
VecScatterBegin   137740 1.0 4.4467e+01 2.3 0.00e+00 0.0 1.4e+07 1.4e+03 0.0e+00  3  0100 98  0   3  0100 98  0     0
VecScatterEnd     137740 1.0 3.2259e+01 5.9 0.00e+00 0.0 0.0e+00 0.0e+00 0.0e+00  1  0  0  0  0   1  0  0  0  0     0
MatMult           137605 1.0 4.1051e+02 1.2 2.41e+08 1.2 1.4e+07 1.4e+03 0.0e+00 40 45100 98  0  40 45100 98  0  4799
MatMultAdd            67 1.0 1.7351e-01 1.5 3.47e+08 1.5 6.8e+03 1.4e+03 0.0e+00  0  0  0  0  0   0  0  0  0  0  5643
MatSolve          137605 1.0 2.9429e+02 1.2 3.07e+08 1.1 0.0e+00 0.0e+00 0.0e+00 29 44  0  0  0  29 44  0  0  0  6559
MatLUFactorNum        67 1.0 1.1618e+00 1.1 1.96e+08 1.0 0.0e+00 0.0e+00 0.0e+00  0  0  0  0  0   0  0  0  0  0  4477
MatILUFactorSym        2 1.0 1.5070e-02 3.8 0.00e+00 0.0 0.0e+00 0.0e+00 2.0e+00  0  0  0  0  0   0  0  0  0  0     0
MatAssemblyBegin     201 1.0 6.6663e-01 1.7 0.00e+00 0.0 9.4e+03 3.6e+04 4.0e+02  0  0  0  2  0   0  0  0  2  0     0
MatAssemblyEnd       201 1.0 3.0487e-01 1.9 0.00e+00 0.0 2.0e+02 7.6e+02 2.1e+02  0  0  0  0  0   0  0  0  0  0     0
MatGetOrdering         2 1.0 1.0488e-03 1.8 0.00e+00 0.0 0.0e+00 0.0e+00 4.0e+00  0  0  0  0  0   0  0  0  0  0     0
MatZeroEntries        96 1.0 8.4989e-02 1.2 0.00e+00 0.0 0.0e+00 0.0e+00 0.0e+00  0  0  0  0  0   0  0  0  0  0     0
KSPSetup             134 1.0 4.2396e-03 1.2 0.00e+00 0.0 0.0e+00 0.0e+00 0.0e+00  0  0  0  0  0   0  0  0  0  0     0
KSPSolve              67 1.0 8.4747e+02 1.0 2.25e+08 1.1 1.4e+07 1.4e+03 2.1e+05 90100100 98 99  90100100 98 99  5159
PCSetUp              134 1.0 1.2038e+00 1.1 1.89e+08 1.0 0.0e+00 0.0e+00 6.0e+00  0  0  0  0  0   0  0  0  0  0  4321
PCSetUpOnBlocks       67 1.0 1.1827e+00 1.1 1.93e+08 1.0 0.0e+00 0.0e+00 6.0e+00  0  0  0  0  0   0  0  0  0  0  4398
PCApply           137605 1.0 3.1667e+02 1.1 2.80e+08 1.1 0.0e+00 0.0e+00 0.0e+00 32 44  0  0  0  32 44  0  0  0  6095
------------------------------------------------------------------------------------------------------------------------

Memory usage is given in bytes:

Object Type          Creations   Destructions   Memory  Descendants' Mem.

--- Event Stage 0: Main Stage

           Index Set    78             78    3254840     0
                 Map   185            185      47360     0
                 Vec   187            187   13726472     0
         Vec Scatter    70             70   15922436     0
              Matrix     8              8   13563036     6.10006e+06
       Krylov Solver     4              4        304     1.42589e+06
      Preconditioner     4              4        480     5.8505e+06
========================================================================================================================
Average time to get PetscTime(): 5.00679e-07
Average time for MPI_Barrier(): 8.2016e-06
Average time for zero size MPI_Send(): 0.000128667
Compiled without FORTRAN kernels
Compiled with double precision matrices (default)
sizeof(short) 2 sizeof(int) 4 sizeof(long) 8 sizeof(void *) 8   
Libraries compiled on Tue Dec 13 11:13:18 PST 2005 on columbia  
Machine characteristics: Linux columbia 2.6.5-7.202.5-sn2 #1 SMP Thu Aug 25 06:20:45 UTC 2005 ia64 ia64 ia64 GNU/Linux  
Using PETSc directory: /u/benkirk/petsc-2.2.0 
Using PETSc arch: linux64_intel 
-----------------------------------------   
Using C compiler: icc -KPIC -O2 -ftz -I/u/benkirk/petsc-2.2.0 -I/u/benkirk/petsc-2.2.0/bmake/linux64_intel -I/u/benkirk/petsc-2.2.0/include   -I/opt/sgi/mpt/1.12.0.0/include                                                                                                                           -DPETSC_USE_FOR_KERNELS -DPETSC_USE_LOG -DPETSC_USE_DEBUG -DPETSC_USE_BOPT_O -DPETSC_USE_EXTERN_CXX -DMPI_NO_CPPBIND -wd1476 -D__SDIR__='. '  
C Compiler version: 
Intel(R) C Itanium(R) Compiler for Itanium(R)-based applications 
Version 9.0    Build 20051020 Package ID: l_cc_c_9.0.027 
C++ Compiler version: 
Intel(R) C Itanium(R) Compiler for Itanium(R)-based applications 
Using Fortran compiler: ifort -w -KPIC -O2 -ftz -I/u/benkirk/petsc-2.2.0 -I/u/benkirk/petsc-2.2.0/bmake/linux64_intel -I/u/benkirk/petsc-2.2.0/include   -I/opt/sgi/mpt/1.12.0.0/include                                                                                                                           -DPETSC_USE_FOR_KERNELS -DPETSC_USE_LOG -DPETSC_USE_DEBUG -DPETSC_USE_BOPT_O -DPETSC_USE_EXTERN_CXX  
Fortran Compiler version: 
Intel(R) Fortran Itanium(R) Compiler for Itanium(R)-based applications 
Version 9.0    Build 20051020 Package ID: l_fc_c_9.0.028 
-----------------------------------------   
Using PETSc flags: -DPETSC_USE_FOR_KERNELS -DPETSC_USE_LOG -DPETSC_USE_DEBUG -DPETSC_USE_BOPT_O -DPETSC_USE_EXTERN_CXX                                                                                                                        
----------------------------------------- 
Using configuration flags: 
----------------------------------------- 
Using include paths: -I/u/benkirk/petsc-2.2.0 -I/u/benkirk/petsc-2.2.0/bmake/linux64_intel -I/u/benkirk/petsc-2.2.0/include   -I/opt/sgi/mpt/1.12.0.0/include    
------------------------------------------   
Using C linker: icc -i_dynamic -O2 -ftz -Qoption,link,-rpath,/u/benkirk/petsc-2.2.0/lib/libO/linux64_intel  
Using Fortran linker: icc -i_dynamic -O2 -ftz -Qoption,link,-rpath,/u/benkirk/petsc-2.2.0/lib/libO/linux64_intel  
Using libraries: -L/u/benkirk/petsc-2.2.0/lib/libO/linux64_intel -lpetscts -lpetscsnes -lpetscksp -lpetscdm -lpetscmat -lpetscvec -lpetsc                                                                                                                                                                                                                                                                              -Wl,-rpath,/opt/sgi/scsl/1.6.1.0/lib -L/opt/sgi/scsl/1.6.1.0/lib -lscs -L/opt/sgi/mpt/1.12.0.0/lib -lmpi -lifport -lifcoremt -ldl -limf -lm -lcxa -lunwind -lpthread -lirc 
 -------------------------------------------------------------------------------

 Run completed in 953 seconds
