
 -----------------------------------------------
| Master Host:   cfe1.nas.nasa.gov
| Working Dir:   /u/benkirk/nobackup/bmurray_code/run.columbia
| # of Procs:    96
| Case name::    pm_jwp_fine
 -----------------------------------------------

Using input file: pm_jwp_fine.in
Initializing EquationSystems ... 
 Mesh Information:
  mesh_dimension()=2
  spatial_dimension()=3
  n_nodes()=90601
  n_elem()=90000
   n_local_elem()=944
   n_active_elem()=90000
  n_subdomains()=1
  n_processors()=96
  processor_id()=0

 EquationSystems
  n_systems()=2
   System "Porous Media"
    Type "TransientLinearImplicit"
    Variables="p" "t" "s" 
    Finite Element Types="LAGRANGE" "LAGRANGE" "LAGRANGE" 
    Approximation Orders="FIRST" "FIRST" "FIRST" 
    n_dofs()=271803
    n_local_dofs()=3048
    n_constrained_dofs()=0
    n_vectors()=6
   System "Velocity"
    Type "TransientLinearImplicit"
    Variables="u" "v" 
    Finite Element Types="LAGRANGE" "LAGRANGE" 
    Approximation Orders="FIRST" "FIRST" 
    n_dofs()=181202
    n_local_dofs()=2032
    n_constrained_dofs()=0
    n_vectors()=3

======= Starting time step     1 time=0 dt=0.01 =======
F_norms[0]=0.082227

-------------------------------------------------------
| Processor id:   0                                    |
| Num Processors: 96                                   |
| Time:           Thu Apr 20 18:36:26 2006             |
| OS:             Linux                                |
| HostName:       columbia9                            |
| OS Release:     2.6.5-7.202.7-sn2                    |
| OS Version:     #5 SMP Thu Mar 16 17:51:36 PST 2006  |
| Machine:        ia64                                 |
| Username:       benkirk                              |
-------------------------------------------------------
 ------------------------------------------------------------------------------
| Porous Media Performance: Alive time=52.3307, Active time=4.39581            |
 ------------------------------------------------------------------------------
| Event                         nCalls    Total       Avg         Percent of   |
|                                         Time        Time        Active Time  |
|------------------------------------------------------------------------------|
|                                                                              |
| assemble                      1         0.1836      0.183588    4.18         |
| assemble + linear solve       1         4.2122      4.212221    95.82        |
 ------------------------------------------------------------------------------
| Totals:                       2         4.3958                  100.00       |
 ------------------------------------------------------------------------------

Linear solver converged at step: 2000, final residual: 1.73963e-10  ||u - u_old|| = 2.601
F_norms[1]=7.2804e-07
 Nonlinear solver converged at step 1

F_norms[0]=0.082227		 etas[0]=0			 n_its[0]=2000
F_norms[1]=7.2804e-07		 etas[1]=0			 n_its[1]=0
Computing Surface fluxes...
Computing Kinetic Energy...
======= Finished time step     1 time=0.01 dt=0.01 =======


======= Starting time step     2 time=0.01 dt=0.01 =======
F_norms[0]=9.67835e-05
 ------------------------------------------------------------------------------
| Porous Media Performance: Alive time=57.4818, Active time=8.88134            |
 ------------------------------------------------------------------------------
| Event                         nCalls    Total       Avg         Percent of   |
|                                         Time        Time        Active Time  |
|------------------------------------------------------------------------------|
|                                                                              |
| assemble                      3         0.5213      0.173755    5.87         |
| assemble + linear solve       2         8.3601      4.180039    94.13        |
 ------------------------------------------------------------------------------
| Totals:                       5         8.8813                  100.00       |
 ------------------------------------------------------------------------------

Linear solver converged at step: 2000, final residual: 5.51953e-11  ||u - u_old|| = 0.98071
F_norms[1]=1.02711e-06
 Nonlinear solver converged at step 1

F_norms[0]=9.67835e-05		 etas[0]=0			 n_its[0]=2000
F_norms[1]=1.02711e-06		 etas[1]=0			 n_its[1]=0
Computing Surface fluxes...
Computing Kinetic Energy...
======= Finished time step     2 time=0.02 dt=0.01 =======


======= Starting time step     3 time=0.02 dt=0.01 =======
F_norms[0]=0.000201933
 ------------------------------------------------------------------------------
| Porous Media Performance: Alive time=60.2325, Active time=10.9922            |
 ------------------------------------------------------------------------------
| Event                         nCalls    Total       Avg         Percent of   |
|                                         Time        Time        Active Time  |
|------------------------------------------------------------------------------|
|                                                                              |
| assemble                      5         0.8606      0.172129    7.83         |
| assemble + linear solve       3         10.1316     3.377196    92.17        |
 ------------------------------------------------------------------------------
| Totals:                       8         10.9922                 100.00       |
 ------------------------------------------------------------------------------

Linear solver converged at step: 843, final residual: 4.74543e-11  ||u - u_old|| = 1.99902
F_norms[1]=3.65119e-06
 Nonlinear solver converged at step 1

F_norms[0]=0.000201933		 etas[0]=0			 n_its[0]=843
F_norms[1]=3.65119e-06		 etas[1]=0			 n_its[1]=0
 |TE|_oo = 0
 Scaling timestep by 1
--------------------------------------------------------------------------
Computing Surface fluxes...
Computing Kinetic Energy...
======= Finished time step     3 time=0.03 dt=0.01 =======


======= Starting time step     4 time=0.03 dt=0.01 =======
F_norms[0]=0.000424313
 ------------------------------------------------------------------------------
| Porous Media Performance: Alive time=62.9411, Active time=13.0941            |
 ------------------------------------------------------------------------------
| Event                         nCalls    Total       Avg         Percent of   |
|                                         Time        Time        Active Time  |
|------------------------------------------------------------------------------|
|                                                                              |
| assemble                      7         1.1968      0.170977    9.14         |
| assemble + linear solve       4         11.8973     2.974327    90.86        |
 ------------------------------------------------------------------------------
| Totals:                       11        13.0941                 100.00       |
 ------------------------------------------------------------------------------

Linear solver converged at step: 843, final residual: 9.95807e-11  ||u - u_old|| = 4.15597
F_norms[1]=1.53061e-05
 ------------------------------------------------------------------------------
| Porous Media Performance: Alive time=64.9592, Active time=15.084             |
 ------------------------------------------------------------------------------
| Event                         nCalls    Total       Avg         Percent of   |
|                                         Time        Time        Active Time  |
|------------------------------------------------------------------------------|
|                                                                              |
| assemble                      8         1.3653      0.170664    9.05         |
| assemble + linear solve       5         13.7187     2.743738    90.95        |
 ------------------------------------------------------------------------------
| Totals:                       13        15.0840                 100.00       |
 ------------------------------------------------------------------------------

Linear solver converged at step: 869, final residual: 4.29452e-12  ||u - u_old|| = 0.0454162
F_norms[2]=3.11754e-07
 Nonlinear solver converged at step 2

F_norms[0]=0.000424313		 etas[0]=0			 n_its[0]=843
F_norms[1]=1.53061e-05		 etas[1]=0			 n_its[1]=869
F_norms[2]=3.11754e-07		 etas[2]=0			 n_its[2]=0
 |TE|_oo = 0
 Scaling timestep by 1
--------------------------------------------------------------------------
Computing Surface fluxes...
Computing Kinetic Energy...
======= Finished time step     4 time=0.04 dt=0.01 =======


======= Starting time step     5 time=0.04 dt=0.01 =======
F_norms[0]=0.00088896
 ------------------------------------------------------------------------------
| Porous Media Performance: Alive time=67.7909, Active time=17.2855            |
 ------------------------------------------------------------------------------
| Event                         nCalls    Total       Avg         Percent of   |
|                                         Time        Time        Active Time  |
|------------------------------------------------------------------------------|
|                                                                              |
| assemble                      10        1.7018      0.170177    9.85         |
| assemble + linear solve       6         15.5838     2.597297    90.15        |
 ------------------------------------------------------------------------------
| Totals:                       16        17.2855                 100.00       |
 ------------------------------------------------------------------------------

Linear solver converged at step: 890, final residual: 2.19675e-10  ||u - u_old|| = 8.736
F_norms[1]=6.75652e-05
 ------------------------------------------------------------------------------
| Porous Media Performance: Alive time=69.8197, Active time=19.2863            |
 ------------------------------------------------------------------------------
| Event                         nCalls    Total       Avg         Percent of   |
|                                         Time        Time        Active Time  |
|------------------------------------------------------------------------------|
|                                                                              |
| assemble                      11        1.8711      0.170097    9.70         |
| assemble + linear solve       7         17.4153     2.487896    90.30        |
 ------------------------------------------------------------------------------
| Totals:                       18        19.2863                 100.00       |
 ------------------------------------------------------------------------------

Linear solver converged at step: 874, final residual: 1.48757e-11  ||u - u_old|| = 0.212679
F_norms[2]=6.33942e-07
 Nonlinear solver converged at step 2

F_norms[0]=0.00088896		 etas[0]=0			 n_its[0]=890
F_norms[1]=6.75652e-05		 etas[1]=0			 n_its[1]=874
F_norms[2]=6.33942e-07		 etas[2]=0			 n_its[2]=0
 |TE|_oo = 0
 Scaling timestep by 1
--------------------------------------------------------------------------
Computing Surface fluxes...
Computing Kinetic Energy...
======= Finished time step     5 time=0.05 dt=0.01 =======


======= Starting time step     6 time=0.05 dt=0.01 =======
F_norms[0]=0.00187428
 ------------------------------------------------------------------------------
| Porous Media Performance: Alive time=72.6422, Active time=21.4734            |
 ------------------------------------------------------------------------------
| Event                         nCalls    Total       Avg         Percent of   |
|                                         Time        Time        Active Time  |
|------------------------------------------------------------------------------|
|                                                                              |
| assemble                      13        2.2079      0.169839    10.28        |
| assemble + linear solve       8         19.2655     2.408184    89.72        |
 ------------------------------------------------------------------------------
| Totals:                       21        21.4734                 100.00       |
 ------------------------------------------------------------------------------

Linear solver converged at step: 883, final residual: 3.41768e-10  ||u - u_old|| = 19.0615
F_norms[1]=0.000319121
 ------------------------------------------------------------------------------
| Porous Media Performance: Alive time=74.73, Active time=23.5328              |
 ------------------------------------------------------------------------------
| Event                         nCalls    Total       Avg         Percent of   |
|                                         Time        Time        Active Time  |
|------------------------------------------------------------------------------|
|                                                                              |
| assemble                      14        2.3768      0.169769    10.10        |
| assemble + linear solve       9         21.1560     2.350671    89.90        |
 ------------------------------------------------------------------------------
| Totals:                       23        23.5328                 100.00       |
 ------------------------------------------------------------------------------

Linear solver converged at step: 901, final residual: 8.02257e-11  ||u - u_old|| = 1.25048
F_norms[2]=2.12763e-06
 Nonlinear solver converged at step 2

F_norms[0]=0.00187428		 etas[0]=0			 n_its[0]=883
F_norms[1]=0.000319121		 etas[1]=0			 n_its[1]=901
F_norms[2]=2.12763e-06		 etas[2]=0			 n_its[2]=0
 |TE|_oo = 0
 Scaling timestep by 1
--------------------------------------------------------------------------
Computing Surface fluxes...
Computing Kinetic Energy...
======= Finished time step     6 time=0.06 dt=0.01 =======


======= Starting time step     7 time=0.06 dt=0.01 =======
F_norms[0]=0.00411453
 ------------------------------------------------------------------------------
| Porous Media Performance: Alive time=77.3434, Active time=25.518             |
 ------------------------------------------------------------------------------
| Event                         nCalls    Total       Avg         Percent of   |
|                                         Time        Time        Active Time  |
|------------------------------------------------------------------------------|
|                                                                              |
| assemble                      16        2.7134      0.169584    10.63        |
| assemble + linear solve       10        22.8047     2.280470    89.37        |
 ------------------------------------------------------------------------------
| Totals:                       26        25.5180                 100.00       |
 ------------------------------------------------------------------------------

Linear solver converged at step: 785, final residual: 1.05429e-09  ||u - u_old|| = 49.2017
F_norms[1]=0.00205493
 ------------------------------------------------------------------------------
| Porous Media Performance: Alive time=81.6848, Active time=29.8316            |
 ------------------------------------------------------------------------------
| Event                         nCalls    Total       Avg         Percent of   |
|                                         Time        Time        Active Time  |
|------------------------------------------------------------------------------|
|                                                                              |
| assemble                      17        2.8822      0.169539    9.66         |
| assemble + linear solve       11        26.9495     2.449952    90.34        |
 ------------------------------------------------------------------------------
| Totals:                       28        29.8316                 100.00       |
 ------------------------------------------------------------------------------

Linear solver converged at step: 2000, final residual: 6.12553e-09  ||u - u_old|| = 16.4767
F_norms[2]=0.000264868
 ------------------------------------------------------------------------------
| Porous Media Performance: Alive time=84.6335, Active time=32.7518            |
 ------------------------------------------------------------------------------
| Event                         nCalls    Total       Avg         Percent of   |
|                                         Time        Time        Active Time  |
|------------------------------------------------------------------------------|
|                                                                              |
| assemble                      18        3.0507      0.169485    9.31         |
| assemble + linear solve       12        29.7011     2.475091    90.69        |
 ------------------------------------------------------------------------------
| Totals:                       30        32.7518                 100.00       |
 ------------------------------------------------------------------------------

Linear solver converged at step: 1321, final residual: 8.38073e-11  ||u - u_old|| = 1.88868
F_norms[3]=1.85469e-06
 Nonlinear solver converged at step 3

F_norms[0]=0.00411453		 etas[0]=0			 n_its[0]=785
F_norms[1]=0.00205493		 etas[1]=0			 n_its[1]=2000
F_norms[2]=0.000264868		 etas[2]=0			 n_its[2]=1321
F_norms[3]=1.85469e-06		 etas[3]=0			 n_its[3]=0
 |TE|_oo = 0
 Scaling timestep by 1
--------------------------------------------------------------------------
Computing Surface fluxes...
Computing Kinetic Energy...
======= Finished time step     7 time=0.07 dt=0.01 =======


======= Starting time step     8 time=0.07 dt=0.01 =======
F_norms[0]=0.0114424
 ------------------------------------------------------------------------------
| Porous Media Performance: Alive time=89.7873, Active time=37.2306            |
 ------------------------------------------------------------------------------
| Event                         nCalls    Total       Avg         Percent of   |
|                                         Time        Time        Active Time  |
|------------------------------------------------------------------------------|
|                                                                              |
| assemble                      20        3.3867      0.169333    9.10         |
| assemble + linear solve       13        33.8439     2.603376    90.90        |
 ------------------------------------------------------------------------------
| Totals:                       33        37.2306                 100.00       |
 ------------------------------------------------------------------------------

Linear solver converged at step: 2000, final residual: 4.70795e-09  ||u - u_old|| = 323.507
F_norms[1]=0.0666915
 ------------------------------------------------------------------------------
| Porous Media Performance: Alive time=94.1247, Active time=41.5397            |
 ------------------------------------------------------------------------------
| Event                         nCalls    Total       Avg         Percent of   |
|                                         Time        Time        Active Time  |
|------------------------------------------------------------------------------|
|                                                                              |
| assemble                      21        3.5553      0.169301    8.56         |
| assemble + linear solve       14        37.9844     2.713168    91.44        |
 ------------------------------------------------------------------------------
| Totals:                       35        41.5397                 100.00       |
 ------------------------------------------------------------------------------

Linear solver converged at step: 2000, final residual: 5.18399e-06  ||u - u_old|| = 150.788
F_norms[2]=0.0108567
 ------------------------------------------------------------------------------
| Porous Media Performance: Alive time=98.4658, Active time=45.8532            |
 ------------------------------------------------------------------------------
| Event                         nCalls    Total       Avg         Percent of   |
|                                         Time        Time        Active Time  |
|------------------------------------------------------------------------------|
|                                                                              |
| assemble                      22        3.7239      0.169270    8.12         |
| assemble + linear solve       15        42.1293     2.808618    91.88        |
 ------------------------------------------------------------------------------
| Totals:                       37        45.8532                 100.00       |
 ------------------------------------------------------------------------------

Linear solver converged at step: 2000, final residual: 9.50755e-09  ||u - u_old|| = 84.7637
F_norms[3]=0.00106726
 ------------------------------------------------------------------------------
| Porous Media Performance: Alive time=102.806, Active time=50.1653            |
 ------------------------------------------------------------------------------
| Event                         nCalls    Total       Avg         Percent of   |
|                                         Time        Time        Active Time  |
|------------------------------------------------------------------------------|
|                                                                              |
| assemble                      23        3.8923      0.169231    7.76         |
| assemble + linear solve       16        46.2729     2.892058    92.24        |
 ------------------------------------------------------------------------------
| Totals:                       39        50.1653                 100.00       |
 ------------------------------------------------------------------------------

Linear solver converged at step: 2000, final residual: 1.11711e-08  ||u - u_old|| = 8.06163
F_norms[4]=1.76854e-05
 ------------------------------------------------------------------------------
| Porous Media Performance: Alive time=107.146, Active time=54.4769            |
 ------------------------------------------------------------------------------
| Event                         nCalls    Total       Avg         Percent of   |
|                                         Time        Time        Active Time  |
|------------------------------------------------------------------------------|
|                                                                              |
| assemble                      24        4.0607      0.169195    7.45         |
| assemble + linear solve       17        50.4162     2.965660    92.55        |
 ------------------------------------------------------------------------------
| Totals:                       41        54.4769                 100.00       |
 ------------------------------------------------------------------------------

Linear solver converged at step: 2000, final residual: 5.51186e-11  ||u - u_old|| = 0.0959934
F_norms[5]=5.67748e-07
 Nonlinear solver converged at step 5

F_norms[0]=0.0114424		 etas[0]=0			 n_its[0]=2000
F_norms[1]=0.0666915		 etas[1]=0			 n_its[1]=2000
F_norms[2]=0.0108567		 etas[2]=0			 n_its[2]=2000
F_norms[3]=0.00106726		 etas[3]=0			 n_its[3]=2000
F_norms[4]=1.76854e-05		 etas[4]=0			 n_its[4]=2000
F_norms[5]=5.67748e-07		 etas[5]=0			 n_its[5]=0
 |TE|_oo = 0
 Scaling timestep by 1
--------------------------------------------------------------------------
Computing Surface fluxes...
Computing Kinetic Energy...
======= Finished time step     8 time=0.08 dt=0.01 =======


======= Starting time step     9 time=0.08 dt=0.01 =======
F_norms[0]=0.0316962
 ------------------------------------------------------------------------------
| Porous Media Performance: Alive time=112.242, Active time=58.9606            |
 ------------------------------------------------------------------------------
| Event                         nCalls    Total       Avg         Percent of   |
|                                         Time        Time        Active Time  |
|------------------------------------------------------------------------------|
|                                                                              |
| assemble                      26        4.3971      0.169118    7.46         |
| assemble + linear solve       18        54.5635     3.031307    92.54        |
 ------------------------------------------------------------------------------
| Totals:                       44        58.9606                 100.00       |
 ------------------------------------------------------------------------------

Linear solver converged at step: 2000, final residual: 8.04474e-08  ||u - u_old|| = 967.444
F_norms[1]=0.0670377
 ------------------------------------------------------------------------------
| Porous Media Performance: Alive time=116.589, Active time=63.2788            |
 ------------------------------------------------------------------------------
| Event                         nCalls    Total       Avg         Percent of   |
|                                         Time        Time        Active Time  |
|------------------------------------------------------------------------------|
|                                                                              |
| assemble                      27        4.5655      0.169092    7.21         |
| assemble + linear solve       19        58.7133     3.090175    92.79        |
 ------------------------------------------------------------------------------
| Totals:                       46        63.2788                 100.00       |
 ------------------------------------------------------------------------------

Linear solver converged at step: 2000, final residual: 1.17347e-07  ||u - u_old|| = 283.769
F_norms[2]=0.01134
 ------------------------------------------------------------------------------
| Porous Media Performance: Alive time=120.786, Active time=67.4474            |
 ------------------------------------------------------------------------------
| Event                         nCalls    Total       Avg         Percent of   |
|                                         Time        Time        Active Time  |
|------------------------------------------------------------------------------|
|                                                                              |
| assemble                      28        4.7338      0.169063    7.02         |
| assemble + linear solve       20        62.7136     3.135680    92.98        |
 ------------------------------------------------------------------------------
| Totals:                       48        67.4474                 100.00       |
 ------------------------------------------------------------------------------

Linear solver converged at step: 1930, final residual: 2.82252e-09  ||u - u_old|| = 35.2177
F_norms[3]=0.000496702
 ------------------------------------------------------------------------------
| Porous Media Performance: Alive time=125.125, Active time=71.7573            |
 ------------------------------------------------------------------------------
| Event                         nCalls    Total       Avg         Percent of   |
|                                         Time        Time        Active Time  |
|------------------------------------------------------------------------------|
|                                                                              |
| assemble                      29        4.9023      0.169043    6.83         |
| assemble + linear solve       21        66.8551     3.183575    93.17        |
 ------------------------------------------------------------------------------
| Totals:                       50        71.7573                 100.00       |
 ------------------------------------------------------------------------------

Linear solver converged at step: 2000, final residual: 2.47531e-09  ||u - u_old|| = 1.03042
F_norms[4]=1.25986e-06
 Nonlinear solver converged at step 4

F_norms[0]=0.0316962		 etas[0]=0			 n_its[0]=2000
F_norms[1]=0.0670377		 etas[1]=0			 n_its[1]=2000
F_norms[2]=0.01134		 etas[2]=0			 n_its[2]=1930
F_norms[3]=0.000496702		 etas[3]=0			 n_its[3]=2000
F_norms[4]=1.25986e-06		 etas[4]=0			 n_its[4]=0
 |TE|_oo = 0
 Scaling timestep by 1
--------------------------------------------------------------------------
Computing Surface fluxes...
Computing Kinetic Energy...
======= Finished time step     9 time=0.09 dt=0.01 =======


======= Starting time step    10 time=0.09 dt=0.01 =======
F_norms[0]=0.032147
 ------------------------------------------------------------------------------
| Porous Media Performance: Alive time=130.223, Active time=76.2378            |
 ------------------------------------------------------------------------------
| Event                         nCalls    Total       Avg         Percent of   |
|                                         Time        Time        Active Time  |
|------------------------------------------------------------------------------|
|                                                                              |
| assemble                      31        5.2382      0.168973    6.87         |
| assemble + linear solve       22        70.9997     3.227257    93.13        |
 ------------------------------------------------------------------------------
| Totals:                       53        76.2378                 100.00       |
 ------------------------------------------------------------------------------

Linear solver converged at step: 2000, final residual: 2.74881e-07  ||u - u_old|| = 515.729
F_norms[1]=0.00484341
 ------------------------------------------------------------------------------
| Porous Media Performance: Alive time=134.156, Active time=80.1433            |
 ------------------------------------------------------------------------------
| Event                         nCalls    Total       Avg         Percent of   |
|                                         Time        Time        Active Time  |
|------------------------------------------------------------------------------|
|                                                                              |
| assemble                      32        5.4070      0.168970    6.75         |
| assemble + linear solve       23        74.7362     3.249402    93.25        |
 ------------------------------------------------------------------------------
| Totals:                       55        80.1433                 100.00       |
 ------------------------------------------------------------------------------

Linear solver converged at step: 1800, final residual: 9.13543e-10  ||u - u_old|| = 18.7947
F_norms[2]=7.33132e-05
 ------------------------------------------------------------------------------
| Porous Media Performance: Alive time=138.121, Active time=84.08              |
 ------------------------------------------------------------------------------
| Event                         nCalls    Total       Avg         Percent of   |
|                                         Time        Time        Active Time  |
|------------------------------------------------------------------------------|
|                                                                              |
| assemble                      33        5.5756      0.168958    6.63         |
| assemble + linear solve       24        78.5044     3.271017    93.37        |
 ------------------------------------------------------------------------------
| Totals:                       57        84.0800                 100.00       |
 ------------------------------------------------------------------------------

Linear solver converged at step: 1818, final residual: 9.03139e-12  ||u - u_old|| = 0.0736804
F_norms[3]=7.13058e-07
 Nonlinear solver converged at step 3

F_norms[0]=0.032147		 etas[0]=0			 n_its[0]=2000
F_norms[1]=0.00484341		 etas[1]=0			 n_its[1]=1800
F_norms[2]=7.33132e-05		 etas[2]=0			 n_its[2]=1818
F_norms[3]=7.13058e-07		 etas[3]=0			 n_its[3]=0
 |TE|_oo = 0
 Scaling timestep by 1
--------------------------------------------------------------------------
Computing Surface fluxes...
Computing Kinetic Energy...
======= Finished time step    10 time=0.1 dt=0.01 =======


======= Starting time step    11 time=0.1 dt=0.01 =======
F_norms[0]=0.0192593
 ------------------------------------------------------------------------------
| Porous Media Performance: Alive time=217.379, Active time=88.5633            |
 ------------------------------------------------------------------------------
| Event                         nCalls    Total       Avg         Percent of   |
|                                         Time        Time        Active Time  |
|------------------------------------------------------------------------------|
|                                                                              |
| assemble                      35        5.9143      0.168981    6.68         |
| assemble + linear solve       25        82.6489     3.305956    93.32        |
 ------------------------------------------------------------------------------
| Totals:                       60        88.5633                 100.00       |
 ------------------------------------------------------------------------------

Linear solver converged at step: 2000, final residual: 2.68864e-05  ||u - u_old|| = 204.875
F_norms[1]=0.0186721
 ------------------------------------------------------------------------------
| Porous Media Performance: Alive time=221.051, Active time=92.2067            |
 ------------------------------------------------------------------------------
| Event                         nCalls    Total       Avg         Percent of   |
|                                         Time        Time        Active Time  |
|------------------------------------------------------------------------------|
|                                                                              |
| assemble                      36        6.0831      0.168976    6.60         |
| assemble + linear solve       26        86.1235     3.312444    93.40        |
 ------------------------------------------------------------------------------
| Totals:                       62        92.2067                 100.00       |
 ------------------------------------------------------------------------------

Linear solver converged at step: 1673, final residual: 1.68629e-10  ||u - u_old|| = 10.0263
F_norms[2]=3.57883e-06
 Nonlinear solver converged at step 2

F_norms[0]=0.0192593		 etas[0]=0			 n_its[0]=2000
F_norms[1]=0.0186721		 etas[1]=0			 n_its[1]=1673
F_norms[2]=3.57883e-06		 etas[2]=0			 n_its[2]=0
 |TE|_oo = 0
 Scaling timestep by 1
--------------------------------------------------------------------------
Computing Surface fluxes...
Computing Kinetic Energy...
======= Finished time step    11 time=0.11 dt=0.01 =======


======= Starting time step    12 time=0.11 dt=0.01 =======
F_norms[0]=0.00844738
 ------------------------------------------------------------------------------
| Porous Media Performance: Alive time=225.846, Active time=96.3881            |
 ------------------------------------------------------------------------------
| Event                         nCalls    Total       Avg         Percent of   |
|                                         Time        Time        Active Time  |
|------------------------------------------------------------------------------|
|                                                                              |
| assemble                      38        6.4190      0.168920    6.66         |
| assemble + linear solve       27        89.9691     3.332191    93.34        |
 ------------------------------------------------------------------------------
| Totals:                       65        96.3881                 100.00       |
 ------------------------------------------------------------------------------

Linear solver converged at step: 1858, final residual: 4.69665e-10  ||u - u_old|| = 49.541
F_norms[1]=0.000277324
 ------------------------------------------------------------------------------
| Porous Media Performance: Alive time=230.139, Active time=100.653            |
 ------------------------------------------------------------------------------
| Event                         nCalls    Total       Avg         Percent of   |
|                                         Time        Time        Active Time  |
|------------------------------------------------------------------------------|
|                                                                              |
| assemble                      39        6.5871      0.168901    6.54         |
| assemble + linear solve       28        94.0657     3.359490    93.46        |
 ------------------------------------------------------------------------------
| Totals:                       67        100.6529                100.00       |
 ------------------------------------------------------------------------------

Linear solver converged at step: 1980, final residual: 4.35327e-11  ||u - u_old|| = 3.32942
F_norms[2]=7.58566e-07
 Nonlinear solver converged at step 2

F_norms[0]=0.00844738		 etas[0]=0			 n_its[0]=1858
F_norms[1]=0.000277324		 etas[1]=0			 n_its[1]=1980
F_norms[2]=7.58566e-07		 etas[2]=0			 n_its[2]=0
 |TE|_oo = 0
 Scaling timestep by 1
--------------------------------------------------------------------------
Computing Surface fluxes...
Computing Kinetic Energy...
======= Finished time step    12 time=0.12 dt=0.01 =======


======= Starting time step    13 time=0.12 dt=0.01 =======
F_norms[0]=0.00349538
 ------------------------------------------------------------------------------
| Porous Media Performance: Alive time=235.515, Active time=105.063            |
 ------------------------------------------------------------------------------
| Event                         nCalls    Total       Avg         Percent of   |
|                                         Time        Time        Active Time  |
|------------------------------------------------------------------------------|
|                                                                              |
| assemble                      41        6.9228      0.168849    6.59         |
| assemble + linear solve       29        98.1399     3.384134    93.41        |
 ------------------------------------------------------------------------------
| Totals:                       70        105.0627                100.00       |
 ------------------------------------------------------------------------------

Linear solver converged at step: 1970, final residual: 2.21742e-10  ||u - u_old|| = 40.0266
F_norms[1]=0.00010426
 ------------------------------------------------------------------------------
| Porous Media Performance: Alive time=239.692, Active time=109.211            |
 ------------------------------------------------------------------------------
| Event                         nCalls    Total       Avg         Percent of   |
|                                         Time        Time        Active Time  |
|------------------------------------------------------------------------------|
|                                                                              |
| assemble                      42        7.0913      0.168840    6.49         |
| assemble + linear solve       30        102.1194    3.403981    93.51        |
 ------------------------------------------------------------------------------
| Totals:                       72        109.2107                100.00       |
 ------------------------------------------------------------------------------

Linear solver converged at step: 1920, final residual: 1.60218e-11  ||u - u_old|| = 0.510161
F_norms[2]=5.94657e-07
 Nonlinear solver converged at step 2

F_norms[0]=0.00349538		 etas[0]=0			 n_its[0]=1970
F_norms[1]=0.00010426		 etas[1]=0			 n_its[1]=1920
F_norms[2]=5.94657e-07		 etas[2]=0			 n_its[2]=0
 |TE|_oo = 0
 Scaling timestep by 1
--------------------------------------------------------------------------
Computing Surface fluxes...
Computing Kinetic Energy...
======= Finished time step    13 time=0.13 dt=0.01 =======


======= Starting time step    14 time=0.13 dt=0.01 =======
F_norms[0]=0.00239997
 ------------------------------------------------------------------------------
| Porous Media Performance: Alive time=244.782, Active time=113.687            |
 ------------------------------------------------------------------------------
| Event                         nCalls    Total       Avg         Percent of   |
|                                         Time        Time        Active Time  |
|------------------------------------------------------------------------------|
|                                                                              |
| assemble                      44        7.4269      0.168792    6.53         |
| assemble + linear solve       31        106.2596    3.427731    93.47        |
 ------------------------------------------------------------------------------
| Totals:                       75        113.6865                100.00       |
 ------------------------------------------------------------------------------

Linear solver converged at step: 2000, final residual: 9.65562e-10  ||u - u_old|| = 42.7837
F_norms[1]=3.56134e-05
 ------------------------------------------------------------------------------
| Porous Media Performance: Alive time=248.954, Active time=117.831            |
 ------------------------------------------------------------------------------
| Event                         nCalls    Total       Avg         Percent of   |
|                                         Time        Time        Active Time  |
|------------------------------------------------------------------------------|
|                                                                              |
| assemble                      45        7.5953      0.168783    6.45         |
| assemble + linear solve       32        110.2353    3.444852    93.55        |
 ------------------------------------------------------------------------------
| Totals:                       77        117.8305                100.00       |
 ------------------------------------------------------------------------------

Linear solver converged at step: 1920, final residual: 4.41409e-12  ||u - u_old|| = 0.320834
F_norms[2]=8.94308e-07
 Nonlinear solver converged at step 2

F_norms[0]=0.00239997		 etas[0]=0			 n_its[0]=2000
F_norms[1]=3.56134e-05		 etas[1]=0			 n_its[1]=1920
F_norms[2]=8.94308e-07		 etas[2]=0			 n_its[2]=0
 |TE|_oo = 0
 Scaling timestep by 1
--------------------------------------------------------------------------
Computing Surface fluxes...
Computing Kinetic Energy...
======= Finished time step    14 time=0.14 dt=0.01 =======


======= Starting time step    15 time=0.14 dt=0.01 =======
F_norms[0]=0.00183159
 ------------------------------------------------------------------------------
| Porous Media Performance: Alive time=254.053, Active time=122.31             |
 ------------------------------------------------------------------------------
| Event                         nCalls    Total       Avg         Percent of   |
|                                         Time        Time        Active Time  |
|------------------------------------------------------------------------------|
|                                                                              |
| assemble                      47        7.9319      0.168764    6.49         |
| assemble + linear solve       33        114.3782    3.466006    93.51        |
 ------------------------------------------------------------------------------
| Totals:                       80        122.3101                100.00       |
 ------------------------------------------------------------------------------

Linear solver converged at step: 2000, final residual: 8.42803e-09  ||u - u_old|| = 29.3188
F_norms[1]=8.92329e-06
 Nonlinear solver converged at step 1

F_norms[0]=0.00183159		 etas[0]=0			 n_its[0]=2000
F_norms[1]=8.92329e-06		 etas[1]=0			 n_its[1]=0
 |TE|_oo = 0
 Scaling timestep by 1
--------------------------------------------------------------------------
Computing Surface fluxes...
Computing Kinetic Energy...
======= Finished time step    15 time=0.15 dt=0.01 =======


======= Starting time step    16 time=0.15 dt=0.01 =======
F_norms[0]=0.00113112
 ------------------------------------------------------------------------------
| Porous Media Performance: Alive time=259.135, Active time=126.788            |
 ------------------------------------------------------------------------------
| Event                         nCalls    Total       Avg         Percent of   |
|                                         Time        Time        Active Time  |
|------------------------------------------------------------------------------|
|                                                                              |
| assemble                      49        8.2680      0.168734    6.52         |
| assemble + linear solve       34        118.5201    3.485885    93.48        |
 ------------------------------------------------------------------------------
| Totals:                       83        126.7881                100.00       |
 ------------------------------------------------------------------------------

Linear solver converged at step: 2000, final residual: 2.80684e-10  ||u - u_old|| = 14.1501
F_norms[1]=2.86879e-06
 Nonlinear solver converged at step 1

F_norms[0]=0.00113112		 etas[0]=0			 n_its[0]=2000
F_norms[1]=2.86879e-06		 etas[1]=0			 n_its[1]=0
 |TE|_oo = 0
 Scaling timestep by 1
--------------------------------------------------------------------------
Computing Surface fluxes...
Computing Kinetic Energy...
======= Finished time step    16 time=0.16 dt=0.01 =======


======= Starting time step    17 time=0.16 dt=0.01 =======
F_norms[0]=0.000554248
 ------------------------------------------------------------------------------
| Porous Media Performance: Alive time=264.199, Active time=131.262            |
 ------------------------------------------------------------------------------
| Event                         nCalls    Total       Avg         Percent of   |
|                                         Time        Time        Active Time  |
|------------------------------------------------------------------------------|
|                                                                              |
| assemble                      51        8.6039      0.168704    6.55         |
| assemble + linear solve       35        122.6585    3.504530    93.45        |
 ------------------------------------------------------------------------------
| Totals:                       86        131.2624                100.00       |
 ------------------------------------------------------------------------------

Linear solver converged at step: 2000, final residual: 7.88997e-10  ||u - u_old|| = 4.15414
F_norms[1]=1.48709e-06
 Nonlinear solver converged at step 1

F_norms[0]=0.000554248		 etas[0]=0			 n_its[0]=2000
F_norms[1]=1.48709e-06		 etas[1]=0			 n_its[1]=0
 |TE|_oo = 0
 Scaling timestep by 1
--------------------------------------------------------------------------
Computing Surface fluxes...
Computing Kinetic Energy...
======= Finished time step    17 time=0.17 dt=0.01 =======


======= Starting time step    18 time=0.17 dt=0.01 =======
F_norms[0]=0.000236374
 ------------------------------------------------------------------------------
| Porous Media Performance: Alive time=268.888, Active time=135.357            |
 ------------------------------------------------------------------------------
| Event                         nCalls    Total       Avg         Percent of   |
|                                         Time        Time        Active Time  |
|------------------------------------------------------------------------------|
|                                                                              |
| assemble                      53        8.9400      0.168679    6.60         |
| assemble + linear solve       36        126.4174    3.511594    93.40        |
 ------------------------------------------------------------------------------
| Totals:                       89        135.3574                100.00       |
 ------------------------------------------------------------------------------

Linear solver converged at step: 1813, final residual: 1.10101e-11  ||u - u_old|| = 2.25281
F_norms[1]=1.70293e-06
 Nonlinear solver converged at step 1

F_norms[0]=0.000236374		 etas[0]=0			 n_its[0]=1813
F_norms[1]=1.70293e-06		 etas[1]=0			 n_its[1]=0
 |TE|_oo = 0
 Scaling timestep by 1
--------------------------------------------------------------------------
Computing Surface fluxes...
Computing Kinetic Energy...
======= Finished time step    18 time=0.18 dt=0.01 =======


======= Starting time step    19 time=0.18 dt=0.01 =======
F_norms[0]=0.000153756
 ------------------------------------------------------------------------------
| Porous Media Performance: Alive time=273.776, Active time=139.654            |
 ------------------------------------------------------------------------------
| Event                         nCalls    Total       Avg         Percent of   |
|                                         Time        Time        Active Time  |
|------------------------------------------------------------------------------|
|                                                                              |
| assemble                      55        9.2759      0.168653    6.64         |
| assemble + linear solve       37        130.3779    3.523728    93.36        |
 ------------------------------------------------------------------------------
| Totals:                       92        139.6539                100.00       |
 ------------------------------------------------------------------------------

Linear solver converged at step: 1911, final residual: 7.05593e-12  ||u - u_old|| = 2.8026
F_norms[1]=1.42291e-06
 Nonlinear solver converged at step 1

F_norms[0]=0.000153756		 etas[0]=0			 n_its[0]=1911
F_norms[1]=1.42291e-06		 etas[1]=0			 n_its[1]=0
 |TE|_oo = 0
 Scaling timestep by 1
--------------------------------------------------------------------------
Computing Surface fluxes...
Computing Kinetic Energy...
======= Finished time step    19 time=0.19 dt=0.01 =======


======= Starting time step    20 time=0.19 dt=0.01 =======
F_norms[0]=0.000123935
 ------------------------------------------------------------------------------
| Porous Media Performance: Alive time=278.864, Active time=144.143            |
 ------------------------------------------------------------------------------
| Event                         nCalls    Total       Avg         Percent of   |
|                                         Time        Time        Active Time  |
|------------------------------------------------------------------------------|
|                                                                              |
| assemble                      57        9.6123      0.168636    6.67         |
| assemble + linear solve       38        134.5311    3.540292    93.33        |
 ------------------------------------------------------------------------------
| Totals:                       95        144.1433                100.00       |
 ------------------------------------------------------------------------------

Linear solver converged at step: 2000, final residual: 1.07188e-11  ||u - u_old|| = 2.07133
F_norms[1]=1.39641e-06
 Nonlinear solver converged at step 1

F_norms[0]=0.000123935		 etas[0]=0			 n_its[0]=2000
F_norms[1]=1.39641e-06		 etas[1]=0			 n_its[1]=0
 |TE|_oo = 0
 Scaling timestep by 1
--------------------------------------------------------------------------
Computing Surface fluxes...
Computing Kinetic Energy...
======= Finished time step    20 time=0.2 dt=0.01 =======


======= Starting time step    21 time=0.2 dt=0.01 =======
F_norms[0]=8.07934e-05
 ------------------------------------------------------------------------------
| Porous Media Performance: Alive time=377.173, Active time=148.52             |
 ------------------------------------------------------------------------------
| Event                         nCalls    Total       Avg         Percent of   |
|                                         Time        Time        Active Time  |
|------------------------------------------------------------------------------|
|                                                                              |
| assemble                      59        9.9505      0.168653    6.70         |
| assemble + linear solve       39        138.5695    3.553064    93.30        |
 ------------------------------------------------------------------------------
| Totals:                       98        148.5200                100.00       |
 ------------------------------------------------------------------------------

Linear solver converged at step: 1947, final residual: 2.02542e-12  ||u - u_old|| = 1.06589
F_norms[1]=1.0544e-06
 Nonlinear solver converged at step 1

F_norms[0]=8.07934e-05		 etas[0]=0			 n_its[0]=1947
F_norms[1]=1.0544e-06		 etas[1]=0			 n_its[1]=0
 |TE|_oo = 0
 Scaling timestep by 1
--------------------------------------------------------------------------
Computing Surface fluxes...
Computing Kinetic Energy...
======= Finished time step    21 time=0.21 dt=0.01 =======


======= Starting time step    22 time=0.21 dt=0.01 =======
F_norms[0]=4.11587e-05
 ------------------------------------------------------------------------------
| Porous Media Performance: Alive time=382.248, Active time=152.999            |
 ------------------------------------------------------------------------------
| Event                         nCalls    Total       Avg         Percent of   |
|                                         Time        Time        Active Time  |
|------------------------------------------------------------------------------|
|                                                                              |
| assemble                      61        10.2873     0.168643    6.72         |
| assemble + linear solve       40        142.7118    3.567794    93.28        |
 ------------------------------------------------------------------------------
| Totals:                       101       152.9990                100.00       |
 ------------------------------------------------------------------------------

Linear solver converged at step: 2000, final residual: 2.28208e-10  ||u - u_old|| = 0.348185
F_norms[1]=5.46183e-07
 Nonlinear solver converged at step 1

F_norms[0]=4.11587e-05		 etas[0]=0			 n_its[0]=2000
F_norms[1]=5.46183e-07		 etas[1]=0			 n_its[1]=0
 |TE|_oo = 0
 Scaling timestep by 1
--------------------------------------------------------------------------
Computing Surface fluxes...
Computing Kinetic Energy...
======= Finished time step    22 time=0.22 dt=0.01 =======


======= Starting time step    23 time=0.22 dt=0.01 =======
F_norms[0]=1.74349e-05
 ------------------------------------------------------------------------------
| Porous Media Performance: Alive time=387.338, Active time=157.478            |
 ------------------------------------------------------------------------------
| Event                         nCalls    Total       Avg         Percent of   |
|                                         Time        Time        Active Time  |
|------------------------------------------------------------------------------|
|                                                                              |
| assemble                      63        10.6238     0.168633    6.75         |
| assemble + linear solve       41        146.8544    3.581814    93.25        |
 ------------------------------------------------------------------------------
| Totals:                       104       157.4782                100.00       |
 ------------------------------------------------------------------------------

Linear solver converged at step: 2000, final residual: 3.69076e-12  ||u - u_old|| = 0.130963
F_norms[1]=7.96525e-07
 Nonlinear solver converged at step 1

F_norms[0]=1.74349e-05		 etas[0]=0			 n_its[0]=2000
F_norms[1]=7.96525e-07		 etas[1]=0			 n_its[1]=0
 |TE|_oo = 0
 Scaling timestep by 1
--------------------------------------------------------------------------
Computing Surface fluxes...
Computing Kinetic Energy...
======= Finished time step    23 time=0.23 dt=0.01 =======


======= Starting time step    24 time=0.23 dt=0.01 =======
F_norms[0]=1.01908e-05
 ------------------------------------------------------------------------------
| Porous Media Performance: Alive time=392.342, Active time=161.886            |
 ------------------------------------------------------------------------------
| Event                         nCalls    Total       Avg         Percent of   |
|                                         Time        Time        Active Time  |
|------------------------------------------------------------------------------|
|                                                                              |
| assemble                      65        10.9603     0.168620    6.77         |
| assemble + linear solve       42        150.9256    3.593466    93.23        |
 ------------------------------------------------------------------------------
| Totals:                       107       161.8859                100.00       |
 ------------------------------------------------------------------------------

Linear solver converged at step: 1967, final residual: 5.22702e-13  ||u - u_old|| = 0.179421
F_norms[1]=6.02203e-07
 Nonlinear solver converged at step 1

F_norms[0]=1.01908e-05		 etas[0]=0			 n_its[0]=1967
F_norms[1]=6.02203e-07		 etas[1]=0			 n_its[1]=0
 |TE|_oo = 0
 Scaling timestep by 1
--------------------------------------------------------------------------
Computing Surface fluxes...
Computing Kinetic Energy...
======= Finished time step    24 time=0.24 dt=0.01 =======


======= Starting time step    25 time=0.24 dt=0.01 =======
F_norms[0]=8.30551e-06
 Nonlinear solver converged at step 0

F_norms[0]=8.30551e-06		 etas[0]=0			 n_its[0]=0
 |TE|_oo = 0
 Scaling timestep by 1
--------------------------------------------------------------------------
Computing Surface fluxes...
Computing Kinetic Energy...
======= Finished time step    25 time=0.25 dt=0.01 =======


Steady State Reached: Terminating Simulation.
 ------------------------------------------------------------------------------
| Porous Media Performance: Alive time=431.735, Active time=162.223            |
 ------------------------------------------------------------------------------
| Event                         nCalls    Total       Avg         Percent of   |
|                                         Time        Time        Active Time  |
|------------------------------------------------------------------------------|
|                                                                              |
| assemble                      67        11.2975     0.168619    6.96         |
| assemble + linear solve       42        150.9256    3.593466    93.04        |
 ------------------------------------------------------------------------------
| Totals:                       109       162.2230                100.00       |
 ------------------------------------------------------------------------------

************************************************************************************************************************
***             WIDEN YOUR WINDOW TO 120 CHARACTERS.  Use 'enscript -r -fCourier9' to print this document            ***
************************************************************************************************************************

---------------------------------------------- PETSc Performance Summary: ----------------------------------------------

./pm on a linux named columbia9 with 96 processors, by benkirk Thu Apr 20 18:42:46 2006
Using Petsc Version 2.2.0, Patch 0, Released Feb 27, 2004

                         Max       Max/Min        Avg      Total 
Time (sec):           4.809e+02      1.13024   4.737e+02
Objects:              0.000e+00      0.00000   0.000e+00
Flops:                5.196e+10      1.21525   4.780e+10  4.589e+12
Flops/sec:            1.173e+08      1.31911   1.010e+08  9.696e+09
MPI Messages:         1.170e+06      4.00000   7.681e+05  7.374e+07
MPI Message Lengths:  6.355e+08      2.50415   6.337e+02  4.673e+10
MPI Reductions:       2.300e+03      1.00000

Flop counting convention: 1 flop = 1 real number operation of type (multiply/divide/add/subtract)
                            e.g., VecAXPY() for real vectors of length N --> 2N flops
                            and VecAXPY() for complex vectors of length N --> 8N flops

Summary of Stages:   ----- Time ------  ----- Flops -----  --- Messages ---  -- Message Lengths --  -- Reductions --
                        Avg     %Total     Avg     %Total   counts   %Total     Avg         %Total   counts   %Total 
 0:      Main Stage: 4.7368e+02 100.0%  4.5886e+12 100.0%  7.374e+07 100.0%  6.337e+02      100.0%  2.208e+05 100.0% 

------------------------------------------------------------------------------------------------------------------------
See the 'Profiling' chapter of the users' manual for details on interpreting output.
Phase summary info:
   Count: number of times phase was executed
   Time and Flops/sec: Max - maximum over all processors
                       Ratio - ratio of maximum to minimum over all processors
   Mess: number of messages sent
   Avg. len: average message length
   Reduct: number of global reductions
   Global: entire computation
   Stage: stages of a computation. Set stages with PetscLogStagePush() and PetscLogStagePop().
      %T - percent time in this phase         %F - percent flops in this phase
      %M - percent messages in this phase     %L - percent message lengths in this phase
      %R - percent reductions in this phase
   Total Mflop/s: 10e-6 * (sum of flops over all processors)/(max time over all processors)
------------------------------------------------------------------------------------------------------------------------


      ##########################################################
      #                                                        #
      #                          WARNING!!!                    #
      #                                                        #
      #   This code was run without the PreLoadBegin()         #
      #   macros. To get timing results we always recommend    #
      #   preloading. otherwise timing numbers may be          #
      #   meaningless.                                         #
      ##########################################################


Event                Count      Time (sec)     Flops/sec                         --- Global ---  --- Stage ---   Total
                   Max Ratio  Max     Ratio   Max  Ratio  Mess   Avg len Reduct  %T %F %M %L %R  %T %F %M %L %R Mflop/s
------------------------------------------------------------------------------------------------------------------------

--- Event Stage 0: Main Stage

VecDot            145854 1.0 2.0175e+01 2.8 1.25e+08 3.4 0.0e+00 0.0e+00 1.5e+05  3  2  0  0 66   3  2  0  0 66  3926
VecNorm            73093 1.0 1.6612e+01 4.0 1.07e+08 4.7 0.0e+00 0.0e+00 7.3e+04  2  1  0  0 33   2  1  0  0 33  2389
VecCopy              412 1.0 5.7444e-02 2.0 0.00e+00 0.0 0.0e+00 0.0e+00 0.0e+00  0  0  0  0  0   0  0  0  0  0     0
VecSet            146308 1.0 3.1294e-01 1.3 0.00e+00 0.0 0.0e+00 0.0e+00 0.0e+00  0  0  0  0  0   0  0  0  0  0     0
VecAXPY           291779 1.0 8.7453e-01 1.1 2.12e+09 1.1 0.0e+00 0.0e+00 0.0e+00  0  3  0  0  0   0  3  0  0  0 181203
VecAYPX           145816 1.0 4.5206e+00 1.2 1.99e+08 1.1 0.0e+00 0.0e+00 0.0e+00  1  2  0  0  0   1  2  0  0  0 17519
VecWAXPY          291574 1.0 8.1893e+00 1.2 1.96e+08 1.2 0.0e+00 0.0e+00 0.0e+00  2  3  0  0  0   2  3  0  0  0 16920
VecAssemblyBegin     310 1.0 1.6693e+00 3.5 0.00e+00 0.0 4.6e+04 1.0e+03 9.3e+02  0  0  0  0  0   0  0  0  0  0     0
VecAssemblyEnd       310 1.0 5.9548e-0220.9 0.00e+00 0.0 0.0e+00 0.0e+00 0.0e+00  0  0  0  0  0   0  0  0  0  0     0
VecScatterBegin   146056 1.0 1.3468e+01 6.1 0.00e+00 0.0 7.4e+07 6.2e+02 0.0e+00  2  0100 98  0   2  0100 98  0     0
VecScatterEnd     146056 1.0 4.8511e+00 3.5 0.00e+00 0.0 0.0e+00 0.0e+00 0.0e+00  1  0  0  0  0   1  0  0  0  0     0
MatMult           145921 1.0 5.9175e+01 1.3 4.93e+08 1.3 7.4e+07 6.2e+02 0.0e+00 11 46100 98  0  11 46100 98  0 35305
MatMultAdd            67 1.0 1.1918e-01 2.0 1.72e+08 2.1 3.4e+04 6.2e+02 0.0e+00  0  0  0  0  0   0  0  0  0  0  8215
MatSolve          145921 1.0 6.1253e+01 1.2 3.77e+08 1.0 0.0e+00 0.0e+00 0.0e+00 12 44  0  0  0  12 44  0  0  0 32624
MatLUFactorNum        67 1.0 3.2956e-01 1.3 1.95e+08 1.1 0.0e+00 0.0e+00 0.0e+00  0  0  0  0  0   0  0  0  0  0 15174
MatILUFactorSym        2 1.0 6.3658e-03 8.6 0.00e+00 0.0 0.0e+00 0.0e+00 2.0e+00  0  0  0  0  0   0  0  0  0  0     0
MatAssemblyBegin     201 1.0 3.6964e+00 4.2 0.00e+00 0.0 4.6e+04 1.5e+04 4.0e+02  0  0  0  1  0   0  0  0  1  0     0
MatAssemblyEnd       201 1.0 2.7567e-01 1.7 0.00e+00 0.0 1.0e+03 3.4e+02 2.1e+02  0  0  0  0  0   0  0  0  0  0     0
MatGetOrdering         2 1.0 3.6347e-0325.6 0.00e+00 0.0 0.0e+00 0.0e+00 4.0e+00  0  0  0  0  0   0  0  0  0  0     0
MatZeroEntries        96 1.0 2.8050e-02 2.2 0.00e+00 0.0 0.0e+00 0.0e+00 0.0e+00  0  0  0  0  0   0  0  0  0  0     0
KSPSetup             134 1.0 1.2845e-02 6.8 0.00e+00 0.0 0.0e+00 0.0e+00 0.0e+00  0  0  0  0  0   0  0  0  0  0     0
KSPSolve              67 1.0 1.5110e+02 1.0 3.44e+08 1.2 7.4e+07 6.2e+02 2.2e+05 32100100 98 99  32100100 98 99 30361
PCSetUp              134 1.0 4.3541e-01 1.7 1.86e+08 1.5 0.0e+00 0.0e+00 6.0e+00  0  0  0  0  0   0  0  0  0  0 11485
PCSetUpOnBlocks       67 1.0 3.5447e-01 1.4 1.93e+08 1.2 0.0e+00 0.0e+00 6.0e+00  0  0  0  0  0   0  0  0  0  0 14107
PCApply           145921 1.0 6.3049e+01 1.2 3.65e+08 1.0 0.0e+00 0.0e+00 0.0e+00 12 44  0  0  0  12 44  0  0  0 31695
------------------------------------------------------------------------------------------------------------------------

Memory usage is given in bytes:

Object Type          Creations   Destructions   Memory  Descendants' Mem.

--- Event Stage 0: Main Stage

           Index Set    78             78     857452     0
                 Map   185            185      47360     0
                 Vec   187            187    3646232     0
         Vec Scatter    70             70    4128992     0
              Matrix     8              8    4801596     1.55337e+06
       Krylov Solver     4              4        304     378288
      Preconditioner     4              4        480     1.48961e+06
========================================================================================================================
Average time to get PetscTime(): 4.05312e-07
Average time for MPI_Barrier(): 2.26021e-05
Average time for zero size MPI_Send(): 0.000136636
Compiled without FORTRAN kernels
Compiled with double precision matrices (default)
sizeof(short) 2 sizeof(int) 4 sizeof(long) 8 sizeof(void *) 8   
Libraries compiled on Tue Dec 13 11:13:18 PST 2005 on columbia  
Machine characteristics: Linux columbia 2.6.5-7.202.5-sn2 #1 SMP Thu Aug 25 06:20:45 UTC 2005 ia64 ia64 ia64 GNU/Linux  
Using PETSc directory: /u/benkirk/petsc-2.2.0 
Using PETSc arch: linux64_intel 
-----------------------------------------   
Using C compiler: icc -KPIC -O2 -ftz -I/u/benkirk/petsc-2.2.0 -I/u/benkirk/petsc-2.2.0/bmake/linux64_intel -I/u/benkirk/petsc-2.2.0/include   -I/opt/sgi/mpt/1.12.0.0/include                                                                                                                           -DPETSC_USE_FOR_KERNELS -DPETSC_USE_LOG -DPETSC_USE_DEBUG -DPETSC_USE_BOPT_O -DPETSC_USE_EXTERN_CXX -DMPI_NO_CPPBIND -wd1476 -D__SDIR__='. '  
C Compiler version: 
Intel(R) C Itanium(R) Compiler for Itanium(R)-based applications 
Version 9.0    Build 20051020 Package ID: l_cc_c_9.0.027 
C++ Compiler version: 
Intel(R) C Itanium(R) Compiler for Itanium(R)-based applications 
Using Fortran compiler: ifort -w -KPIC -O2 -ftz -I/u/benkirk/petsc-2.2.0 -I/u/benkirk/petsc-2.2.0/bmake/linux64_intel -I/u/benkirk/petsc-2.2.0/include   -I/opt/sgi/mpt/1.12.0.0/include                                                                                                                           -DPETSC_USE_FOR_KERNELS -DPETSC_USE_LOG -DPETSC_USE_DEBUG -DPETSC_USE_BOPT_O -DPETSC_USE_EXTERN_CXX  
Fortran Compiler version: 
Intel(R) Fortran Itanium(R) Compiler for Itanium(R)-based applications 
Version 9.0    Build 20051020 Package ID: l_fc_c_9.0.028 
-----------------------------------------   
Using PETSc flags: -DPETSC_USE_FOR_KERNELS -DPETSC_USE_LOG -DPETSC_USE_DEBUG -DPETSC_USE_BOPT_O -DPETSC_USE_EXTERN_CXX                                                                                                                        
----------------------------------------- 
Using configuration flags: 
----------------------------------------- 
Using include paths: -I/u/benkirk/petsc-2.2.0 -I/u/benkirk/petsc-2.2.0/bmake/linux64_intel -I/u/benkirk/petsc-2.2.0/include   -I/opt/sgi/mpt/1.12.0.0/include    
------------------------------------------   
Using C linker: icc -i_dynamic -O2 -ftz -Qoption,link,-rpath,/u/benkirk/petsc-2.2.0/lib/libO/linux64_intel  
Using Fortran linker: icc -i_dynamic -O2 -ftz -Qoption,link,-rpath,/u/benkirk/petsc-2.2.0/lib/libO/linux64_intel  
Using libraries: -L/u/benkirk/petsc-2.2.0/lib/libO/linux64_intel -lpetscts -lpetscsnes -lpetscksp -lpetscdm -lpetscmat -lpetscvec -lpetsc                                                                                                                                                                                                                                                                              -Wl,-rpath,/opt/sgi/scsl/1.6.1.0/lib -L/opt/sgi/scsl/1.6.1.0/lib -lscs -L/opt/sgi/mpt/1.12.0.0/lib -lmpi -lifport -lifcoremt -ldl -limf -lm -lcxa -lunwind -lpthread -lirc 
 -------------------------------------------------------------------------------

 Run completed in 489 seconds
