
 -----------------------------------------------
| Master Host:   cfe1.nas.nasa.gov
| Working Dir:   /u/benkirk/nobackup/bmurray_code/run.columbia
| # of Procs:    60
| Case name::    pm_jwp_fine
 -----------------------------------------------

Using input file: pm_jwp_fine.in
Initializing EquationSystems ... 
 Mesh Information:
  mesh_dimension()=2
  spatial_dimension()=3
  n_nodes()=90601
  n_elem()=90000
   n_local_elem()=1465
   n_active_elem()=90000
  n_subdomains()=1
  n_processors()=60
  processor_id()=0

 EquationSystems
  n_systems()=2
   System "Porous Media"
    Type "TransientLinearImplicit"
    Variables="p" "t" "s" 
    Finite Element Types="LAGRANGE" "LAGRANGE" "LAGRANGE" 
    Approximation Orders="FIRST" "FIRST" "FIRST" 
    n_dofs()=271803
    n_local_dofs()=4659
    n_constrained_dofs()=0
    n_vectors()=6
   System "Velocity"
    Type "TransientLinearImplicit"
    Variables="u" "v" 
    Finite Element Types="LAGRANGE" "LAGRANGE" 
    Approximation Orders="FIRST" "FIRST" 
    n_dofs()=181202
    n_local_dofs()=3106
    n_constrained_dofs()=0
    n_vectors()=3

======= Starting time step     1 time=0 dt=0.01 =======
F_norms[0]=0.082227

-------------------------------------------------------
| Processor id:   0                                    |
| Num Processors: 60                                   |
| Time:           Fri Apr 21 05:20:22 2006             |
| OS:             Linux                                |
| HostName:       columbia9                            |
| OS Release:     2.6.5-7.202.7-sn2                    |
| OS Version:     #5 SMP Thu Mar 16 17:51:36 PST 2006  |
| Machine:        ia64                                 |
| Username:       benkirk                              |
-------------------------------------------------------
 ------------------------------------------------------------------------------
| Porous Media Performance: Alive time=37.7677, Active time=2.99829            |
 ------------------------------------------------------------------------------
| Event                         nCalls    Total       Avg         Percent of   |
|                                         Time        Time        Active Time  |
|------------------------------------------------------------------------------|
|                                                                              |
| assemble                      1         0.2235      0.223519    7.45         |
| assemble + linear solve       1         2.7748      2.774767    92.55        |
 ------------------------------------------------------------------------------
| Totals:                       2         2.9983                  100.00       |
 ------------------------------------------------------------------------------

Linear solver converged at step: 921, final residual: 6.1583e-11  ||u - u_old|| = 2.601
F_norms[1]=5.99668e-07
 Nonlinear solver converged at step 1

F_norms[0]=0.082227		 etas[0]=0			 n_its[0]=921
F_norms[1]=5.99668e-07		 etas[1]=0			 n_its[1]=0
Computing Surface fluxes...
Computing Kinetic Energy...
======= Finished time step     1 time=0.01 dt=0.01 =======


======= Starting time step     2 time=0.01 dt=0.01 =======
F_norms[0]=9.67836e-05
 ------------------------------------------------------------------------------
| Porous Media Performance: Alive time=41.0434, Active time=5.76685            |
 ------------------------------------------------------------------------------
| Event                         nCalls    Total       Avg         Percent of   |
|                                         Time        Time        Active Time  |
|------------------------------------------------------------------------------|
|                                                                              |
| assemble                      3         0.6507      0.216892    11.28        |
| assemble + linear solve       2         5.1162      2.558086    88.72        |
 ------------------------------------------------------------------------------
| Totals:                       5         5.7668                  100.00       |
 ------------------------------------------------------------------------------

Linear solver converged at step: 785, final residual: 2.4249e-11  ||u - u_old|| = 0.980712
F_norms[1]=9.83631e-07
 Nonlinear solver converged at step 1

F_norms[0]=9.67836e-05		 etas[0]=0			 n_its[0]=785
F_norms[1]=9.83631e-07		 etas[1]=0			 n_its[1]=0
Computing Surface fluxes...
Computing Kinetic Energy...
======= Finished time step     2 time=0.02 dt=0.01 =======


======= Starting time step     3 time=0.02 dt=0.01 =======
F_norms[0]=0.000201933
 ------------------------------------------------------------------------------
| Porous Media Performance: Alive time=44.2819, Active time=8.51623            |
 ------------------------------------------------------------------------------
| Event                         nCalls    Total       Avg         Percent of   |
|                                         Time        Time        Active Time  |
|------------------------------------------------------------------------------|
|                                                                              |
| assemble                      5         1.0771      0.215420    12.65        |
| assemble + linear solve       3         7.4391      2.479709    87.35        |
 ------------------------------------------------------------------------------
| Totals:                       8         8.5162                  100.00       |
 ------------------------------------------------------------------------------

Linear solver converged at step: 779, final residual: 5.50735e-11  ||u - u_old|| = 1.99903
F_norms[1]=3.5898e-06
 Nonlinear solver converged at step 1

F_norms[0]=0.000201933		 etas[0]=0			 n_its[0]=779
F_norms[1]=3.5898e-06		 etas[1]=0			 n_its[1]=0
 |TE|_oo = 0
 Scaling timestep by 1
--------------------------------------------------------------------------
Computing Surface fluxes...
Computing Kinetic Energy...
======= Finished time step     3 time=0.03 dt=0.01 =======


======= Starting time step     4 time=0.03 dt=0.01 =======
F_norms[0]=0.000424313
 ------------------------------------------------------------------------------
| Porous Media Performance: Alive time=47.6799, Active time=11.438             |
 ------------------------------------------------------------------------------
| Event                         nCalls    Total       Avg         Percent of   |
|                                         Time        Time        Active Time  |
|------------------------------------------------------------------------------|
|                                                                              |
| assemble                      7         1.5032      0.214743    13.14        |
| assemble + linear solve       4         9.9348      2.483689    86.86        |
 ------------------------------------------------------------------------------
| Totals:                       11        11.4380                 100.00       |
 ------------------------------------------------------------------------------

Linear solver converged at step: 838, final residual: 9.27323e-11  ||u - u_old|| = 4.15598
F_norms[1]=1.53145e-05
 ------------------------------------------------------------------------------
| Porous Media Performance: Alive time=50.3646, Active time=14.0939            |
 ------------------------------------------------------------------------------
| Event                         nCalls    Total       Avg         Percent of   |
|                                         Time        Time        Active Time  |
|------------------------------------------------------------------------------|
|                                                                              |
| assemble                      8         1.7165      0.214565    12.18        |
| assemble + linear solve       5         12.3774     2.475481    87.82        |
 ------------------------------------------------------------------------------
| Totals:                       13        14.0939                 100.00       |
 ------------------------------------------------------------------------------

Linear solver converged at step: 819, final residual: 4.02776e-12  ||u - u_old|| = 0.0454164
F_norms[2]=3.0118e-07
 Nonlinear solver converged at step 2

F_norms[0]=0.000424313		 etas[0]=0			 n_its[0]=838
F_norms[1]=1.53145e-05		 etas[1]=0			 n_its[1]=819
F_norms[2]=3.0118e-07		 etas[2]=0			 n_its[2]=0
 |TE|_oo = 0
 Scaling timestep by 1
--------------------------------------------------------------------------
Computing Surface fluxes...
Computing Kinetic Energy...
======= Finished time step     4 time=0.04 dt=0.01 =======


======= Starting time step     5 time=0.04 dt=0.01 =======
F_norms[0]=0.00088896
 ------------------------------------------------------------------------------
| Porous Media Performance: Alive time=53.7761, Active time=17.0228            |
 ------------------------------------------------------------------------------
| Event                         nCalls    Total       Avg         Percent of   |
|                                         Time        Time        Active Time  |
|------------------------------------------------------------------------------|
|                                                                              |
| assemble                      10        2.1418      0.214184    12.58        |
| assemble + linear solve       6         14.8810     2.480162    87.42        |
 ------------------------------------------------------------------------------
| Totals:                       16        17.0228                 100.00       |
 ------------------------------------------------------------------------------

Linear solver converged at step: 842, final residual: 1.77035e-10  ||u - u_old|| = 8.736
F_norms[1]=6.75631e-05
 ------------------------------------------------------------------------------
| Porous Media Performance: Alive time=56.495, Active time=19.712              |
 ------------------------------------------------------------------------------
| Event                         nCalls    Total       Avg         Percent of   |
|                                         Time        Time        Active Time  |
|------------------------------------------------------------------------------|
|                                                                              |
| assemble                      11        2.3543      0.214029    11.94        |
| assemble + linear solve       7         17.3577     2.479675    88.06        |
 ------------------------------------------------------------------------------
| Totals:                       18        19.7120                 100.00       |
 ------------------------------------------------------------------------------

Linear solver converged at step: 833, final residual: 1.27232e-11  ||u - u_old|| = 0.212678
F_norms[2]=8.12002e-07
 Nonlinear solver converged at step 2

F_norms[0]=0.00088896		 etas[0]=0			 n_its[0]=842
F_norms[1]=6.75631e-05		 etas[1]=0			 n_its[1]=833
F_norms[2]=8.12002e-07		 etas[2]=0			 n_its[2]=0
 |TE|_oo = 0
 Scaling timestep by 1
--------------------------------------------------------------------------
Computing Surface fluxes...
Computing Kinetic Energy...
======= Finished time step     5 time=0.05 dt=0.01 =======


======= Starting time step     6 time=0.05 dt=0.01 =======
F_norms[0]=0.00187428
 ------------------------------------------------------------------------------
| Porous Media Performance: Alive time=59.7678, Active time=22.4984            |
 ------------------------------------------------------------------------------
| Event                         nCalls    Total       Avg         Percent of   |
|                                         Time        Time        Active Time  |
|------------------------------------------------------------------------------|
|                                                                              |
| assemble                      13        2.7789      0.213760    12.35        |
| assemble + linear solve       8         19.7195     2.464939    87.65        |
 ------------------------------------------------------------------------------
| Totals:                       21        22.4984                 100.00       |
 ------------------------------------------------------------------------------

Linear solver converged at step: 793, final residual: 3.18704e-10  ||u - u_old|| = 19.0615
F_norms[1]=0.000319121
 ------------------------------------------------------------------------------
| Porous Media Performance: Alive time=62.2483, Active time=24.9465            |
 ------------------------------------------------------------------------------
| Event                         nCalls    Total       Avg         Percent of   |
|                                         Time        Time        Active Time  |
|------------------------------------------------------------------------------|
|                                                                              |
| assemble                      14        2.9916      0.213682    11.99        |
| assemble + linear solve       9         21.9549     2.439434    88.01        |
 ------------------------------------------------------------------------------
| Totals:                       23        24.9465                 100.00       |
 ------------------------------------------------------------------------------

Linear solver converged at step: 751, final residual: 4.94938e-11  ||u - u_old|| = 1.25046
F_norms[2]=2.12734e-06
 Nonlinear solver converged at step 2

F_norms[0]=0.00187428		 etas[0]=0			 n_its[0]=793
F_norms[1]=0.000319121		 etas[1]=0			 n_its[1]=751
F_norms[2]=2.12734e-06		 etas[2]=0			 n_its[2]=0
 |TE|_oo = 0
 Scaling timestep by 1
--------------------------------------------------------------------------
Computing Surface fluxes...
Computing Kinetic Energy...
======= Finished time step     6 time=0.06 dt=0.01 =======


======= Starting time step     7 time=0.06 dt=0.01 =======
F_norms[0]=0.00411452
 ------------------------------------------------------------------------------
| Porous Media Performance: Alive time=65.8251, Active time=28.0453            |
 ------------------------------------------------------------------------------
| Event                         nCalls    Total       Avg         Percent of   |
|                                         Time        Time        Active Time  |
|------------------------------------------------------------------------------|
|                                                                              |
| assemble                      16        3.4169      0.213557    12.18        |
| assemble + linear solve       10        24.6284     2.462840    87.82        |
 ------------------------------------------------------------------------------
| Totals:                       26        28.0453                 100.00       |
 ------------------------------------------------------------------------------

Linear solver converged at step: 900, final residual: 1.01981e-09  ||u - u_old|| = 49.2015
F_norms[1]=0.00205493
 ------------------------------------------------------------------------------
| Porous Media Performance: Alive time=69.1773, Active time=31.3656            |
 ------------------------------------------------------------------------------
| Event                         nCalls    Total       Avg         Percent of   |
|                                         Time        Time        Active Time  |
|------------------------------------------------------------------------------|
|                                                                              |
| assemble                      17        3.6316      0.213621    11.58        |
| assemble + linear solve       11        27.7340     2.521274    88.42        |
 ------------------------------------------------------------------------------
| Totals:                       28        31.3656                 100.00       |
 ------------------------------------------------------------------------------

Linear solver converged at step: 1047, final residual: 4.79795e-10  ||u - u_old|| = 16.4769
F_norms[2]=0.000264863
 ------------------------------------------------------------------------------
| Porous Media Performance: Alive time=75.3195, Active time=37.4779            |
 ------------------------------------------------------------------------------
| Event                         nCalls    Total       Avg         Percent of   |
|                                         Time        Time        Active Time  |
|------------------------------------------------------------------------------|
|                                                                              |
| assemble                      18        3.8452      0.213621    10.26        |
| assemble + linear solve       12        33.6327     2.802723    89.74        |
 ------------------------------------------------------------------------------
| Totals:                       30        37.4779                 100.00       |
 ------------------------------------------------------------------------------

Linear solver converged at step: 2000, final residual: 3.08653e-07  ||u - u_old|| = 1.88712
F_norms[3]=0.000346151
 ------------------------------------------------------------------------------
| Porous Media Performance: Alive time=79.0136, Active time=41.1436            |
 ------------------------------------------------------------------------------
| Event                         nCalls    Total       Avg         Percent of   |
|                                         Time        Time        Active Time  |
|------------------------------------------------------------------------------|
|                                                                              |
| assemble                      19        4.0588      0.213622    9.86         |
| assemble + linear solve       13        37.0848     2.852679    90.14        |
 ------------------------------------------------------------------------------
| Totals:                       32        41.1436                 100.00       |
 ------------------------------------------------------------------------------

Linear solver converged at step: 1165, final residual: 1.66323e-12  ||u - u_old|| = 0.0102129
F_norms[4]=2.4611e-07
 Nonlinear solver converged at step 4

F_norms[0]=0.00411452		 etas[0]=0			 n_its[0]=900
F_norms[1]=0.00205493		 etas[1]=0			 n_its[1]=1047
F_norms[2]=0.000264863		 etas[2]=0			 n_its[2]=2000
F_norms[3]=0.000346151		 etas[3]=0			 n_its[3]=1165
F_norms[4]=2.4611e-07		 etas[4]=0			 n_its[4]=0
 |TE|_oo = 0
 Scaling timestep by 1
--------------------------------------------------------------------------
Computing Surface fluxes...
Computing Kinetic Energy...
======= Finished time step     7 time=0.07 dt=0.01 =======


======= Starting time step     8 time=0.07 dt=0.01 =======
F_norms[0]=0.0114417
 ------------------------------------------------------------------------------
| Porous Media Performance: Alive time=83.2024, Active time=44.8511            |
 ------------------------------------------------------------------------------
| Event                         nCalls    Total       Avg         Percent of   |
|                                         Time        Time        Active Time  |
|------------------------------------------------------------------------------|
|                                                                              |
| assemble                      21        4.4843      0.213539    10.00        |
| assemble + linear solve       14        40.3668     2.883341    90.00        |
 ------------------------------------------------------------------------------
| Totals:                       35        44.8511                 100.00       |
 ------------------------------------------------------------------------------

Linear solver converged at step: 1106, final residual: 1.13178e-09  ||u - u_old|| = 323.454
F_norms[1]=0.0666753
 ------------------------------------------------------------------------------
| Porous Media Performance: Alive time=89.3426, Active time=50.9613            |
 ------------------------------------------------------------------------------
| Event                         nCalls    Total       Avg         Percent of   |
|                                         Time        Time        Active Time  |
|------------------------------------------------------------------------------|
|                                                                              |
| assemble                      22        4.6968      0.213490    9.22         |
| assemble + linear solve       15        46.2645     3.084300    90.78        |
 ------------------------------------------------------------------------------
| Totals:                       37        50.9613                 100.00       |
 ------------------------------------------------------------------------------

Linear solver converged at step: 2000, final residual: 1.04314e-05  ||u - u_old|| = 150.787
F_norms[2]=0.0108516
 ------------------------------------------------------------------------------
| Porous Media Performance: Alive time=95.4825, Active time=57.0716            |
 ------------------------------------------------------------------------------
| Event                         nCalls    Total       Avg         Percent of   |
|                                         Time        Time        Active Time  |
|------------------------------------------------------------------------------|
|                                                                              |
| assemble                      23        4.9093      0.213448    8.60         |
| assemble + linear solve       16        52.1623     3.260145    91.40        |
 ------------------------------------------------------------------------------
| Totals:                       39        57.0716                 100.00       |
 ------------------------------------------------------------------------------

Linear solver converged at step: 2000, final residual: 6.55877e-08  ||u - u_old|| = 84.7385
F_norms[3]=0.00106673
 ------------------------------------------------------------------------------
| Porous Media Performance: Alive time=101.627, Active time=63.1862            |
 ------------------------------------------------------------------------------
| Event                         nCalls    Total       Avg         Percent of   |
|                                         Time        Time        Active Time  |
|------------------------------------------------------------------------------|
|                                                                              |
| assemble                      24        5.1231      0.213464    8.11         |
| assemble + linear solve       17        58.0630     3.415473    91.89        |
 ------------------------------------------------------------------------------
| Totals:                       41        63.1862                 100.00       |
 ------------------------------------------------------------------------------

Linear solver converged at step: 2000, final residual: 1.94303e-10  ||u - u_old|| = 8.05954
F_norms[4]=1.76577e-05
 ------------------------------------------------------------------------------
| Porous Media Performance: Alive time=107.77, Active time=69.3004             |
 ------------------------------------------------------------------------------
| Event                         nCalls    Total       Avg         Percent of   |
|                                         Time        Time        Active Time  |
|------------------------------------------------------------------------------|
|                                                                              |
| assemble                      25        5.3358      0.213432    7.70         |
| assemble + linear solve       18        63.9646     3.553587    92.30        |
 ------------------------------------------------------------------------------
| Totals:                       43        69.3004                 100.00       |
 ------------------------------------------------------------------------------

Linear solver converged at step: 2000, final residual: 1.22078e-10  ||u - u_old|| = 0.0959554
F_norms[5]=4.77384e-07
 Nonlinear solver converged at step 5

F_norms[0]=0.0114417		 etas[0]=0			 n_its[0]=1106
F_norms[1]=0.0666753		 etas[1]=0			 n_its[1]=2000
F_norms[2]=0.0108516		 etas[2]=0			 n_its[2]=2000
F_norms[3]=0.00106673		 etas[3]=0			 n_its[3]=2000
F_norms[4]=1.76577e-05		 etas[4]=0			 n_its[4]=2000
F_norms[5]=4.77384e-07		 etas[5]=0			 n_its[5]=0
 |TE|_oo = 0
 Scaling timestep by 1
--------------------------------------------------------------------------
Computing Surface fluxes...
Computing Kinetic Energy...
======= Finished time step     8 time=0.08 dt=0.01 =======


======= Starting time step     9 time=0.08 dt=0.01 =======
F_norms[0]=0.0316955
 ------------------------------------------------------------------------------
| Porous Media Performance: Alive time=114.609, Active time=75.6317            |
 ------------------------------------------------------------------------------
| Event                         nCalls    Total       Avg         Percent of   |
|                                         Time        Time        Active Time  |
|------------------------------------------------------------------------------|
|                                                                              |
| assemble                      27        5.7603      0.213346    7.62         |
| assemble + linear solve       19        69.8713     3.677437    92.38        |
 ------------------------------------------------------------------------------
| Totals:                       46        75.6317                 100.00       |
 ------------------------------------------------------------------------------

Linear solver converged at step: 2000, final residual: 1.20647e-06  ||u - u_old|| = 967.518
F_norms[1]=0.067049
 ------------------------------------------------------------------------------
| Porous Media Performance: Alive time=120.748, Active time=81.7418            |
 ------------------------------------------------------------------------------
| Event                         nCalls    Total       Avg         Percent of   |
|                                         Time        Time        Active Time  |
|------------------------------------------------------------------------------|
|                                                                              |
| assemble                      28        5.9730      0.213323    7.31         |
| assemble + linear solve       20        75.7687     3.788437    92.69        |
 ------------------------------------------------------------------------------
| Totals:                       48        81.7418                 100.00       |
 ------------------------------------------------------------------------------

Linear solver converged at step: 2000, final residual: 1.87239e-07  ||u - u_old|| = 283.806
F_norms[2]=0.0113426
 ------------------------------------------------------------------------------
| Porous Media Performance: Alive time=126.721, Active time=87.6857            |
 ------------------------------------------------------------------------------
| Event                         nCalls    Total       Avg         Percent of   |
|                                         Time        Time        Active Time  |
|------------------------------------------------------------------------------|
|                                                                              |
| assemble                      29        6.1874      0.213357    7.06         |
| assemble + linear solve       21        81.4984     3.880876    92.94        |
 ------------------------------------------------------------------------------
| Totals:                       50        87.6857                 100.00       |
 ------------------------------------------------------------------------------

Linear solver converged at step: 1942, final residual: 2.78976e-09  ||u - u_old|| = 35.2261
F_norms[3]=0.000496926
 ------------------------------------------------------------------------------
| Porous Media Performance: Alive time=132.467, Active time=93.4024            |
 ------------------------------------------------------------------------------
| Event                         nCalls    Total       Avg         Percent of   |
|                                         Time        Time        Active Time  |
|------------------------------------------------------------------------------|
|                                                                              |
| assemble                      30        6.4001      0.213336    6.85         |
| assemble + linear solve       22        87.0023     3.954650    93.15        |
 ------------------------------------------------------------------------------
| Totals:                       52        93.4024                 100.00       |
 ------------------------------------------------------------------------------

Linear solver converged at step: 1866, final residual: 1.37844e-10  ||u - u_old|| = 1.03088
F_norms[4]=1.01506e-06
 Nonlinear solver converged at step 4

F_norms[0]=0.0316955		 etas[0]=0			 n_its[0]=2000
F_norms[1]=0.067049		 etas[1]=0			 n_its[1]=2000
F_norms[2]=0.0113426		 etas[2]=0			 n_its[2]=1942
F_norms[3]=0.000496926		 etas[3]=0			 n_its[3]=1866
F_norms[4]=1.01506e-06		 etas[4]=0			 n_its[4]=0
 |TE|_oo = 0
 Scaling timestep by 1
--------------------------------------------------------------------------
Computing Surface fluxes...
Computing Kinetic Energy...
======= Finished time step     9 time=0.09 dt=0.01 =======


======= Starting time step    10 time=0.09 dt=0.01 =======
F_norms[0]=0.0321475
 ------------------------------------------------------------------------------
| Porous Media Performance: Alive time=138.884, Active time=99.3241            |
 ------------------------------------------------------------------------------
| Event                         nCalls    Total       Avg         Percent of   |
|                                         Time        Time        Active Time  |
|------------------------------------------------------------------------------|
|                                                                              |
| assemble                      32        6.8251      0.213286    6.87         |
| assemble + linear solve       23        92.4989     4.021693    93.13        |
 ------------------------------------------------------------------------------
| Totals:                       55        99.3241                 100.00       |
 ------------------------------------------------------------------------------

Linear solver converged at step: 1862, final residual: 3.51143e-09  ||u - u_old|| = 515.769
F_norms[1]=0.004844
 ------------------------------------------------------------------------------
| Porous Media Performance: Alive time=144.438, Active time=104.849            |
 ------------------------------------------------------------------------------
| Event                         nCalls    Total       Avg         Percent of   |
|                                         Time        Time        Active Time  |
|------------------------------------------------------------------------------|
|                                                                              |
| assemble                      33        7.0380      0.213272    6.71         |
| assemble + linear solve       24        97.8107     4.075444    93.29        |
 ------------------------------------------------------------------------------
| Totals:                       57        104.8486                100.00       |
 ------------------------------------------------------------------------------

Linear solver converged at step: 1798, final residual: 1.19284e-09  ||u - u_old|| = 18.7999
F_norms[2]=7.33482e-05
 ------------------------------------------------------------------------------
| Porous Media Performance: Alive time=149.861, Active time=110.242            |
 ------------------------------------------------------------------------------
| Event                         nCalls    Total       Avg         Percent of   |
|                                         Time        Time        Active Time  |
|------------------------------------------------------------------------------|
|                                                                              |
| assemble                      34        7.2508      0.213259    6.58         |
| assemble + linear solve       25        102.9913    4.119650    93.42        |
 ------------------------------------------------------------------------------
| Totals:                       59        110.2421                100.00       |
 ------------------------------------------------------------------------------

Linear solver converged at step: 1755, final residual: 2.00446e-11  ||u - u_old|| = 0.0737074
F_norms[3]=3.67798e-07
 Nonlinear solver converged at step 3

F_norms[0]=0.0321475		 etas[0]=0			 n_its[0]=1862
F_norms[1]=0.004844		 etas[1]=0			 n_its[1]=1798
F_norms[2]=7.33482e-05		 etas[2]=0			 n_its[2]=1755
F_norms[3]=3.67798e-07		 etas[3]=0			 n_its[3]=0
 |TE|_oo = 0
 Scaling timestep by 1
--------------------------------------------------------------------------
Computing Surface fluxes...
Computing Kinetic Energy...
======= Finished time step    10 time=0.1 dt=0.01 =======


======= Starting time step    11 time=0.1 dt=0.01 =======
F_norms[0]=0.01926
 ------------------------------------------------------------------------------
| Porous Media Performance: Alive time=168.275, Active time=115.957            |
 ------------------------------------------------------------------------------
| Event                         nCalls    Total       Avg         Percent of   |
|                                         Time        Time        Active Time  |
|------------------------------------------------------------------------------|
|                                                                              |
| assemble                      36        7.6767      0.213241    6.62         |
| assemble + linear solve       26        108.2799    4.164612    93.38        |
 ------------------------------------------------------------------------------
| Totals:                       62        115.9566                100.00       |
 ------------------------------------------------------------------------------

Linear solver converged at step: 1789, final residual: 1.10088e-09  ||u - u_old|| = 204.998
F_norms[1]=0.000815124
 ------------------------------------------------------------------------------
| Porous Media Performance: Alive time=174.056, Active time=121.709            |
 ------------------------------------------------------------------------------
| Event                         nCalls    Total       Avg         Percent of   |
|                                         Time        Time        Active Time  |
|------------------------------------------------------------------------------|
|                                                                              |
| assemble                      37        7.8900      0.213244    6.48         |
| assemble + linear solve       27        113.8187    4.215506    93.52        |
 ------------------------------------------------------------------------------
| Totals:                       64        121.7087                100.00       |
 ------------------------------------------------------------------------------

Linear solver converged at step: 1875, final residual: 1.09137e-10  ||u - u_old|| = 9.91081
F_norms[2]=2.70864e-06
 Nonlinear solver converged at step 2

F_norms[0]=0.01926		 etas[0]=0			 n_its[0]=1789
F_norms[1]=0.000815124		 etas[1]=0			 n_its[1]=1875
F_norms[2]=2.70864e-06		 etas[2]=0			 n_its[2]=0
 |TE|_oo = 0
 Scaling timestep by 1
--------------------------------------------------------------------------
Computing Surface fluxes...
Computing Kinetic Energy...
======= Finished time step    11 time=0.11 dt=0.01 =======


======= Starting time step    12 time=0.11 dt=0.01 =======
F_norms[0]=0.00844775
 ------------------------------------------------------------------------------
| Porous Media Performance: Alive time=180.521, Active time=127.679            |
 ------------------------------------------------------------------------------
| Event                         nCalls    Total       Avg         Percent of   |
|                                         Time        Time        Active Time  |
|------------------------------------------------------------------------------|
|                                                                              |
| assemble                      39        8.3144      0.213191    6.51         |
| assemble + linear solve       28        119.3645    4.263018    93.49        |
 ------------------------------------------------------------------------------
| Totals:                       67        127.6789                100.00       |
 ------------------------------------------------------------------------------

Linear solver converged at step: 1879, final residual: 2.92388e-10  ||u - u_old|| = 49.5436
F_norms[1]=0.000277189
 ------------------------------------------------------------------------------
| Porous Media Performance: Alive time=186.007, Active time=133.134            |
 ------------------------------------------------------------------------------
| Event                         nCalls    Total       Avg         Percent of   |
|                                         Time        Time        Active Time  |
|------------------------------------------------------------------------------|
|                                                                              |
| assemble                      40        8.5275      0.213187    6.41         |
| assemble + linear solve       29        124.6067    4.296782    93.59        |
 ------------------------------------------------------------------------------
| Totals:                       69        133.1342                100.00       |
 ------------------------------------------------------------------------------

Linear solver converged at step: 1771, final residual: 2.89715e-11  ||u - u_old|| = 3.32982
F_norms[2]=8.25818e-07
 Nonlinear solver converged at step 2

F_norms[0]=0.00844775		 etas[0]=0			 n_its[0]=1879
F_norms[1]=0.000277189		 etas[1]=0			 n_its[1]=1771
F_norms[2]=8.25818e-07		 etas[2]=0			 n_its[2]=0
 |TE|_oo = 0
 Scaling timestep by 1
--------------------------------------------------------------------------
Computing Surface fluxes...
Computing Kinetic Energy...
======= Finished time step    12 time=0.12 dt=0.01 =======


======= Starting time step    13 time=0.12 dt=0.01 =======
F_norms[0]=0.00349549
 ------------------------------------------------------------------------------
| Porous Media Performance: Alive time=192.208, Active time=138.855            |
 ------------------------------------------------------------------------------
| Event                         nCalls    Total       Avg         Percent of   |
|                                         Time        Time        Active Time  |
|------------------------------------------------------------------------------|
|                                                                              |
| assemble                      42        8.9520      0.213143    6.45         |
| assemble + linear solve       30        129.9027    4.330090    93.55        |
 ------------------------------------------------------------------------------
| Totals:                       72        138.8547                100.00       |
 ------------------------------------------------------------------------------

Linear solver converged at step: 1792, final residual: 1.1708e-10  ||u - u_old|| = 40.0283
F_norms[1]=0.000104273
 ------------------------------------------------------------------------------
| Porous Media Performance: Alive time=197.495, Active time=144.111            |
 ------------------------------------------------------------------------------
| Event                         nCalls    Total       Avg         Percent of   |
|                                         Time        Time        Active Time  |
|------------------------------------------------------------------------------|
|                                                                              |
| assemble                      43        9.1648      0.213134    6.36         |
| assemble + linear solve       31        134.9462    4.353104    93.64        |
 ------------------------------------------------------------------------------
| Totals:                       74        144.1110                100.00       |
 ------------------------------------------------------------------------------

Linear solver converged at step: 1709, final residual: 1.68809e-11  ||u - u_old|| = 0.510174
F_norms[2]=4.02665e-07
 Nonlinear solver converged at step 2

F_norms[0]=0.00349549		 etas[0]=0			 n_its[0]=1792
F_norms[1]=0.000104273		 etas[1]=0			 n_its[1]=1709
F_norms[2]=4.02665e-07		 etas[2]=0			 n_its[2]=0
 |TE|_oo = 0
 Scaling timestep by 1
--------------------------------------------------------------------------
Computing Surface fluxes...
Computing Kinetic Energy...
======= Finished time step    13 time=0.13 dt=0.01 =======


======= Starting time step    14 time=0.13 dt=0.01 =======
F_norms[0]=0.00239999
 ------------------------------------------------------------------------------
| Porous Media Performance: Alive time=203.492, Active time=149.621            |
 ------------------------------------------------------------------------------
| Event                         nCalls    Total       Avg         Percent of   |
|                                         Time        Time        Active Time  |
|------------------------------------------------------------------------------|
|                                                                              |
| assemble                      45        9.5898      0.213106    6.41         |
| assemble + linear solve       32        140.0308    4.375961    93.59        |
 ------------------------------------------------------------------------------
| Totals:                       77        149.6205                100.00       |
 ------------------------------------------------------------------------------

Linear solver converged at step: 1721, final residual: 1.03228e-10  ||u - u_old|| = 42.7863
F_norms[1]=3.55714e-05
 ------------------------------------------------------------------------------
| Porous Media Performance: Alive time=208.608, Active time=154.706            |
 ------------------------------------------------------------------------------
| Event                         nCalls    Total       Avg         Percent of   |
|                                         Time        Time        Active Time  |
|------------------------------------------------------------------------------|
|                                                                              |
| assemble                      46        9.8027      0.213103    6.34         |
| assemble + linear solve       33        144.9037    4.391021    93.66        |
 ------------------------------------------------------------------------------
| Totals:                       79        154.7064                100.00       |
 ------------------------------------------------------------------------------

Linear solver converged at step: 1650, final residual: 4.01689e-12  ||u - u_old|| = 0.320861
F_norms[2]=5.32211e-07
 Nonlinear solver converged at step 2

F_norms[0]=0.00239999		 etas[0]=0			 n_its[0]=1721
F_norms[1]=3.55714e-05		 etas[1]=0			 n_its[1]=1650
F_norms[2]=5.32211e-07		 etas[2]=0			 n_its[2]=0
 |TE|_oo = 0
 Scaling timestep by 1
--------------------------------------------------------------------------
Computing Surface fluxes...
Computing Kinetic Energy...
======= Finished time step    14 time=0.14 dt=0.01 =======


======= Starting time step    15 time=0.14 dt=0.01 =======
F_norms[0]=0.00183162
 ------------------------------------------------------------------------------
| Porous Media Performance: Alive time=214.768, Active time=160.368            |
 ------------------------------------------------------------------------------
| Event                         nCalls    Total       Avg         Percent of   |
|                                         Time        Time        Active Time  |
|------------------------------------------------------------------------------|
|                                                                              |
| assemble                      48        10.2278     0.213080    6.38         |
| assemble + linear solve       34        150.1403    4.415891    93.62        |
 ------------------------------------------------------------------------------
| Totals:                       82        160.3681                100.00       |
 ------------------------------------------------------------------------------

Linear solver converged at step: 1774, final residual: 8.52665e-11  ||u - u_old|| = 29.3208
F_norms[1]=8.80317e-06
 Nonlinear solver converged at step 1

F_norms[0]=0.00183162		 etas[0]=0			 n_its[0]=1774
F_norms[1]=8.80317e-06		 etas[1]=0			 n_its[1]=0
 |TE|_oo = 0
 Scaling timestep by 1
--------------------------------------------------------------------------
Computing Surface fluxes...
Computing Kinetic Energy...
======= Finished time step    15 time=0.15 dt=0.01 =======


======= Starting time step    16 time=0.15 dt=0.01 =======
F_norms[0]=0.00113115
 ------------------------------------------------------------------------------
| Porous Media Performance: Alive time=221.041, Active time=166.16             |
 ------------------------------------------------------------------------------
| Event                         nCalls    Total       Avg         Percent of   |
|                                         Time        Time        Active Time  |
|------------------------------------------------------------------------------|
|                                                                              |
| assemble                      50        10.6540     0.213081    6.41         |
| assemble + linear solve       35        155.5063    4.443038    93.59        |
 ------------------------------------------------------------------------------
| Totals:                       85        166.1604                100.00       |
 ------------------------------------------------------------------------------

Linear solver converged at step: 1819, final residual: 2.24012e-11  ||u - u_old|| = 14.1511
F_norms[1]=2.88509e-06
 Nonlinear solver converged at step 1

F_norms[0]=0.00113115		 etas[0]=0			 n_its[0]=1819
F_norms[1]=2.88509e-06		 etas[1]=0			 n_its[1]=0
 |TE|_oo = 0
 Scaling timestep by 1
--------------------------------------------------------------------------
Computing Surface fluxes...
Computing Kinetic Energy...
======= Finished time step    16 time=0.16 dt=0.01 =======


======= Starting time step    17 time=0.16 dt=0.01 =======
F_norms[0]=0.000554268
 ------------------------------------------------------------------------------
| Porous Media Performance: Alive time=227.341, Active time=171.986            |
 ------------------------------------------------------------------------------
| Event                         nCalls    Total       Avg         Percent of   |
|                                         Time        Time        Active Time  |
|------------------------------------------------------------------------------|
|                                                                              |
| assemble                      52        11.0803     0.213083    6.44         |
| assemble + linear solve       36        160.9054    4.469594    93.56        |
 ------------------------------------------------------------------------------
| Totals:                       88        171.9857                100.00       |
 ------------------------------------------------------------------------------

Linear solver converged at step: 1830, final residual: 1.30714e-11  ||u - u_old|| = 4.15442
F_norms[1]=1.84314e-06
 Nonlinear solver converged at step 1

F_norms[0]=0.000554268		 etas[0]=0			 n_its[0]=1830
F_norms[1]=1.84314e-06		 etas[1]=0			 n_its[1]=0
 |TE|_oo = 0
 Scaling timestep by 1
--------------------------------------------------------------------------
Computing Surface fluxes...
Computing Kinetic Energy...
======= Finished time step    17 time=0.17 dt=0.01 =======


======= Starting time step    18 time=0.17 dt=0.01 =======
F_norms[0]=0.000236385
 ------------------------------------------------------------------------------
| Porous Media Performance: Alive time=233.487, Active time=177.65             |
 ------------------------------------------------------------------------------
| Event                         nCalls    Total       Avg         Percent of   |
|                                         Time        Time        Active Time  |
|------------------------------------------------------------------------------|
|                                                                              |
| assemble                      54        11.5063     0.213080    6.48         |
| assemble + linear solve       37        166.1435    4.490366    93.52        |
 ------------------------------------------------------------------------------
| Totals:                       91        177.6498                100.00       |
 ------------------------------------------------------------------------------

Linear solver converged at step: 1773, final residual: 1.17973e-11  ||u - u_old|| = 2.25286
F_norms[1]=1.36262e-06
 Nonlinear solver converged at step 1

F_norms[0]=0.000236385		 etas[0]=0			 n_its[0]=1773
F_norms[1]=1.36262e-06		 etas[1]=0			 n_its[1]=0
 |TE|_oo = 0
 Scaling timestep by 1
--------------------------------------------------------------------------
Computing Surface fluxes...
Computing Kinetic Energy...
======= Finished time step    18 time=0.18 dt=0.01 =======


======= Starting time step    19 time=0.18 dt=0.01 =======
F_norms[0]=0.000153753
 ------------------------------------------------------------------------------
| Porous Media Performance: Alive time=239.151, Active time=182.838            |
 ------------------------------------------------------------------------------
| Event                         nCalls    Total       Avg         Percent of   |
|                                         Time        Time        Active Time  |
|------------------------------------------------------------------------------|
|                                                                              |
| assemble                      56        11.9319     0.213069    6.53         |
| assemble + linear solve       38        170.9060    4.497527    93.47        |
 ------------------------------------------------------------------------------
| Totals:                       94        182.8379                100.00       |
 ------------------------------------------------------------------------------

Linear solver converged at step: 1612, final residual: 6.12221e-12  ||u - u_old|| = 2.80276
F_norms[1]=1.31698e-06
 Nonlinear solver converged at step 1

F_norms[0]=0.000153753		 etas[0]=0			 n_its[0]=1612
F_norms[1]=1.31698e-06		 etas[1]=0			 n_its[1]=0
 |TE|_oo = 0
 Scaling timestep by 1
--------------------------------------------------------------------------
Computing Surface fluxes...
Computing Kinetic Energy...
======= Finished time step    19 time=0.19 dt=0.01 =======


======= Starting time step    20 time=0.19 dt=0.01 =======
F_norms[0]=0.000123936
 ------------------------------------------------------------------------------
| Porous Media Performance: Alive time=245.951, Active time=189.163            |
 ------------------------------------------------------------------------------
| Event                         nCalls    Total       Avg         Percent of   |
|                                         Time        Time        Active Time  |
|------------------------------------------------------------------------------|
|                                                                              |
| assemble                      58        12.3586     0.213080    6.53         |
| assemble + linear solve       39        176.8047    4.533455    93.47        |
 ------------------------------------------------------------------------------
| Totals:                       97        189.1634                100.00       |
 ------------------------------------------------------------------------------

Linear solver converged at step: 2000, final residual: 6.68847e-11  ||u - u_old|| = 2.07147
F_norms[1]=8.04172e-07
 Nonlinear solver converged at step 1

F_norms[0]=0.000123936		 etas[0]=0			 n_its[0]=2000
F_norms[1]=8.04172e-07		 etas[1]=0			 n_its[1]=0
 |TE|_oo = 0
 Scaling timestep by 1
--------------------------------------------------------------------------
Computing Surface fluxes...
Computing Kinetic Energy...
======= Finished time step    20 time=0.2 dt=0.01 =======


======= Starting time step    21 time=0.2 dt=0.01 =======
F_norms[0]=8.07868e-05
 ------------------------------------------------------------------------------
| Porous Media Performance: Alive time=263.831, Active time=194.438            |
 ------------------------------------------------------------------------------
| Event                         nCalls    Total       Avg         Percent of   |
|                                         Time        Time        Active Time  |
|------------------------------------------------------------------------------|
|                                                                              |
| assemble                      60        12.7862     0.213103    6.58         |
| assemble + linear solve       40        181.6516    4.541291    93.42        |
 ------------------------------------------------------------------------------
| Totals:                       100       194.4378                100.00       |
 ------------------------------------------------------------------------------

Linear solver converged at step: 1639, final residual: 2.78401e-12  ||u - u_old|| = 1.06596
F_norms[1]=4.74869e-07
 Nonlinear solver converged at step 1

F_norms[0]=8.07868e-05		 etas[0]=0			 n_its[0]=1639
F_norms[1]=4.74869e-07		 etas[1]=0			 n_its[1]=0
 |TE|_oo = 0
 Scaling timestep by 1
--------------------------------------------------------------------------
Computing Surface fluxes...
Computing Kinetic Energy...
======= Finished time step    21 time=0.21 dt=0.01 =======


======= Starting time step    22 time=0.21 dt=0.01 =======
F_norms[0]=4.11491e-05
 ------------------------------------------------------------------------------
| Porous Media Performance: Alive time=270.643, Active time=200.765            |
 ------------------------------------------------------------------------------
| Event                         nCalls    Total       Avg         Percent of   |
|                                         Time        Time        Active Time  |
|------------------------------------------------------------------------------|
|                                                                              |
| assemble                      62        13.2117     0.213093    6.58         |
| assemble + linear solve       41        187.5536    4.574479    93.42        |
 ------------------------------------------------------------------------------
| Totals:                       103       200.7654                100.00       |
 ------------------------------------------------------------------------------

Linear solver converged at step: 2000, final residual: 9.70455e-09  ||u - u_old|| = 0.348211
F_norms[1]=5.9067e-07
 Nonlinear solver converged at step 1

F_norms[0]=4.11491e-05		 etas[0]=0			 n_its[0]=2000
F_norms[1]=5.9067e-07		 etas[1]=0			 n_its[1]=0
 |TE|_oo = 0
 Scaling timestep by 1
--------------------------------------------------------------------------
Computing Surface fluxes...
Computing Kinetic Energy...
======= Finished time step    22 time=0.22 dt=0.01 =======


======= Starting time step    23 time=0.22 dt=0.01 =======
F_norms[0]=1.74369e-05
 ------------------------------------------------------------------------------
| Porous Media Performance: Alive time=276.883, Active time=206.522            |
 ------------------------------------------------------------------------------
| Event                         nCalls    Total       Avg         Percent of   |
|                                         Time        Time        Active Time  |
|------------------------------------------------------------------------------|
|                                                                              |
| assemble                      64        13.6375     0.213086    6.60         |
| assemble + linear solve       42        192.8847    4.592493    93.40        |
 ------------------------------------------------------------------------------
| Totals:                       106       206.5222                100.00       |
 ------------------------------------------------------------------------------

Linear solver converged at step: 1806, final residual: 6.72584e-13  ||u - u_old|| = 0.130973
F_norms[1]=3.84759e-07
 Nonlinear solver converged at step 1

F_norms[0]=1.74369e-05		 etas[0]=0			 n_its[0]=1806
F_norms[1]=3.84759e-07		 etas[1]=0			 n_its[1]=0
 |TE|_oo = 0
 Scaling timestep by 1
--------------------------------------------------------------------------
Computing Surface fluxes...
Computing Kinetic Energy...
======= Finished time step    23 time=0.23 dt=0.01 =======


======= Starting time step    24 time=0.23 dt=0.01 =======
F_norms[0]=1.01667e-05
 ------------------------------------------------------------------------------
| Porous Media Performance: Alive time=282.831, Active time=211.994            |
 ------------------------------------------------------------------------------
| Event                         nCalls    Total       Avg         Percent of   |
|                                         Time        Time        Active Time  |
|------------------------------------------------------------------------------|
|                                                                              |
| assemble                      66        14.0628     0.213072    6.63         |
| assemble + linear solve       43        197.9315    4.603059    93.37        |
 ------------------------------------------------------------------------------
| Totals:                       109       211.9943                100.00       |
 ------------------------------------------------------------------------------

Linear solver converged at step: 1706, final residual: 4.42457e-13  ||u - u_old|| = 0.179436
F_norms[1]=8.04182e-07
 Nonlinear solver converged at step 1

F_norms[0]=1.01667e-05		 etas[0]=0			 n_its[0]=1706
F_norms[1]=8.04182e-07		 etas[1]=0			 n_its[1]=0
 |TE|_oo = 0
 Scaling timestep by 1
--------------------------------------------------------------------------
Computing Surface fluxes...
Computing Kinetic Energy...
======= Finished time step    24 time=0.24 dt=0.01 =======


======= Starting time step    25 time=0.24 dt=0.01 =======
F_norms[0]=8.32289e-06
 Nonlinear solver converged at step 0

F_norms[0]=8.32289e-06		 etas[0]=0			 n_its[0]=0
 |TE|_oo = 0
 Scaling timestep by 1
--------------------------------------------------------------------------
Computing Surface fluxes...
Computing Kinetic Energy...
======= Finished time step    25 time=0.25 dt=0.01 =======


Steady State Reached: Terminating Simulation.
 ------------------------------------------------------------------------------
| Porous Media Performance: Alive time=296.314, Active time=212.42             |
 ------------------------------------------------------------------------------
| Event                         nCalls    Total       Avg         Percent of   |
|                                         Time        Time        Active Time  |
|------------------------------------------------------------------------------|
|                                                                              |
| assemble                      68        14.4887     0.213069    6.82         |
| assemble + linear solve       43        197.9315    4.603059    93.18        |
 ------------------------------------------------------------------------------
| Totals:                       111       212.4202                100.00       |
 ------------------------------------------------------------------------------

************************************************************************************************************************
***             WIDEN YOUR WINDOW TO 120 CHARACTERS.  Use 'enscript -r -fCourier9' to print this document            ***
************************************************************************************************************************

---------------------------------------------- PETSc Performance Summary: ----------------------------------------------

./pm on a linux named columbia9 with 60 processors, by benkirk Fri Apr 21 05:24:41 2006
Using Petsc Version 2.2.0, Patch 0, Released Feb 27, 2004

                         Max       Max/Min        Avg      Total 
Time (sec):           2.994e+02      1.02458   2.947e+02
Objects:              0.000e+00      0.00000   0.000e+00
Flops:                7.600e+10      1.20035   7.075e+10  4.245e+12
Flops/sec:            2.575e+08      1.19493   2.401e+08  1.441e+10
MPI Messages:         9.434e+05      3.50000   6.828e+05  4.097e+07
MPI Message Lengths:  7.316e+08      2.53737   8.019e+02  3.285e+10
MPI Reductions:       3.393e+03      1.00000

Flop counting convention: 1 flop = 1 real number operation of type (multiply/divide/add/subtract)
                            e.g., VecAXPY() for real vectors of length N --> 2N flops
                            and VecAXPY() for complex vectors of length N --> 8N flops

Summary of Stages:   ----- Time ------  ----- Flops -----  --- Messages ---  -- Message Lengths --  -- Reductions --
                        Avg     %Total     Avg     %Total   counts   %Total     Avg         %Total   counts   %Total 
 0:      Main Stage: 2.9467e+02 100.0%  4.2453e+12 100.0%  4.097e+07 100.0%  8.019e+02      100.0%  2.036e+05 100.0% 

------------------------------------------------------------------------------------------------------------------------
See the 'Profiling' chapter of the users' manual for details on interpreting output.
Phase summary info:
   Count: number of times phase was executed
   Time and Flops/sec: Max - maximum over all processors
                       Ratio - ratio of maximum to minimum over all processors
   Mess: number of messages sent
   Avg. len: average message length
   Reduct: number of global reductions
   Global: entire computation
   Stage: stages of a computation. Set stages with PetscLogStagePush() and PetscLogStagePop().
      %T - percent time in this phase         %F - percent flops in this phase
      %M - percent messages in this phase     %L - percent message lengths in this phase
      %R - percent reductions in this phase
   Total Mflop/s: 10e-6 * (sum of flops over all processors)/(max time over all processors)
------------------------------------------------------------------------------------------------------------------------


      ##########################################################
      #                                                        #
      #                          WARNING!!!                    #
      #                                                        #
      #   This code was run without the PreLoadBegin()         #
      #   macros. To get timing results we always recommend    #
      #   preloading. otherwise timing numbers may be          #
      #   meaningless.                                         #
      ##########################################################


Event                Count      Time (sec)     Flops/sec                         --- Global ---  --- Stage ---   Total
                   Max Ratio  Max     Ratio   Max  Ratio  Mess   Avg len Reduct  %T %F %M %L %R  %T %F %M %L %R Mflop/s
------------------------------------------------------------------------------------------------------------------------

--- Event Stage 0: Main Stage

VecDot            134304 1.0 1.8518e+01 3.0 2.08e+08 3.5 0.0e+00 0.0e+00 1.3e+05  4  2  0  0 66   4  2  0  0 66  3938
VecNorm            67327 1.0 1.5610e+01 3.8 1.53e+08 4.4 0.0e+00 0.0e+00 6.7e+04  3  1  0  0 33   3  1  0  0 33  2342
VecCopy              417 1.0 4.1859e-02 1.3 0.00e+00 0.0 0.0e+00 0.0e+00 0.0e+00  0  0  0  0  0   0  0  0  0  0     0
VecSet            134763 1.0 3.7004e-01 1.3 0.00e+00 0.0 0.0e+00 0.0e+00 0.0e+00  0  0  0  0  0   0  0  0  0  0     0
VecAXPY           268662 1.0 1.1919e+00 1.2 2.38e+09 1.2 0.0e+00 0.0e+00 0.0e+00  0  3  0  0  0   0  3  0  0  0 122415
VecAYPX           134247 1.0 6.8912e+00 1.2 1.94e+08 1.1 0.0e+00 0.0e+00 0.0e+00  2  2  0  0  0   2  2  0  0  0 10580
VecWAXPY          268472 1.0 1.1741e+01 1.2 2.02e+08 1.1 0.0e+00 0.0e+00 0.0e+00  4  3  0  0  0   4  3  0  0  0 10866
VecAssemblyBegin     315 1.0 1.2058e+00 3.1 0.00e+00 0.0 2.8e+04 1.3e+03 9.4e+02  0  0  0  0  0   0  0  0  0  0     0
VecAssemblyEnd       315 1.0 2.8891e-02 2.0 0.00e+00 0.0 0.0e+00 0.0e+00 0.0e+00  0  0  0  0  0   0  0  0  0  0     0
VecScatterBegin   134509 1.0 1.1017e+01 4.6 0.00e+00 0.0 4.1e+07 7.9e+02 0.0e+00  2  0100 98  0   2  0100 98  0     0
VecScatterEnd     134509 1.0 5.7349e+00 4.5 0.00e+00 0.0 0.0e+00 0.0e+00 0.0e+00  1  0  0  0  0   1  0  0  0  0     0
MatMult           134372 1.0 7.7102e+01 1.2 5.07e+08 1.2 4.1e+07 7.9e+02 0.0e+00 24 45100 98  0  24 45100 98  0 24948
MatMultAdd            68 1.0 9.0151e-02 1.8 3.41e+08 1.9 2.1e+04 7.9e+02 0.0e+00  0  0  0  0  0   0  0  0  0  0 11022
MatSolve          134372 1.0 9.1357e+01 1.2 3.76e+08 1.0 0.0e+00 0.0e+00 0.0e+00 28 44  0  0  0  28 44  0  0  0 20356
MatLUFactorNum        68 1.0 5.0475e-01 1.2 1.93e+08 1.0 0.0e+00 0.0e+00 0.0e+00  0  0  0  0  0   0  0  0  0  0 10308
MatILUFactorSym        2 1.0 7.8590e-03 4.1 0.00e+00 0.0 0.0e+00 0.0e+00 2.0e+00  0  0  0  0  0   0  0  0  0  0     0
MatAssemblyBegin     204 1.0 1.5482e+00 2.6 0.00e+00 0.0 2.8e+04 1.9e+04 4.1e+02  0  0  0  2  0   0  0  0  2  0     0
MatAssemblyEnd       204 1.0 2.6193e-01 2.0 0.00e+00 0.0 6.1e+02 4.2e+02 2.2e+02  0  0  0  0  0   0  0  0  0  0     0
MatGetOrdering         2 1.0 1.4131e-03 2.6 0.00e+00 0.0 0.0e+00 0.0e+00 4.0e+00  0  0  0  0  0   0  0  0  0  0     0
MatZeroEntries        97 1.0 2.3639e-02 1.3 0.00e+00 0.0 0.0e+00 0.0e+00 0.0e+00  0  0  0  0  0   0  0  0  0  0     0
KSPSetup             136 1.0 7.9167e-03 1.2 0.00e+00 0.0 0.0e+00 0.0e+00 0.0e+00  0  0  0  0  0   0  0  0  0  0     0
KSPSolve              68 1.0 1.9817e+02 1.0 3.83e+08 1.2 4.1e+07 7.9e+02 2.0e+05 67100100 98 99  67100100 98 99 21417
PCSetUp              136 1.0 5.5846e-01 1.2 1.72e+08 1.0 0.0e+00 0.0e+00 6.0e+00  0  0  0  0  0   0  0  0  0  0  9317
PCSetUpOnBlocks       68 1.0 5.2026e-01 1.2 1.86e+08 1.1 0.0e+00 0.0e+00 6.0e+00  0  0  0  0  0   0  0  0  0  0 10001
PCApply           134372 1.0 9.3085e+01 1.2 3.69e+08 1.0 0.0e+00 0.0e+00 0.0e+00 29 44  0  0  0  29 44  0  0  0 19978
------------------------------------------------------------------------------------------------------------------------

Memory usage is given in bytes:

Object Type          Creations   Destructions   Memory  Descendants' Mem.

--- Event Stage 0: Main Stage

           Index Set    79             79    1361484     0
                 Map   186            186      47616     0
                 Vec   188            188    5544368     0
         Vec Scatter    71             71    6811880     0
              Matrix     8              8    6453200     2.43184e+06
       Krylov Solver     4              4        304     571608
      Preconditioner     4              4        480     2.29801e+06
========================================================================================================================
Average time to get PetscTime(): 6.19888e-07
Average time for MPI_Barrier(): 1.15871e-05
Average time for zero size MPI_Send(): 0.000133963
Compiled without FORTRAN kernels
Compiled with double precision matrices (default)
sizeof(short) 2 sizeof(int) 4 sizeof(long) 8 sizeof(void *) 8   
Libraries compiled on Tue Dec 13 11:13:18 PST 2005 on columbia  
Machine characteristics: Linux columbia 2.6.5-7.202.5-sn2 #1 SMP Thu Aug 25 06:20:45 UTC 2005 ia64 ia64 ia64 GNU/Linux  
Using PETSc directory: /u/benkirk/petsc-2.2.0 
Using PETSc arch: linux64_intel 
-----------------------------------------   
Using C compiler: icc -KPIC -O2 -ftz -I/u/benkirk/petsc-2.2.0 -I/u/benkirk/petsc-2.2.0/bmake/linux64_intel -I/u/benkirk/petsc-2.2.0/include   -I/opt/sgi/mpt/1.12.0.0/include                                                                                                                           -DPETSC_USE_FOR_KERNELS -DPETSC_USE_LOG -DPETSC_USE_DEBUG -DPETSC_USE_BOPT_O -DPETSC_USE_EXTERN_CXX -DMPI_NO_CPPBIND -wd1476 -D__SDIR__='. '  
C Compiler version: 
Intel(R) C Itanium(R) Compiler for Itanium(R)-based applications 
Version 9.0    Build 20051020 Package ID: l_cc_c_9.0.027 
C++ Compiler version: 
Intel(R) C Itanium(R) Compiler for Itanium(R)-based applications 
Using Fortran compiler: ifort -w -KPIC -O2 -ftz -I/u/benkirk/petsc-2.2.0 -I/u/benkirk/petsc-2.2.0/bmake/linux64_intel -I/u/benkirk/petsc-2.2.0/include   -I/opt/sgi/mpt/1.12.0.0/include                                                                                                                           -DPETSC_USE_FOR_KERNELS -DPETSC_USE_LOG -DPETSC_USE_DEBUG -DPETSC_USE_BOPT_O -DPETSC_USE_EXTERN_CXX  
Fortran Compiler version: 
Intel(R) Fortran Itanium(R) Compiler for Itanium(R)-based applications 
Version 9.0    Build 20051020 Package ID: l_fc_c_9.0.028 
-----------------------------------------   
Using PETSc flags: -DPETSC_USE_FOR_KERNELS -DPETSC_USE_LOG -DPETSC_USE_DEBUG -DPETSC_USE_BOPT_O -DPETSC_USE_EXTERN_CXX                                                                                                                        
----------------------------------------- 
Using configuration flags: 
----------------------------------------- 
Using include paths: -I/u/benkirk/petsc-2.2.0 -I/u/benkirk/petsc-2.2.0/bmake/linux64_intel -I/u/benkirk/petsc-2.2.0/include   -I/opt/sgi/mpt/1.12.0.0/include    
------------------------------------------   
Using C linker: icc -i_dynamic -O2 -ftz -Qoption,link,-rpath,/u/benkirk/petsc-2.2.0/lib/libO/linux64_intel  
Using Fortran linker: icc -i_dynamic -O2 -ftz -Qoption,link,-rpath,/u/benkirk/petsc-2.2.0/lib/libO/linux64_intel  
Using libraries: -L/u/benkirk/petsc-2.2.0/lib/libO/linux64_intel -lpetscts -lpetscsnes -lpetscksp -lpetscdm -lpetscmat -lpetscvec -lpetsc                                                                                                                                                                                                                                                                              -Wl,-rpath,/opt/sgi/scsl/1.6.1.0/lib -L/opt/sgi/scsl/1.6.1.0/lib -lscs -L/opt/sgi/mpt/1.12.0.0/lib -lmpi -lifport -lifcoremt -ldl -limf -lm -lcxa -lunwind -lpthread -lirc 
 -------------------------------------------------------------------------------

 Run completed in 303 seconds
