
 -----------------------------------------------
| Master Host:   cfe1.nas.nasa.gov
| Working Dir:   /u/benkirk/nobackup/bmurray_code/run.columbia
| # of Procs:    1
| Case name::    pm_jwp_fine
 -----------------------------------------------

Using input file: pm_jwp_fine.in
Initializing EquationSystems ... 
 Mesh Information:
  mesh_dimension()=2
  spatial_dimension()=3
  n_nodes()=90601
  n_elem()=90000
   n_local_elem()=90000
   n_active_elem()=90000
  n_subdomains()=1
  n_processors()=1
  processor_id()=0

 EquationSystems
  n_systems()=2
   System "Porous Media"
    Type "TransientLinearImplicit"
    Variables="p" "t" "s" 
    Finite Element Types="LAGRANGE" "LAGRANGE" "LAGRANGE" 
    Approximation Orders="FIRST" "FIRST" "FIRST" 
    n_dofs()=271803
    n_local_dofs()=271803
    n_constrained_dofs()=0
    n_vectors()=6
   System "Velocity"
    Type "TransientLinearImplicit"
    Variables="u" "v" 
    Finite Element Types="LAGRANGE" "LAGRANGE" 
    Approximation Orders="FIRST" "FIRST" 
    n_dofs()=181202
    n_local_dofs()=181202
    n_constrained_dofs()=0
    n_vectors()=3

======= Starting time step     1 time=0 dt=0.01 =======
F_norms[0]=0.082227

-------------------------------------------------------
| Time:           Thu Apr 20 18:10:32 2006             |
| OS:             Linux                                |
| HostName:       columbia9                            |
| OS Release:     2.6.5-7.202.7-sn2                    |
| OS Version:     #5 SMP Thu Mar 16 17:51:36 PST 2006  |
| Machine:        ia64                                 |
| Username:       benkirk                              |
-------------------------------------------------------
 ------------------------------------------------------------------------------
| Porous Media Performance: Alive time=729.35, Active time=711.52              |
 ------------------------------------------------------------------------------
| Event                         nCalls    Total       Avg         Percent of   |
|                                         Time        Time        Active Time  |
|------------------------------------------------------------------------------|
|                                                                              |
| assemble                      1         8.6019      8.601907    1.21         |
| assemble + linear solve       1         702.9181    702.918114  98.79        |
 ------------------------------------------------------------------------------
| Totals:                       2         711.5200                100.00       |
 ------------------------------------------------------------------------------

Linear solver converged at step: 2000, final residual: 2.51953e-09  ||u - u_old|| = 2.60099
F_norms[1]=1.07137e-06
 Nonlinear solver converged at step 1

F_norms[0]=0.082227		 etas[0]=0			 n_its[0]=2000
F_norms[1]=1.07137e-06		 etas[1]=0			 n_its[1]=0
Computing Surface fluxes...
Computing Kinetic Energy...
======= Finished time step     1 time=0.01 dt=0.01 =======


======= Starting time step     2 time=0.01 dt=0.01 =======
F_norms[0]=9.67906e-05
 ------------------------------------------------------------------------------
| Porous Media Performance: Alive time=1454.47, Active time=1431.08            |
 ------------------------------------------------------------------------------
| Event                         nCalls    Total       Avg         Percent of   |
|                                         Time        Time        Active Time  |
|------------------------------------------------------------------------------|
|                                                                              |
| assemble                      3         25.4555     8.485180    1.78         |
| assemble + linear solve       2         1405.6255   702.812772  98.22        |
 ------------------------------------------------------------------------------
| Totals:                       5         1431.0811               100.00       |
 ------------------------------------------------------------------------------

Linear solver converged at step: 2000, final residual: 1.04851e-07  ||u - u_old|| = 0.980709
F_norms[1]=9.43281e-07
 Nonlinear solver converged at step 1

F_norms[0]=9.67906e-05		 etas[0]=0			 n_its[0]=2000
F_norms[1]=9.43281e-07		 etas[1]=0			 n_its[1]=0
Computing Surface fluxes...
Computing Kinetic Energy...
======= Finished time step     2 time=0.02 dt=0.01 =======


======= Starting time step     3 time=0.02 dt=0.01 =======
F_norms[0]=0.000201933
 ------------------------------------------------------------------------------
| Porous Media Performance: Alive time=1716.24, Active time=1687.58            |
 ------------------------------------------------------------------------------
| Event                         nCalls    Total       Avg         Percent of   |
|                                         Time        Time        Active Time  |
|------------------------------------------------------------------------------|
|                                                                              |
| assemble                      5         42.5048     8.500962    2.52         |
| assemble + linear solve       3         1645.0726   548.357548  97.48        |
 ------------------------------------------------------------------------------
| Totals:                       8         1687.5775               100.00       |
 ------------------------------------------------------------------------------

Linear solver converged at step: 680, final residual: 4.61911e-11  ||u - u_old|| = 1.99902
F_norms[1]=3.5523e-06
 Nonlinear solver converged at step 1

F_norms[0]=0.000201933		 etas[0]=0			 n_its[0]=680
F_norms[1]=3.5523e-06		 etas[1]=0			 n_its[1]=0
 |TE|_oo = 0
 Scaling timestep by 1
--------------------------------------------------------------------------
Computing Surface fluxes...
Computing Kinetic Energy...
======= Finished time step     3 time=0.03 dt=0.01 =======


======= Starting time step     4 time=0.03 dt=0.01 =======
F_norms[0]=0.000424313
 ------------------------------------------------------------------------------
| Porous Media Performance: Alive time=2441.48, Active time=2407.53            |
 ------------------------------------------------------------------------------
| Event                         nCalls    Total       Avg         Percent of   |
|                                         Time        Time        Active Time  |
|------------------------------------------------------------------------------|
|                                                                              |
| assemble                      7         59.6182     8.516884    2.48         |
| assemble + linear solve       4         2347.9106   586.977645  97.52        |
 ------------------------------------------------------------------------------
| Totals:                       11        2407.5288               100.00       |
 ------------------------------------------------------------------------------

Linear solver converged at step: 2000, final residual: 2.36381e-10  ||u - u_old|| = 4.15597
F_norms[1]=1.52946e-05
 ------------------------------------------------------------------------------
| Porous Media Performance: Alive time=2680.27, Active time=2646.24            |
 ------------------------------------------------------------------------------
| Event                         nCalls    Total       Avg         Percent of   |
|                                         Time        Time        Active Time  |
|------------------------------------------------------------------------------|
|                                                                              |
| assemble                      8         68.0419     8.505232    2.57         |
| assemble + linear solve       5         2578.1998   515.639958  97.43        |
 ------------------------------------------------------------------------------
| Totals:                       13        2646.2416               100.00       |
 ------------------------------------------------------------------------------

Linear solver converged at step: 654, final residual: 3.822e-12  ||u - u_old|| = 0.045412
F_norms[2]=1.76099e-07
 Nonlinear solver converged at step 2

F_norms[0]=0.000424313		 etas[0]=0			 n_its[0]=2000
F_norms[1]=1.52946e-05		 etas[1]=0			 n_its[1]=654
F_norms[2]=1.76099e-07		 etas[2]=0			 n_its[2]=0
 |TE|_oo = 0
 Scaling timestep by 1
--------------------------------------------------------------------------
Computing Surface fluxes...
Computing Kinetic Energy...
======= Finished time step     4 time=0.04 dt=0.01 =======


======= Starting time step     5 time=0.04 dt=0.01 =======
F_norms[0]=0.00088896
 ------------------------------------------------------------------------------
| Porous Media Performance: Alive time=2989.28, Active time=2949.96            |
 ------------------------------------------------------------------------------
| Event                         nCalls    Total       Avg         Percent of   |
|                                         Time        Time        Active Time  |
|------------------------------------------------------------------------------|
|                                                                              |
| assemble                      10        85.0520     8.505201    2.88         |
| assemble + linear solve       6         2864.9033   477.483885  97.12        |
 ------------------------------------------------------------------------------
| Totals:                       16        2949.9553               100.00       |
 ------------------------------------------------------------------------------

Linear solver converged at step: 815, final residual: 2.4839e-10  ||u - u_old|| = 8.73599
F_norms[1]=6.75632e-05
 ------------------------------------------------------------------------------
| Porous Media Performance: Alive time=3700.48, Active time=3661.07            |
 ------------------------------------------------------------------------------
| Event                         nCalls    Total       Avg         Percent of   |
|                                         Time        Time        Active Time  |
|------------------------------------------------------------------------------|
|                                                                              |
| assemble                      11        93.5907     8.508249    2.56         |
| assemble + linear solve       7         3567.4796   509.639946  97.44        |
 ------------------------------------------------------------------------------
| Totals:                       18        3661.0704               100.00       |
 ------------------------------------------------------------------------------

Linear solver converged at step: 2000, final residual: 1.85885e-10  ||u - u_old|| = 0.212662
F_norms[2]=5.27103e-07
 Nonlinear solver converged at step 2

F_norms[0]=0.00088896		 etas[0]=0			 n_its[0]=815
F_norms[1]=6.75632e-05		 etas[1]=0			 n_its[1]=2000
F_norms[2]=5.27103e-07		 etas[2]=0			 n_its[2]=0
 |TE|_oo = 0
 Scaling timestep by 1
--------------------------------------------------------------------------
Computing Surface fluxes...
Computing Kinetic Energy...
======= Finished time step     5 time=0.05 dt=0.01 =======


======= Starting time step     6 time=0.05 dt=0.01 =======
F_norms[0]=0.00187428
 ------------------------------------------------------------------------------
| Porous Media Performance: Alive time=4425.39, Active time=4380.69            |
 ------------------------------------------------------------------------------
| Event                         nCalls    Total       Avg         Percent of   |
|                                         Time        Time        Active Time  |
|------------------------------------------------------------------------------|
|                                                                              |
| assemble                      13        110.6197    8.509209    2.53         |
| assemble + linear solve       8         4270.0677   533.758458  97.47        |
 ------------------------------------------------------------------------------
| Totals:                       21        4380.6874               100.00       |
 ------------------------------------------------------------------------------

Linear solver converged at step: 2000, final residual: 2.53486e-09  ||u - u_old|| = 19.0615
F_norms[1]=0.000319121
 ------------------------------------------------------------------------------
| Porous Media Performance: Alive time=4701.08, Active time=4656.29            |
 ------------------------------------------------------------------------------
| Event                         nCalls    Total       Avg         Percent of   |
|                                         Time        Time        Active Time  |
|------------------------------------------------------------------------------|
|                                                                              |
| assemble                      14        119.1879    8.513418    2.56         |
| assemble + linear solve       9         4537.1021   504.122455  97.44        |
 ------------------------------------------------------------------------------
| Totals:                       23        4656.2900               100.00       |
 ------------------------------------------------------------------------------

Linear solver converged at step: 759, final residual: 1.14245e-10  ||u - u_old|| = 1.25043
F_norms[2]=2.1455e-06
 Nonlinear solver converged at step 2

F_norms[0]=0.00187428		 etas[0]=0			 n_its[0]=2000
F_norms[1]=0.000319121		 etas[1]=0			 n_its[1]=759
F_norms[2]=2.1455e-06		 etas[2]=0			 n_its[2]=0
 |TE|_oo = 0
 Scaling timestep by 1
--------------------------------------------------------------------------
Computing Surface fluxes...
Computing Kinetic Energy...
======= Finished time step     6 time=0.06 dt=0.01 =======


======= Starting time step     7 time=0.06 dt=0.01 =======
F_norms[0]=0.00411453
 ------------------------------------------------------------------------------
| Porous Media Performance: Alive time=5002.82, Active time=4952.73            |
 ------------------------------------------------------------------------------
| Event                         nCalls    Total       Avg         Percent of   |
|                                         Time        Time        Active Time  |
|------------------------------------------------------------------------------|
|                                                                              |
| assemble                      16        136.3027    8.518916    2.75         |
| assemble + linear solve       10        4816.4233   481.642326  97.25        |
 ------------------------------------------------------------------------------
| Totals:                       26        4952.7259               100.00       |
 ------------------------------------------------------------------------------

Linear solver converged at step: 794, final residual: 9.50446e-10  ||u - u_old|| = 49.2015
F_norms[1]=0.00205493
 ------------------------------------------------------------------------------
| Porous Media Performance: Alive time=5475.35, Active time=5425.17            |
 ------------------------------------------------------------------------------
| Event                         nCalls    Total       Avg         Percent of   |
|                                         Time        Time        Active Time  |
|------------------------------------------------------------------------------|
|                                                                              |
| assemble                      17        144.9064    8.523908    2.67         |
| assemble + linear solve       11        5280.2647   480.024059  97.33        |
 ------------------------------------------------------------------------------
| Totals:                       28        5425.1711               100.00       |
 ------------------------------------------------------------------------------

Linear solver converged at step: 1320, final residual: 7.17143e-10  ||u - u_old|| = 16.4767
F_norms[2]=0.000264863
 ------------------------------------------------------------------------------
| Porous Media Performance: Alive time=5856.68, Active time=5806.42            |
 ------------------------------------------------------------------------------
| Event                         nCalls    Total       Avg         Percent of   |
|                                         Time        Time        Active Time  |
|------------------------------------------------------------------------------|
|                                                                              |
| assemble                      18        153.5197    8.528870    2.64         |
| assemble + linear solve       12        5652.9037   471.075312  97.36        |
 ------------------------------------------------------------------------------
| Totals:                       30        5806.4234               100.00       |
 ------------------------------------------------------------------------------

Linear solver converged at step: 1060, final residual: 9.24387e-11  ||u - u_old|| = 1.88842
F_norms[3]=1.79657e-06
 Nonlinear solver converged at step 3

F_norms[0]=0.00411453		 etas[0]=0			 n_its[0]=794
F_norms[1]=0.00205493		 etas[1]=0			 n_its[1]=1320
F_norms[2]=0.000264863		 etas[2]=0			 n_its[2]=1060
F_norms[3]=1.79657e-06		 etas[3]=0			 n_its[3]=0
 |TE|_oo = 0
 Scaling timestep by 1
--------------------------------------------------------------------------
Computing Surface fluxes...
Computing Kinetic Energy...
======= Finished time step     7 time=0.07 dt=0.01 =======


======= Starting time step     8 time=0.07 dt=0.01 =======
F_norms[0]=0.0114424
 ------------------------------------------------------------------------------
| Porous Media Performance: Alive time=6581.59, Active time=6526.04            |
 ------------------------------------------------------------------------------
| Event                         nCalls    Total       Avg         Percent of   |
|                                         Time        Time        Active Time  |
|------------------------------------------------------------------------------|
|                                                                              |
| assemble                      20        170.5607    8.528034    2.61         |
| assemble + linear solve       13        6355.4757   488.882745  97.39        |
 ------------------------------------------------------------------------------
| Totals:                       33        6526.0364               100.00       |
 ------------------------------------------------------------------------------

Linear solver converged at step: 2000, final residual: 8.87774e-08  ||u - u_old|| = 323.507
F_norms[1]=0.0666915
 ------------------------------------------------------------------------------
| Porous Media Performance: Alive time=7292.71, Active time=7237.08            |
 ------------------------------------------------------------------------------
| Event                         nCalls    Total       Avg         Percent of   |
|                                         Time        Time        Active Time  |
|------------------------------------------------------------------------------|
|                                                                              |
| assemble                      21        179.0448    8.525942    2.47         |
| assemble + linear solve       14        7058.0330   504.145212  97.53        |
 ------------------------------------------------------------------------------
| Totals:                       35        7237.0777               100.00       |
 ------------------------------------------------------------------------------

Linear solver converged at step: 2000, final residual: 0.323724  ||u - u_old|| = 149.246
F_norms[2]=0.0469407
 ------------------------------------------------------------------------------
| Porous Media Performance: Alive time=7799.23, Active time=7743.52            |
 ------------------------------------------------------------------------------
| Event                         nCalls    Total       Avg         Percent of   |
|                                         Time        Time        Active Time  |
|------------------------------------------------------------------------------|
|                                                                              |
| assemble                      22        187.6054    8.527518    2.42         |
| assemble + linear solve       15        7555.9123   503.727486  97.58        |
 ------------------------------------------------------------------------------
| Totals:                       37        7743.5177               100.00       |
 ------------------------------------------------------------------------------

Linear solver converged at step: 1417, final residual: 4.58329e-09  ||u - u_old|| = 85.3996
F_norms[3]=0.00118509
 ------------------------------------------------------------------------------
| Porous Media Performance: Alive time=8295.85, Active time=8240.05            |
 ------------------------------------------------------------------------------
| Event                         nCalls    Total       Avg         Percent of   |
|                                         Time        Time        Active Time  |
|------------------------------------------------------------------------------|
|                                                                              |
| assemble                      23        196.0962    8.525922    2.38         |
| assemble + linear solve       16        8043.9565   502.747281  97.62        |
 ------------------------------------------------------------------------------
| Totals:                       39        8240.0527               100.00       |
 ------------------------------------------------------------------------------

Linear solver converged at step: 1389, final residual: 3.7775e-10  ||u - u_old|| = 7.79638
F_norms[4]=1.69793e-05
 ------------------------------------------------------------------------------
| Porous Media Performance: Alive time=8845.46, Active time=8789.57            |
 ------------------------------------------------------------------------------
| Event                         nCalls    Total       Avg         Percent of   |
|                                         Time        Time        Active Time  |
|------------------------------------------------------------------------------|
|                                                                              |
| assemble                      24        204.5988    8.524950    2.33         |
| assemble + linear solve       17        8584.9755   504.998557  97.67        |
 ------------------------------------------------------------------------------
| Totals:                       41        8789.5743               100.00       |
 ------------------------------------------------------------------------------

Linear solver converged at step: 1540, final residual: 4.93483e-12  ||u - u_old|| = 0.0887527
F_norms[5]=4.4923e-07
 Nonlinear solver converged at step 5

F_norms[0]=0.0114424		 etas[0]=0			 n_its[0]=2000
F_norms[1]=0.0666915		 etas[1]=0			 n_its[1]=2000
F_norms[2]=0.0469407		 etas[2]=0			 n_its[2]=1417
F_norms[3]=0.00118509		 etas[3]=0			 n_its[3]=1389
F_norms[4]=1.69793e-05		 etas[4]=0			 n_its[4]=1540
F_norms[5]=4.4923e-07		 etas[5]=0			 n_its[5]=0
 |TE|_oo = 0
 Scaling timestep by 1
--------------------------------------------------------------------------
Computing Surface fluxes...
Computing Kinetic Energy...
======= Finished time step     8 time=0.08 dt=0.01 =======


======= Starting time step     9 time=0.08 dt=0.01 =======
F_norms[0]=0.0316962
 ------------------------------------------------------------------------------
| Porous Media Performance: Alive time=9570.39, Active time=9509.23            |
 ------------------------------------------------------------------------------
| Event                         nCalls    Total       Avg         Percent of   |
|                                         Time        Time        Active Time  |
|------------------------------------------------------------------------------|
|                                                                              |
| assemble                      26        221.6872    8.526430    2.33         |
| assemble + linear solve       18        9287.5415   515.974529  97.67        |
 ------------------------------------------------------------------------------
| Totals:                       44        9509.2287               100.00       |
 ------------------------------------------------------------------------------

Linear solver converged at step: 2000, final residual: 0.948109  ||u - u_old|| = 14.4278
F_norms[1]=0.0685143
 ------------------------------------------------------------------------------
| Porous Media Performance: Alive time=10171.6, Active time=10110.4            |
 ------------------------------------------------------------------------------
| Event                         nCalls    Total       Avg         Percent of   |
|                                         Time        Time        Active Time  |
|------------------------------------------------------------------------------|
|                                                                              |
| assemble                      27        230.2339    8.527182    2.28         |
| assemble + linear solve       19        9880.1256   520.006608  97.72        |
 ------------------------------------------------------------------------------
| Totals:                       46        10110.3595              100.00       |
 ------------------------------------------------------------------------------

Linear solver converged at step: 1687, final residual: 5.86176e-09  ||u - u_old|| = 921.09
F_norms[2]=0.0575097
 ------------------------------------------------------------------------------
| Porous Media Performance: Alive time=10671.5, Active time=10610.2            |
 ------------------------------------------------------------------------------
| Event                         nCalls    Total       Avg         Percent of   |
|                                         Time        Time        Active Time  |
|------------------------------------------------------------------------------|
|                                                                              |
| assemble                      28        238.8279    8.529568    2.25         |
| assemble + linear solve       20        10371.3395  518.566975  97.75        |
 ------------------------------------------------------------------------------
| Totals:                       48        10610.1674              100.00       |
 ------------------------------------------------------------------------------

Linear solver converged at step: 1398, final residual: 1.28962e-08  ||u - u_old|| = 255.233
F_norms[3]=0.00920117
 ------------------------------------------------------------------------------
| Porous Media Performance: Alive time=11192.4, Active time=11131              |
 ------------------------------------------------------------------------------
| Event                         nCalls    Total       Avg         Percent of   |
|                                         Time        Time        Active Time  |
|------------------------------------------------------------------------------|
|                                                                              |
| assemble                      29        247.4212    8.531766    2.22         |
| assemble + linear solve       21        10883.5911  518.266243  97.78        |
 ------------------------------------------------------------------------------
| Totals:                       50        11131.0123              100.00       |
 ------------------------------------------------------------------------------

Linear solver converged at step: 1458, final residual: 2.75497e-09  ||u - u_old|| = 28.7845
F_norms[4]=0.000332388
 ------------------------------------------------------------------------------
| Porous Media Performance: Alive time=11697.5, Active time=11636              |
 ------------------------------------------------------------------------------
| Event                         nCalls    Total       Avg         Percent of   |
|                                         Time        Time        Active Time  |
|------------------------------------------------------------------------------|
|                                                                              |
| assemble                      30        255.9592    8.531973    2.20         |
| assemble + linear solve       22        11380.0718  517.275993  97.80        |
 ------------------------------------------------------------------------------
| Totals:                       52        11636.0310              100.00       |
 ------------------------------------------------------------------------------

Linear solver converged at step: 1413, final residual: 9.48797e-11  ||u - u_old|| = 0.651651
F_norms[5]=6.94889e-07
 Nonlinear solver converged at step 5

F_norms[0]=0.0316962		 etas[0]=0			 n_its[0]=2000
F_norms[1]=0.0685143		 etas[1]=0			 n_its[1]=1687
F_norms[2]=0.0575097		 etas[2]=0			 n_its[2]=1398
F_norms[3]=0.00920117		 etas[3]=0			 n_its[3]=1458
F_norms[4]=0.000332388		 etas[4]=0			 n_its[4]=1413
F_norms[5]=6.94889e-07		 etas[5]=0			 n_its[5]=0
 |TE|_oo = 0
 Scaling timestep by 1
--------------------------------------------------------------------------
Computing Surface fluxes...
Computing Kinetic Energy...
======= Finished time step     9 time=0.09 dt=0.01 =======


======= Starting time step    10 time=0.09 dt=0.01 =======
F_norms[0]=0.0321469
 ------------------------------------------------------------------------------
| Porous Media Performance: Alive time=12422.6, Active time=12355.8            |
 ------------------------------------------------------------------------------
| Event                         nCalls    Total       Avg         Percent of   |
|                                         Time        Time        Active Time  |
|------------------------------------------------------------------------------|
|                                                                              |
| assemble                      32        273.0371    8.532411    2.21         |
| assemble + linear solve       23        12082.7335  525.336241  97.79        |
 ------------------------------------------------------------------------------
| Totals:                       55        12355.7707              100.00       |
 ------------------------------------------------------------------------------

Linear solver converged at step: 2000, final residual: 0.6364  ||u - u_old|| = 1.99293
F_norms[1]=0.038756
 ------------------------------------------------------------------------------
| Porous Media Performance: Alive time=12946.4, Active time=12879.5            |
 ------------------------------------------------------------------------------
| Event                         nCalls    Total       Avg         Percent of   |
|                                         Time        Time        Active Time  |
|------------------------------------------------------------------------------|
|                                                                              |
| assemble                      33        281.5906    8.533050    2.19         |
| assemble + linear solve       24        12597.9234  524.913473  97.81        |
 ------------------------------------------------------------------------------
| Totals:                       57        12879.5140              100.00       |
 ------------------------------------------------------------------------------

Linear solver converged at step: 1466, final residual: 3.47075e-09  ||u - u_old|| = 510.201
F_norms[2]=0.00438023
 ------------------------------------------------------------------------------
| Porous Media Performance: Alive time=13411.6, Active time=13344.6            |
 ------------------------------------------------------------------------------
| Event                         nCalls    Total       Avg         Percent of   |
|                                         Time        Time        Active Time  |
|------------------------------------------------------------------------------|
|                                                                              |
| assemble                      34        290.1196    8.532930    2.17         |
| assemble + linear solve       25        13054.5097  522.180388  97.83        |
 ------------------------------------------------------------------------------
| Totals:                       59        13344.6293              100.00       |
 ------------------------------------------------------------------------------

Linear solver converged at step: 1299, final residual: 1.06212e-09  ||u - u_old|| = 14.733
F_norms[3]=5.87769e-05
 ------------------------------------------------------------------------------
| Porous Media Performance: Alive time=13873.9, Active time=13806.8            |
 ------------------------------------------------------------------------------
| Event                         nCalls    Total       Avg         Percent of   |
|                                         Time        Time        Active Time  |
|------------------------------------------------------------------------------|
|                                                                              |
| assemble                      35        298.5804    8.530868    2.16         |
| assemble + linear solve       26        13508.2422  519.547777  97.84        |
 ------------------------------------------------------------------------------
| Totals:                       61        13806.8226              100.00       |
 ------------------------------------------------------------------------------

Linear solver converged at step: 1291, final residual: 1.90778e-11  ||u - u_old|| = 0.0573461
F_norms[4]=5.99527e-07
 Nonlinear solver converged at step 4

F_norms[0]=0.0321469		 etas[0]=0			 n_its[0]=2000
F_norms[1]=0.038756		 etas[1]=0			 n_its[1]=1466
F_norms[2]=0.00438023		 etas[2]=0			 n_its[2]=1299
F_norms[3]=5.87769e-05		 etas[3]=0			 n_its[3]=1291
F_norms[4]=5.99527e-07		 etas[4]=0			 n_its[4]=0
 |TE|_oo = 0
 Scaling timestep by 1
--------------------------------------------------------------------------
Computing Surface fluxes...
Computing Kinetic Energy...
======= Finished time step    10 time=0.1 dt=0.01 =======


======= Starting time step    11 time=0.1 dt=0.01 =======
F_norms[0]=0.0192593
 ------------------------------------------------------------------------------
| Porous Media Performance: Alive time=14612.1, Active time=14526.4            |
 ------------------------------------------------------------------------------
| Event                         nCalls    Total       Avg         Percent of   |
|                                         Time        Time        Active Time  |
|------------------------------------------------------------------------------|
|                                                                              |
| assemble                      37        315.5859    8.529348    2.17         |
| assemble + linear solve       27        14210.7964  526.325791  97.83        |
 ------------------------------------------------------------------------------
| Totals:                       64        14526.3823              100.00       |
 ------------------------------------------------------------------------------

Linear solver converged at step: 2000, final residual: 0.000749149  ||u - u_old|| = 204.891
F_norms[1]=0.00195395
 ------------------------------------------------------------------------------
| Porous Media Performance: Alive time=15097.9, Active time=15012.1            |
 ------------------------------------------------------------------------------
| Event                         nCalls    Total       Avg         Percent of   |
|                                         Time        Time        Active Time  |
|------------------------------------------------------------------------------|
|                                                                              |
| assemble                      38        324.1147    8.529335    2.16         |
| assemble + linear solve       28        14687.9632  524.570115  97.84        |
 ------------------------------------------------------------------------------
| Totals:                       66        15012.0779              100.00       |
 ------------------------------------------------------------------------------

Linear solver converged at step: 1358, final residual: 1.68819e-10  ||u - u_old|| = 9.90886
F_norms[2]=2.78718e-06
 Nonlinear solver converged at step 2

F_norms[0]=0.0192593		 etas[0]=0			 n_its[0]=2000
F_norms[1]=0.00195395		 etas[1]=0			 n_its[1]=1358
F_norms[2]=2.78718e-06		 etas[2]=0			 n_its[2]=0
 |TE|_oo = 0
 Scaling timestep by 1
--------------------------------------------------------------------------
Computing Surface fluxes...
Computing Kinetic Energy...
======= Finished time step    11 time=0.11 dt=0.01 =======


======= Starting time step    12 time=0.11 dt=0.01 =======
F_norms[0]=0.00844734
 ------------------------------------------------------------------------------
| Porous Media Performance: Alive time=15639.7, Active time=15548.6            |
 ------------------------------------------------------------------------------
| Event                         nCalls    Total       Avg         Percent of   |
|                                         Time        Time        Active Time  |
|------------------------------------------------------------------------------|
|                                                                              |
| assemble                      40        341.0501    8.526251    2.19         |
| assemble + linear solve       29        15207.5916  524.399710  97.81        |
 ------------------------------------------------------------------------------
| Totals:                       69        15548.6417              100.00       |
 ------------------------------------------------------------------------------

Linear solver converged at step: 1479, final residual: 4.39932e-10  ||u - u_old|| = 49.5301
F_norms[1]=0.000277172
 ------------------------------------------------------------------------------
| Porous Media Performance: Alive time=16350.8, Active time=16259.6            |
 ------------------------------------------------------------------------------
| Event                         nCalls    Total       Avg         Percent of   |
|                                         Time        Time        Active Time  |
|------------------------------------------------------------------------------|
|                                                                              |
| assemble                      41        349.4940    8.524245    2.15         |
| assemble + linear solve       30        15910.1398  530.337995  97.85        |
 ------------------------------------------------------------------------------
| Totals:                       71        16259.6339              100.00       |
 ------------------------------------------------------------------------------

Linear solver converged at step: 2000, final residual: 1.3354e-08  ||u - u_old|| = 3.32811
F_norms[2]=1.30705e-06
 Nonlinear solver converged at step 2

F_norms[0]=0.00844734		 etas[0]=0			 n_its[0]=1479
F_norms[1]=0.000277172		 etas[1]=0			 n_its[1]=2000
F_norms[2]=1.30705e-06		 etas[2]=0			 n_its[2]=0
 |TE|_oo = 0
 Scaling timestep by 1
--------------------------------------------------------------------------
Computing Surface fluxes...
Computing Kinetic Energy...
======= Finished time step    12 time=0.12 dt=0.01 =======


======= Starting time step    13 time=0.12 dt=0.01 =======
F_norms[0]=0.00349537
 ------------------------------------------------------------------------------
| Porous Media Performance: Alive time=17075.7, Active time=16979.2            |
 ------------------------------------------------------------------------------
| Event                         nCalls    Total       Avg         Percent of   |
|                                         Time        Time        Active Time  |
|------------------------------------------------------------------------------|
|                                                                              |
| assemble                      43        366.5368    8.524112    2.16         |
| assemble + linear solve       31        16612.7077  535.893796  97.84        |
 ------------------------------------------------------------------------------
| Totals:                       74        16979.2445              100.00       |
 ------------------------------------------------------------------------------

Linear solver converged at step: 2000, final residual: 8.42861e-08  ||u - u_old|| = 40.0163
F_norms[1]=0.000104286
 ------------------------------------------------------------------------------
| Porous Media Performance: Alive time=17615.9, Active time=17519.3            |
 ------------------------------------------------------------------------------
| Event                         nCalls    Total       Avg         Percent of   |
|                                         Time        Time        Active Time  |
|------------------------------------------------------------------------------|
|                                                                              |
| assemble                      44        375.0875    8.524715    2.14         |
| assemble + linear solve       32        17144.2464  535.757701  97.86        |
 ------------------------------------------------------------------------------
| Totals:                       76        17519.3339              100.00       |
 ------------------------------------------------------------------------------

Linear solver converged at step: 1513, final residual: 1.79611e-11  ||u - u_old|| = 0.510146
F_norms[2]=1.10883e-06
 Nonlinear solver converged at step 2

F_norms[0]=0.00349537		 etas[0]=0			 n_its[0]=2000
F_norms[1]=0.000104286		 etas[1]=0			 n_its[1]=1513
F_norms[2]=1.10883e-06		 etas[2]=0			 n_its[2]=0
 |TE|_oo = 0
 Scaling timestep by 1
--------------------------------------------------------------------------
Computing Surface fluxes...
Computing Kinetic Energy...
======= Finished time step    13 time=0.13 dt=0.01 =======


======= Starting time step    14 time=0.13 dt=0.01 =======
F_norms[0]=0.00239997
 ------------------------------------------------------------------------------
| Porous Media Performance: Alive time=18340.8, Active time=18238.9            |
 ------------------------------------------------------------------------------
| Event                         nCalls    Total       Avg         Percent of   |
|                                         Time        Time        Active Time  |
|------------------------------------------------------------------------------|
|                                                                              |
| assemble                      46        392.1177    8.524297    2.15         |
| assemble + linear solve       33        17846.8027  540.812203  97.85        |
 ------------------------------------------------------------------------------
| Totals:                       79        18238.9204              100.00       |
 ------------------------------------------------------------------------------

Linear solver converged at step: 2000, final residual: 0.00146278  ||u - u_old|| = 42.5893
F_norms[1]=0.000371858
 ------------------------------------------------------------------------------
| Porous Media Performance: Alive time=18716.4, Active time=18614.5            |
 ------------------------------------------------------------------------------
| Event                         nCalls    Total       Avg         Percent of   |
|                                         Time        Time        Active Time  |
|------------------------------------------------------------------------------|
|                                                                              |
| assemble                      47        400.7070    8.525681    2.15         |
| assemble + linear solve       34        18213.8161  535.700472  97.85        |
 ------------------------------------------------------------------------------
| Totals:                       81        18614.5231              100.00       |
 ------------------------------------------------------------------------------

Linear solver converged at step: 1044, final residual: 1.86154e-11  ||u - u_old|| = 0.488278
F_norms[2]=9.82325e-07
 Nonlinear solver converged at step 2

F_norms[0]=0.00239997		 etas[0]=0			 n_its[0]=2000
F_norms[1]=0.000371858		 etas[1]=0			 n_its[1]=1044
F_norms[2]=9.82325e-07		 etas[2]=0			 n_its[2]=0
 |TE|_oo = 0
 Scaling timestep by 1
--------------------------------------------------------------------------
Computing Surface fluxes...
Computing Kinetic Energy...
======= Finished time step    14 time=0.14 dt=0.01 =======


======= Starting time step    15 time=0.14 dt=0.01 =======
F_norms[0]=0.00183159
 ------------------------------------------------------------------------------
| Porous Media Performance: Alive time=19313.6, Active time=19206.3            |
 ------------------------------------------------------------------------------
| Event                         nCalls    Total       Avg         Percent of   |
|                                         Time        Time        Active Time  |
|------------------------------------------------------------------------------|
|                                                                              |
| assemble                      49        417.8204    8.526946    2.18         |
| assemble + linear solve       35        18788.5122  536.814635  97.82        |
 ------------------------------------------------------------------------------
| Totals:                       84        19206.3326              100.00       |
 ------------------------------------------------------------------------------

Linear solver converged at step: 1636, final residual: 9.0016e-11  ||u - u_old|| = 29.3063
F_norms[1]=8.85051e-06
 Nonlinear solver converged at step 1

F_norms[0]=0.00183159		 etas[0]=0			 n_its[0]=1636
F_norms[1]=8.85051e-06		 etas[1]=0			 n_its[1]=0
 |TE|_oo = 0
 Scaling timestep by 1
--------------------------------------------------------------------------
Computing Surface fluxes...
Computing Kinetic Energy...
======= Finished time step    15 time=0.15 dt=0.01 =======


======= Starting time step    16 time=0.15 dt=0.01 =======
F_norms[0]=0.00113112
 ------------------------------------------------------------------------------
| Porous Media Performance: Alive time=20038.5, Active time=19926              |
 ------------------------------------------------------------------------------
| Event                         nCalls    Total       Avg         Percent of   |
|                                         Time        Time        Active Time  |
|------------------------------------------------------------------------------|
|                                                                              |
| assemble                      51        434.8541    8.526551    2.18         |
| assemble + linear solve       36        19491.0989  541.419413  97.82        |
 ------------------------------------------------------------------------------
| Totals:                       87        19925.9530              100.00       |
 ------------------------------------------------------------------------------

Linear solver converged at step: 2000, final residual: 6.25529e-08  ||u - u_old|| = 14.144
F_norms[1]=2.87697e-06
 Nonlinear solver converged at step 1

F_norms[0]=0.00113112		 etas[0]=0			 n_its[0]=2000
F_norms[1]=2.87697e-06		 etas[1]=0			 n_its[1]=0
 |TE|_oo = 0
 Scaling timestep by 1
--------------------------------------------------------------------------
Computing Surface fluxes...
Computing Kinetic Energy...
======= Finished time step    16 time=0.16 dt=0.01 =======


======= Starting time step    17 time=0.16 dt=0.01 =======
F_norms[0]=0.000554245
 ------------------------------------------------------------------------------
| Porous Media Performance: Alive time=20763.3, Active time=20645.5            |
 ------------------------------------------------------------------------------
| Event                         nCalls    Total       Avg         Percent of   |
|                                         Time        Time        Active Time  |
|------------------------------------------------------------------------------|
|                                                                              |
| assemble                      53        451.8727    8.525900    2.19         |
| assemble + linear solve       37        20193.6260  545.773675  97.81        |
 ------------------------------------------------------------------------------
| Totals:                       90        20645.4987              100.00       |
 ------------------------------------------------------------------------------

Linear solver converged at step: 2000, final residual: 1.18637e-10  ||u - u_old|| = 4.15274
F_norms[1]=1.43807e-06
 Nonlinear solver converged at step 1

F_norms[0]=0.000554245		 etas[0]=0			 n_its[0]=2000
F_norms[1]=1.43807e-06		 etas[1]=0			 n_its[1]=0
 |TE|_oo = 0
 Scaling timestep by 1
--------------------------------------------------------------------------
Computing Surface fluxes...
Computing Kinetic Energy...
======= Finished time step    17 time=0.17 dt=0.01 =======


======= Starting time step    18 time=0.17 dt=0.01 =======
F_norms[0]=0.000236373
 ------------------------------------------------------------------------------
| Porous Media Performance: Alive time=21488.2, Active time=21365              |
 ------------------------------------------------------------------------------
| Event                         nCalls    Total       Avg         Percent of   |
|                                         Time        Time        Active Time  |
|------------------------------------------------------------------------------|
|                                                                              |
| assemble                      55        468.8797    8.525086    2.19         |
| assemble + linear solve       38        20896.1632  549.899032  97.81        |
 ------------------------------------------------------------------------------
| Totals:                       93        21365.0429              100.00       |
 ------------------------------------------------------------------------------

Linear solver converged at step: 2000, final residual: 4.27694e-07  ||u - u_old|| = 2.25243
F_norms[1]=9.87262e-07
 Nonlinear solver converged at step 1

F_norms[0]=0.000236373		 etas[0]=0			 n_its[0]=2000
F_norms[1]=9.87262e-07		 etas[1]=0			 n_its[1]=0
 |TE|_oo = 0
 Scaling timestep by 1
--------------------------------------------------------------------------
Computing Surface fluxes...
Computing Kinetic Energy...
======= Finished time step    18 time=0.18 dt=0.01 =======


======= Starting time step    19 time=0.18 dt=0.01 =======
F_norms[0]=0.000153749
 ------------------------------------------------------------------------------
| Porous Media Performance: Alive time=22213.5, Active time=22085              |
 ------------------------------------------------------------------------------
| Event                         nCalls    Total       Avg         Percent of   |
|                                         Time        Time        Active Time  |
|------------------------------------------------------------------------------|
|                                                                              |
| assemble                      57        485.8492    8.523670    2.20         |
| assemble + linear solve       39        21599.1765  553.825038  97.80        |
 ------------------------------------------------------------------------------
| Totals:                       96        22085.0257              100.00       |
 ------------------------------------------------------------------------------

Linear solver converged at step: 2000, final residual: 1.06392e-08  ||u - u_old|| = 2.80155
F_norms[1]=1.75407e-06
 Nonlinear solver converged at step 1

F_norms[0]=0.000153749		 etas[0]=0			 n_its[0]=2000
F_norms[1]=1.75407e-06		 etas[1]=0			 n_its[1]=0
 |TE|_oo = 0
 Scaling timestep by 1
--------------------------------------------------------------------------
Computing Surface fluxes...
Computing Kinetic Energy...
======= Finished time step    19 time=0.19 dt=0.01 =======


======= Starting time step    20 time=0.19 dt=0.01 =======
F_norms[0]=0.000123939
 ------------------------------------------------------------------------------
| Porous Media Performance: Alive time=22938.9, Active time=22805.1            |
 ------------------------------------------------------------------------------
| Event                         nCalls    Total       Avg         Percent of   |
|                                         Time        Time        Active Time  |
|------------------------------------------------------------------------------|
|                                                                              |
| assemble                      59        502.8981    8.523697    2.21         |
| assemble + linear solve       40        22302.2194  557.555484  97.79        |
 ------------------------------------------------------------------------------
| Totals:                       99        22805.1175              100.00       |
 ------------------------------------------------------------------------------

Linear solver converged at step: 2000, final residual: 5.78711e-11  ||u - u_old|| = 2.07046
F_norms[1]=1.18349e-06
 Nonlinear solver converged at step 1

F_norms[0]=0.000123939		 etas[0]=0			 n_its[0]=2000
F_norms[1]=1.18349e-06		 etas[1]=0			 n_its[1]=0
 |TE|_oo = 0
 Scaling timestep by 1
--------------------------------------------------------------------------
Computing Surface fluxes...
Computing Kinetic Energy...
======= Finished time step    20 time=0.2 dt=0.01 =======


======= Starting time step    21 time=0.2 dt=0.01 =======
F_norms[0]=8.07895e-05
 ------------------------------------------------------------------------------
| Porous Media Performance: Alive time=23677.1, Active time=23524.9            |
 ------------------------------------------------------------------------------
| Event                         nCalls    Total       Avg         Percent of   |
|                                         Time        Time        Active Time  |
|------------------------------------------------------------------------------|
|                                                                              |
| assemble                      61        519.9023    8.522988    2.21         |
| assemble + linear solve       41        23004.9494  561.096327  97.79        |
 ------------------------------------------------------------------------------
| Totals:                       102       23524.8517              100.00       |
 ------------------------------------------------------------------------------

Linear solver converged at step: 2000, final residual: 1.88321e-07  ||u - u_old|| = 1.06542
F_norms[1]=4.16178e-07
 Nonlinear solver converged at step 1

F_norms[0]=8.07895e-05		 etas[0]=0			 n_its[0]=2000
F_norms[1]=4.16178e-07		 etas[1]=0			 n_its[1]=0
 |TE|_oo = 0
 Scaling timestep by 1
--------------------------------------------------------------------------
Computing Surface fluxes...
Computing Kinetic Energy...
======= Finished time step    21 time=0.21 dt=0.01 =======


======= Starting time step    22 time=0.21 dt=0.01 =======
F_norms[0]=4.11467e-05
 ------------------------------------------------------------------------------
| Porous Media Performance: Alive time=24402.2, Active time=24244.7            |
 ------------------------------------------------------------------------------
| Event                         nCalls    Total       Avg         Percent of   |
|                                         Time        Time        Active Time  |
|------------------------------------------------------------------------------|
|                                                                              |
| assemble                      63        537.0328    8.524330    2.22         |
| assemble + linear solve       42        23707.6833  564.468649  97.78        |
 ------------------------------------------------------------------------------
| Totals:                       105       24244.7161              100.00       |
 ------------------------------------------------------------------------------

Linear solver converged at step: 2000, final residual: 8.35263e-11  ||u - u_old|| = 0.348053
F_norms[1]=8.20535e-07
 Nonlinear solver converged at step 1

F_norms[0]=4.11467e-05		 etas[0]=0			 n_its[0]=2000
F_norms[1]=8.20535e-07		 etas[1]=0			 n_its[1]=0
 |TE|_oo = 0
 Scaling timestep by 1
--------------------------------------------------------------------------
Computing Surface fluxes...
Computing Kinetic Energy...
======= Finished time step    22 time=0.22 dt=0.01 =======


======= Starting time step    23 time=0.22 dt=0.01 =======
F_norms[0]=1.74458e-05
 ------------------------------------------------------------------------------
| Porous Media Performance: Alive time=25127.3, Active time=24964.5            |
 ------------------------------------------------------------------------------
| Event                         nCalls    Total       Avg         Percent of   |
|                                         Time        Time        Active Time  |
|------------------------------------------------------------------------------|
|                                                                              |
| assemble                      65        554.0405    8.523700    2.22         |
| assemble + linear solve       43        24410.4218  567.684227  97.78        |
 ------------------------------------------------------------------------------
| Totals:                       108       24964.4623              100.00       |
 ------------------------------------------------------------------------------

Linear solver converged at step: 2000, final residual: 1.72968e-07  ||u - u_old|| = 0.130962
F_norms[1]=6.48815e-07
 Nonlinear solver converged at step 1

F_norms[0]=1.74458e-05		 etas[0]=0			 n_its[0]=2000
F_norms[1]=6.48815e-07		 etas[1]=0			 n_its[1]=0
 |TE|_oo = 0
 Scaling timestep by 1
--------------------------------------------------------------------------
Computing Surface fluxes...
Computing Kinetic Energy...
======= Finished time step    23 time=0.23 dt=0.01 =======


======= Starting time step    24 time=0.23 dt=0.01 =======
F_norms[0]=1.01802e-05
 ------------------------------------------------------------------------------
| Porous Media Performance: Alive time=25852.2, Active time=25684.1            |
 ------------------------------------------------------------------------------
| Event                         nCalls    Total       Avg         Percent of   |
|                                         Time        Time        Active Time  |
|------------------------------------------------------------------------------|
|                                                                              |
| assemble                      67        571.0174    8.522648    2.22         |
| assemble + linear solve       44        25113.1052  570.752390  97.78        |
 ------------------------------------------------------------------------------
| Totals:                       111       25684.1226              100.00       |
 ------------------------------------------------------------------------------

Linear solver converged at step: 2000, final residual: 7.84965e-12  ||u - u_old|| = 0.179363
F_norms[1]=7.41001e-07
 Nonlinear solver converged at step 1

F_norms[0]=1.01802e-05		 etas[0]=0			 n_its[0]=2000
F_norms[1]=7.41001e-07		 etas[1]=0			 n_its[1]=0
 |TE|_oo = 0
 Scaling timestep by 1
--------------------------------------------------------------------------
Computing Surface fluxes...
Computing Kinetic Energy...
======= Finished time step    24 time=0.24 dt=0.01 =======


======= Starting time step    25 time=0.24 dt=0.01 =======
F_norms[0]=8.31668e-06
 Nonlinear solver converged at step 0

F_norms[0]=8.31668e-06		 etas[0]=0			 n_its[0]=0
 |TE|_oo = 0
 Scaling timestep by 1
--------------------------------------------------------------------------
Computing Surface fluxes...
Computing Kinetic Energy...
======= Finished time step    25 time=0.25 dt=0.01 =======


Steady State Reached: Terminating Simulation.
 ------------------------------------------------------------------------------
| Porous Media Performance: Alive time=25893.2, Active time=25701.2            |
 ------------------------------------------------------------------------------
| Event                         nCalls    Total       Avg         Percent of   |
|                                         Time        Time        Active Time  |
|------------------------------------------------------------------------------|
|                                                                              |
| assemble                      69        588.1127    8.523373    2.29         |
| assemble + linear solve       44        25113.1052  570.752390  97.71        |
 ------------------------------------------------------------------------------
| Totals:                       113       25701.2179              100.00       |
 ------------------------------------------------------------------------------

************************************************************************************************************************
***             WIDEN YOUR WINDOW TO 120 CHARACTERS.  Use 'enscript -r -fCourier9' to print this document            ***
************************************************************************************************************************

---------------------------------------------- PETSc Performance Summary: ----------------------------------------------

./pm on a linux named columbia9 with 1 processor, by benkirk Fri Apr 21 01:09:57 2006
Using Petsc Version 2.2.0, Patch 0, Released Feb 27, 2004

                         Max       Max/Min        Avg      Total 
Time (sec):           2.590e+04      1.00000   2.590e+04
Objects:              0.000e+00      0.00000   0.000e+00
Flops:                4.597e+12      1.00000   4.597e+12  4.597e+12
Flops/sec:            1.775e+08      1.00000   1.775e+08  1.775e+08
MPI Messages:         0.000e+00      0.00000   0.000e+00  0.000e+00
MPI Message Lengths:  0.000e+00      0.00000   0.000e+00  0.000e+00
MPI Reductions:       7.600e+01      1.00000

Flop counting convention: 1 flop = 1 real number operation of type (multiply/divide/add/subtract)
                            e.g., VecAXPY() for real vectors of length N --> 2N flops
                            and VecAXPY() for complex vectors of length N --> 8N flops

Summary of Stages:   ----- Time ------  ----- Flops -----  --- Messages ---  -- Message Lengths --  -- Reductions --
                        Avg     %Total     Avg     %Total   counts   %Total     Avg         %Total   counts   %Total 
 0:      Main Stage: 2.5896e+04 100.0%  4.5965e+12 100.0%  0.000e+00   0.0%  0.000e+00        0.0%  7.600e+01 100.0% 

------------------------------------------------------------------------------------------------------------------------
See the 'Profiling' chapter of the users' manual for details on interpreting output.
Phase summary info:
   Count: number of times phase was executed
   Time and Flops/sec: Max - maximum over all processors
                       Ratio - ratio of maximum to minimum over all processors
   Mess: number of messages sent
   Avg. len: average message length
   Reduct: number of global reductions
   Global: entire computation
   Stage: stages of a computation. Set stages with PetscLogStagePush() and PetscLogStagePop().
      %T - percent time in this phase         %F - percent flops in this phase
      %M - percent messages in this phase     %L - percent message lengths in this phase
      %R - percent reductions in this phase
   Total Mflop/s: 10e-6 * (sum of flops over all processors)/(max time over all processors)
------------------------------------------------------------------------------------------------------------------------


      ##########################################################
      #                                                        #
      #                          WARNING!!!                    #
      #                                                        #
      #   This code was run without the PreLoadBegin()         #
      #   macros. To get timing results we always recommend    #
      #   preloading. otherwise timing numbers may be          #
      #   meaningless.                                         #
      ##########################################################


Event                Count      Time (sec)     Flops/sec                         --- Global ---  --- Stage ---   Total
                   Max Ratio  Max     Ratio   Max  Ratio  Mess   Avg len Reduct  %T %F %M %L %R  %T %F %M %L %R Mflop/s
------------------------------------------------------------------------------------------------------------------------

--- Event Stage 0: Main Stage

VecDot            143112 1.0 1.5847e+02 1.0 4.91e+08 1.0 0.0e+00 0.0e+00 0.0e+00  1  2  0  0  0   1  2  0  0  0   491
VecNorm            71727 1.0 6.2407e+01 1.0 6.24e+08 1.0 0.0e+00 0.0e+00 0.0e+00  0  1  0  0  0   0  1  0  0  0   624
VecCopy              422 1.0 2.8378e-01 1.0 0.00e+00 0.0 0.0e+00 0.0e+00 0.0e+00  0  0  0  0  0   0  0  0  0  0     0
VecSet               395 1.0 2.0601e-01 1.0 0.00e+00 0.0 0.0e+00 0.0e+00 0.0e+00  0  0  0  0  0   0  0  0  0  0     0
VecAXPY           286272 1.0 2.3322e+02 1.0 6.67e+08 1.0 0.0e+00 0.0e+00 0.0e+00  1  3  0  0  0   1  3  0  0  0   667
VecAYPX           143047 1.0 6.0780e+02 1.0 1.28e+08 1.0 0.0e+00 0.0e+00 0.0e+00  2  2  0  0  0   2  2  0  0  0   128
VecWAXPY          286086 1.0 6.7371e+02 1.0 2.02e+08 1.0 0.0e+00 0.0e+00 0.0e+00  3  3  0  0  0   3  3  0  0  0   202
VecAssemblyBegin     320 1.0 5.1808e-04 1.0 0.00e+00 0.0 0.0e+00 0.0e+00 0.0e+00  0  0  0  0  0   0  0  0  0  0     0
VecAssemblyEnd       320 1.0 3.2949e-04 1.0 0.00e+00 0.0 0.0e+00 0.0e+00 0.0e+00  0  0  0  0  0   0  0  0  0  0     0
VecScatterBegin       70 1.0 1.1071e-01 1.0 0.00e+00 0.0 0.0e+00 0.0e+00 0.0e+00  0  0  0  0  0   0  0  0  0  0     0
MatMult           143181 1.0 6.1506e+03 1.0 3.34e+08 1.0 0.0e+00 0.0e+00 0.0e+00 24 45  0  0  0  24 45  0  0  0   334
MatMultAdd            69 1.0 2.9902e+00 1.0 3.37e+08 1.0 0.0e+00 0.0e+00 0.0e+00  0  0  0  0  0   0  0  0  0  0   337
MatSolve          143181 1.0 1.7195e+04 1.0 1.19e+08 1.0 0.0e+00 0.0e+00 0.0e+00 66 45  0  0  0  66 45  0  0  0   119
MatLUFactorNum        69 1.0 3.1113e+01 1.0 1.81e+08 1.0 0.0e+00 0.0e+00 0.0e+00  0  0  0  0  0   0  0  0  0  0   181
MatILUFactorSym        2 1.0 1.7201e-01 1.0 0.00e+00 0.0 0.0e+00 0.0e+00 2.0e+00  0  0  0  0  3   0  0  0  0  3     0
MatAssemblyBegin     207 1.0 4.6229e-04 1.0 0.00e+00 0.0 0.0e+00 0.0e+00 0.0e+00  0  0  0  0  0   0  0  0  0  0     0
MatAssemblyEnd       207 1.0 5.5735e-01 1.0 0.00e+00 0.0 0.0e+00 0.0e+00 0.0e+00  0  0  0  0  0   0  0  0  0  0     0
MatGetOrdering         2 1.0 6.7329e-03 1.0 0.00e+00 0.0 0.0e+00 0.0e+00 4.0e+00  0  0  0  0  5   0  0  0  0  5     0
MatZeroEntries        98 1.0 2.1913e+00 1.0 0.00e+00 0.0 0.0e+00 0.0e+00 0.0e+00  0  0  0  0  0   0  0  0  0  0     0
KSPSetup              69 1.0 1.7905e-02 1.0 0.00e+00 0.0 0.0e+00 0.0e+00 0.0e+00  0  0  0  0  0   0  0  0  0  0     0
KSPSolve              69 1.0 2.5130e+04 1.0 1.83e+08 1.0 0.0e+00 0.0e+00 6.0e+00 97100  0  0  8  97100  0  0  8   183
PCSetUp               69 1.0 3.1297e+01 1.0 1.80e+08 1.0 0.0e+00 0.0e+00 6.0e+00  0  0  0  0  8   0  0  0  0  8   180
PCApply           143181 1.0 1.7200e+04 1.0 1.19e+08 1.0 0.0e+00 0.0e+00 0.0e+00 66 45  0  0  0  66 45  0  0  0   119
------------------------------------------------------------------------------------------------------------------------

Memory usage is given in bytes:

Object Type          Creations   Destructions   Memory  Descendants' Mem.

--- Event Stage 0: Main Stage

           Index Set    76             76   72502688     0
                 Map   189            189      48384     0
                 Vec   181            181     110048     0
         Vec Scatter    70             70  134118600     0
              Matrix     4              4  267782520     0
       Krylov Solver     2              2        304     10944
      Preconditioner     2              2        304     1.37516e+08
========================================================================================================================
Average time to get PetscTime(): 4.05312e-07
Compiled without FORTRAN kernels
Compiled with double precision matrices (default)
sizeof(short) 2 sizeof(int) 4 sizeof(long) 8 sizeof(void *) 8   
Libraries compiled on Tue Dec 13 11:13:18 PST 2005 on columbia  
Machine characteristics: Linux columbia 2.6.5-7.202.5-sn2 #1 SMP Thu Aug 25 06:20:45 UTC 2005 ia64 ia64 ia64 GNU/Linux  
Using PETSc directory: /u/benkirk/petsc-2.2.0 
Using PETSc arch: linux64_intel 
-----------------------------------------   
Using C compiler: icc -KPIC -O2 -ftz -I/u/benkirk/petsc-2.2.0 -I/u/benkirk/petsc-2.2.0/bmake/linux64_intel -I/u/benkirk/petsc-2.2.0/include   -I/opt/sgi/mpt/1.12.0.0/include                                                                                                                           -DPETSC_USE_FOR_KERNELS -DPETSC_USE_LOG -DPETSC_USE_DEBUG -DPETSC_USE_BOPT_O -DPETSC_USE_EXTERN_CXX -DMPI_NO_CPPBIND -wd1476 -D__SDIR__='. '  
C Compiler version: 
Intel(R) C Itanium(R) Compiler for Itanium(R)-based applications 
Version 9.0    Build 20051020 Package ID: l_cc_c_9.0.027 
C++ Compiler version: 
Intel(R) C Itanium(R) Compiler for Itanium(R)-based applications 
Using Fortran compiler: ifort -w -KPIC -O2 -ftz -I/u/benkirk/petsc-2.2.0 -I/u/benkirk/petsc-2.2.0/bmake/linux64_intel -I/u/benkirk/petsc-2.2.0/include   -I/opt/sgi/mpt/1.12.0.0/include                                                                                                                           -DPETSC_USE_FOR_KERNELS -DPETSC_USE_LOG -DPETSC_USE_DEBUG -DPETSC_USE_BOPT_O -DPETSC_USE_EXTERN_CXX  
Fortran Compiler version: 
Intel(R) Fortran Itanium(R) Compiler for Itanium(R)-based applications 
Version 9.0    Build 20051020 Package ID: l_fc_c_9.0.028 
-----------------------------------------   
Using PETSc flags: -DPETSC_USE_FOR_KERNELS -DPETSC_USE_LOG -DPETSC_USE_DEBUG -DPETSC_USE_BOPT_O -DPETSC_USE_EXTERN_CXX                                                                                                                        
----------------------------------------- 
Using configuration flags: 
----------------------------------------- 
Using include paths: -I/u/benkirk/petsc-2.2.0 -I/u/benkirk/petsc-2.2.0/bmake/linux64_intel -I/u/benkirk/petsc-2.2.0/include   -I/opt/sgi/mpt/1.12.0.0/include    
------------------------------------------   
Using C linker: icc -i_dynamic -O2 -ftz -Qoption,link,-rpath,/u/benkirk/petsc-2.2.0/lib/libO/linux64_intel  
Using Fortran linker: icc -i_dynamic -O2 -ftz -Qoption,link,-rpath,/u/benkirk/petsc-2.2.0/lib/libO/linux64_intel  
Using libraries: -L/u/benkirk/petsc-2.2.0/lib/libO/linux64_intel -lpetscts -lpetscsnes -lpetscksp -lpetscdm -lpetscmat -lpetscvec -lpetsc                                                                                                                                                                                                                                                                              -Wl,-rpath,/opt/sgi/scsl/1.6.1.0/lib -L/opt/sgi/scsl/1.6.1.0/lib -lscs -L/opt/sgi/mpt/1.12.0.0/lib -lmpi -lifport -lifcoremt -ldl -limf -lm -lcxa -lunwind -lpthread -lirc 
 -------------------------------------------------------------------------------

 Run completed in 25900 seconds
