
 -----------------------------------------------
| Master Host:   cfe1.nas.nasa.gov
| Working Dir:   /u/benkirk/nobackup/bmurray_code/run.columbia
| # of Procs:    64
| Case name::    pm_jwp_fine
 -----------------------------------------------

Using input file: pm_jwp_fine.in
Initializing EquationSystems ... 
 Mesh Information:
  mesh_dimension()=2
  spatial_dimension()=3
  n_nodes()=90601
  n_elem()=90000
   n_local_elem()=1385
   n_active_elem()=90000
  n_subdomains()=1
  n_processors()=64
  processor_id()=0

 EquationSystems
  n_systems()=2
   System "Porous Media"
    Type "TransientLinearImplicit"
    Variables="p" "t" "s" 
    Finite Element Types="LAGRANGE" "LAGRANGE" "LAGRANGE" 
    Approximation Orders="FIRST" "FIRST" "FIRST" 
    n_dofs()=271803
    n_local_dofs()=4404
    n_constrained_dofs()=0
    n_vectors()=6
   System "Velocity"
    Type "TransientLinearImplicit"
    Variables="u" "v" 
    Finite Element Types="LAGRANGE" "LAGRANGE" 
    Approximation Orders="FIRST" "FIRST" 
    n_dofs()=181202
    n_local_dofs()=2936
    n_constrained_dofs()=0
    n_vectors()=3

======= Starting time step     1 time=0 dt=0.01 =======
F_norms[0]=0.082227

-------------------------------------------------------
| Processor id:   0                                    |
| Num Processors: 64                                   |
| Time:           Fri Apr 21 05:27:25 2006             |
| OS:             Linux                                |
| HostName:       columbia9                            |
| OS Release:     2.6.5-7.202.7-sn2                    |
| OS Version:     #5 SMP Thu Mar 16 17:51:36 PST 2006  |
| Machine:        ia64                                 |
| Username:       benkirk                              |
-------------------------------------------------------
 ------------------------------------------------------------------------------
| Porous Media Performance: Alive time=38.7785, Active time=2.59634            |
 ------------------------------------------------------------------------------
| Event                         nCalls    Total       Avg         Percent of   |
|                                         Time        Time        Active Time  |
|------------------------------------------------------------------------------|
|                                                                              |
| assemble                      1         0.2080      0.207969    8.01         |
| assemble + linear solve       1         2.3884      2.388367    91.99        |
 ------------------------------------------------------------------------------
| Totals:                       2         2.5963                  100.00       |
 ------------------------------------------------------------------------------

Linear solver converged at step: 836, final residual: 5.07838e-11  ||u - u_old|| = 2.60099
F_norms[1]=6.18299e-07
 Nonlinear solver converged at step 1

F_norms[0]=0.082227		 etas[0]=0			 n_its[0]=836
F_norms[1]=6.18299e-07		 etas[1]=0			 n_its[1]=0
Computing Surface fluxes...
Computing Kinetic Energy...
======= Finished time step     1 time=0.01 dt=0.01 =======


======= Starting time step     2 time=0.01 dt=0.01 =======
F_norms[0]=9.67835e-05
 ------------------------------------------------------------------------------
| Porous Media Performance: Alive time=41.9875, Active time=5.28789            |
 ------------------------------------------------------------------------------
| Event                         nCalls    Total       Avg         Percent of   |
|                                         Time        Time        Active Time  |
|------------------------------------------------------------------------------|
|                                                                              |
| assemble                      3         0.6173      0.205774    11.67        |
| assemble + linear solve       2         4.6706      2.335286    88.33        |
 ------------------------------------------------------------------------------
| Totals:                       5         5.2879                  100.00       |
 ------------------------------------------------------------------------------

Linear solver converged at step: 813, final residual: 2.2377e-11  ||u - u_old|| = 0.980709
F_norms[1]=9.625e-07
 Nonlinear solver converged at step 1

F_norms[0]=9.67835e-05		 etas[0]=0			 n_its[0]=813
F_norms[1]=9.625e-07		 etas[1]=0			 n_its[1]=0
Computing Surface fluxes...
Computing Kinetic Energy...
======= Finished time step     2 time=0.02 dt=0.01 =======


======= Starting time step     3 time=0.02 dt=0.01 =======
F_norms[0]=0.000201933
 ------------------------------------------------------------------------------
| Porous Media Performance: Alive time=45.3423, Active time=8.10901            |
 ------------------------------------------------------------------------------
| Event                         nCalls    Total       Avg         Percent of   |
|                                         Time        Time        Active Time  |
|------------------------------------------------------------------------------|
|                                                                              |
| assemble                      5         1.0271      0.205418    12.67        |
| assemble + linear solve       3         7.0819      2.360641    87.33        |
 ------------------------------------------------------------------------------
| Totals:                       8         8.1090                  100.00       |
 ------------------------------------------------------------------------------

Linear solver converged at step: 858, final residual: 5.47059e-11  ||u - u_old|| = 1.99902
F_norms[1]=3.59892e-06
 Nonlinear solver converged at step 1

F_norms[0]=0.000201933		 etas[0]=0			 n_its[0]=858
F_norms[1]=3.59892e-06		 etas[1]=0			 n_its[1]=0
 |TE|_oo = 0
 Scaling timestep by 1
--------------------------------------------------------------------------
Computing Surface fluxes...
Computing Kinetic Energy...
======= Finished time step     3 time=0.03 dt=0.01 =======


======= Starting time step     4 time=0.03 dt=0.01 =======
F_norms[0]=0.000424313
 ------------------------------------------------------------------------------
| Porous Media Performance: Alive time=48.686, Active time=10.9075             |
 ------------------------------------------------------------------------------
| Event                         nCalls    Total       Avg         Percent of   |
|                                         Time        Time        Active Time  |
|------------------------------------------------------------------------------|
|                                                                              |
| assemble                      7         1.4337      0.204821    13.14        |
| assemble + linear solve       4         9.4738      2.368443    86.86        |
 ------------------------------------------------------------------------------
| Totals:                       11        10.9075                 100.00       |
 ------------------------------------------------------------------------------

Linear solver converged at step: 853, final residual: 1.03585e-10  ||u - u_old|| = 4.15597
F_norms[1]=1.53071e-05
 ------------------------------------------------------------------------------
| Porous Media Performance: Alive time=51.2689, Active time=13.4575            |
 ------------------------------------------------------------------------------
| Event                         nCalls    Total       Avg         Percent of   |
|                                         Time        Time        Active Time  |
|------------------------------------------------------------------------------|
|                                                                              |
| assemble                      8         1.6390      0.204876    12.18        |
| assemble + linear solve       5         11.8185     2.363693    87.82        |
 ------------------------------------------------------------------------------
| Totals:                       13        13.4575                 100.00       |
 ------------------------------------------------------------------------------

Linear solver converged at step: 834, final residual: 4.58599e-12  ||u - u_old|| = 0.0454172
F_norms[2]=3.06847e-07
 Nonlinear solver converged at step 2

F_norms[0]=0.000424313		 etas[0]=0			 n_its[0]=853
F_norms[1]=1.53071e-05		 etas[1]=0			 n_its[1]=834
F_norms[2]=3.06847e-07		 etas[2]=0			 n_its[2]=0
 |TE|_oo = 0
 Scaling timestep by 1
--------------------------------------------------------------------------
Computing Surface fluxes...
Computing Kinetic Energy...
======= Finished time step     4 time=0.04 dt=0.01 =======


======= Starting time step     5 time=0.04 dt=0.01 =======
F_norms[0]=0.00088896
 ------------------------------------------------------------------------------
| Porous Media Performance: Alive time=54.8414, Active time=16.2615            |
 ------------------------------------------------------------------------------
| Event                         nCalls    Total       Avg         Percent of   |
|                                         Time        Time        Active Time  |
|------------------------------------------------------------------------------|
|                                                                              |
| assemble                      10        2.0483      0.204830    12.60        |
| assemble + linear solve       6         14.2132     2.368866    87.40        |
 ------------------------------------------------------------------------------
| Totals:                       16        16.2615                 100.00       |
 ------------------------------------------------------------------------------

Linear solver converged at step: 854, final residual: 1.82536e-10  ||u - u_old|| = 8.736
F_norms[1]=6.75659e-05
 ------------------------------------------------------------------------------
| Porous Media Performance: Alive time=57.4689, Active time=18.8608            |
 ------------------------------------------------------------------------------
| Event                         nCalls    Total       Avg         Percent of   |
|                                         Time        Time        Active Time  |
|------------------------------------------------------------------------------|
|                                                                              |
| assemble                      11        2.2533      0.204844    11.95        |
| assemble + linear solve       7         16.6075     2.372506    88.05        |
 ------------------------------------------------------------------------------
| Totals:                       18        18.8608                 100.00       |
 ------------------------------------------------------------------------------

Linear solver converged at step: 854, final residual: 2.06837e-11  ||u - u_old|| = 0.212681
F_norms[2]=6.61026e-07
 Nonlinear solver converged at step 2

F_norms[0]=0.00088896		 etas[0]=0			 n_its[0]=854
F_norms[1]=6.75659e-05		 etas[1]=0			 n_its[1]=854
F_norms[2]=6.61026e-07		 etas[2]=0			 n_its[2]=0
 |TE|_oo = 0
 Scaling timestep by 1
--------------------------------------------------------------------------
Computing Surface fluxes...
Computing Kinetic Energy...
======= Finished time step     5 time=0.05 dt=0.01 =======


======= Starting time step     6 time=0.05 dt=0.01 =======
F_norms[0]=0.00187428
 ------------------------------------------------------------------------------
| Porous Media Performance: Alive time=60.8222, Active time=21.7131            |
 ------------------------------------------------------------------------------
| Event                         nCalls    Total       Avg         Percent of   |
|                                         Time        Time        Active Time  |
|------------------------------------------------------------------------------|
|                                                                              |
| assemble                      13        2.6605      0.204654    12.25        |
| assemble + linear solve       8         19.0526     2.381570    87.75        |
 ------------------------------------------------------------------------------
| Totals:                       21        21.7131                 100.00       |
 ------------------------------------------------------------------------------

Linear solver converged at step: 873, final residual: 5.20118e-10  ||u - u_old|| = 19.0615
F_norms[1]=0.000319121
 ------------------------------------------------------------------------------
| Porous Media Performance: Alive time=63.5642, Active time=24.4251            |
 ------------------------------------------------------------------------------
| Event                         nCalls    Total       Avg         Percent of   |
|                                         Time        Time        Active Time  |
|------------------------------------------------------------------------------|
|                                                                              |
| assemble                      14        2.8642      0.204583    11.73        |
| assemble + linear solve       9         21.5609     2.395658    88.27        |
 ------------------------------------------------------------------------------
| Totals:                       23        24.4251                 100.00       |
 ------------------------------------------------------------------------------

Linear solver converged at step: 896, final residual: 4.55735e-11  ||u - u_old|| = 1.25048
F_norms[2]=2.18208e-06
 Nonlinear solver converged at step 2

F_norms[0]=0.00187428		 etas[0]=0			 n_its[0]=873
F_norms[1]=0.000319121		 etas[1]=0			 n_its[1]=896
F_norms[2]=2.18208e-06		 etas[2]=0			 n_its[2]=0
 |TE|_oo = 0
 Scaling timestep by 1
--------------------------------------------------------------------------
Computing Surface fluxes...
Computing Kinetic Energy...
======= Finished time step     6 time=0.06 dt=0.01 =======


======= Starting time step     7 time=0.06 dt=0.01 =======
F_norms[0]=0.00411452
 ------------------------------------------------------------------------------
| Porous Media Performance: Alive time=66.744, Active time=27.1056             |
 ------------------------------------------------------------------------------
| Event                         nCalls    Total       Avg         Percent of   |
|                                         Time        Time        Active Time  |
|------------------------------------------------------------------------------|
|                                                                              |
| assemble                      16        3.2705      0.204404    12.07        |
| assemble + linear solve       10        23.8351     2.383512    87.93        |
 ------------------------------------------------------------------------------
| Totals:                       26        27.1056                 100.00       |
 ------------------------------------------------------------------------------

Linear solver converged at step: 807, final residual: 1.07684e-09  ||u - u_old|| = 49.2017
F_norms[1]=0.00205493
 ------------------------------------------------------------------------------
| Porous Media Performance: Alive time=69.9558, Active time=30.2875            |
 ------------------------------------------------------------------------------
| Event                         nCalls    Total       Avg         Percent of   |
|                                         Time        Time        Active Time  |
|------------------------------------------------------------------------------|
|                                                                              |
| assemble                      17        3.4747      0.204393    11.47        |
| assemble + linear solve       11        26.8128     2.437526    88.53        |
 ------------------------------------------------------------------------------
| Totals:                       28        30.2875                 100.00       |
 ------------------------------------------------------------------------------

Linear solver converged at step: 1065, final residual: 4.436e-10  ||u - u_old|| = 16.4768
F_norms[2]=0.000264863
 ------------------------------------------------------------------------------
| Porous Media Performance: Alive time=73.3624, Active time=33.6651            |
 ------------------------------------------------------------------------------
| Event                         nCalls    Total       Avg         Percent of   |
|                                         Time        Time        Active Time  |
|------------------------------------------------------------------------------|
|                                                                              |
| assemble                      18        3.6784      0.204354    10.93        |
| assemble + linear solve       12        29.9867     2.498895    89.07        |
 ------------------------------------------------------------------------------
| Totals:                       30        33.6651                 100.00       |
 ------------------------------------------------------------------------------

Linear solver converged at step: 1136, final residual: 8.58693e-11  ||u - u_old|| = 1.88871
F_norms[3]=1.91197e-06
 Nonlinear solver converged at step 3

F_norms[0]=0.00411452		 etas[0]=0			 n_its[0]=807
F_norms[1]=0.00205493		 etas[1]=0			 n_its[1]=1065
F_norms[2]=0.000264863		 etas[2]=0			 n_its[2]=1136
F_norms[3]=1.91197e-06		 etas[3]=0			 n_its[3]=0
 |TE|_oo = 0
 Scaling timestep by 1
--------------------------------------------------------------------------
Computing Surface fluxes...
Computing Kinetic Energy...
======= Finished time step     7 time=0.07 dt=0.01 =======


======= Starting time step     8 time=0.07 dt=0.01 =======
F_norms[0]=0.0114424
 ------------------------------------------------------------------------------
| Porous Media Performance: Alive time=77.4742, Active time=37.2782            |
 ------------------------------------------------------------------------------
| Event                         nCalls    Total       Avg         Percent of   |
|                                         Time        Time        Active Time  |
|------------------------------------------------------------------------------|
|                                                                              |
| assemble                      20        4.0847      0.204234    10.96        |
| assemble + linear solve       13        33.1935     2.553347    89.04        |
 ------------------------------------------------------------------------------
| Totals:                       33        37.2782                 100.00       |
 ------------------------------------------------------------------------------

Linear solver converged at step: 1147, final residual: 2.40831e-09  ||u - u_old|| = 323.508
F_norms[1]=0.0666915
 ------------------------------------------------------------------------------
| Porous Media Performance: Alive time=83.2689, Active time=43.0432            |
 ------------------------------------------------------------------------------
| Event                         nCalls    Total       Avg         Percent of   |
|                                         Time        Time        Active Time  |
|------------------------------------------------------------------------------|
|                                                                              |
| assemble                      21        4.2879      0.204187    9.96         |
| assemble + linear solve       14        38.7553     2.768235    90.04        |
 ------------------------------------------------------------------------------
| Totals:                       35        43.0432                 100.00       |
 ------------------------------------------------------------------------------

Linear solver converged at step: 2000, final residual: 2.8008e-06  ||u - u_old|| = 150.793
F_norms[2]=0.0108567
 ------------------------------------------------------------------------------
| Porous Media Performance: Alive time=89.0547, Active time=48.7986            |
 ------------------------------------------------------------------------------
| Event                         nCalls    Total       Avg         Percent of   |
|                                         Time        Time        Active Time  |
|------------------------------------------------------------------------------|
|                                                                              |
| assemble                      22        4.4912      0.204147    9.20         |
| assemble + linear solve       15        44.3074     2.953827    90.80        |
 ------------------------------------------------------------------------------
| Totals:                       37        48.7986                 100.00       |
 ------------------------------------------------------------------------------

Linear solver converged at step: 2000, final residual: 1.21489e-07  ||u - u_old|| = 84.7678
F_norms[3]=0.00106726
 ------------------------------------------------------------------------------
| Porous Media Performance: Alive time=94.8532, Active time=54.5671            |
 ------------------------------------------------------------------------------
| Event                         nCalls    Total       Avg         Percent of   |
|                                         Time        Time        Active Time  |
|------------------------------------------------------------------------------|
|                                                                              |
| assemble                      23        4.6945      0.204110    8.60         |
| assemble + linear solve       16        49.8726     3.117038    91.40        |
 ------------------------------------------------------------------------------
| Totals:                       39        54.5671                 100.00       |
 ------------------------------------------------------------------------------

Linear solver converged at step: 2000, final residual: 2.37311e-09  ||u - u_old|| = 8.06186
F_norms[4]=1.76894e-05
 ------------------------------------------------------------------------------
| Porous Media Performance: Alive time=100.643, Active time=60.3269            |
 ------------------------------------------------------------------------------
| Event                         nCalls    Total       Avg         Percent of   |
|                                         Time        Time        Active Time  |
|------------------------------------------------------------------------------|
|                                                                              |
| assemble                      24        4.8990      0.204127    8.12         |
| assemble + linear solve       17        55.4279     3.260465    91.88        |
 ------------------------------------------------------------------------------
| Totals:                       41        60.3269                 100.00       |
 ------------------------------------------------------------------------------

Linear solver converged at step: 2000, final residual: 6.04304e-11  ||u - u_old|| = 0.0959944
F_norms[5]=6.07252e-07
 Nonlinear solver converged at step 5

F_norms[0]=0.0114424		 etas[0]=0			 n_its[0]=1147
F_norms[1]=0.0666915		 etas[1]=0			 n_its[1]=2000
F_norms[2]=0.0108567		 etas[2]=0			 n_its[2]=2000
F_norms[3]=0.00106726		 etas[3]=0			 n_its[3]=2000
F_norms[4]=1.76894e-05		 etas[4]=0			 n_its[4]=2000
F_norms[5]=6.07252e-07		 etas[5]=0			 n_its[5]=0
 |TE|_oo = 0
 Scaling timestep by 1
--------------------------------------------------------------------------
Computing Surface fluxes...
Computing Kinetic Energy...
======= Finished time step     8 time=0.08 dt=0.01 =======


======= Starting time step     9 time=0.08 dt=0.01 =======
F_norms[0]=0.0316962
 ------------------------------------------------------------------------------
| Porous Media Performance: Alive time=107.124, Active time=66.2939            |
 ------------------------------------------------------------------------------
| Event                         nCalls    Total       Avg         Percent of   |
|                                         Time        Time        Active Time  |
|------------------------------------------------------------------------------|
|                                                                              |
| assemble                      26        5.3072      0.204122    8.01         |
| assemble + linear solve       18        60.9868     3.388154    91.99        |
 ------------------------------------------------------------------------------
| Totals:                       44        66.2939                 100.00       |
 ------------------------------------------------------------------------------

Linear solver converged at step: 2000, final residual: 1.72419e-06  ||u - u_old|| = 967.5
F_norms[1]=0.0670377
 ------------------------------------------------------------------------------
| Porous Media Performance: Alive time=112.914, Active time=72.0548            |
 ------------------------------------------------------------------------------
| Event                         nCalls    Total       Avg         Percent of   |
|                                         Time        Time        Active Time  |
|------------------------------------------------------------------------------|
|                                                                              |
| assemble                      27        5.5110      0.204112    7.65         |
| assemble + linear solve       19        66.5438     3.502305    92.35        |
 ------------------------------------------------------------------------------
| Totals:                       46        72.0548                 100.00       |
 ------------------------------------------------------------------------------

Linear solver converged at step: 2000, final residual: 2.62642e-06  ||u - u_old|| = 283.774
F_norms[2]=0.0113401
 ------------------------------------------------------------------------------
| Porous Media Performance: Alive time=118.704, Active time=77.816             |
 ------------------------------------------------------------------------------
| Event                         nCalls    Total       Avg         Percent of   |
|                                         Time        Time        Active Time  |
|------------------------------------------------------------------------------|
|                                                                              |
| assemble                      28        5.7149      0.204103    7.34         |
| assemble + linear solve       20        72.1011     3.605055    92.66        |
 ------------------------------------------------------------------------------
| Totals:                       48        77.8160                 100.00       |
 ------------------------------------------------------------------------------

Linear solver converged at step: 2000, final residual: 5.2294e-09  ||u - u_old|| = 35.2211
F_norms[3]=0.000496703
 ------------------------------------------------------------------------------
| Porous Media Performance: Alive time=124.094, Active time=83.1773            |
 ------------------------------------------------------------------------------
| Event                         nCalls    Total       Avg         Percent of   |
|                                         Time        Time        Active Time  |
|------------------------------------------------------------------------------|
|                                                                              |
| assemble                      29        5.9186      0.204091    7.12         |
| assemble + linear solve       21        77.2586     3.678982    92.88        |
 ------------------------------------------------------------------------------
| Totals:                       50        83.1773                 100.00       |
 ------------------------------------------------------------------------------

Linear solver converged at step: 1857, final residual: 9.34221e-11  ||u - u_old|| = 1.03054
F_norms[4]=1.10147e-06
 Nonlinear solver converged at step 4

F_norms[0]=0.0316962		 etas[0]=0			 n_its[0]=2000
F_norms[1]=0.0670377		 etas[1]=0			 n_its[1]=2000
F_norms[2]=0.0113401		 etas[2]=0			 n_its[2]=2000
F_norms[3]=0.000496703		 etas[3]=0			 n_its[3]=1857
F_norms[4]=1.10147e-06		 etas[4]=0			 n_its[4]=0
 |TE|_oo = 0
 Scaling timestep by 1
--------------------------------------------------------------------------
Computing Surface fluxes...
Computing Kinetic Energy...
======= Finished time step     9 time=0.09 dt=0.01 =======


======= Starting time step    10 time=0.09 dt=0.01 =======
F_norms[0]=0.032147
 ------------------------------------------------------------------------------
| Porous Media Performance: Alive time=130.079, Active time=88.6452            |
 ------------------------------------------------------------------------------
| Event                         nCalls    Total       Avg         Percent of   |
|                                         Time        Time        Active Time  |
|------------------------------------------------------------------------------|
|                                                                              |
| assemble                      31        6.3252      0.204040    7.14         |
| assemble + linear solve       22        82.3200     3.741816    92.86        |
 ------------------------------------------------------------------------------
| Totals:                       53        88.6452                 100.00       |
 ------------------------------------------------------------------------------

Linear solver converged at step: 1822, final residual: 3.07839e-09  ||u - u_old|| = 515.776
F_norms[1]=0.00484342
 ------------------------------------------------------------------------------
| Porous Media Performance: Alive time=135.43, Active time=93.9677             |
 ------------------------------------------------------------------------------
| Event                         nCalls    Total       Avg         Percent of   |
|                                         Time        Time        Active Time  |
|------------------------------------------------------------------------------|
|                                                                              |
| assemble                      32        6.5291      0.204034    6.95         |
| assemble + linear solve       23        87.4386     3.801678    93.05        |
 ------------------------------------------------------------------------------
| Totals:                       55        93.9677                 100.00       |
 ------------------------------------------------------------------------------

Linear solver converged at step: 1840, final residual: 1.11043e-09  ||u - u_old|| = 18.7952
F_norms[2]=7.33137e-05
 ------------------------------------------------------------------------------
| Porous Media Performance: Alive time=140.588, Active time=99.0976            |
 ------------------------------------------------------------------------------
| Event                         nCalls    Total       Avg         Percent of   |
|                                         Time        Time        Active Time  |
|------------------------------------------------------------------------------|
|                                                                              |
| assemble                      33        6.7335      0.204044    6.79         |
| assemble + linear solve       24        92.3641     3.848504    93.21        |
 ------------------------------------------------------------------------------
| Totals:                       57        99.0976                 100.00       |
 ------------------------------------------------------------------------------

Linear solver converged at step: 1771, final residual: 1.92317e-11  ||u - u_old|| = 0.0736894
F_norms[3]=3.24472e-07
 Nonlinear solver converged at step 3

F_norms[0]=0.032147		 etas[0]=0			 n_its[0]=1822
F_norms[1]=0.00484342		 etas[1]=0			 n_its[1]=1840
F_norms[2]=7.33137e-05		 etas[2]=0			 n_its[2]=1771
F_norms[3]=3.24472e-07		 etas[3]=0			 n_its[3]=0
 |TE|_oo = 0
 Scaling timestep by 1
--------------------------------------------------------------------------
Computing Surface fluxes...
Computing Kinetic Energy...
======= Finished time step    10 time=0.1 dt=0.01 =======


======= Starting time step    11 time=0.1 dt=0.01 =======
F_norms[0]=0.0192593
 ------------------------------------------------------------------------------
| Porous Media Performance: Alive time=168.53, Active time=105.06              |
 ------------------------------------------------------------------------------
| Event                         nCalls    Total       Avg         Percent of   |
|                                         Time        Time        Active Time  |
|------------------------------------------------------------------------------|
|                                                                              |
| assemble                      35        7.1416      0.204045    6.80         |
| assemble + linear solve       25        97.9188     3.916754    93.20        |
 ------------------------------------------------------------------------------
| Totals:                       60        105.0604                100.00       |
 ------------------------------------------------------------------------------

Linear solver converged at step: 2000, final residual: 2.93925e-08  ||u - u_old|| = 205.001
F_norms[1]=0.00081518
 ------------------------------------------------------------------------------
| Porous Media Performance: Alive time=174.335, Active time=110.837            |
 ------------------------------------------------------------------------------
| Event                         nCalls    Total       Avg         Percent of   |
|                                         Time        Time        Active Time  |
|------------------------------------------------------------------------------|
|                                                                              |
| assemble                      36        7.3456      0.204043    6.63         |
| assemble + linear solve       26        103.4910    3.980423    93.37        |
 ------------------------------------------------------------------------------
| Totals:                       62        110.8366                100.00       |
 ------------------------------------------------------------------------------

Linear solver converged at step: 2000, final residual: 8.68144e-08  ||u - u_old|| = 9.91107
F_norms[2]=1.32711e-05
 ------------------------------------------------------------------------------
| Porous Media Performance: Alive time=180.14, Active time=116.613             |
 ------------------------------------------------------------------------------
| Event                         nCalls    Total       Avg         Percent of   |
|                                         Time        Time        Active Time  |
|------------------------------------------------------------------------------|
|                                                                              |
| assemble                      37        7.5493      0.204034    6.47         |
| assemble + linear solve       27        109.0637    4.039397    93.53        |
 ------------------------------------------------------------------------------
| Totals:                       64        116.6130                100.00       |
 ------------------------------------------------------------------------------

Linear solver converged at step: 2000, final residual: 1.58535e-12  ||u - u_old|| = 0.0187907
F_norms[3]=2.79657e-07
 Nonlinear solver converged at step 3

F_norms[0]=0.0192593		 etas[0]=0			 n_its[0]=2000
F_norms[1]=0.00081518		 etas[1]=0			 n_its[1]=2000
F_norms[2]=1.32711e-05		 etas[2]=0			 n_its[2]=2000
F_norms[3]=2.79657e-07		 etas[3]=0			 n_its[3]=0
 |TE|_oo = 0
 Scaling timestep by 1
--------------------------------------------------------------------------
Computing Surface fluxes...
Computing Kinetic Energy...
======= Finished time step    11 time=0.11 dt=0.01 =======


======= Starting time step    12 time=0.11 dt=0.01 =======
F_norms[0]=0.00844593
 ------------------------------------------------------------------------------
| Porous Media Performance: Alive time=186.617, Active time=122.576            |
 ------------------------------------------------------------------------------
| Event                         nCalls    Total       Avg         Percent of   |
|                                         Time        Time        Active Time  |
|------------------------------------------------------------------------------|
|                                                                              |
| assemble                      39        7.9558      0.203994    6.49         |
| assemble + linear solve       28        114.6204    4.093585    93.51        |
 ------------------------------------------------------------------------------
| Totals:                       67        122.5762                100.00       |
 ------------------------------------------------------------------------------

Linear solver converged at step: 2000, final residual: 8.44499e-10  ||u - u_old|| = 49.5378
F_norms[1]=0.000277084
 ------------------------------------------------------------------------------
| Porous Media Performance: Alive time=191.779, Active time=127.709            |
 ------------------------------------------------------------------------------
| Event                         nCalls    Total       Avg         Percent of   |
|                                         Time        Time        Active Time  |
|------------------------------------------------------------------------------|
|                                                                              |
| assemble                      40        8.1596      0.203990    6.39         |
| assemble + linear solve       29        119.5490    4.122379    93.61        |
 ------------------------------------------------------------------------------
| Totals:                       69        127.7086                100.00       |
 ------------------------------------------------------------------------------

Linear solver converged at step: 1772, final residual: 4.63375e-11  ||u - u_old|| = 3.32892
F_norms[2]=1.00425e-06
 Nonlinear solver converged at step 2

F_norms[0]=0.00844593		 etas[0]=0			 n_its[0]=2000
F_norms[1]=0.000277084		 etas[1]=0			 n_its[1]=1772
F_norms[2]=1.00425e-06		 etas[2]=0			 n_its[2]=0
 |TE|_oo = 0
 Scaling timestep by 1
--------------------------------------------------------------------------
Computing Surface fluxes...
Computing Kinetic Energy...
======= Finished time step    12 time=0.12 dt=0.01 =======


======= Starting time step    13 time=0.12 dt=0.01 =======
F_norms[0]=0.00349487
 ------------------------------------------------------------------------------
| Porous Media Performance: Alive time=197.312, Active time=132.748            |
 ------------------------------------------------------------------------------
| Event                         nCalls    Total       Avg         Percent of   |
|                                         Time        Time        Active Time  |
|------------------------------------------------------------------------------|
|                                                                              |
| assemble                      42        8.5664      0.203961    6.45         |
| assemble + linear solve       30        124.1812    4.139373    93.55        |
 ------------------------------------------------------------------------------
| Totals:                       72        132.7476                100.00       |
 ------------------------------------------------------------------------------

Linear solver converged at step: 1663, final residual: 2.10374e-10  ||u - u_old|| = 40.0226
F_norms[1]=0.000104232
 ------------------------------------------------------------------------------
| Porous Media Performance: Alive time=202.381, Active time=137.787            |
 ------------------------------------------------------------------------------
| Event                         nCalls    Total       Avg         Percent of   |
|                                         Time        Time        Active Time  |
|------------------------------------------------------------------------------|
|                                                                              |
| assemble                      43        8.7700      0.203954    6.36         |
| assemble + linear solve       31        129.0171    4.161843    93.64        |
 ------------------------------------------------------------------------------
| Totals:                       74        137.7872                100.00       |
 ------------------------------------------------------------------------------

Linear solver converged at step: 1738, final residual: 1.25619e-11  ||u - u_old|| = 0.510019
F_norms[2]=6.49426e-07
 Nonlinear solver converged at step 2

F_norms[0]=0.00349487		 etas[0]=0			 n_its[0]=1663
F_norms[1]=0.000104232		 etas[1]=0			 n_its[1]=1738
F_norms[2]=6.49426e-07		 etas[2]=0			 n_its[2]=0
 |TE|_oo = 0
 Scaling timestep by 1
--------------------------------------------------------------------------
Computing Surface fluxes...
Computing Kinetic Energy...
======= Finished time step    13 time=0.13 dt=0.01 =======


======= Starting time step    14 time=0.13 dt=0.01 =======
F_norms[0]=0.00239962
 ------------------------------------------------------------------------------
| Porous Media Performance: Alive time=208.845, Active time=143.751            |
 ------------------------------------------------------------------------------
| Event                         nCalls    Total       Avg         Percent of   |
|                                         Time        Time        Active Time  |
|------------------------------------------------------------------------------|
|                                                                              |
| assemble                      45        9.1769      0.203930    6.38         |
| assemble + linear solve       32        134.5741    4.205440    93.62        |
 ------------------------------------------------------------------------------
| Totals:                       77        143.7509                100.00       |
 ------------------------------------------------------------------------------

Linear solver converged at step: 2000, final residual: 1.82708e-09  ||u - u_old|| = 42.7816
F_norms[1]=3.55768e-05
 ------------------------------------------------------------------------------
| Porous Media Performance: Alive time=214.067, Active time=148.944            |
 ------------------------------------------------------------------------------
| Event                         nCalls    Total       Avg         Percent of   |
|                                         Time        Time        Active Time  |
|------------------------------------------------------------------------------|
|                                                                              |
| assemble                      46        9.3807      0.203928    6.30         |
| assemble + linear solve       33        139.5630    4.229181    93.70        |
 ------------------------------------------------------------------------------
| Totals:                       79        148.9436                100.00       |
 ------------------------------------------------------------------------------

Linear solver converged at step: 1792, final residual: 5.13432e-12  ||u - u_old|| = 0.320762
F_norms[2]=8.02386e-07
 Nonlinear solver converged at step 2

F_norms[0]=0.00239962		 etas[0]=0			 n_its[0]=2000
F_norms[1]=3.55768e-05		 etas[1]=0			 n_its[1]=1792
F_norms[2]=8.02386e-07		 etas[2]=0			 n_its[2]=0
 |TE|_oo = 0
 Scaling timestep by 1
--------------------------------------------------------------------------
Computing Surface fluxes...
Computing Kinetic Energy...
======= Finished time step    14 time=0.14 dt=0.01 =======


======= Starting time step    15 time=0.14 dt=0.01 =======
F_norms[0]=0.00183134
 ------------------------------------------------------------------------------
| Porous Media Performance: Alive time=219.84, Active time=154.22              |
 ------------------------------------------------------------------------------
| Event                         nCalls    Total       Avg         Percent of   |
|                                         Time        Time        Active Time  |
|------------------------------------------------------------------------------|
|                                                                              |
| assemble                      48        9.7897      0.203953    6.35         |
| assemble + linear solve       34        144.4305    4.247955    93.65        |
 ------------------------------------------------------------------------------
| Totals:                       82        154.2202                100.00       |
 ------------------------------------------------------------------------------

Linear solver converged at step: 1750, final residual: 8.59225e-11  ||u - u_old|| = 29.3178
F_norms[1]=8.79853e-06
 Nonlinear solver converged at step 1

F_norms[0]=0.00183134		 etas[0]=0			 n_its[0]=1750
F_norms[1]=8.79853e-06		 etas[1]=0			 n_its[1]=0
 |TE|_oo = 0
 Scaling timestep by 1
--------------------------------------------------------------------------
Computing Surface fluxes...
Computing Kinetic Energy...
======= Finished time step    15 time=0.15 dt=0.01 =======


======= Starting time step    16 time=0.15 dt=0.01 =======
F_norms[0]=0.00113097
 ------------------------------------------------------------------------------
| Porous Media Performance: Alive time=225.772, Active time=159.657            |
 ------------------------------------------------------------------------------
| Event                         nCalls    Total       Avg         Percent of   |
|                                         Time        Time        Active Time  |
|------------------------------------------------------------------------------|
|                                                                              |
| assemble                      50        10.1966     0.203931    6.39         |
| assemble + linear solve       35        149.4605    4.270300    93.61        |
 ------------------------------------------------------------------------------
| Totals:                       85        159.6571                100.00       |
 ------------------------------------------------------------------------------

Linear solver converged at step: 1809, final residual: 3.35901e-11  ||u - u_old|| = 14.1497
F_norms[1]=3.06583e-06
 Nonlinear solver converged at step 1

F_norms[0]=0.00113097		 etas[0]=0			 n_its[0]=1809
F_norms[1]=3.06583e-06		 etas[1]=0			 n_its[1]=0
 |TE|_oo = 0
 Scaling timestep by 1
--------------------------------------------------------------------------
Computing Surface fluxes...
Computing Kinetic Energy...
======= Finished time step    16 time=0.16 dt=0.01 =======


======= Starting time step    17 time=0.16 dt=0.01 =======
F_norms[0]=0.000554175
 ------------------------------------------------------------------------------
| Porous Media Performance: Alive time=231.646, Active time=165.038            |
 ------------------------------------------------------------------------------
| Event                         nCalls    Total       Avg         Percent of   |
|                                         Time        Time        Active Time  |
|------------------------------------------------------------------------------|
|                                                                              |
| assemble                      52        10.6043     0.203930    6.43         |
| assemble + linear solve       36        154.4332    4.289810    93.57        |
 ------------------------------------------------------------------------------
| Totals:                       88        165.0375                100.00       |
 ------------------------------------------------------------------------------

Linear solver converged at step: 1788, final residual: 1.98753e-11  ||u - u_old|| = 4.15395
F_norms[1]=1.54242e-06
 Nonlinear solver converged at step 1

F_norms[0]=0.000554175		 etas[0]=0			 n_its[0]=1788
F_norms[1]=1.54242e-06		 etas[1]=0			 n_its[1]=0
 |TE|_oo = 0
 Scaling timestep by 1
--------------------------------------------------------------------------
Computing Surface fluxes...
Computing Kinetic Energy...
======= Finished time step    17 time=0.17 dt=0.01 =======


======= Starting time step    18 time=0.17 dt=0.01 =======
F_norms[0]=0.000236342
 ------------------------------------------------------------------------------
| Porous Media Performance: Alive time=238.515, Active time=171.412            |
 ------------------------------------------------------------------------------
| Event                         nCalls    Total       Avg         Percent of   |
|                                         Time        Time        Active Time  |
|------------------------------------------------------------------------------|
|                                                                              |
| assemble                      54        11.0115     0.203917    6.42         |
| assemble + linear solve       37        160.4009    4.335158    93.58        |
 ------------------------------------------------------------------------------
| Totals:                       91        171.4124                100.00       |
 ------------------------------------------------------------------------------

Linear solver converged at step: 2000, final residual: 1.15681e-10  ||u - u_old|| = 2.25254
F_norms[1]=9.68066e-07
 Nonlinear solver converged at step 1

F_norms[0]=0.000236342		 etas[0]=0			 n_its[0]=2000
F_norms[1]=9.68066e-07		 etas[1]=0			 n_its[1]=0
 |TE|_oo = 0
 Scaling timestep by 1
--------------------------------------------------------------------------
Computing Surface fluxes...
Computing Kinetic Energy...
======= Finished time step    18 time=0.18 dt=0.01 =======


======= Starting time step    19 time=0.18 dt=0.01 =======
F_norms[0]=0.000153726
 ------------------------------------------------------------------------------
| Porous Media Performance: Alive time=244.978, Active time=177.369            |
 ------------------------------------------------------------------------------
| Event                         nCalls    Total       Avg         Percent of   |
|                                         Time        Time        Active Time  |
|------------------------------------------------------------------------------|
|                                                                              |
| assemble                      56        11.4192     0.203913    6.44         |
| assemble + linear solve       38        165.9500    4.367104    93.56        |
 ------------------------------------------------------------------------------
| Totals:                       94        177.3691                100.00       |
 ------------------------------------------------------------------------------

Linear solver converged at step: 2000, final residual: 1.37609e-09  ||u - u_old|| = 2.80243
F_norms[1]=1.14764e-06
 Nonlinear solver converged at step 1

F_norms[0]=0.000153726		 etas[0]=0			 n_its[0]=2000
F_norms[1]=1.14764e-06		 etas[1]=0			 n_its[1]=0
 |TE|_oo = 0
 Scaling timestep by 1
--------------------------------------------------------------------------
Computing Surface fluxes...
Computing Kinetic Energy...
======= Finished time step    19 time=0.19 dt=0.01 =======


======= Starting time step    20 time=0.19 dt=0.01 =======
F_norms[0]=0.000123914
 ------------------------------------------------------------------------------
| Porous Media Performance: Alive time=250.451, Active time=182.353            |
 ------------------------------------------------------------------------------
| Event                         nCalls    Total       Avg         Percent of   |
|                                         Time        Time        Active Time  |
|------------------------------------------------------------------------------|
|                                                                              |
| assemble                      58        11.8270     0.203914    6.49         |
| assemble + linear solve       39        170.5258    4.372456    93.51        |
 ------------------------------------------------------------------------------
| Totals:                       97        182.3528                100.00       |
 ------------------------------------------------------------------------------

Linear solver converged at step: 1644, final residual: 5.66699e-12  ||u - u_old|| = 2.07124
F_norms[1]=8.55041e-07
 Nonlinear solver converged at step 1

F_norms[0]=0.000123914		 etas[0]=0			 n_its[0]=1644
F_norms[1]=8.55041e-07		 etas[1]=0			 n_its[1]=0
 |TE|_oo = 0
 Scaling timestep by 1
--------------------------------------------------------------------------
Computing Surface fluxes...
Computing Kinetic Energy...
======= Finished time step    20 time=0.2 dt=0.01 =======


======= Starting time step    21 time=0.2 dt=0.01 =======
F_norms[0]=8.07739e-05
 ------------------------------------------------------------------------------
| Porous Media Performance: Alive time=279.22, Active time=187.834             |
 ------------------------------------------------------------------------------
| Event                         nCalls    Total       Avg         Percent of   |
|                                         Time        Time        Active Time  |
|------------------------------------------------------------------------------|
|                                                                              |
| assemble                      60        12.2358     0.203931    6.51         |
| assemble + linear solve       40        175.5982    4.389955    93.49        |
 ------------------------------------------------------------------------------
| Totals:                       100       187.8340                100.00       |
 ------------------------------------------------------------------------------

Linear solver converged at step: 1820, final residual: 2.91977e-12  ||u - u_old|| = 1.06585
F_norms[1]=7.26033e-07
 Nonlinear solver converged at step 1

F_norms[0]=8.07739e-05		 etas[0]=0			 n_its[0]=1820
F_norms[1]=7.26033e-07		 etas[1]=0			 n_its[1]=0
 |TE|_oo = 0
 Scaling timestep by 1
--------------------------------------------------------------------------
Computing Surface fluxes...
Computing Kinetic Energy...
======= Finished time step    21 time=0.21 dt=0.01 =======


======= Starting time step    22 time=0.21 dt=0.01 =======
F_norms[0]=4.11457e-05
 ------------------------------------------------------------------------------
| Porous Media Performance: Alive time=285.674, Active time=193.794            |
 ------------------------------------------------------------------------------
| Event                         nCalls    Total       Avg         Percent of   |
|                                         Time        Time        Active Time  |
|------------------------------------------------------------------------------|
|                                                                              |
| assemble                      62        12.6426     0.203912    6.52         |
| assemble + linear solve       41        181.1512    4.418321    93.48        |
 ------------------------------------------------------------------------------
| Totals:                       103       193.7937                100.00       |
 ------------------------------------------------------------------------------

Linear solver converged at step: 2000, final residual: 2.64957e-11  ||u - u_old|| = 0.348175
F_norms[1]=8.84538e-07
 Nonlinear solver converged at step 1

F_norms[0]=4.11457e-05		 etas[0]=0			 n_its[0]=2000
F_norms[1]=8.84538e-07		 etas[1]=0			 n_its[1]=0
 |TE|_oo = 0
 Scaling timestep by 1
--------------------------------------------------------------------------
Computing Surface fluxes...
Computing Kinetic Energy...
======= Finished time step    22 time=0.22 dt=0.01 =======


======= Starting time step    23 time=0.22 dt=0.01 =======
F_norms[0]=1.74466e-05
 ------------------------------------------------------------------------------
| Porous Media Performance: Alive time=291.226, Active time=198.839            |
 ------------------------------------------------------------------------------
| Event                         nCalls    Total       Avg         Percent of   |
|                                         Time        Time        Active Time  |
|------------------------------------------------------------------------------|
|                                                                              |
| assemble                      64        13.0499     0.203905    6.56         |
| assemble + linear solve       42        185.7888    4.423543    93.44        |
 ------------------------------------------------------------------------------
| Totals:                       106       198.8387                100.00       |
 ------------------------------------------------------------------------------

Linear solver converged at step: 1666, final residual: 6.75774e-13  ||u - u_old|| = 0.130953
F_norms[1]=5.68224e-07
 Nonlinear solver converged at step 1

F_norms[0]=1.74466e-05		 etas[0]=0			 n_its[0]=1666
F_norms[1]=5.68224e-07		 etas[1]=0			 n_its[1]=0
 |TE|_oo = 0
 Scaling timestep by 1
--------------------------------------------------------------------------
Computing Surface fluxes...
Computing Kinetic Energy...
======= Finished time step    23 time=0.23 dt=0.01 =======


======= Starting time step    24 time=0.23 dt=0.01 =======
F_norms[0]=1.01738e-05
 ------------------------------------------------------------------------------
| Porous Media Performance: Alive time=297.036, Active time=204.157            |
 ------------------------------------------------------------------------------
| Event                         nCalls    Total       Avg         Percent of   |
|                                         Time        Time        Active Time  |
|------------------------------------------------------------------------------|
|                                                                              |
| assemble                      66        13.4568     0.203891    6.59         |
| assemble + linear solve       43        190.7000    4.434883    93.41        |
 ------------------------------------------------------------------------------
| Totals:                       109       204.1567                100.00       |
 ------------------------------------------------------------------------------

Linear solver converged at step: 1768, final residual: 4.76373e-13  ||u - u_old|| = 0.179414
F_norms[1]=1.0101e-06
 Nonlinear solver converged at step 1

F_norms[0]=1.01738e-05		 etas[0]=0			 n_its[0]=1768
F_norms[1]=1.0101e-06		 etas[1]=0			 n_its[1]=0
 |TE|_oo = 0
 Scaling timestep by 1
--------------------------------------------------------------------------
Computing Surface fluxes...
Computing Kinetic Energy...
======= Finished time step    24 time=0.24 dt=0.01 =======


======= Starting time step    25 time=0.24 dt=0.01 =======
F_norms[0]=8.34402e-06
 Nonlinear solver converged at step 0

F_norms[0]=8.34402e-06		 etas[0]=0			 n_its[0]=0
 |TE|_oo = 0
 Scaling timestep by 1
--------------------------------------------------------------------------
Computing Surface fluxes...
Computing Kinetic Energy...
======= Finished time step    25 time=0.25 dt=0.01 =======


Steady State Reached: Terminating Simulation.
 ------------------------------------------------------------------------------
| Porous Media Performance: Alive time=314.178, Active time=204.563            |
 ------------------------------------------------------------------------------
| Event                         nCalls    Total       Avg         Percent of   |
|                                         Time        Time        Active Time  |
|------------------------------------------------------------------------------|
|                                                                              |
| assemble                      68        13.8630     0.203868    6.78         |
| assemble + linear solve       43        190.7000    4.434883    93.22        |
 ------------------------------------------------------------------------------
| Totals:                       111       204.5630                100.00       |
 ------------------------------------------------------------------------------

************************************************************************************************************************
***             WIDEN YOUR WINDOW TO 120 CHARACTERS.  Use 'enscript -r -fCourier9' to print this document            ***
************************************************************************************************************************

---------------------------------------------- PETSc Performance Summary: ----------------------------------------------

./pm on a linux named columbia9 with 64 processors, by benkirk Fri Apr 21 05:32:01 2006
Using Petsc Version 2.2.0, Patch 0, Released Feb 27, 2004

                         Max       Max/Min        Avg      Total 
Time (sec):           3.227e+02      1.05222   3.198e+02
Objects:              0.000e+00      0.00000   0.000e+00
Flops:                7.263e+10      1.14727   6.767e+10  4.331e+12
Flops/sec:            2.269e+08      1.14444   2.116e+08  1.354e+10
MPI Messages:         9.627e+05      3.50000   6.963e+05  4.456e+07
MPI Message Lengths:  7.443e+08      2.70105   7.715e+02  3.438e+10
MPI Reductions:       3.245e+03      1.00000

Flop counting convention: 1 flop = 1 real number operation of type (multiply/divide/add/subtract)
                            e.g., VecAXPY() for real vectors of length N --> 2N flops
                            and VecAXPY() for complex vectors of length N --> 8N flops

Summary of Stages:   ----- Time ------  ----- Flops -----  --- Messages ---  -- Message Lengths --  -- Reductions --
                        Avg     %Total     Avg     %Total   counts   %Total     Avg         %Total   counts   %Total 
 0:      Main Stage: 3.1977e+02 100.0%  4.3310e+12 100.0%  4.456e+07 100.0%  7.715e+02      100.0%  2.077e+05 100.0% 

------------------------------------------------------------------------------------------------------------------------
See the 'Profiling' chapter of the users' manual for details on interpreting output.
Phase summary info:
   Count: number of times phase was executed
   Time and Flops/sec: Max - maximum over all processors
                       Ratio - ratio of maximum to minimum over all processors
   Mess: number of messages sent
   Avg. len: average message length
   Reduct: number of global reductions
   Global: entire computation
   Stage: stages of a computation. Set stages with PetscLogStagePush() and PetscLogStagePop().
      %T - percent time in this phase         %F - percent flops in this phase
      %M - percent messages in this phase     %L - percent message lengths in this phase
      %R - percent reductions in this phase
   Total Mflop/s: 10e-6 * (sum of flops over all processors)/(max time over all processors)
------------------------------------------------------------------------------------------------------------------------


      ##########################################################
      #                                                        #
      #                          WARNING!!!                    #
      #                                                        #
      #   This code was run without the PreLoadBegin()         #
      #   macros. To get timing results we always recommend    #
      #   preloading. otherwise timing numbers may be          #
      #   meaningless.                                         #
      ##########################################################


Event                Count      Time (sec)     Flops/sec                         --- Global ---  --- Stage ---   Total
                   Max Ratio  Max     Ratio   Max  Ratio  Mess   Avg len Reduct  %T %F %M %L %R  %T %F %M %L %R Mflop/s
------------------------------------------------------------------------------------------------------------------------

--- Event Stage 0: Main Stage

VecDot            137069 1.0 1.8099e+01 2.9 1.99e+08 3.2 0.0e+00 0.0e+00 1.4e+05  4  2  0  0 66   4  2  0  0 66  4112
VecNorm            68706 1.0 1.5006e+01 3.8 1.55e+08 4.1 0.0e+00 0.0e+00 6.9e+04  3  1  0  0 33   3  1  0  0 33  2486
VecCopy              417 1.0 4.4350e-02 1.3 0.00e+00 0.0 0.0e+00 0.0e+00 0.0e+00  0  0  0  0  0   0  0  0  0  0     0
VecSet            137528 1.0 3.6166e-01 1.2 0.00e+00 0.0 0.0e+00 0.0e+00 0.0e+00  0  0  0  0  0   0  0  0  0  0     0
VecAXPY           274184 1.0 1.1007e+00 1.1 2.32e+09 1.1 0.0e+00 0.0e+00 0.0e+00  0  3  0  0  0   0  3  0  0  0 135283
VecAYPX           137004 1.0 6.4080e+00 1.2 2.00e+08 1.1 0.0e+00 0.0e+00 0.0e+00  2  2  0  0  0   2  2  0  0  0 11612
VecWAXPY          274002 1.0 1.1390e+01 1.2 2.01e+08 1.1 0.0e+00 0.0e+00 0.0e+00  3  3  0  0  0   3  3  0  0  0 11432
VecAssemblyBegin     315 1.0 1.3158e+00 2.6 0.00e+00 0.0 3.0e+04 1.2e+03 9.4e+02  0  0  0  0  0   0  0  0  0  0     0
VecAssemblyEnd       315 1.0 3.3239e-02 2.1 0.00e+00 0.0 0.0e+00 0.0e+00 0.0e+00  0  0  0  0  0   0  0  0  0  0     0
VecScatterBegin   137274 1.0 1.1208e+01 8.2 0.00e+00 0.0 4.4e+07 7.6e+02 0.0e+00  2  0100 98  0   2  0100 98  0     0
VecScatterEnd     137274 1.0 4.7789e+00 3.2 0.00e+00 0.0 0.0e+00 0.0e+00 0.0e+00  1  0  0  0  0   1  0  0  0  0     0
MatMult           137137 1.0 7.2972e+01 1.2 5.17e+08 1.2 4.4e+07 7.6e+02 0.0e+00 21 45100 98  0  21 45100 98  0 26903
MatMultAdd            68 1.0 8.7916e-02 1.9 3.35e+08 2.0 2.2e+04 7.6e+02 0.0e+00  0  0  0  0  0   0  0  0  0  0 11302
MatSolve          137137 1.0 8.6554e+01 1.2 3.76e+08 1.0 0.0e+00 0.0e+00 0.0e+00 25 44  0  0  0  25 44  0  0  0 21910
MatLUFactorNum        68 1.0 4.6625e-01 1.2 1.93e+08 1.1 0.0e+00 0.0e+00 0.0e+00  0  0  0  0  0   0  0  0  0  0 11142
MatILUFactorSym        2 1.0 6.5608e-03 3.4 0.00e+00 0.0 0.0e+00 0.0e+00 2.0e+00  0  0  0  0  0   0  0  0  0  0     0
MatAssemblyBegin     204 1.0 1.7361e+00 2.9 0.00e+00 0.0 3.0e+04 1.8e+04 4.1e+02  0  0  0  2  0   0  0  0  2  0     0
MatAssemblyEnd       204 1.0 2.4342e-01 1.8 0.00e+00 0.0 6.5e+02 4.0e+02 2.2e+02  0  0  0  0  0   0  0  0  0  0     0
MatGetOrdering         2 1.0 1.8582e-03 3.5 0.00e+00 0.0 0.0e+00 0.0e+00 4.0e+00  0  0  0  0  0   0  0  0  0  0     0
MatZeroEntries        97 1.0 2.2587e-02 1.3 0.00e+00 0.0 0.0e+00 0.0e+00 0.0e+00  0  0  0  0  0   0  0  0  0  0     0
KSPSetup             136 1.0 8.7185e-03 1.3 0.00e+00 0.0 0.0e+00 0.0e+00 0.0e+00  0  0  0  0  0   0  0  0  0  0     0
KSPSolve              68 1.0 1.9093e+02 1.0 3.80e+08 1.1 4.4e+07 7.6e+02 2.1e+05 60100100 98 99  60100100 98 99 22678
PCSetUp              136 1.0 5.2367e-01 1.1 1.68e+08 1.0 0.0e+00 0.0e+00 6.0e+00  0  0  0  0  0   0  0  0  0  0  9920
PCSetUpOnBlocks       68 1.0 4.8465e-01 1.2 1.87e+08 1.1 0.0e+00 0.0e+00 6.0e+00  0  0  0  0  0   0  0  0  0  0 10719
PCApply           137137 1.0 8.8264e+01 1.2 3.68e+08 1.0 0.0e+00 0.0e+00 0.0e+00 26 44  0  0  0  26 44  0  0  0 21485
------------------------------------------------------------------------------------------------------------------------

Memory usage is given in bytes:

Object Type          Creations   Destructions   Memory  Descendants' Mem.

--- Event Stage 0: Main Stage

           Index Set    79             79    1290704     0
                 Map   186            186      47616     0
                 Vec   188            188    5247888     0
         Vec Scatter    71             71    6471628     0
              Matrix     8              8    6198532     2.29956e+06
       Krylov Solver     4              4        304     541008
      Preconditioner     4              4        480     2.17128e+06
========================================================================================================================
Average time to get PetscTime(): 5.00679e-07
Average time for MPI_Barrier(): 1.17779e-05
Average time for zero size MPI_Send(): 0.000137437
Compiled without FORTRAN kernels
Compiled with double precision matrices (default)
sizeof(short) 2 sizeof(int) 4 sizeof(long) 8 sizeof(void *) 8   
Libraries compiled on Tue Dec 13 11:13:18 PST 2005 on columbia  
Machine characteristics: Linux columbia 2.6.5-7.202.5-sn2 #1 SMP Thu Aug 25 06:20:45 UTC 2005 ia64 ia64 ia64 GNU/Linux  
Using PETSc directory: /u/benkirk/petsc-2.2.0 
Using PETSc arch: linux64_intel 
-----------------------------------------   
Using C compiler: icc -KPIC -O2 -ftz -I/u/benkirk/petsc-2.2.0 -I/u/benkirk/petsc-2.2.0/bmake/linux64_intel -I/u/benkirk/petsc-2.2.0/include   -I/opt/sgi/mpt/1.12.0.0/include                                                                                                                           -DPETSC_USE_FOR_KERNELS -DPETSC_USE_LOG -DPETSC_USE_DEBUG -DPETSC_USE_BOPT_O -DPETSC_USE_EXTERN_CXX -DMPI_NO_CPPBIND -wd1476 -D__SDIR__='. '  
C Compiler version: 
Intel(R) C Itanium(R) Compiler for Itanium(R)-based applications 
Version 9.0    Build 20051020 Package ID: l_cc_c_9.0.027 
C++ Compiler version: 
Intel(R) C Itanium(R) Compiler for Itanium(R)-based applications 
Using Fortran compiler: ifort -w -KPIC -O2 -ftz -I/u/benkirk/petsc-2.2.0 -I/u/benkirk/petsc-2.2.0/bmake/linux64_intel -I/u/benkirk/petsc-2.2.0/include   -I/opt/sgi/mpt/1.12.0.0/include                                                                                                                           -DPETSC_USE_FOR_KERNELS -DPETSC_USE_LOG -DPETSC_USE_DEBUG -DPETSC_USE_BOPT_O -DPETSC_USE_EXTERN_CXX  
Fortran Compiler version: 
Intel(R) Fortran Itanium(R) Compiler for Itanium(R)-based applications 
Version 9.0    Build 20051020 Package ID: l_fc_c_9.0.028 
-----------------------------------------   
Using PETSc flags: -DPETSC_USE_FOR_KERNELS -DPETSC_USE_LOG -DPETSC_USE_DEBUG -DPETSC_USE_BOPT_O -DPETSC_USE_EXTERN_CXX                                                                                                                        
----------------------------------------- 
Using configuration flags: 
----------------------------------------- 
Using include paths: -I/u/benkirk/petsc-2.2.0 -I/u/benkirk/petsc-2.2.0/bmake/linux64_intel -I/u/benkirk/petsc-2.2.0/include   -I/opt/sgi/mpt/1.12.0.0/include    
------------------------------------------   
Using C linker: icc -i_dynamic -O2 -ftz -Qoption,link,-rpath,/u/benkirk/petsc-2.2.0/lib/libO/linux64_intel  
Using Fortran linker: icc -i_dynamic -O2 -ftz -Qoption,link,-rpath,/u/benkirk/petsc-2.2.0/lib/libO/linux64_intel  
Using libraries: -L/u/benkirk/petsc-2.2.0/lib/libO/linux64_intel -lpetscts -lpetscsnes -lpetscksp -lpetscdm -lpetscmat -lpetscvec -lpetsc                                                                                                                                                                                                                                                                              -Wl,-rpath,/opt/sgi/scsl/1.6.1.0/lib -L/opt/sgi/scsl/1.6.1.0/lib -lscs -L/opt/sgi/mpt/1.12.0.0/lib -lmpi -lifport -lifcoremt -ldl -limf -lm -lcxa -lunwind -lpthread -lirc 
 -------------------------------------------------------------------------------

 Run completed in 326 seconds
