
 -----------------------------------------------
| Master Host:   cfe1.nas.nasa.gov
| Working Dir:   /u/benkirk/nobackup/bmurray_code/run.columbia
| # of Procs:    32
| Case name::    pm_jwp_fine
 -----------------------------------------------

Using input file: pm_jwp_fine.in
Initializing EquationSystems ... 
 Mesh Information:
  mesh_dimension()=2
  spatial_dimension()=3
  n_nodes()=90601
  n_elem()=90000
   n_local_elem()=2841
   n_active_elem()=90000
  n_subdomains()=1
  n_processors()=32
  processor_id()=0

 EquationSystems
  n_systems()=2
   System "Porous Media"
    Type "TransientLinearImplicit"
    Variables="p" "t" "s" 
    Finite Element Types="LAGRANGE" "LAGRANGE" "LAGRANGE" 
    Approximation Orders="FIRST" "FIRST" "FIRST" 
    n_dofs()=271803
    n_local_dofs()=8916
    n_constrained_dofs()=0
    n_vectors()=6
   System "Velocity"
    Type "TransientLinearImplicit"
    Variables="u" "v" 
    Finite Element Types="LAGRANGE" "LAGRANGE" 
    Approximation Orders="FIRST" "FIRST" 
    n_dofs()=181202
    n_local_dofs()=5944
    n_constrained_dofs()=0
    n_vectors()=3

======= Starting time step     1 time=0 dt=0.01 =======
F_norms[0]=0.082227

-------------------------------------------------------
| Processor id:   0                                    |
| Num Processors: 32                                   |
| Time:           Thu Apr 20 17:27:00 2006             |
| OS:             Linux                                |
| HostName:       columbia9                            |
| OS Release:     2.6.5-7.202.7-sn2                    |
| OS Version:     #5 SMP Thu Mar 16 17:51:36 PST 2006  |
| Machine:        ia64                                 |
| Username:       benkirk                              |
-------------------------------------------------------
 ------------------------------------------------------------------------------
| Porous Media Performance: Alive time=31.6276, Active time=7.49771            |
 ------------------------------------------------------------------------------
| Event                         nCalls    Total       Avg         Percent of   |
|                                         Time        Time        Active Time  |
|------------------------------------------------------------------------------|
|                                                                              |
| assemble                      1         0.3437      0.343707    4.58         |
| assemble + linear solve       1         7.1540      7.154001    95.42        |
 ------------------------------------------------------------------------------
| Totals:                       2         7.4977                  100.00       |
 ------------------------------------------------------------------------------

Linear solver converged at step: 943, final residual: 6.60476e-11  ||u - u_old|| = 2.60099
F_norms[1]=7.1749e-07
 Nonlinear solver converged at step 1

F_norms[0]=0.082227		 etas[0]=0			 n_its[0]=943
F_norms[1]=7.1749e-07		 etas[1]=0			 n_its[1]=0
Computing Surface fluxes...
Computing Kinetic Energy...
======= Finished time step     1 time=0.01 dt=0.01 =======


======= Starting time step     2 time=0.01 dt=0.01 =======
F_norms[0]=9.67821e-05
 ------------------------------------------------------------------------------
| Porous Media Performance: Alive time=38.9893, Active time=14.3344            |
 ------------------------------------------------------------------------------
| Event                         nCalls    Total       Avg         Percent of   |
|                                         Time        Time        Active Time  |
|------------------------------------------------------------------------------|
|                                                                              |
| assemble                      3         1.0170      0.338992    7.09         |
| assemble + linear solve       2         13.3175     6.658732    92.91        |
 ------------------------------------------------------------------------------
| Totals:                       5         14.3344                 100.00       |
 ------------------------------------------------------------------------------

Linear solver converged at step: 803, final residual: 1.60752e-11  ||u - u_old|| = 0.980709
F_norms[1]=9.52821e-07
 Nonlinear solver converged at step 1

F_norms[0]=9.67821e-05		 etas[0]=0			 n_its[0]=803
F_norms[1]=9.52821e-07		 etas[1]=0			 n_its[1]=0
Computing Surface fluxes...
Computing Kinetic Energy...
======= Finished time step     2 time=0.02 dt=0.01 =======


======= Starting time step     3 time=0.02 dt=0.01 =======
F_norms[0]=0.000201933
 ------------------------------------------------------------------------------
| Porous Media Performance: Alive time=46.3883, Active time=21.2358            |
 ------------------------------------------------------------------------------
| Event                         nCalls    Total       Avg         Percent of   |
|                                         Time        Time        Active Time  |
|------------------------------------------------------------------------------|
|                                                                              |
| assemble                      5         1.6920      0.338407    7.97         |
| assemble + linear solve       3         19.5437     6.514582    92.03        |
 ------------------------------------------------------------------------------
| Totals:                       8         21.2358                 100.00       |
 ------------------------------------------------------------------------------

Linear solver converged at step: 812, final residual: 5.48452e-11  ||u - u_old|| = 1.99902
F_norms[1]=3.56711e-06
 Nonlinear solver converged at step 1

F_norms[0]=0.000201933		 etas[0]=0			 n_its[0]=812
F_norms[1]=3.56711e-06		 etas[1]=0			 n_its[1]=0
 |TE|_oo = 0
 Scaling timestep by 1
--------------------------------------------------------------------------
Computing Surface fluxes...
Computing Kinetic Energy...
======= Finished time step     3 time=0.03 dt=0.01 =======


======= Starting time step     4 time=0.03 dt=0.01 =======
F_norms[0]=0.000424313
 ------------------------------------------------------------------------------
| Porous Media Performance: Alive time=53.635, Active time=27.9922             |
 ------------------------------------------------------------------------------
| Event                         nCalls    Total       Avg         Percent of   |
|                                         Time        Time        Active Time  |
|------------------------------------------------------------------------------|
|                                                                              |
| assemble                      7         2.3642      0.337745    8.45         |
| assemble + linear solve       4         25.6280     6.406988    91.55        |
 ------------------------------------------------------------------------------
| Totals:                       11        27.9922                 100.00       |
 ------------------------------------------------------------------------------

Linear solver converged at step: 799, final residual: 1.16406e-10  ||u - u_old|| = 4.15598
F_norms[1]=1.52984e-05
 ------------------------------------------------------------------------------
| Porous Media Performance: Alive time=60.0853, Active time=34.4139            |
 ------------------------------------------------------------------------------
| Event                         nCalls    Total       Avg         Percent of   |
|                                         Time        Time        Active Time  |
|------------------------------------------------------------------------------|
|                                                                              |
| assemble                      8         2.6996      0.337446    7.84         |
| assemble + linear solve       5         31.7143     6.342863    92.16        |
 ------------------------------------------------------------------------------
| Totals:                       13        34.4139                 100.00       |
 ------------------------------------------------------------------------------

Linear solver converged at step: 794, final residual: 4.239e-12  ||u - u_old|| = 0.0454165
F_norms[2]=3.56784e-07
 Nonlinear solver converged at step 2

F_norms[0]=0.000424313		 etas[0]=0			 n_its[0]=799
F_norms[1]=1.52984e-05		 etas[1]=0			 n_its[1]=794
F_norms[2]=3.56784e-07		 etas[2]=0			 n_its[2]=0
 |TE|_oo = 0
 Scaling timestep by 1
--------------------------------------------------------------------------
Computing Surface fluxes...
Computing Kinetic Energy...
======= Finished time step     4 time=0.04 dt=0.01 =======


======= Starting time step     5 time=0.04 dt=0.01 =======
F_norms[0]=0.00088896
 ------------------------------------------------------------------------------
| Porous Media Performance: Alive time=67.3174, Active time=41.15              |
 ------------------------------------------------------------------------------
| Event                         nCalls    Total       Avg         Percent of   |
|                                         Time        Time        Active Time  |
|------------------------------------------------------------------------------|
|                                                                              |
| assemble                      10        3.3704      0.337044    8.19         |
| assemble + linear solve       6         37.7795     6.296588    91.81        |
 ------------------------------------------------------------------------------
| Totals:                       16        41.1500                 100.00       |
 ------------------------------------------------------------------------------

Linear solver converged at step: 797, final residual: 1.58557e-10  ||u - u_old|| = 8.73603
F_norms[1]=6.75654e-05
 ------------------------------------------------------------------------------
| Porous Media Performance: Alive time=74.0381, Active time=47.8422            |
 ------------------------------------------------------------------------------
| Event                         nCalls    Total       Avg         Percent of   |
|                                         Time        Time        Active Time  |
|------------------------------------------------------------------------------|
|                                                                              |
| assemble                      11        3.7060      0.336912    7.75         |
| assemble + linear solve       7         44.1362     6.305165    92.25        |
 ------------------------------------------------------------------------------
| Totals:                       18        47.8422                 100.00       |
 ------------------------------------------------------------------------------

Linear solver converged at step: 830, final residual: 1.44908e-11  ||u - u_old|| = 0.212681
F_norms[2]=7.96036e-07
 Nonlinear solver converged at step 2

F_norms[0]=0.00088896		 etas[0]=0			 n_its[0]=797
F_norms[1]=6.75654e-05		 etas[1]=0			 n_its[1]=830
F_norms[2]=7.96036e-07		 etas[2]=0			 n_its[2]=0
 |TE|_oo = 0
 Scaling timestep by 1
--------------------------------------------------------------------------
Computing Surface fluxes...
Computing Kinetic Energy...
======= Finished time step     5 time=0.05 dt=0.01 =======


======= Starting time step     6 time=0.05 dt=0.01 =======
F_norms[0]=0.00187428
 ------------------------------------------------------------------------------
| Porous Media Performance: Alive time=81.6821, Active time=54.9894            |
 ------------------------------------------------------------------------------
| Event                         nCalls    Total       Avg         Percent of   |
|                                         Time        Time        Active Time  |
|------------------------------------------------------------------------------|
|                                                                              |
| assemble                      13        4.3773      0.336718    7.96         |
| assemble + linear solve       8         50.6121     6.326509    92.04        |
 ------------------------------------------------------------------------------
| Totals:                       21        54.9894                 100.00       |
 ------------------------------------------------------------------------------

Linear solver converged at step: 851, final residual: 5.26919e-10  ||u - u_old|| = 19.0616
F_norms[1]=0.000319121
 ------------------------------------------------------------------------------
| Porous Media Performance: Alive time=88.9041, Active time=62.1828            |
 ------------------------------------------------------------------------------
| Event                         nCalls    Total       Avg         Percent of   |
|                                         Time        Time        Active Time  |
|------------------------------------------------------------------------------|
|                                                                              |
| assemble                      14        4.7131      0.336648    7.58         |
| assemble + linear solve       9         57.4697     6.385527    92.42        |
 ------------------------------------------------------------------------------
| Totals:                       23        62.1828                 100.00       |
 ------------------------------------------------------------------------------

Linear solver converged at step: 898, final residual: 6.20295e-11  ||u - u_old|| = 1.25049
F_norms[2]=2.14981e-06
 Nonlinear solver converged at step 2

F_norms[0]=0.00187428		 etas[0]=0			 n_its[0]=851
F_norms[1]=0.000319121		 etas[1]=0			 n_its[1]=898
F_norms[2]=2.14981e-06		 etas[2]=0			 n_its[2]=0
 |TE|_oo = 0
 Scaling timestep by 1
--------------------------------------------------------------------------
Computing Surface fluxes...
Computing Kinetic Energy...
======= Finished time step     6 time=0.06 dt=0.01 =======


======= Starting time step     7 time=0.06 dt=0.01 =======
F_norms[0]=0.00411452
 ------------------------------------------------------------------------------
| Porous Media Performance: Alive time=96.9044, Active time=69.6775            |
 ------------------------------------------------------------------------------
| Event                         nCalls    Total       Avg         Percent of   |
|                                         Time        Time        Active Time  |
|------------------------------------------------------------------------------|
|                                                                              |
| assemble                      16        5.3850      0.336564    7.73         |
| assemble + linear solve       10        64.2925     6.429248    92.27        |
 ------------------------------------------------------------------------------
| Totals:                       26        69.6775                 100.00       |
 ------------------------------------------------------------------------------

Linear solver converged at step: 892, final residual: 1.02901e-09  ||u - u_old|| = 49.2021
F_norms[1]=0.00205493
 ------------------------------------------------------------------------------
| Porous Media Performance: Alive time=105.457, Active time=78.2024            |
 ------------------------------------------------------------------------------
| Event                         nCalls    Total       Avg         Percent of   |
|                                         Time        Time        Active Time  |
|------------------------------------------------------------------------------|
|                                                                              |
| assemble                      17        5.7229      0.336643    7.32         |
| assemble + linear solve       11        72.4795     6.589046    92.68        |
 ------------------------------------------------------------------------------
| Totals:                       28        78.2024                 100.00       |
 ------------------------------------------------------------------------------

Linear solver converged at step: 1071, final residual: 5.4904e-10  ||u - u_old|| = 16.4767
F_norms[2]=0.000264862
 ------------------------------------------------------------------------------
| Porous Media Performance: Alive time=114.035, Active time=86.7514            |
 ------------------------------------------------------------------------------
| Event                         nCalls    Total       Avg         Percent of   |
|                                         Time        Time        Active Time  |
|------------------------------------------------------------------------------|
|                                                                              |
| assemble                      18        6.0595      0.336640    6.98         |
| assemble + linear solve       12        80.6919     6.724322    93.02        |
 ------------------------------------------------------------------------------
| Totals:                       30        86.7514                 100.00       |
 ------------------------------------------------------------------------------

Linear solver converged at step: 1076, final residual: 7.84296e-11  ||u - u_old|| = 1.88863
F_norms[3]=1.84154e-06
 Nonlinear solver converged at step 3

F_norms[0]=0.00411452		 etas[0]=0			 n_its[0]=892
F_norms[1]=0.00205493		 etas[1]=0			 n_its[1]=1071
F_norms[2]=0.000264862		 etas[2]=0			 n_its[2]=1076
F_norms[3]=1.84154e-06		 etas[3]=0			 n_its[3]=0
 |TE|_oo = 0
 Scaling timestep by 1
--------------------------------------------------------------------------
Computing Surface fluxes...
Computing Kinetic Energy...
======= Finished time step     7 time=0.07 dt=0.01 =======


======= Starting time step     8 time=0.07 dt=0.01 =======
F_norms[0]=0.0114424
 ------------------------------------------------------------------------------
| Porous Media Performance: Alive time=124.318, Active time=96.5322            |
 ------------------------------------------------------------------------------
| Event                         nCalls    Total       Avg         Percent of   |
|                                         Time        Time        Active Time  |
|------------------------------------------------------------------------------|
|                                                                              |
| assemble                      20        6.7314      0.336571    6.97         |
| assemble + linear solve       13        89.8008     6.907755    93.03        |
 ------------------------------------------------------------------------------
| Totals:                       33        96.5322                 100.00       |
 ------------------------------------------------------------------------------

Linear solver converged at step: 1191, final residual: 2.53009e-09  ||u - u_old|| = 323.507
F_norms[1]=0.0666915
 ------------------------------------------------------------------------------
| Porous Media Performance: Alive time=139.914, Active time=112.099            |
 ------------------------------------------------------------------------------
| Event                         nCalls    Total       Avg         Percent of   |
|                                         Time        Time        Active Time  |
|------------------------------------------------------------------------------|
|                                                                              |
| assemble                      21        7.0674      0.336545    6.30         |
| assemble + linear solve       14        105.0313    7.502237    93.70        |
 ------------------------------------------------------------------------------
| Totals:                       35        112.0988                100.00       |
 ------------------------------------------------------------------------------

Linear solver converged at step: 2000, final residual: 1.85284e-06  ||u - u_old|| = 150.792
F_norms[2]=0.0108567
 ------------------------------------------------------------------------------
| Porous Media Performance: Alive time=155.178, Active time=127.334            |
 ------------------------------------------------------------------------------
| Event                         nCalls    Total       Avg         Percent of   |
|                                         Time        Time        Active Time  |
|------------------------------------------------------------------------------|
|                                                                              |
| assemble                      22        7.4033      0.336512    5.81         |
| assemble + linear solve       15        119.9312    7.995413    94.19        |
 ------------------------------------------------------------------------------
| Totals:                       37        127.3344                100.00       |
 ------------------------------------------------------------------------------

Linear solver converged at step: 1954, final residual: 3.00352e-09  ||u - u_old|| = 84.7625
F_norms[3]=0.00106726
 ------------------------------------------------------------------------------
| Porous Media Performance: Alive time=170.766, Active time=142.895            |
 ------------------------------------------------------------------------------
| Event                         nCalls    Total       Avg         Percent of   |
|                                         Time        Time        Active Time  |
|------------------------------------------------------------------------------|
|                                                                              |
| assemble                      23        7.7391      0.336483    5.42         |
| assemble + linear solve       16        135.1555    8.447219    94.58        |
 ------------------------------------------------------------------------------
| Totals:                       39        142.8946                100.00       |
 ------------------------------------------------------------------------------

Linear solver converged at step: 2000, final residual: 1.07877e-08  ||u - u_old|| = 8.06148
F_norms[4]=1.7791e-05
 ------------------------------------------------------------------------------
| Porous Media Performance: Alive time=186.391, Active time=158.49             |
 ------------------------------------------------------------------------------
| Event                         nCalls    Total       Avg         Percent of   |
|                                         Time        Time        Active Time  |
|------------------------------------------------------------------------------|
|                                                                              |
| assemble                      24        8.0751      0.336461    5.09         |
| assemble + linear solve       17        150.4152    8.847953    94.91        |
 ------------------------------------------------------------------------------
| Totals:                       41        158.4903                100.00       |
 ------------------------------------------------------------------------------

Linear solver converged at step: 2000, final residual: 1.79407e-10  ||u - u_old|| = 0.0959742
F_norms[5]=6.08851e-07
 Nonlinear solver converged at step 5

F_norms[0]=0.0114424		 etas[0]=0			 n_its[0]=1191
F_norms[1]=0.0666915		 etas[1]=0			 n_its[1]=2000
F_norms[2]=0.0108567		 etas[2]=0			 n_its[2]=1954
F_norms[3]=0.00106726		 etas[3]=0			 n_its[3]=2000
F_norms[4]=1.7791e-05		 etas[4]=0			 n_its[4]=2000
F_norms[5]=6.08851e-07		 etas[5]=0			 n_its[5]=0
 |TE|_oo = 0
 Scaling timestep by 1
--------------------------------------------------------------------------
Computing Surface fluxes...
Computing Kinetic Energy...
======= Finished time step     8 time=0.08 dt=0.01 =======


======= Starting time step     9 time=0.08 dt=0.01 =======
F_norms[0]=0.0316962
 ------------------------------------------------------------------------------
| Porous Media Performance: Alive time=202.82, Active time=174.389             |
 ------------------------------------------------------------------------------
| Event                         nCalls    Total       Avg         Percent of   |
|                                         Time        Time        Active Time  |
|------------------------------------------------------------------------------|
|                                                                              |
| assemble                      26        8.7471      0.336427    5.02         |
| assemble + linear solve       18        165.6414    9.202302    94.98        |
 ------------------------------------------------------------------------------
| Totals:                       44        174.3885                100.00       |
 ------------------------------------------------------------------------------

Linear solver converged at step: 2000, final residual: 8.60313e-08  ||u - u_old|| = 967.429
F_norms[1]=0.0670377
 ------------------------------------------------------------------------------
| Porous Media Performance: Alive time=218.453, Active time=189.991            |
 ------------------------------------------------------------------------------
| Event                         nCalls    Total       Avg         Percent of   |
|                                         Time        Time        Active Time  |
|------------------------------------------------------------------------------|
|                                                                              |
| assemble                      27        9.0833      0.336420    4.78         |
| assemble + linear solve       19        180.9081    9.521480    95.22        |
 ------------------------------------------------------------------------------
| Totals:                       46        189.9914                100.00       |
 ------------------------------------------------------------------------------

Linear solver converged at step: 2000, final residual: 4.54814e-08  ||u - u_old|| = 283.762
F_norms[2]=0.01134
 ------------------------------------------------------------------------------
| Porous Media Performance: Alive time=232.665, Active time=204.175            |
 ------------------------------------------------------------------------------
| Event                         nCalls    Total       Avg         Percent of   |
|                                         Time        Time        Active Time  |
|------------------------------------------------------------------------------|
|                                                                              |
| assemble                      28        9.4196      0.336415    4.61         |
| assemble + linear solve       20        194.7556    9.737779    95.39        |
 ------------------------------------------------------------------------------
| Totals:                       48        204.1752                100.00       |
 ------------------------------------------------------------------------------

Linear solver converged at step: 1814, final residual: 2.48684e-09  ||u - u_old|| = 35.2173
F_norms[3]=0.000496704
 ------------------------------------------------------------------------------
| Porous Media Performance: Alive time=246.924, Active time=218.404            |
 ------------------------------------------------------------------------------
| Event                         nCalls    Total       Avg         Percent of   |
|                                         Time        Time        Active Time  |
|------------------------------------------------------------------------------|
|                                                                              |
| assemble                      29        9.7562      0.336422    4.47         |
| assemble + linear solve       21        208.6480    9.935619    95.53        |
 ------------------------------------------------------------------------------
| Totals:                       50        218.4042                100.00       |
 ------------------------------------------------------------------------------

Linear solver converged at step: 1819, final residual: 1.50694e-10  ||u - u_old|| = 1.03048
F_norms[4]=9.51217e-07
 Nonlinear solver converged at step 4

F_norms[0]=0.0316962		 etas[0]=0			 n_its[0]=2000
F_norms[1]=0.0670377		 etas[1]=0			 n_its[1]=2000
F_norms[2]=0.01134		 etas[2]=0			 n_its[2]=1814
F_norms[3]=0.000496704		 etas[3]=0			 n_its[3]=1819
F_norms[4]=9.51217e-07		 etas[4]=0			 n_its[4]=0
 |TE|_oo = 0
 Scaling timestep by 1
--------------------------------------------------------------------------
Computing Surface fluxes...
Computing Kinetic Energy...
======= Finished time step     9 time=0.09 dt=0.01 =======


======= Starting time step    10 time=0.09 dt=0.01 =======
F_norms[0]=0.032147
 ------------------------------------------------------------------------------
| Porous Media Performance: Alive time=262.273, Active time=233.226            |
 ------------------------------------------------------------------------------
| Event                         nCalls    Total       Avg         Percent of   |
|                                         Time        Time        Active Time  |
|------------------------------------------------------------------------------|
|                                                                              |
| assemble                      31        10.4281     0.336389    4.47         |
| assemble + linear solve       22        222.7977    10.127167   95.53        |
 ------------------------------------------------------------------------------
| Totals:                       53        233.2257                100.00       |
 ------------------------------------------------------------------------------

Linear solver converged at step: 1854, final residual: 3.58082e-09  ||u - u_old|| = 515.732
F_norms[1]=0.00484341
 ------------------------------------------------------------------------------
| Porous Media Performance: Alive time=276.831, Active time=247.754            |
 ------------------------------------------------------------------------------
| Event                         nCalls    Total       Avg         Percent of   |
|                                         Time        Time        Active Time  |
|------------------------------------------------------------------------------|
|                                                                              |
| assemble                      32        10.7640     0.336375    4.34         |
| assemble + linear solve       23        236.9901    10.303915   95.66        |
 ------------------------------------------------------------------------------
| Totals:                       55        247.7541                100.00       |
 ------------------------------------------------------------------------------

Linear solver converged at step: 1859, final residual: 7.99493e-10  ||u - u_old|| = 18.7943
F_norms[2]=7.33108e-05
 ------------------------------------------------------------------------------
| Porous Media Performance: Alive time=290.135, Active time=261.027            |
 ------------------------------------------------------------------------------
| Event                         nCalls    Total       Avg         Percent of   |
|                                         Time        Time        Active Time  |
|------------------------------------------------------------------------------|
|                                                                              |
| assemble                      33        11.1017     0.336416    4.25         |
| assemble + linear solve       24        249.9250    10.413541   95.75        |
 ------------------------------------------------------------------------------
| Totals:                       57        261.0267                100.00       |
 ------------------------------------------------------------------------------

Linear solver converged at step: 1692, final residual: 1.73263e-11  ||u - u_old|| = 0.0736862
F_norms[3]=6.78845e-07
 Nonlinear solver converged at step 3

F_norms[0]=0.032147		 etas[0]=0			 n_its[0]=1854
F_norms[1]=0.00484341		 etas[1]=0			 n_its[1]=1859
F_norms[2]=7.33108e-05		 etas[2]=0			 n_its[2]=1692
F_norms[3]=6.78845e-07		 etas[3]=0			 n_its[3]=0
 |TE|_oo = 0
 Scaling timestep by 1
--------------------------------------------------------------------------
Computing Surface fluxes...
Computing Kinetic Energy...
======= Finished time step    10 time=0.1 dt=0.01 =======


======= Starting time step    11 time=0.1 dt=0.01 =======
F_norms[0]=0.0192593
 ------------------------------------------------------------------------------
| Porous Media Performance: Alive time=317.438, Active time=275.634            |
 ------------------------------------------------------------------------------
| Event                         nCalls    Total       Avg         Percent of   |
|                                         Time        Time        Active Time  |
|------------------------------------------------------------------------------|
|                                                                              |
| assemble                      35        11.7741     0.336403    4.27         |
| assemble + linear solve       25        263.8599    10.554398   95.73        |
 ------------------------------------------------------------------------------
| Totals:                       60        275.6340                100.00       |
 ------------------------------------------------------------------------------

Linear solver converged at step: 1829, final residual: 1.52632e-09  ||u - u_old|| = 204.986
F_norms[1]=0.000815071
 ------------------------------------------------------------------------------
| Porous Media Performance: Alive time=330.455, Active time=288.623            |
 ------------------------------------------------------------------------------
| Event                         nCalls    Total       Avg         Percent of   |
|                                         Time        Time        Active Time  |
|------------------------------------------------------------------------------|
|                                                                              |
| assemble                      36        12.1102     0.336394    4.20         |
| assemble + linear solve       26        276.5133    10.635126   95.80        |
 ------------------------------------------------------------------------------
| Totals:                       62        288.6235                100.00       |
 ------------------------------------------------------------------------------

Linear solver converged at step: 1654, final residual: 1.28881e-10  ||u - u_old|| = 9.91013
F_norms[2]=2.61485e-06
 Nonlinear solver converged at step 2

F_norms[0]=0.0192593		 etas[0]=0			 n_its[0]=1829
F_norms[1]=0.000815071		 etas[1]=0			 n_its[1]=1654
F_norms[2]=2.61485e-06		 etas[2]=0			 n_its[2]=0
 |TE|_oo = 0
 Scaling timestep by 1
--------------------------------------------------------------------------
Computing Surface fluxes...
Computing Kinetic Energy...
======= Finished time step    11 time=0.11 dt=0.01 =======


======= Starting time step    12 time=0.11 dt=0.01 =======
F_norms[0]=0.00844735
 ------------------------------------------------------------------------------
| Porous Media Performance: Alive time=345.277, Active time=302.932            |
 ------------------------------------------------------------------------------
| Event                         nCalls    Total       Avg         Percent of   |
|                                         Time        Time        Active Time  |
|------------------------------------------------------------------------------|
|                                                                              |
| assemble                      38        12.7818     0.336363    4.22         |
| assemble + linear solve       27        290.1502    10.746302   95.78        |
 ------------------------------------------------------------------------------
| Totals:                       65        302.9320                100.00       |
 ------------------------------------------------------------------------------

Linear solver converged at step: 1784, final residual: 5.13991e-10  ||u - u_old|| = 49.5425
F_norms[1]=0.000277178
 ------------------------------------------------------------------------------
| Porous Media Performance: Alive time=359.65, Active time=317.277             |
 ------------------------------------------------------------------------------
| Event                         nCalls    Total       Avg         Percent of   |
|                                         Time        Time        Active Time  |
|------------------------------------------------------------------------------|
|                                                                              |
| assemble                      39        13.1177     0.336352    4.13         |
| assemble + linear solve       28        304.1591    10.862825   95.87        |
 ------------------------------------------------------------------------------
| Totals:                       67        317.2768                100.00       |
 ------------------------------------------------------------------------------

Linear solver converged at step: 1834, final residual: 4.6057e-11  ||u - u_old|| = 3.32945
F_norms[2]=6.28337e-07
 Nonlinear solver converged at step 2

F_norms[0]=0.00844735		 etas[0]=0			 n_its[0]=1784
F_norms[1]=0.000277178		 etas[1]=0			 n_its[1]=1834
F_norms[2]=6.28337e-07		 etas[2]=0			 n_its[2]=0
 |TE|_oo = 0
 Scaling timestep by 1
--------------------------------------------------------------------------
Computing Surface fluxes...
Computing Kinetic Energy...
======= Finished time step    12 time=0.12 dt=0.01 =======


======= Starting time step    13 time=0.12 dt=0.01 =======
F_norms[0]=0.00349537
 ------------------------------------------------------------------------------
| Porous Media Performance: Alive time=376.107, Active time=333.22             |
 ------------------------------------------------------------------------------
| Event                         nCalls    Total       Avg         Percent of   |
|                                         Time        Time        Active Time  |
|------------------------------------------------------------------------------|
|                                                                              |
| assemble                      41        13.7898     0.336338    4.14         |
| assemble + linear solve       29        319.4306    11.014848   95.86        |
 ------------------------------------------------------------------------------
| Totals:                       70        333.2204                100.00       |
 ------------------------------------------------------------------------------

Linear solver converged at step: 2000, final residual: 8.23575e-09  ||u - u_old|| = 40.0262
F_norms[1]=0.000104264
 ------------------------------------------------------------------------------
| Porous Media Performance: Alive time=388.964, Active time=346.048            |
 ------------------------------------------------------------------------------
| Event                         nCalls    Total       Avg         Percent of   |
|                                         Time        Time        Active Time  |
|------------------------------------------------------------------------------|
|                                                                              |
| assemble                      42        14.1260     0.336332    4.08         |
| assemble + linear solve       30        331.9219    11.064062   95.92        |
 ------------------------------------------------------------------------------
| Totals:                       72        346.0478                100.00       |
 ------------------------------------------------------------------------------

Linear solver converged at step: 1636, final residual: 1.72767e-11  ||u - u_old|| = 0.510163
F_norms[2]=7.89244e-07
 Nonlinear solver converged at step 2

F_norms[0]=0.00349537		 etas[0]=0			 n_its[0]=2000
F_norms[1]=0.000104264		 etas[1]=0			 n_its[1]=1636
F_norms[2]=7.89244e-07		 etas[2]=0			 n_its[2]=0
 |TE|_oo = 0
 Scaling timestep by 1
--------------------------------------------------------------------------
Computing Surface fluxes...
Computing Kinetic Energy...
======= Finished time step    13 time=0.13 dt=0.01 =======


======= Starting time step    14 time=0.13 dt=0.01 =======
F_norms[0]=0.00239997
 ------------------------------------------------------------------------------
| Porous Media Performance: Alive time=405.416, Active time=361.987            |
 ------------------------------------------------------------------------------
| Event                         nCalls    Total       Avg         Percent of   |
|                                         Time        Time        Active Time  |
|------------------------------------------------------------------------------|
|                                                                              |
| assemble                      44        14.7975     0.336307    4.09         |
| assemble + linear solve       31        347.1895    11.199663   95.91        |
 ------------------------------------------------------------------------------
| Totals:                       75        361.9871                100.00       |
 ------------------------------------------------------------------------------

Linear solver converged at step: 2000, final residual: 1.93822e-09  ||u - u_old|| = 42.7837
F_norms[1]=3.55748e-05
 ------------------------------------------------------------------------------
| Porous Media Performance: Alive time=421.008, Active time=377.55             |
 ------------------------------------------------------------------------------
| Event                         nCalls    Total       Avg         Percent of   |
|                                         Time        Time        Active Time  |
|------------------------------------------------------------------------------|
|                                                                              |
| assemble                      45        15.1332     0.336294    4.01         |
| assemble + linear solve       32        362.4169    11.325529   95.99        |
 ------------------------------------------------------------------------------
| Totals:                       77        377.5502                100.00       |
 ------------------------------------------------------------------------------

Linear solver converged at step: 2000, final residual: 1.73182e-11  ||u - u_old|| = 0.320829
F_norms[2]=4.12945e-07
 Nonlinear solver converged at step 2

F_norms[0]=0.00239997		 etas[0]=0			 n_its[0]=2000
F_norms[1]=3.55748e-05		 etas[1]=0			 n_its[1]=2000
F_norms[2]=4.12945e-07		 etas[2]=0			 n_its[2]=0
 |TE|_oo = 0
 Scaling timestep by 1
--------------------------------------------------------------------------
Computing Surface fluxes...
Computing Kinetic Energy...
======= Finished time step    14 time=0.14 dt=0.01 =======


======= Starting time step    15 time=0.14 dt=0.01 =======
F_norms[0]=0.00183159
 ------------------------------------------------------------------------------
| Porous Media Performance: Alive time=436.001, Active time=392.03             |
 ------------------------------------------------------------------------------
| Event                         nCalls    Total       Avg         Percent of   |
|                                         Time        Time        Active Time  |
|------------------------------------------------------------------------------|
|                                                                              |
| assemble                      47        15.8059     0.336296    4.03         |
| assemble + linear solve       33        376.2239    11.400724   95.97        |
 ------------------------------------------------------------------------------
| Totals:                       80        392.0298                100.00       |
 ------------------------------------------------------------------------------

Linear solver converged at step: 1807, final residual: 8.1083e-11  ||u - u_old|| = 29.3191
F_norms[1]=8.76482e-06
 Nonlinear solver converged at step 1

F_norms[0]=0.00183159		 etas[0]=0			 n_its[0]=1807
F_norms[1]=8.76482e-06		 etas[1]=0			 n_its[1]=0
 |TE|_oo = 0
 Scaling timestep by 1
--------------------------------------------------------------------------
Computing Surface fluxes...
Computing Kinetic Energy...
======= Finished time step    15 time=0.15 dt=0.01 =======


======= Starting time step    16 time=0.15 dt=0.01 =======
F_norms[0]=0.00113111
 ------------------------------------------------------------------------------
| Porous Media Performance: Alive time=450.462, Active time=405.988            |
 ------------------------------------------------------------------------------
| Event                         nCalls    Total       Avg         Percent of   |
|                                         Time        Time        Active Time  |
|------------------------------------------------------------------------------|
|                                                                              |
| assemble                      49        16.4785     0.336295    4.06         |
| assemble + linear solve       34        389.5093    11.456155   95.94        |
 ------------------------------------------------------------------------------
| Totals:                       83        405.9877                100.00       |
 ------------------------------------------------------------------------------

Linear solver converged at step: 1741, final residual: 3.92136e-11  ||u - u_old|| = 14.1503
F_norms[1]=2.67037e-06
 Nonlinear solver converged at step 1

F_norms[0]=0.00113111		 etas[0]=0			 n_its[0]=1741
F_norms[1]=2.67037e-06		 etas[1]=0			 n_its[1]=0
 |TE|_oo = 0
 Scaling timestep by 1
--------------------------------------------------------------------------
Computing Surface fluxes...
Computing Kinetic Energy...
======= Finished time step    16 time=0.16 dt=0.01 =======


======= Starting time step    17 time=0.16 dt=0.01 =======
F_norms[0]=0.000554244
 ------------------------------------------------------------------------------
| Porous Media Performance: Alive time=465.145, Active time=420.163            |
 ------------------------------------------------------------------------------
| Event                         nCalls    Total       Avg         Percent of   |
|                                         Time        Time        Active Time  |
|------------------------------------------------------------------------------|
|                                                                              |
| assemble                      51        17.1507     0.336288    4.08         |
| assemble + linear solve       35        403.0128    11.514651   95.92        |
 ------------------------------------------------------------------------------
| Totals:                       86        420.1635                100.00       |
 ------------------------------------------------------------------------------

Linear solver converged at step: 1770, final residual: 2.32366e-11  ||u - u_old|| = 4.15426
F_norms[1]=1.62082e-06
 Nonlinear solver converged at step 1

F_norms[0]=0.000554244		 etas[0]=0			 n_its[0]=1770
F_norms[1]=1.62082e-06		 etas[1]=0			 n_its[1]=0
 |TE|_oo = 0
 Scaling timestep by 1
--------------------------------------------------------------------------
Computing Surface fluxes...
Computing Kinetic Energy...
======= Finished time step    17 time=0.17 dt=0.01 =======


======= Starting time step    18 time=0.17 dt=0.01 =======
F_norms[0]=0.000236374
 ------------------------------------------------------------------------------
| Porous Media Performance: Alive time=481.595, Active time=436.114            |
 ------------------------------------------------------------------------------
| Event                         nCalls    Total       Avg         Percent of   |
|                                         Time        Time        Active Time  |
|------------------------------------------------------------------------------|
|                                                                              |
| assemble                      53        17.8240     0.336301    4.09         |
| assemble + linear solve       36        418.2905    11.619181   95.91        |
 ------------------------------------------------------------------------------
| Totals:                       89        436.1145                100.00       |
 ------------------------------------------------------------------------------

Linear solver converged at step: 2000, final residual: 6.15071e-10  ||u - u_old|| = 2.25278
F_norms[1]=1.46133e-06
 Nonlinear solver converged at step 1

F_norms[0]=0.000236374		 etas[0]=0			 n_its[0]=2000
F_norms[1]=1.46133e-06		 etas[1]=0			 n_its[1]=0
 |TE|_oo = 0
 Scaling timestep by 1
--------------------------------------------------------------------------
Computing Surface fluxes...
Computing Kinetic Energy...
======= Finished time step    18 time=0.18 dt=0.01 =======


======= Starting time step    19 time=0.18 dt=0.01 =======
F_norms[0]=0.000153753
 ------------------------------------------------------------------------------
| Porous Media Performance: Alive time=497.552, Active time=451.575            |
 ------------------------------------------------------------------------------
| Event                         nCalls    Total       Avg         Percent of   |
|                                         Time        Time        Active Time  |
|------------------------------------------------------------------------------|
|                                                                              |
| assemble                      55        18.4964     0.336298    4.10         |
| assemble + linear solve       37        433.0783    11.704820   95.90        |
 ------------------------------------------------------------------------------
| Totals:                       92        451.5747                100.00       |
 ------------------------------------------------------------------------------

Linear solver converged at step: 2000, final residual: 1.34858e-11  ||u - u_old|| = 2.8026
F_norms[1]=7.87342e-07
 Nonlinear solver converged at step 1

F_norms[0]=0.000153753		 etas[0]=0			 n_its[0]=2000
F_norms[1]=7.87342e-07		 etas[1]=0			 n_its[1]=0
 |TE|_oo = 0
 Scaling timestep by 1
--------------------------------------------------------------------------
Computing Surface fluxes...
Computing Kinetic Energy...
======= Finished time step    19 time=0.19 dt=0.01 =======


======= Starting time step    20 time=0.19 dt=0.01 =======
F_norms[0]=0.000123929
 ------------------------------------------------------------------------------
| Porous Media Performance: Alive time=513.991, Active time=467.519            |
 ------------------------------------------------------------------------------
| Event                         nCalls    Total       Avg         Percent of   |
|                                         Time        Time        Active Time  |
|------------------------------------------------------------------------------|
|                                                                              |
| assemble                      57        19.1684     0.336288    4.10         |
| assemble + linear solve       38        448.3506    11.798699   95.90        |
 ------------------------------------------------------------------------------
| Totals:                       95        467.5190                100.00       |
 ------------------------------------------------------------------------------

Linear solver converged at step: 2000, final residual: 7.37611e-08  ||u - u_old|| = 2.07136
F_norms[1]=1.74725e-06
 Nonlinear solver converged at step 1

F_norms[0]=0.000123929		 etas[0]=0			 n_its[0]=2000
F_norms[1]=1.74725e-06		 etas[1]=0			 n_its[1]=0
 |TE|_oo = 0
 Scaling timestep by 1
--------------------------------------------------------------------------
Computing Surface fluxes...
Computing Kinetic Energy...
======= Finished time step    20 time=0.2 dt=0.01 =======


======= Starting time step    21 time=0.2 dt=0.01 =======
F_norms[0]=8.07996e-05
 ------------------------------------------------------------------------------
| Porous Media Performance: Alive time=542.811, Active time=483.464            |
 ------------------------------------------------------------------------------
| Event                         nCalls    Total       Avg         Percent of   |
|                                         Time        Time        Active Time  |
|------------------------------------------------------------------------------|
|                                                                              |
| assemble                      59        19.8409     0.336286    4.10         |
| assemble + linear solve       39        463.6230    11.887770   95.90        |
 ------------------------------------------------------------------------------
| Totals:                       98        483.4639                100.00       |
 ------------------------------------------------------------------------------

Linear solver converged at step: 2000, final residual: 6.71678e-12  ||u - u_old|| = 1.0659
F_norms[1]=1.19783e-06
 Nonlinear solver converged at step 1

F_norms[0]=8.07996e-05		 etas[0]=0			 n_its[0]=2000
F_norms[1]=1.19783e-06		 etas[1]=0			 n_its[1]=0
 |TE|_oo = 0
 Scaling timestep by 1
--------------------------------------------------------------------------
Computing Surface fluxes...
Computing Kinetic Energy...
======= Finished time step    21 time=0.21 dt=0.01 =======


======= Starting time step    22 time=0.21 dt=0.01 =======
F_norms[0]=4.11624e-05
 ------------------------------------------------------------------------------
| Porous Media Performance: Alive time=559.224, Active time=499.374            |
 ------------------------------------------------------------------------------
| Event                         nCalls    Total       Avg         Percent of   |
|                                         Time        Time        Active Time  |
|------------------------------------------------------------------------------|
|                                                                              |
| assemble                      61        20.5132     0.336282    4.11         |
| assemble + linear solve       40        478.8611    11.971527   95.89        |
 ------------------------------------------------------------------------------
| Totals:                       101       499.3743                100.00       |
 ------------------------------------------------------------------------------

Linear solver converged at step: 2000, final residual: 1.7317e-11  ||u - u_old|| = 0.348195
F_norms[1]=8.89881e-07
 Nonlinear solver converged at step 1

F_norms[0]=4.11624e-05		 etas[0]=0			 n_its[0]=2000
F_norms[1]=8.89881e-07		 etas[1]=0			 n_its[1]=0
 |TE|_oo = 0
 Scaling timestep by 1
--------------------------------------------------------------------------
Computing Surface fluxes...
Computing Kinetic Energy...
======= Finished time step    22 time=0.22 dt=0.01 =======


======= Starting time step    23 time=0.22 dt=0.01 =======
F_norms[0]=1.74491e-05
 ------------------------------------------------------------------------------
| Porous Media Performance: Alive time=574.075, Active time=513.724            |
 ------------------------------------------------------------------------------
| Event                         nCalls    Total       Avg         Percent of   |
|                                         Time        Time        Active Time  |
|------------------------------------------------------------------------------|
|                                                                              |
| assemble                      63        21.1858     0.336282    4.12         |
| assemble + linear solve       41        492.5379    12.013119   95.88        |
 ------------------------------------------------------------------------------
| Totals:                       104       513.7237                100.00       |
 ------------------------------------------------------------------------------

Linear solver converged at step: 1790, final residual: 6.85484e-13  ||u - u_old|| = 0.13097
F_norms[1]=5.41474e-07
 Nonlinear solver converged at step 1

F_norms[0]=1.74491e-05		 etas[0]=0			 n_its[0]=1790
F_norms[1]=5.41474e-07		 etas[1]=0			 n_its[1]=0
 |TE|_oo = 0
 Scaling timestep by 1
--------------------------------------------------------------------------
Computing Surface fluxes...
Computing Kinetic Energy...
======= Finished time step    23 time=0.23 dt=0.01 =======


======= Starting time step    24 time=0.23 dt=0.01 =======
F_norms[0]=1.01739e-05
 ------------------------------------------------------------------------------
| Porous Media Performance: Alive time=588.98, Active time=528.13              |
 ------------------------------------------------------------------------------
| Event                         nCalls    Total       Avg         Percent of   |
|                                         Time        Time        Active Time  |
|------------------------------------------------------------------------------|
|                                                                              |
| assemble                      65        21.8570     0.336262    4.14         |
| assemble + linear solve       42        506.2730    12.054120   95.86        |
 ------------------------------------------------------------------------------
| Totals:                       107       528.1301                100.00       |
 ------------------------------------------------------------------------------

Linear solver converged at step: 1794, final residual: 3.97766e-13  ||u - u_old|| = 0.179426
F_norms[1]=5.52588e-07
 Nonlinear solver converged at step 1

F_norms[0]=1.01739e-05		 etas[0]=0			 n_its[0]=1794
F_norms[1]=5.52588e-07		 etas[1]=0			 n_its[1]=0
 |TE|_oo = 0
 Scaling timestep by 1
--------------------------------------------------------------------------
Computing Surface fluxes...
Computing Kinetic Energy...
======= Finished time step    24 time=0.24 dt=0.01 =======


======= Starting time step    25 time=0.24 dt=0.01 =======
F_norms[0]=8.30203e-06
 Nonlinear solver converged at step 0

F_norms[0]=8.30203e-06		 etas[0]=0			 n_its[0]=0
 |TE|_oo = 0
 Scaling timestep by 1
--------------------------------------------------------------------------
Computing Surface fluxes...
Computing Kinetic Energy...
======= Finished time step    25 time=0.25 dt=0.01 =======


Steady State Reached: Terminating Simulation.
 ------------------------------------------------------------------------------
| Porous Media Performance: Alive time=602.727, Active time=528.802            |
 ------------------------------------------------------------------------------
| Event                         nCalls    Total       Avg         Percent of   |
|                                         Time        Time        Active Time  |
|------------------------------------------------------------------------------|
|                                                                              |
| assemble                      67        22.5289     0.336252    4.26         |
| assemble + linear solve       42        506.2730    12.054120   95.74        |
 ------------------------------------------------------------------------------
| Totals:                       109       528.8019                100.00       |
 ------------------------------------------------------------------------------

************************************************************************************************************************
***             WIDEN YOUR WINDOW TO 120 CHARACTERS.  Use 'enscript -r -fCourier9' to print this document            ***
************************************************************************************************************************

---------------------------------------------- PETSc Performance Summary: ----------------------------------------------

./pm on a linux named columbia9 with 32 processors, by benkirk Thu Apr 20 17:36:32 2006
Using Petsc Version 2.2.0, Patch 0, Released Feb 27, 2004

                         Max       Max/Min        Avg      Total 
Time (sec):           6.058e+02      1.01331   6.006e+02
Objects:              0.000e+00      0.00000   0.000e+00
Flops:                1.391e+11      1.12321   1.321e+11  4.228e+12
Flops/sec:            2.296e+08      1.10855   2.200e+08  7.040e+09
MPI Messages:         1.069e+06      4.00000   6.265e+05  2.005e+07
MPI Message Lengths:  9.978e+08      2.68386   1.159e+03  2.324e+10
MPI Reductions:       6.308e+03      1.00000

Flop counting convention: 1 flop = 1 real number operation of type (multiply/divide/add/subtract)
                            e.g., VecAXPY() for real vectors of length N --> 2N flops
                            and VecAXPY() for complex vectors of length N --> 8N flops

Summary of Stages:   ----- Time ------  ----- Flops -----  --- Messages ---  -- Message Lengths --  -- Reductions --
                        Avg     %Total     Avg     %Total   counts   %Total     Avg         %Total   counts   %Total 
 0:      Main Stage: 6.0058e+02 100.0%  4.2284e+12 100.0%  2.005e+07 100.0%  1.159e+03      100.0%  2.019e+05 100.0% 

------------------------------------------------------------------------------------------------------------------------
See the 'Profiling' chapter of the users' manual for details on interpreting output.
Phase summary info:
   Count: number of times phase was executed
   Time and Flops/sec: Max - maximum over all processors
                       Ratio - ratio of maximum to minimum over all processors
   Mess: number of messages sent
   Avg. len: average message length
   Reduct: number of global reductions
   Global: entire computation
   Stage: stages of a computation. Set stages with PetscLogStagePush() and PetscLogStagePop().
      %T - percent time in this phase         %F - percent flops in this phase
      %M - percent messages in this phase     %L - percent message lengths in this phase
      %R - percent reductions in this phase
   Total Mflop/s: 10e-6 * (sum of flops over all processors)/(max time over all processors)
------------------------------------------------------------------------------------------------------------------------


      ##########################################################
      #                                                        #
      #                          WARNING!!!                    #
      #                                                        #
      #   This code was run without the PreLoadBegin()         #
      #   macros. To get timing results we always recommend    #
      #   preloading. otherwise timing numbers may be          #
      #   meaningless.                                         #
      ##########################################################


Event                Count      Time (sec)     Flops/sec                         --- Global ---  --- Stage ---   Total
                   Max Ratio  Max     Ratio   Max  Ratio  Mess   Avg len Reduct  %T %F %M %L %R  %T %F %M %L %R Mflop/s
------------------------------------------------------------------------------------------------------------------------

--- Event Stage 0: Main Stage

VecDot            133195 1.0 6.8396e+01 5.9 2.00e+08 6.2 0.0e+00 0.0e+00 1.3e+05  7  2  0  0 66   7  2  0  0 66  1057
VecNorm            66767 1.0 6.0026e+01 6.1 1.21e+08 6.6 0.0e+00 0.0e+00 6.7e+04  6  1  0  0 33   6  1  0  0 33   604
VecCopy              412 1.0 4.4844e-02 1.3 0.00e+00 0.0 0.0e+00 0.0e+00 0.0e+00  0  0  0  0  0   0  0  0  0  0     0
VecSet            133649 1.0 2.5721e+00 3.9 0.00e+00 0.0 0.0e+00 0.0e+00 0.0e+00  0  0  0  0  0   0  0  0  0  0     0
VecAXPY           266444 1.0 4.9564e+00 1.6 1.43e+09 1.5 0.0e+00 0.0e+00 0.0e+00  1  3  0  0  0   1  3  0  0  0 29194
VecAYPX           133140 1.0 1.7741e+01 1.6 2.00e+08 1.5 0.0e+00 0.0e+00 0.0e+00  2  2  0  0  0   2  2  0  0  0  4076
VecWAXPY          266256 1.0 2.1659e+01 1.1 2.04e+08 1.1 0.0e+00 0.0e+00 0.0e+00  3  3  0  0  0   3  3  0  0  0  5841
VecAssemblyBegin     310 1.0 1.5415e+00 5.5 0.00e+00 0.0 1.4e+04 1.9e+03 9.3e+02  0  0  0  0  0   0  0  0  0  0     0
VecAssemblyEnd       310 1.0 2.5745e-02 3.8 0.00e+00 0.0 0.0e+00 0.0e+00 0.0e+00  0  0  0  0  0   0  0  0  0  0     0
VecScatterBegin   133397 1.0 3.3313e+01 5.0 0.00e+00 0.0 2.0e+07 1.1e+03 0.0e+00  3  0100 98  0   3  0100 98  0     0
VecScatterEnd     133397 1.0 9.1033e+00 2.6 0.00e+00 0.0 0.0e+00 0.0e+00 0.0e+00  1  0  0  0  0   1  0  0  0  0     0
MatMult           133262 1.0 2.3484e+02 1.5 3.54e+08 1.4 2.0e+07 1.1e+03 0.0e+00 33 45100 98  0  33 45100 98  0  8123
MatMultAdd            67 1.0 1.3695e-01 1.5 3.36e+08 1.5 1.0e+04 1.1e+03 0.0e+00  0  0  0  0  0   0  0  0  0  0  7149
MatSolve          133262 1.0 1.8124e+02 1.1 3.68e+08 1.1 0.0e+00 0.0e+00 0.0e+00 28 44  0  0  0  28 44  0  0  0 10277
MatLUFactorNum        67 1.0 8.7302e-01 1.1 1.97e+08 1.0 0.0e+00 0.0e+00 0.0e+00  0  0  0  0  0   0  0  0  0  0  5924
MatILUFactorSym        2 1.0 1.1208e-02 4.1 0.00e+00 0.0 0.0e+00 0.0e+00 2.0e+00  0  0  0  0  0   0  0  0  0  0     0
MatAssemblyBegin     201 1.0 1.0471e+00 2.7 0.00e+00 0.0 1.4e+04 2.8e+04 4.0e+02  0  0  0  2  0   0  0  0  2  0     0
MatAssemblyEnd       201 1.0 2.6273e-01 1.8 0.00e+00 0.0 3.0e+02 6.2e+02 2.1e+02  0  0  0  0  0   0  0  0  0  0     0
MatGetOrdering         2 1.0 1.5869e-03 5.0 0.00e+00 0.0 0.0e+00 0.0e+00 4.0e+00  0  0  0  0  0   0  0  0  0  0     0
MatZeroEntries        96 1.0 5.7402e-02 1.3 0.00e+00 0.0 0.0e+00 0.0e+00 0.0e+00  0  0  0  0  0   0  0  0  0  0     0
KSPSetup             134 1.0 5.3995e-03 4.7 0.00e+00 0.0 0.0e+00 0.0e+00 0.0e+00  0  0  0  0  0   0  0  0  0  0     0
KSPSolve              67 1.0 5.0676e+02 1.0 2.74e+08 1.1 2.0e+07 1.1e+03 2.0e+05 84100100 98 99  84100100 98 99  8342
PCSetUp              134 1.0 9.1745e-01 1.1 1.95e+08 1.1 0.0e+00 0.0e+00 6.0e+00  0  0  0  0  0   0  0  0  0  0  5637
PCSetUpOnBlocks       67 1.0 8.9230e-01 1.1 1.96e+08 1.0 0.0e+00 0.0e+00 6.0e+00  0  0  0  0  0   0  0  0  0  0  5796
PCApply           133262 1.0 1.9301e+02 1.2 3.47e+08 1.1 0.0e+00 0.0e+00 0.0e+00 30 44  0  0  0  30 44  0  0  0  9650
------------------------------------------------------------------------------------------------------------------------

Memory usage is given in bytes:

Object Type          Creations   Destructions   Memory  Descendants' Mem.

--- Event Stage 0: Main Stage

           Index Set    78             78    2488020     0
                 Map   185            185      47360     0
                 Vec   187            187   10421816     0
         Vec Scatter    70             70   12230240     0
              Matrix     8              8   10718172     4.63489e+06
       Krylov Solver     4              4        304     1.08245e+06
      Preconditioner     4              4        480     4.4275e+06
========================================================================================================================
Average time to get PetscTime(): 4.05312e-07
Average time for MPI_Barrier(): 1.05858e-05
Average time for zero size MPI_Send(): 0.000141971
Compiled without FORTRAN kernels
Compiled with double precision matrices (default)
sizeof(short) 2 sizeof(int) 4 sizeof(long) 8 sizeof(void *) 8   
Libraries compiled on Tue Dec 13 11:13:18 PST 2005 on columbia  
Machine characteristics: Linux columbia 2.6.5-7.202.5-sn2 #1 SMP Thu Aug 25 06:20:45 UTC 2005 ia64 ia64 ia64 GNU/Linux  
Using PETSc directory: /u/benkirk/petsc-2.2.0 
Using PETSc arch: linux64_intel 
-----------------------------------------   
Using C compiler: icc -KPIC -O2 -ftz -I/u/benkirk/petsc-2.2.0 -I/u/benkirk/petsc-2.2.0/bmake/linux64_intel -I/u/benkirk/petsc-2.2.0/include   -I/opt/sgi/mpt/1.12.0.0/include                                                                                                                           -DPETSC_USE_FOR_KERNELS -DPETSC_USE_LOG -DPETSC_USE_DEBUG -DPETSC_USE_BOPT_O -DPETSC_USE_EXTERN_CXX -DMPI_NO_CPPBIND -wd1476 -D__SDIR__='. '  
C Compiler version: 
Intel(R) C Itanium(R) Compiler for Itanium(R)-based applications 
Version 9.0    Build 20051020 Package ID: l_cc_c_9.0.027 
C++ Compiler version: 
Intel(R) C Itanium(R) Compiler for Itanium(R)-based applications 
Using Fortran compiler: ifort -w -KPIC -O2 -ftz -I/u/benkirk/petsc-2.2.0 -I/u/benkirk/petsc-2.2.0/bmake/linux64_intel -I/u/benkirk/petsc-2.2.0/include   -I/opt/sgi/mpt/1.12.0.0/include                                                                                                                           -DPETSC_USE_FOR_KERNELS -DPETSC_USE_LOG -DPETSC_USE_DEBUG -DPETSC_USE_BOPT_O -DPETSC_USE_EXTERN_CXX  
Fortran Compiler version: 
Intel(R) Fortran Itanium(R) Compiler for Itanium(R)-based applications 
Version 9.0    Build 20051020 Package ID: l_fc_c_9.0.028 
-----------------------------------------   
Using PETSc flags: -DPETSC_USE_FOR_KERNELS -DPETSC_USE_LOG -DPETSC_USE_DEBUG -DPETSC_USE_BOPT_O -DPETSC_USE_EXTERN_CXX                                                                                                                        
----------------------------------------- 
Using configuration flags: 
----------------------------------------- 
Using include paths: -I/u/benkirk/petsc-2.2.0 -I/u/benkirk/petsc-2.2.0/bmake/linux64_intel -I/u/benkirk/petsc-2.2.0/include   -I/opt/sgi/mpt/1.12.0.0/include    
------------------------------------------   
Using C linker: icc -i_dynamic -O2 -ftz -Qoption,link,-rpath,/u/benkirk/petsc-2.2.0/lib/libO/linux64_intel  
Using Fortran linker: icc -i_dynamic -O2 -ftz -Qoption,link,-rpath,/u/benkirk/petsc-2.2.0/lib/libO/linux64_intel  
Using libraries: -L/u/benkirk/petsc-2.2.0/lib/libO/linux64_intel -lpetscts -lpetscsnes -lpetscksp -lpetscdm -lpetscmat -lpetscvec -lpetsc                                                                                                                                                                                                                                                                              -Wl,-rpath,/opt/sgi/scsl/1.6.1.0/lib -L/opt/sgi/scsl/1.6.1.0/lib -lscs -L/opt/sgi/mpt/1.12.0.0/lib -lmpi -lifport -lifcoremt -ldl -limf -lm -lcxa -lunwind -lpthread -lirc 
 -------------------------------------------------------------------------------

 Run completed in 610 seconds
