
 -----------------------------------------------
| Master Host:   cfe1.nas.nasa.gov
| Working Dir:   /u/benkirk/nobackup/bmurray_code/run.columbia
| # of Procs:    72
| Case name::    pm_jwp_fine
 -----------------------------------------------

Using input file: pm_jwp_fine.in
Initializing EquationSystems ... 
 Mesh Information:
  mesh_dimension()=2
  spatial_dimension()=3
  n_nodes()=90601
  n_elem()=90000
   n_local_elem()=1270
   n_active_elem()=90000
  n_subdomains()=1
  n_processors()=72
  processor_id()=0

 EquationSystems
  n_systems()=2
   System "Porous Media"
    Type "TransientLinearImplicit"
    Variables="p" "t" "s" 
    Finite Element Types="LAGRANGE" "LAGRANGE" "LAGRANGE" 
    Approximation Orders="FIRST" "FIRST" "FIRST" 
    n_dofs()=271803
    n_local_dofs()=4044
    n_constrained_dofs()=0
    n_vectors()=6
   System "Velocity"
    Type "TransientLinearImplicit"
    Variables="u" "v" 
    Finite Element Types="LAGRANGE" "LAGRANGE" 
    Approximation Orders="FIRST" "FIRST" 
    n_dofs()=181202
    n_local_dofs()=2696
    n_constrained_dofs()=0
    n_vectors()=3

======= Starting time step     1 time=0 dt=0.01 =======
F_norms[0]=0.082227

-------------------------------------------------------
| Processor id:   0                                    |
| Num Processors: 72                                   |
| Time:           Fri Apr 21 05:14:32 2006             |
| OS:             Linux                                |
| HostName:       columbia9                            |
| OS Release:     2.6.5-7.202.7-sn2                    |
| OS Version:     #5 SMP Thu Mar 16 17:51:36 PST 2006  |
| Machine:        ia64                                 |
| Username:       benkirk                              |
-------------------------------------------------------
 ------------------------------------------------------------------------------
| Porous Media Performance: Alive time=41.3241, Active time=2.26767            |
 ------------------------------------------------------------------------------
| Event                         nCalls    Total       Avg         Percent of   |
|                                         Time        Time        Active Time  |
|------------------------------------------------------------------------------|
|                                                                              |
| assemble                      1         0.2072      0.207241    9.14         |
| assemble + linear solve       1         2.0604      2.060432    90.86        |
 ------------------------------------------------------------------------------
| Totals:                       2         2.2677                  100.00       |
 ------------------------------------------------------------------------------

Linear solver converged at step: 779, final residual: 3.15682e-11  ||u - u_old|| = 2.60099
F_norms[1]=6.38282e-07
 Nonlinear solver converged at step 1

F_norms[0]=0.082227		 etas[0]=0			 n_its[0]=779
F_norms[1]=6.38282e-07		 etas[1]=0			 n_its[1]=0
Computing Surface fluxes...
Computing Kinetic Energy...
======= Finished time step     1 time=0.01 dt=0.01 =======


======= Starting time step     2 time=0.01 dt=0.01 =======
F_norms[0]=9.6784e-05
 ------------------------------------------------------------------------------
| Porous Media Performance: Alive time=44.2005, Active time=4.60412            |
 ------------------------------------------------------------------------------
| Event                         nCalls    Total       Avg         Percent of   |
|                                         Time        Time        Active Time  |
|------------------------------------------------------------------------------|
|                                                                              |
| assemble                      3         0.5944      0.198131    12.91        |
| assemble + linear solve       2         4.0097      2.004862    87.09        |
 ------------------------------------------------------------------------------
| Totals:                       5         4.6041                  100.00       |
 ------------------------------------------------------------------------------

Linear solver converged at step: 749, final residual: 2.16945e-11  ||u - u_old|| = 0.980709
F_norms[1]=1.02664e-06
 Nonlinear solver converged at step 1

F_norms[0]=9.6784e-05		 etas[0]=0			 n_its[0]=749
F_norms[1]=1.02664e-06		 etas[1]=0			 n_its[1]=0
Computing Surface fluxes...
Computing Kinetic Energy...
======= Finished time step     2 time=0.02 dt=0.01 =======


======= Starting time step     3 time=0.02 dt=0.01 =======
F_norms[0]=0.000201933
 ------------------------------------------------------------------------------
| Porous Media Performance: Alive time=47.2368, Active time=7.13122            |
 ------------------------------------------------------------------------------
| Event                         nCalls    Total       Avg         Percent of   |
|                                         Time        Time        Active Time  |
|------------------------------------------------------------------------------|
|                                                                              |
| assemble                      5         0.9808      0.196157    13.75        |
| assemble + linear solve       3         6.1504      2.050144    86.25        |
 ------------------------------------------------------------------------------
| Totals:                       8         7.1312                  100.00       |
 ------------------------------------------------------------------------------

Linear solver converged at step: 825, final residual: 5.44781e-11  ||u - u_old|| = 1.99902
F_norms[1]=3.66449e-06
 Nonlinear solver converged at step 1

F_norms[0]=0.000201933		 etas[0]=0			 n_its[0]=825
F_norms[1]=3.66449e-06		 etas[1]=0			 n_its[1]=0
 |TE|_oo = 0
 Scaling timestep by 1
--------------------------------------------------------------------------
Computing Surface fluxes...
Computing Kinetic Energy...
======= Finished time step     3 time=0.03 dt=0.01 =======


======= Starting time step     4 time=0.03 dt=0.01 =======
F_norms[0]=0.000424314
 ------------------------------------------------------------------------------
| Porous Media Performance: Alive time=50.2708, Active time=9.65828            |
 ------------------------------------------------------------------------------
| Event                         nCalls    Total       Avg         Percent of   |
|                                         Time        Time        Active Time  |
|------------------------------------------------------------------------------|
|                                                                              |
| assemble                      7         1.3670      0.195290    14.15        |
| assemble + linear solve       4         8.2912      2.072812    85.85        |
 ------------------------------------------------------------------------------
| Totals:                       11        9.6583                  100.00       |
 ------------------------------------------------------------------------------

Linear solver converged at step: 826, final residual: 8.63053e-11  ||u - u_old|| = 4.15598
F_norms[1]=1.53072e-05
 ------------------------------------------------------------------------------
| Porous Media Performance: Alive time=52.3825, Active time=11.7421            |
 ------------------------------------------------------------------------------
| Event                         nCalls    Total       Avg         Percent of   |
|                                         Time        Time        Active Time  |
|------------------------------------------------------------------------------|
|                                                                              |
| assemble                      8         1.5599      0.194986    13.28        |
| assemble + linear solve       5         10.1822     2.036449    86.72        |
 ------------------------------------------------------------------------------
| Totals:                       13        11.7421                 100.00       |
 ------------------------------------------------------------------------------

Linear solver converged at step: 728, final residual: 3.7451e-12  ||u - u_old|| = 0.0454179
F_norms[2]=5.98516e-07
 Nonlinear solver converged at step 2

F_norms[0]=0.000424314		 etas[0]=0			 n_its[0]=826
F_norms[1]=1.53072e-05		 etas[1]=0			 n_its[1]=728
F_norms[2]=5.98516e-07		 etas[2]=0			 n_its[2]=0
 |TE|_oo = 0
 Scaling timestep by 1
--------------------------------------------------------------------------
Computing Surface fluxes...
Computing Kinetic Energy...
======= Finished time step     4 time=0.04 dt=0.01 =======


======= Starting time step     5 time=0.04 dt=0.01 =======
F_norms[0]=0.00088896
 ------------------------------------------------------------------------------
| Porous Media Performance: Alive time=55.5118, Active time=14.3595            |
 ------------------------------------------------------------------------------
| Event                         nCalls    Total       Avg         Percent of   |
|                                         Time        Time        Active Time  |
|------------------------------------------------------------------------------|
|                                                                              |
| assemble                      10        1.9455      0.194548    13.55        |
| assemble + linear solve       6         12.4140     2.069001    86.45        |
 ------------------------------------------------------------------------------
| Totals:                       16        14.3595                 100.00       |
 ------------------------------------------------------------------------------

Linear solver converged at step: 861, final residual: 1.73985e-10  ||u - u_old|| = 8.736
F_norms[1]=6.75644e-05
 ------------------------------------------------------------------------------
| Porous Media Performance: Alive time=57.9798, Active time=16.8004            |
 ------------------------------------------------------------------------------
| Event                         nCalls    Total       Avg         Percent of   |
|                                         Time        Time        Active Time  |
|------------------------------------------------------------------------------|
|                                                                              |
| assemble                      11        2.1381      0.194377    12.73        |
| assemble + linear solve       7         14.6622     2.094605    87.27        |
 ------------------------------------------------------------------------------
| Totals:                       18        16.8004                 100.00       |
 ------------------------------------------------------------------------------

Linear solver converged at step: 868, final residual: 1.97229e-11  ||u - u_old|| = 0.212685
F_norms[2]=5.35777e-07
 Nonlinear solver converged at step 2

F_norms[0]=0.00088896		 etas[0]=0			 n_its[0]=861
F_norms[1]=6.75644e-05		 etas[1]=0			 n_its[1]=868
F_norms[2]=5.35777e-07		 etas[2]=0			 n_its[2]=0
 |TE|_oo = 0
 Scaling timestep by 1
--------------------------------------------------------------------------
Computing Surface fluxes...
Computing Kinetic Energy...
======= Finished time step     5 time=0.05 dt=0.01 =======


======= Starting time step     6 time=0.05 dt=0.01 =======
F_norms[0]=0.00187428
 ------------------------------------------------------------------------------
| Porous Media Performance: Alive time=61.0999, Active time=19.4223            |
 ------------------------------------------------------------------------------
| Event                         nCalls    Total       Avg         Percent of   |
|                                         Time        Time        Active Time  |
|------------------------------------------------------------------------------|
|                                                                              |
| assemble                      13        2.5233      0.194102    12.99        |
| assemble + linear solve       8         16.8990     2.112374    87.01        |
 ------------------------------------------------------------------------------
| Totals:                       21        19.4223                 100.00       |
 ------------------------------------------------------------------------------

Linear solver converged at step: 864, final residual: 5.12092e-10  ||u - u_old|| = 19.0615
F_norms[1]=0.000319121
 ------------------------------------------------------------------------------
| Porous Media Performance: Alive time=63.2184, Active time=21.513             |
 ------------------------------------------------------------------------------
| Event                         nCalls    Total       Avg         Percent of   |
|                                         Time        Time        Active Time  |
|------------------------------------------------------------------------------|
|                                                                              |
| assemble                      14        2.7163      0.194022    12.63        |
| assemble + linear solve       9         18.7967     2.088521    87.37        |
 ------------------------------------------------------------------------------
| Totals:                       23        21.5130                 100.00       |
 ------------------------------------------------------------------------------

Linear solver converged at step: 731, final residual: 6.74244e-11  ||u - u_old|| = 1.25049
F_norms[2]=2.20225e-06
 Nonlinear solver converged at step 2

F_norms[0]=0.00187428		 etas[0]=0			 n_its[0]=864
F_norms[1]=0.000319121		 etas[1]=0			 n_its[1]=731
F_norms[2]=2.20225e-06		 etas[2]=0			 n_its[2]=0
 |TE|_oo = 0
 Scaling timestep by 1
--------------------------------------------------------------------------
Computing Surface fluxes...
Computing Kinetic Energy...
======= Finished time step     6 time=0.06 dt=0.01 =======


======= Starting time step     7 time=0.06 dt=0.01 =======
F_norms[0]=0.00411452
 ------------------------------------------------------------------------------
| Porous Media Performance: Alive time=66.5281, Active time=24.3217            |
 ------------------------------------------------------------------------------
| Event                         nCalls    Total       Avg         Percent of   |
|                                         Time        Time        Active Time  |
|------------------------------------------------------------------------------|
|                                                                              |
| assemble                      16        3.1022      0.193885    12.75        |
| assemble + linear solve       10        21.2196     2.121956    87.25        |
 ------------------------------------------------------------------------------
| Totals:                       26        24.3217                 100.00       |
 ------------------------------------------------------------------------------

Linear solver converged at step: 932, final residual: 6.30096e-10  ||u - u_old|| = 49.2018
F_norms[1]=0.00205493
 ------------------------------------------------------------------------------
| Porous Media Performance: Alive time=70.416, Active time=28.1824             |
 ------------------------------------------------------------------------------
| Event                         nCalls    Total       Avg         Percent of   |
|                                         Time        Time        Active Time  |
|------------------------------------------------------------------------------|
|                                                                              |
| assemble                      17        3.2952      0.193834    11.69        |
| assemble + linear solve       11        24.8872     2.262475    88.31        |
 ------------------------------------------------------------------------------
| Totals:                       28        28.1824                 100.00       |
 ------------------------------------------------------------------------------

Linear solver converged at step: 1426, final residual: 6.37543e-10  ||u - u_old|| = 16.4768
F_norms[2]=0.000264863
 ------------------------------------------------------------------------------
| Porous Media Performance: Alive time=73.6028, Active time=31.3427            |
 ------------------------------------------------------------------------------
| Event                         nCalls    Total       Avg         Percent of   |
|                                         Time        Time        Active Time  |
|------------------------------------------------------------------------------|
|                                                                              |
| assemble                      18        3.4883      0.193795    11.13        |
| assemble + linear solve       12        27.8544     2.321196    88.87        |
 ------------------------------------------------------------------------------
| Totals:                       30        31.3427                 100.00       |
 ------------------------------------------------------------------------------

Linear solver converged at step: 1150, final residual: 5.49684e-11  ||u - u_old|| = 1.88878
F_norms[3]=1.80651e-06
 Nonlinear solver converged at step 3

F_norms[0]=0.00411452		 etas[0]=0			 n_its[0]=932
F_norms[1]=0.00205493		 etas[1]=0			 n_its[1]=1426
F_norms[2]=0.000264863		 etas[2]=0			 n_its[2]=1150
F_norms[3]=1.80651e-06		 etas[3]=0			 n_its[3]=0
 |TE|_oo = 0
 Scaling timestep by 1
--------------------------------------------------------------------------
Computing Surface fluxes...
Computing Kinetic Energy...
======= Finished time step     7 time=0.07 dt=0.01 =======


======= Starting time step     8 time=0.07 dt=0.01 =======
F_norms[0]=0.0114424
 ------------------------------------------------------------------------------
| Porous Media Performance: Alive time=77.523, Active time=34.7495             |
 ------------------------------------------------------------------------------
| Event                         nCalls    Total       Avg         Percent of   |
|                                         Time        Time        Active Time  |
|------------------------------------------------------------------------------|
|                                                                              |
| assemble                      20        3.8738      0.193689    11.15        |
| assemble + linear solve       13        30.8757     2.375056    88.85        |
 ------------------------------------------------------------------------------
| Totals:                       33        34.7495                 100.00       |
 ------------------------------------------------------------------------------

Linear solver converged at step: 1172, final residual: 2.04254e-09  ||u - u_old|| = 323.508
F_norms[1]=0.0666915
 ------------------------------------------------------------------------------
| Porous Media Performance: Alive time=83.2538, Active time=40.4529            |
 ------------------------------------------------------------------------------
| Event                         nCalls    Total       Avg         Percent of   |
|                                         Time        Time        Active Time  |
|------------------------------------------------------------------------------|
|                                                                              |
| assemble                      21        4.0665      0.193642    10.05        |
| assemble + linear solve       14        36.3864     2.599028    89.95        |
 ------------------------------------------------------------------------------
| Totals:                       35        40.4529                 100.00       |
 ------------------------------------------------------------------------------

Linear solver converged at step: 2000, final residual: 4.08559e-06  ||u - u_old|| = 150.8
F_norms[2]=0.0108567
 ------------------------------------------------------------------------------
| Porous Media Performance: Alive time=88.6085, Active time=45.78              |
 ------------------------------------------------------------------------------
| Event                         nCalls    Total       Avg         Percent of   |
|                                         Time        Time        Active Time  |
|------------------------------------------------------------------------------|
|                                                                              |
| assemble                      22        4.2596      0.193618    9.30         |
| assemble + linear solve       15        41.5204     2.768027    90.70        |
 ------------------------------------------------------------------------------
| Totals:                       37        45.7800                 100.00       |
 ------------------------------------------------------------------------------

Linear solver converged at step: 2000, final residual: 1.46525e-07  ||u - u_old|| = 84.7717
F_norms[3]=0.00106726
 ------------------------------------------------------------------------------
| Porous Media Performance: Alive time=93.9623, Active time=51.1065            |
 ------------------------------------------------------------------------------
| Event                         nCalls    Total       Avg         Percent of   |
|                                         Time        Time        Active Time  |
|------------------------------------------------------------------------------|
|                                                                              |
| assemble                      23        4.4523      0.193580    8.71         |
| assemble + linear solve       16        46.6541     2.915882    91.29        |
 ------------------------------------------------------------------------------
| Totals:                       39        51.1065                 100.00       |
 ------------------------------------------------------------------------------

Linear solver converged at step: 2000, final residual: 1.30188e-07  ||u - u_old|| = 8.06213
F_norms[4]=1.76781e-05
 ------------------------------------------------------------------------------
| Porous Media Performance: Alive time=99.3192, Active time=56.4345            |
 ------------------------------------------------------------------------------
| Event                         nCalls    Total       Avg         Percent of   |
|                                         Time        Time        Active Time  |
|------------------------------------------------------------------------------|
|                                                                              |
| assemble                      24        4.6451      0.193547    8.23         |
| assemble + linear solve       17        51.7893     3.046431    91.77        |
 ------------------------------------------------------------------------------
| Totals:                       41        56.4345                 100.00       |
 ------------------------------------------------------------------------------

Linear solver converged at step: 2000, final residual: 1.10546e-11  ||u - u_old|| = 0.0959938
F_norms[5]=5.07681e-07
 Nonlinear solver converged at step 5

F_norms[0]=0.0114424		 etas[0]=0			 n_its[0]=1172
F_norms[1]=0.0666915		 etas[1]=0			 n_its[1]=2000
F_norms[2]=0.0108567		 etas[2]=0			 n_its[2]=2000
F_norms[3]=0.00106726		 etas[3]=0			 n_its[3]=2000
F_norms[4]=1.76781e-05		 etas[4]=0			 n_its[4]=2000
F_norms[5]=5.07681e-07		 etas[5]=0			 n_its[5]=0
 |TE|_oo = 0
 Scaling timestep by 1
--------------------------------------------------------------------------
Computing Surface fluxes...
Computing Kinetic Energy...
======= Finished time step     8 time=0.08 dt=0.01 =======


======= Starting time step     9 time=0.08 dt=0.01 =======
F_norms[0]=0.0316962
 ------------------------------------------------------------------------------
| Porous Media Performance: Alive time=105.365, Active time=61.9497            |
 ------------------------------------------------------------------------------
| Event                         nCalls    Total       Avg         Percent of   |
|                                         Time        Time        Active Time  |
|------------------------------------------------------------------------------|
|                                                                              |
| assemble                      26        5.0306      0.193483    8.12         |
| assemble + linear solve       18        56.9191     3.162174    91.88        |
 ------------------------------------------------------------------------------
| Totals:                       44        61.9497                 100.00       |
 ------------------------------------------------------------------------------

Linear solver converged at step: 2000, final residual: 2.6139e-06  ||u - u_old|| = 967.539
F_norms[1]=0.0670377
 ------------------------------------------------------------------------------
| Porous Media Performance: Alive time=110.714, Active time=67.2722            |
 ------------------------------------------------------------------------------
| Event                         nCalls    Total       Avg         Percent of   |
|                                         Time        Time        Active Time  |
|------------------------------------------------------------------------------|
|                                                                              |
| assemble                      27        5.2236      0.193467    7.76         |
| assemble + linear solve       19        62.0486     3.265714    92.24        |
 ------------------------------------------------------------------------------
| Totals:                       46        67.2722                 100.00       |
 ------------------------------------------------------------------------------

Linear solver converged at step: 2000, final residual: 1.28695e-07  ||u - u_old|| = 283.787
F_norms[2]=0.01134
 ------------------------------------------------------------------------------
| Porous Media Performance: Alive time=116.06, Active time=72.5911             |
 ------------------------------------------------------------------------------
| Event                         nCalls    Total       Avg         Percent of   |
|                                         Time        Time        Active Time  |
|------------------------------------------------------------------------------|
|                                                                              |
| assemble                      28        5.4169      0.193460    7.46         |
| assemble + linear solve       20        67.1742     3.358710    92.54        |
 ------------------------------------------------------------------------------
| Totals:                       48        72.5911                 100.00       |
 ------------------------------------------------------------------------------

Linear solver converged at step: 2000, final residual: 7.46603e-09  ||u - u_old|| = 35.2181
F_norms[3]=0.000496703
 ------------------------------------------------------------------------------
| Porous Media Performance: Alive time=121.111, Active time=77.615             |
 ------------------------------------------------------------------------------
| Event                         nCalls    Total       Avg         Percent of   |
|                                         Time        Time        Active Time  |
|------------------------------------------------------------------------------|
|                                                                              |
| assemble                      29        5.6098      0.193443    7.23         |
| assemble + linear solve       21        72.0052     3.428819    92.77        |
 ------------------------------------------------------------------------------
| Totals:                       50        77.6150                 100.00       |
 ------------------------------------------------------------------------------

Linear solver converged at step: 1883, final residual: 6.95397e-11  ||u - u_old|| = 1.0305
F_norms[4]=1.43268e-06
 Nonlinear solver converged at step 4

F_norms[0]=0.0316962		 etas[0]=0			 n_its[0]=2000
F_norms[1]=0.0670377		 etas[1]=0			 n_its[1]=2000
F_norms[2]=0.01134		 etas[2]=0			 n_its[2]=2000
F_norms[3]=0.000496703		 etas[3]=0			 n_its[3]=1883
F_norms[4]=1.43268e-06		 etas[4]=0			 n_its[4]=0
 |TE|_oo = 0
 Scaling timestep by 1
--------------------------------------------------------------------------
Computing Surface fluxes...
Computing Kinetic Energy...
======= Finished time step     9 time=0.09 dt=0.01 =======


======= Starting time step    10 time=0.09 dt=0.01 =======
F_norms[0]=0.032147
 ------------------------------------------------------------------------------
| Porous Media Performance: Alive time=126.884, Active time=82.8727            |
 ------------------------------------------------------------------------------
| Event                         nCalls    Total       Avg         Percent of   |
|                                         Time        Time        Active Time  |
|------------------------------------------------------------------------------|
|                                                                              |
| assemble                      31        5.9989      0.193511    7.24         |
| assemble + linear solve       22        76.8738     3.494264    92.76        |
 ------------------------------------------------------------------------------
| Totals:                       53        82.8727                 100.00       |
 ------------------------------------------------------------------------------

Linear solver converged at step: 1899, final residual: 3.14736e-09  ||u - u_old|| = 515.8
F_norms[1]=0.00484341
 ------------------------------------------------------------------------------
| Porous Media Performance: Alive time=131.76, Active time=87.7221             |
 ------------------------------------------------------------------------------
| Event                         nCalls    Total       Avg         Percent of   |
|                                         Time        Time        Active Time  |
|------------------------------------------------------------------------------|
|                                                                              |
| assemble                      32        6.1926      0.193518    7.06         |
| assemble + linear solve       23        81.5295     3.544762    92.94        |
 ------------------------------------------------------------------------------
| Totals:                       55        87.7221                 100.00       |
 ------------------------------------------------------------------------------

Linear solver converged at step: 1811, final residual: 1.16934e-09  ||u - u_old|| = 18.7961
F_norms[2]=7.33285e-05
 ------------------------------------------------------------------------------
| Porous Media Performance: Alive time=136.368, Active time=92.3025            |
 ------------------------------------------------------------------------------
| Event                         nCalls    Total       Avg         Percent of   |
|                                         Time        Time        Active Time  |
|------------------------------------------------------------------------------|
|                                                                              |
| assemble                      33        6.3860      0.193515    6.92         |
| assemble + linear solve       24        85.9166     3.579857    93.08        |
 ------------------------------------------------------------------------------
| Totals:                       57        92.3025                 100.00       |
 ------------------------------------------------------------------------------

Linear solver converged at step: 1706, final residual: 1.50826e-11  ||u - u_old|| = 0.073685
F_norms[3]=4.06285e-07
 Nonlinear solver converged at step 3

F_norms[0]=0.032147		 etas[0]=0			 n_its[0]=1899
F_norms[1]=0.00484341		 etas[1]=0			 n_its[1]=1811
F_norms[2]=7.33285e-05		 etas[2]=0			 n_its[2]=1706
F_norms[3]=4.06285e-07		 etas[3]=0			 n_its[3]=0
 |TE|_oo = 0
 Scaling timestep by 1
--------------------------------------------------------------------------
Computing Surface fluxes...
Computing Kinetic Energy...
======= Finished time step    10 time=0.1 dt=0.01 =======


======= Starting time step    11 time=0.1 dt=0.01 =======
F_norms[0]=0.0192593
 ------------------------------------------------------------------------------
| Porous Media Performance: Alive time=175.668, Active time=97.833             |
 ------------------------------------------------------------------------------
| Event                         nCalls    Total       Avg         Percent of   |
|                                         Time        Time        Active Time  |
|------------------------------------------------------------------------------|
|                                                                              |
| assemble                      35        6.7733      0.193523    6.92         |
| assemble + linear solve       25        91.0597     3.642386    93.08        |
 ------------------------------------------------------------------------------
| Totals:                       60        97.8330                 100.00       |
 ------------------------------------------------------------------------------

Linear solver converged at step: 2000, final residual: 3.40584e-09  ||u - u_old|| = 205.01
F_norms[1]=0.000815072
 ------------------------------------------------------------------------------
| Porous Media Performance: Alive time=180.375, Active time=102.514            |
 ------------------------------------------------------------------------------
| Event                         nCalls    Total       Avg         Percent of   |
|                                         Time        Time        Active Time  |
|------------------------------------------------------------------------------|
|                                                                              |
| assemble                      36        6.9682      0.193560    6.80         |
| assemble + linear solve       26        95.5458     3.674839    93.20        |
 ------------------------------------------------------------------------------
| Totals:                       62        102.5140                100.00       |
 ------------------------------------------------------------------------------

Linear solver converged at step: 1740, final residual: 1.36726e-10  ||u - u_old|| = 9.91144
F_norms[2]=2.67965e-06
 Nonlinear solver converged at step 2

F_norms[0]=0.0192593		 etas[0]=0			 n_its[0]=2000
F_norms[1]=0.000815072		 etas[1]=0			 n_its[1]=1740
F_norms[2]=2.67965e-06		 etas[2]=0			 n_its[2]=0
 |TE|_oo = 0
 Scaling timestep by 1
--------------------------------------------------------------------------
Computing Surface fluxes...
Computing Kinetic Energy...
======= Finished time step    11 time=0.11 dt=0.01 =======


======= Starting time step    12 time=0.11 dt=0.01 =======
F_norms[0]=0.00844735
 ------------------------------------------------------------------------------
| Porous Media Performance: Alive time=186.404, Active time=108.032            |
 ------------------------------------------------------------------------------
| Event                         nCalls    Total       Avg         Percent of   |
|                                         Time        Time        Active Time  |
|------------------------------------------------------------------------------|
|                                                                              |
| assemble                      38        7.3540      0.193527    6.81         |
| assemble + linear solve       27        100.6781    3.728819    93.19        |
 ------------------------------------------------------------------------------
| Totals:                       65        108.0321                100.00       |
 ------------------------------------------------------------------------------

Linear solver converged at step: 2000, final residual: 1.43071e-08  ||u - u_old|| = 49.5438
F_norms[1]=0.000277175
 ------------------------------------------------------------------------------
| Porous Media Performance: Alive time=191.755, Active time=113.356            |
 ------------------------------------------------------------------------------
| Event                         nCalls    Total       Avg         Percent of   |
|                                         Time        Time        Active Time  |
|------------------------------------------------------------------------------|
|                                                                              |
| assemble                      39        7.5473      0.193521    6.66         |
| assemble + linear solve       28        105.8086    3.778880    93.34        |
 ------------------------------------------------------------------------------
| Totals:                       67        113.3559                100.00       |
 ------------------------------------------------------------------------------

Linear solver converged at step: 2000, final residual: 2.47999e-09  ||u - u_old|| = 3.32987
F_norms[2]=8.15288e-07
 Nonlinear solver converged at step 2

F_norms[0]=0.00844735		 etas[0]=0			 n_its[0]=2000
F_norms[1]=0.000277175		 etas[1]=0			 n_its[1]=2000
F_norms[2]=8.15288e-07		 etas[2]=0			 n_its[2]=0
 |TE|_oo = 0
 Scaling timestep by 1
--------------------------------------------------------------------------
Computing Surface fluxes...
Computing Kinetic Energy...
======= Finished time step    12 time=0.12 dt=0.01 =======


======= Starting time step    13 time=0.12 dt=0.01 =======
F_norms[0]=0.00349537
 ------------------------------------------------------------------------------
| Porous Media Performance: Alive time=197.798, Active time=118.876            |
 ------------------------------------------------------------------------------
| Event                         nCalls    Total       Avg         Percent of   |
|                                         Time        Time        Active Time  |
|------------------------------------------------------------------------------|
|                                                                              |
| assemble                      41        7.9332      0.193493    6.67         |
| assemble + linear solve       29        110.9430    3.825621    93.33        |
 ------------------------------------------------------------------------------
| Totals:                       70        118.8762                100.00       |
 ------------------------------------------------------------------------------

Linear solver converged at step: 2000, final residual: 3.37109e-09  ||u - u_old|| = 40.0305
F_norms[1]=0.000104259
 ------------------------------------------------------------------------------
| Porous Media Performance: Alive time=202.334, Active time=123.386            |
 ------------------------------------------------------------------------------
| Event                         nCalls    Total       Avg         Percent of   |
|                                         Time        Time        Active Time  |
|------------------------------------------------------------------------------|
|                                                                              |
| assemble                      42        8.1264      0.193485    6.59         |
| assemble + linear solve       30        115.2592    3.841972    93.41        |
 ------------------------------------------------------------------------------
| Totals:                       72        123.3855                100.00       |
 ------------------------------------------------------------------------------

Linear solver converged at step: 1681, final residual: 1.70611e-11  ||u - u_old|| = 0.510161
F_norms[2]=7.65285e-07
 Nonlinear solver converged at step 2

F_norms[0]=0.00349537		 etas[0]=0			 n_its[0]=2000
F_norms[1]=0.000104259		 etas[1]=0			 n_its[1]=1681
F_norms[2]=7.65285e-07		 etas[2]=0			 n_its[2]=0
 |TE|_oo = 0
 Scaling timestep by 1
--------------------------------------------------------------------------
Computing Surface fluxes...
Computing Kinetic Energy...
======= Finished time step    13 time=0.13 dt=0.01 =======


======= Starting time step    14 time=0.13 dt=0.01 =======
F_norms[0]=0.00239997
 ------------------------------------------------------------------------------
| Porous Media Performance: Alive time=208.362, Active time=128.904            |
 ------------------------------------------------------------------------------
| Event                         nCalls    Total       Avg         Percent of   |
|                                         Time        Time        Active Time  |
|------------------------------------------------------------------------------|
|                                                                              |
| assemble                      44        8.5123      0.193460    6.60         |
| assemble + linear solve       31        120.3922    3.883621    93.40        |
 ------------------------------------------------------------------------------
| Totals:                       75        128.9045                100.00       |
 ------------------------------------------------------------------------------

Linear solver converged at step: 2000, final residual: 2.35063e-10  ||u - u_old|| = 42.7895
F_norms[1]=3.56276e-05
 ------------------------------------------------------------------------------
| Porous Media Performance: Alive time=213.107, Active time=133.622            |
 ------------------------------------------------------------------------------
| Event                         nCalls    Total       Avg         Percent of   |
|                                         Time        Time        Active Time  |
|------------------------------------------------------------------------------|
|                                                                              |
| assemble                      45        8.7053      0.193451    6.51         |
| assemble + linear solve       32        124.9163    3.903635    93.49        |
 ------------------------------------------------------------------------------
| Totals:                       77        133.6216                100.00       |
 ------------------------------------------------------------------------------

Linear solver converged at step: 1760, final residual: 4.82642e-12  ||u - u_old|| = 0.320856
F_norms[2]=9.22393e-07
 Nonlinear solver converged at step 2

F_norms[0]=0.00239997		 etas[0]=0			 n_its[0]=2000
F_norms[1]=3.56276e-05		 etas[1]=0			 n_its[1]=1760
F_norms[2]=9.22393e-07		 etas[2]=0			 n_its[2]=0
 |TE|_oo = 0
 Scaling timestep by 1
--------------------------------------------------------------------------
Computing Surface fluxes...
Computing Kinetic Energy...
======= Finished time step    14 time=0.14 dt=0.01 =======


======= Starting time step    15 time=0.14 dt=0.01 =======
F_norms[0]=0.00183159
 ------------------------------------------------------------------------------
| Porous Media Performance: Alive time=218.94, Active time=138.946             |
 ------------------------------------------------------------------------------
| Event                         nCalls    Total       Avg         Percent of   |
|                                         Time        Time        Active Time  |
|------------------------------------------------------------------------------|
|                                                                              |
| assemble                      47        9.0911      0.193428    6.54         |
| assemble + linear solve       33        129.8552    3.935007    93.46        |
 ------------------------------------------------------------------------------
| Totals:                       80        138.9464                100.00       |
 ------------------------------------------------------------------------------

Linear solver converged at step: 1925, final residual: 8.32683e-11  ||u - u_old|| = 29.323
F_norms[1]=8.71674e-06
 Nonlinear solver converged at step 1

F_norms[0]=0.00183159		 etas[0]=0			 n_its[0]=1925
F_norms[1]=8.71674e-06		 etas[1]=0			 n_its[1]=0
 |TE|_oo = 0
 Scaling timestep by 1
--------------------------------------------------------------------------
Computing Surface fluxes...
Computing Kinetic Energy...
======= Finished time step    15 time=0.15 dt=0.01 =======


======= Starting time step    16 time=0.15 dt=0.01 =======
F_norms[0]=0.00113112
 ------------------------------------------------------------------------------
| Porous Media Performance: Alive time=224.96, Active time=144.461             |
 ------------------------------------------------------------------------------
| Event                         nCalls    Total       Avg         Percent of   |
|                                         Time        Time        Active Time  |
|------------------------------------------------------------------------------|
|                                                                              |
| assemble                      49        9.4770      0.193408    6.56         |
| assemble + linear solve       34        134.9844    3.970130    93.44        |
 ------------------------------------------------------------------------------
| Totals:                       83        144.4614                100.00       |
 ------------------------------------------------------------------------------

Linear solver converged at step: 2000, final residual: 1.8141e-08  ||u - u_old|| = 14.1521
F_norms[1]=2.7316e-06
 Nonlinear solver converged at step 1

F_norms[0]=0.00113112		 etas[0]=0			 n_its[0]=2000
F_norms[1]=2.7316e-06		 etas[1]=0			 n_its[1]=0
 |TE|_oo = 0
 Scaling timestep by 1
--------------------------------------------------------------------------
Computing Surface fluxes...
Computing Kinetic Energy...
======= Finished time step    16 time=0.16 dt=0.01 =======


======= Starting time step    17 time=0.16 dt=0.01 =======
F_norms[0]=0.000554244
 ------------------------------------------------------------------------------
| Porous Media Performance: Alive time=230.234, Active time=149.238            |
 ------------------------------------------------------------------------------
| Event                         nCalls    Total       Avg         Percent of   |
|                                         Time        Time        Active Time  |
|------------------------------------------------------------------------------|
|                                                                              |
| assemble                      51        9.8634      0.193400    6.61         |
| assemble + linear solve       35        139.3745    3.982127    93.39        |
 ------------------------------------------------------------------------------
| Totals:                       86        149.2379                100.00       |
 ------------------------------------------------------------------------------

Linear solver converged at step: 1711, final residual: 2.25856e-11  ||u - u_old|| = 4.15455
F_norms[1]=1.62372e-06
 Nonlinear solver converged at step 1

F_norms[0]=0.000554244		 etas[0]=0			 n_its[0]=1711
F_norms[1]=1.62372e-06		 etas[1]=0			 n_its[1]=0
 |TE|_oo = 0
 Scaling timestep by 1
--------------------------------------------------------------------------
Computing Surface fluxes...
Computing Kinetic Energy...
======= Finished time step    17 time=0.17 dt=0.01 =======


======= Starting time step    18 time=0.17 dt=0.01 =======
F_norms[0]=0.000236374
 ------------------------------------------------------------------------------
| Porous Media Performance: Alive time=236.261, Active time=154.752            |
 ------------------------------------------------------------------------------
| Event                         nCalls    Total       Avg         Percent of   |
|                                         Time        Time        Active Time  |
|------------------------------------------------------------------------------|
|                                                                              |
| assemble                      53        10.2505     0.193407    6.62         |
| assemble + linear solve       36        144.5019    4.013942    93.38        |
 ------------------------------------------------------------------------------
| Totals:                       89        154.7525                100.00       |
 ------------------------------------------------------------------------------

Linear solver converged at step: 2000, final residual: 1.69923e-10  ||u - u_old|| = 2.25296
F_norms[1]=8.47603e-07
 Nonlinear solver converged at step 1

F_norms[0]=0.000236374		 etas[0]=0			 n_its[0]=2000
F_norms[1]=8.47603e-07		 etas[1]=0			 n_its[1]=0
 |TE|_oo = 0
 Scaling timestep by 1
--------------------------------------------------------------------------
Computing Surface fluxes...
Computing Kinetic Energy...
======= Finished time step    18 time=0.18 dt=0.01 =======


======= Starting time step    19 time=0.18 dt=0.01 =======
F_norms[0]=0.000153748
 ------------------------------------------------------------------------------
| Porous Media Performance: Alive time=242.281, Active time=160.278            |
 ------------------------------------------------------------------------------
| Event                         nCalls    Total       Avg         Percent of   |
|                                         Time        Time        Active Time  |
|------------------------------------------------------------------------------|
|                                                                              |
| assemble                      55        10.6372     0.193404    6.64         |
| assemble + linear solve       37        149.6406    4.044342    93.36        |
 ------------------------------------------------------------------------------
| Totals:                       92        160.2778                100.00       |
 ------------------------------------------------------------------------------

Linear solver converged at step: 2000, final residual: 1.73958e-09  ||u - u_old|| = 2.80297
F_norms[1]=1.49134e-06
 Nonlinear solver converged at step 1

F_norms[0]=0.000153748		 etas[0]=0			 n_its[0]=2000
F_norms[1]=1.49134e-06		 etas[1]=0			 n_its[1]=0
 |TE|_oo = 0
 Scaling timestep by 1
--------------------------------------------------------------------------
Computing Surface fluxes...
Computing Kinetic Energy...
======= Finished time step    19 time=0.19 dt=0.01 =======


======= Starting time step    20 time=0.19 dt=0.01 =======
F_norms[0]=0.000123936
 ------------------------------------------------------------------------------
| Porous Media Performance: Alive time=247.819, Active time=165.317            |
 ------------------------------------------------------------------------------
| Event                         nCalls    Total       Avg         Percent of   |
|                                         Time        Time        Active Time  |
|------------------------------------------------------------------------------|
|                                                                              |
| assemble                      57        11.0229     0.193384    6.67         |
| assemble + linear solve       38        154.2941    4.060370    93.33        |
 ------------------------------------------------------------------------------
| Totals:                       95        165.3170                100.00       |
 ------------------------------------------------------------------------------

Linear solver converged at step: 1813, final residual: 5.25881e-12  ||u - u_old|| = 2.07162
F_norms[1]=1.12039e-06
 Nonlinear solver converged at step 1

F_norms[0]=0.000123936		 etas[0]=0			 n_its[0]=1813
F_norms[1]=1.12039e-06		 etas[1]=0			 n_its[1]=0
 |TE|_oo = 0
 Scaling timestep by 1
--------------------------------------------------------------------------
Computing Surface fluxes...
Computing Kinetic Energy...
======= Finished time step    20 time=0.2 dt=0.01 =======


======= Starting time step    21 time=0.2 dt=0.01 =======
F_norms[0]=8.07885e-05
 ------------------------------------------------------------------------------
| Porous Media Performance: Alive time=286.498, Active time=170.861            |
 ------------------------------------------------------------------------------
| Event                         nCalls    Total       Avg         Percent of   |
|                                         Time        Time        Active Time  |
|------------------------------------------------------------------------------|
|                                                                              |
| assemble                      59        11.4096     0.193382    6.68         |
| assemble + linear solve       39        159.4517    4.088504    93.32        |
 ------------------------------------------------------------------------------
| Totals:                       98        170.8612                100.00       |
 ------------------------------------------------------------------------------

Linear solver converged at step: 2000, final residual: 7.41804e-12  ||u - u_old|| = 1.06604
F_norms[1]=1.12401e-06
 Nonlinear solver converged at step 1

F_norms[0]=8.07885e-05		 etas[0]=0			 n_its[0]=2000
F_norms[1]=1.12401e-06		 etas[1]=0			 n_its[1]=0
 |TE|_oo = 0
 Scaling timestep by 1
--------------------------------------------------------------------------
Computing Surface fluxes...
Computing Kinetic Energy...
======= Finished time step    21 time=0.21 dt=0.01 =======


======= Starting time step    22 time=0.21 dt=0.01 =======
F_norms[0]=4.11605e-05
 ------------------------------------------------------------------------------
| Porous Media Performance: Alive time=291.789, Active time=175.629            |
 ------------------------------------------------------------------------------
| Event                         nCalls    Total       Avg         Percent of   |
|                                         Time        Time        Active Time  |
|------------------------------------------------------------------------------|
|                                                                              |
| assemble                      61        11.7951     0.193362    6.72         |
| assemble + linear solve       40        163.8337    4.095842    93.28        |
 ------------------------------------------------------------------------------
| Totals:                       101       175.6288                100.00       |
 ------------------------------------------------------------------------------

Linear solver converged at step: 1707, final residual: 1.48632e-12  ||u - u_old|| = 0.348229
F_norms[1]=8.41114e-07
 Nonlinear solver converged at step 1

F_norms[0]=4.11605e-05		 etas[0]=0			 n_its[0]=1707
F_norms[1]=8.41114e-07		 etas[1]=0			 n_its[1]=0
 |TE|_oo = 0
 Scaling timestep by 1
--------------------------------------------------------------------------
Computing Surface fluxes...
Computing Kinetic Energy...
======= Finished time step    22 time=0.22 dt=0.01 =======


======= Starting time step    23 time=0.22 dt=0.01 =======
F_norms[0]=1.74467e-05
 ------------------------------------------------------------------------------
| Porous Media Performance: Alive time=297.503, Active time=180.837            |
 ------------------------------------------------------------------------------
| Event                         nCalls    Total       Avg         Percent of   |
|                                         Time        Time        Active Time  |
|------------------------------------------------------------------------------|
|                                                                              |
| assemble                      63        12.1806     0.193343    6.74         |
| assemble + linear solve       41        168.6567    4.113579    93.26        |
 ------------------------------------------------------------------------------
| Totals:                       104       180.8373                100.00       |
 ------------------------------------------------------------------------------

Linear solver converged at step: 1879, final residual: 7.41828e-13  ||u - u_old|| = 0.130975
F_norms[1]=5.1365e-07
 Nonlinear solver converged at step 1

F_norms[0]=1.74467e-05		 etas[0]=0			 n_its[0]=1879
F_norms[1]=5.1365e-07		 etas[1]=0			 n_its[1]=0
 |TE|_oo = 0
 Scaling timestep by 1
--------------------------------------------------------------------------
Computing Surface fluxes...
Computing Kinetic Energy...
======= Finished time step    23 time=0.23 dt=0.01 =======


======= Starting time step    24 time=0.23 dt=0.01 =======
F_norms[0]=1.01724e-05
 ------------------------------------------------------------------------------
| Porous Media Performance: Alive time=303.522, Active time=186.355            |
 ------------------------------------------------------------------------------
| Event                         nCalls    Total       Avg         Percent of   |
|                                         Time        Time        Active Time  |
|------------------------------------------------------------------------------|
|                                                                              |
| assemble                      65        12.5661     0.193324    6.74         |
| assemble + linear solve       42        173.7885    4.137822    93.26        |
 ------------------------------------------------------------------------------
| Totals:                       107       186.3546                100.00       |
 ------------------------------------------------------------------------------

Linear solver converged at step: 2000, final residual: 1.52743e-12  ||u - u_old|| = 0.179448
F_norms[1]=1.00158e-06
 Nonlinear solver converged at step 1

F_norms[0]=1.01724e-05		 etas[0]=0			 n_its[0]=2000
F_norms[1]=1.00158e-06		 etas[1]=0			 n_its[1]=0
 |TE|_oo = 0
 Scaling timestep by 1
--------------------------------------------------------------------------
Computing Surface fluxes...
Computing Kinetic Energy...
======= Finished time step    24 time=0.24 dt=0.01 =======


======= Starting time step    25 time=0.24 dt=0.01 =======
F_norms[0]=8.34395e-06
 Nonlinear solver converged at step 0

F_norms[0]=8.34395e-06		 etas[0]=0			 n_its[0]=0
 |TE|_oo = 0
 Scaling timestep by 1
--------------------------------------------------------------------------
Computing Surface fluxes...
Computing Kinetic Energy...
======= Finished time step    25 time=0.25 dt=0.01 =======


Steady State Reached: Terminating Simulation.
 ------------------------------------------------------------------------------
| Porous Media Performance: Alive time=322.732, Active time=186.74             |
 ------------------------------------------------------------------------------
| Event                         nCalls    Total       Avg         Percent of   |
|                                         Time        Time        Active Time  |
|------------------------------------------------------------------------------|
|                                                                              |
| assemble                      67        12.9517     0.193309    6.94         |
| assemble + linear solve       42        173.7885    4.137822    93.06        |
 ------------------------------------------------------------------------------
| Totals:                       109       186.7403                100.00       |
 ------------------------------------------------------------------------------

************************************************************************************************************************
***             WIDEN YOUR WINDOW TO 120 CHARACTERS.  Use 'enscript -r -fCourier9' to print this document            ***
************************************************************************************************************************

---------------------------------------------- PETSc Performance Summary: ----------------------------------------------

./pm on a linux named columbia9 with 72 processors, by benkirk Fri Apr 21 05:19:14 2006
Using Petsc Version 2.2.0, Patch 0, Released Feb 27, 2004

                         Max       Max/Min        Avg      Total 
Time (sec):           3.416e+02      1.08605   3.382e+02
Objects:              0.000e+00      0.00000   0.000e+00
Flops:                6.411e+10      1.19853   5.930e+10  4.270e+12
Flops/sec:            1.942e+08      1.23997   1.754e+08  1.263e+10
MPI Messages:         1.086e+06      4.00000   6.937e+05  4.995e+07
MPI Message Lengths:  7.230e+08      2.71919   7.202e+02  3.597e+10
MPI Reductions:       2.847e+03      1.00000

Flop counting convention: 1 flop = 1 real number operation of type (multiply/divide/add/subtract)
                            e.g., VecAXPY() for real vectors of length N --> 2N flops
                            and VecAXPY() for complex vectors of length N --> 8N flops

Summary of Stages:   ----- Time ------  ----- Flops -----  --- Messages ---  -- Message Lengths --  -- Reductions --
                        Avg     %Total     Avg     %Total   counts   %Total     Avg         %Total   counts   %Total 
 0:      Main Stage: 3.3817e+02 100.0%  4.2697e+12 100.0%  4.995e+07 100.0%  7.202e+02      100.0%  2.050e+05 100.0% 

------------------------------------------------------------------------------------------------------------------------
See the 'Profiling' chapter of the users' manual for details on interpreting output.
Phase summary info:
   Count: number of times phase was executed
   Time and Flops/sec: Max - maximum over all processors
                       Ratio - ratio of maximum to minimum over all processors
   Mess: number of messages sent
   Avg. len: average message length
   Reduct: number of global reductions
   Global: entire computation
   Stage: stages of a computation. Set stages with PetscLogStagePush() and PetscLogStagePop().
      %T - percent time in this phase         %F - percent flops in this phase
      %M - percent messages in this phase     %L - percent message lengths in this phase
      %R - percent reductions in this phase
   Total Mflop/s: 10e-6 * (sum of flops over all processors)/(max time over all processors)
------------------------------------------------------------------------------------------------------------------------


      ##########################################################
      #                                                        #
      #                          WARNING!!!                    #
      #                                                        #
      #   This code was run without the PreLoadBegin()         #
      #   macros. To get timing results we always recommend    #
      #   preloading. otherwise timing numbers may be          #
      #   meaningless.                                         #
      ##########################################################


Event                Count      Time (sec)     Flops/sec                         --- Global ---  --- Stage ---   Total
                   Max Ratio  Max     Ratio   Max  Ratio  Mess   Avg len Reduct  %T %F %M %L %R  %T %F %M %L %R Mflop/s
------------------------------------------------------------------------------------------------------------------------

--- Event Stage 0: Main Stage

VecDot            135271 1.0 2.0982e+01 3.2 1.64e+08 3.6 0.0e+00 0.0e+00 1.4e+05  4  2  0  0 66   4  2  0  0 66  3501
VecNorm            67803 1.0 1.7398e+01 4.7 1.47e+08 5.3 0.0e+00 0.0e+00 6.8e+04  3  1  0  0 33   3  1  0  0 33  2116
VecCopy              412 1.0 5.3833e-02 1.5 0.00e+00 0.0 0.0e+00 0.0e+00 0.0e+00  0  0  0  0  0   0  0  0  0  0     0
VecSet            135725 1.0 3.4401e-01 1.3 0.00e+00 0.0 0.0e+00 0.0e+00 0.0e+00  0  0  0  0  0   0  0  0  0  0     0
VecAXPY           270612 1.0 9.9864e-01 1.2 2.27e+09 1.1 0.0e+00 0.0e+00 0.0e+00  0  3  0  0  0   0  3  0  0  0 147161
VecAYPX           135232 1.0 5.5653e+00 1.2 2.00e+08 1.0 0.0e+00 0.0e+00 0.0e+00  2  2  0  0  0   2  2  0  0  0 13196
VecWAXPY          270408 1.0 1.0110e+01 1.3 2.00e+08 1.1 0.0e+00 0.0e+00 0.0e+00  3  3  0  0  0   3  3  0  0  0 12709
VecAssemblyBegin     310 1.0 1.1211e+00 3.2 0.00e+00 0.0 3.4e+04 1.2e+03 9.3e+02  0  0  0  0  0   0  0  0  0  0     0
VecAssemblyEnd       310 1.0 4.1288e-02 2.4 0.00e+00 0.0 0.0e+00 0.0e+00 0.0e+00  0  0  0  0  0   0  0  0  0  0     0
VecScatterBegin   135473 1.0 1.1568e+01 7.1 0.00e+00 0.0 5.0e+07 7.1e+02 0.0e+00  2  0100 98  0   2  0100 98  0     0
VecScatterEnd     135473 1.0 5.4230e+00 4.4 0.00e+00 0.0 0.0e+00 0.0e+00 0.0e+00  1  0  0  0  0   1  0  0  0  0     0
MatMult           135338 1.0 6.7528e+01 1.3 5.03e+08 1.2 5.0e+07 7.1e+02 0.0e+00 18 45100 98  0  18 45100 98  0 28690
MatMultAdd            67 1.0 9.0080e-02 2.1 3.25e+08 2.2 2.5e+04 7.1e+02 0.0e+00  0  0  0  0  0   0  0  0  0  0 10869
MatSolve          135338 1.0 7.5564e+01 1.2 3.76e+08 1.0 0.0e+00 0.0e+00 0.0e+00 21 44  0  0  0  21 44  0  0  0 24708
MatLUFactorNum        67 1.0 4.1116e-01 1.2 1.93e+08 1.1 0.0e+00 0.0e+00 0.0e+00  0  0  0  0  0   0  0  0  0  0 12310
MatILUFactorSym        2 1.0 5.8520e-03 2.8 0.00e+00 0.0 0.0e+00 0.0e+00 2.0e+00  0  0  0  0  0   0  0  0  0  0     0
MatAssemblyBegin     201 1.0 2.0977e+00 3.1 0.00e+00 0.0 3.4e+04 1.7e+04 4.0e+02  0  0  0  2  0   0  0  0  2  0     0
MatAssemblyEnd       201 1.0 2.3671e-01 1.8 0.00e+00 0.0 7.4e+02 3.9e+02 2.1e+02  0  0  0  0  0   0  0  0  0  0     0
MatGetOrdering         2 1.0 2.8832e-03 5.0 0.00e+00 0.0 0.0e+00 0.0e+00 4.0e+00  0  0  0  0  0   0  0  0  0  0     0
MatZeroEntries        96 1.0 2.3119e-02 1.4 0.00e+00 0.0 0.0e+00 0.0e+00 0.0e+00  0  0  0  0  0   0  0  0  0  0     0
KSPSetup             134 1.0 1.5201e-02 2.2 0.00e+00 0.0 0.0e+00 0.0e+00 0.0e+00  0  0  0  0  0   0  0  0  0  0     0
KSPSolve              67 1.0 1.7401e+02 1.0 3.68e+08 1.2 5.0e+07 7.1e+02 2.0e+05 51100100 98 99  51100100 98 99 24531
PCSetUp              134 1.0 4.7969e-01 1.2 1.65e+08 1.1 0.0e+00 0.0e+00 6.0e+00  0  0  0  0  0   0  0  0  0  0 10552
PCSetUpOnBlocks       67 1.0 4.2985e-01 1.2 1.87e+08 1.1 0.0e+00 0.0e+00 6.0e+00  0  0  0  0  0   0  0  0  0  0 11775
PCApply           135338 1.0 7.7234e+01 1.2 3.68e+08 1.0 0.0e+00 0.0e+00 0.0e+00 21 44  0  0  0  21 44  0  0  0 24174
------------------------------------------------------------------------------------------------------------------------

Memory usage is given in bytes:

Object Type          Creations   Destructions   Memory  Descendants' Mem.

--- Event Stage 0: Main Stage

           Index Set    78             78    1126204     0
                 Map   185            185      47360     0
                 Vec   187            187    4796280     0
         Vec Scatter    70             70    5438836     0
              Matrix     8              8    5805796     2.07218e+06
       Krylov Solver     4              4        304     497808
      Preconditioner     4              4        480     1.99121e+06
========================================================================================================================
Average time to get PetscTime(): 5.00679e-07
Average time for MPI_Barrier(): 1.33991e-05
Average time for zero size MPI_Send(): 0.000134832
Compiled without FORTRAN kernels
Compiled with double precision matrices (default)
sizeof(short) 2 sizeof(int) 4 sizeof(long) 8 sizeof(void *) 8   
Libraries compiled on Tue Dec 13 11:13:18 PST 2005 on columbia  
Machine characteristics: Linux columbia 2.6.5-7.202.5-sn2 #1 SMP Thu Aug 25 06:20:45 UTC 2005 ia64 ia64 ia64 GNU/Linux  
Using PETSc directory: /u/benkirk/petsc-2.2.0 
Using PETSc arch: linux64_intel 
-----------------------------------------   
Using C compiler: icc -KPIC -O2 -ftz -I/u/benkirk/petsc-2.2.0 -I/u/benkirk/petsc-2.2.0/bmake/linux64_intel -I/u/benkirk/petsc-2.2.0/include   -I/opt/sgi/mpt/1.12.0.0/include                                                                                                                           -DPETSC_USE_FOR_KERNELS -DPETSC_USE_LOG -DPETSC_USE_DEBUG -DPETSC_USE_BOPT_O -DPETSC_USE_EXTERN_CXX -DMPI_NO_CPPBIND -wd1476 -D__SDIR__='. '  
C Compiler version: 
Intel(R) C Itanium(R) Compiler for Itanium(R)-based applications 
Version 9.0    Build 20051020 Package ID: l_cc_c_9.0.027 
C++ Compiler version: 
Intel(R) C Itanium(R) Compiler for Itanium(R)-based applications 
Using Fortran compiler: ifort -w -KPIC -O2 -ftz -I/u/benkirk/petsc-2.2.0 -I/u/benkirk/petsc-2.2.0/bmake/linux64_intel -I/u/benkirk/petsc-2.2.0/include   -I/opt/sgi/mpt/1.12.0.0/include                                                                                                                           -DPETSC_USE_FOR_KERNELS -DPETSC_USE_LOG -DPETSC_USE_DEBUG -DPETSC_USE_BOPT_O -DPETSC_USE_EXTERN_CXX  
Fortran Compiler version: 
Intel(R) Fortran Itanium(R) Compiler for Itanium(R)-based applications 
Version 9.0    Build 20051020 Package ID: l_fc_c_9.0.028 
-----------------------------------------   
Using PETSc flags: -DPETSC_USE_FOR_KERNELS -DPETSC_USE_LOG -DPETSC_USE_DEBUG -DPETSC_USE_BOPT_O -DPETSC_USE_EXTERN_CXX                                                                                                                        
----------------------------------------- 
Using configuration flags: 
----------------------------------------- 
Using include paths: -I/u/benkirk/petsc-2.2.0 -I/u/benkirk/petsc-2.2.0/bmake/linux64_intel -I/u/benkirk/petsc-2.2.0/include   -I/opt/sgi/mpt/1.12.0.0/include    
------------------------------------------   
Using C linker: icc -i_dynamic -O2 -ftz -Qoption,link,-rpath,/u/benkirk/petsc-2.2.0/lib/libO/linux64_intel  
Using Fortran linker: icc -i_dynamic -O2 -ftz -Qoption,link,-rpath,/u/benkirk/petsc-2.2.0/lib/libO/linux64_intel  
Using libraries: -L/u/benkirk/petsc-2.2.0/lib/libO/linux64_intel -lpetscts -lpetscsnes -lpetscksp -lpetscdm -lpetscmat -lpetscvec -lpetsc                                                                                                                                                                                                                                                                              -Wl,-rpath,/opt/sgi/scsl/1.6.1.0/lib -L/opt/sgi/scsl/1.6.1.0/lib -lscs -L/opt/sgi/mpt/1.12.0.0/lib -lmpi -lifport -lifcoremt -ldl -limf -lm -lcxa -lunwind -lpthread -lirc 
 -------------------------------------------------------------------------------

 Run completed in 345 seconds
