
 -----------------------------------------------
| Master Host:   cfe1.nas.nasa.gov
| Working Dir:   /u/benkirk/nobackup/bmurray_code/run.columbia
| # of Procs:    56
| Case name::    pm_jwp_fine
 -----------------------------------------------

Using input file: pm_jwp_fine.in
Initializing EquationSystems ... 
 Mesh Information:
  mesh_dimension()=2
  spatial_dimension()=3
  n_nodes()=90601
  n_elem()=90000
   n_local_elem()=1581
   n_active_elem()=90000
  n_subdomains()=1
  n_processors()=56
  processor_id()=0

 EquationSystems
  n_systems()=2
   System "Porous Media"
    Type "TransientLinearImplicit"
    Variables="p" "t" "s" 
    Finite Element Types="LAGRANGE" "LAGRANGE" "LAGRANGE" 
    Approximation Orders="FIRST" "FIRST" "FIRST" 
    n_dofs()=271803
    n_local_dofs()=5019
    n_constrained_dofs()=0
    n_vectors()=6
   System "Velocity"
    Type "TransientLinearImplicit"
    Variables="u" "v" 
    Finite Element Types="LAGRANGE" "LAGRANGE" 
    Approximation Orders="FIRST" "FIRST" 
    n_dofs()=181202
    n_local_dofs()=3346
    n_constrained_dofs()=0
    n_vectors()=3

======= Starting time step     1 time=0 dt=0.01 =======
F_norms[0]=0.082227

-------------------------------------------------------
| Processor id:   0                                    |
| Num Processors: 56                                   |
| Time:           Fri Apr 21 05:33:44 2006             |
| OS:             Linux                                |
| HostName:       columbia9                            |
| OS Release:     2.6.5-7.202.7-sn2                    |
| OS Version:     #5 SMP Thu Mar 16 17:51:36 PST 2006  |
| Machine:        ia64                                 |
| Username:       benkirk                              |
-------------------------------------------------------
 ------------------------------------------------------------------------------
| Porous Media Performance: Alive time=35.859, Active time=2.75501             |
 ------------------------------------------------------------------------------
| Event                         nCalls    Total       Avg         Percent of   |
|                                         Time        Time        Active Time  |
|------------------------------------------------------------------------------|
|                                                                              |
| assemble                      1         0.2265      0.226493    8.22         |
| assemble + linear solve       1         2.5285      2.528516    91.78        |
 ------------------------------------------------------------------------------
| Totals:                       2         2.7550                  100.00       |
 ------------------------------------------------------------------------------

Linear solver converged at step: 780, final residual: 5.52116e-11  ||u - u_old|| = 2.60101
F_norms[1]=8.36793e-07
 Nonlinear solver converged at step 1

F_norms[0]=0.082227		 etas[0]=0			 n_its[0]=780
F_norms[1]=8.36793e-07		 etas[1]=0			 n_its[1]=0
Computing Surface fluxes...
Computing Kinetic Energy...
======= Finished time step     1 time=0.01 dt=0.01 =======


======= Starting time step     2 time=0.01 dt=0.01 =======
F_norms[0]=9.67833e-05
 ------------------------------------------------------------------------------
| Porous Media Performance: Alive time=39.5536, Active time=5.93044            |
 ------------------------------------------------------------------------------
| Event                         nCalls    Total       Avg         Percent of   |
|                                         Time        Time        Active Time  |
|------------------------------------------------------------------------------|
|                                                                              |
| assemble                      3         0.6674      0.222475    11.25        |
| assemble + linear solve       2         5.2630      2.631508    88.75        |
 ------------------------------------------------------------------------------
| Totals:                       5         5.9304                  100.00       |
 ------------------------------------------------------------------------------

Linear solver converged at step: 857, final residual: 1.70553e-11  ||u - u_old|| = 0.980711
F_norms[1]=9.91624e-07
 Nonlinear solver converged at step 1

F_norms[0]=9.67833e-05		 etas[0]=0			 n_its[0]=857
F_norms[1]=9.91624e-07		 etas[1]=0			 n_its[1]=0
Computing Surface fluxes...
Computing Kinetic Energy...
======= Finished time step     2 time=0.02 dt=0.01 =======


======= Starting time step     3 time=0.02 dt=0.01 =======
F_norms[0]=0.000201933
 ------------------------------------------------------------------------------
| Porous Media Performance: Alive time=43.0919, Active time=8.98073            |
 ------------------------------------------------------------------------------
| Event                         nCalls    Total       Avg         Percent of   |
|                                         Time        Time        Active Time  |
|------------------------------------------------------------------------------|
|                                                                              |
| assemble                      5         1.1080      0.221597    12.34        |
| assemble + linear solve       3         7.8727      2.624250    87.66        |
 ------------------------------------------------------------------------------
| Totals:                       8         8.9807                  100.00       |
 ------------------------------------------------------------------------------

Linear solver converged at step: 818, final residual: 4.51518e-11  ||u - u_old|| = 1.99902
F_norms[1]=3.56801e-06
 Nonlinear solver converged at step 1

F_norms[0]=0.000201933		 etas[0]=0			 n_its[0]=818
F_norms[1]=3.56801e-06		 etas[1]=0			 n_its[1]=0
 |TE|_oo = 0
 Scaling timestep by 1
--------------------------------------------------------------------------
Computing Surface fluxes...
Computing Kinetic Energy...
======= Finished time step     3 time=0.03 dt=0.01 =======


======= Starting time step     4 time=0.03 dt=0.01 =======
F_norms[0]=0.000424313
 ------------------------------------------------------------------------------
| Porous Media Performance: Alive time=46.5986, Active time=12.0033            |
 ------------------------------------------------------------------------------
| Event                         nCalls    Total       Avg         Percent of   |
|                                         Time        Time        Active Time  |
|------------------------------------------------------------------------------|
|                                                                              |
| assemble                      7         1.5485      0.221215    12.90        |
| assemble + linear solve       4         10.4548     2.613692    87.10        |
 ------------------------------------------------------------------------------
| Totals:                       11        12.0033                 100.00       |
 ------------------------------------------------------------------------------

Linear solver converged at step: 809, final residual: 1.1548e-10  ||u - u_old|| = 4.15597
F_norms[1]=1.53182e-05
 ------------------------------------------------------------------------------
| Porous Media Performance: Alive time=49.5552, Active time=14.9299            |
 ------------------------------------------------------------------------------
| Event                         nCalls    Total       Avg         Percent of   |
|                                         Time        Time        Active Time  |
|------------------------------------------------------------------------------|
|                                                                              |
| assemble                      8         1.7690      0.221126    11.85        |
| assemble + linear solve       5         13.1609     2.632181    88.15        |
 ------------------------------------------------------------------------------
| Totals:                       13        14.9299                 100.00       |
 ------------------------------------------------------------------------------

Linear solver converged at step: 850, final residual: 4.73951e-12  ||u - u_old|| = 0.0454184
F_norms[2]=4.3264e-07
 Nonlinear solver converged at step 2

F_norms[0]=0.000424313		 etas[0]=0			 n_its[0]=809
F_norms[1]=1.53182e-05		 etas[1]=0			 n_its[1]=850
F_norms[2]=4.3264e-07		 etas[2]=0			 n_its[2]=0
 |TE|_oo = 0
 Scaling timestep by 1
--------------------------------------------------------------------------
Computing Surface fluxes...
Computing Kinetic Energy...
======= Finished time step     4 time=0.04 dt=0.01 =======


======= Starting time step     5 time=0.04 dt=0.01 =======
F_norms[0]=0.00088896
 ------------------------------------------------------------------------------
| Porous Media Performance: Alive time=53.2681, Active time=18.1609            |
 ------------------------------------------------------------------------------
| Event                         nCalls    Total       Avg         Percent of   |
|                                         Time        Time        Active Time  |
|------------------------------------------------------------------------------|
|                                                                              |
| assemble                      10        2.2094      0.220935    12.17        |
| assemble + linear solve       6         15.9515     2.658586    87.83        |
 ------------------------------------------------------------------------------
| Totals:                       16        18.1609                 100.00       |
 ------------------------------------------------------------------------------

Linear solver converged at step: 874, final residual: 1.43993e-10  ||u - u_old|| = 8.736
F_norms[1]=6.75642e-05
 ------------------------------------------------------------------------------
| Porous Media Performance: Alive time=56.2889, Active time=21.1517            |
 ------------------------------------------------------------------------------
| Event                         nCalls    Total       Avg         Percent of   |
|                                         Time        Time        Active Time  |
|------------------------------------------------------------------------------|
|                                                                              |
| assemble                      11        2.4299      0.220896    11.49        |
| assemble + linear solve       7         18.7218     2.674547    88.51        |
 ------------------------------------------------------------------------------
| Totals:                       18        21.1517                 100.00       |
 ------------------------------------------------------------------------------

Linear solver converged at step: 869, final residual: 1.04285e-11  ||u - u_old|| = 0.212687
F_norms[2]=5.36929e-07
 Nonlinear solver converged at step 2

F_norms[0]=0.00088896		 etas[0]=0			 n_its[0]=874
F_norms[1]=6.75642e-05		 etas[1]=0			 n_its[1]=869
F_norms[2]=5.36929e-07		 etas[2]=0			 n_its[2]=0
 |TE|_oo = 0
 Scaling timestep by 1
--------------------------------------------------------------------------
Computing Surface fluxes...
Computing Kinetic Energy...
======= Finished time step     5 time=0.05 dt=0.01 =======


======= Starting time step     6 time=0.05 dt=0.01 =======
F_norms[0]=0.00187428
 ------------------------------------------------------------------------------
| Porous Media Performance: Alive time=60.0165, Active time=24.3957            |
 ------------------------------------------------------------------------------
| Event                         nCalls    Total       Avg         Percent of   |
|                                         Time        Time        Active Time  |
|------------------------------------------------------------------------------|
|                                                                              |
| assemble                      13        2.8700      0.220768    11.76        |
| assemble + linear solve       8         21.5257     2.690709    88.24        |
 ------------------------------------------------------------------------------
| Totals:                       21        24.3957                 100.00       |
 ------------------------------------------------------------------------------

Linear solver converged at step: 878, final residual: 3.9015e-10  ||u - u_old|| = 19.0615
F_norms[1]=0.00031912
 ------------------------------------------------------------------------------
| Porous Media Performance: Alive time=63.0851, Active time=27.4345            |
 ------------------------------------------------------------------------------
| Event                         nCalls    Total       Avg         Percent of   |
|                                         Time        Time        Active Time  |
|------------------------------------------------------------------------------|
|                                                                              |
| assemble                      14        3.0904      0.220743    11.26        |
| assemble + linear solve       9         24.3441     2.704899    88.74        |
 ------------------------------------------------------------------------------
| Totals:                       23        27.4345                 100.00       |
 ------------------------------------------------------------------------------

Linear solver converged at step: 885, final residual: 9.97615e-11  ||u - u_old|| = 1.2505
F_norms[2]=2.22837e-06
 Nonlinear solver converged at step 2

F_norms[0]=0.00187428		 etas[0]=0			 n_its[0]=878
F_norms[1]=0.00031912		 etas[1]=0			 n_its[1]=885
F_norms[2]=2.22837e-06		 etas[2]=0			 n_its[2]=0
 |TE|_oo = 0
 Scaling timestep by 1
--------------------------------------------------------------------------
Computing Surface fluxes...
Computing Kinetic Energy...
======= Finished time step     6 time=0.06 dt=0.01 =======


======= Starting time step     7 time=0.06 dt=0.01 =======
F_norms[0]=0.00411452
 ------------------------------------------------------------------------------
| Porous Media Performance: Alive time=66.5848, Active time=30.4478            |
 ------------------------------------------------------------------------------
| Event                         nCalls    Total       Avg         Percent of   |
|                                         Time        Time        Active Time  |
|------------------------------------------------------------------------------|
|                                                                              |
| assemble                      16        3.5310      0.220689    11.60        |
| assemble + linear solve       10        26.9168     2.691680    88.40        |
 ------------------------------------------------------------------------------
| Totals:                       26        30.4478                 100.00       |
 ------------------------------------------------------------------------------

Linear solver converged at step: 807, final residual: 8.9675e-10  ||u - u_old|| = 49.2018
F_norms[1]=0.00205493
 ------------------------------------------------------------------------------
| Porous Media Performance: Alive time=70.1613, Active time=33.9939            |
 ------------------------------------------------------------------------------
| Event                         nCalls    Total       Avg         Percent of   |
|                                         Time        Time        Active Time  |
|------------------------------------------------------------------------------|
|                                                                              |
| assemble                      17        3.7518      0.220695    11.04        |
| assemble + linear solve       11        30.2421     2.749281    88.96        |
 ------------------------------------------------------------------------------
| Totals:                       28        33.9939                 100.00       |
 ------------------------------------------------------------------------------

Linear solver converged at step: 1045, final residual: 5.49078e-10  ||u - u_old|| = 16.4768
F_norms[2]=0.000264864
 ------------------------------------------------------------------------------
| Porous Media Performance: Alive time=74.0914, Active time=37.8939            |
 ------------------------------------------------------------------------------
| Event                         nCalls    Total       Avg         Percent of   |
|                                         Time        Time        Active Time  |
|------------------------------------------------------------------------------|
|                                                                              |
| assemble                      18        3.9737      0.220762    10.49        |
| assemble + linear solve       12        33.9202     2.826684    89.51        |
 ------------------------------------------------------------------------------
| Totals:                       30        37.8939                 100.00       |
 ------------------------------------------------------------------------------

Linear solver converged at step: 1157, final residual: 6.80331e-11  ||u - u_old|| = 1.88883
F_norms[3]=1.93107e-06
 Nonlinear solver converged at step 3

F_norms[0]=0.00411452		 etas[0]=0			 n_its[0]=807
F_norms[1]=0.00205493		 etas[1]=0			 n_its[1]=1045
F_norms[2]=0.000264864		 etas[2]=0			 n_its[2]=1157
F_norms[3]=1.93107e-06		 etas[3]=0			 n_its[3]=0
 |TE|_oo = 0
 Scaling timestep by 1
--------------------------------------------------------------------------
Computing Surface fluxes...
Computing Kinetic Energy...
======= Finished time step     7 time=0.07 dt=0.01 =======


======= Starting time step     8 time=0.07 dt=0.01 =======
F_norms[0]=0.0114424
 ------------------------------------------------------------------------------
| Porous Media Performance: Alive time=79.7011, Active time=43.0201            |
 ------------------------------------------------------------------------------
| Event                         nCalls    Total       Avg         Percent of   |
|                                         Time        Time        Active Time  |
|------------------------------------------------------------------------------|
|                                                                              |
| assemble                      20        4.4148      0.220742    10.26        |
| assemble + linear solve       13        38.6053     2.969637    89.74        |
 ------------------------------------------------------------------------------
| Totals:                       33        43.0201                 100.00       |
 ------------------------------------------------------------------------------

Linear solver converged at step: 1477, final residual: 3.04124e-09  ||u - u_old|| = 323.508
F_norms[1]=0.0666915
 ------------------------------------------------------------------------------
| Porous Media Performance: Alive time=86.2759, Active time=49.5658            |
 ------------------------------------------------------------------------------
| Event                         nCalls    Total       Avg         Percent of   |
|                                         Time        Time        Active Time  |
|------------------------------------------------------------------------------|
|                                                                              |
| assemble                      21        4.6359      0.220756    9.35         |
| assemble + linear solve       14        44.9299     3.209278    90.65        |
 ------------------------------------------------------------------------------
| Totals:                       35        49.5658                 100.00       |
 ------------------------------------------------------------------------------

Linear solver converged at step: 2000, final residual: 4.4151e-06  ||u - u_old|| = 150.804
F_norms[2]=0.0108567
 ------------------------------------------------------------------------------
| Porous Media Performance: Alive time=92.8612, Active time=56.1218            |
 ------------------------------------------------------------------------------
| Event                         nCalls    Total       Avg         Percent of   |
|                                         Time        Time        Active Time  |
|------------------------------------------------------------------------------|
|                                                                              |
| assemble                      22        4.8569      0.220768    8.65         |
| assemble + linear solve       15        51.2649     3.417658    91.35        |
 ------------------------------------------------------------------------------
| Totals:                       37        56.1218                 100.00       |
 ------------------------------------------------------------------------------

Linear solver converged at step: 2000, final residual: 2.43763e-08  ||u - u_old|| = 84.7749
F_norms[3]=0.00106725
 ------------------------------------------------------------------------------
| Porous Media Performance: Alive time=99.4364, Active time=62.6677            |
 ------------------------------------------------------------------------------
| Event                         nCalls    Total       Avg         Percent of   |
|                                         Time        Time        Active Time  |
|------------------------------------------------------------------------------|
|                                                                              |
| assemble                      23        5.0780      0.220783    8.10         |
| assemble + linear solve       16        57.5897     3.599355    91.90        |
 ------------------------------------------------------------------------------
| Totals:                       39        62.6677                 100.00       |
 ------------------------------------------------------------------------------

Linear solver converged at step: 2000, final residual: 7.3491e-10  ||u - u_old|| = 8.06231
F_norms[4]=1.7652e-05
 ------------------------------------------------------------------------------
| Porous Media Performance: Alive time=106.01, Active time=69.2123             |
 ------------------------------------------------------------------------------
| Event                         nCalls    Total       Avg         Percent of   |
|                                         Time        Time        Active Time  |
|------------------------------------------------------------------------------|
|                                                                              |
| assemble                      24        5.2990      0.220793    7.66         |
| assemble + linear solve       17        63.9133     3.759605    92.34        |
 ------------------------------------------------------------------------------
| Totals:                       41        69.2123                 100.00       |
 ------------------------------------------------------------------------------

Linear solver converged at step: 2000, final residual: 2.58134e-11  ||u - u_old|| = 0.0959966
F_norms[5]=5.61535e-07
 Nonlinear solver converged at step 5

F_norms[0]=0.0114424		 etas[0]=0			 n_its[0]=1477
F_norms[1]=0.0666915		 etas[1]=0			 n_its[1]=2000
F_norms[2]=0.0108567		 etas[2]=0			 n_its[2]=2000
F_norms[3]=0.00106725		 etas[3]=0			 n_its[3]=2000
F_norms[4]=1.7652e-05		 etas[4]=0			 n_its[4]=2000
F_norms[5]=5.61535e-07		 etas[5]=0			 n_its[5]=0
 |TE|_oo = 0
 Scaling timestep by 1
--------------------------------------------------------------------------
Computing Surface fluxes...
Computing Kinetic Energy...
======= Finished time step     8 time=0.08 dt=0.01 =======


======= Starting time step     9 time=0.08 dt=0.01 =======
F_norms[0]=0.0316962
 ------------------------------------------------------------------------------
| Porous Media Performance: Alive time=113.29, Active time=75.9841             |
 ------------------------------------------------------------------------------
| Event                         nCalls    Total       Avg         Percent of   |
|                                         Time        Time        Active Time  |
|------------------------------------------------------------------------------|
|                                                                              |
| assemble                      26        5.7400      0.220771    7.55         |
| assemble + linear solve       18        70.2441     3.902450    92.45        |
 ------------------------------------------------------------------------------
| Totals:                       44        75.9841                 100.00       |
 ------------------------------------------------------------------------------

Linear solver converged at step: 2000, final residual: 5.16698e-08  ||u - u_old|| = 967.577
F_norms[1]=0.0670377
 ------------------------------------------------------------------------------
| Porous Media Performance: Alive time=119.869, Active time=82.5339            |
 ------------------------------------------------------------------------------
| Event                         nCalls    Total       Avg         Percent of   |
|                                         Time        Time        Active Time  |
|------------------------------------------------------------------------------|
|                                                                              |
| assemble                      27        5.9609      0.220775    7.22         |
| assemble + linear solve       19        76.5730     4.030159    92.78        |
 ------------------------------------------------------------------------------
| Totals:                       46        82.5339                 100.00       |
 ------------------------------------------------------------------------------

Linear solver converged at step: 2000, final residual: 3.49308e-07  ||u - u_old|| = 283.796
F_norms[2]=0.01134
 ------------------------------------------------------------------------------
| Porous Media Performance: Alive time=126.444, Active time=89.0782            |
 ------------------------------------------------------------------------------
| Event                         nCalls    Total       Avg         Percent of   |
|                                         Time        Time        Active Time  |
|------------------------------------------------------------------------------|
|                                                                              |
| assemble                      28        6.1816      0.220770    6.94         |
| assemble + linear solve       20        82.8966     4.144830    93.06        |
 ------------------------------------------------------------------------------
| Totals:                       48        89.0782                 100.00       |
 ------------------------------------------------------------------------------

Linear solver converged at step: 2000, final residual: 2.16418e-08  ||u - u_old|| = 35.2186
F_norms[3]=0.000496704
 ------------------------------------------------------------------------------
| Porous Media Performance: Alive time=132.672, Active time=95.2768            |
 ------------------------------------------------------------------------------
| Event                         nCalls    Total       Avg         Percent of   |
|                                         Time        Time        Active Time  |
|------------------------------------------------------------------------------|
|                                                                              |
| assemble                      29        6.4022      0.220767    6.72         |
| assemble + linear solve       21        88.8745     4.232121    93.28        |
 ------------------------------------------------------------------------------
| Totals:                       50        95.2768                 100.00       |
 ------------------------------------------------------------------------------

Linear solver converged at step: 1887, final residual: 1.35857e-10  ||u - u_old|| = 1.03051
F_norms[4]=7.82545e-07
 Nonlinear solver converged at step 4

F_norms[0]=0.0316962		 etas[0]=0			 n_its[0]=2000
F_norms[1]=0.0670377		 etas[1]=0			 n_its[1]=2000
F_norms[2]=0.01134		 etas[2]=0			 n_its[2]=2000
F_norms[3]=0.000496704		 etas[3]=0			 n_its[3]=1887
F_norms[4]=7.82545e-07		 etas[4]=0			 n_its[4]=0
 |TE|_oo = 0
 Scaling timestep by 1
--------------------------------------------------------------------------
Computing Surface fluxes...
Computing Kinetic Energy...
======= Finished time step     9 time=0.09 dt=0.01 =======


======= Starting time step    10 time=0.09 dt=0.01 =======
F_norms[0]=0.032147
 ------------------------------------------------------------------------------
| Porous Media Performance: Alive time=139.466, Active time=101.567            |
 ------------------------------------------------------------------------------
| Event                         nCalls    Total       Avg         Percent of   |
|                                         Time        Time        Active Time  |
|------------------------------------------------------------------------------|
|                                                                              |
| assemble                      31        6.8437      0.220765    6.74         |
| assemble + linear solve       22        94.7230     4.305590    93.26        |
 ------------------------------------------------------------------------------
| Totals:                       53        101.5667                100.00       |
 ------------------------------------------------------------------------------

Linear solver converged at step: 1848, final residual: 3.03472e-09  ||u - u_old|| = 515.822
F_norms[1]=0.00484341
 ------------------------------------------------------------------------------
| Porous Media Performance: Alive time=145.197, Active time=107.268            |
 ------------------------------------------------------------------------------
| Event                         nCalls    Total       Avg         Percent of   |
|                                         Time        Time        Active Time  |
|------------------------------------------------------------------------------|
|                                                                              |
| assemble                      32        7.0652      0.220787    6.59         |
| assemble + linear solve       23        100.2031    4.356659    93.41        |
 ------------------------------------------------------------------------------
| Totals:                       55        107.2683                100.00       |
 ------------------------------------------------------------------------------

Linear solver converged at step: 1732, final residual: 1.19565e-09  ||u - u_old|| = 18.7968
F_norms[2]=7.33111e-05
 ------------------------------------------------------------------------------
| Porous Media Performance: Alive time=151.079, Active time=113.121            |
 ------------------------------------------------------------------------------
| Event                         nCalls    Total       Avg         Percent of   |
|                                         Time        Time        Active Time  |
|------------------------------------------------------------------------------|
|                                                                              |
| assemble                      33        7.2862      0.220793    6.44         |
| assemble + linear solve       24        105.8348    4.409784    93.56        |
 ------------------------------------------------------------------------------
| Totals:                       57        113.1210                100.00       |
 ------------------------------------------------------------------------------

Linear solver converged at step: 1776, final residual: 1.77323e-11  ||u - u_old|| = 0.0736824
F_norms[3]=4.02286e-07
 Nonlinear solver converged at step 3

F_norms[0]=0.032147		 etas[0]=0			 n_its[0]=1848
F_norms[1]=0.00484341		 etas[1]=0			 n_its[1]=1732
F_norms[2]=7.33111e-05		 etas[2]=0			 n_its[2]=1776
F_norms[3]=4.02286e-07		 etas[3]=0			 n_its[3]=0
 |TE|_oo = 0
 Scaling timestep by 1
--------------------------------------------------------------------------
Computing Surface fluxes...
Computing Kinetic Energy...
======= Finished time step    10 time=0.1 dt=0.01 =======


======= Starting time step    11 time=0.1 dt=0.01 =======
F_norms[0]=0.0192593
 ------------------------------------------------------------------------------
| Porous Media Performance: Alive time=170.008, Active time=119.196            |
 ------------------------------------------------------------------------------
| Event                         nCalls    Total       Avg         Percent of   |
|                                         Time        Time        Active Time  |
|------------------------------------------------------------------------------|
|                                                                              |
| assemble                      35        7.7290      0.220828    6.48         |
| assemble + linear solve       25        111.4670    4.458679    93.52        |
 ------------------------------------------------------------------------------
| Totals:                       60        119.1960                100.00       |
 ------------------------------------------------------------------------------

Linear solver converged at step: 1778, final residual: 1.54404e-09  ||u - u_old|| = 205.017
F_norms[1]=0.00081507
 ------------------------------------------------------------------------------
| Porous Media Performance: Alive time=175.523, Active time=124.682            |
 ------------------------------------------------------------------------------
| Event                         nCalls    Total       Avg         Percent of   |
|                                         Time        Time        Active Time  |
|------------------------------------------------------------------------------|
|                                                                              |
| assemble                      36        7.9497      0.220825    6.38         |
| assemble + linear solve       26        116.7320    4.489693    93.62        |
 ------------------------------------------------------------------------------
| Totals:                       62        124.6817                100.00       |
 ------------------------------------------------------------------------------

Linear solver converged at step: 1660, final residual: 1.49415e-10  ||u - u_old|| = 9.91187
F_norms[2]=2.62576e-06
 Nonlinear solver converged at step 2

F_norms[0]=0.0192593		 etas[0]=0			 n_its[0]=1778
F_norms[1]=0.00081507		 etas[1]=0			 n_its[1]=1660
F_norms[2]=2.62576e-06		 etas[2]=0			 n_its[2]=0
 |TE|_oo = 0
 Scaling timestep by 1
--------------------------------------------------------------------------
Computing Surface fluxes...
Computing Kinetic Energy...
======= Finished time step    11 time=0.11 dt=0.01 =======


======= Starting time step    12 time=0.11 dt=0.01 =======
F_norms[0]=0.00844735
 ------------------------------------------------------------------------------
| Porous Media Performance: Alive time=182.786, Active time=131.452            |
 ------------------------------------------------------------------------------
| Event                         nCalls    Total       Avg         Percent of   |
|                                         Time        Time        Active Time  |
|------------------------------------------------------------------------------|
|                                                                              |
| assemble                      38        8.3898      0.220785    6.38         |
| assemble + linear solve       27        123.0626    4.557875    93.62        |
 ------------------------------------------------------------------------------
| Totals:                       65        131.4525                100.00       |
 ------------------------------------------------------------------------------

Linear solver converged at step: 2000, final residual: 8.74559e-09  ||u - u_old|| = 49.544
F_norms[1]=0.000277174
 ------------------------------------------------------------------------------
| Porous Media Performance: Alive time=188.685, Active time=137.321            |
 ------------------------------------------------------------------------------
| Event                         nCalls    Total       Avg         Percent of   |
|                                         Time        Time        Active Time  |
|------------------------------------------------------------------------------|
|                                                                              |
| assemble                      39        8.6105      0.220782    6.27         |
| assemble + linear solve       28        128.7108    4.596813    93.73        |
 ------------------------------------------------------------------------------
| Totals:                       67        137.3213                100.00       |
 ------------------------------------------------------------------------------

Linear solver converged at step: 1782, final residual: 2.54354e-11  ||u - u_old|| = 3.33001
F_norms[2]=1.12027e-06
 Nonlinear solver converged at step 2

F_norms[0]=0.00844735		 etas[0]=0			 n_its[0]=2000
F_norms[1]=0.000277174		 etas[1]=0			 n_its[1]=1782
F_norms[2]=1.12027e-06		 etas[2]=0			 n_its[2]=0
 |TE|_oo = 0
 Scaling timestep by 1
--------------------------------------------------------------------------
Computing Surface fluxes...
Computing Kinetic Energy...
======= Finished time step    12 time=0.12 dt=0.01 =======


======= Starting time step    13 time=0.12 dt=0.01 =======
F_norms[0]=0.00349537
 ------------------------------------------------------------------------------
| Porous Media Performance: Alive time=195.885, Active time=144.033            |
 ------------------------------------------------------------------------------
| Event                         nCalls    Total       Avg         Percent of   |
|                                         Time        Time        Active Time  |
|------------------------------------------------------------------------------|
|                                                                              |
| assemble                      41        9.0506      0.220746    6.28         |
| assemble + linear solve       29        134.9828    4.654578    93.72        |
 ------------------------------------------------------------------------------
| Totals:                       70        144.0333                100.00       |
 ------------------------------------------------------------------------------

Linear solver converged at step: 1979, final residual: 1.64958e-10  ||u - u_old|| = 40.032
F_norms[1]=0.00010426
 ------------------------------------------------------------------------------
| Porous Media Performance: Alive time=201.845, Active time=149.963            |
 ------------------------------------------------------------------------------
| Event                         nCalls    Total       Avg         Percent of   |
|                                         Time        Time        Active Time  |
|------------------------------------------------------------------------------|
|                                                                              |
| assemble                      42        9.2709      0.220736    6.18         |
| assemble + linear solve       30        140.6920    4.689734    93.82        |
 ------------------------------------------------------------------------------
| Totals:                       72        149.9629                100.00       |
 ------------------------------------------------------------------------------

Linear solver converged at step: 1804, final residual: 1.61476e-11  ||u - u_old|| = 0.510159
F_norms[2]=6.49988e-07
 Nonlinear solver converged at step 2

F_norms[0]=0.00349537		 etas[0]=0			 n_its[0]=1979
F_norms[1]=0.00010426		 etas[1]=0			 n_its[1]=1804
F_norms[2]=6.49988e-07		 etas[2]=0			 n_its[2]=0
 |TE|_oo = 0
 Scaling timestep by 1
--------------------------------------------------------------------------
Computing Surface fluxes...
Computing Kinetic Energy...
======= Finished time step    13 time=0.13 dt=0.01 =======


======= Starting time step    14 time=0.13 dt=0.01 =======
F_norms[0]=0.00239997
 ------------------------------------------------------------------------------
| Porous Media Performance: Alive time=208.264, Active time=155.891            |
 ------------------------------------------------------------------------------
| Event                         nCalls    Total       Avg         Percent of   |
|                                         Time        Time        Active Time  |
|------------------------------------------------------------------------------|
|                                                                              |
| assemble                      44        9.7113      0.220712    6.23         |
| assemble + linear solve       31        146.1798    4.715479    93.77        |
 ------------------------------------------------------------------------------
| Totals:                       75        155.8912                100.00       |
 ------------------------------------------------------------------------------

Linear solver converged at step: 1733, final residual: 1.42261e-10  ||u - u_old|| = 42.7914
F_norms[1]=3.55857e-05
 ------------------------------------------------------------------------------
| Porous Media Performance: Alive time=214.153, Active time=161.75             |
 ------------------------------------------------------------------------------
| Event                         nCalls    Total       Avg         Percent of   |
|                                         Time        Time        Active Time  |
|------------------------------------------------------------------------------|
|                                                                              |
| assemble                      45        9.9318      0.220706    6.14         |
| assemble + linear solve       32        151.8179    4.744310    93.86        |
 ------------------------------------------------------------------------------
| Totals:                       77        161.7497                100.00       |
 ------------------------------------------------------------------------------

Linear solver converged at step: 1780, final residual: 4.71638e-12  ||u - u_old|| = 0.320866
F_norms[2]=6.68482e-07
 Nonlinear solver converged at step 2

F_norms[0]=0.00239997		 etas[0]=0			 n_its[0]=1733
F_norms[1]=3.55857e-05		 etas[1]=0			 n_its[1]=1780
F_norms[2]=6.68482e-07		 etas[2]=0			 n_its[2]=0
 |TE|_oo = 0
 Scaling timestep by 1
--------------------------------------------------------------------------
Computing Surface fluxes...
Computing Kinetic Energy...
======= Finished time step    14 time=0.14 dt=0.01 =======


======= Starting time step    15 time=0.14 dt=0.01 =======
F_norms[0]=0.00183159
 ------------------------------------------------------------------------------
| Porous Media Performance: Alive time=220.763, Active time=167.874            |
 ------------------------------------------------------------------------------
| Event                         nCalls    Total       Avg         Percent of   |
|                                         Time        Time        Active Time  |
|------------------------------------------------------------------------------|
|                                                                              |
| assemble                      47        10.3727     0.220696    6.18         |
| assemble + linear solve       33        157.5016    4.772776    93.82        |
 ------------------------------------------------------------------------------
| Totals:                       80        167.8743                100.00       |
 ------------------------------------------------------------------------------

Linear solver converged at step: 1794, final residual: 8.7581e-11  ||u - u_old|| = 29.3242
F_norms[1]=8.78407e-06
 Nonlinear solver converged at step 1

F_norms[0]=0.00183159		 etas[0]=0			 n_its[0]=1794
F_norms[1]=8.78407e-06		 etas[1]=0			 n_its[1]=0
 |TE|_oo = 0
 Scaling timestep by 1
--------------------------------------------------------------------------
Computing Surface fluxes...
Computing Kinetic Energy...
======= Finished time step    15 time=0.15 dt=0.01 =======


======= Starting time step    16 time=0.15 dt=0.01 =======
F_norms[0]=0.00113112
 ------------------------------------------------------------------------------
| Porous Media Performance: Alive time=228.026, Active time=174.647            |
 ------------------------------------------------------------------------------
| Event                         nCalls    Total       Avg         Percent of   |
|                                         Time        Time        Active Time  |
|------------------------------------------------------------------------------|
|                                                                              |
| assemble                      49        10.8134     0.220682    6.19         |
| assemble + linear solve       34        163.8334    4.818630    93.81        |
 ------------------------------------------------------------------------------
| Totals:                       83        174.6468                100.00       |
 ------------------------------------------------------------------------------

Linear solver converged at step: 2000, final residual: 3.15616e-10  ||u - u_old|| = 14.1526
F_norms[1]=3.11392e-06
 Nonlinear solver converged at step 1

F_norms[0]=0.00113112		 etas[0]=0			 n_its[0]=2000
F_norms[1]=3.11392e-06		 etas[1]=0			 n_its[1]=0
 |TE|_oo = 0
 Scaling timestep by 1
--------------------------------------------------------------------------
Computing Surface fluxes...
Computing Kinetic Energy...
======= Finished time step    16 time=0.16 dt=0.01 =======


======= Starting time step    17 time=0.16 dt=0.01 =======
F_norms[0]=0.000554246
 ------------------------------------------------------------------------------
| Porous Media Performance: Alive time=234.347, Active time=180.481            |
 ------------------------------------------------------------------------------
| Event                         nCalls    Total       Avg         Percent of   |
|                                         Time        Time        Active Time  |
|------------------------------------------------------------------------------|
|                                                                              |
| assemble                      51        11.2539     0.220665    6.24         |
| assemble + linear solve       35        169.2269    4.835053    93.76        |
 ------------------------------------------------------------------------------
| Totals:                       86        180.4808                100.00       |
 ------------------------------------------------------------------------------

Linear solver converged at step: 1702, final residual: 1.56688e-11  ||u - u_old|| = 4.15461
F_norms[1]=1.90586e-06
 Nonlinear solver converged at step 1

F_norms[0]=0.000554246		 etas[0]=0			 n_its[0]=1702
F_norms[1]=1.90586e-06		 etas[1]=0			 n_its[1]=0
 |TE|_oo = 0
 Scaling timestep by 1
--------------------------------------------------------------------------
Computing Surface fluxes...
Computing Kinetic Energy...
======= Finished time step    17 time=0.17 dt=0.01 =======


======= Starting time step    18 time=0.17 dt=0.01 =======
F_norms[0]=0.000236376
 ------------------------------------------------------------------------------
| Porous Media Performance: Alive time=241.112, Active time=186.762            |
 ------------------------------------------------------------------------------
| Event                         nCalls    Total       Avg         Percent of   |
|                                         Time        Time        Active Time  |
|------------------------------------------------------------------------------|
|                                                                              |
| assemble                      53        11.6945     0.220650    6.26         |
| assemble + linear solve       36        175.0674    4.862983    93.74        |
 ------------------------------------------------------------------------------
| Totals:                       89        186.7619                100.00       |
 ------------------------------------------------------------------------------

Linear solver converged at step: 1845, final residual: 1.0339e-11  ||u - u_old|| = 2.25303
F_norms[1]=9.581e-07
 Nonlinear solver converged at step 1

F_norms[0]=0.000236376		 etas[0]=0			 n_its[0]=1845
F_norms[1]=9.581e-07		 etas[1]=0			 n_its[1]=0
 |TE|_oo = 0
 Scaling timestep by 1
--------------------------------------------------------------------------
Computing Surface fluxes...
Computing Kinetic Energy...
======= Finished time step    18 time=0.18 dt=0.01 =======


======= Starting time step    19 time=0.18 dt=0.01 =======
F_norms[0]=0.000153749
 ------------------------------------------------------------------------------
| Porous Media Performance: Alive time=248.048, Active time=193.204            |
 ------------------------------------------------------------------------------
| Event                         nCalls    Total       Avg         Percent of   |
|                                         Time        Time        Active Time  |
|------------------------------------------------------------------------------|
|                                                                              |
| assemble                      55        12.1351     0.220638    6.28         |
| assemble + linear solve       37        181.0694    4.893767    93.72        |
 ------------------------------------------------------------------------------
| Totals:                       92        193.2044                100.00       |
 ------------------------------------------------------------------------------

Linear solver converged at step: 1897, final residual: 8.20304e-12  ||u - u_old|| = 2.80309
F_norms[1]=8.27146e-07
 Nonlinear solver converged at step 1

F_norms[0]=0.000153749		 etas[0]=0			 n_its[0]=1897
F_norms[1]=8.27146e-07		 etas[1]=0			 n_its[1]=0
 |TE|_oo = 0
 Scaling timestep by 1
--------------------------------------------------------------------------
Computing Surface fluxes...
Computing Kinetic Energy...
======= Finished time step    19 time=0.19 dt=0.01 =======


======= Starting time step    20 time=0.19 dt=0.01 =======
F_norms[0]=0.000123929
 ------------------------------------------------------------------------------
| Porous Media Performance: Alive time=255.306, Active time=199.976            |
 ------------------------------------------------------------------------------
| Event                         nCalls    Total       Avg         Percent of   |
|                                         Time        Time        Active Time  |
|------------------------------------------------------------------------------|
|                                                                              |
| assemble                      57        12.5756     0.220624    6.29         |
| assemble + linear solve       38        187.4001    4.931581    93.71        |
 ------------------------------------------------------------------------------
| Totals:                       95        199.9757                100.00       |
 ------------------------------------------------------------------------------

Linear solver converged at step: 2000, final residual: 1.79234e-11  ||u - u_old|| = 2.07171
F_norms[1]=1.12052e-06
 Nonlinear solver converged at step 1

F_norms[0]=0.000123929		 etas[0]=0			 n_its[0]=2000
F_norms[1]=1.12052e-06		 etas[1]=0			 n_its[1]=0
 |TE|_oo = 0
 Scaling timestep by 1
--------------------------------------------------------------------------
Computing Surface fluxes...
Computing Kinetic Energy...
======= Finished time step    20 time=0.2 dt=0.01 =======


======= Starting time step    21 time=0.2 dt=0.01 =======
F_norms[0]=8.07887e-05
 ------------------------------------------------------------------------------
| Porous Media Performance: Alive time=274.963, Active time=206.749            |
 ------------------------------------------------------------------------------
| Event                         nCalls    Total       Avg         Percent of   |
|                                         Time        Time        Active Time  |
|------------------------------------------------------------------------------|
|                                                                              |
| assemble                      59        13.0184     0.220651    6.30         |
| assemble + linear solve       39        193.7307    4.967453    93.70        |
 ------------------------------------------------------------------------------
| Totals:                       98        206.7491                100.00       |
 ------------------------------------------------------------------------------

Linear solver converged at step: 2000, final residual: 2.50092e-11  ||u - u_old|| = 1.06608
F_norms[1]=7.1166e-07
 Nonlinear solver converged at step 1

F_norms[0]=8.07887e-05		 etas[0]=0			 n_its[0]=2000
F_norms[1]=7.1166e-07		 etas[1]=0			 n_its[1]=0
 |TE|_oo = 0
 Scaling timestep by 1
--------------------------------------------------------------------------
Computing Surface fluxes...
Computing Kinetic Energy...
======= Finished time step    21 time=0.21 dt=0.01 =======


======= Starting time step    22 time=0.21 dt=0.01 =======
F_norms[0]=4.11509e-05
 ------------------------------------------------------------------------------
| Porous Media Performance: Alive time=281.396, Active time=212.691            |
 ------------------------------------------------------------------------------
| Event                         nCalls    Total       Avg         Percent of   |
|                                         Time        Time        Active Time  |
|------------------------------------------------------------------------------|
|                                                                              |
| assemble                      61        13.4594     0.220646    6.33         |
| assemble + linear solve       40        199.2316    4.980789    93.67        |
 ------------------------------------------------------------------------------
| Totals:                       101       212.6910                100.00       |
 ------------------------------------------------------------------------------

Linear solver converged at step: 1734, final residual: 1.31606e-12  ||u - u_old|| = 0.348239
F_norms[1]=8.34808e-07
 Nonlinear solver converged at step 1

F_norms[0]=4.11509e-05		 etas[0]=0			 n_its[0]=1734
F_norms[1]=8.34808e-07		 etas[1]=0			 n_its[1]=0
 |TE|_oo = 0
 Scaling timestep by 1
--------------------------------------------------------------------------
Computing Surface fluxes...
Computing Kinetic Energy...
======= Finished time step    22 time=0.22 dt=0.01 =======


======= Starting time step    23 time=0.22 dt=0.01 =======
F_norms[0]=1.74463e-05
 ------------------------------------------------------------------------------
| Porous Media Performance: Alive time=288.645, Active time=219.459            |
 ------------------------------------------------------------------------------
| Event                         nCalls    Total       Avg         Percent of   |
|                                         Time        Time        Active Time  |
|------------------------------------------------------------------------------|
|                                                                              |
| assemble                      63        13.9005     0.220643    6.33         |
| assemble + linear solve       41        205.5581    5.013612    93.67        |
 ------------------------------------------------------------------------------
| Totals:                       104       219.4586                100.00       |
 ------------------------------------------------------------------------------

Linear solver converged at step: 2000, final residual: 1.66622e-12  ||u - u_old|| = 0.130977
F_norms[1]=5.79431e-07
 Nonlinear solver converged at step 1

F_norms[0]=1.74463e-05		 etas[0]=0			 n_its[0]=2000
F_norms[1]=5.79431e-07		 etas[1]=0			 n_its[1]=0
 |TE|_oo = 0
 Scaling timestep by 1
--------------------------------------------------------------------------
Computing Surface fluxes...
Computing Kinetic Energy...
======= Finished time step    23 time=0.23 dt=0.01 =======


======= Starting time step    24 time=0.23 dt=0.01 =======
F_norms[0]=1.0176e-05
 ------------------------------------------------------------------------------
| Porous Media Performance: Alive time=295.928, Active time=226.252            |
 ------------------------------------------------------------------------------
| Event                         nCalls    Total       Avg         Percent of   |
|                                         Time        Time        Active Time  |
|------------------------------------------------------------------------------|
|                                                                              |
| assemble                      65        14.3411     0.220633    6.34         |
| assemble + linear solve       42        211.9111    5.045502    93.66        |
 ------------------------------------------------------------------------------
| Totals:                       107       226.2522                100.00       |
 ------------------------------------------------------------------------------

Linear solver converged at step: 2000, final residual: 9.96797e-12  ||u - u_old|| = 0.179455
F_norms[1]=6.02706e-07
 Nonlinear solver converged at step 1

F_norms[0]=1.0176e-05		 etas[0]=0			 n_its[0]=2000
F_norms[1]=6.02706e-07		 etas[1]=0			 n_its[1]=0
 |TE|_oo = 0
 Scaling timestep by 1
--------------------------------------------------------------------------
Computing Surface fluxes...
Computing Kinetic Energy...
======= Finished time step    24 time=0.24 dt=0.01 =======


======= Starting time step    25 time=0.24 dt=0.01 =======
F_norms[0]=8.30557e-06
 Nonlinear solver converged at step 0

F_norms[0]=8.30557e-06		 etas[0]=0			 n_its[0]=0
 |TE|_oo = 0
 Scaling timestep by 1
--------------------------------------------------------------------------
Computing Surface fluxes...
Computing Kinetic Energy...
======= Finished time step    25 time=0.25 dt=0.01 =======


Steady State Reached: Terminating Simulation.
 ------------------------------------------------------------------------------
| Porous Media Performance: Alive time=309.571, Active time=226.693            |
 ------------------------------------------------------------------------------
| Event                         nCalls    Total       Avg         Percent of   |
|                                         Time        Time        Active Time  |
|------------------------------------------------------------------------------|
|                                                                              |
| assemble                      67        14.7822     0.220630    6.52         |
| assemble + linear solve       42        211.9111    5.045502    93.48        |
 ------------------------------------------------------------------------------
| Totals:                       109       226.6933                100.00       |
 ------------------------------------------------------------------------------

************************************************************************************************************************
***             WIDEN YOUR WINDOW TO 120 CHARACTERS.  Use 'enscript -r -fCourier9' to print this document            ***
************************************************************************************************************************

---------------------------------------------- PETSc Performance Summary: ----------------------------------------------

./pm on a linux named columbia9 with 56 processors, by benkirk Fri Apr 21 05:38:18 2006
Using Petsc Version 2.2.0, Patch 0, Released Feb 27, 2004

                         Max       Max/Min        Avg      Total 
Time (sec):           3.127e+02      1.02506   3.072e+02
Objects:              0.000e+00      0.00000   0.000e+00
Flops:                8.145e+10      1.16748   7.572e+10  4.240e+12
Flops/sec:            2.667e+08      1.17124   2.464e+08  1.380e+10
MPI Messages:         9.418e+05      3.50000   6.727e+05  3.767e+07
MPI Message Lengths:  8.342e+08      2.88396   8.482e+02  3.195e+10
MPI Reductions:       3.628e+03      1.00000

Flop counting convention: 1 flop = 1 real number operation of type (multiply/divide/add/subtract)
                            e.g., VecAXPY() for real vectors of length N --> 2N flops
                            and VecAXPY() for complex vectors of length N --> 8N flops

Summary of Stages:   ----- Time ------  ----- Flops -----  --- Messages ---  -- Message Lengths --  -- Reductions --
                        Avg     %Total     Avg     %Total   counts   %Total     Avg         %Total   counts   %Total 
 0:      Main Stage: 3.0725e+02 100.0%  4.2401e+12 100.0%  3.767e+07 100.0%  8.482e+02      100.0%  2.032e+05 100.0% 

------------------------------------------------------------------------------------------------------------------------
See the 'Profiling' chapter of the users' manual for details on interpreting output.
Phase summary info:
   Count: number of times phase was executed
   Time and Flops/sec: Max - maximum over all processors
                       Ratio - ratio of maximum to minimum over all processors
   Mess: number of messages sent
   Avg. len: average message length
   Reduct: number of global reductions
   Global: entire computation
   Stage: stages of a computation. Set stages with PetscLogStagePush() and PetscLogStagePop().
      %T - percent time in this phase         %F - percent flops in this phase
      %M - percent messages in this phase     %L - percent message lengths in this phase
      %R - percent reductions in this phase
   Total Mflop/s: 10e-6 * (sum of flops over all processors)/(max time over all processors)
------------------------------------------------------------------------------------------------------------------------


      ##########################################################
      #                                                        #
      #                          WARNING!!!                    #
      #                                                        #
      #   This code was run without the PreLoadBegin()         #
      #   macros. To get timing results we always recommend    #
      #   preloading. otherwise timing numbers may be          #
      #   meaningless.                                         #
      ##########################################################


Event                Count      Time (sec)     Flops/sec                         --- Global ---  --- Stage ---   Total
                   Max Ratio  Max     Ratio   Max  Ratio  Mess   Avg len Reduct  %T %F %M %L %R  %T %F %M %L %R Mflop/s
------------------------------------------------------------------------------------------------------------------------

--- Event Stage 0: Main Stage

VecDot            134089 1.0 2.1041e+01 3.4 2.26e+08 4.0 0.0e+00 0.0e+00 1.3e+05  5  2  0  0 66   5  2  0  0 66  3460
VecNorm            67214 1.0 1.7747e+01 4.4 1.73e+08 5.1 0.0e+00 0.0e+00 6.7e+04  4  1  0  0 33   4  1  0  0 33  2057
VecCopy              412 1.0 4.2036e-02 1.4 0.00e+00 0.0 0.0e+00 0.0e+00 0.0e+00  0  0  0  0  0   0  0  0  0  0     0
VecSet            134543 1.0 5.8338e-01 1.8 0.00e+00 0.0 0.0e+00 0.0e+00 0.0e+00  0  0  0  0  0   0  0  0  0  0     0
VecAXPY           268240 1.0 1.1950e+00 1.2 2.41e+09 1.1 0.0e+00 0.0e+00 0.0e+00  0  3  0  0  0   0  3  0  0  0 121901
VecAYPX           134042 1.0 7.5866e+00 1.3 2.01e+08 1.1 0.0e+00 0.0e+00 0.0e+00  2  2  0  0  0   2  2  0  0  0  9595
VecWAXPY          268044 1.0 1.2626e+01 1.2 2.02e+08 1.1 0.0e+00 0.0e+00 0.0e+00  4  3  0  0  0   4  3  0  0  0 10088
VecAssemblyBegin     310 1.0 1.1609e+00 3.6 0.00e+00 0.0 2.6e+04 1.4e+03 9.3e+02  0  0  0  0  0   0  0  0  0  0     0
VecAssemblyEnd       310 1.0 2.7433e-02 2.1 0.00e+00 0.0 0.0e+00 0.0e+00 0.0e+00  0  0  0  0  0   0  0  0  0  0     0
VecScatterBegin   134291 1.0 1.1729e+01 7.9 0.00e+00 0.0 3.8e+07 8.3e+02 0.0e+00  2  0100 98  0   2  0100 98  0     0
VecScatterEnd     134291 1.0 5.1308e+00 3.6 0.00e+00 0.0 0.0e+00 0.0e+00 0.0e+00  1  0  0  0  0   1  0  0  0  0     0
MatMult           134156 1.0 8.2290e+01 1.2 5.18e+08 1.2 3.8e+07 8.3e+02 0.0e+00 24 45100 98  0  24 45100 98  0 23338
MatMultAdd            67 1.0 9.1717e-02 1.9 3.60e+08 1.9 1.9e+04 8.4e+02 0.0e+00  0  0  0  0  0   0  0  0  0  0 10674
MatSolve          134156 1.0 9.7206e+01 1.2 3.76e+08 1.0 0.0e+00 0.0e+00 0.0e+00 29 44  0  0  0  29 44  0  0  0 19119
MatLUFactorNum        67 1.0 5.1103e-01 1.2 1.92e+08 1.0 0.0e+00 0.0e+00 0.0e+00  0  0  0  0  0   0  0  0  0  0  9973
MatILUFactorSym        2 1.0 7.7460e-03 3.7 0.00e+00 0.0 0.0e+00 0.0e+00 2.0e+00  0  0  0  0  0   0  0  0  0  0     0
MatAssemblyBegin     201 1.0 1.5140e+00 2.6 0.00e+00 0.0 2.6e+04 2.1e+04 4.0e+02  0  0  0  2  0   0  0  0  2  0     0
MatAssemblyEnd       201 1.0 2.5822e-01 1.8 0.00e+00 0.0 5.6e+02 4.5e+02 2.1e+02  0  0  0  0  0   0  0  0  0  0     0
MatGetOrdering         2 1.0 1.2748e-03 2.1 0.00e+00 0.0 0.0e+00 0.0e+00 4.0e+00  0  0  0  0  0   0  0  0  0  0     0
MatZeroEntries        96 1.0 2.4724e-02 1.3 0.00e+00 0.0 0.0e+00 0.0e+00 0.0e+00  0  0  0  0  0   0  0  0  0  0     0
KSPSetup             134 1.0 7.6222e-03 1.2 0.00e+00 0.0 0.0e+00 0.0e+00 0.0e+00  0  0  0  0  0   0  0  0  0  0     0
KSPSolve              67 1.0 2.1219e+02 1.0 3.84e+08 1.2 3.8e+07 8.3e+02 2.0e+05 69100100 98 99  69100100 98 99 19978
PCSetUp              134 1.0 5.6240e-01 1.1 1.74e+08 1.0 0.0e+00 0.0e+00 6.0e+00  0  0  0  0  0   0  0  0  0  0  9062
PCSetUpOnBlocks       67 1.0 5.2745e-01 1.2 1.87e+08 1.0 0.0e+00 0.0e+00 6.0e+00  0  0  0  0  0   0  0  0  0  0  9663
PCApply           134156 1.0 9.8951e+01 1.2 3.69e+08 1.0 0.0e+00 0.0e+00 0.0e+00 30 44  0  0  0  30 44  0  0  0 18782
------------------------------------------------------------------------------------------------------------------------

Memory usage is given in bytes:

Object Type          Creations   Destructions   Memory  Descendants' Mem.

--- Event Stage 0: Main Stage

           Index Set    78             78    1434760     0
                 Map   185            185      47360     0
                 Vec   187            187    5922080     0
         Vec Scatter    70             70    7179788     0
              Matrix     8              8    6814824     2.61893e+06
       Krylov Solver     4              4        304     614808
      Preconditioner     4              4        480     2.47902e+06
========================================================================================================================
Average time to get PetscTime(): 5.00679e-07
Average time for MPI_Barrier(): 1.4782e-05
Average time for zero size MPI_Send(): 0.000133374
Compiled without FORTRAN kernels
Compiled with double precision matrices (default)
sizeof(short) 2 sizeof(int) 4 sizeof(long) 8 sizeof(void *) 8   
Libraries compiled on Tue Dec 13 11:13:18 PST 2005 on columbia  
Machine characteristics: Linux columbia 2.6.5-7.202.5-sn2 #1 SMP Thu Aug 25 06:20:45 UTC 2005 ia64 ia64 ia64 GNU/Linux  
Using PETSc directory: /u/benkirk/petsc-2.2.0 
Using PETSc arch: linux64_intel 
-----------------------------------------   
Using C compiler: icc -KPIC -O2 -ftz -I/u/benkirk/petsc-2.2.0 -I/u/benkirk/petsc-2.2.0/bmake/linux64_intel -I/u/benkirk/petsc-2.2.0/include   -I/opt/sgi/mpt/1.12.0.0/include                                                                                                                           -DPETSC_USE_FOR_KERNELS -DPETSC_USE_LOG -DPETSC_USE_DEBUG -DPETSC_USE_BOPT_O -DPETSC_USE_EXTERN_CXX -DMPI_NO_CPPBIND -wd1476 -D__SDIR__='. '  
C Compiler version: 
Intel(R) C Itanium(R) Compiler for Itanium(R)-based applications 
Version 9.0    Build 20051020 Package ID: l_cc_c_9.0.027 
C++ Compiler version: 
Intel(R) C Itanium(R) Compiler for Itanium(R)-based applications 
Using Fortran compiler: ifort -w -KPIC -O2 -ftz -I/u/benkirk/petsc-2.2.0 -I/u/benkirk/petsc-2.2.0/bmake/linux64_intel -I/u/benkirk/petsc-2.2.0/include   -I/opt/sgi/mpt/1.12.0.0/include                                                                                                                           -DPETSC_USE_FOR_KERNELS -DPETSC_USE_LOG -DPETSC_USE_DEBUG -DPETSC_USE_BOPT_O -DPETSC_USE_EXTERN_CXX  
Fortran Compiler version: 
Intel(R) Fortran Itanium(R) Compiler for Itanium(R)-based applications 
Version 9.0    Build 20051020 Package ID: l_fc_c_9.0.028 
-----------------------------------------   
Using PETSc flags: -DPETSC_USE_FOR_KERNELS -DPETSC_USE_LOG -DPETSC_USE_DEBUG -DPETSC_USE_BOPT_O -DPETSC_USE_EXTERN_CXX                                                                                                                        
----------------------------------------- 
Using configuration flags: 
----------------------------------------- 
Using include paths: -I/u/benkirk/petsc-2.2.0 -I/u/benkirk/petsc-2.2.0/bmake/linux64_intel -I/u/benkirk/petsc-2.2.0/include   -I/opt/sgi/mpt/1.12.0.0/include    
------------------------------------------   
Using C linker: icc -i_dynamic -O2 -ftz -Qoption,link,-rpath,/u/benkirk/petsc-2.2.0/lib/libO/linux64_intel  
Using Fortran linker: icc -i_dynamic -O2 -ftz -Qoption,link,-rpath,/u/benkirk/petsc-2.2.0/lib/libO/linux64_intel  
Using libraries: -L/u/benkirk/petsc-2.2.0/lib/libO/linux64_intel -lpetscts -lpetscsnes -lpetscksp -lpetscdm -lpetscmat -lpetscvec -lpetsc                                                                                                                                                                                                                                                                              -Wl,-rpath,/opt/sgi/scsl/1.6.1.0/lib -L/opt/sgi/scsl/1.6.1.0/lib -lscs -L/opt/sgi/mpt/1.12.0.0/lib -lmpi -lifport -lifcoremt -ldl -limf -lm -lcxa -lunwind -lpthread -lirc 
 -------------------------------------------------------------------------------

 Run completed in 316 seconds
