
 -----------------------------------------------
| Master Host:   cfe1.nas.nasa.gov
| Working Dir:   /u/benkirk/nobackup/bmurray_code/run.columbia
| # of Procs:    48
| Case name::    pm_jwp_fine
 -----------------------------------------------

Using input file: pm_jwp_fine.in
Initializing EquationSystems ... 
 Mesh Information:
  mesh_dimension()=2
  spatial_dimension()=3
  n_nodes()=90601
  n_elem()=90000
   n_local_elem()=1862
   n_active_elem()=90000
  n_subdomains()=1
  n_processors()=48
  processor_id()=0

 EquationSystems
  n_systems()=2
   System "Porous Media"
    Type "TransientLinearImplicit"
    Variables="p" "t" "s" 
    Finite Element Types="LAGRANGE" "LAGRANGE" "LAGRANGE" 
    Approximation Orders="FIRST" "FIRST" "FIRST" 
    n_dofs()=271803
    n_local_dofs()=5916
    n_constrained_dofs()=0
    n_vectors()=6
   System "Velocity"
    Type "TransientLinearImplicit"
    Variables="u" "v" 
    Finite Element Types="LAGRANGE" "LAGRANGE" 
    Approximation Orders="FIRST" "FIRST" 
    n_dofs()=181202
    n_local_dofs()=3944
    n_constrained_dofs()=0
    n_vectors()=3

======= Starting time step     1 time=0 dt=0.01 =======
F_norms[0]=0.082227

-------------------------------------------------------
| Processor id:   0                                    |
| Num Processors: 48                                   |
| Time:           Thu Apr 20 17:43:14 2006             |
| OS:             Linux                                |
| HostName:       columbia9                            |
| OS Release:     2.6.5-7.202.7-sn2                    |
| OS Version:     #5 SMP Thu Mar 16 17:51:36 PST 2006  |
| Machine:        ia64                                 |
| Username:       benkirk                              |
-------------------------------------------------------
 ------------------------------------------------------------------------------
| Porous Media Performance: Alive time=33.6241, Active time=3.46342            |
 ------------------------------------------------------------------------------
| Event                         nCalls    Total       Avg         Percent of   |
|                                         Time        Time        Active Time  |
|------------------------------------------------------------------------------|
|                                                                              |
| assemble                      1         0.2517      0.251652    7.27         |
| assemble + linear solve       1         3.2118      3.211766    92.73        |
 ------------------------------------------------------------------------------
| Totals:                       2         3.4634                  100.00       |
 ------------------------------------------------------------------------------

Linear solver converged at step: 820, final residual: 6.90912e-11  ||u - u_old|| = 2.60099
F_norms[1]=7.45563e-07
 Nonlinear solver converged at step 1

F_norms[0]=0.082227		 etas[0]=0			 n_its[0]=820
F_norms[1]=7.45563e-07		 etas[1]=0			 n_its[1]=0
Computing Surface fluxes...
Computing Kinetic Energy...
======= Finished time step     1 time=0.01 dt=0.01 =======


======= Starting time step     2 time=0.01 dt=0.01 =======
F_norms[0]=9.67836e-05
 ------------------------------------------------------------------------------
| Porous Media Performance: Alive time=37.7328, Active time=7.06374            |
 ------------------------------------------------------------------------------
| Event                         nCalls    Total       Avg         Percent of   |
|                                         Time        Time        Active Time  |
|------------------------------------------------------------------------------|
|                                                                              |
| assemble                      3         0.7401      0.246696    10.48        |
| assemble + linear solve       2         6.3237      3.161826    89.52        |
 ------------------------------------------------------------------------------
| Totals:                       5         7.0637                  100.00       |
 ------------------------------------------------------------------------------

Linear solver converged at step: 802, final residual: 2.57406e-11  ||u - u_old|| = 0.980709
F_norms[1]=9.8564e-07
 Nonlinear solver converged at step 1

F_norms[0]=9.67836e-05		 etas[0]=0			 n_its[0]=802
F_norms[1]=9.8564e-07		 etas[1]=0			 n_its[1]=0
Computing Surface fluxes...
Computing Kinetic Energy...
======= Finished time step     2 time=0.02 dt=0.01 =======


======= Starting time step     3 time=0.02 dt=0.01 =======
F_norms[0]=0.000201933
 ------------------------------------------------------------------------------
| Porous Media Performance: Alive time=46.4015, Active time=15.2535            |
 ------------------------------------------------------------------------------
| Event                         nCalls    Total       Avg         Percent of   |
|                                         Time        Time        Active Time  |
|------------------------------------------------------------------------------|
|                                                                              |
| assemble                      5         1.2264      0.245289    8.04         |
| assemble + linear solve       3         14.0271     4.675689    91.96        |
 ------------------------------------------------------------------------------
| Totals:                       8         15.2535                 100.00       |
 ------------------------------------------------------------------------------

Linear solver converged at step: 2000, final residual: 7.14086e-10  ||u - u_old|| = 1.99902
F_norms[1]=3.54845e-06
 Nonlinear solver converged at step 1

F_norms[0]=0.000201933		 etas[0]=0			 n_its[0]=2000
F_norms[1]=3.54845e-06		 etas[1]=0			 n_its[1]=0
 |TE|_oo = 0
 Scaling timestep by 1
--------------------------------------------------------------------------
Computing Surface fluxes...
Computing Kinetic Energy...
======= Finished time step     3 time=0.03 dt=0.01 =======


======= Starting time step     4 time=0.03 dt=0.01 =======
F_norms[0]=0.000424313
 ------------------------------------------------------------------------------
| Porous Media Performance: Alive time=50.3631, Active time=18.7418            |
 ------------------------------------------------------------------------------
| Event                         nCalls    Total       Avg         Percent of   |
|                                         Time        Time        Active Time  |
|------------------------------------------------------------------------------|
|                                                                              |
| assemble                      7         1.7136      0.244794    9.14         |
| assemble + linear solve       4         17.0282     4.257050    90.86        |
 ------------------------------------------------------------------------------
| Totals:                       11        18.7418                 100.00       |
 ------------------------------------------------------------------------------

Linear solver converged at step: 774, final residual: 9.33345e-11  ||u - u_old|| = 4.15598
F_norms[1]=1.53004e-05
 ------------------------------------------------------------------------------
| Porous Media Performance: Alive time=53.891, Active time=22.2383             |
 ------------------------------------------------------------------------------
| Event                         nCalls    Total       Avg         Percent of   |
|                                         Time        Time        Active Time  |
|------------------------------------------------------------------------------|
|                                                                              |
| assemble                      8         1.9579      0.244741    8.80         |
| assemble + linear solve       5         20.2804     4.056075    91.20        |
 ------------------------------------------------------------------------------
| Totals:                       13        22.2383                 100.00       |
 ------------------------------------------------------------------------------

Linear solver converged at step: 840, final residual: 3.87136e-12  ||u - u_old|| = 0.0454175
F_norms[2]=3.50461e-07
 Nonlinear solver converged at step 2

F_norms[0]=0.000424313		 etas[0]=0			 n_its[0]=774
F_norms[1]=1.53004e-05		 etas[1]=0			 n_its[1]=840
F_norms[2]=3.50461e-07		 etas[2]=0			 n_its[2]=0
 |TE|_oo = 0
 Scaling timestep by 1
--------------------------------------------------------------------------
Computing Surface fluxes...
Computing Kinetic Energy...
======= Finished time step     4 time=0.04 dt=0.01 =======


======= Starting time step     5 time=0.04 dt=0.01 =======
F_norms[0]=0.000888959
 ------------------------------------------------------------------------------
| Porous Media Performance: Alive time=58.1248, Active time=25.9898            |
 ------------------------------------------------------------------------------
| Event                         nCalls    Total       Avg         Percent of   |
|                                         Time        Time        Active Time  |
|------------------------------------------------------------------------------|
|                                                                              |
| assemble                      10        2.4452      0.244515    9.41         |
| assemble + linear solve       6         23.5446     3.924105    90.59        |
 ------------------------------------------------------------------------------
| Totals:                       16        25.9898                 100.00       |
 ------------------------------------------------------------------------------

Linear solver converged at step: 844, final residual: 1.97622e-10  ||u - u_old|| = 8.73602
F_norms[1]=6.75623e-05
 ------------------------------------------------------------------------------
| Porous Media Performance: Alive time=61.2861, Active time=29.1185            |
 ------------------------------------------------------------------------------
| Event                         nCalls    Total       Avg         Percent of   |
|                                         Time        Time        Active Time  |
|------------------------------------------------------------------------------|
|                                                                              |
| assemble                      11        2.6886      0.244422    9.23         |
| assemble + linear solve       7         26.4298     3.775688    90.77        |
 ------------------------------------------------------------------------------
| Totals:                       18        29.1185                 100.00       |
 ------------------------------------------------------------------------------

Linear solver converged at step: 744, final residual: 2.15373e-11  ||u - u_old|| = 0.212686
F_norms[2]=9.76512e-07
 Nonlinear solver converged at step 2

F_norms[0]=0.000888959		 etas[0]=0			 n_its[0]=844
F_norms[1]=6.75623e-05		 etas[1]=0			 n_its[1]=744
F_norms[2]=9.76512e-07		 etas[2]=0			 n_its[2]=0
 |TE|_oo = 0
 Scaling timestep by 1
--------------------------------------------------------------------------
Computing Surface fluxes...
Computing Kinetic Energy...
======= Finished time step     5 time=0.05 dt=0.01 =======


======= Starting time step     6 time=0.05 dt=0.01 =======
F_norms[0]=0.00187428
 ------------------------------------------------------------------------------
| Porous Media Performance: Alive time=65.4851, Active time=32.8423            |
 ------------------------------------------------------------------------------
| Event                         nCalls    Total       Avg         Percent of   |
|                                         Time        Time        Active Time  |
|------------------------------------------------------------------------------|
|                                                                              |
| assemble                      13        3.1752      0.244244    9.67         |
| assemble + linear solve       8         29.6672     3.708394    90.33        |
 ------------------------------------------------------------------------------
| Totals:                       21        32.8423                 100.00       |
 ------------------------------------------------------------------------------

Linear solver converged at step: 836, final residual: 4.81621e-10  ||u - u_old|| = 19.0616
F_norms[1]=0.000319121
 ------------------------------------------------------------------------------
| Porous Media Performance: Alive time=69.2326, Active time=36.5573            |
 ------------------------------------------------------------------------------
| Event                         nCalls    Total       Avg         Percent of   |
|                                         Time        Time        Active Time  |
|------------------------------------------------------------------------------|
|                                                                              |
| assemble                      14        3.4188      0.244199    9.35         |
| assemble + linear solve       9         33.1385     3.682053    90.65        |
 ------------------------------------------------------------------------------
| Totals:                       23        36.5573                 100.00       |
 ------------------------------------------------------------------------------

Linear solver converged at step: 897, final residual: 6.22433e-11  ||u - u_old|| = 1.25051
F_norms[2]=2.14678e-06
 Nonlinear solver converged at step 2

F_norms[0]=0.00187428		 etas[0]=0			 n_its[0]=836
F_norms[1]=0.000319121		 etas[1]=0			 n_its[1]=897
F_norms[2]=2.14678e-06		 etas[2]=0			 n_its[2]=0
 |TE|_oo = 0
 Scaling timestep by 1
--------------------------------------------------------------------------
Computing Surface fluxes...
Computing Kinetic Energy...
======= Finished time step     6 time=0.06 dt=0.01 =======


======= Starting time step     7 time=0.06 dt=0.01 =======
F_norms[0]=0.00411452
 ------------------------------------------------------------------------------
| Porous Media Performance: Alive time=73.6835, Active time=40.5316            |
 ------------------------------------------------------------------------------
| Event                         nCalls    Total       Avg         Percent of   |
|                                         Time        Time        Active Time  |
|------------------------------------------------------------------------------|
|                                                                              |
| assemble                      16        3.9054      0.244090    9.64         |
| assemble + linear solve       10        36.6262     3.662617    90.36        |
 ------------------------------------------------------------------------------
| Totals:                       26        40.5316                 100.00       |
 ------------------------------------------------------------------------------

Linear solver converged at step: 902, final residual: 8.2828e-10  ||u - u_old|| = 49.202
F_norms[1]=0.00205493
 ------------------------------------------------------------------------------
| Porous Media Performance: Alive time=77.5143, Active time=44.3304            |
 ------------------------------------------------------------------------------
| Event                         nCalls    Total       Avg         Percent of   |
|                                         Time        Time        Active Time  |
|------------------------------------------------------------------------------|
|                                                                              |
| assemble                      17        4.1492      0.244069    9.36         |
| assemble + linear solve       11        40.1812     3.652836    90.64        |
 ------------------------------------------------------------------------------
| Totals:                       28        44.3304                 100.00       |
 ------------------------------------------------------------------------------

Linear solver converged at step: 919, final residual: 6.40394e-10  ||u - u_old|| = 16.4767
F_norms[2]=0.000264863
 ------------------------------------------------------------------------------
| Porous Media Performance: Alive time=82.0848, Active time=48.8688            |
 ------------------------------------------------------------------------------
| Event                         nCalls    Total       Avg         Percent of   |
|                                         Time        Time        Active Time  |
|------------------------------------------------------------------------------|
|                                                                              |
| assemble                      18        4.3927      0.244038    8.99         |
| assemble + linear solve       12        44.4762     3.706347    91.01        |
 ------------------------------------------------------------------------------
| Totals:                       30        48.8688                 100.00       |
 ------------------------------------------------------------------------------

Linear solver converged at step: 1112, final residual: 6.01985e-11  ||u - u_old|| = 1.88871
F_norms[3]=1.79437e-06
 Nonlinear solver converged at step 3

F_norms[0]=0.00411452		 etas[0]=0			 n_its[0]=902
F_norms[1]=0.00205493		 etas[1]=0			 n_its[1]=919
F_norms[2]=0.000264863		 etas[2]=0			 n_its[2]=1112
F_norms[3]=1.79437e-06		 etas[3]=0			 n_its[3]=0
 |TE|_oo = 0
 Scaling timestep by 1
--------------------------------------------------------------------------
Computing Surface fluxes...
Computing Kinetic Energy...
======= Finished time step     7 time=0.07 dt=0.01 =======


======= Starting time step     8 time=0.07 dt=0.01 =======
F_norms[0]=0.0114424
 ------------------------------------------------------------------------------
| Porous Media Performance: Alive time=87.4003, Active time=53.7044            |
 ------------------------------------------------------------------------------
| Event                         nCalls    Total       Avg         Percent of   |
|                                         Time        Time        Active Time  |
|------------------------------------------------------------------------------|
|                                                                              |
| assemble                      20        4.8806      0.244029    9.09         |
| assemble + linear solve       13        48.8238     3.755680    90.91        |
 ------------------------------------------------------------------------------
| Totals:                       33        53.7044                 100.00       |
 ------------------------------------------------------------------------------

Linear solver converged at step: 1124, final residual: 2.85136e-09  ||u - u_old|| = 323.507
F_norms[1]=0.0666914
 ------------------------------------------------------------------------------
| Porous Media Performance: Alive time=95.3788, Active time=61.6515            |
 ------------------------------------------------------------------------------
| Event                         nCalls    Total       Avg         Percent of   |
|                                         Time        Time        Active Time  |
|------------------------------------------------------------------------------|
|                                                                              |
| assemble                      21        5.1251      0.244054    8.31         |
| assemble + linear solve       14        56.5264     4.037601    91.69        |
 ------------------------------------------------------------------------------
| Totals:                       35        61.6515                 100.00       |
 ------------------------------------------------------------------------------

Linear solver converged at step: 2000, final residual: 1.61807e-06  ||u - u_old|| = 150.803
F_norms[2]=0.0108567
 ------------------------------------------------------------------------------
| Porous Media Performance: Alive time=103.354, Active time=69.5956            |
 ------------------------------------------------------------------------------
| Event                         nCalls    Total       Avg         Percent of   |
|                                         Time        Time        Active Time  |
|------------------------------------------------------------------------------|
|                                                                              |
| assemble                      22        5.3697      0.244075    7.72         |
| assemble + linear solve       15        64.2260     4.281730    92.28        |
 ------------------------------------------------------------------------------
| Totals:                       37        69.5956                 100.00       |
 ------------------------------------------------------------------------------

Linear solver converged at step: 2000, final residual: 2.86121e-08  ||u - u_old|| = 84.7689
F_norms[3]=0.00106725
 ------------------------------------------------------------------------------
| Porous Media Performance: Alive time=111.33, Active time=77.5408             |
 ------------------------------------------------------------------------------
| Event                         nCalls    Total       Avg         Percent of   |
|                                         Time        Time        Active Time  |
|------------------------------------------------------------------------------|
|                                                                              |
| assemble                      23        5.6142      0.244094    7.24         |
| assemble + linear solve       16        71.9267     4.495416    92.76        |
 ------------------------------------------------------------------------------
| Totals:                       39        77.5408                 100.00       |
 ------------------------------------------------------------------------------

Linear solver converged at step: 2000, final residual: 8.50344e-08  ||u - u_old|| = 8.06181
F_norms[4]=1.7705e-05
 ------------------------------------------------------------------------------
| Porous Media Performance: Alive time=119.306, Active time=85.486             |
 ------------------------------------------------------------------------------
| Event                         nCalls    Total       Avg         Percent of   |
|                                         Time        Time        Active Time  |
|------------------------------------------------------------------------------|
|                                                                              |
| assemble                      24        5.8586      0.244107    6.85         |
| assemble + linear solve       17        79.6274     4.683964    93.15        |
 ------------------------------------------------------------------------------
| Totals:                       41        85.4860                 100.00       |
 ------------------------------------------------------------------------------

Linear solver converged at step: 2000, final residual: 4.78168e-11  ||u - u_old|| = 0.0959929
F_norms[5]=7.00764e-07
 Nonlinear solver converged at step 5

F_norms[0]=0.0114424		 etas[0]=0			 n_its[0]=1124
F_norms[1]=0.0666914		 etas[1]=0			 n_its[1]=2000
F_norms[2]=0.0108567		 etas[2]=0			 n_its[2]=2000
F_norms[3]=0.00106725		 etas[3]=0			 n_its[3]=2000
F_norms[4]=1.7705e-05		 etas[4]=0			 n_its[4]=2000
F_norms[5]=7.00764e-07		 etas[5]=0			 n_its[5]=0
 |TE|_oo = 0
 Scaling timestep by 1
--------------------------------------------------------------------------
Computing Surface fluxes...
Computing Kinetic Energy...
======= Finished time step     8 time=0.08 dt=0.01 =======


======= Starting time step     9 time=0.08 dt=0.01 =======
F_norms[0]=0.0316962
 ------------------------------------------------------------------------------
| Porous Media Performance: Alive time=127.56, Active time=93.2372             |
 ------------------------------------------------------------------------------
| Event                         nCalls    Total       Avg         Percent of   |
|                                         Time        Time        Active Time  |
|------------------------------------------------------------------------------|
|                                                                              |
| assemble                      26        6.3466      0.244100    6.81         |
| assemble + linear solve       18        86.8906     4.827257    93.19        |
 ------------------------------------------------------------------------------
| Totals:                       44        93.2372                 100.00       |
 ------------------------------------------------------------------------------

Linear solver converged at step: 1887, final residual: 5.83605e-09  ||u - u_old|| = 967.511
F_norms[1]=0.0670378
 ------------------------------------------------------------------------------
| Porous Media Performance: Alive time=135.538, Active time=101.183            |
 ------------------------------------------------------------------------------
| Event                         nCalls    Total       Avg         Percent of   |
|                                         Time        Time        Active Time  |
|------------------------------------------------------------------------------|
|                                                                              |
| assemble                      27        6.5901      0.244078    6.51         |
| assemble + linear solve       19        94.5930     4.978580    93.49        |
 ------------------------------------------------------------------------------
| Totals:                       46        101.1831                100.00       |
 ------------------------------------------------------------------------------

Linear solver converged at step: 2000, final residual: 1.69112e-06  ||u - u_old|| = 283.776
F_norms[2]=0.01134
 ------------------------------------------------------------------------------
| Porous Media Performance: Alive time=142.681, Active time=108.294            |
 ------------------------------------------------------------------------------
| Event                         nCalls    Total       Avg         Percent of   |
|                                         Time        Time        Active Time  |
|------------------------------------------------------------------------------|
|                                                                              |
| assemble                      28        6.8335      0.244053    6.31         |
| assemble + linear solve       20        101.4604    5.073020    93.69        |
 ------------------------------------------------------------------------------
| Totals:                       48        108.2939                100.00       |
 ------------------------------------------------------------------------------

Linear solver converged at step: 1783, final residual: 2.76149e-09  ||u - u_old|| = 35.2199
F_norms[3]=0.000496703
 ------------------------------------------------------------------------------
| Porous Media Performance: Alive time=150.661, Active time=116.242            |
 ------------------------------------------------------------------------------
| Event                         nCalls    Total       Avg         Percent of   |
|                                         Time        Time        Active Time  |
|------------------------------------------------------------------------------|
|                                                                              |
| assemble                      29        7.0770      0.244035    6.09         |
| assemble + linear solve       21        109.1650    5.198333    93.91        |
 ------------------------------------------------------------------------------
| Totals:                       50        116.2420                100.00       |
 ------------------------------------------------------------------------------

Linear solver converged at step: 2000, final residual: 4.60897e-09  ||u - u_old|| = 1.0306
F_norms[4]=3.56389e-06
 Nonlinear solver converged at step 4

F_norms[0]=0.0316962		 etas[0]=0			 n_its[0]=1887
F_norms[1]=0.0670378		 etas[1]=0			 n_its[1]=2000
F_norms[2]=0.01134		 etas[2]=0			 n_its[2]=1783
F_norms[3]=0.000496703		 etas[3]=0			 n_its[3]=2000
F_norms[4]=3.56389e-06		 etas[4]=0			 n_its[4]=0
 |TE|_oo = 0
 Scaling timestep by 1
--------------------------------------------------------------------------
Computing Surface fluxes...
Computing Kinetic Energy...
======= Finished time step     9 time=0.09 dt=0.01 =======


======= Starting time step    10 time=0.09 dt=0.01 =======
F_norms[0]=0.032147
 ------------------------------------------------------------------------------
| Porous Media Performance: Alive time=159.343, Active time=124.43             |
 ------------------------------------------------------------------------------
| Event                         nCalls    Total       Avg         Percent of   |
|                                         Time        Time        Active Time  |
|------------------------------------------------------------------------------|
|                                                                              |
| assemble                      31        7.5644      0.244013    6.08         |
| assemble + linear solve       22        116.8654    5.312065    93.92        |
 ------------------------------------------------------------------------------
| Totals:                       53        124.4298                100.00       |
 ------------------------------------------------------------------------------

Linear solver converged at step: 2000, final residual: 4.27546e-06  ||u - u_old|| = 515.774
F_norms[1]=0.00550432
 ------------------------------------------------------------------------------
| Porous Media Performance: Alive time=166.168, Active time=131.224            |
 ------------------------------------------------------------------------------
| Event                         nCalls    Total       Avg         Percent of   |
|                                         Time        Time        Active Time  |
|------------------------------------------------------------------------------|
|                                                                              |
| assemble                      32        7.8087      0.244022    5.95         |
| assemble + linear solve       23        123.4152    5.365876    94.05        |
 ------------------------------------------------------------------------------
| Totals:                       55        131.2239                100.00       |
 ------------------------------------------------------------------------------

Linear solver converged at step: 1700, final residual: 8.38696e-10  ||u - u_old|| = 18.7768
F_norms[2]=7.35927e-05
 ------------------------------------------------------------------------------
| Porous Media Performance: Alive time=172.936, Active time=137.961            |
 ------------------------------------------------------------------------------
| Event                         nCalls    Total       Avg         Percent of   |
|                                         Time        Time        Active Time  |
|------------------------------------------------------------------------------|
|                                                                              |
| assemble                      33        8.0526      0.244017    5.84         |
| assemble + linear solve       24        129.9081    5.412839    94.16        |
 ------------------------------------------------------------------------------
| Totals:                       57        137.9607                100.00       |
 ------------------------------------------------------------------------------

Linear solver converged at step: 1686, final residual: 1.94745e-11  ||u - u_old|| = 0.0736725
F_norms[3]=4.24142e-07
 Nonlinear solver converged at step 3

F_norms[0]=0.032147		 etas[0]=0			 n_its[0]=2000
F_norms[1]=0.00550432		 etas[1]=0			 n_its[1]=1700
F_norms[2]=7.35927e-05		 etas[2]=0			 n_its[2]=1686
F_norms[3]=4.24142e-07		 etas[3]=0			 n_its[3]=0
 |TE|_oo = 0
 Scaling timestep by 1
--------------------------------------------------------------------------
Computing Surface fluxes...
Computing Kinetic Energy...
======= Finished time step    10 time=0.1 dt=0.01 =======


======= Starting time step    11 time=0.1 dt=0.01 =======
F_norms[0]=0.0192593
 ------------------------------------------------------------------------------
| Porous Media Performance: Alive time=193.779, Active time=145.792            |
 ------------------------------------------------------------------------------
| Event                         nCalls    Total       Avg         Percent of   |
|                                         Time        Time        Active Time  |
|------------------------------------------------------------------------------|
|                                                                              |
| assemble                      35        8.5417      0.244048    5.86         |
| assemble + linear solve       25        137.2498    5.489993    94.14        |
 ------------------------------------------------------------------------------
| Totals:                       60        145.7915                100.00       |
 ------------------------------------------------------------------------------

Linear solver converged at step: 1906, final residual: 7.89314e-10  ||u - u_old|| = 205.011
F_norms[1]=0.00081507
 ------------------------------------------------------------------------------
| Porous Media Performance: Alive time=200.553, Active time=152.534            |
 ------------------------------------------------------------------------------
| Event                         nCalls    Total       Avg         Percent of   |
|                                         Time        Time        Active Time  |
|------------------------------------------------------------------------------|
|                                                                              |
| assemble                      36        8.7862      0.244061    5.76         |
| assemble + linear solve       26        143.7476    5.528753    94.24        |
 ------------------------------------------------------------------------------
| Totals:                       62        152.5338                100.00       |
 ------------------------------------------------------------------------------

Linear solver converged at step: 1686, final residual: 1.39234e-10  ||u - u_old|| = 9.9114
F_norms[2]=2.70771e-06
 Nonlinear solver converged at step 2

F_norms[0]=0.0192593		 etas[0]=0			 n_its[0]=1906
F_norms[1]=0.00081507		 etas[1]=0			 n_its[1]=1686
F_norms[2]=2.70771e-06		 etas[2]=0			 n_its[2]=0
 |TE|_oo = 0
 Scaling timestep by 1
--------------------------------------------------------------------------
Computing Surface fluxes...
Computing Kinetic Energy...
======= Finished time step    11 time=0.11 dt=0.01 =======


======= Starting time step    12 time=0.11 dt=0.01 =======
F_norms[0]=0.00844735
 ------------------------------------------------------------------------------
| Porous Media Performance: Alive time=208.715, Active time=160.208            |
 ------------------------------------------------------------------------------
| Event                         nCalls    Total       Avg         Percent of   |
|                                         Time        Time        Active Time  |
|------------------------------------------------------------------------------|
|                                                                              |
| assemble                      38        9.2753      0.244087    5.79         |
| assemble + linear solve       27        150.9330    5.590113    94.21        |
 ------------------------------------------------------------------------------
| Totals:                       65        160.2083                100.00       |
 ------------------------------------------------------------------------------

Linear solver converged at step: 1865, final residual: 4.33131e-10  ||u - u_old|| = 49.5448
F_norms[1]=0.000277174
 ------------------------------------------------------------------------------
| Porous Media Performance: Alive time=215.666, Active time=167.128            |
 ------------------------------------------------------------------------------
| Event                         nCalls    Total       Avg         Percent of   |
|                                         Time        Time        Active Time  |
|------------------------------------------------------------------------------|
|                                                                              |
| assemble                      39        9.5202      0.244107    5.70         |
| assemble + linear solve       28        157.6083    5.628868    94.30        |
 ------------------------------------------------------------------------------
| Totals:                       67        167.1285                100.00       |
 ------------------------------------------------------------------------------

Linear solver converged at step: 1733, final residual: 3.97223e-11  ||u - u_old|| = 3.32986
F_norms[2]=7.26017e-07
 Nonlinear solver converged at step 2

F_norms[0]=0.00844735		 etas[0]=0			 n_its[0]=1865
F_norms[1]=0.000277174		 etas[1]=0			 n_its[1]=1733
F_norms[2]=7.26017e-07		 etas[2]=0			 n_its[2]=0
 |TE|_oo = 0
 Scaling timestep by 1
--------------------------------------------------------------------------
Computing Surface fluxes...
Computing Kinetic Energy...
======= Finished time step    12 time=0.12 dt=0.01 =======


======= Starting time step    13 time=0.12 dt=0.01 =======
F_norms[0]=0.00349537
 ------------------------------------------------------------------------------
| Porous Media Performance: Alive time=223.614, Active time=174.594            |
 ------------------------------------------------------------------------------
| Event                         nCalls    Total       Avg         Percent of   |
|                                         Time        Time        Active Time  |
|------------------------------------------------------------------------------|
|                                                                              |
| assemble                      41        10.0090     0.244121    5.73         |
| assemble + linear solve       29        164.5849    5.675342    94.27        |
 ------------------------------------------------------------------------------
| Totals:                       70        174.5939                100.00       |
 ------------------------------------------------------------------------------

Linear solver converged at step: 1813, final residual: 1.85413e-10  ||u - u_old|| = 40.0297
F_norms[1]=0.000104269
 ------------------------------------------------------------------------------
| Porous Media Performance: Alive time=230.528, Active time=181.476            |
 ------------------------------------------------------------------------------
| Event                         nCalls    Total       Avg         Percent of   |
|                                         Time        Time        Active Time  |
|------------------------------------------------------------------------------|
|                                                                              |
| assemble                      42        10.2528     0.244115    5.65         |
| assemble + linear solve       30        171.2230    5.707435    94.35        |
 ------------------------------------------------------------------------------
| Totals:                       72        181.4759                100.00       |
 ------------------------------------------------------------------------------

Linear solver converged at step: 1724, final residual: 1.39687e-11  ||u - u_old|| = 0.510165
F_norms[2]=6.86124e-07
 Nonlinear solver converged at step 2

F_norms[0]=0.00349537		 etas[0]=0			 n_its[0]=1813
F_norms[1]=0.000104269		 etas[1]=0			 n_its[1]=1724
F_norms[2]=6.86124e-07		 etas[2]=0			 n_its[2]=0
 |TE|_oo = 0
 Scaling timestep by 1
--------------------------------------------------------------------------
Computing Surface fluxes...
Computing Kinetic Energy...
======= Finished time step    13 time=0.13 dt=0.01 =======


======= Starting time step    14 time=0.13 dt=0.01 =======
F_norms[0]=0.00239997
 ------------------------------------------------------------------------------
| Porous Media Performance: Alive time=238.845, Active time=189.303            |
 ------------------------------------------------------------------------------
| Event                         nCalls    Total       Avg         Percent of   |
|                                         Time        Time        Active Time  |
|------------------------------------------------------------------------------|
|                                                                              |
| assemble                      44        10.7405     0.244101    5.67         |
| assemble + linear solve       31        178.5627    5.760089    94.33        |
 ------------------------------------------------------------------------------
| Totals:                       75        189.3032                100.00       |
 ------------------------------------------------------------------------------

Linear solver converged at step: 1907, final residual: 1.02088e-10  ||u - u_old|| = 42.789
F_norms[1]=3.55878e-05
 ------------------------------------------------------------------------------
| Porous Media Performance: Alive time=246.82, Active time=197.247             |
 ------------------------------------------------------------------------------
| Event                         nCalls    Total       Avg         Percent of   |
|                                         Time        Time        Active Time  |
|------------------------------------------------------------------------------|
|                                                                              |
| assemble                      45        10.9845     0.244099    5.57         |
| assemble + linear solve       32        186.2624    5.820699    94.43        |
 ------------------------------------------------------------------------------
| Totals:                       77        197.2468                100.00       |
 ------------------------------------------------------------------------------

Linear solver converged at step: 2000, final residual: 8.36133e-07  ||u - u_old|| = 0.321018
F_norms[2]=0.000107415
 ------------------------------------------------------------------------------
| Porous Media Performance: Alive time=254.799, Active time=205.194            |
 ------------------------------------------------------------------------------
| Event                         nCalls    Total       Avg         Percent of   |
|                                         Time        Time        Active Time  |
|------------------------------------------------------------------------------|
|                                                                              |
| assemble                      46        11.2286     0.244101    5.47         |
| assemble + linear solve       33        193.9654    5.877738    94.53        |
 ------------------------------------------------------------------------------
| Totals:                       79        205.1940                100.00       |
 ------------------------------------------------------------------------------

Linear solver converged at step: 2000, final residual: 2.88171e-12  ||u - u_old|| = 0.00255554
F_norms[3]=3.03085e-07
 Nonlinear solver converged at step 3

F_norms[0]=0.00239997		 etas[0]=0			 n_its[0]=1907
F_norms[1]=3.55878e-05		 etas[1]=0			 n_its[1]=2000
F_norms[2]=0.000107415		 etas[2]=0			 n_its[2]=2000
F_norms[3]=3.03085e-07		 etas[3]=0			 n_its[3]=0
 |TE|_oo = 0
 Scaling timestep by 1
--------------------------------------------------------------------------
Computing Surface fluxes...
Computing Kinetic Energy...
======= Finished time step    14 time=0.14 dt=0.01 =======


======= Starting time step    15 time=0.14 dt=0.01 =======
F_norms[0]=0.0018316
 ------------------------------------------------------------------------------
| Porous Media Performance: Alive time=263.485, Active time=213.382            |
 ------------------------------------------------------------------------------
| Event                         nCalls    Total       Avg         Percent of   |
|                                         Time        Time        Active Time  |
|------------------------------------------------------------------------------|
|                                                                              |
| assemble                      48        11.7161     0.244085    5.49         |
| assemble + linear solve       34        201.6659    5.931349    94.51        |
 ------------------------------------------------------------------------------
| Totals:                       82        213.3819                100.00       |
 ------------------------------------------------------------------------------

Linear solver converged at step: 2000, final residual: 4.8043e-10  ||u - u_old|| = 29.3229
F_norms[1]=8.94428e-06
 Nonlinear solver converged at step 1

F_norms[0]=0.0018316		 etas[0]=0			 n_its[0]=2000
F_norms[1]=8.94428e-06		 etas[1]=0			 n_its[1]=0
 |TE|_oo = 0
 Scaling timestep by 1
--------------------------------------------------------------------------
Computing Surface fluxes...
Computing Kinetic Energy...
======= Finished time step    15 time=0.15 dt=0.01 =======


======= Starting time step    16 time=0.15 dt=0.01 =======
F_norms[0]=0.00113112
 ------------------------------------------------------------------------------
| Porous Media Performance: Alive time=271.86, Active time=221.276             |
 ------------------------------------------------------------------------------
| Event                         nCalls    Total       Avg         Percent of   |
|                                         Time        Time        Active Time  |
|------------------------------------------------------------------------------|
|                                                                              |
| assemble                      50        12.2040     0.244079    5.52         |
| assemble + linear solve       35        209.0720    5.973486    94.48        |
 ------------------------------------------------------------------------------
| Totals:                       85        221.2760                100.00       |
 ------------------------------------------------------------------------------

Linear solver converged at step: 1923, final residual: 4.85234e-11  ||u - u_old|| = 14.1522
F_norms[1]=2.85672e-06
 Nonlinear solver converged at step 1

F_norms[0]=0.00113112		 etas[0]=0			 n_its[0]=1923
F_norms[1]=2.85672e-06		 etas[1]=0			 n_its[1]=0
 |TE|_oo = 0
 Scaling timestep by 1
--------------------------------------------------------------------------
Computing Surface fluxes...
Computing Kinetic Energy...
======= Finished time step    16 time=0.16 dt=0.01 =======


======= Starting time step    17 time=0.16 dt=0.01 =======
F_norms[0]=0.000554245
 ------------------------------------------------------------------------------
| Porous Media Performance: Alive time=279.703, Active time=228.642            |
 ------------------------------------------------------------------------------
| Event                         nCalls    Total       Avg         Percent of   |
|                                         Time        Time        Active Time  |
|------------------------------------------------------------------------------|
|                                                                              |
| assemble                      52        12.6917     0.244072    5.55         |
| assemble + linear solve       36        215.9498    5.998605    94.45        |
 ------------------------------------------------------------------------------
| Totals:                       88        228.6415                100.00       |
 ------------------------------------------------------------------------------

Linear solver converged at step: 1786, final residual: 2.36108e-11  ||u - u_old|| = 4.15463
F_norms[1]=1.57899e-06
 Nonlinear solver converged at step 1

F_norms[0]=0.000554245		 etas[0]=0			 n_its[0]=1786
F_norms[1]=1.57899e-06		 etas[1]=0			 n_its[1]=0
 |TE|_oo = 0
 Scaling timestep by 1
--------------------------------------------------------------------------
Computing Surface fluxes...
Computing Kinetic Energy...
======= Finished time step    17 time=0.17 dt=0.01 =======


======= Starting time step    18 time=0.17 dt=0.01 =======
F_norms[0]=0.000236374
 ------------------------------------------------------------------------------
| Porous Media Performance: Alive time=288.369, Active time=236.831            |
 ------------------------------------------------------------------------------
| Event                         nCalls    Total       Avg         Percent of   |
|                                         Time        Time        Active Time  |
|------------------------------------------------------------------------------|
|                                                                              |
| assemble                      54        13.1802     0.244077    5.57         |
| assemble + linear solve       37        223.6513    6.044630    94.43        |
 ------------------------------------------------------------------------------
| Totals:                       91        236.8315                100.00       |
 ------------------------------------------------------------------------------

Linear solver converged at step: 2000, final residual: 7.86938e-11  ||u - u_old|| = 2.25292
F_norms[1]=1.37463e-06
 Nonlinear solver converged at step 1

F_norms[0]=0.000236374		 etas[0]=0			 n_its[0]=2000
F_norms[1]=1.37463e-06		 etas[1]=0			 n_its[1]=0
 |TE|_oo = 0
 Scaling timestep by 1
--------------------------------------------------------------------------
Computing Surface fluxes...
Computing Kinetic Energy...
======= Finished time step    18 time=0.18 dt=0.01 =======


======= Starting time step    19 time=0.18 dt=0.01 =======
F_norms[0]=0.000153753
 ------------------------------------------------------------------------------
| Porous Media Performance: Alive time=297.03, Active time=245.019             |
 ------------------------------------------------------------------------------
| Event                         nCalls    Total       Avg         Percent of   |
|                                         Time        Time        Active Time  |
|------------------------------------------------------------------------------|
|                                                                              |
| assemble                      56        13.6686     0.244082    5.58         |
| assemble + linear solve       38        231.3500    6.088157    94.42        |
 ------------------------------------------------------------------------------
| Totals:                       94        245.0186                100.00       |
 ------------------------------------------------------------------------------

Linear solver converged at step: 2000, final residual: 3.09209e-10  ||u - u_old|| = 2.80294
F_norms[1]=1.32253e-06
 Nonlinear solver converged at step 1

F_norms[0]=0.000153753		 etas[0]=0			 n_its[0]=2000
F_norms[1]=1.32253e-06		 etas[1]=0			 n_its[1]=0
 |TE|_oo = 0
 Scaling timestep by 1
--------------------------------------------------------------------------
Computing Surface fluxes...
Computing Kinetic Energy...
======= Finished time step    19 time=0.19 dt=0.01 =======


======= Starting time step    20 time=0.19 dt=0.01 =======
F_norms[0]=0.000123934
 ------------------------------------------------------------------------------
| Porous Media Performance: Alive time=305.696, Active time=253.204            |
 ------------------------------------------------------------------------------
| Event                         nCalls    Total       Avg         Percent of   |
|                                         Time        Time        Active Time  |
|------------------------------------------------------------------------------|
|                                                                              |
| assemble                      58        14.1560     0.244068    5.59         |
| assemble + linear solve       39        239.0483    6.129445    94.41        |
 ------------------------------------------------------------------------------
| Totals:                       97        253.2043                100.00       |
 ------------------------------------------------------------------------------

Linear solver converged at step: 2000, final residual: 9.61225e-12  ||u - u_old|| = 2.07161
F_norms[1]=1.54214e-06
 Nonlinear solver converged at step 1

F_norms[0]=0.000123934		 etas[0]=0			 n_its[0]=2000
F_norms[1]=1.54214e-06		 etas[1]=0			 n_its[1]=0
 |TE|_oo = 0
 Scaling timestep by 1
--------------------------------------------------------------------------
Computing Surface fluxes...
Computing Kinetic Energy...
======= Finished time step    20 time=0.2 dt=0.01 =======


======= Starting time step    21 time=0.2 dt=0.01 =======
F_norms[0]=8.0796e-05
 ------------------------------------------------------------------------------
| Porous Media Performance: Alive time=327.054, Active time=261.404            |
 ------------------------------------------------------------------------------
| Event                         nCalls    Total       Avg         Percent of   |
|                                         Time        Time        Active Time  |
|------------------------------------------------------------------------------|
|                                                                              |
| assemble                      60        14.6444     0.244073    5.60         |
| assemble + linear solve       40        246.7600    6.168999    94.40        |
 ------------------------------------------------------------------------------
| Totals:                       100       261.4043                100.00       |
 ------------------------------------------------------------------------------

Linear solver converged at step: 2000, final residual: 1.33889e-11  ||u - u_old|| = 1.06604
F_norms[1]=1.00648e-06
 Nonlinear solver converged at step 1

F_norms[0]=8.0796e-05		 etas[0]=0			 n_its[0]=2000
F_norms[1]=1.00648e-06		 etas[1]=0			 n_its[1]=0
 |TE|_oo = 0
 Scaling timestep by 1
--------------------------------------------------------------------------
Computing Surface fluxes...
Computing Kinetic Energy...
======= Finished time step    21 time=0.21 dt=0.01 =======


======= Starting time step    22 time=0.21 dt=0.01 =======
F_norms[0]=4.11573e-05
 ------------------------------------------------------------------------------
| Porous Media Performance: Alive time=335.738, Active time=269.593            |
 ------------------------------------------------------------------------------
| Event                         nCalls    Total       Avg         Percent of   |
|                                         Time        Time        Active Time  |
|------------------------------------------------------------------------------|
|                                                                              |
| assemble                      62        15.1314     0.244056    5.61         |
| assemble + linear solve       41        254.4619    6.206388    94.39        |
 ------------------------------------------------------------------------------
| Totals:                       103       269.5934                100.00       |
 ------------------------------------------------------------------------------

Linear solver converged at step: 2000, final residual: 1.51097e-11  ||u - u_old|| = 0.348235
F_norms[1]=1.05895e-06
 Nonlinear solver converged at step 1

F_norms[0]=4.11573e-05		 etas[0]=0			 n_its[0]=2000
F_norms[1]=1.05895e-06		 etas[1]=0			 n_its[1]=0
 |TE|_oo = 0
 Scaling timestep by 1
--------------------------------------------------------------------------
Computing Surface fluxes...
Computing Kinetic Energy...
======= Finished time step    22 time=0.22 dt=0.01 =======


======= Starting time step    23 time=0.22 dt=0.01 =======
F_norms[0]=1.74587e-05
 ------------------------------------------------------------------------------
| Porous Media Performance: Alive time=344.403, Active time=277.78             |
 ------------------------------------------------------------------------------
| Event                         nCalls    Total       Avg         Percent of   |
|                                         Time        Time        Active Time  |
|------------------------------------------------------------------------------|
|                                                                              |
| assemble                      64        15.6179     0.244029    5.62         |
| assemble + linear solve       42        262.1617    6.241945    94.38        |
 ------------------------------------------------------------------------------
| Totals:                       106       277.7796                100.00       |
 ------------------------------------------------------------------------------

Linear solver converged at step: 2000, final residual: 6.16566e-12  ||u - u_old|| = 0.130974
F_norms[1]=7.83108e-07
 Nonlinear solver converged at step 1

F_norms[0]=1.74587e-05		 etas[0]=0			 n_its[0]=2000
F_norms[1]=7.83108e-07		 etas[1]=0			 n_its[1]=0
 |TE|_oo = 0
 Scaling timestep by 1
--------------------------------------------------------------------------
Computing Surface fluxes...
Computing Kinetic Energy...
======= Finished time step    23 time=0.23 dt=0.01 =======


======= Starting time step    24 time=0.23 dt=0.01 =======
F_norms[0]=1.01899e-05
 ------------------------------------------------------------------------------
| Porous Media Performance: Alive time=353.067, Active time=285.967            |
 ------------------------------------------------------------------------------
| Event                         nCalls    Total       Avg         Percent of   |
|                                         Time        Time        Active Time  |
|------------------------------------------------------------------------------|
|                                                                              |
| assemble                      66        16.1052     0.244019    5.63         |
| assemble + linear solve       43        269.8618    6.275856    94.37        |
 ------------------------------------------------------------------------------
| Totals:                       109       285.9670                100.00       |
 ------------------------------------------------------------------------------

Linear solver converged at step: 2000, final residual: 1.33047e-12  ||u - u_old|| = 0.179446
F_norms[1]=6.72872e-07
 Nonlinear solver converged at step 1

F_norms[0]=1.01899e-05		 etas[0]=0			 n_its[0]=2000
F_norms[1]=6.72872e-07		 etas[1]=0			 n_its[1]=0
 |TE|_oo = 0
 Scaling timestep by 1
--------------------------------------------------------------------------
Computing Surface fluxes...
Computing Kinetic Energy...
======= Finished time step    24 time=0.24 dt=0.01 =======


======= Starting time step    25 time=0.24 dt=0.01 =======
F_norms[0]=8.31101e-06
 Nonlinear solver converged at step 0

F_norms[0]=8.31101e-06		 etas[0]=0			 n_its[0]=0
 |TE|_oo = 0
 Scaling timestep by 1
--------------------------------------------------------------------------
Computing Surface fluxes...
Computing Kinetic Energy...
======= Finished time step    25 time=0.25 dt=0.01 =======


Steady State Reached: Terminating Simulation.
 ------------------------------------------------------------------------------
| Porous Media Performance: Alive time=366.779, Active time=286.455            |
 ------------------------------------------------------------------------------
| Event                         nCalls    Total       Avg         Percent of   |
|                                         Time        Time        Active Time  |
|------------------------------------------------------------------------------|
|                                                                              |
| assemble                      68        16.5929     0.244013    5.79         |
| assemble + linear solve       43        269.8618    6.275856    94.21        |
 ------------------------------------------------------------------------------
| Totals:                       111       286.4546                100.00       |
 ------------------------------------------------------------------------------

************************************************************************************************************************
***             WIDEN YOUR WINDOW TO 120 CHARACTERS.  Use 'enscript -r -fCourier9' to print this document            ***
************************************************************************************************************************

---------------------------------------------- PETSc Performance Summary: ----------------------------------------------

./pm on a linux named columbia9 with 48 processors, by benkirk Thu Apr 20 17:48:48 2006
Using Petsc Version 2.2.0, Patch 0, Released Feb 27, 2004

                         Max       Max/Min        Avg      Total 
Time (sec):           3.699e+02      1.02227   3.642e+02
Objects:              0.000e+00      0.00000   0.000e+00
Flops:                9.947e+10      1.16896   9.263e+10  4.446e+12
Flops/sec:            2.748e+08      1.16886   2.543e+08  1.221e+10
MPI Messages:         9.864e+05      3.50000   7.045e+05  3.382e+07
MPI Message Lengths:  8.146e+08      2.46728   9.124e+02  3.085e+10
MPI Reductions:       4.432e+03      1.00000

Flop counting convention: 1 flop = 1 real number operation of type (multiply/divide/add/subtract)
                            e.g., VecAXPY() for real vectors of length N --> 2N flops
                            and VecAXPY() for complex vectors of length N --> 8N flops

Summary of Stages:   ----- Time ------  ----- Flops -----  --- Messages ---  -- Message Lengths --  -- Reductions --
                        Avg     %Total     Avg     %Total   counts   %Total     Avg         %Total   counts   %Total 
 0:      Main Stage: 3.6422e+02 100.0%  4.4464e+12 100.0%  3.382e+07 100.0%  9.124e+02      100.0%  2.128e+05 100.0% 

------------------------------------------------------------------------------------------------------------------------
See the 'Profiling' chapter of the users' manual for details on interpreting output.
Phase summary info:
   Count: number of times phase was executed
   Time and Flops/sec: Max - maximum over all processors
                       Ratio - ratio of maximum to minimum over all processors
   Mess: number of messages sent
   Avg. len: average message length
   Reduct: number of global reductions
   Global: entire computation
   Stage: stages of a computation. Set stages with PetscLogStagePush() and PetscLogStagePop().
      %T - percent time in this phase         %F - percent flops in this phase
      %M - percent messages in this phase     %L - percent message lengths in this phase
      %R - percent reductions in this phase
   Total Mflop/s: 10e-6 * (sum of flops over all processors)/(max time over all processors)
------------------------------------------------------------------------------------------------------------------------


      ##########################################################
      #                                                        #
      #                          WARNING!!!                    #
      #                                                        #
      #   This code was run without the PreLoadBegin()         #
      #   macros. To get timing results we always recommend    #
      #   preloading. otherwise timing numbers may be          #
      #   meaningless.                                         #
      ##########################################################


Event                Count      Time (sec)     Flops/sec                         --- Global ---  --- Stage ---   Total
                   Max Ratio  Max     Ratio   Max  Ratio  Mess   Avg len Reduct  %T %F %M %L %R  %T %F %M %L %R Mflop/s
------------------------------------------------------------------------------------------------------------------------

--- Event Stage 0: Main Stage

VecDot            140446 1.0 3.5128e+01 6.5 3.05e+08 7.3 0.0e+00 0.0e+00 1.4e+05  7  2  0  0 66   7  2  0  0 66  2171
VecNorm            70393 1.0 2.9578e+01 7.8 2.20e+08 8.7 0.0e+00 0.0e+00 7.0e+04  5  1  0  0 33   5  1  0  0 33  1292
VecCopy              417 1.0 4.8320e-02 1.6 0.00e+00 0.0 0.0e+00 0.0e+00 0.0e+00  0  0  0  0  0   0  0  0  0  0     0
VecSet            140905 1.0 5.5650e-01 1.6 0.00e+00 0.0 0.0e+00 0.0e+00 0.0e+00  0  0  0  0  0   0  0  0  0  0     0
VecAXPY           280941 1.0 2.0601e+00 1.7 2.51e+09 1.6 0.0e+00 0.0e+00 0.0e+00  0  3  0  0  0   0  3  0  0  0 74063
VecAYPX           140384 1.0 8.8867e+00 1.2 2.03e+08 1.1 0.0e+00 0.0e+00 0.0e+00  2  2  0  0  0   2  2  0  0  0  8580
VecWAXPY          280756 1.0 1.4888e+01 1.2 2.04e+08 1.1 0.0e+00 0.0e+00 0.0e+00  4  3  0  0  0   4  3  0  0  0  8962
VecAssemblyBegin     315 1.0 1.3600e+00 5.1 0.00e+00 0.0 2.2e+04 1.5e+03 9.4e+02  0  0  0  0  0   0  0  0  0  0     0
VecAssemblyEnd       315 1.0 3.1070e-02 5.3 0.00e+00 0.0 0.0e+00 0.0e+00 0.0e+00  0  0  0  0  0   0  0  0  0  0     0
VecScatterBegin   140651 1.0 1.0946e+01 5.9 0.00e+00 0.0 3.4e+07 9.0e+02 0.0e+00  2  0100 98  0   2  0100 98  0     0
VecScatterEnd     140651 1.0 4.5929e+00 3.7 0.00e+00 0.0 0.0e+00 0.0e+00 0.0e+00  1  0  0  0  0   1  0  0  0  0     0
MatMult           140514 1.0 1.1264e+02 1.5 5.14e+08 1.3 3.4e+07 9.0e+02 0.0e+00 24 45100 98  0  24 45100 98  0 17859
MatMultAdd            68 1.0 1.0757e-01 1.8 3.43e+08 1.8 1.6e+04 9.0e+02 0.0e+00  0  0  0  0  0   0  0  0  0  0  9237
MatSolve          140514 1.0 1.1914e+02 1.2 3.75e+08 1.0 0.0e+00 0.0e+00 0.0e+00 30 44  0  0  0  30 44  0  0  0 16382
MatLUFactorNum        68 1.0 6.1026e-01 1.2 1.97e+08 1.0 0.0e+00 0.0e+00 0.0e+00  0  0  0  0  0   0  0  0  0  0  8576
MatILUFactorSym        2 1.0 7.3161e-03 4.5 0.00e+00 0.0 0.0e+00 0.0e+00 2.0e+00  0  0  0  0  0   0  0  0  0  0     0
MatAssemblyBegin     204 1.0 1.3955e+00 2.8 0.00e+00 0.0 2.2e+04 2.3e+04 4.1e+02  0  0  0  2  0   0  0  0  2  0     0
MatAssemblyEnd       204 1.0 2.4873e-01 1.8 0.00e+00 0.0 4.8e+02 4.9e+02 2.2e+02  0  0  0  0  0   0  0  0  0  0     0
MatGetOrdering         2 1.0 1.5550e-03 9.4 0.00e+00 0.0 0.0e+00 0.0e+00 4.0e+00  0  0  0  0  0   0  0  0  0  0     0
MatZeroEntries        97 1.0 2.8838e-02 1.3 0.00e+00 0.0 0.0e+00 0.0e+00 0.0e+00  0  0  0  0  0   0  0  0  0  0     0
KSPSetup             136 1.0 7.5688e-03 6.6 0.00e+00 0.0 0.0e+00 0.0e+00 0.0e+00  0  0  0  0  0   0  0  0  0  0     0
KSPSolve              68 1.0 2.7018e+02 1.0 3.68e+08 1.2 3.4e+07 9.0e+02 2.1e+05 74100100 98 99  74100100 98 99 16453
PCSetUp              136 1.0 6.6449e-01 1.2 1.95e+08 1.1 0.0e+00 0.0e+00 6.0e+00  0  0  0  0  0   0  0  0  0  0  7876
PCSetUpOnBlocks       68 1.0 6.2651e-01 1.2 1.96e+08 1.1 0.0e+00 0.0e+00 6.0e+00  0  0  0  0  0   0  0  0  0  0  8353
PCApply           140514 1.0 1.2107e+02 1.2 3.69e+08 1.0 0.0e+00 0.0e+00 0.0e+00 31 44  0  0  0  31 44  0  0  0 16121
------------------------------------------------------------------------------------------------------------------------

Memory usage is given in bytes:

Object Type          Creations   Destructions   Memory  Descendants' Mem.

--- Event Stage 0: Main Stage

           Index Set    79             79    1712960     0
                 Map   186            186      47616     0
                 Vec   188            188    7005840     0
         Vec Scatter    71             71    8574868     0
              Matrix     8              8    7706748     3.08542e+06
       Krylov Solver     4              4        304     722448
      Preconditioner     4              4        480     2.92066e+06
========================================================================================================================
Average time to get PetscTime(): 3.8147e-07
Average time for MPI_Barrier(): 1.10149e-05
Average time for zero size MPI_Send(): 0.000120461
Compiled without FORTRAN kernels
Compiled with double precision matrices (default)
sizeof(short) 2 sizeof(int) 4 sizeof(long) 8 sizeof(void *) 8   
Libraries compiled on Tue Dec 13 11:13:18 PST 2005 on columbia  
Machine characteristics: Linux columbia 2.6.5-7.202.5-sn2 #1 SMP Thu Aug 25 06:20:45 UTC 2005 ia64 ia64 ia64 GNU/Linux  
Using PETSc directory: /u/benkirk/petsc-2.2.0 
Using PETSc arch: linux64_intel 
-----------------------------------------   
Using C compiler: icc -KPIC -O2 -ftz -I/u/benkirk/petsc-2.2.0 -I/u/benkirk/petsc-2.2.0/bmake/linux64_intel -I/u/benkirk/petsc-2.2.0/include   -I/opt/sgi/mpt/1.12.0.0/include                                                                                                                           -DPETSC_USE_FOR_KERNELS -DPETSC_USE_LOG -DPETSC_USE_DEBUG -DPETSC_USE_BOPT_O -DPETSC_USE_EXTERN_CXX -DMPI_NO_CPPBIND -wd1476 -D__SDIR__='. '  
C Compiler version: 
Intel(R) C Itanium(R) Compiler for Itanium(R)-based applications 
Version 9.0    Build 20051020 Package ID: l_cc_c_9.0.027 
C++ Compiler version: 
Intel(R) C Itanium(R) Compiler for Itanium(R)-based applications 
Using Fortran compiler: ifort -w -KPIC -O2 -ftz -I/u/benkirk/petsc-2.2.0 -I/u/benkirk/petsc-2.2.0/bmake/linux64_intel -I/u/benkirk/petsc-2.2.0/include   -I/opt/sgi/mpt/1.12.0.0/include                                                                                                                           -DPETSC_USE_FOR_KERNELS -DPETSC_USE_LOG -DPETSC_USE_DEBUG -DPETSC_USE_BOPT_O -DPETSC_USE_EXTERN_CXX  
Fortran Compiler version: 
Intel(R) Fortran Itanium(R) Compiler for Itanium(R)-based applications 
Version 9.0    Build 20051020 Package ID: l_fc_c_9.0.028 
-----------------------------------------   
Using PETSc flags: -DPETSC_USE_FOR_KERNELS -DPETSC_USE_LOG -DPETSC_USE_DEBUG -DPETSC_USE_BOPT_O -DPETSC_USE_EXTERN_CXX                                                                                                                        
----------------------------------------- 
Using configuration flags: 
----------------------------------------- 
Using include paths: -I/u/benkirk/petsc-2.2.0 -I/u/benkirk/petsc-2.2.0/bmake/linux64_intel -I/u/benkirk/petsc-2.2.0/include   -I/opt/sgi/mpt/1.12.0.0/include    
------------------------------------------   
Using C linker: icc -i_dynamic -O2 -ftz -Qoption,link,-rpath,/u/benkirk/petsc-2.2.0/lib/libO/linux64_intel  
Using Fortran linker: icc -i_dynamic -O2 -ftz -Qoption,link,-rpath,/u/benkirk/petsc-2.2.0/lib/libO/linux64_intel  
Using libraries: -L/u/benkirk/petsc-2.2.0/lib/libO/linux64_intel -lpetscts -lpetscsnes -lpetscksp -lpetscdm -lpetscmat -lpetscvec -lpetsc                                                                                                                                                                                                                                                                              -Wl,-rpath,/opt/sgi/scsl/1.6.1.0/lib -L/opt/sgi/scsl/1.6.1.0/lib -lscs -L/opt/sgi/mpt/1.12.0.0/lib -lmpi -lifport -lifcoremt -ldl -limf -lm -lcxa -lunwind -lpthread -lirc 
 -------------------------------------------------------------------------------

 Run completed in 376 seconds
