
 -----------------------------------------------
| Master Host:   cfe1.nas.nasa.gov
| Working Dir:   /u/benkirk/nobackup/bmurray_code/run.columbia
| # of Procs:    4
| Case name::    pm_jwp_fine
 -----------------------------------------------

Using input file: pm_jwp_fine.in
Initializing EquationSystems ... 
 Mesh Information:
  mesh_dimension()=2
  spatial_dimension()=3
  n_nodes()=90601
  n_elem()=90000
   n_local_elem()=22500
   n_active_elem()=90000
  n_subdomains()=1
  n_processors()=4
  processor_id()=0

 EquationSystems
  n_systems()=2
   System "Porous Media"
    Type "TransientLinearImplicit"
    Variables="p" "t" "s" 
    Finite Element Types="LAGRANGE" "LAGRANGE" "LAGRANGE" 
    Approximation Orders="FIRST" "FIRST" "FIRST" 
    n_dofs()=271803
    n_local_dofs()=68529
    n_constrained_dofs()=0
    n_vectors()=6
   System "Velocity"
    Type "TransientLinearImplicit"
    Variables="u" "v" 
    Finite Element Types="LAGRANGE" "LAGRANGE" 
    Approximation Orders="FIRST" "FIRST" 
    n_dofs()=181202
    n_local_dofs()=45686
    n_constrained_dofs()=0
    n_vectors()=3

======= Starting time step     1 time=0 dt=0.01 =======
F_norms[0]=0.082227

-------------------------------------------------------
| Processor id:   0                                    |
| Num Processors: 4                                    |
| Time:           Thu Apr 20 17:58:40 2006             |
| OS:             Linux                                |
| HostName:       columbia9                            |
| OS Release:     2.6.5-7.202.7-sn2                    |
| OS Version:     #5 SMP Thu Mar 16 17:51:36 PST 2006  |
| Machine:        ia64                                 |
| Username:       benkirk                              |
-------------------------------------------------------
 ------------------------------------------------------------------------------
| Porous Media Performance: Alive time=88.9324, Active time=74.0041            |
 ------------------------------------------------------------------------------
| Event                         nCalls    Total       Avg         Percent of   |
|                                         Time        Time        Active Time  |
|------------------------------------------------------------------------------|
|                                                                              |
| assemble                      1         2.1766      2.176567    2.94         |
| assemble + linear solve       1         71.8275     71.827546   97.06        |
 ------------------------------------------------------------------------------
| Totals:                       2         74.0041                 100.00       |
 ------------------------------------------------------------------------------

Linear solver converged at step: 729, final residual: 5.18285e-11  ||u - u_old|| = 2.60099
F_norms[1]=7.47268e-07
 Nonlinear solver converged at step 1

F_norms[0]=0.082227		 etas[0]=0			 n_its[0]=729
F_norms[1]=7.47268e-07		 etas[1]=0			 n_its[1]=0
Computing Surface fluxes...
Computing Kinetic Energy...
======= Finished time step     1 time=0.01 dt=0.01 =======


======= Starting time step     2 time=0.01 dt=0.01 =======
F_norms[0]=9.67859e-05
 ------------------------------------------------------------------------------
| Porous Media Performance: Alive time=168.042, Active time=151.365            |
 ------------------------------------------------------------------------------
| Event                         nCalls    Total       Avg         Percent of   |
|                                         Time        Time        Active Time  |
|------------------------------------------------------------------------------|
|                                                                              |
| assemble                      3         6.4858      2.161944    4.28         |
| assemble + linear solve       2         144.8787    72.439339   95.72        |
 ------------------------------------------------------------------------------
| Totals:                       5         151.3645                100.00       |
 ------------------------------------------------------------------------------

Linear solver converged at step: 742, final residual: 1.47396e-11  ||u - u_old|| = 0.980709
F_norms[1]=1.10485e-06
 Nonlinear solver converged at step 1

F_norms[0]=9.67859e-05		 etas[0]=0			 n_its[0]=742
F_norms[1]=1.10485e-06		 etas[1]=0			 n_its[1]=0
Computing Surface fluxes...
Computing Kinetic Energy...
======= Finished time step     2 time=0.02 dt=0.01 =======


======= Starting time step     3 time=0.02 dt=0.01 =======
F_norms[0]=0.000201934
 ------------------------------------------------------------------------------
| Porous Media Performance: Alive time=253.823, Active time=235.414            |
 ------------------------------------------------------------------------------
| Event                         nCalls    Total       Avg         Percent of   |
|                                         Time        Time        Active Time  |
|------------------------------------------------------------------------------|
|                                                                              |
| assemble                      5         10.8027     2.160533    4.59         |
| assemble + linear solve       3         224.6112    74.870385   95.41        |
 ------------------------------------------------------------------------------
| Totals:                       8         235.4138                100.00       |
 ------------------------------------------------------------------------------

Linear solver converged at step: 810, final residual: 5.43979e-11  ||u - u_old|| = 1.99902
F_norms[1]=3.5535e-06
 Nonlinear solver converged at step 1

F_norms[0]=0.000201934		 etas[0]=0			 n_its[0]=810
F_norms[1]=3.5535e-06		 etas[1]=0			 n_its[1]=0
 |TE|_oo = 0
 Scaling timestep by 1
--------------------------------------------------------------------------
Computing Surface fluxes...
Computing Kinetic Energy...
======= Finished time step     3 time=0.03 dt=0.01 =======


======= Starting time step     4 time=0.03 dt=0.01 =======
F_norms[0]=0.000424313
 ------------------------------------------------------------------------------
| Porous Media Performance: Alive time=335.92, Active time=315.735             |
 ------------------------------------------------------------------------------
| Event                         nCalls    Total       Avg         Percent of   |
|                                         Time        Time        Active Time  |
|------------------------------------------------------------------------------|
|                                                                              |
| assemble                      7         15.1227     2.160389    4.79         |
| assemble + linear solve       4         300.6126    75.153141   95.21        |
 ------------------------------------------------------------------------------
| Totals:                       11        315.7353                100.00       |
 ------------------------------------------------------------------------------

Linear solver converged at step: 772, final residual: 1.21844e-10  ||u - u_old|| = 4.15597
F_norms[1]=1.53025e-05
 ------------------------------------------------------------------------------
| Porous Media Performance: Alive time=414.758, Active time=394.472            |
 ------------------------------------------------------------------------------
| Event                         nCalls    Total       Avg         Percent of   |
|                                         Time        Time        Active Time  |
|------------------------------------------------------------------------------|
|                                                                              |
| assemble                      8         17.2828     2.160346    4.38         |
| assemble + linear solve       5         377.1890    75.437799   95.62        |
 ------------------------------------------------------------------------------
| Totals:                       13        394.4718                100.00       |
 ------------------------------------------------------------------------------

Linear solver converged at step: 778, final residual: 4.10537e-12  ||u - u_old|| = 0.0454192
F_norms[2]=3.14353e-07
 Nonlinear solver converged at step 2

F_norms[0]=0.000424313		 etas[0]=0			 n_its[0]=772
F_norms[1]=1.53025e-05		 etas[1]=0			 n_its[1]=778
F_norms[2]=3.14353e-07		 etas[2]=0			 n_its[2]=0
 |TE|_oo = 0
 Scaling timestep by 1
--------------------------------------------------------------------------
Computing Surface fluxes...
Computing Kinetic Energy...
======= Finished time step     4 time=0.04 dt=0.01 =======


======= Starting time step     5 time=0.04 dt=0.01 =======
F_norms[0]=0.000888959
 ------------------------------------------------------------------------------
| Porous Media Performance: Alive time=494.144, Active time=472.123            |
 ------------------------------------------------------------------------------
| Event                         nCalls    Total       Avg         Percent of   |
|                                         Time        Time        Active Time  |
|------------------------------------------------------------------------------|
|                                                                              |
| assemble                      10        21.6055     2.160553    4.58         |
| assemble + linear solve       6         450.5177    75.086286   95.42        |
 ------------------------------------------------------------------------------
| Totals:                       16        472.1232                100.00       |
 ------------------------------------------------------------------------------

Linear solver converged at step: 745, final residual: 2.39641e-10  ||u - u_old|| = 8.736
F_norms[1]=6.75651e-05
 ------------------------------------------------------------------------------
| Porous Media Performance: Alive time=575.707, Active time=553.6              |
 ------------------------------------------------------------------------------
| Event                         nCalls    Total       Avg         Percent of   |
|                                         Time        Time        Active Time  |
|------------------------------------------------------------------------------|
|                                                                              |
| assemble                      11        23.7576     2.159780    4.29         |
| assemble + linear solve       7         529.8427    75.691819   95.71        |
 ------------------------------------------------------------------------------
| Totals:                       18        553.6003                100.00       |
 ------------------------------------------------------------------------------

Linear solver converged at step: 806, final residual: 1.7929e-11  ||u - u_old|| = 0.212687
F_norms[2]=4.25608e-07
 Nonlinear solver converged at step 2

F_norms[0]=0.000888959		 etas[0]=0			 n_its[0]=745
F_norms[1]=6.75651e-05		 etas[1]=0			 n_its[1]=806
F_norms[2]=4.25608e-07		 etas[2]=0			 n_its[2]=0
 |TE|_oo = 0
 Scaling timestep by 1
--------------------------------------------------------------------------
Computing Surface fluxes...
Computing Kinetic Energy...
======= Finished time step     5 time=0.05 dt=0.01 =======


======= Starting time step     6 time=0.05 dt=0.01 =======
F_norms[0]=0.00187428
 ------------------------------------------------------------------------------
| Porous Media Performance: Alive time=659.718, Active time=635.849            |
 ------------------------------------------------------------------------------
| Event                         nCalls    Total       Avg         Percent of   |
|                                         Time        Time        Active Time  |
|------------------------------------------------------------------------------|
|                                                                              |
| assemble                      13        28.0753     2.159636    4.42         |
| assemble + linear solve       8         607.7742    75.971769   95.58        |
 ------------------------------------------------------------------------------
| Totals:                       21        635.8494                100.00       |
 ------------------------------------------------------------------------------

Linear solver converged at step: 792, final residual: 4.13286e-10  ||u - u_old|| = 19.0615
F_norms[1]=0.00031912
 ------------------------------------------------------------------------------
| Porous Media Performance: Alive time=743.128, Active time=719.196            |
 ------------------------------------------------------------------------------
| Event                         nCalls    Total       Avg         Percent of   |
|                                         Time        Time        Active Time  |
|------------------------------------------------------------------------------|
|                                                                              |
| assemble                      14        30.2413     2.160095    4.20         |
| assemble + linear solve       9         688.9545    76.550504   95.80        |
 ------------------------------------------------------------------------------
| Totals:                       23        719.1959                100.00       |
 ------------------------------------------------------------------------------

Linear solver converged at step: 825, final residual: 1.68412e-11  ||u - u_old|| = 1.25047
F_norms[2]=2.14172e-06
 Nonlinear solver converged at step 2

F_norms[0]=0.00187428		 etas[0]=0			 n_its[0]=792
F_norms[1]=0.00031912		 etas[1]=0			 n_its[1]=825
F_norms[2]=2.14172e-06		 etas[2]=0			 n_its[2]=0
 |TE|_oo = 0
 Scaling timestep by 1
--------------------------------------------------------------------------
Computing Surface fluxes...
Computing Kinetic Energy...
======= Finished time step     6 time=0.06 dt=0.01 =======


======= Starting time step     7 time=0.06 dt=0.01 =======
F_norms[0]=0.00411452
 ------------------------------------------------------------------------------
| Porous Media Performance: Alive time=837.243, Active time=811.562            |
 ------------------------------------------------------------------------------
| Event                         nCalls    Total       Avg         Percent of   |
|                                         Time        Time        Active Time  |
|------------------------------------------------------------------------------|
|                                                                              |
| assemble                      16        34.5514     2.159460    4.26         |
| assemble + linear solve       10        777.0107    77.701066   95.74        |
 ------------------------------------------------------------------------------
| Totals:                       26        811.5620                100.00       |
 ------------------------------------------------------------------------------

Linear solver converged at step: 895, final residual: 1.18239e-09  ||u - u_old|| = 49.2017
F_norms[1]=0.00205493
 ------------------------------------------------------------------------------
| Porous Media Performance: Alive time=940.71, Active time=914.915             |
 ------------------------------------------------------------------------------
| Event                         nCalls    Total       Avg         Percent of   |
|                                         Time        Time        Active Time  |
|------------------------------------------------------------------------------|
|                                                                              |
| assemble                      17        36.7048     2.159105    4.01         |
| assemble + linear solve       11        878.2107    79.837335   95.99        |
 ------------------------------------------------------------------------------
| Totals:                       28        914.9155                100.00       |
 ------------------------------------------------------------------------------

Linear solver converged at step: 1029, final residual: 6.38846e-10  ||u - u_old|| = 16.4775
F_norms[2]=0.000264863
 ------------------------------------------------------------------------------
| Porous Media Performance: Alive time=1050.12, Active time=1024.26            |
 ------------------------------------------------------------------------------
| Event                         nCalls    Total       Avg         Percent of   |
|                                         Time        Time        Active Time  |
|------------------------------------------------------------------------------|
|                                                                              |
| assemble                      18        38.8577     2.158759    3.79         |
| assemble + linear solve       12        985.3977    82.116477   96.21        |
 ------------------------------------------------------------------------------
| Totals:                       30        1024.2554               100.00       |
 ------------------------------------------------------------------------------

Linear solver converged at step: 1090, final residual: 7.32439e-11  ||u - u_old|| = 1.88906
F_norms[3]=1.90944e-06
 Nonlinear solver converged at step 3

F_norms[0]=0.00411452		 etas[0]=0			 n_its[0]=895
F_norms[1]=0.00205493		 etas[1]=0			 n_its[1]=1029
F_norms[2]=0.000264863		 etas[2]=0			 n_its[2]=1090
F_norms[3]=1.90944e-06		 etas[3]=0			 n_its[3]=0
 |TE|_oo = 0
 Scaling timestep by 1
--------------------------------------------------------------------------
Computing Surface fluxes...
Computing Kinetic Energy...
======= Finished time step     7 time=0.07 dt=0.01 =======


======= Starting time step     8 time=0.07 dt=0.01 =======
F_norms[0]=0.0114424
 ------------------------------------------------------------------------------
| Porous Media Performance: Alive time=1189.15, Active time=1161.55            |
 ------------------------------------------------------------------------------
| Event                         nCalls    Total       Avg         Percent of   |
|                                         Time        Time        Active Time  |
|------------------------------------------------------------------------------|
|                                                                              |
| assemble                      20        43.1713     2.158564    3.72         |
| assemble + linear solve       13        1118.3777   86.029051   96.28        |
 ------------------------------------------------------------------------------
| Totals:                       33        1161.5489               100.00       |
 ------------------------------------------------------------------------------

Linear solver converged at step: 1353, final residual: 3.266e-09  ||u - u_old|| = 323.516
F_norms[1]=0.0666914
 ------------------------------------------------------------------------------
| Porous Media Performance: Alive time=1387.85, Active time=1360.18            |
 ------------------------------------------------------------------------------
| Event                         nCalls    Total       Avg         Percent of   |
|                                         Time        Time        Active Time  |
|------------------------------------------------------------------------------|
|                                                                              |
| assemble                      21        45.3325     2.158688    3.33         |
| assemble + linear solve       14        1314.8500   93.917859   96.67        |
 ------------------------------------------------------------------------------
| Totals:                       35        1360.1825               100.00       |
 ------------------------------------------------------------------------------

Linear solver converged at step: 2000, final residual: 0.000129247  ||u - u_old|| = 150.787
F_norms[2]=0.0108567
 ------------------------------------------------------------------------------
| Porous Media Performance: Alive time=1567.23, Active time=1539.49            |
 ------------------------------------------------------------------------------
| Event                         nCalls    Total       Avg         Percent of   |
|                                         Time        Time        Active Time  |
|------------------------------------------------------------------------------|
|                                                                              |
| assemble                      22        47.4832     2.158327    3.08         |
| assemble + linear solve       15        1492.0059   99.467058   96.92        |
 ------------------------------------------------------------------------------
| Totals:                       37        1539.4891               100.00       |
 ------------------------------------------------------------------------------

Linear solver converged at step: 1805, final residual: 2.80126e-09  ||u - u_old|| = 84.7766
F_norms[3]=0.00106725
 ------------------------------------------------------------------------------
| Porous Media Performance: Alive time=1764.75, Active time=1736.94            |
 ------------------------------------------------------------------------------
| Event                         nCalls    Total       Avg         Percent of   |
|                                         Time        Time        Active Time  |
|------------------------------------------------------------------------------|
|                                                                              |
| assemble                      23        49.6337     2.157986    2.86         |
| assemble + linear solve       16        1687.3051   105.456566  97.14        |
 ------------------------------------------------------------------------------
| Totals:                       39        1736.9388               100.00       |
 ------------------------------------------------------------------------------

Linear solver converged at step: 1987, final residual: 3.11358e-10  ||u - u_old|| = 8.06299
F_norms[4]=1.77106e-05
 ------------------------------------------------------------------------------
| Porous Media Performance: Alive time=1963.6, Active time=1935.69             |
 ------------------------------------------------------------------------------
| Event                         nCalls    Total       Avg         Percent of   |
|                                         Time        Time        Active Time  |
|------------------------------------------------------------------------------|
|                                                                              |
| assemble                      24        51.7844     2.157684    2.68         |
| assemble + linear solve       17        1883.9081   110.818122  97.32        |
 ------------------------------------------------------------------------------
| Totals:                       41        1935.6925               100.00       |
 ------------------------------------------------------------------------------

Linear solver converged at step: 2000, final residual: 1.00498e-10  ||u - u_old|| = 0.0960085
F_norms[5]=1.25561e-06
 Nonlinear solver converged at step 5

F_norms[0]=0.0114424		 etas[0]=0			 n_its[0]=1353
F_norms[1]=0.0666914		 etas[1]=0			 n_its[1]=2000
F_norms[2]=0.0108567		 etas[2]=0			 n_its[2]=1805
F_norms[3]=0.00106725		 etas[3]=0			 n_its[3]=1987
F_norms[4]=1.77106e-05		 etas[4]=0			 n_its[4]=2000
F_norms[5]=1.25561e-06		 etas[5]=0			 n_its[5]=0
 |TE|_oo = 0
 Scaling timestep by 1
--------------------------------------------------------------------------
Computing Surface fluxes...
Computing Kinetic Energy...
======= Finished time step     8 time=0.08 dt=0.01 =======


======= Starting time step     9 time=0.08 dt=0.01 =======
F_norms[0]=0.0316962
 ------------------------------------------------------------------------------
| Porous Media Performance: Alive time=2166.06, Active time=2136.41            |
 ------------------------------------------------------------------------------
| Event                         nCalls    Total       Avg         Percent of   |
|                                         Time        Time        Active Time  |
|------------------------------------------------------------------------------|
|                                                                              |
| assemble                      26        56.0970     2.157578    2.63         |
| assemble + linear solve       18        2080.3173   115.573181  97.37        |
 ------------------------------------------------------------------------------
| Totals:                       44        2136.4143               100.00       |
 ------------------------------------------------------------------------------

Linear solver converged at step: 2000, final residual: 9.16013e-07  ||u - u_old|| = 967.539
F_norms[1]=0.0670377
 ------------------------------------------------------------------------------
| Porous Media Performance: Alive time=2364.66, Active time=2334.91            |
 ------------------------------------------------------------------------------
| Event                         nCalls    Total       Avg         Percent of   |
|                                         Time        Time        Active Time  |
|------------------------------------------------------------------------------|
|                                                                              |
| assemble                      27        58.2522     2.157488    2.49         |
| assemble + linear solve       19        2276.6614   119.824282  97.51        |
 ------------------------------------------------------------------------------
| Totals:                       46        2334.9135               100.00       |
 ------------------------------------------------------------------------------

Linear solver converged at step: 2000, final residual: 3.15535e-07  ||u - u_old|| = 283.811
F_norms[2]=0.01134
 ------------------------------------------------------------------------------
| Porous Media Performance: Alive time=2537.31, Active time=2507.47            |
 ------------------------------------------------------------------------------
| Event                         nCalls    Total       Avg         Percent of   |
|                                         Time        Time        Active Time  |
|------------------------------------------------------------------------------|
|                                                                              |
| assemble                      28        60.4063     2.157369    2.41         |
| assemble + linear solve       20        2447.0616   122.353080  97.59        |
 ------------------------------------------------------------------------------
| Totals:                       48        2507.4679               100.00       |
 ------------------------------------------------------------------------------

Linear solver converged at step: 1735, final residual: 3.23772e-09  ||u - u_old|| = 35.2223
F_norms[3]=0.000496702
 ------------------------------------------------------------------------------
| Porous Media Performance: Alive time=2736.04, Active time=2706.1             |
 ------------------------------------------------------------------------------
| Event                         nCalls    Total       Avg         Percent of   |
|                                         Time        Time        Active Time  |
|------------------------------------------------------------------------------|
|                                                                              |
| assemble                      29        62.5612     2.157282    2.31         |
| assemble + linear solve       21        2643.5344   125.882592  97.69        |
 ------------------------------------------------------------------------------
| Totals:                       50        2706.0956               100.00       |
 ------------------------------------------------------------------------------

Linear solver converged at step: 2000, final residual: 1.59664e-08  ||u - u_old|| = 1.0302
F_norms[4]=1.33049e-06
 Nonlinear solver converged at step 4

F_norms[0]=0.0316962		 etas[0]=0			 n_its[0]=2000
F_norms[1]=0.0670377		 etas[1]=0			 n_its[1]=2000
F_norms[2]=0.01134		 etas[2]=0			 n_its[2]=1735
F_norms[3]=0.000496702		 etas[3]=0			 n_its[3]=2000
F_norms[4]=1.33049e-06		 etas[4]=0			 n_its[4]=0
 |TE|_oo = 0
 Scaling timestep by 1
--------------------------------------------------------------------------
Computing Surface fluxes...
Computing Kinetic Energy...
======= Finished time step     9 time=0.09 dt=0.01 =======


======= Starting time step    10 time=0.09 dt=0.01 =======
F_norms[0]=0.032147
 ------------------------------------------------------------------------------
| Porous Media Performance: Alive time=2938.42, Active time=2906.7             |
 ------------------------------------------------------------------------------
| Event                         nCalls    Total       Avg         Percent of   |
|                                         Time        Time        Active Time  |
|------------------------------------------------------------------------------|
|                                                                              |
| assemble                      31        66.8664     2.156980    2.30         |
| assemble + linear solve       22        2839.8333   129.083334  97.70        |
 ------------------------------------------------------------------------------
| Totals:                       53        2906.6997               100.00       |
 ------------------------------------------------------------------------------

Linear solver converged at step: 2000, final residual: 1.19615e-08  ||u - u_old|| = 515.724
F_norms[1]=0.00484341
 ------------------------------------------------------------------------------
| Porous Media Performance: Alive time=3089.75, Active time=3057.92            |
 ------------------------------------------------------------------------------
| Event                         nCalls    Total       Avg         Percent of   |
|                                         Time        Time        Active Time  |
|------------------------------------------------------------------------------|
|                                                                              |
| assemble                      32        69.0164     2.156762    2.26         |
| assemble + linear solve       23        2988.9068   129.952470  97.74        |
 ------------------------------------------------------------------------------
| Totals:                       55        3057.9232               100.00       |
 ------------------------------------------------------------------------------

Linear solver converged at step: 1519, final residual: 1.30953e-09  ||u - u_old|| = 18.7994
F_norms[2]=7.33138e-05
 ------------------------------------------------------------------------------
| Porous Media Performance: Alive time=3251.92, Active time=3219.99            |
 ------------------------------------------------------------------------------
| Event                         nCalls    Total       Avg         Percent of   |
|                                         Time        Time        Active Time  |
|------------------------------------------------------------------------------|
|                                                                              |
| assemble                      33        71.1653     2.156524    2.21         |
| assemble + linear solve       24        3148.8258   131.201076  97.79        |
 ------------------------------------------------------------------------------
| Totals:                       57        3219.9911               100.00       |
 ------------------------------------------------------------------------------

Linear solver converged at step: 1630, final residual: 8.25866e-12  ||u - u_old|| = 0.0736569
F_norms[3]=1.12579e-06
 Nonlinear solver converged at step 3

F_norms[0]=0.032147		 etas[0]=0			 n_its[0]=2000
F_norms[1]=0.00484341		 etas[1]=0			 n_its[1]=1519
F_norms[2]=7.33138e-05		 etas[2]=0			 n_its[2]=1630
F_norms[3]=1.12579e-06		 etas[3]=0			 n_its[3]=0
 |TE|_oo = 0
 Scaling timestep by 1
--------------------------------------------------------------------------
Computing Surface fluxes...
Computing Kinetic Energy...
======= Finished time step    10 time=0.1 dt=0.01 =======


======= Starting time step    11 time=0.1 dt=0.01 =======
F_norms[0]=0.0192593
 ------------------------------------------------------------------------------
| Porous Media Performance: Alive time=3455.16, Active time=3409.1             |
 ------------------------------------------------------------------------------
| Event                         nCalls    Total       Avg         Percent of   |
|                                         Time        Time        Active Time  |
|------------------------------------------------------------------------------|
|                                                                              |
| assemble                      35        75.4689     2.156255    2.21         |
| assemble + linear solve       25        3333.6331   133.345323  97.79        |
 ------------------------------------------------------------------------------
| Totals:                       60        3409.1020               100.00       |
 ------------------------------------------------------------------------------

Linear solver converged at step: 1884, final residual: 1.06038e-09  ||u - u_old|| = 204.967
F_norms[1]=0.00081507
 ------------------------------------------------------------------------------
| Porous Media Performance: Alive time=3618.61, Active time=3572.46            |
 ------------------------------------------------------------------------------
| Event                         nCalls    Total       Avg         Percent of   |
|                                         Time        Time        Active Time  |
|------------------------------------------------------------------------------|
|                                                                              |
| assemble                      36        77.6192     2.156089    2.17         |
| assemble + linear solve       26        3494.8408   134.416955  97.83        |
 ------------------------------------------------------------------------------
| Totals:                       62        3572.4600               100.00       |
 ------------------------------------------------------------------------------

Linear solver converged at step: 1643, final residual: 1.41389e-10  ||u - u_old|| = 9.90949
F_norms[2]=2.57686e-06
 Nonlinear solver converged at step 2

F_norms[0]=0.0192593		 etas[0]=0			 n_its[0]=1884
F_norms[1]=0.00081507		 etas[1]=0			 n_its[1]=1643
F_norms[2]=2.57686e-06		 etas[2]=0			 n_its[2]=0
 |TE|_oo = 0
 Scaling timestep by 1
--------------------------------------------------------------------------
Computing Surface fluxes...
Computing Kinetic Energy...
======= Finished time step    11 time=0.11 dt=0.01 =======


======= Starting time step    12 time=0.11 dt=0.01 =======
F_norms[0]=0.00844735
 ------------------------------------------------------------------------------
| Porous Media Performance: Alive time=3803.64, Active time=3755.71            |
 ------------------------------------------------------------------------------
| Event                         nCalls    Total       Avg         Percent of   |
|                                         Time        Time        Active Time  |
|------------------------------------------------------------------------------|
|                                                                              |
| assemble                      38        81.9199     2.155786    2.18         |
| assemble + linear solve       27        3673.7899   136.066294  97.82        |
 ------------------------------------------------------------------------------
| Totals:                       65        3755.7098               100.00       |
 ------------------------------------------------------------------------------

Linear solver converged at step: 1824, final residual: 1.67778e-10  ||u - u_old|| = 49.5371
F_norms[1]=0.000277175
 ------------------------------------------------------------------------------
| Porous Media Performance: Alive time=3976.02, Active time=3927.99            |
 ------------------------------------------------------------------------------
| Event                         nCalls    Total       Avg         Percent of   |
|                                         Time        Time        Active Time  |
|------------------------------------------------------------------------------|
|                                                                              |
| assemble                      39        84.0698     2.155635    2.14         |
| assemble + linear solve       28        3843.9200   137.282858  97.86        |
 ------------------------------------------------------------------------------
| Totals:                       67        3927.9898               100.00       |
 ------------------------------------------------------------------------------

Linear solver converged at step: 1734, final residual: 3.4855e-11  ||u - u_old|| = 3.3294
F_norms[2]=7.48416e-07
 Nonlinear solver converged at step 2

F_norms[0]=0.00844735		 etas[0]=0			 n_its[0]=1824
F_norms[1]=0.000277175		 etas[1]=0			 n_its[1]=1734
F_norms[2]=7.48416e-07		 etas[2]=0			 n_its[2]=0
 |TE|_oo = 0
 Scaling timestep by 1
--------------------------------------------------------------------------
Computing Surface fluxes...
Computing Kinetic Energy...
======= Finished time step    12 time=0.12 dt=0.01 =======


======= Starting time step    13 time=0.12 dt=0.01 =======
F_norms[0]=0.00349537
 ------------------------------------------------------------------------------
| Porous Media Performance: Alive time=4178.32, Active time=4128.51            |
 ------------------------------------------------------------------------------
| Event                         nCalls    Total       Avg         Percent of   |
|                                         Time        Time        Active Time  |
|------------------------------------------------------------------------------|
|                                                                              |
| assemble                      41        88.3696     2.155355    2.14         |
| assemble + linear solve       29        4040.1437   139.315302  97.86        |
 ------------------------------------------------------------------------------
| Totals:                       70        4128.5133               100.00       |
 ------------------------------------------------------------------------------

Linear solver converged at step: 2000, final residual: 1.96552e-09  ||u - u_old|| = 40.0266
F_norms[1]=0.000104261
 ------------------------------------------------------------------------------
| Porous Media Performance: Alive time=4341.58, Active time=4291.66            |
 ------------------------------------------------------------------------------
| Event                         nCalls    Total       Avg         Percent of   |
|                                         Time        Time        Active Time  |
|------------------------------------------------------------------------------|
|                                                                              |
| assemble                      42        90.5214     2.155272    2.11         |
| assemble + linear solve       30        4201.1419   140.038065  97.89        |
 ------------------------------------------------------------------------------
| Totals:                       72        4291.6634               100.00       |
 ------------------------------------------------------------------------------

Linear solver converged at step: 1641, final residual: 1.70476e-11  ||u - u_old|| = 0.510153
F_norms[2]=7.45361e-07
 Nonlinear solver converged at step 2

F_norms[0]=0.00349537		 etas[0]=0			 n_its[0]=2000
F_norms[1]=0.000104261		 etas[1]=0			 n_its[1]=1641
F_norms[2]=7.45361e-07		 etas[2]=0			 n_its[2]=0
 |TE|_oo = 0
 Scaling timestep by 1
--------------------------------------------------------------------------
Computing Surface fluxes...
Computing Kinetic Energy...
======= Finished time step    13 time=0.13 dt=0.01 =======


======= Starting time step    14 time=0.13 dt=0.01 =======
F_norms[0]=0.00239997
 ------------------------------------------------------------------------------
| Porous Media Performance: Alive time=4543.9, Active time=4492.19             |
 ------------------------------------------------------------------------------
| Event                         nCalls    Total       Avg         Percent of   |
|                                         Time        Time        Active Time  |
|------------------------------------------------------------------------------|
|                                                                              |
| assemble                      44        94.8257     2.155129    2.11         |
| assemble + linear solve       31        4397.3672   141.850554  97.89        |
 ------------------------------------------------------------------------------
| Totals:                       75        4492.1928               100.00       |
 ------------------------------------------------------------------------------

Linear solver converged at step: 2000, final residual: 5.05172e-10  ||u - u_old|| = 42.7819
F_norms[1]=3.55851e-05
 ------------------------------------------------------------------------------
| Porous Media Performance: Alive time=4742.39, Active time=4690.57            |
 ------------------------------------------------------------------------------
| Event                         nCalls    Total       Avg         Percent of   |
|                                         Time        Time        Active Time  |
|------------------------------------------------------------------------------|
|                                                                              |
| assemble                      45        96.9793     2.155095    2.07         |
| assemble + linear solve       32        4593.5942   143.549819  97.93        |
 ------------------------------------------------------------------------------
| Totals:                       77        4690.5735               100.00       |
 ------------------------------------------------------------------------------

Linear solver converged at step: 2000, final residual: 6.11836e-11  ||u - u_old|| = 0.320857
F_norms[2]=9.14797e-07
 Nonlinear solver converged at step 2

F_norms[0]=0.00239997		 etas[0]=0			 n_its[0]=2000
F_norms[1]=3.55851e-05		 etas[1]=0			 n_its[1]=2000
F_norms[2]=9.14797e-07		 etas[2]=0			 n_its[2]=0
 |TE|_oo = 0
 Scaling timestep by 1
--------------------------------------------------------------------------
Computing Surface fluxes...
Computing Kinetic Energy...
======= Finished time step    14 time=0.14 dt=0.01 =======


======= Starting time step    15 time=0.14 dt=0.01 =======
F_norms[0]=0.00183159
 ------------------------------------------------------------------------------
| Porous Media Performance: Alive time=4944.7, Active time=4891.09             |
 ------------------------------------------------------------------------------
| Event                         nCalls    Total       Avg         Percent of   |
|                                         Time        Time        Active Time  |
|------------------------------------------------------------------------------|
|                                                                              |
| assemble                      47        101.2769    2.154828    2.07         |
| assemble + linear solve       33        4789.8141   145.145882  97.93        |
 ------------------------------------------------------------------------------
| Totals:                       80        4891.0910               100.00       |
 ------------------------------------------------------------------------------

Linear solver converged at step: 2000, final residual: 1.93011e-10  ||u - u_old|| = 29.3171
F_norms[1]=8.90295e-06
 Nonlinear solver converged at step 1

F_norms[0]=0.00183159		 etas[0]=0			 n_its[0]=2000
F_norms[1]=8.90295e-06		 etas[1]=0			 n_its[1]=0
 |TE|_oo = 0
 Scaling timestep by 1
--------------------------------------------------------------------------
Computing Surface fluxes...
Computing Kinetic Energy...
======= Finished time step    15 time=0.15 dt=0.01 =======


======= Starting time step    16 time=0.15 dt=0.01 =======
F_norms[0]=0.00113112
 ------------------------------------------------------------------------------
| Porous Media Performance: Alive time=5147, Active time=5091.61               |
 ------------------------------------------------------------------------------
| Event                         nCalls    Total       Avg         Percent of   |
|                                         Time        Time        Active Time  |
|------------------------------------------------------------------------------|
|                                                                              |
| assemble                      49        105.5707    2.154505    2.07         |
| assemble + linear solve       34        4986.0423   146.648303  97.93        |
 ------------------------------------------------------------------------------
| Totals:                       83        5091.6130               100.00       |
 ------------------------------------------------------------------------------

Linear solver converged at step: 2000, final residual: 9.70345e-10  ||u - u_old|| = 14.149
F_norms[1]=3.30733e-06
 Nonlinear solver converged at step 1

F_norms[0]=0.00113112		 etas[0]=0			 n_its[0]=2000
F_norms[1]=3.30733e-06		 etas[1]=0			 n_its[1]=0
 |TE|_oo = 0
 Scaling timestep by 1
--------------------------------------------------------------------------
Computing Surface fluxes...
Computing Kinetic Energy...
======= Finished time step    16 time=0.16 dt=0.01 =======


======= Starting time step    17 time=0.16 dt=0.01 =======
F_norms[0]=0.000554248
 ------------------------------------------------------------------------------
| Porous Media Performance: Alive time=5349.29, Active time=5292.13            |
 ------------------------------------------------------------------------------
| Event                         nCalls    Total       Avg         Percent of   |
|                                         Time        Time        Active Time  |
|------------------------------------------------------------------------------|
|                                                                              |
| assemble                      51        109.8740    2.154393    2.08         |
| assemble + linear solve       35        5182.2596   148.064559  97.92        |
 ------------------------------------------------------------------------------
| Totals:                       86        5292.1336               100.00       |
 ------------------------------------------------------------------------------

Linear solver converged at step: 2000, final residual: 3.59627e-09  ||u - u_old|| = 4.15371
F_norms[1]=2.04719e-06
 Nonlinear solver converged at step 1

F_norms[0]=0.000554248		 etas[0]=0			 n_its[0]=2000
F_norms[1]=2.04719e-06		 etas[1]=0			 n_its[1]=0
 |TE|_oo = 0
 Scaling timestep by 1
--------------------------------------------------------------------------
Computing Surface fluxes...
Computing Kinetic Energy...
======= Finished time step    17 time=0.17 dt=0.01 =======


======= Starting time step    18 time=0.17 dt=0.01 =======
F_norms[0]=0.000236378
 ------------------------------------------------------------------------------
| Porous Media Performance: Alive time=5520.09, Active time=5461.16            |
 ------------------------------------------------------------------------------
| Event                         nCalls    Total       Avg         Percent of   |
|                                         Time        Time        Active Time  |
|------------------------------------------------------------------------------|
|                                                                              |
| assemble                      53        114.1832    2.154401    2.09         |
| assemble + linear solve       36        5346.9767   148.527131  97.91        |
 ------------------------------------------------------------------------------
| Totals:                       89        5461.1600               100.00       |
 ------------------------------------------------------------------------------

Linear solver converged at step: 1679, final residual: 7.46375e-12  ||u - u_old|| = 2.25289
F_norms[1]=7.33539e-07
 Nonlinear solver converged at step 1

F_norms[0]=0.000236378		 etas[0]=0			 n_its[0]=1679
F_norms[1]=7.33539e-07		 etas[1]=0			 n_its[1]=0
 |TE|_oo = 0
 Scaling timestep by 1
--------------------------------------------------------------------------
Computing Surface fluxes...
Computing Kinetic Energy...
======= Finished time step    18 time=0.18 dt=0.01 =======


======= Starting time step    19 time=0.18 dt=0.01 =======
F_norms[0]=0.000153747
 ------------------------------------------------------------------------------
| Porous Media Performance: Alive time=5722.42, Active time=5661.72            |
 ------------------------------------------------------------------------------
| Event                         nCalls    Total       Avg         Percent of   |
|                                         Time        Time        Active Time  |
|------------------------------------------------------------------------------|
|                                                                              |
| assemble                      55        118.5166    2.154847    2.09         |
| assemble + linear solve       37        5543.1987   149.816180  97.91        |
 ------------------------------------------------------------------------------
| Totals:                       92        5661.7153               100.00       |
 ------------------------------------------------------------------------------

Linear solver converged at step: 2000, final residual: 6.83039e-10  ||u - u_old|| = 2.80254
F_norms[1]=1.13482e-06
 Nonlinear solver converged at step 1

F_norms[0]=0.000153747		 etas[0]=0			 n_its[0]=2000
F_norms[1]=1.13482e-06		 etas[1]=0			 n_its[1]=0
 |TE|_oo = 0
 Scaling timestep by 1
--------------------------------------------------------------------------
Computing Surface fluxes...
Computing Kinetic Energy...
======= Finished time step    19 time=0.19 dt=0.01 =======


======= Starting time step    20 time=0.19 dt=0.01 =======
F_norms[0]=0.000123932
 ------------------------------------------------------------------------------
| Porous Media Performance: Alive time=5924.73, Active time=5862.26            |
 ------------------------------------------------------------------------------
| Event                         nCalls    Total       Avg         Percent of   |
|                                         Time        Time        Active Time  |
|------------------------------------------------------------------------------|
|                                                                              |
| assemble                      57        122.8423    2.155128    2.10         |
| assemble + linear solve       38        5739.4145   151.037223  97.90        |
 ------------------------------------------------------------------------------
| Totals:                       95        5862.2568               100.00       |
 ------------------------------------------------------------------------------

Linear solver converged at step: 2000, final residual: 2.56017e-10  ||u - u_old|| = 2.07123
F_norms[1]=8.61559e-07
 Nonlinear solver converged at step 1

F_norms[0]=0.000123932		 etas[0]=0			 n_its[0]=2000
F_norms[1]=8.61559e-07		 etas[1]=0			 n_its[1]=0
 |TE|_oo = 0
 Scaling timestep by 1
--------------------------------------------------------------------------
Computing Surface fluxes...
Computing Kinetic Energy...
======= Finished time step    20 time=0.2 dt=0.01 =======


======= Starting time step    21 time=0.2 dt=0.01 =======
F_norms[0]=8.07853e-05
 ------------------------------------------------------------------------------
| Porous Media Performance: Alive time=6140.63, Active time=6062.78            |
 ------------------------------------------------------------------------------
| Event                         nCalls    Total       Avg         Percent of   |
|                                         Time        Time        Active Time  |
|------------------------------------------------------------------------------|
|                                                                              |
| assemble                      59        127.1491    2.155070    2.10         |
| assemble + linear solve       39        5935.6336   152.195733  97.90        |
 ------------------------------------------------------------------------------
| Totals:                       98        6062.7827               100.00       |
 ------------------------------------------------------------------------------

Linear solver converged at step: 2000, final residual: 2.82927e-11  ||u - u_old|| = 1.06581
F_norms[1]=8.76833e-07
 Nonlinear solver converged at step 1

F_norms[0]=8.07853e-05		 etas[0]=0			 n_its[0]=2000
F_norms[1]=8.76833e-07		 etas[1]=0			 n_its[1]=0
 |TE|_oo = 0
 Scaling timestep by 1
--------------------------------------------------------------------------
Computing Surface fluxes...
Computing Kinetic Energy...
======= Finished time step    21 time=0.21 dt=0.01 =======


======= Starting time step    22 time=0.21 dt=0.01 =======
F_norms[0]=4.11543e-05
 ------------------------------------------------------------------------------
| Porous Media Performance: Alive time=6342.93, Active time=6263.31            |
 ------------------------------------------------------------------------------
| Event                         nCalls    Total       Avg         Percent of   |
|                                         Time        Time        Active Time  |
|------------------------------------------------------------------------------|
|                                                                              |
| assemble                      61        131.4518    2.154948    2.10         |
| assemble + linear solve       40        6131.8561   153.296403  97.90        |
 ------------------------------------------------------------------------------
| Totals:                       101       6263.3079               100.00       |
 ------------------------------------------------------------------------------

Linear solver converged at step: 2000, final residual: 8.43516e-12  ||u - u_old|| = 0.348153
F_norms[1]=9.73724e-07
 Nonlinear solver converged at step 1

F_norms[0]=4.11543e-05		 etas[0]=0			 n_its[0]=2000
F_norms[1]=9.73724e-07		 etas[1]=0			 n_its[1]=0
 |TE|_oo = 0
 Scaling timestep by 1
--------------------------------------------------------------------------
Computing Surface fluxes...
Computing Kinetic Energy...
======= Finished time step    22 time=0.22 dt=0.01 =======


======= Starting time step    23 time=0.22 dt=0.01 =======
F_norms[0]=1.74537e-05
 ------------------------------------------------------------------------------
| Porous Media Performance: Alive time=6545.24, Active time=6463.85            |
 ------------------------------------------------------------------------------
| Event                         nCalls    Total       Avg         Percent of   |
|                                         Time        Time        Active Time  |
|------------------------------------------------------------------------------|
|                                                                              |
| assemble                      63        135.7594    2.154911    2.10         |
| assemble + linear solve       41        6328.0876   154.343601  97.90        |
 ------------------------------------------------------------------------------
| Totals:                       104       6463.8470               100.00       |
 ------------------------------------------------------------------------------

Linear solver converged at step: 2000, final residual: 1.68711e-12  ||u - u_old|| = 0.130976
F_norms[1]=9.49397e-07
 Nonlinear solver converged at step 1

F_norms[0]=1.74537e-05		 etas[0]=0			 n_its[0]=2000
F_norms[1]=9.49397e-07		 etas[1]=0			 n_its[1]=0
 |TE|_oo = 0
 Scaling timestep by 1
--------------------------------------------------------------------------
Computing Surface fluxes...
Computing Kinetic Energy...
======= Finished time step    23 time=0.23 dt=0.01 =======


======= Starting time step    24 time=0.23 dt=0.01 =======
F_norms[0]=1.0204e-05
 ------------------------------------------------------------------------------
| Porous Media Performance: Alive time=6717.12, Active time=6633.95            |
 ------------------------------------------------------------------------------
| Event                         nCalls    Total       Avg         Percent of   |
|                                         Time        Time        Active Time  |
|------------------------------------------------------------------------------|
|                                                                              |
| assemble                      65        140.0652    2.154850    2.11         |
| assemble + linear solve       42        6493.8889   154.616402  97.89        |
 ------------------------------------------------------------------------------
| Totals:                       107       6633.9541               100.00       |
 ------------------------------------------------------------------------------

Linear solver converged at step: 1690, final residual: 5.27606e-13  ||u - u_old|| = 0.179423
F_norms[1]=1.14055e-06
 Nonlinear solver converged at step 1

F_norms[0]=1.0204e-05		 etas[0]=0			 n_its[0]=1690
F_norms[1]=1.14055e-06		 etas[1]=0			 n_its[1]=0
 |TE|_oo = 0
 Scaling timestep by 1
--------------------------------------------------------------------------
Computing Surface fluxes...
Computing Kinetic Energy...
======= Finished time step    24 time=0.24 dt=0.01 =======


======= Starting time step    25 time=0.24 dt=0.01 =======
F_norms[0]=8.36181e-06
 Nonlinear solver converged at step 0

F_norms[0]=8.36181e-06		 etas[0]=0			 n_its[0]=0
 |TE|_oo = 0
 Scaling timestep by 1
--------------------------------------------------------------------------
Computing Surface fluxes...
Computing Kinetic Energy...
======= Finished time step    25 time=0.25 dt=0.01 =======


Steady State Reached: Terminating Simulation.
 ------------------------------------------------------------------------------
| Porous Media Performance: Alive time=6737.19, Active time=6638.25            |
 ------------------------------------------------------------------------------
| Event                         nCalls    Total       Avg         Percent of   |
|                                         Time        Time        Active Time  |
|------------------------------------------------------------------------------|
|                                                                              |
| assemble                      67        144.3653    2.154706    2.17         |
| assemble + linear solve       42        6493.8889   154.616402  97.83        |
 ------------------------------------------------------------------------------
| Totals:                       109       6638.2542               100.00       |
 ------------------------------------------------------------------------------

************************************************************************************************************************
***             WIDEN YOUR WINDOW TO 120 CHARACTERS.  Use 'enscript -r -fCourier9' to print this document            ***
************************************************************************************************************************

---------------------------------------------- PETSc Performance Summary: ----------------------------------------------

./pm on a linux named columbia9 with 4 processors, by benkirk Thu Apr 20 19:49:29 2006
Using Petsc Version 2.2.0, Patch 0, Released Feb 27, 2004

                         Max       Max/Min        Avg      Total 
Time (sec):           6.740e+03      1.00050   6.739e+03
Objects:              0.000e+00      0.00000   0.000e+00
Flops:                1.071e+12      1.01641   1.062e+12  4.247e+12
Flops/sec:            1.589e+08      1.01590   1.576e+08  6.303e+08
MPI Messages:         3.993e+05      1.50000   3.327e+05  1.331e+06
MPI Message Lengths:  1.275e+09      1.17873   3.486e+03  4.639e+09
MPI Reductions:       5.026e+04      1.00000

Flop counting convention: 1 flop = 1 real number operation of type (multiply/divide/add/subtract)
                            e.g., VecAXPY() for real vectors of length N --> 2N flops
                            and VecAXPY() for complex vectors of length N --> 8N flops

Summary of Stages:   ----- Time ------  ----- Flops -----  --- Messages ---  -- Message Lengths --  -- Reductions --
                        Avg     %Total     Avg     %Total   counts   %Total     Avg         %Total   counts   %Total 
 0:      Main Stage: 6.7388e+03 100.0%  4.2472e+12 100.0%  1.331e+06 100.0%  3.486e+03      100.0%  2.010e+05 100.0% 

------------------------------------------------------------------------------------------------------------------------
See the 'Profiling' chapter of the users' manual for details on interpreting output.
Phase summary info:
   Count: number of times phase was executed
   Time and Flops/sec: Max - maximum over all processors
                       Ratio - ratio of maximum to minimum over all processors
   Mess: number of messages sent
   Avg. len: average message length
   Reduct: number of global reductions
   Global: entire computation
   Stage: stages of a computation. Set stages with PetscLogStagePush() and PetscLogStagePop().
      %T - percent time in this phase         %F - percent flops in this phase
      %M - percent messages in this phase     %L - percent message lengths in this phase
      %R - percent reductions in this phase
   Total Mflop/s: 10e-6 * (sum of flops over all processors)/(max time over all processors)
------------------------------------------------------------------------------------------------------------------------


      ##########################################################
      #                                                        #
      #                          WARNING!!!                    #
      #                                                        #
      #   This code was run without the PreLoadBegin()         #
      #   macros. To get timing results we always recommend    #
      #   preloading. otherwise timing numbers may be          #
      #   meaningless.                                         #
      ##########################################################


Event                Count      Time (sec)     Flops/sec                         --- Global ---  --- Stage ---   Total
                   Max Ratio  Max     Ratio   Max  Ratio  Mess   Avg len Reduct  %T %F %M %L %R  %T %F %M %L %R Mflop/s
------------------------------------------------------------------------------------------------------------------------

--- Event Stage 0: Main Stage

VecDot            132643 1.0 1.4769e+02 4.5 5.58e+08 4.6 0.0e+00 0.0e+00 1.3e+05  1  2  0  0 66   1  2  0  0 66   488
VecNorm            66489 1.0 7.9088e+01 3.1 3.57e+08 3.2 0.0e+00 0.0e+00 6.6e+04  1  1  0  0 33   1  1  0  0 33   457
VecCopy              412 1.0 9.1942e-02 1.0 0.00e+00 0.0 0.0e+00 0.0e+00 0.0e+00  0  0  0  0  0   0  0  0  0  0     0
VecSet            133097 1.0 2.2070e+01 1.1 0.00e+00 0.0 0.0e+00 0.0e+00 0.0e+00  0  0  0  0  0   0  0  0  0  0     0
VecAXPY           265337 1.0 4.2341e+01 1.0 8.84e+08 1.0 0.0e+00 0.0e+00 0.0e+00  1  3  0  0  0   1  3  0  0  0  3404
VecAYPX           132585 1.0 1.4069e+02 1.0 1.33e+08 1.0 0.0e+00 0.0e+00 0.0e+00  2  2  0  0  0   2  2  0  0  0   512
VecWAXPY          265152 1.0 1.6208e+02 1.0 2.00e+08 1.0 0.0e+00 0.0e+00 0.0e+00  2  3  0  0  0   2  3  0  0  0   777
VecAssemblyBegin     310 1.0 2.6931e+0015.9 0.00e+00 0.0 9.2e+02 5.2e+03 9.3e+02  0  0  0  0  0   0  0  0  0  0     0
VecAssemblyEnd       310 1.0 1.4258e-02 3.4 0.00e+00 0.0 0.0e+00 0.0e+00 0.0e+00  0  0  0  0  0   0  0  0  0  0     0
VecScatterBegin   132845 1.0 1.8979e+01 1.4 0.00e+00 0.0 1.3e+06 3.4e+03 0.0e+00  0  0100 98  0   0  0100 98  0     0
VecScatterEnd     132845 1.0 6.4128e+01 4.2 0.00e+00 0.0 0.0e+00 0.0e+00 0.0e+00  0  0  0  0  0   0  0  0  0  0     0
MatMult           132710 1.0 2.0536e+03 1.0 2.40e+08 1.0 1.3e+06 3.4e+03 0.0e+00 30 45100 98  0  30 45100 98  0   925
MatMultAdd            67 1.0 1.0659e+00 1.0 2.36e+08 1.0 6.7e+02 3.4e+03 0.0e+00  0  0  0  0  0   0  0  0  0  0   918
MatSolve          132710 1.0 3.9910e+03 1.0 1.20e+08 1.0 0.0e+00 0.0e+00 0.0e+00 59 45  0  0  0  59 45  0  0  0   474
MatLUFactorNum        67 1.0 7.5187e+00 1.0 1.80e+08 1.0 0.0e+00 0.0e+00 0.0e+00  0  0  0  0  0   0  0  0  0  0   709
MatILUFactorSym        2 1.0 5.6088e-02 1.0 0.00e+00 0.0 0.0e+00 0.0e+00 2.0e+00  0  0  0  0  0   0  0  0  0  0     0
MatAssemblyBegin     201 1.0 3.4022e-01 5.0 0.00e+00 0.0 9.2e+02 7.7e+04 4.0e+02  0  0  0  2  0   0  0  0  2  0     0
MatAssemblyEnd       201 1.0 5.5875e-01 1.2 0.00e+00 0.0 2.0e+01 1.6e+03 2.1e+02  0  0  0  0  0   0  0  0  0  0     0
MatGetOrdering         2 1.0 1.9991e-03 1.1 0.00e+00 0.0 0.0e+00 0.0e+00 4.0e+00  0  0  0  0  0   0  0  0  0  0     0
MatZeroEntries        96 1.0 8.2691e-01 1.1 0.00e+00 0.0 0.0e+00 0.0e+00 0.0e+00  0  0  0  0  0   0  0  0  0  0     0
KSPSetup             134 1.0 6.3214e-03 1.3 0.00e+00 0.0 0.0e+00 0.0e+00 0.0e+00  0  0  0  0  0   0  0  0  0  0     0
KSPSolve              67 1.0 6.5022e+03 1.0 1.65e+08 1.0 1.3e+06 3.4e+03 2.0e+05 96100100 98 99  96100100 98 99   653
PCSetUp              134 1.0 7.5858e+00 1.0 1.79e+08 1.0 0.0e+00 0.0e+00 6.0e+00  0  0  0  0  0   0  0  0  0  0   703
PCSetUpOnBlocks       67 1.0 7.5820e+00 1.0 1.79e+08 1.0 0.0e+00 0.0e+00 6.0e+00  0  0  0  0  0   0  0  0  0  0   703
PCApply           132710 1.0 4.0322e+03 1.0 1.19e+08 1.0 0.0e+00 0.0e+00 0.0e+00 59 45  0  0  0  59 45  0  0  0   469
------------------------------------------------------------------------------------------------------------------------

Memory usage is given in bytes:

Object Type          Creations   Destructions   Memory  Descendants' Mem.

--- Event Stage 0: Main Stage

           Index Set    78             78   18003456     0
                 Map   185            185      47360     0
                 Vec   187            187   79254960     0
         Vec Scatter    70             70   84213892     0
              Matrix     8              8   70550584     3.51937e+07
       Krylov Solver     4              4        304     8.23601e+06
      Preconditioner     4              4        480     3.45112e+07
========================================================================================================================
Average time to get PetscTime(): 5.96046e-07
Average time for MPI_Barrier(): 3.00407e-06
Average time for zero size MPI_Send(): 9.34601e-05
Compiled without FORTRAN kernels
Compiled with double precision matrices (default)
sizeof(short) 2 sizeof(int) 4 sizeof(long) 8 sizeof(void *) 8   
Libraries compiled on Tue Dec 13 11:13:18 PST 2005 on columbia  
Machine characteristics: Linux columbia 2.6.5-7.202.5-sn2 #1 SMP Thu Aug 25 06:20:45 UTC 2005 ia64 ia64 ia64 GNU/Linux  
Using PETSc directory: /u/benkirk/petsc-2.2.0 
Using PETSc arch: linux64_intel 
-----------------------------------------   
Using C compiler: icc -KPIC -O2 -ftz -I/u/benkirk/petsc-2.2.0 -I/u/benkirk/petsc-2.2.0/bmake/linux64_intel -I/u/benkirk/petsc-2.2.0/include   -I/opt/sgi/mpt/1.12.0.0/include                                                                                                                           -DPETSC_USE_FOR_KERNELS -DPETSC_USE_LOG -DPETSC_USE_DEBUG -DPETSC_USE_BOPT_O -DPETSC_USE_EXTERN_CXX -DMPI_NO_CPPBIND -wd1476 -D__SDIR__='. '  
C Compiler version: 
Intel(R) C Itanium(R) Compiler for Itanium(R)-based applications 
Version 9.0    Build 20051020 Package ID: l_cc_c_9.0.027 
C++ Compiler version: 
Intel(R) C Itanium(R) Compiler for Itanium(R)-based applications 
Using Fortran compiler: ifort -w -KPIC -O2 -ftz -I/u/benkirk/petsc-2.2.0 -I/u/benkirk/petsc-2.2.0/bmake/linux64_intel -I/u/benkirk/petsc-2.2.0/include   -I/opt/sgi/mpt/1.12.0.0/include                                                                                                                           -DPETSC_USE_FOR_KERNELS -DPETSC_USE_LOG -DPETSC_USE_DEBUG -DPETSC_USE_BOPT_O -DPETSC_USE_EXTERN_CXX  
Fortran Compiler version: 
Intel(R) Fortran Itanium(R) Compiler for Itanium(R)-based applications 
Version 9.0    Build 20051020 Package ID: l_fc_c_9.0.028 
-----------------------------------------   
Using PETSc flags: -DPETSC_USE_FOR_KERNELS -DPETSC_USE_LOG -DPETSC_USE_DEBUG -DPETSC_USE_BOPT_O -DPETSC_USE_EXTERN_CXX                                                                                                                        
----------------------------------------- 
Using configuration flags: 
----------------------------------------- 
Using include paths: -I/u/benkirk/petsc-2.2.0 -I/u/benkirk/petsc-2.2.0/bmake/linux64_intel -I/u/benkirk/petsc-2.2.0/include   -I/opt/sgi/mpt/1.12.0.0/include    
------------------------------------------   
Using C linker: icc -i_dynamic -O2 -ftz -Qoption,link,-rpath,/u/benkirk/petsc-2.2.0/lib/libO/linux64_intel  
Using Fortran linker: icc -i_dynamic -O2 -ftz -Qoption,link,-rpath,/u/benkirk/petsc-2.2.0/lib/libO/linux64_intel  
Using libraries: -L/u/benkirk/petsc-2.2.0/lib/libO/linux64_intel -lpetscts -lpetscsnes -lpetscksp -lpetscdm -lpetscmat -lpetscvec -lpetsc                                                                                                                                                                                                                                                                              -Wl,-rpath,/opt/sgi/scsl/1.6.1.0/lib -L/opt/sgi/scsl/1.6.1.0/lib -lscs -L/opt/sgi/mpt/1.12.0.0/lib -lmpi -lifport -lifcoremt -ldl -limf -lm -lcxa -lunwind -lpthread -lirc 
 -------------------------------------------------------------------------------

 Run completed in 6743 seconds
