
 -----------------------------------------------
| Master Host:   cfe1.nas.nasa.gov
| Working Dir:   /u/benkirk/nobackup/bmurray_code/run.columbia
| # of Procs:    80
| Case name::    pm_jwp_fine
 -----------------------------------------------

Using input file: pm_jwp_fine.in
Initializing EquationSystems ... 
 Mesh Information:
  mesh_dimension()=2
  spatial_dimension()=3
  n_nodes()=90601
  n_elem()=90000
   n_local_elem()=1158
   n_active_elem()=90000
  n_subdomains()=1
  n_processors()=80
  processor_id()=0

 EquationSystems
  n_systems()=2
   System "Porous Media"
    Type "TransientLinearImplicit"
    Variables="p" "t" "s" 
    Finite Element Types="LAGRANGE" "LAGRANGE" "LAGRANGE" 
    Approximation Orders="FIRST" "FIRST" "FIRST" 
    n_dofs()=271803
    n_local_dofs()=3726
    n_constrained_dofs()=0
    n_vectors()=6
   System "Velocity"
    Type "TransientLinearImplicit"
    Variables="u" "v" 
    Finite Element Types="LAGRANGE" "LAGRANGE" 
    Approximation Orders="FIRST" "FIRST" 
    n_dofs()=181202
    n_local_dofs()=2484
    n_constrained_dofs()=0
    n_vectors()=3

======= Starting time step     1 time=0 dt=0.01 =======
F_norms[0]=0.082227

-------------------------------------------------------
| Processor id:   0                                    |
| Num Processors: 80                                   |
| Time:           Fri Apr 21 05:08:15 2006             |
| OS:             Linux                                |
| HostName:       columbia9                            |
| OS Release:     2.6.5-7.202.7-sn2                    |
| OS Version:     #5 SMP Thu Mar 16 17:51:36 PST 2006  |
| Machine:        ia64                                 |
| Username:       benkirk                              |
-------------------------------------------------------
 ------------------------------------------------------------------------------
| Porous Media Performance: Alive time=44.4797, Active time=2.40677            |
 ------------------------------------------------------------------------------
| Event                         nCalls    Total       Avg         Percent of   |
|                                         Time        Time        Active Time  |
|------------------------------------------------------------------------------|
|                                                                              |
| assemble                      1         0.2003      0.200288    8.32         |
| assemble + linear solve       1         2.2065      2.206485    91.68        |
 ------------------------------------------------------------------------------
| Totals:                       2         2.4068                  100.00       |
 ------------------------------------------------------------------------------

Linear solver converged at step: 889, final residual: 5.31838e-11  ||u - u_old|| = 2.60099
F_norms[1]=7.24486e-07
 Nonlinear solver converged at step 1

F_norms[0]=0.082227		 etas[0]=0			 n_its[0]=889
F_norms[1]=7.24486e-07		 etas[1]=0			 n_its[1]=0
Computing Surface fluxes...
Computing Kinetic Energy...
======= Finished time step     1 time=0.01 dt=0.01 =======


======= Starting time step     2 time=0.01 dt=0.01 =======
F_norms[0]=9.6784e-05
 ------------------------------------------------------------------------------
| Porous Media Performance: Alive time=48.0378, Active time=5.37693            |
 ------------------------------------------------------------------------------
| Event                         nCalls    Total       Avg         Percent of   |
|                                         Time        Time        Active Time  |
|------------------------------------------------------------------------------|
|                                                                              |
| assemble                      3         0.5677      0.189249    10.56        |
| assemble + linear solve       2         4.8092      2.404592    89.44        |
 ------------------------------------------------------------------------------
| Totals:                       5         5.3769                  100.00       |
 ------------------------------------------------------------------------------

Linear solver converged at step: 1072, final residual: 2.11026e-11  ||u - u_old|| = 0.98071
F_norms[1]=9.69984e-07
 Nonlinear solver converged at step 1

F_norms[0]=9.6784e-05		 etas[0]=0			 n_its[0]=1072
F_norms[1]=9.69984e-07		 etas[1]=0			 n_its[1]=0
Computing Surface fluxes...
Computing Kinetic Energy...
======= Finished time step     2 time=0.02 dt=0.01 =======


======= Starting time step     3 time=0.02 dt=0.01 =======
F_norms[0]=0.000201933
 ------------------------------------------------------------------------------
| Porous Media Performance: Alive time=51.1206, Active time=7.89767            |
 ------------------------------------------------------------------------------
| Event                         nCalls    Total       Avg         Percent of   |
|                                         Time        Time        Active Time  |
|------------------------------------------------------------------------------|
|                                                                              |
| assemble                      5         0.9352      0.187033    11.84        |
| assemble + linear solve       3         6.9625      2.320834    88.16        |
 ------------------------------------------------------------------------------
| Totals:                       8         7.8977                  100.00       |
 ------------------------------------------------------------------------------

Linear solver converged at step: 884, final residual: 4.34381e-11  ||u - u_old|| = 1.99902
F_norms[1]=3.54993e-06
 Nonlinear solver converged at step 1

F_norms[0]=0.000201933		 etas[0]=0			 n_its[0]=884
F_norms[1]=3.54993e-06		 etas[1]=0			 n_its[1]=0
 |TE|_oo = 0
 Scaling timestep by 1
--------------------------------------------------------------------------
Computing Surface fluxes...
Computing Kinetic Energy...
======= Finished time step     3 time=0.03 dt=0.01 =======


======= Starting time step     4 time=0.03 dt=0.01 =======
F_norms[0]=0.000424313
 ------------------------------------------------------------------------------
| Porous Media Performance: Alive time=54.1286, Active time=10.3671            |
 ------------------------------------------------------------------------------
| Event                         nCalls    Total       Avg         Percent of   |
|                                         Time        Time        Active Time  |
|------------------------------------------------------------------------------|
|                                                                              |
| assemble                      7         1.3013      0.185902    12.55        |
| assemble + linear solve       4         9.0658      2.266451    87.45        |
 ------------------------------------------------------------------------------
| Totals:                       11        10.3671                 100.00       |
 ------------------------------------------------------------------------------

Linear solver converged at step: 865, final residual: 9.82919e-11  ||u - u_old|| = 4.15597
F_norms[1]=1.53022e-05
 ------------------------------------------------------------------------------
| Porous Media Performance: Alive time=56.3856, Active time=12.5984            |
 ------------------------------------------------------------------------------
| Event                         nCalls    Total       Avg         Percent of   |
|                                         Time        Time        Active Time  |
|------------------------------------------------------------------------------|
|                                                                              |
| assemble                      8         1.4849      0.185614    11.79        |
| assemble + linear solve       5         11.1135     2.222703    88.21        |
 ------------------------------------------------------------------------------
| Totals:                       13        12.5984                 100.00       |
 ------------------------------------------------------------------------------

Linear solver converged at step: 841, final residual: 4.73585e-12  ||u - u_old|| = 0.0454155
F_norms[2]=4.10312e-07
 Nonlinear solver converged at step 2

F_norms[0]=0.000424313		 etas[0]=0			 n_its[0]=865
F_norms[1]=1.53022e-05		 etas[1]=0			 n_its[1]=841
F_norms[2]=4.10312e-07		 etas[2]=0			 n_its[2]=0
 |TE|_oo = 0
 Scaling timestep by 1
--------------------------------------------------------------------------
Computing Surface fluxes...
Computing Kinetic Energy...
======= Finished time step     4 time=0.04 dt=0.01 =======


======= Starting time step     5 time=0.04 dt=0.01 =======
F_norms[0]=0.00088896
 ------------------------------------------------------------------------------
| Porous Media Performance: Alive time=59.3291, Active time=14.9914            |
 ------------------------------------------------------------------------------
| Event                         nCalls    Total       Avg         Percent of   |
|                                         Time        Time        Active Time  |
|------------------------------------------------------------------------------|
|                                                                              |
| assemble                      10        1.8514      0.185143    12.35        |
| assemble + linear solve       6         13.1399     2.189989    87.65        |
 ------------------------------------------------------------------------------
| Totals:                       16        14.9914                 100.00       |
 ------------------------------------------------------------------------------

Linear solver converged at step: 832, final residual: 1.89423e-10  ||u - u_old|| = 8.73599
F_norms[1]=6.75671e-05
 ------------------------------------------------------------------------------
| Porous Media Performance: Alive time=61.3776, Active time=17.0113            |
 ------------------------------------------------------------------------------
| Event                         nCalls    Total       Avg         Percent of   |
|                                         Time        Time        Active Time  |
|------------------------------------------------------------------------------|
|                                                                              |
| assemble                      11        2.0351      0.185010    11.96        |
| assemble + linear solve       7         14.9762     2.139455    88.04        |
 ------------------------------------------------------------------------------
| Totals:                       18        17.0113                 100.00       |
 ------------------------------------------------------------------------------

Linear solver converged at step: 754, final residual: 2.12917e-11  ||u - u_old|| = 0.212675
F_norms[2]=9.2656e-07
 Nonlinear solver converged at step 2

F_norms[0]=0.00088896		 etas[0]=0			 n_its[0]=832
F_norms[1]=6.75671e-05		 etas[1]=0			 n_its[1]=754
F_norms[2]=9.2656e-07		 etas[2]=0			 n_its[2]=0
 |TE|_oo = 0
 Scaling timestep by 1
--------------------------------------------------------------------------
Computing Surface fluxes...
Computing Kinetic Energy...
======= Finished time step     5 time=0.05 dt=0.01 =======


======= Starting time step     6 time=0.05 dt=0.01 =======
F_norms[0]=0.00187428
 ------------------------------------------------------------------------------
| Porous Media Performance: Alive time=64.3772, Active time=19.4638            |
 ------------------------------------------------------------------------------
| Event                         nCalls    Total       Avg         Percent of   |
|                                         Time        Time        Active Time  |
|------------------------------------------------------------------------------|
|                                                                              |
| assemble                      13        2.4012      0.184710    12.34        |
| assemble + linear solve       8         17.0626     2.132826    87.66        |
 ------------------------------------------------------------------------------
| Totals:                       21        19.4638                 100.00       |
 ------------------------------------------------------------------------------

Linear solver converged at step: 857, final residual: 4.48457e-10  ||u - u_old|| = 19.0615
F_norms[1]=0.000319121
 ------------------------------------------------------------------------------
| Porous Media Performance: Alive time=66.3892, Active time=21.45              |
 ------------------------------------------------------------------------------
| Event                         nCalls    Total       Avg         Percent of   |
|                                         Time        Time        Active Time  |
|------------------------------------------------------------------------------|
|                                                                              |
| assemble                      14        2.5844      0.184602    12.05        |
| assemble + linear solve       9         18.8656     2.096177    87.95        |
 ------------------------------------------------------------------------------
| Totals:                       23        21.4500                 100.00       |
 ------------------------------------------------------------------------------

Linear solver converged at step: 742, final residual: 1.0107e-10  ||u - u_old|| = 1.25046
F_norms[2]=2.18076e-06
 Nonlinear solver converged at step 2

F_norms[0]=0.00187428		 etas[0]=0			 n_its[0]=857
F_norms[1]=0.000319121		 etas[1]=0			 n_its[1]=742
F_norms[2]=2.18076e-06		 etas[2]=0			 n_its[2]=0
 |TE|_oo = 0
 Scaling timestep by 1
--------------------------------------------------------------------------
Computing Surface fluxes...
Computing Kinetic Energy...
======= Finished time step     6 time=0.06 dt=0.01 =======


======= Starting time step     7 time=0.06 dt=0.01 =======
F_norms[0]=0.00411452
 ------------------------------------------------------------------------------
| Porous Media Performance: Alive time=69.5447, Active time=24.0677            |
 ------------------------------------------------------------------------------
| Event                         nCalls    Total       Avg         Percent of   |
|                                         Time        Time        Active Time  |
|------------------------------------------------------------------------------|
|                                                                              |
| assemble                      16        2.9504      0.184397    12.26        |
| assemble + linear solve       10        21.1173     2.111734    87.74        |
 ------------------------------------------------------------------------------
| Totals:                       26        24.0677                 100.00       |
 ------------------------------------------------------------------------------

Linear solver converged at step: 927, final residual: 5.22907e-10  ||u - u_old|| = 49.2016
F_norms[1]=0.00205493
 ------------------------------------------------------------------------------
| Porous Media Performance: Alive time=72.9032, Active time=27.3913            |
 ------------------------------------------------------------------------------
| Event                         nCalls    Total       Avg         Percent of   |
|                                         Time        Time        Active Time  |
|------------------------------------------------------------------------------|
|                                                                              |
| assemble                      17        3.1340      0.184352    11.44        |
| assemble + linear solve       11        24.2573     2.205210    88.56        |
 ------------------------------------------------------------------------------
| Totals:                       28        27.3913                 100.00       |
 ------------------------------------------------------------------------------

Linear solver converged at step: 1302, final residual: 4.76079e-10  ||u - u_old|| = 16.4768
F_norms[2]=0.000264863
 ------------------------------------------------------------------------------
| Porous Media Performance: Alive time=75.9051, Active time=30.3674            |
 ------------------------------------------------------------------------------
| Event                         nCalls    Total       Avg         Percent of   |
|                                         Time        Time        Active Time  |
|------------------------------------------------------------------------------|
|                                                                              |
| assemble                      18        3.3176      0.184311    10.92        |
| assemble + linear solve       12        27.0498     2.254154    89.08        |
 ------------------------------------------------------------------------------
| Totals:                       30        30.3674                 100.00       |
 ------------------------------------------------------------------------------

Linear solver converged at step: 1154, final residual: 3.37041e-11  ||u - u_old|| = 1.88864
F_norms[3]=1.85207e-06
 Nonlinear solver converged at step 3

F_norms[0]=0.00411452		 etas[0]=0			 n_its[0]=927
F_norms[1]=0.00205493		 etas[1]=0			 n_its[1]=1302
F_norms[2]=0.000264863		 etas[2]=0			 n_its[2]=1154
F_norms[3]=1.85207e-06		 etas[3]=0			 n_its[3]=0
 |TE|_oo = 0
 Scaling timestep by 1
--------------------------------------------------------------------------
Computing Surface fluxes...
Computing Kinetic Energy...
======= Finished time step     7 time=0.07 dt=0.01 =======


======= Starting time step     8 time=0.07 dt=0.01 =======
F_norms[0]=0.0114424
 ------------------------------------------------------------------------------
| Porous Media Performance: Alive time=79.6886, Active time=33.6052            |
 ------------------------------------------------------------------------------
| Event                         nCalls    Total       Avg         Percent of   |
|                                         Time        Time        Active Time  |
|------------------------------------------------------------------------------|
|                                                                              |
| assemble                      20        3.6853      0.184265    10.97        |
| assemble + linear solve       13        29.9199     2.301530    89.03        |
 ------------------------------------------------------------------------------
| Totals:                       33        33.6052                 100.00       |
 ------------------------------------------------------------------------------

Linear solver converged at step: 1188, final residual: 2.3067e-09  ||u - u_old|| = 323.508
F_norms[1]=0.0666915
 ------------------------------------------------------------------------------
| Porous Media Performance: Alive time=84.6987, Active time=38.5905            |
 ------------------------------------------------------------------------------
| Event                         nCalls    Total       Avg         Percent of   |
|                                         Time        Time        Active Time  |
|------------------------------------------------------------------------------|
|                                                                              |
| assemble                      21        3.8693      0.184250    10.03        |
| assemble + linear solve       14        34.7212     2.480089    89.97        |
 ------------------------------------------------------------------------------
| Totals:                       35        38.5905                 100.00       |
 ------------------------------------------------------------------------------

Linear solver converged at step: 2000, final residual: 1.05681e-05  ||u - u_old|| = 150.782
F_norms[2]=0.0108567
 ------------------------------------------------------------------------------
| Porous Media Performance: Alive time=89.7077, Active time=43.5744            |
 ------------------------------------------------------------------------------
| Event                         nCalls    Total       Avg         Percent of   |
|                                         Time        Time        Active Time  |
|------------------------------------------------------------------------------|
|                                                                              |
| assemble                      22        4.0534      0.184244    9.30         |
| assemble + linear solve       15        39.5210     2.634733    90.70        |
 ------------------------------------------------------------------------------
| Totals:                       37        43.5744                 100.00       |
 ------------------------------------------------------------------------------

Linear solver converged at step: 2000, final residual: 3.55412e-07  ||u - u_old|| = 84.7612
F_norms[3]=0.00106725
 ------------------------------------------------------------------------------
| Porous Media Performance: Alive time=94.7333, Active time=48.574             |
 ------------------------------------------------------------------------------
| Event                         nCalls    Total       Avg         Percent of   |
|                                         Time        Time        Active Time  |
|------------------------------------------------------------------------------|
|                                                                              |
| assemble                      23        4.2369      0.184214    8.72         |
| assemble + linear solve       16        44.3371     2.771068    91.28        |
 ------------------------------------------------------------------------------
| Totals:                       39        48.5740                 100.00       |
 ------------------------------------------------------------------------------

Linear solver converged at step: 2000, final residual: 2.9411e-09  ||u - u_old|| = 8.0615
F_norms[4]=1.76602e-05
 ------------------------------------------------------------------------------
| Porous Media Performance: Alive time=99.727, Active time=53.5406             |
 ------------------------------------------------------------------------------
| Event                         nCalls    Total       Avg         Percent of   |
|                                         Time        Time        Active Time  |
|------------------------------------------------------------------------------|
|                                                                              |
| assemble                      24        4.4208      0.184199    8.26         |
| assemble + linear solve       17        49.1198     2.889401    91.74        |
 ------------------------------------------------------------------------------
| Totals:                       41        53.5406                 100.00       |
 ------------------------------------------------------------------------------

Linear solver converged at step: 1992, final residual: 5.02046e-12  ||u - u_old|| = 0.0959928
F_norms[5]=7.89762e-07
 Nonlinear solver converged at step 5

F_norms[0]=0.0114424		 etas[0]=0			 n_its[0]=1188
F_norms[1]=0.0666915		 etas[1]=0			 n_its[1]=2000
F_norms[2]=0.0108567		 etas[2]=0			 n_its[2]=2000
F_norms[3]=0.00106725		 etas[3]=0			 n_its[3]=2000
F_norms[4]=1.76602e-05		 etas[4]=0			 n_its[4]=1992
F_norms[5]=7.89762e-07		 etas[5]=0			 n_its[5]=0
 |TE|_oo = 0
 Scaling timestep by 1
--------------------------------------------------------------------------
Computing Surface fluxes...
Computing Kinetic Energy...
======= Finished time step     8 time=0.08 dt=0.01 =======


======= Starting time step     9 time=0.08 dt=0.01 =======
F_norms[0]=0.0316962
 ------------------------------------------------------------------------------
| Porous Media Performance: Alive time=105.45, Active time=58.7123             |
 ------------------------------------------------------------------------------
| Event                         nCalls    Total       Avg         Percent of   |
|                                         Time        Time        Active Time  |
|------------------------------------------------------------------------------|
|                                                                              |
| assemble                      26        4.7871      0.184120    8.15         |
| assemble + linear solve       18        53.9252     2.995843    91.85        |
 ------------------------------------------------------------------------------
| Totals:                       44        58.7123                 100.00       |
 ------------------------------------------------------------------------------

Linear solver converged at step: 2000, final residual: 6.587e-07  ||u - u_old|| = 967.42
F_norms[1]=0.0670377
 ------------------------------------------------------------------------------
| Porous Media Performance: Alive time=110.481, Active time=63.7171            |
 ------------------------------------------------------------------------------
| Event                         nCalls    Total       Avg         Percent of   |
|                                         Time        Time        Active Time  |
|------------------------------------------------------------------------------|
|                                                                              |
| assemble                      27        4.9707      0.184099    7.80         |
| assemble + linear solve       19        58.7465     3.091919    92.20        |
 ------------------------------------------------------------------------------
| Totals:                       46        63.7171                 100.00       |
 ------------------------------------------------------------------------------

Linear solver converged at step: 2000, final residual: 2.28193e-06  ||u - u_old|| = 283.763
F_norms[2]=0.01134
 ------------------------------------------------------------------------------
| Porous Media Performance: Alive time=115.497, Active time=68.7077            |
 ------------------------------------------------------------------------------
| Event                         nCalls    Total       Avg         Percent of   |
|                                         Time        Time        Active Time  |
|------------------------------------------------------------------------------|
|                                                                              |
| assemble                      28        5.1542      0.184079    7.50         |
| assemble + linear solve       20        63.5535     3.177675    92.50        |
 ------------------------------------------------------------------------------
| Totals:                       48        68.7077                 100.00       |
 ------------------------------------------------------------------------------

Linear solver converged at step: 2000, final residual: 2.63658e-08  ||u - u_old|| = 35.2194
F_norms[3]=0.000496702
 ------------------------------------------------------------------------------
| Porous Media Performance: Alive time=120.279, Active time=73.463             |
 ------------------------------------------------------------------------------
| Event                         nCalls    Total       Avg         Percent of   |
|                                         Time        Time        Active Time  |
|------------------------------------------------------------------------------|
|                                                                              |
| assemble                      29        5.3378      0.184063    7.27         |
| assemble + linear solve       21        68.1252     3.244059    92.73        |
 ------------------------------------------------------------------------------
| Totals:                       50        73.4630                 100.00       |
 ------------------------------------------------------------------------------

Linear solver converged at step: 1904, final residual: 1.3039e-10  ||u - u_old|| = 1.03041
F_norms[4]=1.06884e-06
 Nonlinear solver converged at step 4

F_norms[0]=0.0316962		 etas[0]=0			 n_its[0]=2000
F_norms[1]=0.0670377		 etas[1]=0			 n_its[1]=2000
F_norms[2]=0.01134		 etas[2]=0			 n_its[2]=2000
F_norms[3]=0.000496702		 etas[3]=0			 n_its[3]=1904
F_norms[4]=1.06884e-06		 etas[4]=0			 n_its[4]=0
 |TE|_oo = 0
 Scaling timestep by 1
--------------------------------------------------------------------------
Computing Surface fluxes...
Computing Kinetic Energy...
======= Finished time step     9 time=0.09 dt=0.01 =======


======= Starting time step    10 time=0.09 dt=0.01 =======
F_norms[0]=0.032147
 ------------------------------------------------------------------------------
| Porous Media Performance: Alive time=125.996, Active time=78.6373            |
 ------------------------------------------------------------------------------
| Event                         nCalls    Total       Avg         Percent of   |
|                                         Time        Time        Active Time  |
|------------------------------------------------------------------------------|
|                                                                              |
| assemble                      31        5.7037      0.183991    7.25         |
| assemble + linear solve       22        72.9336     3.315163    92.75        |
 ------------------------------------------------------------------------------
| Totals:                       53        78.6373                 100.00       |
 ------------------------------------------------------------------------------

Linear solver converged at step: 2000, final residual: 3.36041e-08  ||u - u_old|| = 515.708
F_norms[1]=0.00484341
 ------------------------------------------------------------------------------
| Porous Media Performance: Alive time=130.746, Active time=83.3617            |
 ------------------------------------------------------------------------------
| Event                         nCalls    Total       Avg         Percent of   |
|                                         Time        Time        Active Time  |
|------------------------------------------------------------------------------|
|                                                                              |
| assemble                      32        5.8868      0.183963    7.06         |
| assemble + linear solve       23        77.4748     3.368471    92.94        |
 ------------------------------------------------------------------------------
| Totals:                       55        83.3617                 100.00       |
 ------------------------------------------------------------------------------

Linear solver converged at step: 1890, final residual: 1.13654e-09  ||u - u_old|| = 18.7943
F_norms[2]=7.33251e-05
 ------------------------------------------------------------------------------
| Porous Media Performance: Alive time=135.298, Active time=87.8872            |
 ------------------------------------------------------------------------------
| Event                         nCalls    Total       Avg         Percent of   |
|                                         Time        Time        Active Time  |
|------------------------------------------------------------------------------|
|                                                                              |
| assemble                      33        6.0700      0.183940    6.91         |
| assemble + linear solve       24        81.8172     3.409048    93.09        |
 ------------------------------------------------------------------------------
| Totals:                       57        87.8872                 100.00       |
 ------------------------------------------------------------------------------

Linear solver converged at step: 1806, final residual: 1.86787e-11  ||u - u_old|| = 0.0736824
F_norms[3]=4.61129e-07
 Nonlinear solver converged at step 3

F_norms[0]=0.032147		 etas[0]=0			 n_its[0]=2000
F_norms[1]=0.00484341		 etas[1]=0			 n_its[1]=1890
F_norms[2]=7.33251e-05		 etas[2]=0			 n_its[2]=1806
F_norms[3]=4.61129e-07		 etas[3]=0			 n_its[3]=0
 |TE|_oo = 0
 Scaling timestep by 1
--------------------------------------------------------------------------
Computing Surface fluxes...
Computing Kinetic Energy...
======= Finished time step    10 time=0.1 dt=0.01 =======


======= Starting time step    11 time=0.1 dt=0.01 =======
F_norms[0]=0.0192593
 ------------------------------------------------------------------------------
| Porous Media Performance: Alive time=186.268, Active time=93.06              |
 ------------------------------------------------------------------------------
| Event                         nCalls    Total       Avg         Percent of   |
|                                         Time        Time        Active Time  |
|------------------------------------------------------------------------------|
|                                                                              |
| assemble                      35        6.4368      0.183910    6.92         |
| assemble + linear solve       25        86.6232     3.464927    93.08        |
 ------------------------------------------------------------------------------
| Totals:                       60        93.0600                 100.00       |
 ------------------------------------------------------------------------------

Linear solver converged at step: 2000, final residual: 2.51181e-09  ||u - u_old|| = 204.971
F_norms[1]=0.000815072
 ------------------------------------------------------------------------------
| Porous Media Performance: Alive time=190.755, Active time=97.5217            |
 ------------------------------------------------------------------------------
| Event                         nCalls    Total       Avg         Percent of   |
|                                         Time        Time        Active Time  |
|------------------------------------------------------------------------------|
|                                                                              |
| assemble                      36        6.6202      0.183896    6.79         |
| assemble + linear solve       26        90.9015     3.496210    93.21        |
 ------------------------------------------------------------------------------
| Totals:                       62        97.5217                 100.00       |
 ------------------------------------------------------------------------------

Linear solver converged at step: 1780, final residual: 1.26442e-10  ||u - u_old|| = 9.90975
F_norms[2]=2.66257e-06
 Nonlinear solver converged at step 2

F_norms[0]=0.0192593		 etas[0]=0			 n_its[0]=2000
F_norms[1]=0.000815072		 etas[1]=0			 n_its[1]=1780
F_norms[2]=2.66257e-06		 etas[2]=0			 n_its[2]=0
 |TE|_oo = 0
 Scaling timestep by 1
--------------------------------------------------------------------------
Computing Surface fluxes...
Computing Kinetic Energy...
======= Finished time step    11 time=0.11 dt=0.01 =======


======= Starting time step    12 time=0.11 dt=0.01 =======
F_norms[0]=0.00844735
 ------------------------------------------------------------------------------
| Porous Media Performance: Alive time=196.458, Active time=102.69             |
 ------------------------------------------------------------------------------
| Event                         nCalls    Total       Avg         Percent of   |
|                                         Time        Time        Active Time  |
|------------------------------------------------------------------------------|
|                                                                              |
| assemble                      38        6.9861      0.183845    6.80         |
| assemble + linear solve       27        95.7035     3.544573    93.20        |
 ------------------------------------------------------------------------------
| Totals:                       65        102.6896                100.00       |
 ------------------------------------------------------------------------------

Linear solver converged at step: 2000, final residual: 8.04668e-08  ||u - u_old|| = 49.5384
F_norms[1]=0.000285046
 ------------------------------------------------------------------------------
| Porous Media Performance: Alive time=200.844, Active time=107.049            |
 ------------------------------------------------------------------------------
| Event                         nCalls    Total       Avg         Percent of   |
|                                         Time        Time        Active Time  |
|------------------------------------------------------------------------------|
|                                                                              |
| assemble                      39        7.1691      0.183824    6.70         |
| assemble + linear solve       28        99.8801     3.567147    93.30        |
 ------------------------------------------------------------------------------
| Totals:                       67        107.0492                100.00       |
 ------------------------------------------------------------------------------

Linear solver converged at step: 1734, final residual: 4.50652e-11  ||u - u_old|| = 3.33002
F_norms[2]=7.85648e-07
 Nonlinear solver converged at step 2

F_norms[0]=0.00844735		 etas[0]=0			 n_its[0]=2000
F_norms[1]=0.000285046		 etas[1]=0			 n_its[1]=1734
F_norms[2]=7.85648e-07		 etas[2]=0			 n_its[2]=0
 |TE|_oo = 0
 Scaling timestep by 1
--------------------------------------------------------------------------
Computing Surface fluxes...
Computing Kinetic Energy...
======= Finished time step    12 time=0.12 dt=0.01 =======


======= Starting time step    13 time=0.12 dt=0.01 =======
F_norms[0]=0.00349537
 ------------------------------------------------------------------------------
| Porous Media Performance: Alive time=206.192, Active time=111.862            |
 ------------------------------------------------------------------------------
| Event                         nCalls    Total       Avg         Percent of   |
|                                         Time        Time        Active Time  |
|------------------------------------------------------------------------------|
|                                                                              |
| assemble                      41        7.5351      0.183783    6.74         |
| assemble + linear solve       29        104.3269    3.597478    93.26        |
 ------------------------------------------------------------------------------
| Totals:                       70        111.8620                100.00       |
 ------------------------------------------------------------------------------

Linear solver converged at step: 1847, final residual: 1.45424e-10  ||u - u_old|| = 40.0261
F_norms[1]=0.000104259
 ------------------------------------------------------------------------------
| Porous Media Performance: Alive time=210.77, Active time=116.414             |
 ------------------------------------------------------------------------------
| Event                         nCalls    Total       Avg         Percent of   |
|                                         Time        Time        Active Time  |
|------------------------------------------------------------------------------|
|                                                                              |
| assemble                      42        7.7185      0.183774    6.63         |
| assemble + linear solve       30        108.6957    3.623189    93.37        |
 ------------------------------------------------------------------------------
| Totals:                       72        116.4142                100.00       |
 ------------------------------------------------------------------------------

Linear solver converged at step: 1817, final residual: 1.57978e-11  ||u - u_old|| = 0.510153
F_norms[2]=8.98649e-07
 Nonlinear solver converged at step 2

F_norms[0]=0.00349537		 etas[0]=0			 n_its[0]=1847
F_norms[1]=0.000104259		 etas[1]=0			 n_its[1]=1817
F_norms[2]=8.98649e-07		 etas[2]=0			 n_its[2]=0
 |TE|_oo = 0
 Scaling timestep by 1
--------------------------------------------------------------------------
Computing Surface fluxes...
Computing Kinetic Energy...
======= Finished time step    13 time=0.13 dt=0.01 =======


======= Starting time step    14 time=0.13 dt=0.01 =======
F_norms[0]=0.00239997
 ------------------------------------------------------------------------------
| Porous Media Performance: Alive time=216.205, Active time=121.303            |
 ------------------------------------------------------------------------------
| Event                         nCalls    Total       Avg         Percent of   |
|                                         Time        Time        Active Time  |
|------------------------------------------------------------------------------|
|                                                                              |
| assemble                      44        8.0841      0.183730    6.66         |
| assemble + linear solve       31        113.2189    3.652224    93.34        |
 ------------------------------------------------------------------------------
| Totals:                       75        121.3031                100.00       |
 ------------------------------------------------------------------------------

Linear solver converged at step: 1882, final residual: 6.97151e-11  ||u - u_old|| = 42.7821
F_norms[1]=3.55919e-05
 ------------------------------------------------------------------------------
| Porous Media Performance: Alive time=220.887, Active time=125.959            |
 ------------------------------------------------------------------------------
| Event                         nCalls    Total       Avg         Percent of   |
|                                         Time        Time        Active Time  |
|------------------------------------------------------------------------------|
|                                                                              |
| assemble                      45        8.2676      0.183724    6.56         |
| assemble + linear solve       32        117.6913    3.677852    93.44        |
 ------------------------------------------------------------------------------
| Totals:                       77        125.9589                100.00       |
 ------------------------------------------------------------------------------

Linear solver converged at step: 1863, final residual: 4.31416e-12  ||u - u_old|| = 0.320828
F_norms[2]=1.00861e-06
 Nonlinear solver converged at step 2

F_norms[0]=0.00239997		 etas[0]=0			 n_its[0]=1882
F_norms[1]=3.55919e-05		 etas[1]=0			 n_its[1]=1863
F_norms[2]=1.00861e-06		 etas[2]=0			 n_its[2]=0
 |TE|_oo = 0
 Scaling timestep by 1
--------------------------------------------------------------------------
Computing Surface fluxes...
Computing Kinetic Energy...
======= Finished time step    14 time=0.14 dt=0.01 =======


======= Starting time step    15 time=0.14 dt=0.01 =======
F_norms[0]=0.00183159
 ------------------------------------------------------------------------------
| Porous Media Performance: Alive time=226.607, Active time=131.126            |
 ------------------------------------------------------------------------------
| Event                         nCalls    Total       Avg         Percent of   |
|                                         Time        Time        Active Time  |
|------------------------------------------------------------------------------|
|                                                                              |
| assemble                      47        8.6335      0.183693    6.58         |
| assemble + linear solve       33        122.4926    3.711896    93.42        |
 ------------------------------------------------------------------------------
| Totals:                       80        131.1261                100.00       |
 ------------------------------------------------------------------------------

Linear solver converged at step: 2000, final residual: 9.28093e-10  ||u - u_old|| = 29.3175
F_norms[1]=8.78451e-06
 Nonlinear solver converged at step 1

F_norms[0]=0.00183159		 etas[0]=0			 n_its[0]=2000
F_norms[1]=8.78451e-06		 etas[1]=0			 n_its[1]=0
 |TE|_oo = 0
 Scaling timestep by 1
--------------------------------------------------------------------------
Computing Surface fluxes...
Computing Kinetic Energy...
======= Finished time step    15 time=0.15 dt=0.01 =======


======= Starting time step    16 time=0.15 dt=0.01 =======
F_norms[0]=0.00113112
 ------------------------------------------------------------------------------
| Porous Media Performance: Alive time=232.325, Active time=136.301            |
 ------------------------------------------------------------------------------
| Event                         nCalls    Total       Avg         Percent of   |
|                                         Time        Time        Active Time  |
|------------------------------------------------------------------------------|
|                                                                              |
| assemble                      49        9.0006      0.183685    6.60         |
| assemble + linear solve       34        127.3001    3.744122    93.40        |
 ------------------------------------------------------------------------------
| Totals:                       83        136.3007                100.00       |
 ------------------------------------------------------------------------------

Linear solver converged at step: 2000, final residual: 5.43101e-10  ||u - u_old|| = 14.1494
F_norms[1]=2.90108e-06
 Nonlinear solver converged at step 1

F_norms[0]=0.00113112		 etas[0]=0			 n_its[0]=2000
F_norms[1]=2.90108e-06		 etas[1]=0			 n_its[1]=0
 |TE|_oo = 0
 Scaling timestep by 1
--------------------------------------------------------------------------
Computing Surface fluxes...
Computing Kinetic Energy...
======= Finished time step    16 time=0.16 dt=0.01 =======


======= Starting time step    17 time=0.16 dt=0.01 =======
F_norms[0]=0.000554245
 ------------------------------------------------------------------------------
| Porous Media Performance: Alive time=237.957, Active time=141.402            |
 ------------------------------------------------------------------------------
| Event                         nCalls    Total       Avg         Percent of   |
|                                         Time        Time        Active Time  |
|------------------------------------------------------------------------------|
|                                                                              |
| assemble                      51        9.3671      0.183668    6.62         |
| assemble + linear solve       35        132.0345    3.772414    93.38        |
 ------------------------------------------------------------------------------
| Totals:                       86        141.4016                100.00       |
 ------------------------------------------------------------------------------

Linear solver converged at step: 1971, final residual: 1.72181e-11  ||u - u_old|| = 4.15392
F_norms[1]=1.71322e-06
 Nonlinear solver converged at step 1

F_norms[0]=0.000554245		 etas[0]=0			 n_its[0]=1971
F_norms[1]=1.71322e-06		 etas[1]=0			 n_its[1]=0
 |TE|_oo = 0
 Scaling timestep by 1
--------------------------------------------------------------------------
Computing Surface fluxes...
Computing Kinetic Energy...
======= Finished time step    17 time=0.17 dt=0.01 =======


======= Starting time step    18 time=0.17 dt=0.01 =======
F_norms[0]=0.000236375
 ------------------------------------------------------------------------------
| Porous Media Performance: Alive time=243.428, Active time=146.346            |
 ------------------------------------------------------------------------------
| Event                         nCalls    Total       Avg         Percent of   |
|                                         Time        Time        Active Time  |
|------------------------------------------------------------------------------|
|                                                                              |
| assemble                      53        9.7333      0.183647    6.65         |
| assemble + linear solve       36        136.6131    3.794808    93.35        |
 ------------------------------------------------------------------------------
| Totals:                       89        146.3464                100.00       |
 ------------------------------------------------------------------------------

Linear solver converged at step: 1907, final residual: 1.10798e-11  ||u - u_old|| = 2.2528
F_norms[1]=7.58295e-07
 Nonlinear solver converged at step 1

F_norms[0]=0.000236375		 etas[0]=0			 n_its[0]=1907
F_norms[1]=7.58295e-07		 etas[1]=0			 n_its[1]=0
 |TE|_oo = 0
 Scaling timestep by 1
--------------------------------------------------------------------------
Computing Surface fluxes...
Computing Kinetic Energy...
======= Finished time step    18 time=0.18 dt=0.01 =======


======= Starting time step    19 time=0.18 dt=0.01 =======
F_norms[0]=0.000153747
 ------------------------------------------------------------------------------
| Porous Media Performance: Alive time=249.124, Active time=151.512            |
 ------------------------------------------------------------------------------
| Event                         nCalls    Total       Avg         Percent of   |
|                                         Time        Time        Active Time  |
|------------------------------------------------------------------------------|
|                                                                              |
| assemble                      55        10.0992     0.183623    6.67         |
| assemble + linear solve       37        141.4130    3.821973    93.33        |
 ------------------------------------------------------------------------------
| Totals:                       92        151.5122                100.00       |
 ------------------------------------------------------------------------------

Linear solver converged at step: 2000, final residual: 5.09843e-11  ||u - u_old|| = 2.80251
F_norms[1]=1.08902e-06
 Nonlinear solver converged at step 1

F_norms[0]=0.000153747		 etas[0]=0			 n_its[0]=2000
F_norms[1]=1.08902e-06		 etas[1]=0			 n_its[1]=0
 |TE|_oo = 0
 Scaling timestep by 1
--------------------------------------------------------------------------
Computing Surface fluxes...
Computing Kinetic Energy...
======= Finished time step    19 time=0.19 dt=0.01 =======


======= Starting time step    20 time=0.19 dt=0.01 =======
F_norms[0]=0.000123931
 ------------------------------------------------------------------------------
| Porous Media Performance: Alive time=254.399, Active time=156.252            |
 ------------------------------------------------------------------------------
| Event                         nCalls    Total       Avg         Percent of   |
|                                         Time        Time        Active Time  |
|------------------------------------------------------------------------------|
|                                                                              |
| assemble                      57        10.4659     0.183611    6.70         |
| assemble + linear solve       38        145.7866    3.836490    93.30        |
 ------------------------------------------------------------------------------
| Totals:                       95        156.2525                100.00       |
 ------------------------------------------------------------------------------

Linear solver converged at step: 1821, final residual: 4.03313e-12  ||u - u_old|| = 2.07124
F_norms[1]=7.97393e-07
 Nonlinear solver converged at step 1

F_norms[0]=0.000123931		 etas[0]=0			 n_its[0]=1821
F_norms[1]=7.97393e-07		 etas[1]=0			 n_its[1]=0
 |TE|_oo = 0
 Scaling timestep by 1
--------------------------------------------------------------------------
Computing Surface fluxes...
Computing Kinetic Energy...
======= Finished time step    20 time=0.2 dt=0.01 =======


======= Starting time step    21 time=0.2 dt=0.01 =======
F_norms[0]=8.07846e-05
 ------------------------------------------------------------------------------
| Porous Media Performance: Alive time=301.148, Active time=161.427            |
 ------------------------------------------------------------------------------
| Event                         nCalls    Total       Avg         Percent of   |
|                                         Time        Time        Active Time  |
|------------------------------------------------------------------------------|
|                                                                              |
| assemble                      59        10.8329     0.183609    6.71         |
| assemble + linear solve       39        150.5944    3.861395    93.29        |
 ------------------------------------------------------------------------------
| Totals:                       98        161.4274                100.00       |
 ------------------------------------------------------------------------------

Linear solver converged at step: 2000, final residual: 2.16026e-11  ||u - u_old|| = 1.06583
F_norms[1]=1.04303e-06
 Nonlinear solver converged at step 1

F_norms[0]=8.07846e-05		 etas[0]=0			 n_its[0]=2000
F_norms[1]=1.04303e-06		 etas[1]=0			 n_its[1]=0
 |TE|_oo = 0
 Scaling timestep by 1
--------------------------------------------------------------------------
Computing Surface fluxes...
Computing Kinetic Energy...
======= Finished time step    21 time=0.21 dt=0.01 =======


======= Starting time step    22 time=0.21 dt=0.01 =======
F_norms[0]=4.11583e-05
 ------------------------------------------------------------------------------
| Porous Media Performance: Alive time=306.854, Active time=166.599            |
 ------------------------------------------------------------------------------
| Event                         nCalls    Total       Avg         Percent of   |
|                                         Time        Time        Active Time  |
|------------------------------------------------------------------------------|
|                                                                              |
| assemble                      61        11.1989     0.183588    6.72         |
| assemble + linear solve       40        155.3997    3.884994    93.28        |
 ------------------------------------------------------------------------------
| Totals:                       101       166.5986                100.00       |
 ------------------------------------------------------------------------------

Linear solver converged at step: 2000, final residual: 1.43132e-11  ||u - u_old|| = 0.348168
F_norms[1]=1.04857e-06
 Nonlinear solver converged at step 1

F_norms[0]=4.11583e-05		 etas[0]=0			 n_its[0]=2000
F_norms[1]=1.04857e-06		 etas[1]=0			 n_its[1]=0
 |TE|_oo = 0
 Scaling timestep by 1
--------------------------------------------------------------------------
Computing Surface fluxes...
Computing Kinetic Energy...
======= Finished time step    22 time=0.22 dt=0.01 =======


======= Starting time step    23 time=0.22 dt=0.01 =======
F_norms[0]=1.74581e-05
 ------------------------------------------------------------------------------
| Porous Media Performance: Alive time=312.134, Active time=171.34             |
 ------------------------------------------------------------------------------
| Event                         nCalls    Total       Avg         Percent of   |
|                                         Time        Time        Active Time  |
|------------------------------------------------------------------------------|
|                                                                              |
| assemble                      63        11.5651     0.183574    6.75         |
| assemble + linear solve       41        159.7744    3.896937    93.25        |
 ------------------------------------------------------------------------------
| Totals:                       104       171.3396                100.00       |
 ------------------------------------------------------------------------------

Linear solver converged at step: 1821, final residual: 7.32454e-13  ||u - u_old|| = 0.130972
F_norms[1]=7.18142e-07
 Nonlinear solver converged at step 1

F_norms[0]=1.74581e-05		 etas[0]=0			 n_its[0]=1821
F_norms[1]=7.18142e-07		 etas[1]=0			 n_its[1]=0
 |TE|_oo = 0
 Scaling timestep by 1
--------------------------------------------------------------------------
Computing Surface fluxes...
Computing Kinetic Energy...
======= Finished time step    23 time=0.23 dt=0.01 =======


======= Starting time step    24 time=0.23 dt=0.01 =======
F_norms[0]=1.01849e-05
 ------------------------------------------------------------------------------
| Porous Media Performance: Alive time=317.604, Active time=176.271            |
 ------------------------------------------------------------------------------
| Event                         nCalls    Total       Avg         Percent of   |
|                                         Time        Time        Active Time  |
|------------------------------------------------------------------------------|
|                                                                              |
| assemble                      65        11.9314     0.183560    6.77         |
| assemble + linear solve       42        164.3394    3.912843    93.23        |
 ------------------------------------------------------------------------------
| Totals:                       107       176.2708                100.00       |
 ------------------------------------------------------------------------------

Linear solver converged at step: 1901, final residual: 4.33704e-13  ||u - u_old|| = 0.179421
F_norms[1]=6.88431e-07
 Nonlinear solver converged at step 1

F_norms[0]=1.01849e-05		 etas[0]=0			 n_its[0]=1901
F_norms[1]=6.88431e-07		 etas[1]=0			 n_its[1]=0
 |TE|_oo = 0
 Scaling timestep by 1
--------------------------------------------------------------------------
Computing Surface fluxes...
Computing Kinetic Energy...
======= Finished time step    24 time=0.24 dt=0.01 =======


======= Starting time step    25 time=0.24 dt=0.01 =======
F_norms[0]=8.31208e-06
 Nonlinear solver converged at step 0

F_norms[0]=8.31208e-06		 etas[0]=0			 n_its[0]=0
 |TE|_oo = 0
 Scaling timestep by 1
--------------------------------------------------------------------------
Computing Surface fluxes...
Computing Kinetic Energy...
======= Finished time step    25 time=0.25 dt=0.01 =======


Steady State Reached: Terminating Simulation.
 ------------------------------------------------------------------------------
| Porous Media Performance: Alive time=350.818, Active time=176.636            |
 ------------------------------------------------------------------------------
| Event                         nCalls    Total       Avg         Percent of   |
|                                         Time        Time        Active Time  |
|------------------------------------------------------------------------------|
|                                                                              |
| assemble                      67        12.2970     0.183537    6.96         |
| assemble + linear solve       42        164.3394    3.912843    93.04        |
 ------------------------------------------------------------------------------
| Totals:                       109       176.6364                100.00       |
 ------------------------------------------------------------------------------

************************************************************************************************************************
***             WIDEN YOUR WINDOW TO 120 CHARACTERS.  Use 'enscript -r -fCourier9' to print this document            ***
************************************************************************************************************************

---------------------------------------------- PETSc Performance Summary: ----------------------------------------------

./pm on a linux named columbia9 with 80 processors, by benkirk Fri Apr 21 05:13:22 2006
Using Petsc Version 2.2.0, Patch 0, Released Feb 27, 2004

                         Max       Max/Min        Avg      Total 
Time (sec):           3.672e+02      1.09928   3.626e+02
Objects:              0.000e+00      0.00000   0.000e+00
Flops:                5.932e+10      1.20016   5.395e+10  4.316e+12
Flops/sec:            1.676e+08      1.24356   1.489e+08  1.191e+10
MPI Messages:         1.099e+06      4.00000   7.108e+05  5.687e+07
MPI Message Lengths:  6.663e+08      2.55489   6.922e+02  3.937e+10
MPI Reductions:       2.593e+03      1.00000

Flop counting convention: 1 flop = 1 real number operation of type (multiply/divide/add/subtract)
                            e.g., VecAXPY() for real vectors of length N --> 2N flops
                            and VecAXPY() for complex vectors of length N --> 8N flops

Summary of Stages:   ----- Time ------  ----- Flops -----  --- Messages ---  -- Message Lengths --  -- Reductions --
                        Avg     %Total     Avg     %Total   counts   %Total     Avg         %Total   counts   %Total 
 0:      Main Stage: 3.6258e+02 100.0%  4.3159e+12 100.0%  5.687e+07 100.0%  6.922e+02      100.0%  2.074e+05 100.0% 

------------------------------------------------------------------------------------------------------------------------
See the 'Profiling' chapter of the users' manual for details on interpreting output.
Phase summary info:
   Count: number of times phase was executed
   Time and Flops/sec: Max - maximum over all processors
                       Ratio - ratio of maximum to minimum over all processors
   Mess: number of messages sent
   Avg. len: average message length
   Reduct: number of global reductions
   Global: entire computation
   Stage: stages of a computation. Set stages with PetscLogStagePush() and PetscLogStagePop().
      %T - percent time in this phase         %F - percent flops in this phase
      %M - percent messages in this phase     %L - percent message lengths in this phase
      %R - percent reductions in this phase
   Total Mflop/s: 10e-6 * (sum of flops over all processors)/(max time over all processors)
------------------------------------------------------------------------------------------------------------------------


      ##########################################################
      #                                                        #
      #                          WARNING!!!                    #
      #                                                        #
      #   This code was run without the PreLoadBegin()         #
      #   macros. To get timing results we always recommend    #
      #   preloading. otherwise timing numbers may be          #
      #   meaningless.                                         #
      ##########################################################


Event                Count      Time (sec)     Flops/sec                         --- Global ---  --- Stage ---   Total
                   Max Ratio  Max     Ratio   Max  Ratio  Mess   Avg len Reduct  %T %F %M %L %R  %T %F %M %L %R Mflop/s
------------------------------------------------------------------------------------------------------------------------

--- Event Stage 0: Main Stage

VecDot            136902 1.0 2.1204e+01 3.4 1.65e+08 4.1 0.0e+00 0.0e+00 1.4e+05  4  2  0  0 66   4  2  0  0 66  3506
VecNorm            68620 1.0 1.7748e+01 5.2 1.51e+08 6.2 0.0e+00 0.0e+00 6.9e+04  3  1  0  0 33   3  1  0  0 33  2099
VecCopy              412 1.0 5.7950e-02 1.7 0.00e+00 0.0 0.0e+00 0.0e+00 0.0e+00  0  0  0  0  0   0  0  0  0  0     0
VecSet            137356 1.0 3.2516e-01 1.3 0.00e+00 0.0 0.0e+00 0.0e+00 0.0e+00  0  0  0  0  0   0  0  0  0  0     0
VecAXPY           273856 1.0 9.6935e-01 1.2 2.18e+09 1.1 0.0e+00 0.0e+00 0.0e+00  0  3  0  0  0   0  3  0  0  0 153431
VecAYPX           136845 1.0 5.6093e+00 1.3 1.98e+08 1.1 0.0e+00 0.0e+00 0.0e+00  1  2  0  0  0   1  2  0  0  0 13250
VecWAXPY          273670 1.0 9.5867e+00 1.3 1.98e+08 1.1 0.0e+00 0.0e+00 0.0e+00  2  3  0  0  0   2  3  0  0  0 13565
VecAssemblyBegin     310 1.0 1.0808e+00 2.6 0.00e+00 0.0 3.8e+04 1.1e+03 9.3e+02  0  0  0  0  0   0  0  0  0  0     0
VecAssemblyEnd       310 1.0 5.1364e-02 3.1 0.00e+00 0.0 0.0e+00 0.0e+00 0.0e+00  0  0  0  0  0   0  0  0  0  0     0
VecScatterBegin   137104 1.0 1.2827e+01 8.7 0.00e+00 0.0 5.7e+07 6.8e+02 0.0e+00  2  0100 98  0   2  0100 98  0     0
VecScatterEnd     137104 1.0 4.9819e+00 3.5 0.00e+00 0.0 0.0e+00 0.0e+00 0.0e+00  1  0  0  0  0   1  0  0  0  0     0
MatMult           136969 1.0 6.3963e+01 1.3 4.94e+08 1.3 5.7e+07 6.8e+02 0.0e+00 15 45100 98  0  15 45100 98  0 30655
MatMultAdd            67 1.0 9.1794e-02 2.2 2.82e+08 2.1 2.8e+04 6.8e+02 0.0e+00  0  0  0  0  0   0  0  0  0  0 10666
MatSolve          136969 1.0 7.0599e+01 1.2 3.76e+08 1.0 0.0e+00 0.0e+00 0.0e+00 18 44  0  0  0  18 44  0  0  0 26692
MatLUFactorNum        67 1.0 3.7957e-01 1.2 1.92e+08 1.1 0.0e+00 0.0e+00 0.0e+00  0  0  0  0  0   0  0  0  0  0 13276
MatILUFactorSym        2 1.0 6.6588e-03 4.3 0.00e+00 0.0 0.0e+00 0.0e+00 2.0e+00  0  0  0  0  0   0  0  0  0  0     0
MatAssemblyBegin     201 1.0 2.5966e+00 3.4 0.00e+00 0.0 3.8e+04 1.6e+04 4.0e+02  0  0  0  2  0   0  0  0  2  0     0
MatAssemblyEnd       201 1.0 2.5776e-01 1.9 0.00e+00 0.0 8.3e+02 3.7e+02 2.1e+02  0  0  0  0  0   0  0  0  0  0     0
MatGetOrdering         2 1.0 4.4820e-0310.6 0.00e+00 0.0 0.0e+00 0.0e+00 4.0e+00  0  0  0  0  0   0  0  0  0  0     0
MatZeroEntries        96 1.0 2.2367e-02 1.5 0.00e+00 0.0 0.0e+00 0.0e+00 0.0e+00  0  0  0  0  0   0  0  0  0  0     0
KSPSetup             134 1.0 1.9024e-02 2.7 0.00e+00 0.0 0.0e+00 0.0e+00 0.0e+00  0  0  0  0  0   0  0  0  0  0     0
KSPSolve              67 1.0 1.6449e+02 1.0 3.61e+08 1.2 5.7e+07 6.8e+02 2.1e+05 45100100 98 99  45100100 98 99 26232
PCSetUp              134 1.0 4.5330e-01 1.2 1.62e+08 1.1 0.0e+00 0.0e+00 6.0e+00  0  0  0  0  0   0  0  0  0  0 11117
PCSetUpOnBlocks       67 1.0 3.9880e-01 1.2 1.87e+08 1.1 0.0e+00 0.0e+00 6.0e+00  0  0  0  0  0   0  0  0  0  0 12636
PCApply           136969 1.0 7.2257e+01 1.2 3.67e+08 1.0 0.0e+00 0.0e+00 0.0e+00 18 44  0  0  0  18 44  0  0  0 26079
------------------------------------------------------------------------------------------------------------------------

Memory usage is given in bytes:

Object Type          Creations   Destructions   Memory  Descendants' Mem.

--- Event Stage 0: Main Stage

           Index Set    78             78    1095688     0
                 Map   185            185      47360     0
                 Vec   187            187    4429096     0
         Vec Scatter    70             70    5590644     0
              Matrix     8              8    5514188     1.95149e+06
       Krylov Solver     4              4        304     459648
      Preconditioner     4              4        480     1.82654e+06
========================================================================================================================
Average time to get PetscTime(): 5.00679e-07
Average time for MPI_Barrier(): 1.82152e-05
Average time for zero size MPI_Send(): 0.000136039
Compiled without FORTRAN kernels
Compiled with double precision matrices (default)
sizeof(short) 2 sizeof(int) 4 sizeof(long) 8 sizeof(void *) 8   
Libraries compiled on Tue Dec 13 11:13:18 PST 2005 on columbia  
Machine characteristics: Linux columbia 2.6.5-7.202.5-sn2 #1 SMP Thu Aug 25 06:20:45 UTC 2005 ia64 ia64 ia64 GNU/Linux  
Using PETSc directory: /u/benkirk/petsc-2.2.0 
Using PETSc arch: linux64_intel 
-----------------------------------------   
Using C compiler: icc -KPIC -O2 -ftz -I/u/benkirk/petsc-2.2.0 -I/u/benkirk/petsc-2.2.0/bmake/linux64_intel -I/u/benkirk/petsc-2.2.0/include   -I/opt/sgi/mpt/1.12.0.0/include                                                                                                                           -DPETSC_USE_FOR_KERNELS -DPETSC_USE_LOG -DPETSC_USE_DEBUG -DPETSC_USE_BOPT_O -DPETSC_USE_EXTERN_CXX -DMPI_NO_CPPBIND -wd1476 -D__SDIR__='. '  
C Compiler version: 
Intel(R) C Itanium(R) Compiler for Itanium(R)-based applications 
Version 9.0    Build 20051020 Package ID: l_cc_c_9.0.027 
C++ Compiler version: 
Intel(R) C Itanium(R) Compiler for Itanium(R)-based applications 
Using Fortran compiler: ifort -w -KPIC -O2 -ftz -I/u/benkirk/petsc-2.2.0 -I/u/benkirk/petsc-2.2.0/bmake/linux64_intel -I/u/benkirk/petsc-2.2.0/include   -I/opt/sgi/mpt/1.12.0.0/include                                                                                                                           -DPETSC_USE_FOR_KERNELS -DPETSC_USE_LOG -DPETSC_USE_DEBUG -DPETSC_USE_BOPT_O -DPETSC_USE_EXTERN_CXX  
Fortran Compiler version: 
Intel(R) Fortran Itanium(R) Compiler for Itanium(R)-based applications 
Version 9.0    Build 20051020 Package ID: l_fc_c_9.0.028 
-----------------------------------------   
Using PETSc flags: -DPETSC_USE_FOR_KERNELS -DPETSC_USE_LOG -DPETSC_USE_DEBUG -DPETSC_USE_BOPT_O -DPETSC_USE_EXTERN_CXX                                                                                                                        
----------------------------------------- 
Using configuration flags: 
----------------------------------------- 
Using include paths: -I/u/benkirk/petsc-2.2.0 -I/u/benkirk/petsc-2.2.0/bmake/linux64_intel -I/u/benkirk/petsc-2.2.0/include   -I/opt/sgi/mpt/1.12.0.0/include    
------------------------------------------   
Using C linker: icc -i_dynamic -O2 -ftz -Qoption,link,-rpath,/u/benkirk/petsc-2.2.0/lib/libO/linux64_intel  
Using Fortran linker: icc -i_dynamic -O2 -ftz -Qoption,link,-rpath,/u/benkirk/petsc-2.2.0/lib/libO/linux64_intel  
Using libraries: -L/u/benkirk/petsc-2.2.0/lib/libO/linux64_intel -lpetscts -lpetscsnes -lpetscksp -lpetscdm -lpetscmat -lpetscvec -lpetsc                                                                                                                                                                                                                                                                              -Wl,-rpath,/opt/sgi/scsl/1.6.1.0/lib -L/opt/sgi/scsl/1.6.1.0/lib -lscs -L/opt/sgi/mpt/1.12.0.0/lib -lmpi -lifport -lifcoremt -ldl -limf -lm -lcxa -lunwind -lpthread -lirc 
 -------------------------------------------------------------------------------

 Run completed in 374 seconds
