This is pdfTeX, Version 3.1415926-2.4-1.40.13 (TeX Live 2012/MacPorts 2012_5) (format=pdflatex 2012.10.28)  5 MAR 2013 20:02
entering extended mode
 restricted \write18 enabled.
 %&-line parsing enabled.
**main
(./main.tex
LaTeX2e <2011/06/27>
Babel <v3.8m> and hyphenation patterns for english, dumylang, nohyphenation, lo
aded.
(./foils.cls
Document Class: foils 1998/08/15 v2.1.3 FoilTeX Class File, Copyright IBM 1995,
1997,1998
(./fltfonts.def
File: fltfonts.def 1998/08/15 v2.1.3 FoilTeX font definition file, Copyright IB
M 1995,1997,1998
\symflasy=\mathgroup4
LaTeX Info: Redefining \em on input line 243.
LaTeX Font Info:    Overwriting symbol font `operators' in version `normal'
(Font)                  OT1/cmr/m/n --> OT1/fcmr/m/n on input line 245.
LaTeX Font Info:    Overwriting symbol font `letters' in version `normal'
(Font)                  OML/cmm/m/it --> OML/fcmm/m/it on input line 246.
LaTeX Font Info:    Overwriting symbol font `symbols' in version `normal'
(Font)                  OMS/cmsy/m/n --> OMS/fcmsy/m/n on input line 247.
LaTeX Font Info:    Overwriting symbol font `largesymbols' in version `normal'
(Font)                  OMX/cmex/m/n --> OMX/fcmex/m/n on input line 248.
LaTeX Font Info:    Overwriting symbol font `operators' in version `bold'
(Font)                  OT1/cmr/bx/n --> OT1/fcmr/bx/n on input line 249.
LaTeX Font Info:    Overwriting symbol font `letters' in version `bold'
(Font)                  OML/cmm/b/it --> OML/fcmm/b/it on input line 250.
LaTeX Font Info:    Overwriting symbol font `symbols' in version `bold'
(Font)                  OMS/cmsy/b/n --> OMS/fcmsy/b/n on input line 251.
LaTeX Font Info:    Overwriting symbol font `largesymbols' in version `bold'
(Font)                  OMX/cmex/m/n --> OMX/fcmex/m/n on input line 252.
LaTeX Font Info:    Redeclaring math alphabet \mathrm on input line 253.
LaTeX Font Info:    Redeclaring math alphabet \mathbf on input line 254.
LaTeX Font Info:    Overwriting math alphabet `\mathbf' in version `normal'
(Font)                  OT1/cmr/bx/n --> OT1/fcmr/bx/n on input line 254.
LaTeX Font Info:    Overwriting math alphabet `\mathbf' in version `bold'
(Font)                  OT1/cmr/bx/n --> OT1/fcmr/bx/n on input line 254.
LaTeX Font Info:    Redeclaring math alphabet \mathsf on input line 255.
LaTeX Font Info:    Overwriting math alphabet `\mathsf' in version `normal'
(Font)                  OT1/cmss/m/n --> OT1/fcmss/m/n on input line 255.
LaTeX Font Info:    Overwriting math alphabet `\mathsf' in version `bold'
(Font)                  OT1/cmss/bx/n --> OT1/fcmss/m/n on input line 255.
LaTeX Font Info:    Redeclaring math alphabet \mathit on input line 256.
LaTeX Font Info:    Overwriting math alphabet `\mathit' in version `normal'
(Font)                  OT1/cmr/m/it --> OT1/fcmr/m/it on input line 256.
LaTeX Font Info:    Overwriting math alphabet `\mathit' in version `bold'
(Font)                  OT1/cmr/bx/it --> OT1/fcmr/m/it on input line 256.
LaTeX Font Info:    Redeclaring math alphabet \mathtt on input line 257.
LaTeX Font Info:    Overwriting math alphabet `\mathtt' in version `normal'
(Font)                  OT1/cmtt/m/n --> OT1/fcmtt/m/n on input line 257.
LaTeX Font Info:    Overwriting math alphabet `\mathtt' in version `bold'
(Font)                  OT1/cmtt/m/n --> OT1/fcmtt/m/n on input line 257.
) (./foil20.clo
File: foil20.clo 1998/08/15 v2.1.3 FoilTeX file (size option), Copyright IBM 19
95,1997,1998
)
\head@footskip=\dimen102
\@foilheight=\dimen103
\@foilwidth=\dimen104
\abovetitleskip=\skip41
\titleauthorskip=\skip42
\authorauthorskip=\skip43
\authordateskip=\skip44
\dateabstractskip=\skip45
\@tempfootbox=\box26
\@tempfootht=\dimen105
\bibindent=\dimen106
\abovecaptionskip=\skip46
\belowcaptionskip=\skip47
\@captionwidth=\skip48
\captionwidth=\skip49
\abovefloatskip=\skip50
\c@table=\count79
\c@figure=\count80
\foilheadskip=\skip51
\c@Theorem=\count81
\c@Lemma=\count82
\c@Corollary=\count83
\c@Proposition=\count84
\c@Definition=\count85
)
(/opt/local/share/texmf-texlive-dist/tex/latex/hyperref/hyperref.sty
Package: hyperref 2012/05/13 v6.82q Hypertext links for LaTeX

(/opt/local/share/texmf-texlive-dist/tex/generic/oberdiek/hobsub-hyperref.sty
Package: hobsub-hyperref 2012/05/28 v1.13 Bundle oberdiek, subset hyperref (HO)


(/opt/local/share/texmf-texlive-dist/tex/generic/oberdiek/hobsub-generic.sty
Package: hobsub-generic 2012/05/28 v1.13 Bundle oberdiek, subset generic (HO)
Package: hobsub 2012/05/28 v1.13 Construct package bundles (HO)
Package: infwarerr 2010/04/08 v1.3 Providing info/warning/error messages (HO)
Package: ltxcmds 2011/11/09 v1.22 LaTeX kernel commands for general use (HO)
Package: ifluatex 2010/03/01 v1.3 Provides the ifluatex switch (HO)
Package ifluatex Info: LuaTeX not detected.
Package: ifvtex 2010/03/01 v1.5 Detect VTeX and its facilities (HO)
Package ifvtex Info: VTeX not detected.
Package: intcalc 2007/09/27 v1.1 Expandable calculations with integers (HO)
Package: ifpdf 2011/01/30 v2.3 Provides the ifpdf switch (HO)
Package ifpdf Info: pdfTeX in PDF mode is detected.
Package: etexcmds 2011/02/16 v1.5 Avoid name clashes with e-TeX commands (HO)
Package etexcmds Info: Could not find \expanded.
(etexcmds)             That can mean that you are not using pdfTeX 1.50 or
(etexcmds)             that some package has redefined \expanded.
(etexcmds)             In the latter case, load this package earlier.
Package: kvsetkeys 2012/04/25 v1.16 Key value parser (HO)
Package: kvdefinekeys 2011/04/07 v1.3 Define keys (HO)
Package: pdftexcmds 2011/11/29 v0.20 Utility functions of pdfTeX for LuaTeX (HO
)
Package pdftexcmds Info: LuaTeX not detected.
Package pdftexcmds Info: \pdf@primitive is available.
Package pdftexcmds Info: \pdf@ifprimitive is available.
Package pdftexcmds Info: \pdfdraftmode found.
Package: pdfescape 2011/11/25 v1.13 Implements pdfTeX's escape features (HO)
Package: bigintcalc 2012/04/08 v1.3 Expandable calculations on big integers (HO
)
Package: bitset 2011/01/30 v1.1 Handle bit-vector datatype (HO)
Package: uniquecounter 2011/01/30 v1.2 Provide unlimited unique counter (HO)
)
Package hobsub Info: Skipping package `hobsub' (already loaded).
Package: letltxmacro 2010/09/02 v1.4 Let assignment for LaTeX macros (HO)
Package: hopatch 2012/05/28 v1.2 Wrapper for package hooks (HO)
Package: xcolor-patch 2011/01/30 xcolor patch
Package: atveryend 2011/06/30 v1.8 Hooks at the very end of document (HO)
Package atveryend Info: \enddocument detected (standard20110627).
Package: atbegshi 2011/10/05 v1.16 At begin shipout hook (HO)
Package: refcount 2011/10/16 v3.4 Data extraction from label references (HO)
Package: hycolor 2011/01/30 v1.7 Color options for hyperref/bookmark (HO)
)
(/opt/local/share/texmf-texlive-dist/tex/latex/graphics/keyval.sty
Package: keyval 1999/03/16 v1.13 key=value parser (DPC)
\KV@toks@=\toks14
)
(/opt/local/share/texmf-texlive-dist/tex/generic/ifxetex/ifxetex.sty
Package: ifxetex 2010/09/12 v0.6 Provides ifxetex conditional
)
(/opt/local/share/texmf-texlive-dist/tex/latex/oberdiek/kvoptions.sty
Package: kvoptions 2011/06/30 v3.11 Key value format for package options (HO)
)
\@linkdim=\dimen107
\Hy@linkcounter=\count86
\Hy@pagecounter=\count87

(/opt/local/share/texmf-texlive-dist/tex/latex/hyperref/pd1enc.def
File: pd1enc.def 2012/05/13 v6.82q Hyperref: PDFDocEncoding definition (HO)
)
\Hy@SavedSpaceFactor=\count88

(/opt/local/share/texmf-texlive-dist/tex/latex/latexconfig/hyperref.cfg
File: hyperref.cfg 2002/06/06 v1.2 hyperref configuration of TeXLive
)
Package hyperref Info: Option `bookmarks' set `true' on input line 3941.
Package hyperref Info: Option `colorlinks' set `true' on input line 3941.


Package hyperref Warning: Option `pagecolor' is not available anymore.

Package hyperref Info: Hyper figures OFF on input line 4062.
Package hyperref Info: Link nesting OFF on input line 4067.
Package hyperref Info: Hyper index ON on input line 4070.
Package hyperref Info: Plain pages OFF on input line 4077.
Package hyperref Info: Backreferencing OFF on input line 4082.
Package hyperref Info: Implicit mode ON; LaTeX internals redefined.
Package hyperref Info: Bookmarks ON on input line 4300.
\c@Hy@tempcnt=\count89
(/opt/local/share/texmf-texlive-dist/tex/latex/url/url.sty
\Urlmuskip=\muskip10
Package: url 2006/04/12  ver 3.3  Verb mode for urls, etc.
)
LaTeX Info: Redefining \url on input line 4653.
\Fld@menulength=\count90
\Field@Width=\dimen108
\Fld@charsize=\dimen109
Package hyperref Info: Hyper figures OFF on input line 5773.
Package hyperref Info: Link nesting OFF on input line 5778.
Package hyperref Info: Hyper index ON on input line 5781.
Package hyperref Info: backreferencing OFF on input line 5788.
Package hyperref Info: Link coloring ON on input line 5791.
Package hyperref Info: Link coloring with OCG OFF on input line 5798.
Package hyperref Info: PDF/A mode OFF on input line 5803.
LaTeX Info: Redefining \ref on input line 5843.
LaTeX Info: Redefining \pageref on input line 5847.
\Hy@abspage=\count91
\c@Item=\count92
\c@Hfootnote=\count93
)

Package hyperref Message: Driver: hpdftex.

(/opt/local/share/texmf-texlive-dist/tex/latex/hyperref/hpdftex.def
File: hpdftex.def 2012/05/13 v6.82q Hyperref driver for pdfTeX
\Fld@listcount=\count94
\c@bookmark@seq@number=\count95

(/opt/local/share/texmf-texlive-dist/tex/latex/oberdiek/rerunfilecheck.sty
Package: rerunfilecheck 2011/04/15 v1.7 Rerun checks for auxiliary files (HO)
Package uniquecounter Info: New unique counter `rerunfilecheck' on input line 2
82.
)
\Hy@SectionHShift=\skip52
)
(/opt/local/share/texmf-texlive-dist/tex/latex/amsmath/amsmath.sty
Package: amsmath 2000/07/18 v2.13 AMS math features
\@mathmargin=\skip53

For additional information on amsmath, use the `?' option.
(/opt/local/share/texmf-texlive-dist/tex/latex/amsmath/amstext.sty
Package: amstext 2000/06/29 v2.01

(/opt/local/share/texmf-texlive-dist/tex/latex/amsmath/amsgen.sty
File: amsgen.sty 1999/11/30 v2.0
\@emptytoks=\toks15
\ex@=\dimen110
))
(/opt/local/share/texmf-texlive-dist/tex/latex/amsmath/amsbsy.sty
Package: amsbsy 1999/11/29 v1.2d
\pmbraise@=\dimen111
)
(/opt/local/share/texmf-texlive-dist/tex/latex/amsmath/amsopn.sty
Package: amsopn 1999/12/14 v2.01 operator names
)
\inf@bad=\count96
LaTeX Info: Redefining \frac on input line 211.
\uproot@=\count97
\leftroot@=\count98
LaTeX Info: Redefining \overline on input line 307.
\classnum@=\count99
\DOTSCASE@=\count100
LaTeX Info: Redefining \ldots on input line 379.
LaTeX Info: Redefining \dots on input line 382.
LaTeX Info: Redefining \cdots on input line 467.
\Mathstrutbox@=\box27
\strutbox@=\box28
\big@size=\dimen112
LaTeX Font Info:    Redeclaring font encoding OML on input line 567.
LaTeX Font Info:    Redeclaring font encoding OMS on input line 568.
\macc@depth=\count101
\c@MaxMatrixCols=\count102
\dotsspace@=\muskip11
\c@parentequation=\count103
\dspbrk@lvl=\count104
\tag@help=\toks16
\row@=\count105
\column@=\count106
\maxfields@=\count107
\andhelp@=\toks17
\eqnshift@=\dimen113
\alignsep@=\dimen114
\tagshift@=\dimen115
\tagwidth@=\dimen116
\totwidth@=\dimen117
\lineht@=\dimen118
\@envbody=\toks18
\multlinegap=\skip54
\multlinetaggap=\skip55
\mathdisplay@stack=\toks19
LaTeX Info: Redefining \[ on input line 2666.
LaTeX Info: Redefining \] on input line 2667.
)
(/opt/local/share/texmf-texlive-dist/tex/latex/amsfonts/amssymb.sty
Package: amssymb 2009/06/22 v3.00

(/opt/local/share/texmf-texlive-dist/tex/latex/amsfonts/amsfonts.sty
Package: amsfonts 2009/06/22 v3.00 Basic AMSFonts support
\symAMSa=\mathgroup5
\symAMSb=\mathgroup6
LaTeX Font Info:    Overwriting math alphabet `\mathfrak' in version `bold'
(Font)                  U/euf/m/n --> U/euf/b/n on input line 96.
))
(/opt/local/share/texmf-texlive-dist/tex/latex/graphics/graphicx.sty
Package: graphicx 1999/02/16 v1.0f Enhanced LaTeX Graphics (DPC,SPQR)

(/opt/local/share/texmf-texlive-dist/tex/latex/graphics/graphics.sty
Package: graphics 2009/02/05 v1.0o Standard LaTeX Graphics (DPC,SPQR)

(/opt/local/share/texmf-texlive-dist/tex/latex/graphics/trig.sty
Package: trig 1999/03/16 v1.09 sin cos tan (DPC)
)
(/opt/local/share/texmf-texlive-dist/tex/latex/latexconfig/graphics.cfg
File: graphics.cfg 2010/04/23 v1.9 graphics configuration of TeX Live
)
Package graphics Info: Driver file: pdftex.def on input line 91.

(/opt/local/share/texmf-texlive-dist/tex/latex/pdftex-def/pdftex.def
File: pdftex.def 2011/05/27 v0.06d Graphics/color for pdfTeX
\Gread@gobject=\count108
))
\Gin@req@height=\dimen119
\Gin@req@width=\dimen120
)
(/opt/local/share/texmf-texlive-dist/tex/latex/graphics/color.sty
Package: color 2005/11/14 v1.0j Standard LaTeX Color (DPC)

(/opt/local/share/texmf-texlive-dist/tex/latex/latexconfig/color.cfg
File: color.cfg 2007/01/18 v1.5 color configuration of teTeX/TeXLive
)
Package color Info: Driver file: pdftex.def on input line 130.
)
(./billfoiltex.sty
File: billfoiltex.sty 
) (./soul.sty
Package: soul 2002/05/29 v2.3 letterspacing/underlining (mf)
\SOUL@word=\toks20
\SOUL@lasttoken=\toks21
\SOUL@cmds=\toks22
\SOUL@buffer=\toks23
\SOUL@token=\toks24
\SOUL@spaceskip=\skip56
\SOUL@ttwidth=\dimen121
\SOUL@uldp=\dimen122
\SOUL@ulht=\dimen123
)
(/opt/local/share/texmf-texlive-dist/tex/latex/texpower/texpower.sty
Package: texpower 2005/04/08 v0.2 Create Dynamic Presentations with LaTeX.

(/opt/local/share/texmf-texlive-dist/tex/latex/base/ifthen.sty
Package: ifthen 2001/05/26 v1.1c Standard LaTeX ifthen package (DPC)
)
(/opt/local/share/texmf-texlive-dist/tex/latex/tools/calc.sty
Package: calc 2007/08/22 v4.3 Infix arithmetic (KKT,FJ)
\calc@Acount=\count109
\calc@Bcount=\count110
\calc@Adimen=\dimen124
\calc@Bdimen=\dimen125
\calc@Askip=\skip57
\calc@Bskip=\skip58
LaTeX Info: Redefining \setlength on input line 76.
LaTeX Info: Redefining \addtolength on input line 77.
\calc@Ccount=\count111
\calc@Cskip=\skip59
)
(/opt/local/share/texmf-texlive-dist/tex/latex/texpower/tpoptions.cfg)
Package texpower Info: Producing display version. Dynamic features activated. o
n input line 76.
\c@tmpcnta@TP=\count112
\c@tmpcntb@TP=\count113
\tempdima@TP=\skip60
\tempdimb@TP=\skip61
\tempbox@TP=\box29
Package color Info: Redefining color black on input line 340.
Package color Info: Redefining color white on input line 340.
Package color Info: Redefining color red on input line 340.
Package color Info: Redefining color green on input line 340.
Package color Info: Redefining color blue on input line 340.
Package color Info: Redefining color cyan on input line 340.
Package color Info: Redefining color magenta on input line 340.
Package color Info: Redefining color yellow on input line 340.

(/opt/local/share/texmf-texlive-dist/tex/latex/texpower/tpcolors.cfg)
LaTeX Info: Redefining \em on input line 561.
\pbox@TP=\box30
\c@stripe@TP=\count114
\c@stripes@TP=\count115
\c@gradprogression@TP=\count116
\c@dgradhslope@TP=\count117
\c@dgradvslope@TP=\count118
\bgndbox@TP=\box31
\mempageconts@TP=\box32
\memfootins@TP=\insert233
\memoutput@TP=\toks25
\c@totalsteps=\count119
\c@firststep=\count120
\c@step=\count121
\c@stepcommand=\count122
\c@stepsperformed=\count123
\highlightboxsep=\skip62
\c@substep=\count124
\c@o@fs@TP=\count125
\ep@TP=\toks26
\texpower@verbatimfileout=\write3

(/opt/local/share/texmf-texlive-dist/tex/latex/texpower/tpsettings.cfg))
\GPT@outputbox=\box33

(/opt/local/share/texmf-texlive-dist/tex/latex/tools/verbatim.sty
Package: verbatim 2003/08/22 v1.5q LaTeX2e package for verbatim enhancements
\every@verbatim=\toks27
\verbatim@line=\toks28
\verbatim@in@stream=\read1
)
(/opt/local/share/texmf-texlive-dist/tex/latex/tools/layout.sty
Package: layout 2000/09/25 v1.2c Show layout parameters
\oneinch=\count126
\cnt@paperwidth=\count127
\cnt@paperheight=\count128
\cnt@hoffset=\count129
\cnt@voffset=\count130
\cnt@textheight=\count131
\cnt@textwidth=\count132
\cnt@topmargin=\count133
\cnt@oddsidemargin=\count134
\cnt@evensidemargin=\count135
\cnt@headheight=\count136
\cnt@headsep=\count137
\cnt@marginparsep=\count138
\cnt@marginparwidth=\count139
\cnt@marginparpush=\count140
\cnt@footskip=\count141
\fheight=\count142
\ref@top=\count143
\ref@hoffset=\count144
\ref@voffset=\count145
\ref@head=\count146
\ref@body=\count147
\ref@foot=\count148
\ref@margin=\count149
\ref@marginwidth=\count150
\ref@marginpar=\count151
\Interval=\count152
\ExtraYPos=\count153
\PositionX=\count154
\PositionY=\count155
\ArrowLength=\count156
)
\sizewidelen=\skip63
 (./format5.tex)
No file main.aux.
\openout1 = `main.aux'.

LaTeX Font Info:    Checking defaults for OML/cmm/m/it on input line 65.
LaTeX Font Info:    ... okay on input line 65.
LaTeX Font Info:    Checking defaults for T1/cmr/m/n on input line 65.
LaTeX Font Info:    ... okay on input line 65.
LaTeX Font Info:    Checking defaults for OT1/cmr/m/n on input line 65.
LaTeX Font Info:    ... okay on input line 65.
LaTeX Font Info:    Checking defaults for OMS/cmsy/m/n on input line 65.
LaTeX Font Info:    ... okay on input line 65.
LaTeX Font Info:    Checking defaults for OMX/cmex/m/n on input line 65.
LaTeX Font Info:    ... okay on input line 65.
LaTeX Font Info:    Checking defaults for U/cmr/m/n on input line 65.
LaTeX Font Info:    ... okay on input line 65.
LaTeX Font Info:    Checking defaults for PD1/pdf/m/n on input line 65.
LaTeX Font Info:    ... okay on input line 65.
\AtBeginShipoutBox=\box34
Package hyperref Info: Link coloring ON on input line 65.
(/opt/local/share/texmf-texlive-dist/tex/latex/hyperref/nameref.sty
Package: nameref 2010/04/30 v2.40 Cross-referencing by name of section

(/opt/local/share/texmf-texlive-dist/tex/generic/oberdiek/gettitlestring.sty
Package: gettitlestring 2010/12/03 v1.4 Cleanup title references (HO)
)
\c@section@level=\count157
)
LaTeX Info: Redefining \ref on input line 65.
LaTeX Info: Redefining \pageref on input line 65.
LaTeX Info: Redefining \nameref on input line 65.
\@outlinefile=\write4
\openout4 = `main.out'.


(/opt/local/share/texmf-texlive-dist/tex/context/base/supp-pdf.mkii
[Loading MPS to PDF converter (version 2006.09.02).]
\scratchcounter=\count158
\scratchdimen=\dimen126
\scratchbox=\box35
\nofMPsegments=\count159
\nofMParguments=\count160
\everyMPshowfont=\toks29
\MPscratchCnt=\count161
\MPscratchDim=\dimen127
\MPnumerator=\count162
\makeMPintoPDFobject=\count163
\everyMPtoPDFconversion=\toks30
) (/opt/local/share/texmf-texlive-dist/tex/latex/oberdiek/epstopdf-base.sty
Package: epstopdf-base 2010/02/09 v2.5 Base part for package epstopdf

(/opt/local/share/texmf-texlive-dist/tex/latex/oberdiek/grfext.sty
Package: grfext 2010/08/19 v1.1 Manage graphics extensions (HO)
)
Package grfext Info: Graphics extension search list:
(grfext)             [.png,.pdf,.jpg,.mps,.jpeg,.jbig2,.jb2,.PNG,.PDF,.JPG,.JPE
G,.JBIG2,.JB2,.eps]
(grfext)             \AppendGraphicsExtensions on input line 452.

(/opt/local/share/texmf-texlive-dist/tex/latex/latexconfig/epstopdf-sys.cfg
File: epstopdf-sys.cfg 2010/07/13 v1.3 Configuration of (r)epstopdf for TeX Liv
e
))

pdfTeX warning: pdflatex: \pdfmatch: empty (sub)expression

Package hyperref Warning: Internal error: Wrong pattern!
(hyperref)                --> ^(|[0-9]+\.?[0-9]*|[0-9]*\.?[0-9]+)$ <--
(hyperref)                Pattern check ignored on input line 65.

(./fourth_slides.tex
LaTeX Font Info:    Try loading font information for U+msa on input line 3.

(/opt/local/share/texmf-texlive-dist/tex/latex/amsfonts/umsa.fd
File: umsa.fd 2009/06/22 v3.00 AMS symbols A
)
LaTeX Font Info:    Try loading font information for U+msb on input line 3.

(/opt/local/share/texmf-texlive-dist/tex/latex/amsfonts/umsb.fd
File: umsb.fd 2009/06/22 v3.00 AMS symbols B
) [0

{/opt/local/var/db/texmf/fonts/map/pdftex/updmap/pdftex.map}]
<figs/Re500Eta10AdaptiveVorticity.png, id=14, 496.85625pt x 498.86375pt>
File: figs/Re500Eta10AdaptiveVorticity.png Graphic file (type png)

<use figs/Re500Eta10AdaptiveVorticity.png>
Package pdftex.def Info: figs/Re500Eta10AdaptiveVorticity.png used on input lin
e 18.
(pdftex.def)             Requested size: 274.6218pt x 275.73085pt.

<figures/word3.png, id=16, 513.92pt x 256.96pt>
File: figures/word3.png Graphic file (type png)
 <use figures/word3.png>
Package pdftex.def Info: figures/word3.png used on input line 26.
(pdftex.def)             Requested size: 108.40472pt x 54.2025pt.

[1 <./figures/word3.png> <./figs/Re500Eta10AdaptiveVorticity.png (PNG copy)>]
File: figures/word3.png Graphic file (type png)

<use figures/word3.png>
Package pdftex.def Info: figures/word3.png used on input line 49.
(pdftex.def)             Requested size: 108.40472pt x 54.2025pt.
 [2]
<figs/Re500Eta10AdaptiveAll.png, id=40, 903.375pt x 702.625pt>
File: figs/Re500Eta10AdaptiveAll.png Graphic file (type png)

<use figs/Re500Eta10AdaptiveAll.png>
Package pdftex.def Info: figs/Re500Eta10AdaptiveAll.png used on input line 57.
(pdftex.def)             Requested size: 480.59338pt x 373.80467pt.
File: figures/word3.png Graphic file (type png)
 <use figures/word3.png>
Package pdftex.def Info: figures/word3.png used on input line 64.
(pdftex.def)             Requested size: 108.40472pt x 54.2025pt.
 [3 <./figs/Re500Eta10AdaptiveAll.png (PNG copy)>]
<figs/cavityerror.pdf, id=51, 499.8675pt x 407.5225pt>
File: figs/cavityerror.pdf Graphic file (type pdf)

<use figs/cavityerror.pdf>
Package pdftex.def Info: figs/cavityerror.pdf used on input line 70.
(pdftex.def)             Requested size: 480.59338pt x 391.82654pt.
File: figures/word3.png Graphic file (type png)
 <use figures/word3.png>
Package pdftex.def Info: figures/word3.png used on input line 77.
(pdftex.def)             Requested size: 108.40472pt x 54.2025pt.
 [4 <./figs/cavityerror.pdf>] <figs/hierarchic.pdf, id=92, 930.47626pt x 224.84
pt>
File: figs/hierarchic.pdf Graphic file (type pdf)

<use figs/hierarchic.pdf>
Package pdftex.def Info: figs/hierarchic.pdf used on input line 80.
(pdftex.def)             Requested size: 617.9043pt x 149.3143pt.
File: figures/word3.png Graphic file (type png)
 <use figures/word3.png>
Package pdftex.def Info: figures/word3.png used on input line 92.
(pdftex.def)             Requested size: 108.40472pt x 54.2025pt.
 [5 <./figs/hierarchic.pdf>]
File: figures/word3.png Graphic file (type png)

<use figures/word3.png>
Package pdftex.def Info: figures/word3.png used on input line 114.
(pdftex.def)             Requested size: 108.40472pt x 54.2025pt.
 [6]
<figs/triangles.pdf, id=115, 898.35625pt x 329.23pt>
File: figs/triangles.pdf Graphic file (type pdf)
 <use figs/triangles.pdf>
Package pdftex.def Info: figs/triangles.pdf used on input line 123.
(pdftex.def)             Requested size: 617.9043pt x 226.45558pt.
File: figures/word3.png Graphic file (type png)

<use figures/word3.png>
Package pdftex.def Info: figures/word3.png used on input line 135.
(pdftex.def)             Requested size: 108.40472pt x 54.2025pt.
 [7 <./figs/triangles.pdf>]
<figs/Basis_psrt.pdf, id=127, 470.75874pt x 379.4175pt>
File: figs/Basis_psrt.pdf Graphic file (type pdf)

<use figs/Basis_psrt.pdf>
Package pdftex.def Info: figs/Basis_psrt.pdf used on input line 137.
(pdftex.def)             Requested size: 480.59338pt x 387.34808pt.
File: figures/word3.png Graphic file (type png)
 <use figures/word3.png>
Package pdftex.def Info: figures/word3.png used on input line 141.
(pdftex.def)             Requested size: 108.40472pt x 54.2025pt.
 [8 <./figs/Basis_psrt.pdf>]
<figs/Basis_hrt.pdf, id=146, 470.75874pt x 379.4175pt>
File: figs/Basis_hrt.pdf Graphic file (type pdf)

<use figs/Basis_hrt.pdf>
Package pdftex.def Info: figs/Basis_hrt.pdf used on input line 143.
(pdftex.def)             Requested size: 480.59338pt x 387.34808pt.
File: figures/word3.png Graphic file (type png)
 <use figures/word3.png>
Package pdftex.def Info: figures/word3.png used on input line 147.
(pdftex.def)             Requested size: 108.40472pt x 54.2025pt.
 [9 <./figs/Basis_hrt.pdf>]
<figs/Basis_ctrt.pdf, id=166, 482.80376pt x 393.47pt>
File: figs/Basis_ctrt.pdf Graphic file (type pdf)

<use figs/Basis_ctrt.pdf>
Package pdftex.def Info: figs/Basis_ctrt.pdf used on input line 149.
(pdftex.def)             Requested size: 480.59338pt x 391.68587pt.
File: figures/word3.png Graphic file (type png)
 <use figures/word3.png>
Package pdftex.def Info: figures/word3.png used on input line 154.
(pdftex.def)             Requested size: 108.40472pt x 54.2025pt.
 [10 <./figs/Basis_ctrt.pdf>]
<figs/adaptive_psh12.pdf, id=185, 373.395pt x 261.97874pt>
File: figs/adaptive_psh12.pdf Graphic file (type pdf)

<use figs/adaptive_psh12.pdf>
Package pdftex.def Info: figs/adaptive_psh12.pdf used on input line 162.
(pdftex.def)             Requested size: 274.6218pt x 192.68597pt.

<figs/hanging_node.pdf, id=186, 301.125pt x 231.86626pt>
File: figs/hanging_node.pdf Graphic file (type pdf)

<use figs/hanging_node.pdf>
Package pdftex.def Info: figs/hanging_node.pdf used on input line 163.
(pdftex.def)             Requested size: 274.6218pt x 211.47977pt.
File: figures/word3.png Graphic file (type png)
 <use figures/word3.png>
Package pdftex.def Info: figures/word3.png used on input line 170.
(pdftex.def)             Requested size: 108.40472pt x 54.2025pt.
 [11 <./figs/adaptive_psh12.pdf> <./figs/hanging_node.pdf>]
<figs/adaptive.pdf, id=200, 347.2975pt x 348.30125pt>
File: figs/adaptive.pdf Graphic file (type pdf)
 <use figs/adaptive.pdf>
Package pdftex.def Info: figs/adaptive.pdf used on input line 184.
(pdftex.def)             Requested size: 154.47607pt x 154.92712pt.
File: figures/word3.png Graphic file (type png)

<use figures/word3.png>
Package pdftex.def Info: figures/word3.png used on input line 212.
(pdftex.def)             Requested size: 108.40472pt x 54.2025pt.
 [12 <./figs/adaptive.pdf>]
File: figures/word3.png Graphic file (type png)
 <use figures/word3.png>
Package pdftex.def Info: figures/word3.png used on input line 230.
(pdftex.def)             Requested size: 108.40472pt x 54.2025pt.

[13]pdfTeX warning (ext4): destination with the same identifier (name{Solution\
040Projections.0}) has been already used, duplicate ignored
<to be read again> 
                   \relax 
l.230 \begin{foil}{Solution Projections}
                                        
File: figs/adaptive.pdf Graphic file (type pdf)
 <use figs/adaptive.pdf>
Package pdftex.def Info: figs/adaptive.pdf used on input line 234.
(pdftex.def)             Requested size: 137.3109pt x 137.713pt.
File: figures/word3.png Graphic file (type png)

<use figures/word3.png>
Package pdftex.def Info: figures/word3.png used on input line 247.
(pdftex.def)             Requested size: 108.40472pt x 54.2025pt.
 [14])
Package atveryend Info: Empty hook `BeforeClearDocument' on input line 92.
File: figures/word3.png Graphic file (type png)
 <use figures/word3.png>
Package pdftex.def Info: figures/word3.png used on input line 92.
(pdftex.def)             Requested size: 108.40472pt x 54.2025pt.
 [15]
Package atveryend Info: Empty hook `AfterLastShipout' on input line 92.
 (./main.aux)
Package atveryend Info: Executing hook `AtVeryEndDocument' on input line 92.
Package atveryend Info: Executing hook `AtEndAfterFileList' on input line 92.


Package rerunfilecheck Warning: File `main.out' has changed.
(rerunfilecheck)                Rerun to get outlines right
(rerunfilecheck)                or use package `bookmark'.

Package rerunfilecheck Info: Checksums for `main.out':
(rerunfilecheck)             Before: <no file>
(rerunfilecheck)             After:  DB91D2D7B03F7BE6DE10A287C439B6CA;1070.
Package atveryend Info: Empty hook `AtVeryVeryEnd' on input line 92.
 ) 
Here is how much of TeX's memory you used:
 7931 strings out of 495063
 118332 string characters out of 3181830
 202884 words of memory out of 3000000
 10982 multiletter control sequences out of 15000+200000
 11370 words of font info for 45 fonts, out of 3000000 for 9000
 14 hyphenation exceptions out of 8191
 29i,9n,35p,280b,360s stack positions out of 5000i,500n,10000p,200000b,50000s
</opt/local/share/texmf-texlive-dist/fonts/type1/public/amsfonts/cm/cmex10.pf
b></opt/local/share/texmf-texlive-dist/fonts/type1/public/amsfonts/cm/cmmi10.pf
b></opt/local/share/texmf-texlive-dist/fonts/type1/public/amsfonts/cm/cmmi7.pfb
></opt/local/share/texmf-texlive-dist/fonts/type1/public/amsfonts/cm/cmr10.pfb>
</opt/local/share/texmf-texlive-dist/fonts/type1/public/amsfonts/cm/cmr7.pfb></
opt/local/share/texmf-texlive-dist/fonts/type1/public/amsfonts/cm/cmss10.pfb></
opt/local/share/texmf-texlive-dist/fonts/type1/public/amsfonts/cm/cmssbx10.pfb>
</opt/local/share/texmf-texlive-dist/fonts/type1/public/amsfonts/cm/cmsy10.pfb>
</opt/local/share/texmf-texlive-dist/fonts/type1/public/amsfonts/cm/cmsy7.pfb><
/opt/local/share/texmf-texlive-dist/fonts/type1/public/amsfonts/cm/cmtt10.pfb>
Output written on main.pdf (16 pages, 549176 bytes).
PDF statistics:
 285 PDF objects out of 1000 (max. 8388607)
 204 compressed objects within 3 object streams
 47 named destinations out of 1000 (max. 500000)
 61 words of extra memory for PDF output out of 10000 (max. 10000000)

