This is pdfeTeX, Version 3.141592-1.21a-2.2 (Web2C 7.5.4) (format=pdflatex 2005.5.9)  24 SEP 2005 10:34
entering extended mode
**template.tex
(./template.tex
LaTeX2e <2003/12/01>
Babel <v3.8d> and hyphenation patterns for american, french, german, ngerman, b
ahasa, basque, bulgarian, catalan, croatian, czech, danish, dutch, esperanto, e
stonian, finnish, greek, icelandic, irish, italian, latin, magyar, norsk, polis
h, portuges, romanian, russian, serbian, slovak, slovene, spanish, swedish, tur
kish, ukrainian, nohyphenation, loaded.

LaTeX Warning: Writing file `./example.eps'.

\openout15 = `example.eps'.


(./svjour.cls
Document Class: svjour 2003/04/15 
LaTeX document class for Springer journals - version 1.11
(./svglobal.clo
File: svglobal.clo 1998/04/23 v1.0 style option for unspecific journals

SVJour Class option: svglobal.clo for unspecific journals
)
LaTeX Font Info:    Redeclaring math symbol \Gamma on input line 99.
LaTeX Font Info:    Redeclaring math symbol \Delta on input line 100.
LaTeX Font Info:    Redeclaring math symbol \Theta on input line 101.
LaTeX Font Info:    Redeclaring math symbol \Lambda on input line 102.
LaTeX Font Info:    Redeclaring math symbol \Xi on input line 103.
LaTeX Font Info:    Redeclaring math symbol \Pi on input line 104.
LaTeX Font Info:    Redeclaring math symbol \Sigma on input line 105.
LaTeX Font Info:    Redeclaring math symbol \Upsilon on input line 106.
LaTeX Font Info:    Redeclaring math symbol \Phi on input line 107.
LaTeX Font Info:    Redeclaring math symbol \Psi on input line 108.
LaTeX Font Info:    Redeclaring math symbol \Omega on input line 109.
\logodepth=\dimen102
\headerboxheight=\dimen103
\betweenumberspace=\dimen104
\aftertext=\dimen105
\headlineindent=\dimen106
\c@inst=\count79
\c@auth=\count80
\instindent=\dimen107
\authrun=\box26
\authorrunning=\toks14
\titrun=\box27
\titlerunning=\toks15
\combirun=\box28
\c@lastpage=\count81
\c@section=\count82
\c@subsection=\count83
\c@subsubsection=\count84
\c@paragraph=\count85
\c@subparagraph=\count86
\spthmsep=\dimen108
\c@theorem=\count87
\c@case=\count88
\c@conjecture=\count89
\c@corollary=\count90
\c@definition=\count91
\c@example=\count92
\c@exercise=\count93
\c@lemma=\count94
\c@note=\count95
\c@problem=\count96
\c@property=\count97
\c@proposition=\count98
\c@question=\count99
\c@solution=\count100
\c@remark=\count101
\c@figure=\count102
\c@table=\count103
\abovecaptionskip=\skip41
\belowcaptionskip=\skip42
\figcapgap=\dimen109
\tabcapgap=\dimen110
\figgap=\dimen111
\bibindent=\dimen112
\@tempcntc=\count104
) (/usr/share/texmf/tex/latex/graphics/graphics.sty
Package: graphics 2001/07/07 v1.0n Standard LaTeX Graphics (DPC,SPQR)

(/usr/share/texmf/tex/latex/graphics/trig.sty
Package: trig 1999/03/16 v1.09 sin cos tan (DPC)
)
(/usr/share/texmf/tex/latex/graphics/graphics.cfg
File: graphics.cfg 2005/02/03 v1.3 graphics configuration of teTeX/TeXLive
)
Package graphics Info: Driver file: pdftex.def on input line 80.

(/usr/share/texmf/tex/latex/graphics/pdftex.def
File: pdftex.def 2002/06/19 v0.03k graphics/color for pdftex
\Gread@gobject=\count105
))
No file template.aux.
\openout1 = `template.aux'.

LaTeX Font Info:    Checking defaults for OML/cmm/m/it on input line 47.
LaTeX Font Info:    ... okay on input line 47.
LaTeX Font Info:    Checking defaults for T1/cmr/m/n on input line 47.
LaTeX Font Info:    ... okay on input line 47.
LaTeX Font Info:    Checking defaults for OT1/cmr/m/n on input line 47.
LaTeX Font Info:    ... okay on input line 47.
LaTeX Font Info:    Checking defaults for OMS/cmsy/m/n on input line 47.
LaTeX Font Info:    ... okay on input line 47.
LaTeX Font Info:    Checking defaults for OMX/cmex/m/n on input line 47.
LaTeX Font Info:    ... okay on input line 47.
LaTeX Font Info:    Checking defaults for U/cmr/m/n on input line 47.
LaTeX Font Info:    ... okay on input line 47.
(/usr/share/texmf/tex/context/base/supp-pdf.tex
(/usr/share/texmf/tex/context/base/supp-mis.tex
loading : Context Support Macros / Miscellaneous (2004.10.26)
\protectiondepth=\count106
\scratchcounter=\count107
\scratchtoks=\toks16
\scratchdimen=\dimen113
\scratchskip=\skip43
\scratchmuskip=\muskip10
\scratchbox=\box29
\scratchread=\read1
\scratchwrite=\write3
\zeropoint=\dimen114
\onepoint=\dimen115
\onebasepoint=\dimen116
\minusone=\count108
\thousandpoint=\dimen117
\onerealpoint=\dimen118
\emptytoks=\toks17
\nextbox=\box30
\nextdepth=\dimen119
\everyline=\toks18
\!!counta=\count109
\!!countb=\count110
\recursecounter=\count111
)
loading : Context Support Macros / PDF (2004.03.26)
\nofMPsegments=\count112
\nofMParguments=\count113
\MPscratchCnt=\count114
\MPscratchDim=\dimen120
\MPnumerator=\count115
\everyMPtoPDFconversion=\toks19
)
LaTeX Font Info:    External font `cmex10' loaded for size
(Font)              <7> on input line 63.
LaTeX Font Info:    External font `cmex10' loaded for size
(Font)              <5> on input line 63.
LaTeX Font Info:    External font `cmex10' loaded for size
(Font)              <9> on input line 63.
LaTeX Font Info:    External font `cmex10' loaded for size
(Font)              <6> on input line 63.


LaTeX Warning: Citation `RefJ' on page 1 undefined on input line 74.


LaTeX Warning: Reference `sec:1' on page 1 undefined on input line 78.


! LaTeX Error: Unknown graphics extension: .eps.

See the LaTeX manual or LaTeX Companion for explanation.
Type  H <return>  for immediate help.
 ...                                              
                                                  
l.87 }
      
? X
 
Here is how much of TeX's memory you used:
 1052 strings out of 94500
 11919 string characters out of 1171225
 62602 words of memory out of 1000000
 4278 multiletter control sequences out of 10000+50000
 7672 words of font info for 27 fonts, out of 500000 for 2000
 580 hyphenation exceptions out of 1000
 27i,6n,24p,224b,180s stack positions out of 1500i,500n,5000p,200000b,5000s
PDF statistics:
 0 PDF objects out of 300000
 0 named destinations out of 131072
 1 words of extra memory for PDF output out of 65536
No pages of output.
