
 -----------------------------------------------
| Master Host:   cfe1.nas.nasa.gov
| Working Dir:   /u/benkirk/nobackup/bmurray_code/run.columbia
| # of Procs:    2
| Case name::    pm_jwp
 -----------------------------------------------

Using input file: pm_jwp.in
Initializing EquationSystems ... 
 Mesh Information:
  mesh_dimension()=2
  spatial_dimension()=3
  n_nodes()=22801
  n_elem()=22500
   n_local_elem()=11250
   n_active_elem()=22500
  n_subdomains()=1
  n_processors()=2
  processor_id()=0

 EquationSystems
  n_systems()=2
   System "Porous Media"
    Type "TransientLinearImplicit"
    Variables="p" "t" "s" 
    Finite Element Types="LAGRANGE" "LAGRANGE" "LAGRANGE" 
    Approximation Orders="FIRST" "FIRST" "FIRST" 
    n_dofs()=68403
    n_local_dofs()=34482
    n_constrained_dofs()=0
    n_vectors()=6
   System "Velocity"
    Type "TransientLinearImplicit"
    Variables="u" "v" 
    Finite Element Types="LAGRANGE" "LAGRANGE" 
    Approximation Orders="FIRST" "FIRST" 
    n_dofs()=45602
    n_local_dofs()=22988
    n_constrained_dofs()=0
    n_vectors()=3

======= Starting time step     1 time=0 dt=0.01 =======
F_norms[0]=0.115883

-------------------------------------------------------
| Processor id:   0                                    |
| Num Processors: 2                                    |
| Time:           Wed Apr 19 17:04:50 2006             |
| OS:             Linux                                |
| HostName:       columbia9                            |
| OS Release:     2.6.5-7.202.7-sn2                    |
| OS Version:     #5 SMP Thu Mar 16 17:51:36 PST 2006  |
| Machine:        ia64                                 |
| Username:       benkirk                              |
-------------------------------------------------------
 ------------------------------------------------------------------------------
| Porous Media Performance: Alive time=22.1498, Active time=18.2609            |
 ------------------------------------------------------------------------------
| Event                         nCalls    Total       Avg         Percent of   |
|                                         Time        Time        Active Time  |
|------------------------------------------------------------------------------|
|                                                                              |
| assemble                      1         1.0719      1.071920    5.87         |
| assemble + linear solve       1         17.1890     17.189020   94.13        |
 ------------------------------------------------------------------------------
| Totals:                       2         18.2609                 100.00       |
 ------------------------------------------------------------------------------

Linear solver converged at step: 379, final residual: 9.72619e-11  ||u - u_old|| = 1.30631
F_norms[1]=9.41409e-07
 Nonlinear solver converged at step 1

F_norms[0]=0.115883		 etas[0]=0			 n_its[0]=379
F_norms[1]=9.41409e-07		 etas[1]=0			 n_its[1]=0
Computing Surface fluxes...
Computing Kinetic Energy...
======= Finished time step     1 time=0.01 dt=0.01 =======


======= Starting time step     2 time=0.01 dt=0.01 =======
F_norms[0]=0.000193034
 ------------------------------------------------------------------------------
| Porous Media Performance: Alive time=42.9199, Active time=38.2156            |
 ------------------------------------------------------------------------------
| Event                         nCalls    Total       Avg         Percent of   |
|                                         Time        Time        Active Time  |
|------------------------------------------------------------------------------|
|                                                                              |
| assemble                      3         3.1955      1.065165    8.36         |
| assemble + linear solve       2         35.0201     17.510070   91.64        |
 ------------------------------------------------------------------------------
| Totals:                       5         38.2156                 100.00       |
 ------------------------------------------------------------------------------

Linear solver converged at step: 394, final residual: 4.06499e-11  ||u - u_old|| = 0.493433
F_norms[1]=1.7122e-06
 Nonlinear solver converged at step 1

F_norms[0]=0.000193034		 etas[0]=0			 n_its[0]=394
F_norms[1]=1.7122e-06		 etas[1]=0			 n_its[1]=0
Computing Surface fluxes...
Computing Kinetic Energy...
======= Finished time step     2 time=0.02 dt=0.01 =======


======= Starting time step     3 time=0.02 dt=0.01 =======
F_norms[0]=0.000403062
 ------------------------------------------------------------------------------
| Porous Media Performance: Alive time=61.0442, Active time=55.517             |
 ------------------------------------------------------------------------------
| Event                         nCalls    Total       Avg         Percent of   |
|                                         Time        Time        Active Time  |
|------------------------------------------------------------------------------|
|                                                                              |
| assemble                      5         5.3232      1.064642    9.59         |
| assemble + linear solve       3         50.1937     16.731248   90.41        |
 ------------------------------------------------------------------------------
| Totals:                       8         55.5170                 100.00       |
 ------------------------------------------------------------------------------

Linear solver converged at step: 335, final residual: 3.75271e-11  ||u - u_old|| = 1.00517
F_norms[1]=7.02687e-06
 Nonlinear solver converged at step 1

F_norms[0]=0.000403062		 etas[0]=0			 n_its[0]=335
F_norms[1]=7.02687e-06		 etas[1]=0			 n_its[1]=0
 |TE|_oo = 0
 Scaling timestep by 1
--------------------------------------------------------------------------
Computing Surface fluxes...
Computing Kinetic Energy...
======= Finished time step     3 time=0.03 dt=0.01 =======


======= Starting time step     4 time=0.03 dt=0.01 =======
F_norms[0]=0.000846787
 ------------------------------------------------------------------------------
| Porous Media Performance: Alive time=81.2817, Active time=74.9355            |
 ------------------------------------------------------------------------------
| Event                         nCalls    Total       Avg         Percent of   |
|                                         Time        Time        Active Time  |
|------------------------------------------------------------------------------|
|                                                                              |
| assemble                      7         7.4488      1.064113    9.94         |
| assemble + linear solve       4         67.4867     16.871680   90.06        |
 ------------------------------------------------------------------------------
| Totals:                       11        74.9355                 100.00       |
 ------------------------------------------------------------------------------

Linear solver converged at step: 382, final residual: 1.45924e-10  ||u - u_old|| = 2.08885
F_norms[1]=3.04945e-05
 ------------------------------------------------------------------------------
| Porous Media Performance: Alive time=99.6364, Active time=93.2431            |
 ------------------------------------------------------------------------------
| Event                         nCalls    Total       Avg         Percent of   |
|                                         Time        Time        Active Time  |
|------------------------------------------------------------------------------|
|                                                                              |
| assemble                      8         8.5125      1.064067    9.13         |
| assemble + linear solve       5         84.7305     16.946104   90.87        |
 ------------------------------------------------------------------------------
| Totals:                       13        93.2431                 100.00       |
 ------------------------------------------------------------------------------

Linear solver converged at step: 381, final residual: 7.26208e-12  ||u - u_old|| = 0.0227388
F_norms[2]=4.76695e-07
 Nonlinear solver converged at step 2

F_norms[0]=0.000846787		 etas[0]=0			 n_its[0]=382
F_norms[1]=3.04945e-05		 etas[1]=0			 n_its[1]=381
F_norms[2]=4.76695e-07		 etas[2]=0			 n_its[2]=0
 |TE|_oo = 0
 Scaling timestep by 1
--------------------------------------------------------------------------
Computing Surface fluxes...
Computing Kinetic Energy...
======= Finished time step     4 time=0.04 dt=0.01 =======


======= Starting time step     5 time=0.04 dt=0.01 =======
F_norms[0]=0.00177368
 ------------------------------------------------------------------------------
| Porous Media Performance: Alive time=120.199, Active time=112.984            |
 ------------------------------------------------------------------------------
| Event                         nCalls    Total       Avg         Percent of   |
|                                         Time        Time        Active Time  |
|------------------------------------------------------------------------------|
|                                                                              |
| assemble                      10        10.6412     1.064121    9.42         |
| assemble + linear solve       6         102.3427    17.057114   90.58        |
 ------------------------------------------------------------------------------
| Totals:                       16        112.9839                100.00       |
 ------------------------------------------------------------------------------

Linear solver converged at step: 389, final residual: 5.12165e-10  ||u - u_old|| = 4.38935
F_norms[1]=0.000134664
 ------------------------------------------------------------------------------
| Porous Media Performance: Alive time=139.742, Active time=132.48             |
 ------------------------------------------------------------------------------
| Event                         nCalls    Total       Avg         Percent of   |
|                                         Time        Time        Active Time  |
|------------------------------------------------------------------------------|
|                                                                              |
| assemble                      11        11.7068     1.064253    8.84         |
| assemble + linear solve       7         120.7734    17.253347   91.16        |
 ------------------------------------------------------------------------------
| Totals:                       18        132.4802                100.00       |
 ------------------------------------------------------------------------------

Linear solver converged at step: 407, final residual: 8.88986e-12  ||u - u_old|| = 0.106459
F_norms[2]=5.80268e-07
 Nonlinear solver converged at step 2

F_norms[0]=0.00177368		 etas[0]=0			 n_its[0]=389
F_norms[1]=0.000134664		 etas[1]=0			 n_its[1]=407
F_norms[2]=5.80268e-07		 etas[2]=0			 n_its[2]=0
 |TE|_oo = 0
 Scaling timestep by 1
--------------------------------------------------------------------------
Computing Surface fluxes...
Computing Kinetic Energy...
======= Finished time step     5 time=0.05 dt=0.01 =======


======= Starting time step     6 time=0.05 dt=0.01 =======
F_norms[0]=0.00373876
 ------------------------------------------------------------------------------
| Porous Media Performance: Alive time=160.857, Active time=152.769            |
 ------------------------------------------------------------------------------
| Event                         nCalls    Total       Avg         Percent of   |
|                                         Time        Time        Active Time  |
|------------------------------------------------------------------------------|
|                                                                              |
| assemble                      13        13.8296     1.063816    9.05         |
| assemble + linear solve       8         138.9391    17.367393   90.95        |
 ------------------------------------------------------------------------------
| Totals:                       21        152.7687                100.00       |
 ------------------------------------------------------------------------------

Linear solver converged at step: 401, final residual: 7.18325e-10  ||u - u_old|| = 9.57454
F_norms[1]=0.000635806
 ------------------------------------------------------------------------------
| Porous Media Performance: Alive time=180.36, Active time=172.223             |
 ------------------------------------------------------------------------------
| Event                         nCalls    Total       Avg         Percent of   |
|                                         Time        Time        Active Time  |
|------------------------------------------------------------------------------|
|                                                                              |
| assemble                      14        14.8883     1.063452    8.64         |
| assemble + linear solve       9         157.3345    17.481607   91.36        |
 ------------------------------------------------------------------------------
| Totals:                       23        172.2228                100.00       |
 ------------------------------------------------------------------------------

Linear solver converged at step: 406, final residual: 2.06553e-10  ||u - u_old|| = 0.626051
F_norms[2]=4.16262e-06
 Nonlinear solver converged at step 2

F_norms[0]=0.00373876		 etas[0]=0			 n_its[0]=401
F_norms[1]=0.000635806		 etas[1]=0			 n_its[1]=406
F_norms[2]=4.16262e-06		 etas[2]=0			 n_its[2]=0
 |TE|_oo = 0
 Scaling timestep by 1
--------------------------------------------------------------------------
Computing Surface fluxes...
Computing Kinetic Energy...
======= Finished time step     6 time=0.06 dt=0.01 =======


======= Starting time step     7 time=0.06 dt=0.01 =======
F_norms[0]=0.00820586
 ------------------------------------------------------------------------------
| Porous Media Performance: Alive time=202.389, Active time=193.45             |
 ------------------------------------------------------------------------------
| Event                         nCalls    Total       Avg         Percent of   |
|                                         Time        Time        Active Time  |
|------------------------------------------------------------------------------|
|                                                                              |
| assemble                      16        17.0063     1.062896    8.79         |
| assemble + linear solve       10        176.4439    17.644390   91.21        |
 ------------------------------------------------------------------------------
| Totals:                       26        193.4502                100.00       |
 ------------------------------------------------------------------------------

Linear solver converged at step: 422, final residual: 1.81833e-09  ||u - u_old|| = 24.7064
F_norms[1]=0.00409304
 ------------------------------------------------------------------------------
| Porous Media Performance: Alive time=224.574, Active time=215.615            |
 ------------------------------------------------------------------------------
| Event                         nCalls    Total       Avg         Percent of   |
|                                         Time        Time        Active Time  |
|------------------------------------------------------------------------------|
|                                                                              |
| assemble                      17        18.0663     1.062722    8.38         |
| assemble + linear solve       11        197.5487    17.958972   91.62        |
 ------------------------------------------------------------------------------
| Totals:                       28        215.6150                100.00       |
 ------------------------------------------------------------------------------

Linear solver converged at step: 466, final residual: 1.3793e-09  ||u - u_old|| = 8.25386
F_norms[2]=0.000525253
 ------------------------------------------------------------------------------
| Porous Media Performance: Alive time=255.562, Active time=246.581            |
 ------------------------------------------------------------------------------
| Event                         nCalls    Total       Avg         Percent of   |
|                                         Time        Time        Active Time  |
|------------------------------------------------------------------------------|
|                                                                              |
| assemble                      18        19.1250     1.062502    7.76         |
| assemble + linear solve       12        227.4563    18.954688   92.24        |
 ------------------------------------------------------------------------------
| Totals:                       30        246.5813                100.00       |
 ------------------------------------------------------------------------------

Linear solver converged at step: 661, final residual: 1.9954e-08  ||u - u_old|| = 0.943151
F_norms[3]=3.78814e-06
 Nonlinear solver converged at step 3

F_norms[0]=0.00820586		 etas[0]=0			 n_its[0]=422
F_norms[1]=0.00409304		 etas[1]=0			 n_its[1]=466
F_norms[2]=0.000525253		 etas[2]=0			 n_its[2]=661
F_norms[3]=3.78814e-06		 etas[3]=0			 n_its[3]=0
 |TE|_oo = 0
 Scaling timestep by 1
--------------------------------------------------------------------------
Computing Surface fluxes...
Computing Kinetic Energy...
======= Finished time step     7 time=0.07 dt=0.01 =======


======= Starting time step     8 time=0.07 dt=0.01 =======
F_norms[0]=0.0228168
 ------------------------------------------------------------------------------
| Porous Media Performance: Alive time=280.327, Active time=270.569            |
 ------------------------------------------------------------------------------
| Event                         nCalls    Total       Avg         Percent of   |
|                                         Time        Time        Active Time  |
|------------------------------------------------------------------------------|
|                                                                              |
| assemble                      20        21.2441     1.062207    7.85         |
| assemble + linear solve       13        249.3248    19.178831   92.15        |
 ------------------------------------------------------------------------------
| Totals:                       33        270.5689                100.00       |
 ------------------------------------------------------------------------------

Linear solver converged at step: 483, final residual: 5.40268e-09  ||u - u_old|| = 162.461
F_norms[1]=0.133019
 ------------------------------------------------------------------------------
| Porous Media Performance: Alive time=311.303, Active time=301.524            |
 ------------------------------------------------------------------------------
| Event                         nCalls    Total       Avg         Percent of   |
|                                         Time        Time        Active Time  |
|------------------------------------------------------------------------------|
|                                                                              |
| assemble                      21        22.3034     1.062067    7.40         |
| assemble + linear solve       14        279.2206    19.944327   92.60        |
 ------------------------------------------------------------------------------
| Totals:                       35        301.5240                100.00       |
 ------------------------------------------------------------------------------

Linear solver converged at step: 661, final residual: 4.47845e-05  ||u - u_old|| = 75.7543
F_norms[2]=0.0215893
 ------------------------------------------------------------------------------
| Porous Media Performance: Alive time=342.288, Active time=332.487            |
 ------------------------------------------------------------------------------
| Event                         nCalls    Total       Avg         Percent of   |
|                                         Time        Time        Active Time  |
|------------------------------------------------------------------------------|
|                                                                              |
| assemble                      22        23.3632     1.061965    7.03         |
| assemble + linear solve       15        309.1241    20.608272   92.97        |
 ------------------------------------------------------------------------------
| Totals:                       37        332.4873                100.00       |
 ------------------------------------------------------------------------------

Linear solver converged at step: 661, final residual: 1.26587e-07  ||u - u_old|| = 42.5609
F_norms[3]=0.00211937
 ------------------------------------------------------------------------------
| Porous Media Performance: Alive time=373.255, Active time=363.433            |
 ------------------------------------------------------------------------------
| Event                         nCalls    Total       Avg         Percent of   |
|                                         Time        Time        Active Time  |
|------------------------------------------------------------------------------|
|                                                                              |
| assemble                      23        24.4229     1.061864    6.72         |
| assemble + linear solve       16        339.0097    21.188104   93.28        |
 ------------------------------------------------------------------------------
| Totals:                       39        363.4325                100.00       |
 ------------------------------------------------------------------------------

Linear solver converged at step: 661, final residual: 7.88762e-09  ||u - u_old|| = 4.04856
F_norms[4]=3.49898e-05
 ------------------------------------------------------------------------------
| Porous Media Performance: Alive time=404.201, Active time=394.359            |
 ------------------------------------------------------------------------------
| Event                         nCalls    Total       Avg         Percent of   |
|                                         Time        Time        Active Time  |
|------------------------------------------------------------------------------|
|                                                                              |
| assemble                      24        25.4826     1.061775    6.46         |
| assemble + linear solve       17        368.8763    21.698606   93.54        |
 ------------------------------------------------------------------------------
| Totals:                       41        394.3589                100.00       |
 ------------------------------------------------------------------------------

Linear solver converged at step: 661, final residual: 2.47576e-11  ||u - u_old|| = 0.0482473
F_norms[5]=6.86296e-07
 Nonlinear solver converged at step 5

F_norms[0]=0.0228168		 etas[0]=0			 n_its[0]=483
F_norms[1]=0.133019		 etas[1]=0			 n_its[1]=661
F_norms[2]=0.0215893		 etas[2]=0			 n_its[2]=661
F_norms[3]=0.00211937		 etas[3]=0			 n_its[3]=661
F_norms[4]=3.49898e-05		 etas[4]=0			 n_its[4]=661
F_norms[5]=6.86296e-07		 etas[5]=0			 n_its[5]=0
 |TE|_oo = 0
 Scaling timestep by 1
--------------------------------------------------------------------------
Computing Surface fluxes...
Computing Kinetic Energy...
======= Finished time step     8 time=0.08 dt=0.01 =======


======= Starting time step     9 time=0.08 dt=0.01 =======
F_norms[0]=0.0632963
 ------------------------------------------------------------------------------
| Porous Media Performance: Alive time=436.988, Active time=426.354            |
 ------------------------------------------------------------------------------
| Event                         nCalls    Total       Avg         Percent of   |
|                                         Time        Time        Active Time  |
|------------------------------------------------------------------------------|
|                                                                              |
| assemble                      26        27.6034     1.061668    6.47         |
| assemble + linear solve       18        398.7506    22.152809   93.53        |
 ------------------------------------------------------------------------------
| Totals:                       44        426.3539                100.00       |
 ------------------------------------------------------------------------------

Linear solver converged at step: 661, final residual: 1.10158e-06  ||u - u_old|| = 487.085
F_norms[1]=0.134383
 ------------------------------------------------------------------------------
| Porous Media Performance: Alive time=466.842, Active time=456.187            |
 ------------------------------------------------------------------------------
| Event                         nCalls    Total       Avg         Percent of   |
|                                         Time        Time        Active Time  |
|------------------------------------------------------------------------------|
|                                                                              |
| assemble                      27        28.6636     1.061617    6.28         |
| assemble + linear solve       19        427.5231    22.501213   93.72        |
 ------------------------------------------------------------------------------
| Totals:                       46        456.1867                100.00       |
 ------------------------------------------------------------------------------

Linear solver converged at step: 637, final residual: 3.73755e-08  ||u - u_old|| = 143.05
F_norms[2]=0.0227346
 ------------------------------------------------------------------------------
| Porous Media Performance: Alive time=491.365, Active time=480.689            |
 ------------------------------------------------------------------------------
| Event                         nCalls    Total       Avg         Percent of   |
|                                         Time        Time        Active Time  |
|------------------------------------------------------------------------------|
|                                                                              |
| assemble                      28        29.7239     1.061567    6.18         |
| assemble + linear solve       20        450.9650    22.548250   93.82        |
 ------------------------------------------------------------------------------
| Totals:                       48        480.6889                100.00       |
 ------------------------------------------------------------------------------

Linear solver converged at step: 519, final residual: 5.84318e-09  ||u - u_old|| = 17.8353
F_norms[3]=0.000998783
 ------------------------------------------------------------------------------
| Porous Media Performance: Alive time=515.43, Active time=504.733             |
 ------------------------------------------------------------------------------
| Event                         nCalls    Total       Avg         Percent of   |
|                                         Time        Time        Active Time  |
|------------------------------------------------------------------------------|
|                                                                              |
| assemble                      29        30.7839     1.061514    6.10         |
| assemble + linear solve       21        473.9492    22.569010   93.90        |
 ------------------------------------------------------------------------------
| Totals:                       50        504.7331                100.00       |
 ------------------------------------------------------------------------------

Linear solver converged at step: 509, final residual: 2.74634e-10  ||u - u_old|| = 0.522148
F_norms[4]=1.56012e-06
 Nonlinear solver converged at step 4

F_norms[0]=0.0632963		 etas[0]=0			 n_its[0]=661
F_norms[1]=0.134383		 etas[1]=0			 n_its[1]=637
F_norms[2]=0.0227346		 etas[2]=0			 n_its[2]=519
F_norms[3]=0.000998783		 etas[3]=0			 n_its[3]=509
F_norms[4]=1.56012e-06		 etas[4]=0			 n_its[4]=0
 |TE|_oo = 0
 Scaling timestep by 1
--------------------------------------------------------------------------
Computing Surface fluxes...
Computing Kinetic Energy...
======= Finished time step     9 time=0.09 dt=0.01 =======


======= Starting time step    10 time=0.09 dt=0.01 =======
F_norms[0]=0.0642621
 ------------------------------------------------------------------------------
| Porous Media Performance: Alive time=545.104, Active time=533.625            |
 ------------------------------------------------------------------------------
| Event                         nCalls    Total       Avg         Percent of   |
|                                         Time        Time        Active Time  |
|------------------------------------------------------------------------------|
|                                                                              |
| assemble                      31        32.9086     1.061568    6.17         |
| assemble + linear solve       22        500.7168    22.759856   93.83        |
 ------------------------------------------------------------------------------
| Totals:                       53        533.6254                100.00       |
 ------------------------------------------------------------------------------

Linear solver converged at step: 592, final residual: 7.98369e-09  ||u - u_old|| = 259.63
F_norms[1]=0.00972693
 ------------------------------------------------------------------------------
| Porous Media Performance: Alive time=569.293, Active time=557.79             |
 ------------------------------------------------------------------------------
| Event                         nCalls    Total       Avg         Percent of   |
|                                         Time        Time        Active Time  |
|------------------------------------------------------------------------------|
|                                                                              |
| assemble                      32        33.9719     1.061623    6.09         |
| assemble + linear solve       23        523.8178    22.774686   93.91        |
 ------------------------------------------------------------------------------
| Totals:                       55        557.7897                100.00       |
 ------------------------------------------------------------------------------

Linear solver converged at step: 510, final residual: 2.21251e-09  ||u - u_old|| = 9.46443
F_norms[2]=0.000147433
 ------------------------------------------------------------------------------
| Porous Media Performance: Alive time=593.321, Active time=581.789            |
 ------------------------------------------------------------------------------
| Event                         nCalls    Total       Avg         Percent of   |
|                                         Time        Time        Active Time  |
|------------------------------------------------------------------------------|
|                                                                              |
| assemble                      33        35.0352     1.061672    6.02         |
| assemble + linear solve       24        546.7542    22.781427   93.98        |
 ------------------------------------------------------------------------------
| Totals:                       57        581.7894                100.00       |
 ------------------------------------------------------------------------------

Linear solver converged at step: 506, final residual: 2.40727e-11  ||u - u_old|| = 0.0373678
F_norms[3]=5.27971e-07
 Nonlinear solver converged at step 3

F_norms[0]=0.0642621		 etas[0]=0			 n_its[0]=592
F_norms[1]=0.00972693		 etas[1]=0			 n_its[1]=510
F_norms[2]=0.000147433		 etas[2]=0			 n_its[2]=506
F_norms[3]=5.27971e-07		 etas[3]=0			 n_its[3]=0
 |TE|_oo = 0
 Scaling timestep by 1
--------------------------------------------------------------------------
Computing Surface fluxes...
Computing Kinetic Energy...
======= Finished time step    10 time=0.1 dt=0.01 =======


======= Starting time step    11 time=0.1 dt=0.01 =======
F_norms[0]=0.0385357
 ------------------------------------------------------------------------------
| Porous Media Performance: Alive time=625.187, Active time=609.744            |
 ------------------------------------------------------------------------------
| Event                         nCalls    Total       Avg         Percent of   |
|                                         Time        Time        Active Time  |
|------------------------------------------------------------------------------|
|                                                                              |
| assemble                      35        37.1641     1.061832    6.10         |
| assemble + linear solve       25        572.5795    22.903179   93.90        |
 ------------------------------------------------------------------------------
| Totals:                       60        609.7436                100.00       |
 ------------------------------------------------------------------------------

Linear solver converged at step: 569, final residual: 4.18027e-09  ||u - u_old|| = 103.254
F_norms[1]=0.00163602
 ------------------------------------------------------------------------------
| Porous Media Performance: Alive time=649.696, Active time=634.232            |
 ------------------------------------------------------------------------------
| Event                         nCalls    Total       Avg         Percent of   |
|                                         Time        Time        Active Time  |
|------------------------------------------------------------------------------|
|                                                                              |
| assemble                      36        38.2319     1.061996    6.03         |
| assemble + linear solve       26        595.9999    22.923073   93.97        |
 ------------------------------------------------------------------------------
| Totals:                       62        634.2318                100.00       |
 ------------------------------------------------------------------------------

Linear solver converged at step: 514, final residual: 2.83492e-10  ||u - u_old|| = 4.99909
F_norms[2]=5.13209e-06
 Nonlinear solver converged at step 2

F_norms[0]=0.0385357		 etas[0]=0			 n_its[0]=569
F_norms[1]=0.00163602		 etas[1]=0			 n_its[1]=514
F_norms[2]=5.13209e-06		 etas[2]=0			 n_its[2]=0
 |TE|_oo = 0
 Scaling timestep by 1
--------------------------------------------------------------------------
Computing Surface fluxes...
Computing Kinetic Energy...
======= Finished time step    11 time=0.11 dt=0.01 =======


======= Starting time step    12 time=0.11 dt=0.01 =======
F_norms[0]=0.0169112
 ------------------------------------------------------------------------------
| Porous Media Performance: Alive time=677.752, Active time=661.506            |
 ------------------------------------------------------------------------------
| Event                         nCalls    Total       Avg         Percent of   |
|                                         Time        Time        Active Time  |
|------------------------------------------------------------------------------|
|                                                                              |
| assemble                      38        40.3562     1.062005    6.10         |
| assemble + linear solve       27        621.1494    23.005533   93.90        |
 ------------------------------------------------------------------------------
| Totals:                       65        661.5056                100.00       |
 ------------------------------------------------------------------------------

Linear solver converged at step: 554, final residual: 5.41666e-10  ||u - u_old|| = 24.9856
F_norms[1]=0.000553014
 ------------------------------------------------------------------------------
| Porous Media Performance: Alive time=703.651, Active time=687.371            |
 ------------------------------------------------------------------------------
| Event                         nCalls    Total       Avg         Percent of   |
|                                         Time        Time        Active Time  |
|------------------------------------------------------------------------------|
|                                                                              |
| assemble                      39        41.4156     1.061938    6.03         |
| assemble + linear solve       28        645.9559    23.069853   93.97        |
 ------------------------------------------------------------------------------
| Totals:                       67        687.3715                100.00       |
 ------------------------------------------------------------------------------

Linear solver converged at step: 548, final residual: 4.9859e-11  ||u - u_old|| = 1.68025
F_norms[2]=8.10818e-07
 Nonlinear solver converged at step 2

F_norms[0]=0.0169112		 etas[0]=0			 n_its[0]=554
F_norms[1]=0.000553014		 etas[1]=0			 n_its[1]=548
F_norms[2]=8.10818e-07		 etas[2]=0			 n_its[2]=0
 |TE|_oo = 0
 Scaling timestep by 1
--------------------------------------------------------------------------
Computing Surface fluxes...
Computing Kinetic Energy...
======= Finished time step    12 time=0.12 dt=0.01 =======


======= Starting time step    13 time=0.12 dt=0.01 =======
F_norms[0]=0.00699038
 ------------------------------------------------------------------------------
| Porous Media Performance: Alive time=731.484, Active time=714.419            |
 ------------------------------------------------------------------------------
| Event                         nCalls    Total       Avg         Percent of   |
|                                         Time        Time        Active Time  |
|------------------------------------------------------------------------------|
|                                                                              |
| assemble                      41        43.5383     1.061911    6.09         |
| assemble + linear solve       29        670.8805    23.133811   93.91        |
 ------------------------------------------------------------------------------
| Totals:                       70        714.4189                100.00       |
 ------------------------------------------------------------------------------

Linear solver converged at step: 552, final residual: 4.92085e-10  ||u - u_old|| = 20.1657
F_norms[1]=0.00020849
 ------------------------------------------------------------------------------
| Porous Media Performance: Alive time=756.374, Active time=739.283            |
 ------------------------------------------------------------------------------
| Event                         nCalls    Total       Avg         Percent of   |
|                                         Time        Time        Active Time  |
|------------------------------------------------------------------------------|
|                                                                              |
| assemble                      42        44.6013     1.061935    6.03         |
| assemble + linear solve       30        694.6813    23.156044   93.97        |
 ------------------------------------------------------------------------------
| Totals:                       72        739.2826                100.00       |
 ------------------------------------------------------------------------------

Linear solver converged at step: 527, final residual: 2.76988e-11  ||u - u_old|| = 0.257431
F_norms[2]=6.04972e-07
 Nonlinear solver converged at step 2

F_norms[0]=0.00699038		 etas[0]=0			 n_its[0]=552
F_norms[1]=0.00020849		 etas[1]=0			 n_its[1]=527
F_norms[2]=6.04972e-07		 etas[2]=0			 n_its[2]=0
 |TE|_oo = 0
 Scaling timestep by 1
--------------------------------------------------------------------------
Computing Surface fluxes...
Computing Kinetic Energy...
======= Finished time step    13 time=0.13 dt=0.01 =======


======= Starting time step    14 time=0.13 dt=0.01 =======
F_norms[0]=0.0047973
 ------------------------------------------------------------------------------
| Porous Media Performance: Alive time=789.117, Active time=771.24             |
 ------------------------------------------------------------------------------
| Event                         nCalls    Total       Avg         Percent of   |
|                                         Time        Time        Active Time  |
|------------------------------------------------------------------------------|
|                                                                              |
| assemble                      44        46.7245     1.061922    6.06         |
| assemble + linear solve       31        724.5156    23.371470   93.94        |
 ------------------------------------------------------------------------------
| Totals:                       75        771.2401                100.00       |
 ------------------------------------------------------------------------------

Linear solver converged at step: 661, final residual: 1.11056e-09  ||u - u_old|| = 21.5594
F_norms[1]=7.14492e-05
 ------------------------------------------------------------------------------
| Porous Media Performance: Alive time=815.605, Active time=797.704            |
 ------------------------------------------------------------------------------
| Event                         nCalls    Total       Avg         Percent of   |
|                                         Time        Time        Active Time  |
|------------------------------------------------------------------------------|
|                                                                              |
| assemble                      45        47.7881     1.061958    5.99         |
| assemble + linear solve       32        749.9160    23.434875   94.01        |
 ------------------------------------------------------------------------------
| Totals:                       77        797.7041                100.00       |
 ------------------------------------------------------------------------------

Linear solver converged at step: 563, final residual: 8.3085e-12  ||u - u_old|| = 0.161713
F_norms[2]=7.1034e-07
 Nonlinear solver converged at step 2

F_norms[0]=0.0047973		 etas[0]=0			 n_its[0]=661
F_norms[1]=7.14492e-05		 etas[1]=0			 n_its[1]=563
F_norms[2]=7.1034e-07		 etas[2]=0			 n_its[2]=0
 |TE|_oo = 0
 Scaling timestep by 1
--------------------------------------------------------------------------
Computing Surface fluxes...
Computing Kinetic Energy...
======= Finished time step    14 time=0.14 dt=0.01 =======


======= Starting time step    15 time=0.14 dt=0.01 =======
F_norms[0]=0.00366487
 ------------------------------------------------------------------------------
| Porous Media Performance: Alive time=842.477, Active time=823.795            |
 ------------------------------------------------------------------------------
| Event                         nCalls    Total       Avg         Percent of   |
|                                         Time        Time        Active Time  |
|------------------------------------------------------------------------------|
|                                                                              |
| assemble                      47        49.9111     1.061939    6.06         |
| assemble + linear solve       33        773.8840    23.451032   93.94        |
 ------------------------------------------------------------------------------
| Totals:                       80        823.7952                100.00       |
 ------------------------------------------------------------------------------

Linear solver converged at step: 531, final residual: 6.79313e-11  ||u - u_old|| = 14.7805
F_norms[1]=1.75245e-05
 ------------------------------------------------------------------------------
| Porous Media Performance: Alive time=866.87, Active time=848.161             |
 ------------------------------------------------------------------------------
| Event                         nCalls    Total       Avg         Percent of   |
|                                         Time        Time        Active Time  |
|------------------------------------------------------------------------------|
|                                                                              |
| assemble                      48        50.9702     1.061879    6.01         |
| assemble + linear solve       34        797.1905    23.446779   93.99        |
 ------------------------------------------------------------------------------
| Totals:                       82        848.1607                100.00       |
 ------------------------------------------------------------------------------

Linear solver converged at step: 516, final residual: 3.45653e-12  ||u - u_old|| = 0.0269577
F_norms[2]=3.45108e-07
 Nonlinear solver converged at step 2

F_norms[0]=0.00366487		 etas[0]=0			 n_its[0]=531
F_norms[1]=1.75245e-05		 etas[1]=0			 n_its[1]=516
F_norms[2]=3.45108e-07		 etas[2]=0			 n_its[2]=0
 |TE|_oo = 0
 Scaling timestep by 1
--------------------------------------------------------------------------
Computing Surface fluxes...
Computing Kinetic Energy...
======= Finished time step    15 time=0.15 dt=0.01 =======


======= Starting time step    16 time=0.15 dt=0.01 =======
F_norms[0]=0.00226919
 ------------------------------------------------------------------------------
| Porous Media Performance: Alive time=895.718, Active time=876.203            |
 ------------------------------------------------------------------------------
| Event                         nCalls    Total       Avg         Percent of   |
|                                         Time        Time        Active Time  |
|------------------------------------------------------------------------------|
|                                                                              |
| assemble                      50        53.0933     1.061865    6.06         |
| assemble + linear solve       35        823.1099    23.517427   93.94        |
 ------------------------------------------------------------------------------
| Totals:                       85        876.2032                100.00       |
 ------------------------------------------------------------------------------

Linear solver converged at step: 574, final residual: 1.12699e-10  ||u - u_old|| = 7.13497
F_norms[1]=5.33743e-06
 Nonlinear solver converged at step 1

F_norms[0]=0.00226919		 etas[0]=0			 n_its[0]=574
F_norms[1]=5.33743e-06		 etas[1]=0			 n_its[1]=0
 |TE|_oo = 0
 Scaling timestep by 1
--------------------------------------------------------------------------
Computing Surface fluxes...
Computing Kinetic Energy...
======= Finished time step    16 time=0.16 dt=0.01 =======


======= Starting time step    17 time=0.16 dt=0.01 =======
F_norms[0]=0.00111094
 ------------------------------------------------------------------------------
| Porous Media Performance: Alive time=922.794, Active time=902.497            |
 ------------------------------------------------------------------------------
| Event                         nCalls    Total       Avg         Percent of   |
|                                         Time        Time        Active Time  |
|------------------------------------------------------------------------------|
|                                                                              |
| assemble                      52        55.2147     1.061821    6.12         |
| assemble + linear solve       36        847.2826    23.535627   93.88        |
 ------------------------------------------------------------------------------
| Totals:                       88        902.4973                100.00       |
 ------------------------------------------------------------------------------

Linear solver converged at step: 535, final residual: 5.61286e-11  ||u - u_old|| = 2.0921
F_norms[1]=2.48335e-06
 Nonlinear solver converged at step 1

F_norms[0]=0.00111094		 etas[0]=0			 n_its[0]=535
F_norms[1]=2.48335e-06		 etas[1]=0			 n_its[1]=0
 |TE|_oo = 0
 Scaling timestep by 1
--------------------------------------------------------------------------
Computing Surface fluxes...
Computing Kinetic Energy...
======= Finished time step    17 time=0.17 dt=0.01 =======


======= Starting time step    18 time=0.17 dt=0.01 =======
F_norms[0]=0.000473685
 ------------------------------------------------------------------------------
| Porous Media Performance: Alive time=951.256, Active time=930.174            |
 ------------------------------------------------------------------------------
| Event                         nCalls    Total       Avg         Percent of   |
|                                         Time        Time        Active Time  |
|------------------------------------------------------------------------------|
|                                                                              |
| assemble                      54        57.3323     1.061710    6.16         |
| assemble + linear solve       37        872.8418    23.590318   93.84        |
 ------------------------------------------------------------------------------
| Totals:                       91        930.1741                100.00       |
 ------------------------------------------------------------------------------

Linear solver converged at step: 566, final residual: 2.66414e-11  ||u - u_old|| = 1.14292
F_norms[1]=1.10608e-06
 Nonlinear solver converged at step 1

F_norms[0]=0.000473685		 etas[0]=0			 n_its[0]=566
F_norms[1]=1.10608e-06		 etas[1]=0			 n_its[1]=0
 |TE|_oo = 0
 Scaling timestep by 1
--------------------------------------------------------------------------
Computing Surface fluxes...
Computing Kinetic Energy...
======= Finished time step    18 time=0.18 dt=0.01 =======


======= Starting time step    19 time=0.18 dt=0.01 =======
F_norms[0]=0.000308582
 ------------------------------------------------------------------------------
| Porous Media Performance: Alive time=976.96, Active time=955.098             |
 ------------------------------------------------------------------------------
| Event                         nCalls    Total       Avg         Percent of   |
|                                         Time        Time        Active Time  |
|------------------------------------------------------------------------------|
|                                                                              |
| assemble                      56        59.4500     1.061607    6.22         |
| assemble + linear solve       38        895.6482    23.569689   93.78        |
 ------------------------------------------------------------------------------
| Totals:                       94        955.0982                100.00       |
 ------------------------------------------------------------------------------

Linear solver converged at step: 505, final residual: 1.69774e-11  ||u - u_old|| = 1.41874
F_norms[1]=1.02154e-06
 Nonlinear solver converged at step 1

F_norms[0]=0.000308582		 etas[0]=0			 n_its[0]=505
F_norms[1]=1.02154e-06		 etas[1]=0			 n_its[1]=0
 |TE|_oo = 0
 Scaling timestep by 1
--------------------------------------------------------------------------
Computing Surface fluxes...
Computing Kinetic Energy...
======= Finished time step    19 time=0.19 dt=0.01 =======


======= Starting time step    20 time=0.19 dt=0.01 =======
F_norms[0]=0.000248864
 ------------------------------------------------------------------------------
| Porous Media Performance: Alive time=1004.84, Active time=982.204            |
 ------------------------------------------------------------------------------
| Event                         nCalls    Total       Avg         Percent of   |
|                                         Time        Time        Active Time  |
|------------------------------------------------------------------------------|
|                                                                              |
| assemble                      58        61.5736     1.061614    6.27         |
| assemble + linear solve       39        920.6308    23.605918   93.73        |
 ------------------------------------------------------------------------------
| Totals:                       97        982.2044                100.00       |
 ------------------------------------------------------------------------------

Linear solver converged at step: 553, final residual: 8.62616e-12  ||u - u_old|| = 1.04735
F_norms[1]=6.98082e-07
 Nonlinear solver converged at step 1

F_norms[0]=0.000248864		 etas[0]=0			 n_its[0]=553
F_norms[1]=6.98082e-07		 etas[1]=0			 n_its[1]=0
 |TE|_oo = 0
 Scaling timestep by 1
--------------------------------------------------------------------------
Computing Surface fluxes...
Computing Kinetic Energy...
======= Finished time step    20 time=0.2 dt=0.01 =======


======= Starting time step    21 time=0.2 dt=0.01 =======
F_norms[0]=0.000162207
 ------------------------------------------------------------------------------
| Porous Media Performance: Alive time=1040.74, Active time=1014.17            |
 ------------------------------------------------------------------------------
| Event                         nCalls    Total       Avg         Percent of   |
|                                         Time        Time        Active Time  |
|------------------------------------------------------------------------------|
|                                                                              |
| assemble                      60        63.6986     1.061643    6.28         |
| assemble + linear solve       40        950.4701    23.761752   93.72        |
 ------------------------------------------------------------------------------
| Totals:                       100       1014.1686               100.00       |
 ------------------------------------------------------------------------------

Linear solver converged at step: 661, final residual: 2.24558e-11  ||u - u_old|| = 0.538384
F_norms[1]=7.51728e-07
 Nonlinear solver converged at step 1

F_norms[0]=0.000162207		 etas[0]=0			 n_its[0]=661
F_norms[1]=7.51728e-07		 etas[1]=0			 n_its[1]=0
 |TE|_oo = 0
 Scaling timestep by 1
--------------------------------------------------------------------------
Computing Surface fluxes...
Computing Kinetic Energy...
======= Finished time step    21 time=0.21 dt=0.01 =======


======= Starting time step    22 time=0.21 dt=0.01 =======
F_norms[0]=8.25958e-05
 ------------------------------------------------------------------------------
| Porous Media Performance: Alive time=1073.67, Active time=1046.31            |
 ------------------------------------------------------------------------------
| Event                         nCalls    Total       Avg         Percent of   |
|                                         Time        Time        Active Time  |
|------------------------------------------------------------------------------|
|                                                                              |
| assemble                      62        65.8242     1.061681    6.29         |
| assemble + linear solve       41        980.4905    23.914403   93.71        |
 ------------------------------------------------------------------------------
| Totals:                       103       1046.3147               100.00       |
 ------------------------------------------------------------------------------

Linear solver converged at step: 661, final residual: 2.85202e-11  ||u - u_old|| = 0.17555
F_norms[1]=7.44287e-07
 Nonlinear solver converged at step 1

F_norms[0]=8.25958e-05		 etas[0]=0			 n_its[0]=661
F_norms[1]=7.44287e-07		 etas[1]=0			 n_its[1]=0
 |TE|_oo = 0
 Scaling timestep by 1
--------------------------------------------------------------------------
Computing Surface fluxes...
Computing Kinetic Energy...
======= Finished time step    22 time=0.22 dt=0.01 =======


======= Starting time step    23 time=0.22 dt=0.01 =======
F_norms[0]=3.49806e-05
 ------------------------------------------------------------------------------
| Porous Media Performance: Alive time=1101.66, Active time=1073.51            |
 ------------------------------------------------------------------------------
| Event                         nCalls    Total       Avg         Percent of   |
|                                         Time        Time        Active Time  |
|------------------------------------------------------------------------------|
|                                                                              |
| assemble                      64        67.9486     1.061697    6.33         |
| assemble + linear solve       42        1005.5594   23.941890   93.67        |
 ------------------------------------------------------------------------------
| Totals:                       106       1073.5080               100.00       |
 ------------------------------------------------------------------------------

Linear solver converged at step: 541, final residual: 1.42458e-12  ||u - u_old|| = 0.0665337
F_norms[1]=3.37248e-07
 Nonlinear solver converged at step 1

F_norms[0]=3.49806e-05		 etas[0]=0			 n_its[0]=541
F_norms[1]=3.37248e-07		 etas[1]=0			 n_its[1]=0
 |TE|_oo = 0
 Scaling timestep by 1
--------------------------------------------------------------------------
Computing Surface fluxes...
Computing Kinetic Energy...
======= Finished time step    23 time=0.23 dt=0.01 =======


======= Starting time step    24 time=0.23 dt=0.01 =======
F_norms[0]=2.04223e-05
 ------------------------------------------------------------------------------
| Porous Media Performance: Alive time=1134.96, Active time=1106.02            |
 ------------------------------------------------------------------------------
| Event                         nCalls    Total       Avg         Percent of   |
|                                         Time        Time        Active Time  |
|------------------------------------------------------------------------------|
|                                                                              |
| assemble                      66        70.0704     1.061673    6.34         |
| assemble + linear solve       43        1035.9447   24.091738   93.66        |
 ------------------------------------------------------------------------------
| Totals:                       109       1106.0151               100.00       |
 ------------------------------------------------------------------------------

Linear solver converged at step: 661, final residual: 8.83602e-12  ||u - u_old|| = 0.0909945
F_norms[1]=8.93031e-07
 Nonlinear solver converged at step 1

F_norms[0]=2.04223e-05		 etas[0]=0			 n_its[0]=661
F_norms[1]=8.93031e-07		 etas[1]=0			 n_its[1]=0
 |TE|_oo = 0
 Scaling timestep by 1
--------------------------------------------------------------------------
Computing Surface fluxes...
Computing Kinetic Energy...
======= Finished time step    24 time=0.24 dt=0.01 =======


======= Starting time step    25 time=0.24 dt=0.01 =======
F_norms[0]=1.66859e-05
 ------------------------------------------------------------------------------
| Porous Media Performance: Alive time=1163.44, Active time=1133.72            |
 ------------------------------------------------------------------------------
| Event                         nCalls    Total       Avg         Percent of   |
|                                         Time        Time        Active Time  |
|------------------------------------------------------------------------------|
|                                                                              |
| assemble                      68        72.1933     1.061667    6.37         |
| assemble + linear solve       44        1061.5222   24.125504   93.63        |
 ------------------------------------------------------------------------------
| Totals:                       112       1133.7155               100.00       |
 ------------------------------------------------------------------------------

Linear solver converged at step: 560, final residual: 5.14667e-13  ||u - u_old|| = 0.0724485
F_norms[1]=3.22577e-07
 Nonlinear solver converged at step 1

F_norms[0]=1.66859e-05		 etas[0]=0			 n_its[0]=560
F_norms[1]=3.22577e-07		 etas[1]=0			 n_its[1]=0
 |TE|_oo = 0
 Scaling timestep by 1
--------------------------------------------------------------------------
Computing Surface fluxes...
Computing Kinetic Energy...
======= Finished time step    25 time=0.25 dt=0.01 =======


======= Starting time step    26 time=0.25 dt=0.01 =======
F_norms[0]=1.13622e-05
 ------------------------------------------------------------------------------
| Porous Media Performance: Alive time=1191.51, Active time=1161               |
 ------------------------------------------------------------------------------
| Event                         nCalls    Total       Avg         Percent of   |
|                                         Time        Time        Active Time  |
|------------------------------------------------------------------------------|
|                                                                              |
| assemble                      70        74.3156     1.061652    6.40         |
| assemble + linear solve       45        1086.6862   24.148581   93.60        |
 ------------------------------------------------------------------------------
| Totals:                       115       1161.0018               100.00       |
 ------------------------------------------------------------------------------

Linear solver converged at step: 555, final residual: 5.25491e-13  ||u - u_old|| = 0.0399187
F_norms[1]=6.45637e-07
 Nonlinear solver converged at step 1

F_norms[0]=1.13622e-05		 etas[0]=0			 n_its[0]=555
F_norms[1]=6.45637e-07		 etas[1]=0			 n_its[1]=0
 |TE|_oo = 0
 Scaling timestep by 1
--------------------------------------------------------------------------
Computing Surface fluxes...
Computing Kinetic Energy...
======= Finished time step    26 time=0.26 dt=0.01 =======


======= Starting time step    27 time=0.26 dt=0.01 =======
F_norms[0]=6.09313e-06
 Nonlinear solver converged at step 0

F_norms[0]=6.09313e-06		 etas[0]=0			 n_its[0]=0
 |TE|_oo = 0
 Scaling timestep by 1
--------------------------------------------------------------------------
Computing Surface fluxes...
Computing Kinetic Energy...
======= Finished time step    27 time=0.27 dt=0.01 =======


Steady State Reached: Terminating Simulation.
 ------------------------------------------------------------------------------
| Porous Media Performance: Alive time=1198.29, Active time=1163.12            |
 ------------------------------------------------------------------------------
| Event                         nCalls    Total       Avg         Percent of   |
|                                         Time        Time        Active Time  |
|------------------------------------------------------------------------------|
|                                                                              |
| assemble                      72        76.4381     1.061640    6.57         |
| assemble + linear solve       45        1086.6862   24.148581   93.43        |
 ------------------------------------------------------------------------------
| Totals:                       117       1163.1242               100.00       |
 ------------------------------------------------------------------------------

************************************************************************************************************************
***             WIDEN YOUR WINDOW TO 120 CHARACTERS.  Use 'enscript -r -fCourier9' to print this document            ***
************************************************************************************************************************

---------------------------------------------- PETSc Performance Summary: ----------------------------------------------

./pm on a linux named columbia9 with 2 processors, by benkirk Wed Apr 19 17:24:27 2006
Using Petsc Version 2.2.0, Patch 0, Released Feb 27, 2004

                         Max       Max/Min        Avg      Total 
Time (sec):           1.199e+03      1.00019   1.199e+03
Objects:              0.000e+00      0.00000   0.000e+00
Flops:                1.958e+11      1.01649   1.943e+11  3.885e+11
Flops/sec:            1.633e+08      1.01630   1.620e+08  3.241e+08
MPI Messages:         4.886e+04      1.00000   4.886e+04  9.773e+04
MPI Message Lengths:  2.237e+08      1.00000   4.578e+03  4.474e+08
MPI Reductions:       3.739e+04      1.00000

Flop counting convention: 1 flop = 1 real number operation of type (multiply/divide/add/subtract)
                            e.g., VecAXPY() for real vectors of length N --> 2N flops
                            and VecAXPY() for complex vectors of length N --> 8N flops

Summary of Stages:   ----- Time ------  ----- Flops -----  --- Messages ---  -- Message Lengths --  -- Reductions --
                        Avg     %Total     Avg     %Total   counts   %Total     Avg         %Total   counts   %Total 
 0:      Main Stage: 1.1989e+03 100.0%  3.8852e+11 100.0%  9.773e+04 100.0%  4.578e+03      100.0%  7.478e+04 100.0% 

------------------------------------------------------------------------------------------------------------------------
See the 'Profiling' chapter of the users' manual for details on interpreting output.
Phase summary info:
   Count: number of times phase was executed
   Time and Flops/sec: Max - maximum over all processors
                       Ratio - ratio of maximum to minimum over all processors
   Mess: number of messages sent
   Avg. len: average message length
   Reduct: number of global reductions
   Global: entire computation
   Stage: stages of a computation. Set stages with PetscLogStagePush() and PetscLogStagePop().
      %T - percent time in this phase         %F - percent flops in this phase
      %M - percent messages in this phase     %L - percent message lengths in this phase
      %R - percent reductions in this phase
   Total Mflop/s: 10e-6 * (sum of flops over all processors)/(max time over all processors)
------------------------------------------------------------------------------------------------------------------------


      ##########################################################
      #                                                        #
      #                          WARNING!!!                    #
      #                                                        #
      #   This code was run without the PreLoadBegin()         #
      #   macros. To get timing results we always recommend    #
      #   preloading. otherwise timing numbers may be          #
      #   meaningless.                                         #
      ##########################################################


Event                Count      Time (sec)     Flops/sec                         --- Global ---  --- Stage ---   Total
                   Max Ratio  Max     Ratio   Max  Ratio  Mess   Avg len Reduct  %T %F %M %L %R  %T %F %M %L %R Mflop/s
------------------------------------------------------------------------------------------------------------------------

--- Event Stage 0: Main Stage

VecDot             48374 1.0 2.4805e+01 3.0 4.08e+08 3.1 0.0e+00 0.0e+00 4.8e+04  1  2  0  0 65   1  2  0  0 65   266
VecNorm            24371 1.0 8.9858e+00 1.4 2.54e+08 1.4 0.0e+00 0.0e+00 2.4e+04  1  1  0  0 33   1  1  0  0 33   370
VecCopy              443 1.0 4.6533e-02 1.0 0.00e+00 0.0 0.0e+00 0.0e+00 0.0e+00  0  0  0  0  0   0  0  0  0  0     0
VecSet             48861 1.0 4.3857e+00 1.1 0.00e+00 0.0 0.0e+00 0.0e+00 0.0e+00  0  0  0  0  0   0  0  0  0  0     0
VecAXPY            96807 1.0 7.5994e+00 1.0 8.81e+08 1.0 0.0e+00 0.0e+00 0.0e+00  1  3  0  0  0   1  3  0  0  0  1738
VecAYPX            48316 1.0 2.5237e+01 1.0 1.32e+08 1.0 0.0e+00 0.0e+00 0.0e+00  2  2  0  0  0   2  2  0  0  0   261
VecWAXPY           96604 1.0 2.9330e+01 1.0 1.98e+08 1.0 0.0e+00 0.0e+00 0.0e+00  2  3  0  0  0   2  3  0  0  0   393
VecAssemblyBegin     333 1.0 6.7450e-01 7.2 0.00e+00 0.0 2.0e+02 6.0e+03 1.0e+03  0  0  0  0  1   0  0  0  0  1     0
VecAssemblyEnd       333 1.0 1.2099e-02 2.8 0.00e+00 0.0 0.0e+00 0.0e+00 0.0e+00  0  0  0  0  0   0  0  0  0  0     0
VecScatterBegin    48591 1.0 3.9415e+00 1.0 0.00e+00 0.0 9.7e+04 4.4e+03 0.0e+00  0  0 99 96  0   0  0 99 96  0     0
VecScatterEnd      48591 1.0 1.9961e+01 4.2 0.00e+00 0.0 0.0e+00 0.0e+00 0.0e+00  1  0  0  0  0   1  0  0  0  0     0
MatMult            48446 1.0 3.8047e+02 1.1 2.38e+08 1.0 9.7e+04 4.4e+03 0.0e+00 31 45 99 95  0  31 45 99 95  0   455
MatMultAdd            72 1.0 5.9384e-01 1.1 2.40e+08 1.1 1.4e+02 4.4e+03 0.0e+00  0  0  0  0  0   0  0  0  0  0   444
MatSolve           48446 1.0 6.1138e+02 1.0 1.42e+08 1.0 0.0e+00 0.0e+00 0.0e+00 51 44  0  0  0  51 44  0  0  0   282
MatLUFactorNum        72 1.0 3.8905e+00 1.0 1.85e+08 1.0 0.0e+00 0.0e+00 0.0e+00  0  0  0  0  0   0  0  0  0  0   367
MatILUFactorSym        2 1.0 2.4291e-02 1.0 0.00e+00 0.0 0.0e+00 0.0e+00 2.0e+00  0  0  0  0  0   0  0  0  0  0     0
MatAssemblyBegin     216 1.0 1.3842e-01 1.8 0.00e+00 0.0 2.0e+02 8.9e+04 4.3e+02  0  0  0  4  1   0  0  0  4  1     0
MatAssemblyEnd       216 1.0 3.2274e-01 1.1 0.00e+00 0.0 4.0e+00 1.8e+03 2.3e+02  0  0  0  0  0   0  0  0  0  0     0
MatGetOrdering         2 1.0 1.0679e-03 1.1 0.00e+00 0.0 0.0e+00 0.0e+00 4.0e+00  0  0  0  0  0   0  0  0  0  0     0
MatZeroEntries       103 1.0 3.3581e-01 1.0 0.00e+00 0.0 0.0e+00 0.0e+00 0.0e+00  0  0  0  0  0   0  0  0  0  0     0
KSPSetup             144 1.0 3.2048e-03 1.0 0.00e+00 0.0 0.0e+00 0.0e+00 0.0e+00  0  0  0  0  0   0  0  0  0  0     0
KSPSolve              72 1.0 1.0907e+03 1.0 1.79e+08 1.0 9.7e+04 4.4e+03 7.3e+04 91100 99 95 97  91100 99 95 97   356
PCSetUp              144 1.0 3.9272e+00 1.0 1.83e+08 1.0 0.0e+00 0.0e+00 6.0e+00  0  0  0  0  0   0  0  0  0  0   364
PCSetUpOnBlocks       72 1.0 3.9229e+00 1.0 1.84e+08 1.0 0.0e+00 0.0e+00 6.0e+00  0  0  0  0  0   0  0  0  0  0   364
PCApply            48446 1.0 6.2602e+02 1.0 1.39e+08 1.0 0.0e+00 0.0e+00 0.0e+00 52 44  0  0  0  52 44  0  0  0   275
------------------------------------------------------------------------------------------------------------------------

Memory usage is given in bytes:

Object Type          Creations   Destructions   Memory  Descendants' Mem.

--- Event Stage 0: Main Stage

           Index Set    83             83    9675160     0
                 Map   196            196      50176     0
                 Vec   198            198   42432208     0
         Vec Scatter    75             75   45420336     0
              Matrix     8              8   34905044     1.76378e+07
       Krylov Solver     4              4        304     4.15037e+06
      Preconditioner     4              4        480     1.72983e+07
========================================================================================================================
Average time to get PetscTime(): 3.8147e-07
Average time for MPI_Barrier(): 2.19345e-06
Average time for zero size MPI_Send(): 9.10759e-05
Compiled without FORTRAN kernels
Compiled with double precision matrices (default)
sizeof(short) 2 sizeof(int) 4 sizeof(long) 8 sizeof(void *) 8   
Libraries compiled on Tue Dec 13 11:13:18 PST 2005 on columbia  
Machine characteristics: Linux columbia 2.6.5-7.202.5-sn2 #1 SMP Thu Aug 25 06:20:45 UTC 2005 ia64 ia64 ia64 GNU/Linux  
Using PETSc directory: /u/benkirk/petsc-2.2.0 
Using PETSc arch: linux64_intel 
-----------------------------------------   
Using C compiler: icc -KPIC -O2 -ftz -I/u/benkirk/petsc-2.2.0 -I/u/benkirk/petsc-2.2.0/bmake/linux64_intel -I/u/benkirk/petsc-2.2.0/include   -I/opt/sgi/mpt/1.12.0.0/include                                                                                                                           -DPETSC_USE_FOR_KERNELS -DPETSC_USE_LOG -DPETSC_USE_DEBUG -DPETSC_USE_BOPT_O -DPETSC_USE_EXTERN_CXX -DMPI_NO_CPPBIND -wd1476 -D__SDIR__='. '  
C Compiler version: 
Intel(R) C Itanium(R) Compiler for Itanium(R)-based applications 
Version 9.0    Build 20051020 Package ID: l_cc_c_9.0.027 
C++ Compiler version: 
Intel(R) C Itanium(R) Compiler for Itanium(R)-based applications 
Using Fortran compiler: ifort -w -KPIC -O2 -ftz -I/u/benkirk/petsc-2.2.0 -I/u/benkirk/petsc-2.2.0/bmake/linux64_intel -I/u/benkirk/petsc-2.2.0/include   -I/opt/sgi/mpt/1.12.0.0/include                                                                                                                           -DPETSC_USE_FOR_KERNELS -DPETSC_USE_LOG -DPETSC_USE_DEBUG -DPETSC_USE_BOPT_O -DPETSC_USE_EXTERN_CXX  
Fortran Compiler version: 
Intel(R) Fortran Itanium(R) Compiler for Itanium(R)-based applications 
Version 9.0    Build 20051020 Package ID: l_fc_c_9.0.028 
-----------------------------------------   
Using PETSc flags: -DPETSC_USE_FOR_KERNELS -DPETSC_USE_LOG -DPETSC_USE_DEBUG -DPETSC_USE_BOPT_O -DPETSC_USE_EXTERN_CXX                                                                                                                        
----------------------------------------- 
Using configuration flags: 
----------------------------------------- 
Using include paths: -I/u/benkirk/petsc-2.2.0 -I/u/benkirk/petsc-2.2.0/bmake/linux64_intel -I/u/benkirk/petsc-2.2.0/include   -I/opt/sgi/mpt/1.12.0.0/include    
------------------------------------------   
Using C linker: icc -i_dynamic -O2 -ftz -Qoption,link,-rpath,/u/benkirk/petsc-2.2.0/lib/libO/linux64_intel  
Using Fortran linker: icc -i_dynamic -O2 -ftz -Qoption,link,-rpath,/u/benkirk/petsc-2.2.0/lib/libO/linux64_intel  
Using libraries: -L/u/benkirk/petsc-2.2.0/lib/libO/linux64_intel -lpetscts -lpetscsnes -lpetscksp -lpetscdm -lpetscmat -lpetscvec -lpetsc                                                                                                                                                                                                                                                                              -Wl,-rpath,/opt/sgi/scsl/1.6.1.0/lib -L/opt/sgi/scsl/1.6.1.0/lib -lscs -L/opt/sgi/mpt/1.12.0.0/lib -lmpi -lifport -lifcoremt -ldl -limf -lm -lcxa -lunwind -lpthread -lirc 
 -------------------------------------------------------------------------------

 Run completed in 1202 seconds
