
 -----------------------------------------------
| Master Host:   cfe1.nas.nasa.gov
| Working Dir:   /u/benkirk/nobackup/bmurray_code/run.columbia
| # of Procs:    8
| Case name::    pm_jwp
 -----------------------------------------------

Using input file: pm_jwp.in
Initializing EquationSystems ... 
 Mesh Information:
  mesh_dimension()=2
  spatial_dimension()=3
  n_nodes()=22801
  n_elem()=22500
   n_local_elem()=2813
   n_active_elem()=22500
  n_subdomains()=1
  n_processors()=8
  processor_id()=0

 EquationSystems
  n_systems()=2
   System "Porous Media"
    Type "TransientLinearImplicit"
    Variables="p" "t" "s" 
    Finite Element Types="LAGRANGE" "LAGRANGE" "LAGRANGE" 
    Approximation Orders="FIRST" "FIRST" "FIRST" 
    n_dofs()=68403
    n_local_dofs()=8769
    n_constrained_dofs()=0
    n_vectors()=6
   System "Velocity"
    Type "TransientLinearImplicit"
    Variables="u" "v" 
    Finite Element Types="LAGRANGE" "LAGRANGE" 
    Approximation Orders="FIRST" "FIRST" 
    n_dofs()=45602
    n_local_dofs()=5846
    n_constrained_dofs()=0
    n_vectors()=3

======= Starting time step     1 time=0 dt=0.01 =======
F_norms[0]=0.115883

-------------------------------------------------------
| Processor id:   0                                    |
| Num Processors: 8                                    |
| Time:           Wed Apr 19 17:07:05 2006             |
| OS:             Linux                                |
| HostName:       columbia9                            |
| OS Release:     2.6.5-7.202.7-sn2                    |
| OS Version:     #5 SMP Thu Mar 16 17:51:36 PST 2006  |
| Machine:        ia64                                 |
| Username:       benkirk                              |
-------------------------------------------------------
 ------------------------------------------------------------------------------
| Porous Media Performance: Alive time=6.70269, Active time=2.89696            |
 ------------------------------------------------------------------------------
| Event                         nCalls    Total       Avg         Percent of   |
|                                         Time        Time        Active Time  |
|------------------------------------------------------------------------------|
|                                                                              |
| assemble                      1         0.2869      0.286937    9.90         |
| assemble + linear solve       1         2.6100      2.610018    90.10        |
 ------------------------------------------------------------------------------
| Totals:                       2         2.8970                  100.00       |
 ------------------------------------------------------------------------------

Linear solver converged at step: 373, final residual: 5.35524e-11  ||u - u_old|| = 1.30631
F_norms[1]=8.84371e-07
 Nonlinear solver converged at step 1

F_norms[0]=0.115883		 etas[0]=0			 n_its[0]=373
F_norms[1]=8.84371e-07		 etas[1]=0			 n_its[1]=0
Computing Surface fluxes...
Computing Kinetic Energy...
======= Finished time step     1 time=0.01 dt=0.01 =======


======= Starting time step     2 time=0.01 dt=0.01 =======
F_norms[0]=0.000193033
 ------------------------------------------------------------------------------
| Porous Media Performance: Alive time=12.2263, Active time=8.03266            |
 ------------------------------------------------------------------------------
| Event                         nCalls    Total       Avg         Percent of   |
|                                         Time        Time        Active Time  |
|------------------------------------------------------------------------------|
|                                                                              |
| assemble                      3         0.8412      0.280411    10.47        |
| assemble + linear solve       2         7.1914      3.595714    89.53        |
 ------------------------------------------------------------------------------
| Totals:                       5         8.0327                  100.00       |
 ------------------------------------------------------------------------------

Linear solver converged at step: 661, final residual: 2.25533e-10  ||u - u_old|| = 0.493432
F_norms[1]=1.72784e-06
 Nonlinear solver converged at step 1

F_norms[0]=0.000193033		 etas[0]=0			 n_its[0]=661
F_norms[1]=1.72784e-06		 etas[1]=0			 n_its[1]=0
Computing Surface fluxes...
Computing Kinetic Energy...
======= Finished time step     2 time=0.02 dt=0.01 =======


======= Starting time step     3 time=0.02 dt=0.01 =======
F_norms[0]=0.000403062
 ------------------------------------------------------------------------------
| Porous Media Performance: Alive time=15.5335, Active time=10.9076            |
 ------------------------------------------------------------------------------
| Event                         nCalls    Total       Avg         Percent of   |
|                                         Time        Time        Active Time  |
|------------------------------------------------------------------------------|
|                                                                              |
| assemble                      5         1.3971      0.279427    12.81        |
| assemble + linear solve       3         9.5105      3.170154    87.19        |
 ------------------------------------------------------------------------------
| Totals:                       8         10.9076                 100.00       |
 ------------------------------------------------------------------------------

Linear solver converged at step: 333, final residual: 1.05358e-10  ||u - u_old|| = 1.00517
F_norms[1]=7.01988e-06
 Nonlinear solver converged at step 1

F_norms[0]=0.000403062		 etas[0]=0			 n_its[0]=333
F_norms[1]=7.01988e-06		 etas[1]=0			 n_its[1]=0
 |TE|_oo = 0
 Scaling timestep by 1
--------------------------------------------------------------------------
Computing Surface fluxes...
Computing Kinetic Energy...
======= Finished time step     3 time=0.03 dt=0.01 =======


======= Starting time step     4 time=0.03 dt=0.01 =======
F_norms[0]=0.000846787
 ------------------------------------------------------------------------------
| Porous Media Performance: Alive time=19.2168, Active time=14.1676            |
 ------------------------------------------------------------------------------
| Event                         nCalls    Total       Avg         Percent of   |
|                                         Time        Time        Active Time  |
|------------------------------------------------------------------------------|
|                                                                              |
| assemble                      7         1.9537      0.279100    13.79        |
| assemble + linear solve       4         12.2139     3.053476    86.21        |
 ------------------------------------------------------------------------------
| Totals:                       11        14.1676                 100.00       |
 ------------------------------------------------------------------------------

Linear solver converged at step: 389, final residual: 2.08134e-10  ||u - u_old|| = 2.08885
F_norms[1]=3.04956e-05
 ------------------------------------------------------------------------------
| Porous Media Performance: Alive time=22.1923, Active time=17.1315            |
 ------------------------------------------------------------------------------
| Event                         nCalls    Total       Avg         Percent of   |
|                                         Time        Time        Active Time  |
|------------------------------------------------------------------------------|
|                                                                              |
| assemble                      8         2.2318      0.278970    13.03        |
| assemble + linear solve       5         14.8997     2.979950    86.97        |
 ------------------------------------------------------------------------------
| Totals:                       13        17.1315                 100.00       |
 ------------------------------------------------------------------------------

Linear solver converged at step: 386, final residual: 9.42593e-12  ||u - u_old|| = 0.0227527
F_norms[2]=2.81827e-07
 Nonlinear solver converged at step 2

F_norms[0]=0.000846787		 etas[0]=0			 n_its[0]=389
F_norms[1]=3.04956e-05		 etas[1]=0			 n_its[1]=386
F_norms[2]=2.81827e-07		 etas[2]=0			 n_its[2]=0
 |TE|_oo = 0
 Scaling timestep by 1
--------------------------------------------------------------------------
Computing Surface fluxes...
Computing Kinetic Energy...
======= Finished time step     4 time=0.04 dt=0.01 =======


======= Starting time step     5 time=0.04 dt=0.01 =======
F_norms[0]=0.00177368
 ------------------------------------------------------------------------------
| Porous Media Performance: Alive time=25.9584, Active time=20.6511            |
 ------------------------------------------------------------------------------
| Event                         nCalls    Total       Avg         Percent of   |
|                                         Time        Time        Active Time  |
|------------------------------------------------------------------------------|
|                                                                              |
| assemble                      10        2.7887      0.278872    13.50        |
| assemble + linear solve       6         17.8624     2.977070    86.50        |
 ------------------------------------------------------------------------------
| Totals:                       16        20.6511                 100.00       |
 ------------------------------------------------------------------------------

Linear solver converged at step: 426, final residual: 3.98555e-10  ||u - u_old|| = 4.38937
F_norms[1]=0.000134664
 ------------------------------------------------------------------------------
| Porous Media Performance: Alive time=28.5353, Active time=23.2181            |
 ------------------------------------------------------------------------------
| Event                         nCalls    Total       Avg         Percent of   |
|                                         Time        Time        Active Time  |
|------------------------------------------------------------------------------|
|                                                                              |
| assemble                      11        3.0680      0.278909    13.21        |
| assemble + linear solve       7         20.1501     2.878585    86.79        |
 ------------------------------------------------------------------------------
| Totals:                       18        23.2181                 100.00       |
 ------------------------------------------------------------------------------

Linear solver converged at step: 328, final residual: 4.37079e-11  ||u - u_old|| = 0.106508
F_norms[2]=4.43851e-07
 Nonlinear solver converged at step 2

F_norms[0]=0.00177368		 etas[0]=0			 n_its[0]=426
F_norms[1]=0.000134664		 etas[1]=0			 n_its[1]=328
F_norms[2]=4.43851e-07		 etas[2]=0			 n_its[2]=0
 |TE|_oo = 0
 Scaling timestep by 1
--------------------------------------------------------------------------
Computing Surface fluxes...
Computing Kinetic Energy...
======= Finished time step     5 time=0.05 dt=0.01 =======


======= Starting time step     6 time=0.05 dt=0.01 =======
F_norms[0]=0.00373876
 ------------------------------------------------------------------------------
| Porous Media Performance: Alive time=31.7339, Active time=26.1715            |
 ------------------------------------------------------------------------------
| Event                         nCalls    Total       Avg         Percent of   |
|                                         Time        Time        Active Time  |
|------------------------------------------------------------------------------|
|                                                                              |
| assemble                      13        3.6252      0.278865    13.85        |
| assemble + linear solve       8         22.5462     2.818276    86.15        |
 ------------------------------------------------------------------------------
| Totals:                       21        26.1715                 100.00       |
 ------------------------------------------------------------------------------

Linear solver converged at step: 344, final residual: 5.31929e-10  ||u - u_old|| = 9.57467
F_norms[1]=0.000635806
 ------------------------------------------------------------------------------
| Porous Media Performance: Alive time=34.961, Active time=29.388              |
 ------------------------------------------------------------------------------
| Event                         nCalls    Total       Avg         Percent of   |
|                                         Time        Time        Active Time  |
|------------------------------------------------------------------------------|
|                                                                              |
| assemble                      14        3.9043      0.278877    13.29        |
| assemble + linear solve       9         25.4837     2.831522    86.71        |
 ------------------------------------------------------------------------------
| Totals:                       23        29.3880                 100.00       |
 ------------------------------------------------------------------------------

Linear solver converged at step: 422, final residual: 1.84209e-10  ||u - u_old|| = 0.626131
F_norms[2]=4.17289e-06
 Nonlinear solver converged at step 2

F_norms[0]=0.00373876		 etas[0]=0			 n_its[0]=344
F_norms[1]=0.000635806		 etas[1]=0			 n_its[1]=422
F_norms[2]=4.17289e-06		 etas[2]=0			 n_its[2]=0
 |TE|_oo = 0
 Scaling timestep by 1
--------------------------------------------------------------------------
Computing Surface fluxes...
Computing Kinetic Energy...
======= Finished time step     6 time=0.06 dt=0.01 =======


======= Starting time step     7 time=0.06 dt=0.01 =======
F_norms[0]=0.00820586
 ------------------------------------------------------------------------------
| Porous Media Performance: Alive time=38.7486, Active time=32.9326            |
 ------------------------------------------------------------------------------
| Event                         nCalls    Total       Avg         Percent of   |
|                                         Time        Time        Active Time  |
|------------------------------------------------------------------------------|
|                                                                              |
| assemble                      16        4.4618      0.278863    13.55        |
| assemble + linear solve       10        28.4708     2.847080    86.45        |
 ------------------------------------------------------------------------------
| Totals:                       26        32.9326                 100.00       |
 ------------------------------------------------------------------------------

Linear solver converged at step: 430, final residual: 1.31946e-09  ||u - u_old|| = 24.707
F_norms[1]=0.00409304
 ------------------------------------------------------------------------------
| Porous Media Performance: Alive time=42.4752, Active time=36.6489            |
 ------------------------------------------------------------------------------
| Event                         nCalls    Total       Avg         Percent of   |
|                                         Time        Time        Active Time  |
|------------------------------------------------------------------------------|
|                                                                              |
| assemble                      17        4.7406      0.278859    12.94        |
| assemble + linear solve       11        31.9083     2.900750    87.06        |
 ------------------------------------------------------------------------------
| Totals:                       28        36.6489                 100.00       |
 ------------------------------------------------------------------------------

Linear solver converged at step: 495, final residual: 9.37165e-10  ||u - u_old|| = 8.25475
F_norms[2]=0.000525253
 ------------------------------------------------------------------------------
| Porous Media Performance: Alive time=46.2484, Active time=40.412             |
 ------------------------------------------------------------------------------
| Event                         nCalls    Total       Avg         Percent of   |
|                                         Time        Time        Active Time  |
|------------------------------------------------------------------------------|
|                                                                              |
| assemble                      18        5.0192      0.278847    12.42        |
| assemble + linear solve       12        35.3928     2.949399    87.58        |
 ------------------------------------------------------------------------------
| Totals:                       30        40.4120                 100.00       |
 ------------------------------------------------------------------------------

Linear solver converged at step: 502, final residual: 1.08792e-10  ||u - u_old|| = 0.944204
F_norms[3]=3.44176e-06
 Nonlinear solver converged at step 3

F_norms[0]=0.00820586		 etas[0]=0			 n_its[0]=430
F_norms[1]=0.00409304		 etas[1]=0			 n_its[1]=495
F_norms[2]=0.000525253		 etas[2]=0			 n_its[2]=502
F_norms[3]=3.44176e-06		 etas[3]=0			 n_its[3]=0
 |TE|_oo = 0
 Scaling timestep by 1
--------------------------------------------------------------------------
Computing Surface fluxes...
Computing Kinetic Energy...
======= Finished time step     7 time=0.07 dt=0.01 =======


======= Starting time step     8 time=0.07 dt=0.01 =======
F_norms[0]=0.0228168
 ------------------------------------------------------------------------------
| Porous Media Performance: Alive time=50.6034, Active time=44.5205            |
 ------------------------------------------------------------------------------
| Event                         nCalls    Total       Avg         Percent of   |
|                                         Time        Time        Active Time  |
|------------------------------------------------------------------------------|
|                                                                              |
| assemble                      20        5.5754      0.278772    12.52        |
| assemble + linear solve       13        38.9450     2.995772    87.48        |
 ------------------------------------------------------------------------------
| Totals:                       33        44.5205                 100.00       |
 ------------------------------------------------------------------------------

Linear solver converged at step: 512, final residual: 3.1035e-09  ||u - u_old|| = 162.473
F_norms[1]=0.133019
 ------------------------------------------------------------------------------
| Porous Media Performance: Alive time=55.4704, Active time=49.3753            |
 ------------------------------------------------------------------------------
| Event                         nCalls    Total       Avg         Percent of   |
|                                         Time        Time        Active Time  |
|------------------------------------------------------------------------------|
|                                                                              |
| assemble                      21        5.8525      0.278690    11.85        |
| assemble + linear solve       14        43.5228     3.108773    88.15        |
 ------------------------------------------------------------------------------
| Totals:                       35        49.3753                 100.00       |
 ------------------------------------------------------------------------------

Linear solver converged at step: 661, final residual: 9.39583e-05  ||u - u_old|| = 75.8325
F_norms[2]=0.0215894
 ------------------------------------------------------------------------------
| Porous Media Performance: Alive time=60.3411, Active time=54.234             |
 ------------------------------------------------------------------------------
| Event                         nCalls    Total       Avg         Percent of   |
|                                         Time        Time        Active Time  |
|------------------------------------------------------------------------------|
|                                                                              |
| assemble                      22        6.1296      0.278617    11.30        |
| assemble + linear solve       15        48.1044     3.206961    88.70        |
 ------------------------------------------------------------------------------
| Totals:                       37        54.2340                 100.00       |
 ------------------------------------------------------------------------------

Linear solver converged at step: 661, final residual: 2.35906e-06  ||u - u_old|| = 42.6258
F_norms[3]=0.00211931
 ------------------------------------------------------------------------------
| Porous Media Performance: Alive time=65.2115, Active time=59.0924            |
 ------------------------------------------------------------------------------
| Event                         nCalls    Total       Avg         Percent of   |
|                                         Time        Time        Active Time  |
|------------------------------------------------------------------------------|
|                                                                              |
| assemble                      23        6.4065      0.278544    10.84        |
| assemble + linear solve       16        52.6859     3.292869    89.16        |
 ------------------------------------------------------------------------------
| Totals:                       39        59.0924                 100.00       |
 ------------------------------------------------------------------------------

Linear solver converged at step: 661, final residual: 2.44635e-08  ||u - u_old|| = 4.05279
F_norms[4]=3.49856e-05
 ------------------------------------------------------------------------------
| Porous Media Performance: Alive time=70.0814, Active time=63.9504            |
 ------------------------------------------------------------------------------
| Event                         nCalls    Total       Avg         Percent of   |
|                                         Time        Time        Active Time  |
|------------------------------------------------------------------------------|
|                                                                              |
| assemble                      24        6.6835      0.278479    10.45        |
| assemble + linear solve       17        57.2669     3.368642    89.55        |
 ------------------------------------------------------------------------------
| Totals:                       41        63.9504                 100.00       |
 ------------------------------------------------------------------------------

Linear solver converged at step: 661, final residual: 1.45511e-10  ||u - u_old|| = 0.0482764
F_norms[5]=5.15011e-07
 Nonlinear solver converged at step 5

F_norms[0]=0.0228168		 etas[0]=0			 n_its[0]=512
F_norms[1]=0.133019		 etas[1]=0			 n_its[1]=661
F_norms[2]=0.0215894		 etas[2]=0			 n_its[2]=661
F_norms[3]=0.00211931		 etas[3]=0			 n_its[3]=661
F_norms[4]=3.49856e-05		 etas[4]=0			 n_its[4]=661
F_norms[5]=5.15011e-07		 etas[5]=0			 n_its[5]=0
 |TE|_oo = 0
 Scaling timestep by 1
--------------------------------------------------------------------------
Computing Surface fluxes...
Computing Kinetic Energy...
======= Finished time step     8 time=0.08 dt=0.01 =======


======= Starting time step     9 time=0.08 dt=0.01 =======
F_norms[0]=0.0632963
 ------------------------------------------------------------------------------
| Porous Media Performance: Alive time=75.4608, Active time=69.078             |
 ------------------------------------------------------------------------------
| Event                         nCalls    Total       Avg         Percent of   |
|                                         Time        Time        Active Time  |
|------------------------------------------------------------------------------|
|                                                                              |
| assemble                      26        7.2375      0.278364    10.48        |
| assemble + linear solve       18        61.8405     3.435585    89.52        |
 ------------------------------------------------------------------------------
| Totals:                       44        69.0780                 100.00       |
 ------------------------------------------------------------------------------

Linear solver converged at step: 661, final residual: 1.0653e-06  ||u - u_old|| = 487.829
F_norms[1]=0.134383
 ------------------------------------------------------------------------------
| Porous Media Performance: Alive time=80.0554, Active time=73.6603            |
 ------------------------------------------------------------------------------
| Event                         nCalls    Total       Avg         Percent of   |
|                                         Time        Time        Active Time  |
|------------------------------------------------------------------------------|
|                                                                              |
| assemble                      27        7.5149      0.278329    10.20        |
| assemble + linear solve       19        66.1455     3.481340    89.80        |
 ------------------------------------------------------------------------------
| Totals:                       46        73.6603                 100.00       |
 ------------------------------------------------------------------------------

Linear solver converged at step: 622, final residual: 2.93241e-08  ||u - u_old|| = 143.212
F_norms[2]=0.0227346
 ------------------------------------------------------------------------------
| Porous Media Performance: Alive time=84.3504, Active time=77.9431            |
 ------------------------------------------------------------------------------
| Event                         nCalls    Total       Avg         Percent of   |
|                                         Time        Time        Active Time  |
|------------------------------------------------------------------------------|
|                                                                              |
| assemble                      28        7.7916      0.278270    10.00        |
| assemble + linear solve       20        70.1516     3.507578    90.00        |
 ------------------------------------------------------------------------------
| Totals:                       48        77.9431                 100.00       |
 ------------------------------------------------------------------------------

Linear solver converged at step: 577, final residual: 4.57133e-09  ||u - u_old|| = 17.8406
F_norms[3]=0.000998785
 ------------------------------------------------------------------------------
| Porous Media Performance: Alive time=88.6976, Active time=82.278             |
 ------------------------------------------------------------------------------
| Event                         nCalls    Total       Avg         Percent of   |
|                                         Time        Time        Active Time  |
|------------------------------------------------------------------------------|
|                                                                              |
| assemble                      29        8.0682      0.278215    9.81         |
| assemble + linear solve       21        74.2097     3.533797    90.19        |
 ------------------------------------------------------------------------------
| Totals:                       50        82.2780                 100.00       |
 ------------------------------------------------------------------------------

Linear solver converged at step: 586, final residual: 2.32167e-10  ||u - u_old|| = 0.52257
F_norms[4]=1.41468e-06
 Nonlinear solver converged at step 4

F_norms[0]=0.0632963		 etas[0]=0			 n_its[0]=661
F_norms[1]=0.134383		 etas[1]=0			 n_its[1]=622
F_norms[2]=0.0227346		 etas[2]=0			 n_its[2]=577
F_norms[3]=0.000998785		 etas[3]=0			 n_its[3]=586
F_norms[4]=1.41468e-06		 etas[4]=0			 n_its[4]=0
 |TE|_oo = 0
 Scaling timestep by 1
--------------------------------------------------------------------------
Computing Surface fluxes...
Computing Kinetic Energy...
======= Finished time step     9 time=0.09 dt=0.01 =======


======= Starting time step    10 time=0.09 dt=0.01 =======
F_norms[0]=0.0642621
 ------------------------------------------------------------------------------
| Porous Media Performance: Alive time=94.0877, Active time=87.417             |
 ------------------------------------------------------------------------------
| Event                         nCalls    Total       Avg         Percent of   |
|                                         Time        Time        Active Time  |
|------------------------------------------------------------------------------|
|                                                                              |
| assemble                      31        8.6220      0.278128    9.86         |
| assemble + linear solve       22        78.7950     3.581592    90.14        |
 ------------------------------------------------------------------------------
| Totals:                       53        87.4170                 100.00       |
 ------------------------------------------------------------------------------

Linear solver converged at step: 661, final residual: 1.22128e-05  ||u - u_old|| = 260.138
F_norms[1]=0.00972715
 ------------------------------------------------------------------------------
| Porous Media Performance: Alive time=98.6127, Active time=91.9293            |
 ------------------------------------------------------------------------------
| Event                         nCalls    Total       Avg         Percent of   |
|                                         Time        Time        Active Time  |
|------------------------------------------------------------------------------|
|                                                                              |
| assemble                      32        8.8993      0.278104    9.68         |
| assemble + linear solve       23        83.0300     3.610000    90.32        |
 ------------------------------------------------------------------------------
| Totals:                       55        91.9293                 100.00       |
 ------------------------------------------------------------------------------

Linear solver converged at step: 611, final residual: 2.0315e-09  ||u - u_old|| = 9.4763
F_norms[2]=0.000147434
 ------------------------------------------------------------------------------
| Porous Media Performance: Alive time=102.886, Active time=96.1905            |
 ------------------------------------------------------------------------------
| Event                         nCalls    Total       Avg         Percent of   |
|                                         Time        Time        Active Time  |
|------------------------------------------------------------------------------|
|                                                                              |
| assemble                      33        9.1765      0.278076    9.54         |
| assemble + linear solve       24        87.0140     3.625584    90.46        |
 ------------------------------------------------------------------------------
| Totals:                       57        96.1905                 100.00       |
 ------------------------------------------------------------------------------

Linear solver converged at step: 574, final residual: 1.91214e-11  ||u - u_old|| = 0.0373795
F_norms[3]=5.28615e-07
 Nonlinear solver converged at step 3

F_norms[0]=0.0642621		 etas[0]=0			 n_its[0]=661
F_norms[1]=0.00972715		 etas[1]=0			 n_its[1]=611
F_norms[2]=0.000147434		 etas[2]=0			 n_its[2]=574
F_norms[3]=5.28615e-07		 etas[3]=0			 n_its[3]=0
 |TE|_oo = 0
 Scaling timestep by 1
--------------------------------------------------------------------------
Computing Surface fluxes...
Computing Kinetic Energy...
======= Finished time step    10 time=0.1 dt=0.01 =======


======= Starting time step    11 time=0.1 dt=0.01 =======
F_norms[0]=0.0385357
 ------------------------------------------------------------------------------
| Porous Media Performance: Alive time=110.853, Active time=100.895            |
 ------------------------------------------------------------------------------
| Event                         nCalls    Total       Avg         Percent of   |
|                                         Time        Time        Active Time  |
|------------------------------------------------------------------------------|
|                                                                              |
| assemble                      35        9.7316      0.278044    9.65         |
| assemble + linear solve       25        91.1634     3.646534    90.35        |
 ------------------------------------------------------------------------------
| Totals:                       60        100.8949                100.00       |
 ------------------------------------------------------------------------------

Linear solver converged at step: 599, final residual: 2.97285e-09  ||u - u_old|| = 103.46
F_norms[1]=0.00163602
 ------------------------------------------------------------------------------
| Porous Media Performance: Alive time=115.09, Active time=105.12              |
 ------------------------------------------------------------------------------
| Event                         nCalls    Total       Avg         Percent of   |
|                                         Time        Time        Active Time  |
|------------------------------------------------------------------------------|
|                                                                              |
| assemble                      36        10.0092     0.278034    9.52         |
| assemble + linear solve       26        95.1112     3.658124    90.48        |
 ------------------------------------------------------------------------------
| Totals:                       62        105.1204                100.00       |
 ------------------------------------------------------------------------------

Linear solver converged at step: 569, final residual: 2.69879e-10  ||u - u_old|| = 5.00847
F_norms[2]=5.13811e-06
 Nonlinear solver converged at step 2

F_norms[0]=0.0385357		 etas[0]=0			 n_its[0]=599
F_norms[1]=0.00163602		 etas[1]=0			 n_its[1]=569
F_norms[2]=5.13811e-06		 etas[2]=0			 n_its[2]=0
 |TE|_oo = 0
 Scaling timestep by 1
--------------------------------------------------------------------------
Computing Surface fluxes...
Computing Kinetic Energy...
======= Finished time step    11 time=0.11 dt=0.01 =======


======= Starting time step    12 time=0.11 dt=0.01 =======
F_norms[0]=0.0169112
 ------------------------------------------------------------------------------
| Porous Media Performance: Alive time=119.985, Active time=109.767            |
 ------------------------------------------------------------------------------
| Event                         nCalls    Total       Avg         Percent of   |
|                                         Time        Time        Active Time  |
|------------------------------------------------------------------------------|
|                                                                              |
| assemble                      38        10.5639     0.277998    9.62         |
| assemble + linear solve       27        99.2033     3.674196    90.38        |
 ------------------------------------------------------------------------------
| Totals:                       65        109.7672                100.00       |
 ------------------------------------------------------------------------------

Linear solver converged at step: 590, final residual: 1.12489e-09  ||u - u_old|| = 25.0096
F_norms[1]=0.000553014
 ------------------------------------------------------------------------------
| Porous Media Performance: Alive time=124.47, Active time=114.231             |
 ------------------------------------------------------------------------------
| Event                         nCalls    Total       Avg         Percent of   |
|                                         Time        Time        Active Time  |
|------------------------------------------------------------------------------|
|                                                                              |
| assemble                      39        10.8413     0.277983    9.49         |
| assemble + linear solve       28        103.3901    3.692503    90.51        |
 ------------------------------------------------------------------------------
| Totals:                       67        114.2314                100.00       |
 ------------------------------------------------------------------------------

Linear solver converged at step: 604, final residual: 8.34424e-11  ||u - u_old|| = 1.68359
F_norms[2]=7.88253e-07
 Nonlinear solver converged at step 2

F_norms[0]=0.0169112		 etas[0]=0			 n_its[0]=590
F_norms[1]=0.000553014		 etas[1]=0			 n_its[1]=604
F_norms[2]=7.88253e-07		 etas[2]=0			 n_its[2]=0
 |TE|_oo = 0
 Scaling timestep by 1
--------------------------------------------------------------------------
Computing Surface fluxes...
Computing Kinetic Energy...
======= Finished time step    12 time=0.12 dt=0.01 =======


======= Starting time step    13 time=0.12 dt=0.01 =======
F_norms[0]=0.00699038
 ------------------------------------------------------------------------------
| Porous Media Performance: Alive time=129.637, Active time=118.958            |
 ------------------------------------------------------------------------------
| Event                         nCalls    Total       Avg         Percent of   |
|                                         Time        Time        Active Time  |
|------------------------------------------------------------------------------|
|                                                                              |
| assemble                      41        11.3958     0.277946    9.58         |
| assemble + linear solve       29        107.5617    3.709025    90.42        |
 ------------------------------------------------------------------------------
| Totals:                       70        118.9575                100.00       |
 ------------------------------------------------------------------------------

Linear solver converged at step: 602, final residual: 3.82422e-10  ||u - u_old|| = 20.1904
F_norms[1]=0.00020849
 ------------------------------------------------------------------------------
| Porous Media Performance: Alive time=133.724, Active time=123.032            |
 ------------------------------------------------------------------------------
| Event                         nCalls    Total       Avg         Percent of   |
|                                         Time        Time        Active Time  |
|------------------------------------------------------------------------------|
|                                                                              |
| assemble                      42        11.6731     0.277930    9.49         |
| assemble + linear solve       30        111.3594    3.711980    90.51        |
 ------------------------------------------------------------------------------
| Totals:                       72        123.0325                100.00       |
 ------------------------------------------------------------------------------

Linear solver converged at step: 548, final residual: 2.0407e-11  ||u - u_old|| = 0.257456
F_norms[2]=7.03661e-07
 Nonlinear solver converged at step 2

F_norms[0]=0.00699038		 etas[0]=0			 n_its[0]=602
F_norms[1]=0.00020849		 etas[1]=0			 n_its[1]=548
F_norms[2]=7.03661e-07		 etas[2]=0			 n_its[2]=0
 |TE|_oo = 0
 Scaling timestep by 1
--------------------------------------------------------------------------
Computing Surface fluxes...
Computing Kinetic Energy...
======= Finished time step    13 time=0.13 dt=0.01 =======


======= Starting time step    14 time=0.13 dt=0.01 =======
F_norms[0]=0.0047973
 ------------------------------------------------------------------------------
| Porous Media Performance: Alive time=138.456, Active time=127.515            |
 ------------------------------------------------------------------------------
| Event                         nCalls    Total       Avg         Percent of   |
|                                         Time        Time        Active Time  |
|------------------------------------------------------------------------------|
|                                                                              |
| assemble                      44        12.2292     0.277936    9.59         |
| assemble + linear solve       31        115.2858    3.718896    90.41        |
 ------------------------------------------------------------------------------
| Totals:                       75        127.5149                100.00       |
 ------------------------------------------------------------------------------

Linear solver converged at step: 566, final residual: 2.69696e-10  ||u - u_old|| = 21.5994
F_norms[1]=7.14502e-05
 ------------------------------------------------------------------------------
| Porous Media Performance: Alive time=142.628, Active time=131.675            |
 ------------------------------------------------------------------------------
| Event                         nCalls    Total       Avg         Percent of   |
|                                         Time        Time        Active Time  |
|------------------------------------------------------------------------------|
|                                                                              |
| assemble                      45        12.5069     0.277930    9.50         |
| assemble + linear solve       32        119.1677    3.723990    90.50        |
 ------------------------------------------------------------------------------
| Totals:                       77        131.6745                100.00       |
 ------------------------------------------------------------------------------

Linear solver converged at step: 560, final residual: 8.90628e-12  ||u - u_old|| = 0.161902
F_norms[2]=6.41356e-07
 Nonlinear solver converged at step 2

F_norms[0]=0.0047973		 etas[0]=0			 n_its[0]=566
F_norms[1]=7.14502e-05		 etas[1]=0			 n_its[1]=560
F_norms[2]=6.41356e-07		 etas[2]=0			 n_its[2]=0
 |TE|_oo = 0
 Scaling timestep by 1
--------------------------------------------------------------------------
Computing Surface fluxes...
Computing Kinetic Energy...
======= Finished time step    14 time=0.14 dt=0.01 =======


======= Starting time step    15 time=0.14 dt=0.01 =======
F_norms[0]=0.00366487
 ------------------------------------------------------------------------------
| Porous Media Performance: Alive time=147.625, Active time=136.418            |
 ------------------------------------------------------------------------------
| Event                         nCalls    Total       Avg         Percent of   |
|                                         Time        Time        Active Time  |
|------------------------------------------------------------------------------|
|                                                                              |
| assemble                      47        13.0626     0.277927    9.58         |
| assemble + linear solve       33        123.3552    3.738037    90.42        |
 ------------------------------------------------------------------------------
| Totals:                       80        136.4178                100.00       |
 ------------------------------------------------------------------------------

Linear solver converged at step: 605, final residual: 1.91737e-10  ||u - u_old|| = 14.8099
F_norms[1]=1.75311e-05
 ------------------------------------------------------------------------------
| Porous Media Performance: Alive time=152.212, Active time=140.995            |
 ------------------------------------------------------------------------------
| Event                         nCalls    Total       Avg         Percent of   |
|                                         Time        Time        Active Time  |
|------------------------------------------------------------------------------|
|                                                                              |
| assemble                      48        13.3414     0.277945    9.46         |
| assemble + linear solve       34        127.6531    3.754504    90.54        |
 ------------------------------------------------------------------------------
| Totals:                       82        140.9945                100.00       |
 ------------------------------------------------------------------------------

Linear solver converged at step: 621, final residual: 1.7849e-12  ||u - u_old|| = 0.0270006
F_norms[2]=2.761e-07
 Nonlinear solver converged at step 2

F_norms[0]=0.00366487		 etas[0]=0			 n_its[0]=605
F_norms[1]=1.75311e-05		 etas[1]=0			 n_its[1]=621
F_norms[2]=2.761e-07		 etas[2]=0			 n_its[2]=0
 |TE|_oo = 0
 Scaling timestep by 1
--------------------------------------------------------------------------
Computing Surface fluxes...
Computing Kinetic Energy...
======= Finished time step    15 time=0.15 dt=0.01 =======


======= Starting time step    16 time=0.15 dt=0.01 =======
F_norms[0]=0.00226919
 ------------------------------------------------------------------------------
| Porous Media Performance: Alive time=157.194, Active time=145.728            |
 ------------------------------------------------------------------------------
| Event                         nCalls    Total       Avg         Percent of   |
|                                         Time        Time        Active Time  |
|------------------------------------------------------------------------------|
|                                                                              |
| assemble                      50        13.8974     0.277947    9.54         |
| assemble + linear solve       35        131.8309    3.766598    90.46        |
 ------------------------------------------------------------------------------
| Totals:                       85        145.7283                100.00       |
 ------------------------------------------------------------------------------

Linear solver converged at step: 604, final residual: 1.00185e-10  ||u - u_old|| = 7.14934
F_norms[1]=5.24516e-06
 Nonlinear solver converged at step 1

F_norms[0]=0.00226919		 etas[0]=0			 n_its[0]=604
F_norms[1]=5.24516e-06		 etas[1]=0			 n_its[1]=0
 |TE|_oo = 0
 Scaling timestep by 1
--------------------------------------------------------------------------
Computing Surface fluxes...
Computing Kinetic Energy...
======= Finished time step    16 time=0.16 dt=0.01 =======


======= Starting time step    17 time=0.16 dt=0.01 =======
F_norms[0]=0.00111094
 ------------------------------------------------------------------------------
| Porous Media Performance: Alive time=162.57, Active time=150.857             |
 ------------------------------------------------------------------------------
| Event                         nCalls    Total       Avg         Percent of   |
|                                         Time        Time        Active Time  |
|------------------------------------------------------------------------------|
|                                                                              |
| assemble                      52        14.4518     0.277920    9.58         |
| assemble + linear solve       36        136.4049    3.789024    90.42        |
 ------------------------------------------------------------------------------
| Totals:                       88        150.8567                100.00       |
 ------------------------------------------------------------------------------

Linear solver converged at step: 661, final residual: 2.97476e-09  ||u - u_old|| = 2.09522
F_norms[1]=3.0287e-06
 Nonlinear solver converged at step 1

F_norms[0]=0.00111094		 etas[0]=0			 n_its[0]=661
F_norms[1]=3.0287e-06		 etas[1]=0			 n_its[1]=0
 |TE|_oo = 0
 Scaling timestep by 1
--------------------------------------------------------------------------
Computing Surface fluxes...
Computing Kinetic Energy...
======= Finished time step    17 time=0.17 dt=0.01 =======


======= Starting time step    18 time=0.17 dt=0.01 =======
F_norms[0]=0.000473688
 ------------------------------------------------------------------------------
| Porous Media Performance: Alive time=167.481, Active time=155.523            |
 ------------------------------------------------------------------------------
| Event                         nCalls    Total       Avg         Percent of   |
|                                         Time        Time        Active Time  |
|------------------------------------------------------------------------------|
|                                                                              |
| assemble                      54        15.0061     0.277891    9.65         |
| assemble + linear solve       37        140.5172    3.797763    90.35        |
 ------------------------------------------------------------------------------
| Totals:                       91        155.5234                100.00       |
 ------------------------------------------------------------------------------

Linear solver converged at step: 594, final residual: 1.9261e-11  ||u - u_old|| = 1.14389
F_norms[1]=1.22484e-06
 Nonlinear solver converged at step 1

F_norms[0]=0.000473688		 etas[0]=0			 n_its[0]=594
F_norms[1]=1.22484e-06		 etas[1]=0			 n_its[1]=0
 |TE|_oo = 0
 Scaling timestep by 1
--------------------------------------------------------------------------
Computing Surface fluxes...
Computing Kinetic Energy...
======= Finished time step    18 time=0.18 dt=0.01 =======


======= Starting time step    19 time=0.18 dt=0.01 =======
F_norms[0]=0.000308583
 ------------------------------------------------------------------------------
| Porous Media Performance: Alive time=172.122, Active time=159.917            |
 ------------------------------------------------------------------------------
| Event                         nCalls    Total       Avg         Percent of   |
|                                         Time        Time        Active Time  |
|------------------------------------------------------------------------------|
|                                                                              |
| assemble                      56        15.5604     0.277865    9.73         |
| assemble + linear solve       38        144.3561    3.798845    90.27        |
 ------------------------------------------------------------------------------
| Totals:                       94        159.9165                100.00       |
 ------------------------------------------------------------------------------

Linear solver converged at step: 554, final residual: 1.69697e-11  ||u - u_old|| = 1.4213
F_norms[1]=8.82789e-07
 Nonlinear solver converged at step 1

F_norms[0]=0.000308583		 etas[0]=0			 n_its[0]=554
F_norms[1]=8.82789e-07		 etas[1]=0			 n_its[1]=0
 |TE|_oo = 0
 Scaling timestep by 1
--------------------------------------------------------------------------
Computing Surface fluxes...
Computing Kinetic Energy...
======= Finished time step    19 time=0.19 dt=0.01 =======


======= Starting time step    20 time=0.19 dt=0.01 =======
F_norms[0]=0.000248863
 ------------------------------------------------------------------------------
| Porous Media Performance: Alive time=177.134, Active time=164.684            |
 ------------------------------------------------------------------------------
| Event                         nCalls    Total       Avg         Percent of   |
|                                         Time        Time        Active Time  |
|------------------------------------------------------------------------------|
|                                                                              |
| assemble                      58        16.1166     0.277872    9.79         |
| assemble + linear solve       39        148.5671    3.809413    90.21        |
 ------------------------------------------------------------------------------
| Totals:                       97        164.6837                100.00       |
 ------------------------------------------------------------------------------

Linear solver converged at step: 608, final residual: 1.01406e-11  ||u - u_old|| = 1.04943
F_norms[1]=9.31352e-07
 Nonlinear solver converged at step 1

F_norms[0]=0.000248863		 etas[0]=0			 n_its[0]=608
F_norms[1]=9.31352e-07		 etas[1]=0			 n_its[1]=0
 |TE|_oo = 0
 Scaling timestep by 1
--------------------------------------------------------------------------
Computing Surface fluxes...
Computing Kinetic Energy...
======= Finished time step    20 time=0.2 dt=0.01 =======


======= Starting time step    21 time=0.2 dt=0.01 =======
F_norms[0]=0.000162209
 ------------------------------------------------------------------------------
| Porous Media Performance: Alive time=185.21, Active time=169.466             |
 ------------------------------------------------------------------------------
| Event                         nCalls    Total       Avg         Percent of   |
|                                         Time        Time        Active Time  |
|------------------------------------------------------------------------------|
|                                                                              |
| assemble                      60        16.6708     0.277846    9.84         |
| assemble + linear solve       40        152.7947    3.819868    90.16        |
 ------------------------------------------------------------------------------
| Totals:                       100       169.4655                100.00       |
 ------------------------------------------------------------------------------

Linear solver converged at step: 608, final residual: 7.47045e-12  ||u - u_old|| = 0.539477
F_norms[1]=6.71239e-07
 Nonlinear solver converged at step 1

F_norms[0]=0.000162209		 etas[0]=0			 n_its[0]=608
F_norms[1]=6.71239e-07		 etas[1]=0			 n_its[1]=0
 |TE|_oo = 0
 Scaling timestep by 1
--------------------------------------------------------------------------
Computing Surface fluxes...
Computing Kinetic Energy...
======= Finished time step    21 time=0.21 dt=0.01 =======


======= Starting time step    22 time=0.21 dt=0.01 =======
F_norms[0]=8.2595e-05
 ------------------------------------------------------------------------------
| Porous Media Performance: Alive time=190.597, Active time=174.604            |
 ------------------------------------------------------------------------------
| Event                         nCalls    Total       Avg         Percent of   |
|                                         Time        Time        Active Time  |
|------------------------------------------------------------------------------|
|                                                                              |
| assemble                      62        17.2245     0.277814    9.86         |
| assemble + linear solve       41        157.3800    3.838537    90.14        |
 ------------------------------------------------------------------------------
| Totals:                       103       174.6045                100.00       |
 ------------------------------------------------------------------------------

Linear solver converged at step: 661, final residual: 4.63177e-11  ||u - u_old|| = 0.175858
F_norms[1]=8.84231e-07
 Nonlinear solver converged at step 1

F_norms[0]=8.2595e-05		 etas[0]=0			 n_its[0]=661
F_norms[1]=8.84231e-07		 etas[1]=0			 n_its[1]=0
 |TE|_oo = 0
 Scaling timestep by 1
--------------------------------------------------------------------------
Computing Surface fluxes...
Computing Kinetic Energy...
======= Finished time step    22 time=0.22 dt=0.01 =======


======= Starting time step    23 time=0.22 dt=0.01 =======
F_norms[0]=3.49839e-05
 ------------------------------------------------------------------------------
| Porous Media Performance: Alive time=195.78, Active time=179.539             |
 ------------------------------------------------------------------------------
| Event                         nCalls    Total       Avg         Percent of   |
|                                         Time        Time        Active Time  |
|------------------------------------------------------------------------------|
|                                                                              |
| assemble                      64        17.7789     0.277795    9.90         |
| assemble + linear solve       42        161.7600    3.851429    90.10        |
 ------------------------------------------------------------------------------
| Totals:                       106       179.5389                100.00       |
 ------------------------------------------------------------------------------

Linear solver converged at step: 632, final residual: 1.45438e-12  ||u - u_old|| = 0.0665577
F_norms[1]=4.74628e-07
 Nonlinear solver converged at step 1

F_norms[0]=3.49839e-05		 etas[0]=0			 n_its[0]=632
F_norms[1]=4.74628e-07		 etas[1]=0			 n_its[1]=0
 |TE|_oo = 0
 Scaling timestep by 1
--------------------------------------------------------------------------
Computing Surface fluxes...
Computing Kinetic Energy...
======= Finished time step    23 time=0.23 dt=0.01 =======


======= Starting time step    24 time=0.23 dt=0.01 =======
F_norms[0]=2.04254e-05
 ------------------------------------------------------------------------------
| Porous Media Performance: Alive time=201.161, Active time=184.673            |
 ------------------------------------------------------------------------------
| Event                         nCalls    Total       Avg         Percent of   |
|                                         Time        Time        Active Time  |
|------------------------------------------------------------------------------|
|                                                                              |
| assemble                      66        18.3333     0.277777    9.93         |
| assemble + linear solve       43        166.3394    3.868357    90.07        |
 ------------------------------------------------------------------------------
| Totals:                       109       184.6726                100.00       |
 ------------------------------------------------------------------------------

Linear solver converged at step: 661, final residual: 6.93585e-12  ||u - u_old|| = 0.0911487
F_norms[1]=4.29545e-07
 Nonlinear solver converged at step 1

F_norms[0]=2.04254e-05		 etas[0]=0			 n_its[0]=661
F_norms[1]=4.29545e-07		 etas[1]=0			 n_its[1]=0
 |TE|_oo = 0
 Scaling timestep by 1
--------------------------------------------------------------------------
Computing Surface fluxes...
Computing Kinetic Energy...
======= Finished time step    24 time=0.24 dt=0.01 =======


======= Starting time step    25 time=0.24 dt=0.01 =======
F_norms[0]=1.66667e-05
 ------------------------------------------------------------------------------
| Porous Media Performance: Alive time=206.544, Active time=189.808            |
 ------------------------------------------------------------------------------
| Event                         nCalls    Total       Avg         Percent of   |
|                                         Time        Time        Active Time  |
|------------------------------------------------------------------------------|
|                                                                              |
| assemble                      68        18.8868     0.277748    9.95         |
| assemble + linear solve       44        170.9209    3.884566    90.05        |
 ------------------------------------------------------------------------------
| Totals:                       112       189.8078                100.00       |
 ------------------------------------------------------------------------------

Linear solver converged at step: 661, final residual: 7.96e-12  ||u - u_old|| = 0.0725875
F_norms[1]=7.41932e-07
 Nonlinear solver converged at step 1

F_norms[0]=1.66667e-05		 etas[0]=0			 n_its[0]=661
F_norms[1]=7.41932e-07		 etas[1]=0			 n_its[1]=0
 |TE|_oo = 0
 Scaling timestep by 1
--------------------------------------------------------------------------
Computing Surface fluxes...
Computing Kinetic Energy...
======= Finished time step    25 time=0.25 dt=0.01 =======


======= Starting time step    26 time=0.25 dt=0.01 =======
F_norms[0]=1.13829e-05
 ------------------------------------------------------------------------------
| Porous Media Performance: Alive time=211.468, Active time=194.483            |
 ------------------------------------------------------------------------------
| Event                         nCalls    Total       Avg         Percent of   |
|                                         Time        Time        Active Time  |
|------------------------------------------------------------------------------|
|                                                                              |
| assemble                      70        19.4427     0.277753    10.00        |
| assemble + linear solve       45        175.0400    3.889778    90.00        |
 ------------------------------------------------------------------------------
| Totals:                       115       194.4827                100.00       |
 ------------------------------------------------------------------------------

Linear solver converged at step: 595, final residual: 5.81801e-13  ||u - u_old|| = 0.0399968
F_norms[1]=5.27717e-07
 Nonlinear solver converged at step 1

F_norms[0]=1.13829e-05		 etas[0]=0			 n_its[0]=595
F_norms[1]=5.27717e-07		 etas[1]=0			 n_its[1]=0
 |TE|_oo = 0
 Scaling timestep by 1
--------------------------------------------------------------------------
Computing Surface fluxes...
Computing Kinetic Energy...
======= Finished time step    26 time=0.26 dt=0.01 =======


======= Starting time step    27 time=0.26 dt=0.01 =======
F_norms[0]=6.08127e-06
 Nonlinear solver converged at step 0

F_norms[0]=6.08127e-06		 etas[0]=0			 n_its[0]=0
 |TE|_oo = 0
 Scaling timestep by 1
--------------------------------------------------------------------------
Computing Surface fluxes...
Computing Kinetic Energy...
======= Finished time step    27 time=0.27 dt=0.01 =======


Steady State Reached: Terminating Simulation.
 ------------------------------------------------------------------------------
| Porous Media Performance: Alive time=215.478, Active time=195.039            |
 ------------------------------------------------------------------------------
| Event                         nCalls    Total       Avg         Percent of   |
|                                         Time        Time        Active Time  |
|------------------------------------------------------------------------------|
|                                                                              |
| assemble                      72        19.9994     0.277769    10.25        |
| assemble + linear solve       45        175.0400    3.889778    89.75        |
 ------------------------------------------------------------------------------
| Totals:                       117       195.0394                100.00       |
 ------------------------------------------------------------------------------

************************************************************************************************************************
***             WIDEN YOUR WINDOW TO 120 CHARACTERS.  Use 'enscript -r -fCourier9' to print this document            ***
************************************************************************************************************************

---------------------------------------------- PETSc Performance Summary: ----------------------------------------------

./pm on a linux named columbia9 with 8 processors, by benkirk Wed Apr 19 17:10:34 2006
Using Petsc Version 2.2.0, Patch 0, Released Feb 27, 2004

                         Max       Max/Min        Avg      Total 
Time (sec):           2.162e+02      1.00917   2.156e+02
Objects:              0.000e+00      0.00000   0.000e+00
Flops:                5.202e+10      1.06327   5.075e+10  4.060e+11
Flops/sec:            2.406e+08      1.05360   2.354e+08  1.883e+09
MPI Messages:         2.568e+05      2.50000   1.669e+05  1.335e+06
MPI Message Lengths:  2.739e+08      1.90333   1.288e+03  1.720e+09
MPI Reductions:       9.815e+03      1.00000

Flop counting convention: 1 flop = 1 real number operation of type (multiply/divide/add/subtract)
                            e.g., VecAXPY() for real vectors of length N --> 2N flops
                            and VecAXPY() for complex vectors of length N --> 8N flops

Summary of Stages:   ----- Time ------  ----- Flops -----  --- Messages ---  -- Message Lengths --  -- Reductions --
                        Avg     %Total     Avg     %Total   counts   %Total     Avg         %Total   counts   %Total 
 0:      Main Stage: 2.1556e+02 100.0%  4.0603e+11 100.0%  1.335e+06 100.0%  1.288e+03      100.0%  7.852e+04 100.0% 

------------------------------------------------------------------------------------------------------------------------
See the 'Profiling' chapter of the users' manual for details on interpreting output.
Phase summary info:
   Count: number of times phase was executed
   Time and Flops/sec: Max - maximum over all processors
                       Ratio - ratio of maximum to minimum over all processors
   Mess: number of messages sent
   Avg. len: average message length
   Reduct: number of global reductions
   Global: entire computation
   Stage: stages of a computation. Set stages with PetscLogStagePush() and PetscLogStagePop().
      %T - percent time in this phase         %F - percent flops in this phase
      %M - percent messages in this phase     %L - percent message lengths in this phase
      %R - percent reductions in this phase
   Total Mflop/s: 10e-6 * (sum of flops over all processors)/(max time over all processors)
------------------------------------------------------------------------------------------------------------------------


      ##########################################################
      #                                                        #
      #                          WARNING!!!                    #
      #                                                        #
      #   This code was run without the PreLoadBegin()         #
      #   macros. To get timing results we always recommend    #
      #   preloading. otherwise timing numbers may be          #
      #   meaningless.                                         #
      ##########################################################


Event                Count      Time (sec)     Flops/sec                         --- Global ---  --- Stage ---   Total
                   Max Ratio  Max     Ratio   Max  Ratio  Mess   Avg len Reduct  %T %F %M %L %R  %T %F %M %L %R Mflop/s
------------------------------------------------------------------------------------------------------------------------

--- Event Stage 0: Main Stage

VecDot             50871 1.0 1.7038e+01 3.4 1.75e+08 3.5 0.0e+00 0.0e+00 5.1e+04  5  2  0  0 65   5  2  0  0 65   407
VecNorm            25619 1.0 1.3235e+01 4.4 1.49e+08 4.6 0.0e+00 0.0e+00 2.6e+04  4  1  0  0 33   4  1  0  0 33   264
VecCopy              443 1.0 2.3129e-02 1.4 0.00e+00 0.0 0.0e+00 0.0e+00 0.0e+00  0  0  0  0  0   0  0  0  0  0     0
VecSet             51358 1.0 6.8684e-01 2.2 0.00e+00 0.0 0.0e+00 0.0e+00 0.0e+00  0  0  0  0  0   0  0  0  0  0     0
VecAXPY           101823 1.0 1.9313e+00 2.0 1.73e+09 1.9 0.0e+00 0.0e+00 0.0e+00  1  3  0  0  0   1  3  0  0  0  7195
VecAYPX            50835 1.0 5.9438e+00 1.4 2.00e+08 1.4 0.0e+00 0.0e+00 0.0e+00  2  2  0  0  0   2  2  0  0  0  1167
VecWAXPY          101598 1.0 7.9441e+00 1.1 2.04e+08 1.1 0.0e+00 0.0e+00 0.0e+00  4  3  0  0  0   4  3  0  0  0  1527
VecAssemblyBegin     333 1.0 8.9162e-01 3.7 0.00e+00 0.0 2.6e+03 1.9e+03 1.0e+03  0  0  0  0  1   0  0  0  0  1     0
VecAssemblyEnd       333 1.0 9.4850e-03 1.8 0.00e+00 0.0 0.0e+00 0.0e+00 0.0e+00  0  0  0  0  0   0  0  0  0  0     0
VecScatterBegin    51088 1.0 7.4684e+00 4.3 0.00e+00 0.0 1.3e+06 1.2e+03 0.0e+00  2  0 99 95  0   2  0 99 95  0     0
VecScatterEnd      51088 1.0 3.7719e+00 3.9 0.00e+00 0.0 0.0e+00 0.0e+00 0.0e+00  1  0  0  0  0   1  0  0  0  0     0
MatMult            50943 1.0 7.9314e+01 1.2 3.49e+08 1.2 1.3e+06 1.2e+03 0.0e+00 33 45 99 95  0  33 45 99 95  0  2297
MatMultAdd            72 1.0 1.1211e-01 1.4 3.97e+08 1.4 1.9e+03 1.2e+03 0.0e+00  0  0  0  0  0   0  0  0  0  0  2351
MatSolve           50943 1.0 6.7039e+01 1.1 3.61e+08 1.1 0.0e+00 0.0e+00 0.0e+00 30 44  0  0  0  30 44  0  0  0  2666
MatLUFactorNum        72 1.0 9.1339e-01 1.1 1.97e+08 1.0 0.0e+00 0.0e+00 0.0e+00  0  0  0  0  0   0  0  0  0  0  1528
MatILUFactorSym        2 1.0 5.1050e-03 1.3 0.00e+00 0.0 0.0e+00 0.0e+00 2.0e+00  0  0  0  0  0   0  0  0  0  0     0
MatAssemblyBegin     216 1.0 2.1808e-01 1.3 0.00e+00 0.0 2.6e+03 2.9e+04 4.3e+02  0  0  0  4  1   0  0  0  4  1     0
MatAssemblyEnd       216 1.0 1.7850e-01 1.6 0.00e+00 0.0 5.2e+01 6.5e+02 2.3e+02  0  0  0  0  0   0  0  0  0  0     0
MatGetOrdering         2 1.0 8.2207e-04 2.4 0.00e+00 0.0 0.0e+00 0.0e+00 4.0e+00  0  0  0  0  0   0  0  0  0  0     0
MatZeroEntries       103 1.0 5.6341e-02 1.2 0.00e+00 0.0 0.0e+00 0.0e+00 0.0e+00  0  0  0  0  0   0  0  0  0  0     0
KSPSetup             144 1.0 2.2597e-03 1.2 0.00e+00 0.0 0.0e+00 0.0e+00 0.0e+00  0  0  0  0  0   0  0  0  0  0     0
KSPSolve              72 1.0 1.7555e+02 1.0 2.96e+08 1.1 1.3e+06 1.2e+03 7.6e+04 81100 99 95 97  81100 99 95 97  2311
PCSetUp              144 1.0 9.3079e-01 1.1 1.93e+08 1.0 0.0e+00 0.0e+00 6.0e+00  0  0  0  0  0   0  0  0  0  0  1500
PCSetUpOnBlocks       72 1.0 9.2339e-01 1.1 1.95e+08 1.0 0.0e+00 0.0e+00 6.0e+00  0  0  0  0  0   0  0  0  0  0  1512
PCApply            50943 1.0 7.1932e+01 1.1 3.40e+08 1.1 0.0e+00 0.0e+00 0.0e+00 32 44  0  0  0  32 44  0  0  0  2485
------------------------------------------------------------------------------------------------------------------------

Memory usage is given in bytes:

Object Type          Creations   Destructions   Memory  Descendants' Mem.

--- Event Stage 0: Main Stage

           Index Set    83             83    2528548     0
                 Map   196            196      50176     0
                 Vec   198            198   10890928     0
         Vec Scatter    75             75   12045960     0
              Matrix     8              8    9164120     4.48538e+06
       Krylov Solver     4              4        304     1.06481e+06
      Preconditioner     4              4        480     4.35844e+06
========================================================================================================================
Average time to get PetscTime(): 5.00679e-07
Average time for MPI_Barrier(): 4.00543e-06
Average time for zero size MPI_Send(): 0.000135005
Compiled without FORTRAN kernels
Compiled with double precision matrices (default)
sizeof(short) 2 sizeof(int) 4 sizeof(long) 8 sizeof(void *) 8   
Libraries compiled on Tue Dec 13 11:13:18 PST 2005 on columbia  
Machine characteristics: Linux columbia 2.6.5-7.202.5-sn2 #1 SMP Thu Aug 25 06:20:45 UTC 2005 ia64 ia64 ia64 GNU/Linux  
Using PETSc directory: /u/benkirk/petsc-2.2.0 
Using PETSc arch: linux64_intel 
-----------------------------------------   
Using C compiler: icc -KPIC -O2 -ftz -I/u/benkirk/petsc-2.2.0 -I/u/benkirk/petsc-2.2.0/bmake/linux64_intel -I/u/benkirk/petsc-2.2.0/include   -I/opt/sgi/mpt/1.12.0.0/include                                                                                                                           -DPETSC_USE_FOR_KERNELS -DPETSC_USE_LOG -DPETSC_USE_DEBUG -DPETSC_USE_BOPT_O -DPETSC_USE_EXTERN_CXX -DMPI_NO_CPPBIND -wd1476 -D__SDIR__='. '  
C Compiler version: 
Intel(R) C Itanium(R) Compiler for Itanium(R)-based applications 
Version 9.0    Build 20051020 Package ID: l_cc_c_9.0.027 
C++ Compiler version: 
Intel(R) C Itanium(R) Compiler for Itanium(R)-based applications 
Using Fortran compiler: ifort -w -KPIC -O2 -ftz -I/u/benkirk/petsc-2.2.0 -I/u/benkirk/petsc-2.2.0/bmake/linux64_intel -I/u/benkirk/petsc-2.2.0/include   -I/opt/sgi/mpt/1.12.0.0/include                                                                                                                           -DPETSC_USE_FOR_KERNELS -DPETSC_USE_LOG -DPETSC_USE_DEBUG -DPETSC_USE_BOPT_O -DPETSC_USE_EXTERN_CXX  
Fortran Compiler version: 
Intel(R) Fortran Itanium(R) Compiler for Itanium(R)-based applications 
Version 9.0    Build 20051020 Package ID: l_fc_c_9.0.028 
-----------------------------------------   
Using PETSc flags: -DPETSC_USE_FOR_KERNELS -DPETSC_USE_LOG -DPETSC_USE_DEBUG -DPETSC_USE_BOPT_O -DPETSC_USE_EXTERN_CXX                                                                                                                        
----------------------------------------- 
Using configuration flags: 
----------------------------------------- 
Using include paths: -I/u/benkirk/petsc-2.2.0 -I/u/benkirk/petsc-2.2.0/bmake/linux64_intel -I/u/benkirk/petsc-2.2.0/include   -I/opt/sgi/mpt/1.12.0.0/include    
------------------------------------------   
Using C linker: icc -i_dynamic -O2 -ftz -Qoption,link,-rpath,/u/benkirk/petsc-2.2.0/lib/libO/linux64_intel  
Using Fortran linker: icc -i_dynamic -O2 -ftz -Qoption,link,-rpath,/u/benkirk/petsc-2.2.0/lib/libO/linux64_intel  
Using libraries: -L/u/benkirk/petsc-2.2.0/lib/libO/linux64_intel -lpetscts -lpetscsnes -lpetscksp -lpetscdm -lpetscmat -lpetscvec -lpetsc                                                                                                                                                                                                                                                                              -Wl,-rpath,/opt/sgi/scsl/1.6.1.0/lib -L/opt/sgi/scsl/1.6.1.0/lib -lscs -L/opt/sgi/mpt/1.12.0.0/lib -lmpi -lifport -lifcoremt -ldl -limf -lm -lcxa -lunwind -lpthread -lirc 
 -------------------------------------------------------------------------------

 Run completed in 220 seconds
