
 -----------------------------------------------
| Master Host:   cfe1.nas.nasa.gov
| Working Dir:   /u/benkirk/nobackup/bmurray_code/run.columbia
| # of Procs:    1
| Case name::    pm_jwp
 -----------------------------------------------

Using input file: pm_jwp.in
Initializing EquationSystems ... 
 Mesh Information:
  mesh_dimension()=2
  spatial_dimension()=3
  n_nodes()=22801
  n_elem()=22500
   n_local_elem()=22500
   n_active_elem()=22500
  n_subdomains()=1
  n_processors()=1
  processor_id()=0

 EquationSystems
  n_systems()=2
   System "Porous Media"
    Type "TransientLinearImplicit"
    Variables="p" "t" "s" 
    Finite Element Types="LAGRANGE" "LAGRANGE" "LAGRANGE" 
    Approximation Orders="FIRST" "FIRST" "FIRST" 
    n_dofs()=68403
    n_local_dofs()=68403
    n_constrained_dofs()=0
    n_vectors()=6
   System "Velocity"
    Type "TransientLinearImplicit"
    Variables="u" "v" 
    Finite Element Types="LAGRANGE" "LAGRANGE" 
    Approximation Orders="FIRST" "FIRST" 
    n_dofs()=45602
    n_local_dofs()=45602
    n_constrained_dofs()=0
    n_vectors()=3

======= Starting time step     1 time=0 dt=0.01 =======
F_norms[0]=0.115883

-------------------------------------------------------
| Time:           Wed Apr 19 17:06:18 2006             |
| OS:             Linux                                |
| HostName:       columbia9                            |
| OS Release:     2.6.5-7.202.7-sn2                    |
| OS Version:     #5 SMP Thu Mar 16 17:51:36 PST 2006  |
| Machine:        ia64                                 |
| Username:       benkirk                              |
-------------------------------------------------------
 ------------------------------------------------------------------------------
| Porous Media Performance: Alive time=61.9285, Active time=57.4481            |
 ------------------------------------------------------------------------------
| Event                         nCalls    Total       Avg         Percent of   |
|                                         Time        Time        Active Time  |
|------------------------------------------------------------------------------|
|                                                                              |
| assemble                      1         2.1265      2.126533    3.70         |
| assemble + linear solve       1         55.3216     55.321554   96.30        |
 ------------------------------------------------------------------------------
| Totals:                       2         57.4481                 100.00       |
 ------------------------------------------------------------------------------

Linear solver converged at step: 661, final residual: 6.35802e-10  ||u - u_old|| = 1.30631
F_norms[1]=9.69564e-07
 Nonlinear solver converged at step 1

F_norms[0]=0.115883		 etas[0]=0			 n_its[0]=661
F_norms[1]=9.69564e-07		 etas[1]=0			 n_its[1]=0
Computing Surface fluxes...
Computing Kinetic Energy...
======= Finished time step     1 time=0.01 dt=0.01 =======


======= Starting time step     2 time=0.01 dt=0.01 =======
F_norms[0]=0.000193036
 ------------------------------------------------------------------------------
| Porous Media Performance: Alive time=94.7487, Active time=88.9215            |
 ------------------------------------------------------------------------------
| Event                         nCalls    Total       Avg         Percent of   |
|                                         Time        Time        Active Time  |
|------------------------------------------------------------------------------|
|                                                                              |
| assemble                      3         6.3388      2.112920    7.13         |
| assemble + linear solve       2         82.5827     41.291353   92.87        |
 ------------------------------------------------------------------------------
| Totals:                       5         88.9215                 100.00       |
 ------------------------------------------------------------------------------

Linear solver converged at step: 325, final residual: 5.27162e-11  ||u - u_old|| = 0.493433
F_norms[1]=1.66075e-06
 Nonlinear solver converged at step 1

F_norms[0]=0.000193036		 etas[0]=0			 n_its[0]=325
F_norms[1]=1.66075e-06		 etas[1]=0			 n_its[1]=0
Computing Surface fluxes...
Computing Kinetic Energy...
======= Finished time step     2 time=0.02 dt=0.01 =======


======= Starting time step     3 time=0.02 dt=0.01 =======
F_norms[0]=0.000403061
 ------------------------------------------------------------------------------
| Porous Media Performance: Alive time=127.858, Active time=120.729            |
 ------------------------------------------------------------------------------
| Event                         nCalls    Total       Avg         Percent of   |
|                                         Time        Time        Active Time  |
|------------------------------------------------------------------------------|
|                                                                              |
| assemble                      5         10.5598     2.111956    8.75         |
| assemble + linear solve       3         110.1690    36.723017   91.25        |
 ------------------------------------------------------------------------------
| Totals:                       8         120.7288                100.00       |
 ------------------------------------------------------------------------------

Linear solver converged at step: 329, final residual: 1.0186e-10  ||u - u_old|| = 1.00517
F_norms[1]=7.01604e-06
 Nonlinear solver converged at step 1

F_norms[0]=0.000403061		 etas[0]=0			 n_its[0]=329
F_norms[1]=7.01604e-06		 etas[1]=0			 n_its[1]=0
 |TE|_oo = 0
 Scaling timestep by 1
--------------------------------------------------------------------------
Computing Surface fluxes...
Computing Kinetic Energy...
======= Finished time step     3 time=0.03 dt=0.01 =======


======= Starting time step     4 time=0.03 dt=0.01 =======
F_norms[0]=0.000846787
 ------------------------------------------------------------------------------
| Porous Media Performance: Alive time=165.782, Active time=157.353            |
 ------------------------------------------------------------------------------
| Event                         nCalls    Total       Avg         Percent of   |
|                                         Time        Time        Active Time  |
|------------------------------------------------------------------------------|
|                                                                              |
| assemble                      7         14.7733     2.110472    9.39         |
| assemble + linear solve       4         142.5802    35.645047   90.61        |
 ------------------------------------------------------------------------------
| Totals:                       11        157.3535                100.00       |
 ------------------------------------------------------------------------------

Linear solver converged at step: 387, final residual: 1.61159e-10  ||u - u_old|| = 2.08885
F_norms[1]=3.0495e-05
 ------------------------------------------------------------------------------
| Porous Media Performance: Alive time=194.332, Active time=185.882            |
 ------------------------------------------------------------------------------
| Event                         nCalls    Total       Avg         Percent of   |
|                                         Time        Time        Active Time  |
|------------------------------------------------------------------------------|
|                                                                              |
| assemble                      8         16.8794     2.109927    9.08         |
| assemble + linear solve       5         169.0022    33.800431   90.92        |
 ------------------------------------------------------------------------------
| Totals:                       13        185.8816                100.00       |
 ------------------------------------------------------------------------------

Linear solver converged at step: 315, final residual: 1.00976e-11  ||u - u_old|| = 0.0227387
F_norms[2]=2.85131e-07
 Nonlinear solver converged at step 2

F_norms[0]=0.000846787		 etas[0]=0			 n_its[0]=387
F_norms[1]=3.0495e-05		 etas[1]=0			 n_its[1]=315
F_norms[2]=2.85131e-07		 etas[2]=0			 n_its[2]=0
 |TE|_oo = 0
 Scaling timestep by 1
--------------------------------------------------------------------------
Computing Surface fluxes...
Computing Kinetic Energy...
======= Finished time step     4 time=0.04 dt=0.01 =======


======= Starting time step     5 time=0.04 dt=0.01 =======
F_norms[0]=0.00177368
 ------------------------------------------------------------------------------
| Porous Media Performance: Alive time=231.42, Active time=221.669             |
 ------------------------------------------------------------------------------
| Event                         nCalls    Total       Avg         Percent of   |
|                                         Time        Time        Active Time  |
|------------------------------------------------------------------------------|
|                                                                              |
| assemble                      10        21.0863     2.108633    9.51         |
| assemble + linear solve       6         200.5827    33.430442   90.49        |
 ------------------------------------------------------------------------------
| Totals:                       16        221.6690                100.00       |
 ------------------------------------------------------------------------------

Linear solver converged at step: 377, final residual: 5.2999e-10  ||u - u_old|| = 4.38935
F_norms[1]=0.000134663
 ------------------------------------------------------------------------------
| Porous Media Performance: Alive time=261.87, Active time=252.097             |
 ------------------------------------------------------------------------------
| Event                         nCalls    Total       Avg         Percent of   |
|                                         Time        Time        Active Time  |
|------------------------------------------------------------------------------|
|                                                                              |
| assemble                      11        23.1874     2.107945    9.20         |
| assemble + linear solve       7         228.9096    32.701367   90.80        |
 ------------------------------------------------------------------------------
| Totals:                       18        252.0970                100.00       |
 ------------------------------------------------------------------------------

Linear solver converged at step: 338, final residual: 3.99495e-11  ||u - u_old|| = 0.106458
F_norms[2]=4.02876e-07
 Nonlinear solver converged at step 2

F_norms[0]=0.00177368		 etas[0]=0			 n_its[0]=377
F_norms[1]=0.000134663		 etas[1]=0			 n_its[1]=338
F_norms[2]=4.02876e-07		 etas[2]=0			 n_its[2]=0
 |TE|_oo = 0
 Scaling timestep by 1
--------------------------------------------------------------------------
Computing Surface fluxes...
Computing Kinetic Energy...
======= Finished time step     5 time=0.05 dt=0.01 =======


======= Starting time step     6 time=0.05 dt=0.01 =======
F_norms[0]=0.00373876
 ------------------------------------------------------------------------------
| Porous Media Performance: Alive time=297.288, Active time=286.217            |
 ------------------------------------------------------------------------------
| Event                         nCalls    Total       Avg         Percent of   |
|                                         Time        Time        Active Time  |
|------------------------------------------------------------------------------|
|                                                                              |
| assemble                      13        27.3946     2.107275    9.57         |
| assemble + linear solve       8         258.8225    32.352811   90.43        |
 ------------------------------------------------------------------------------
| Totals:                       21        286.2171                100.00       |
 ------------------------------------------------------------------------------

Linear solver converged at step: 357, final residual: 8.17887e-10  ||u - u_old|| = 9.57454
F_norms[1]=0.000635806
 ------------------------------------------------------------------------------
| Porous Media Performance: Alive time=329.496, Active time=318.403            |
 ------------------------------------------------------------------------------
| Event                         nCalls    Total       Avg         Percent of   |
|                                         Time        Time        Active Time  |
|------------------------------------------------------------------------------|
|                                                                              |
| assemble                      14        29.4983     2.107020    9.26         |
| assemble + linear solve       9         288.9047    32.100521   90.74        |
 ------------------------------------------------------------------------------
| Totals:                       23        318.4030                100.00       |
 ------------------------------------------------------------------------------

Linear solver converged at step: 359, final residual: 7.82782e-11  ||u - u_old|| = 0.626052
F_norms[2]=4.16567e-06
 Nonlinear solver converged at step 2

F_norms[0]=0.00373876		 etas[0]=0			 n_its[0]=357
F_norms[1]=0.000635806		 etas[1]=0			 n_its[1]=359
F_norms[2]=4.16567e-06		 etas[2]=0			 n_its[2]=0
 |TE|_oo = 0
 Scaling timestep by 1
--------------------------------------------------------------------------
Computing Surface fluxes...
Computing Kinetic Energy...
======= Finished time step     6 time=0.06 dt=0.01 =======


======= Starting time step     7 time=0.06 dt=0.01 =======
F_norms[0]=0.00820586
 ------------------------------------------------------------------------------
| Porous Media Performance: Alive time=390.264, Active time=377.877            |
 ------------------------------------------------------------------------------
| Event                         nCalls    Total       Avg         Percent of   |
|                                         Time        Time        Active Time  |
|------------------------------------------------------------------------------|
|                                                                              |
| assemble                      16        33.7126     2.107035    8.92         |
| assemble + linear solve       10        344.1640    34.416401   91.08        |
 ------------------------------------------------------------------------------
| Totals:                       26        377.8766                100.00       |
 ------------------------------------------------------------------------------

Linear solver converged at step: 661, final residual: 4.26949e-09  ||u - u_old|| = 24.7064
F_norms[1]=0.00409304
 ------------------------------------------------------------------------------
| Porous Media Performance: Alive time=426.724, Active time=414.314            |
 ------------------------------------------------------------------------------
| Event                         nCalls    Total       Avg         Percent of   |
|                                         Time        Time        Active Time  |
|------------------------------------------------------------------------------|
|                                                                              |
| assemble                      17        35.8224     2.107198    8.65         |
| assemble + linear solve       11        378.4919    34.408353   91.35        |
 ------------------------------------------------------------------------------
| Totals:                       28        414.3142                100.00       |
 ------------------------------------------------------------------------------

Linear solver converged at step: 410, final residual: 6.22326e-10  ||u - u_old|| = 8.25383
F_norms[2]=0.000525253
 ------------------------------------------------------------------------------
| Porous Media Performance: Alive time=464.669, Active time=452.236            |
 ------------------------------------------------------------------------------
| Event                         nCalls    Total       Avg         Percent of   |
|                                         Time        Time        Active Time  |
|------------------------------------------------------------------------------|
|                                                                              |
| assemble                      18        37.9339     2.107441    8.39         |
| assemble + linear solve       12        414.3025    34.525211   91.61        |
 ------------------------------------------------------------------------------
| Totals:                       30        452.2365                100.00       |
 ------------------------------------------------------------------------------

Linear solver converged at step: 428, final residual: 1.60516e-10  ||u - u_old|| = 0.94315
F_norms[3]=3.45652e-06
 Nonlinear solver converged at step 3

F_norms[0]=0.00820586		 etas[0]=0			 n_its[0]=661
F_norms[1]=0.00409304		 etas[1]=0			 n_its[1]=410
F_norms[2]=0.000525253		 etas[2]=0			 n_its[2]=428
F_norms[3]=3.45652e-06		 etas[3]=0			 n_its[3]=0
 |TE|_oo = 0
 Scaling timestep by 1
--------------------------------------------------------------------------
Computing Surface fluxes...
Computing Kinetic Energy...
======= Finished time step     7 time=0.07 dt=0.01 =======


======= Starting time step     8 time=0.07 dt=0.01 =======
F_norms[0]=0.0228168
 ------------------------------------------------------------------------------
| Porous Media Performance: Alive time=513.67, Active time=499.942             |
 ------------------------------------------------------------------------------
| Event                         nCalls    Total       Avg         Percent of   |
|                                         Time        Time        Active Time  |
|------------------------------------------------------------------------------|
|                                                                              |
| assemble                      20        42.1448     2.107241    8.43         |
| assemble + linear solve       13        457.7969    35.215148   91.57        |
 ------------------------------------------------------------------------------
| Totals:                       33        499.9417                100.00       |
 ------------------------------------------------------------------------------

Linear solver converged at step: 520, final residual: 6.21922e-09  ||u - u_old|| = 162.461
F_norms[1]=0.133019
 ------------------------------------------------------------------------------
| Porous Media Performance: Alive time=571.101, Active time=557.349            |
 ------------------------------------------------------------------------------
| Event                         nCalls    Total       Avg         Percent of   |
|                                         Time        Time        Active Time  |
|------------------------------------------------------------------------------|
|                                                                              |
| assemble                      21        44.2445     2.106879    7.94         |
| assemble + linear solve       14        513.1041    36.650294   92.06        |
 ------------------------------------------------------------------------------
| Totals:                       35        557.3486                100.00       |
 ------------------------------------------------------------------------------

Linear solver converged at step: 661, final residual: 7.84495e-06  ||u - u_old|| = 75.7545
F_norms[2]=0.0215892
 ------------------------------------------------------------------------------
| Porous Media Performance: Alive time=624.525, Active time=610.75             |
 ------------------------------------------------------------------------------
| Event                         nCalls    Total       Avg         Percent of   |
|                                         Time        Time        Active Time  |
|------------------------------------------------------------------------------|
|                                                                              |
| assemble                      22        46.3445     2.106568    7.59         |
| assemble + linear solve       15        564.4051    37.627004   92.41        |
 ------------------------------------------------------------------------------
| Totals:                       37        610.7495                100.00       |
 ------------------------------------------------------------------------------

Linear solver converged at step: 613, final residual: 7.79679e-09  ||u - u_old|| = 42.5599
F_norms[3]=0.00211936
 ------------------------------------------------------------------------------
| Porous Media Performance: Alive time=679.289, Active time=665.49             |
 ------------------------------------------------------------------------------
| Event                         nCalls    Total       Avg         Percent of   |
|                                         Time        Time        Active Time  |
|------------------------------------------------------------------------------|
|                                                                              |
| assemble                      23        48.4442     2.106271    7.28         |
| assemble + linear solve       16        617.0454    38.565339   92.72        |
 ------------------------------------------------------------------------------
| Totals:                       39        665.4897                100.00       |
 ------------------------------------------------------------------------------

Linear solver converged at step: 630, final residual: 2.83909e-10  ||u - u_old|| = 4.04842
F_norms[4]=3.49944e-05
 ------------------------------------------------------------------------------
| Porous Media Performance: Alive time=730.217, Active time=716.394            |
 ------------------------------------------------------------------------------
| Event                         nCalls    Total       Avg         Percent of   |
|                                         Time        Time        Active Time  |
|------------------------------------------------------------------------------|
|                                                                              |
| assemble                      24        50.5435     2.105981    7.06         |
| assemble + linear solve       17        665.8508    39.167695   92.94        |
 ------------------------------------------------------------------------------
| Totals:                       41        716.3944                100.00       |
 ------------------------------------------------------------------------------

Linear solver converged at step: 584, final residual: 1.12344e-11  ||u - u_old|| = 0.0482454
F_norms[5]=7.07808e-07
 Nonlinear solver converged at step 5

F_norms[0]=0.0228168		 etas[0]=0			 n_its[0]=520
F_norms[1]=0.133019		 etas[1]=0			 n_its[1]=661
F_norms[2]=0.0215892		 etas[2]=0			 n_its[2]=613
F_norms[3]=0.00211936		 etas[3]=0			 n_its[3]=630
F_norms[4]=3.49944e-05		 etas[4]=0			 n_its[4]=584
F_norms[5]=7.07808e-07		 etas[5]=0			 n_its[5]=0
 |TE|_oo = 0
 Scaling timestep by 1
--------------------------------------------------------------------------
Computing Surface fluxes...
Computing Kinetic Energy...
======= Finished time step     8 time=0.08 dt=0.01 =======


======= Starting time step     9 time=0.08 dt=0.01 =======
F_norms[0]=0.0632963
 ------------------------------------------------------------------------------
| Porous Media Performance: Alive time=790.966, Active time=775.844            |
 ------------------------------------------------------------------------------
| Event                         nCalls    Total       Avg         Percent of   |
|                                         Time        Time        Active Time  |
|------------------------------------------------------------------------------|
|                                                                              |
| assemble                      26        54.7454     2.105593    7.06         |
| assemble + linear solve       18        721.0989    40.061051   92.94        |
 ------------------------------------------------------------------------------
| Totals:                       44        775.8443                100.00       |
 ------------------------------------------------------------------------------

Linear solver converged at step: 661, final residual: 1.8037e-06  ||u - u_old|| = 487.079
F_norms[1]=0.134383
 ------------------------------------------------------------------------------
| Porous Media Performance: Alive time=844.575, Active time=829.429            |
 ------------------------------------------------------------------------------
| Event                         nCalls    Total       Avg         Percent of   |
|                                         Time        Time        Active Time  |
|------------------------------------------------------------------------------|
|                                                                              |
| assemble                      27        56.8479     2.105477    6.85         |
| assemble + linear solve       19        772.5815    40.662185   93.15        |
 ------------------------------------------------------------------------------
| Totals:                       46        829.4294                100.00       |
 ------------------------------------------------------------------------------

Linear solver converged at step: 616, final residual: 4.21429e-08  ||u - u_old|| = 143.049
F_norms[2]=0.0227346
 ------------------------------------------------------------------------------
| Porous Media Performance: Alive time=886.355, Active time=871.186            |
 ------------------------------------------------------------------------------
| Event                         nCalls    Total       Avg         Percent of   |
|                                         Time        Time        Active Time  |
|------------------------------------------------------------------------------|
|                                                                              |
| assemble                      28        58.9504     2.105371    6.77         |
| assemble + linear solve       20        812.2360    40.611798   93.23        |
 ------------------------------------------------------------------------------
| Totals:                       48        871.1864                100.00       |
 ------------------------------------------------------------------------------

Linear solver converged at step: 474, final residual: 1.17411e-09  ||u - u_old|| = 17.8352
F_norms[3]=0.000998783
 ------------------------------------------------------------------------------
| Porous Media Performance: Alive time=924.971, Active time=909.779            |
 ------------------------------------------------------------------------------
| Event                         nCalls    Total       Avg         Percent of   |
|                                         Time        Time        Active Time  |
|------------------------------------------------------------------------------|
|                                                                              |
| assemble                      29        61.0532     2.105282    6.71         |
| assemble + linear solve       21        848.7261    40.415530   93.29        |
 ------------------------------------------------------------------------------
| Totals:                       50        909.7793                100.00       |
 ------------------------------------------------------------------------------

Linear solver converged at step: 436, final residual: 2.83366e-10  ||u - u_old|| = 0.522146
F_norms[4]=1.44319e-06
 Nonlinear solver converged at step 4

F_norms[0]=0.0632963		 etas[0]=0			 n_its[0]=661
F_norms[1]=0.134383		 etas[1]=0			 n_its[1]=616
F_norms[2]=0.0227346		 etas[2]=0			 n_its[2]=474
F_norms[3]=0.000998783		 etas[3]=0			 n_its[3]=436
F_norms[4]=1.44319e-06		 etas[4]=0			 n_its[4]=0
 |TE|_oo = 0
 Scaling timestep by 1
--------------------------------------------------------------------------
Computing Surface fluxes...
Computing Kinetic Energy...
======= Finished time step     9 time=0.09 dt=0.01 =======


======= Starting time step    10 time=0.09 dt=0.01 =======
F_norms[0]=0.0642621
 ------------------------------------------------------------------------------
| Porous Media Performance: Alive time=977.196, Active time=960.709            |
 ------------------------------------------------------------------------------
| Event                         nCalls    Total       Avg         Percent of   |
|                                         Time        Time        Active Time  |
|------------------------------------------------------------------------------|
|                                                                              |
| assemble                      31        65.2536     2.104955    6.79         |
| assemble + linear solve       22        895.4555    40.702521   93.21        |
 ------------------------------------------------------------------------------
| Totals:                       53        960.7091                100.00       |
 ------------------------------------------------------------------------------

Linear solver converged at step: 559, final residual: 7.65625e-09  ||u - u_old|| = 259.626
F_norms[1]=0.00972692
 ------------------------------------------------------------------------------
| Porous Media Performance: Alive time=1009.56, Active time=993.044            |
 ------------------------------------------------------------------------------
| Event                         nCalls    Total       Avg         Percent of   |
|                                         Time        Time        Active Time  |
|------------------------------------------------------------------------------|
|                                                                              |
| assemble                      32        67.3508     2.104713    6.78         |
| assemble + linear solve       23        925.6934    40.247538   93.22        |
 ------------------------------------------------------------------------------
| Totals:                       55        993.0442                100.00       |
 ------------------------------------------------------------------------------

Linear solver converged at step: 361, final residual: 2.13982e-09  ||u - u_old|| = 9.46439
F_norms[2]=0.000147433
 ------------------------------------------------------------------------------
| Porous Media Performance: Alive time=1041.26, Active time=1024.73            |
 ------------------------------------------------------------------------------
| Event                         nCalls    Total       Avg         Percent of   |
|                                         Time        Time        Active Time  |
|------------------------------------------------------------------------------|
|                                                                              |
| assemble                      33        69.4486     2.104502    6.78         |
| assemble + linear solve       24        955.2823    39.803429   93.22        |
 ------------------------------------------------------------------------------
| Totals:                       57        1024.7309               100.00       |
 ------------------------------------------------------------------------------

Linear solver converged at step: 352, final residual: 4.58641e-11  ||u - u_old|| = 0.0373673
F_norms[3]=4.42139e-07
 Nonlinear solver converged at step 3

F_norms[0]=0.0642621		 etas[0]=0			 n_its[0]=559
F_norms[1]=0.00972692		 etas[1]=0			 n_its[1]=361
F_norms[2]=0.000147433		 etas[2]=0			 n_its[2]=352
F_norms[3]=4.42139e-07		 etas[3]=0			 n_its[3]=0
 |TE|_oo = 0
 Scaling timestep by 1
--------------------------------------------------------------------------
Computing Surface fluxes...
Computing Kinetic Energy...
======= Finished time step    10 time=0.1 dt=0.01 =======


======= Starting time step    11 time=0.1 dt=0.01 =======
F_norms[0]=0.0385357
 ------------------------------------------------------------------------------
| Porous Media Performance: Alive time=1092.6, Active time=1071.47             |
 ------------------------------------------------------------------------------
| Event                         nCalls    Total       Avg         Percent of   |
|                                         Time        Time        Active Time  |
|------------------------------------------------------------------------------|
|                                                                              |
| assemble                      35        73.6519     2.104341    6.87         |
| assemble + linear solve       25        997.8189    39.912756   93.13        |
 ------------------------------------------------------------------------------
| Totals:                       60        1071.4708               100.00       |
 ------------------------------------------------------------------------------

Linear solver converged at step: 507, final residual: 3.48868e-09  ||u - u_old|| = 103.253
F_norms[1]=0.00163602
 ------------------------------------------------------------------------------
| Porous Media Performance: Alive time=1134.09, Active time=1112.94            |
 ------------------------------------------------------------------------------
| Event                         nCalls    Total       Avg         Percent of   |
|                                         Time        Time        Active Time  |
|------------------------------------------------------------------------------|
|                                                                              |
| assemble                      36        75.7549     2.104302    6.81         |
| assemble + linear solve       26        1037.1831   39.891658   93.19        |
 ------------------------------------------------------------------------------
| Totals:                       62        1112.9380               100.00       |
 ------------------------------------------------------------------------------

Linear solver converged at step: 470, final residual: 3.26254e-10  ||u - u_old|| = 4.999
F_norms[2]=5.12514e-06
 Nonlinear solver converged at step 2

F_norms[0]=0.0385357		 etas[0]=0			 n_its[0]=507
F_norms[1]=0.00163602		 etas[1]=0			 n_its[1]=470
F_norms[2]=5.12514e-06		 etas[2]=0			 n_its[2]=0
 |TE|_oo = 0
 Scaling timestep by 1
--------------------------------------------------------------------------
Computing Surface fluxes...
Computing Kinetic Energy...
======= Finished time step    11 time=0.11 dt=0.01 =======


======= Starting time step    12 time=0.11 dt=0.01 =======
F_norms[0]=0.0169112
 ------------------------------------------------------------------------------
| Porous Media Performance: Alive time=1176.26, Active time=1153.82            |
 ------------------------------------------------------------------------------
| Event                         nCalls    Total       Avg         Percent of   |
|                                         Time        Time        Active Time  |
|------------------------------------------------------------------------------|
|                                                                              |
| assemble                      38        79.9588     2.104180    6.93         |
| assemble + linear solve       27        1073.8619   39.772664   93.07        |
 ------------------------------------------------------------------------------
| Totals:                       65        1153.8208               100.00       |
 ------------------------------------------------------------------------------

Linear solver converged at step: 438, final residual: 1.15482e-09  ||u - u_old|| = 24.9854
F_norms[1]=0.000553014
 ------------------------------------------------------------------------------
| Porous Media Performance: Alive time=1216.07, Active time=1193.61            |
 ------------------------------------------------------------------------------
| Event                         nCalls    Total       Avg         Percent of   |
|                                         Time        Time        Active Time  |
|------------------------------------------------------------------------------|
|                                                                              |
| assemble                      39        82.0609     2.104125    6.88         |
| assemble + linear solve       28        1111.5464   39.698086   93.12        |
 ------------------------------------------------------------------------------
| Totals:                       67        1193.6073               100.00       |
 ------------------------------------------------------------------------------

Linear solver converged at step: 450, final residual: 9.73851e-11  ||u - u_old|| = 1.68022
F_norms[2]=7.87928e-07
 Nonlinear solver converged at step 2

F_norms[0]=0.0169112		 etas[0]=0			 n_its[0]=438
F_norms[1]=0.000553014		 etas[1]=0			 n_its[1]=450
F_norms[2]=7.87928e-07		 etas[2]=0			 n_its[2]=0
 |TE|_oo = 0
 Scaling timestep by 1
--------------------------------------------------------------------------
Computing Surface fluxes...
Computing Kinetic Energy...
======= Finished time step    12 time=0.12 dt=0.01 =======


======= Starting time step    13 time=0.12 dt=0.01 =======
F_norms[0]=0.00699038
 ------------------------------------------------------------------------------
| Porous Media Performance: Alive time=1260.91, Active time=1237.15            |
 ------------------------------------------------------------------------------
| Event                         nCalls    Total       Avg         Percent of   |
|                                         Time        Time        Active Time  |
|------------------------------------------------------------------------------|
|                                                                              |
| assemble                      41        86.2617     2.103945    6.97         |
| assemble + linear solve       29        1150.8902   39.685869   93.03        |
 ------------------------------------------------------------------------------
| Totals:                       70        1237.1519               100.00       |
 ------------------------------------------------------------------------------

Linear solver converged at step: 470, final residual: 3.22021e-10  ||u - u_old|| = 20.1654
F_norms[1]=0.00020849
 ------------------------------------------------------------------------------
| Porous Media Performance: Alive time=1296.8, Active time=1273.01             |
 ------------------------------------------------------------------------------
| Event                         nCalls    Total       Avg         Percent of   |
|                                         Time        Time        Active Time  |
|------------------------------------------------------------------------------|
|                                                                              |
| assemble                      42        88.3610     2.103833    6.94         |
| assemble + linear solve       30        1184.6512   39.488374   93.06        |
 ------------------------------------------------------------------------------
| Totals:                       72        1273.0122               100.00       |
 ------------------------------------------------------------------------------

Linear solver converged at step: 403, final residual: 3.36702e-11  ||u - u_old|| = 0.257431
F_norms[2]=4.98013e-07
 Nonlinear solver converged at step 2

F_norms[0]=0.00699038		 etas[0]=0			 n_its[0]=470
F_norms[1]=0.00020849		 etas[1]=0			 n_its[1]=403
F_norms[2]=4.98013e-07		 etas[2]=0			 n_its[2]=0
 |TE|_oo = 0
 Scaling timestep by 1
--------------------------------------------------------------------------
Computing Surface fluxes...
Computing Kinetic Energy...
======= Finished time step    13 time=0.13 dt=0.01 =======


======= Starting time step    14 time=0.13 dt=0.01 =======
F_norms[0]=0.0047973
 ------------------------------------------------------------------------------
| Porous Media Performance: Alive time=1340.03, Active time=1314.95            |
 ------------------------------------------------------------------------------
| Event                         nCalls    Total       Avg         Percent of   |
|                                         Time        Time        Active Time  |
|------------------------------------------------------------------------------|
|                                                                              |
| assemble                      44        92.5604     2.103645    7.04         |
| assemble + linear solve       31        1222.3878   39.431864   92.96        |
 ------------------------------------------------------------------------------
| Totals:                       75        1314.9482               100.00       |
 ------------------------------------------------------------------------------

Linear solver converged at step: 451, final residual: 3.17875e-10  ||u - u_old|| = 21.559
F_norms[1]=7.14432e-05
 ------------------------------------------------------------------------------
| Porous Media Performance: Alive time=1381.3, Active time=1356.2              |
 ------------------------------------------------------------------------------
| Event                         nCalls    Total       Avg         Percent of   |
|                                         Time        Time        Active Time  |
|------------------------------------------------------------------------------|
|                                                                              |
| assemble                      45        94.6617     2.103593    6.98         |
| assemble + linear solve       32        1261.5387   39.423085   93.02        |
 ------------------------------------------------------------------------------
| Totals:                       77        1356.2004               100.00       |
 ------------------------------------------------------------------------------

Linear solver converged at step: 468, final residual: 4.95273e-12  ||u - u_old|| = 0.161712
F_norms[2]=5.01159e-07
 Nonlinear solver converged at step 2

F_norms[0]=0.0047973		 etas[0]=0			 n_its[0]=451
F_norms[1]=7.14432e-05		 etas[1]=0			 n_its[1]=468
F_norms[2]=5.01159e-07		 etas[2]=0			 n_its[2]=0
 |TE|_oo = 0
 Scaling timestep by 1
--------------------------------------------------------------------------
Computing Surface fluxes...
Computing Kinetic Energy...
======= Finished time step    14 time=0.14 dt=0.01 =======


======= Starting time step    15 time=0.14 dt=0.01 =======
F_norms[0]=0.00366487
 ------------------------------------------------------------------------------
| Porous Media Performance: Alive time=1425.82, Active time=1399.41            |
 ------------------------------------------------------------------------------
| Event                         nCalls    Total       Avg         Percent of   |
|                                         Time        Time        Active Time  |
|------------------------------------------------------------------------------|
|                                                                              |
| assemble                      47        98.8659     2.103531    7.06         |
| assemble + linear solve       33        1300.5472   39.410521   92.94        |
 ------------------------------------------------------------------------------
| Totals:                       80        1399.4131               100.00       |
 ------------------------------------------------------------------------------

Linear solver converged at step: 466, final residual: 1.59611e-10  ||u - u_old|| = 14.7802
F_norms[1]=1.75318e-05
 ------------------------------------------------------------------------------
| Porous Media Performance: Alive time=1461.22, Active time=1434.79            |
 ------------------------------------------------------------------------------
| Event                         nCalls    Total       Avg         Percent of   |
|                                         Time        Time        Active Time  |
|------------------------------------------------------------------------------|
|                                                                              |
| assemble                      48        100.9701    2.103544    7.04         |
| assemble + linear solve       34        1333.8239   39.230115   92.96        |
 ------------------------------------------------------------------------------
| Totals:                       82        1434.7940               100.00       |
 ------------------------------------------------------------------------------

Linear solver converged at step: 397, final residual: 3.31357e-12  ||u - u_old|| = 0.0269575
F_norms[2]=5.09494e-07
 Nonlinear solver converged at step 2

F_norms[0]=0.00366487		 etas[0]=0			 n_its[0]=466
F_norms[1]=1.75318e-05		 etas[1]=0			 n_its[1]=397
F_norms[2]=5.09494e-07		 etas[2]=0			 n_its[2]=0
 |TE|_oo = 0
 Scaling timestep by 1
--------------------------------------------------------------------------
Computing Surface fluxes...
Computing Kinetic Energy...
======= Finished time step    15 time=0.15 dt=0.01 =======


======= Starting time step    16 time=0.15 dt=0.01 =======
F_norms[0]=0.00226919
 ------------------------------------------------------------------------------
| Porous Media Performance: Alive time=1506.01, Active time=1478.27            |
 ------------------------------------------------------------------------------
| Event                         nCalls    Total       Avg         Percent of   |
|                                         Time        Time        Active Time  |
|------------------------------------------------------------------------------|
|                                                                              |
| assemble                      50        105.1757    2.103514    7.11         |
| assemble + linear solve       35        1373.0916   39.231188   92.89        |
 ------------------------------------------------------------------------------
| Totals:                       85        1478.2673               100.00       |
 ------------------------------------------------------------------------------

Linear solver converged at step: 469, final residual: 8.90727e-11  ||u - u_old|| = 7.13483
F_norms[1]=5.1412e-06
 Nonlinear solver converged at step 1

F_norms[0]=0.00226919		 etas[0]=0			 n_its[0]=469
F_norms[1]=5.1412e-06		 etas[1]=0			 n_its[1]=0
 |TE|_oo = 0
 Scaling timestep by 1
--------------------------------------------------------------------------
Computing Surface fluxes...
Computing Kinetic Energy...
======= Finished time step    16 time=0.16 dt=0.01 =======


======= Starting time step    17 time=0.16 dt=0.01 =======
F_norms[0]=0.00111094
 ------------------------------------------------------------------------------
| Porous Media Performance: Alive time=1551.53, Active time=1522.49            |
 ------------------------------------------------------------------------------
| Event                         nCalls    Total       Avg         Percent of   |
|                                         Time        Time        Active Time  |
|------------------------------------------------------------------------------|
|                                                                              |
| assemble                      52        109.3848    2.103553    7.18         |
| assemble + linear solve       36        1413.1051   39.252921   92.82        |
 ------------------------------------------------------------------------------
| Totals:                       88        1522.4899               100.00       |
 ------------------------------------------------------------------------------

Linear solver converged at step: 478, final residual: 5.02246e-11  ||u - u_old|| = 2.09207
F_norms[1]=2.45603e-06
 Nonlinear solver converged at step 1

F_norms[0]=0.00111094		 etas[0]=0			 n_its[0]=478
F_norms[1]=2.45603e-06		 etas[1]=0			 n_its[1]=0
 |TE|_oo = 0
 Scaling timestep by 1
--------------------------------------------------------------------------
Computing Surface fluxes...
Computing Kinetic Energy...
======= Finished time step    17 time=0.17 dt=0.01 =======


======= Starting time step    18 time=0.17 dt=0.01 =======
F_norms[0]=0.000473685
 ------------------------------------------------------------------------------
| Porous Media Performance: Alive time=1596.62, Active time=1566.29            |
 ------------------------------------------------------------------------------
| Event                         nCalls    Total       Avg         Percent of   |
|                                         Time        Time        Active Time  |
|------------------------------------------------------------------------------|
|                                                                              |
| assemble                      54        113.5951    2.103613    7.25         |
| assemble + linear solve       37        1452.6996   39.262152   92.75        |
 ------------------------------------------------------------------------------
| Totals:                       91        1566.2947               100.00       |
 ------------------------------------------------------------------------------

Linear solver converged at step: 473, final residual: 2.30707e-11  ||u - u_old|| = 1.14291
F_norms[1]=1.19977e-06
 Nonlinear solver converged at step 1

F_norms[0]=0.000473685		 etas[0]=0			 n_its[0]=473
F_norms[1]=1.19977e-06		 etas[1]=0			 n_its[1]=0
 |TE|_oo = 0
 Scaling timestep by 1
--------------------------------------------------------------------------
Computing Surface fluxes...
Computing Kinetic Energy...
======= Finished time step    18 time=0.18 dt=0.01 =======


======= Starting time step    19 time=0.18 dt=0.01 =======
F_norms[0]=0.000308583
 ------------------------------------------------------------------------------
| Porous Media Performance: Alive time=1640.89, Active time=1609.27            |
 ------------------------------------------------------------------------------
| Event                         nCalls    Total       Avg         Percent of   |
|                                         Time        Time        Active Time  |
|------------------------------------------------------------------------------|
|                                                                              |
| assemble                      56        117.7943    2.103470    7.32         |
| assemble + linear solve       38        1491.4712   39.249241   92.68        |
 ------------------------------------------------------------------------------
| Totals:                       94        1609.2655               100.00       |
 ------------------------------------------------------------------------------

Linear solver converged at step: 463, final residual: 9.74553e-12  ||u - u_old|| = 1.41872
F_norms[1]=9.72919e-07
 Nonlinear solver converged at step 1

F_norms[0]=0.000308583		 etas[0]=0			 n_its[0]=463
F_norms[1]=9.72919e-07		 etas[1]=0			 n_its[1]=0
 |TE|_oo = 0
 Scaling timestep by 1
--------------------------------------------------------------------------
Computing Surface fluxes...
Computing Kinetic Energy...
======= Finished time step    19 time=0.19 dt=0.01 =======


======= Starting time step    20 time=0.19 dt=0.01 =======
F_norms[0]=0.000248864
 ------------------------------------------------------------------------------
| Porous Media Performance: Alive time=1686.24, Active time=1653.31            |
 ------------------------------------------------------------------------------
| Event                         nCalls    Total       Avg         Percent of   |
|                                         Time        Time        Active Time  |
|------------------------------------------------------------------------------|
|                                                                              |
| assemble                      58        121.9970    2.103397    7.38         |
| assemble + linear solve       39        1531.3112   39.264390   92.62        |
 ------------------------------------------------------------------------------
| Totals:                       97        1653.3082               100.00       |
 ------------------------------------------------------------------------------

Linear solver converged at step: 476, final residual: 5.70693e-12  ||u - u_old|| = 1.04733
F_norms[1]=7.30232e-07
 Nonlinear solver converged at step 1

F_norms[0]=0.000248864		 etas[0]=0			 n_its[0]=476
F_norms[1]=7.30232e-07		 etas[1]=0			 n_its[1]=0
 |TE|_oo = 0
 Scaling timestep by 1
--------------------------------------------------------------------------
Computing Surface fluxes...
Computing Kinetic Energy...
======= Finished time step    20 time=0.2 dt=0.01 =======


======= Starting time step    21 time=0.2 dt=0.01 =======
F_norms[0]=0.000162208
 ------------------------------------------------------------------------------
| Porous Media Performance: Alive time=1733.17, Active time=1695.69            |
 ------------------------------------------------------------------------------
| Event                         nCalls    Total       Avg         Percent of   |
|                                         Time        Time        Active Time  |
|------------------------------------------------------------------------------|
|                                                                              |
| assemble                      60        126.1993    2.103322    7.44         |
| assemble + linear solve       40        1569.4919   39.237296   92.56        |
 ------------------------------------------------------------------------------
| Totals:                       100       1695.6912               100.00       |
 ------------------------------------------------------------------------------

Linear solver converged at step: 456, final residual: 8.55907e-12  ||u - u_old|| = 0.538373
F_norms[1]=8.74526e-07
 Nonlinear solver converged at step 1

F_norms[0]=0.000162208		 etas[0]=0			 n_its[0]=456
F_norms[1]=8.74526e-07		 etas[1]=0			 n_its[1]=0
 |TE|_oo = 0
 Scaling timestep by 1
--------------------------------------------------------------------------
Computing Surface fluxes...
Computing Kinetic Energy...
======= Finished time step    21 time=0.21 dt=0.01 =======


======= Starting time step    22 time=0.21 dt=0.01 =======
F_norms[0]=8.25974e-05
 ------------------------------------------------------------------------------
| Porous Media Performance: Alive time=1780.17, Active time=1741.4             |
 ------------------------------------------------------------------------------
| Event                         nCalls    Total       Avg         Percent of   |
|                                         Time        Time        Active Time  |
|------------------------------------------------------------------------------|
|                                                                              |
| assemble                      62        130.3953    2.103150    7.49         |
| assemble + linear solve       41        1611.0002   39.292688   92.51        |
 ------------------------------------------------------------------------------
| Totals:                       103       1741.3955               100.00       |
 ------------------------------------------------------------------------------

Linear solver converged at step: 496, final residual: 3.32326e-12  ||u - u_old|| = 0.175547
F_norms[1]=5.74834e-07
 Nonlinear solver converged at step 1

F_norms[0]=8.25974e-05		 etas[0]=0			 n_its[0]=496
F_norms[1]=5.74834e-07		 etas[1]=0			 n_its[1]=0
 |TE|_oo = 0
 Scaling timestep by 1
--------------------------------------------------------------------------
Computing Surface fluxes...
Computing Kinetic Energy...
======= Finished time step    22 time=0.22 dt=0.01 =======


======= Starting time step    23 time=0.22 dt=0.01 =======
F_norms[0]=3.49766e-05
 ------------------------------------------------------------------------------
| Porous Media Performance: Alive time=1825.41, Active time=1785.34            |
 ------------------------------------------------------------------------------
| Event                         nCalls    Total       Avg         Percent of   |
|                                         Time        Time        Active Time  |
|------------------------------------------------------------------------------|
|                                                                              |
| assemble                      64        134.5881    2.102939    7.54         |
| assemble + linear solve       42        1650.7506   39.303585   92.46        |
 ------------------------------------------------------------------------------
| Totals:                       106       1785.3387               100.00       |
 ------------------------------------------------------------------------------

Linear solver converged at step: 475, final residual: 1.84371e-12  ||u - u_old|| = 0.0665334
F_norms[1]=7.90495e-07
 Nonlinear solver converged at step 1

F_norms[0]=3.49766e-05		 etas[0]=0			 n_its[0]=475
F_norms[1]=7.90495e-07		 etas[1]=0			 n_its[1]=0
 |TE|_oo = 0
 Scaling timestep by 1
--------------------------------------------------------------------------
Computing Surface fluxes...
Computing Kinetic Energy...
======= Finished time step    23 time=0.23 dt=0.01 =======


======= Starting time step    24 time=0.23 dt=0.01 =======
F_norms[0]=2.04357e-05
 ------------------------------------------------------------------------------
| Porous Media Performance: Alive time=1868.65, Active time=1827.29            |
 ------------------------------------------------------------------------------
| Event                         nCalls    Total       Avg         Percent of   |
|                                         Time        Time        Active Time  |
|------------------------------------------------------------------------------|
|                                                                              |
| assemble                      66        138.7876    2.102843    7.60         |
| assemble + linear solve       43        1688.5065   39.267594   92.40        |
 ------------------------------------------------------------------------------
| Totals:                       109       1827.2942               100.00       |
 ------------------------------------------------------------------------------

Linear solver converged at step: 451, final residual: 1.18526e-12  ||u - u_old|| = 0.090993
F_norms[1]=6.16153e-07
 Nonlinear solver converged at step 1

F_norms[0]=2.04357e-05		 etas[0]=0			 n_its[0]=451
F_norms[1]=6.16153e-07		 etas[1]=0			 n_its[1]=0
 |TE|_oo = 0
 Scaling timestep by 1
--------------------------------------------------------------------------
Computing Surface fluxes...
Computing Kinetic Energy...
======= Finished time step    24 time=0.24 dt=0.01 =======


======= Starting time step    25 time=0.24 dt=0.01 =======
F_norms[0]=1.66727e-05
 ------------------------------------------------------------------------------
| Porous Media Performance: Alive time=1912, Active time=1869.34               |
 ------------------------------------------------------------------------------
| Event                         nCalls    Total       Avg         Percent of   |
|                                         Time        Time        Active Time  |
|------------------------------------------------------------------------------|
|                                                                              |
| assemble                      68        142.9926    2.102832    7.65         |
| assemble + linear solve       44        1726.3425   39.235058   92.35        |
 ------------------------------------------------------------------------------
| Totals:                       112       1869.3351               100.00       |
 ------------------------------------------------------------------------------

Linear solver converged at step: 452, final residual: 7.84692e-13  ||u - u_old|| = 0.0724472
F_norms[1]=4.37829e-07
 Nonlinear solver converged at step 1

F_norms[0]=1.66727e-05		 etas[0]=0			 n_its[0]=452
F_norms[1]=4.37829e-07		 etas[1]=0			 n_its[1]=0
 |TE|_oo = 0
 Scaling timestep by 1
--------------------------------------------------------------------------
Computing Surface fluxes...
Computing Kinetic Energy...
======= Finished time step    25 time=0.25 dt=0.01 =======


======= Starting time step    26 time=0.25 dt=0.01 =======
F_norms[0]=1.13659e-05
 ------------------------------------------------------------------------------
| Porous Media Performance: Alive time=1972.77, Active time=1928.81            |
 ------------------------------------------------------------------------------
| Event                         nCalls    Total       Avg         Percent of   |
|                                         Time        Time        Active Time  |
|------------------------------------------------------------------------------|
|                                                                              |
| assemble                      70        147.2042    2.102918    7.63         |
| assemble + linear solve       45        1781.6045   39.591212   92.37        |
 ------------------------------------------------------------------------------
| Totals:                       115       1928.8088               100.00       |
 ------------------------------------------------------------------------------

Linear solver converged at step: 661, final residual: 4.17831e-12  ||u - u_old|| = 0.039918
F_norms[1]=7.8129e-07
 Nonlinear solver converged at step 1

F_norms[0]=1.13659e-05		 etas[0]=0			 n_its[0]=661
F_norms[1]=7.8129e-07		 etas[1]=0			 n_its[1]=0
 |TE|_oo = 0
 Scaling timestep by 1
--------------------------------------------------------------------------
Computing Surface fluxes...
Computing Kinetic Energy...
======= Finished time step    26 time=0.26 dt=0.01 =======


======= Starting time step    27 time=0.26 dt=0.01 =======
F_norms[0]=6.10903e-06
 Nonlinear solver converged at step 0

F_norms[0]=6.10903e-06		 etas[0]=0			 n_its[0]=0
 |TE|_oo = 0
 Scaling timestep by 1
--------------------------------------------------------------------------
Computing Surface fluxes...
Computing Kinetic Energy...
======= Finished time step    27 time=0.27 dt=0.01 =======


Steady State Reached: Terminating Simulation.
 ------------------------------------------------------------------------------
| Porous Media Performance: Alive time=1982.79, Active time=1933.02            |
 ------------------------------------------------------------------------------
| Event                         nCalls    Total       Avg         Percent of   |
|                                         Time        Time        Active Time  |
|------------------------------------------------------------------------------|
|                                                                              |
| assemble                      72        151.4155    2.102992    7.83         |
| assemble + linear solve       45        1781.6045   39.591212   92.17        |
 ------------------------------------------------------------------------------
| Totals:                       117       1933.0200               100.00       |
 ------------------------------------------------------------------------------

************************************************************************************************************************
***             WIDEN YOUR WINDOW TO 120 CHARACTERS.  Use 'enscript -r -fCourier9' to print this document            ***
************************************************************************************************************************

---------------------------------------------- PETSc Performance Summary: ----------------------------------------------

./pm on a linux named columbia9 with 1 processor, by benkirk Wed Apr 19 17:38:19 2006
Using Petsc Version 2.2.0, Patch 0, Released Feb 27, 2004

                         Max       Max/Min        Avg      Total 
Time (sec):           1.983e+03      1.00000   1.983e+03
Objects:              0.000e+00      0.00000   0.000e+00
Flops:                3.450e+11      1.00000   3.450e+11  3.450e+11
Flops/sec:            1.740e+08      1.00000   1.740e+08  1.740e+08
MPI Messages:         0.000e+00      0.00000   0.000e+00  0.000e+00
MPI Message Lengths:  0.000e+00      0.00000   0.000e+00  0.000e+00
MPI Reductions:       7.900e+01      1.00000

Flop counting convention: 1 flop = 1 real number operation of type (multiply/divide/add/subtract)
                            e.g., VecAXPY() for real vectors of length N --> 2N flops
                            and VecAXPY() for complex vectors of length N --> 8N flops

Summary of Stages:   ----- Time ------  ----- Flops -----  --- Messages ---  -- Message Lengths --  -- Reductions --
                        Avg     %Total     Avg     %Total   counts   %Total     Avg         %Total   counts   %Total 
 0:      Main Stage: 1.9834e+03 100.0%  3.4504e+11 100.0%  0.000e+00   0.0%  0.000e+00        0.0%  7.900e+01 100.0% 

------------------------------------------------------------------------------------------------------------------------
See the 'Profiling' chapter of the users' manual for details on interpreting output.
Phase summary info:
   Count: number of times phase was executed
   Time and Flops/sec: Max - maximum over all processors
                       Ratio - ratio of maximum to minimum over all processors
   Mess: number of messages sent
   Avg. len: average message length
   Reduct: number of global reductions
   Global: entire computation
   Stage: stages of a computation. Set stages with PetscLogStagePush() and PetscLogStagePop().
      %T - percent time in this phase         %F - percent flops in this phase
      %M - percent messages in this phase     %L - percent message lengths in this phase
      %R - percent reductions in this phase
   Total Mflop/s: 10e-6 * (sum of flops over all processors)/(max time over all processors)
------------------------------------------------------------------------------------------------------------------------


      ##########################################################
      #                                                        #
      #                          WARNING!!!                    #
      #                                                        #
      #   This code was run without the PreLoadBegin()         #
      #   macros. To get timing results we always recommend    #
      #   preloading. otherwise timing numbers may be          #
      #   meaningless.                                         #
      ##########################################################


Event                Count      Time (sec)     Flops/sec                         --- Global ---  --- Stage ---   Total
                   Max Ratio  Max     Ratio   Max  Ratio  Mess   Avg len Reduct  %T %F %M %L %R  %T %F %M %L %R Mflop/s
------------------------------------------------------------------------------------------------------------------------

--- Event Stage 0: Main Stage

VecDot             42735 1.0 6.1497e+00 1.0 9.49e+08 1.0 0.0e+00 0.0e+00 0.0e+00  0  2  0  0  0   0  2  0  0  0   949
VecNorm            21554 1.0 4.9037e+00 1.0 6.00e+08 1.0 0.0e+00 0.0e+00 0.0e+00  0  1  0  0  0   0  1  0  0  0   600
VecCopy              443 1.0 6.5825e-02 1.0 0.00e+00 0.0 0.0e+00 0.0e+00 0.0e+00  0  0  0  0  0   0  0  0  0  0     0
VecSet               415 1.0 5.0131e-02 1.0 0.00e+00 0.0 0.0e+00 0.0e+00 0.0e+00  0  0  0  0  0   0  0  0  0  0     0
VecAXPY            85527 1.0 1.1421e+01 1.0 1.02e+09 1.0 0.0e+00 0.0e+00 0.0e+00  1  3  0  0  0   1  3  0  0  0  1023
VecAYPX            42675 1.0 4.1868e+01 1.0 1.39e+08 1.0 0.0e+00 0.0e+00 0.0e+00  2  2  0  0  0   2  2  0  0  0   139
VecWAXPY           85326 1.0 5.0613e+01 1.0 2.02e+08 1.0 0.0e+00 0.0e+00 0.0e+00  3  3  0  0  0   3  3  0  0  0   202
VecAssemblyBegin     333 1.0 5.9414e-04 1.0 0.00e+00 0.0 0.0e+00 0.0e+00 0.0e+00  0  0  0  0  0   0  0  0  0  0     0
VecAssemblyEnd       333 1.0 3.3641e-04 1.0 0.00e+00 0.0 0.0e+00 0.0e+00 0.0e+00  0  0  0  0  0   0  0  0  0  0     0
VecScatterBegin       73 1.0 2.1453e-02 1.0 0.00e+00 0.0 0.0e+00 0.0e+00 0.0e+00  0  0  0  0  0   0  0  0  0  0     0
MatMult            42807 1.0 4.6664e+02 1.0 3.29e+08 1.0 0.0e+00 0.0e+00 0.0e+00 24 44  0  0  0  24 44  0  0  0   329
MatMultAdd            72 1.0 8.0093e-01 1.0 3.29e+08 1.0 0.0e+00 0.0e+00 0.0e+00  0  0  0  0  0   0  0  0  0  0   329
MatSolve           42807 1.0 1.1924e+03 1.0 1.29e+08 1.0 0.0e+00 0.0e+00 0.0e+00 60 44  0  0  0  60 44  0  0  0   129
MatLUFactorNum        72 1.0 8.0117e+00 1.0 1.80e+08 1.0 0.0e+00 0.0e+00 0.0e+00  0  0  0  0  0   0  0  0  0  0   180
MatILUFactorSym        2 1.0 6.9971e-02 1.0 0.00e+00 0.0 0.0e+00 0.0e+00 2.0e+00  0  0  0  0  3   0  0  0  0  3     0
MatAssemblyBegin     216 1.0 4.0865e-04 1.0 0.00e+00 0.0 0.0e+00 0.0e+00 0.0e+00  0  0  0  0  0   0  0  0  0  0     0
MatAssemblyEnd       216 1.0 1.4227e-01 1.0 0.00e+00 0.0 0.0e+00 0.0e+00 0.0e+00  0  0  0  0  0   0  0  0  0  0     0
MatGetOrdering         2 1.0 2.8708e-03 1.0 0.00e+00 0.0 0.0e+00 0.0e+00 4.0e+00  0  0  0  0  5   0  0  0  0  5     0
MatZeroEntries       103 1.0 5.2632e-01 1.0 0.00e+00 0.0 0.0e+00 0.0e+00 0.0e+00  0  0  0  0  0   0  0  0  0  0     0
KSPSetup              72 1.0 6.4485e-03 1.0 0.00e+00 0.0 0.0e+00 0.0e+00 0.0e+00  0  0  0  0  0   0  0  0  0  0     0
KSPSolve              72 1.0 1.7858e+03 1.0 1.93e+08 1.0 0.0e+00 0.0e+00 6.0e+00 90100  0  0  8  90100  0  0  8   193
PCSetUp               72 1.0 8.0897e+00 1.0 1.78e+08 1.0 0.0e+00 0.0e+00 6.0e+00  0  0  0  0  8   0  0  0  0  8   178
PCApply            42807 1.0 1.1935e+03 1.0 1.29e+08 1.0 0.0e+00 0.0e+00 0.0e+00 60 44  0  0  0  60 44  0  0  0   129
------------------------------------------------------------------------------------------------------------------------

Memory usage is given in bytes:

Object Type          Creations   Destructions   Memory  Descendants' Mem.

--- Event Stage 0: Main Stage

           Index Set    79             79   18901980     0
                 Map   198            198      50688     0
                 Vec   190            190     115520     0
         Vec Scatter    73             73   35052704     0
              Matrix     4              4   67113720     0
       Krylov Solver     2              2        304     10944
      Preconditioner     2              2        304     3.44701e+07
========================================================================================================================
Average time to get PetscTime(): 5.00679e-07
Compiled without FORTRAN kernels
Compiled with double precision matrices (default)
sizeof(short) 2 sizeof(int) 4 sizeof(long) 8 sizeof(void *) 8   
Libraries compiled on Tue Dec 13 11:13:18 PST 2005 on columbia  
Machine characteristics: Linux columbia 2.6.5-7.202.5-sn2 #1 SMP Thu Aug 25 06:20:45 UTC 2005 ia64 ia64 ia64 GNU/Linux  
Using PETSc directory: /u/benkirk/petsc-2.2.0 
Using PETSc arch: linux64_intel 
-----------------------------------------   
Using C compiler: icc -KPIC -O2 -ftz -I/u/benkirk/petsc-2.2.0 -I/u/benkirk/petsc-2.2.0/bmake/linux64_intel -I/u/benkirk/petsc-2.2.0/include   -I/opt/sgi/mpt/1.12.0.0/include                                                                                                                           -DPETSC_USE_FOR_KERNELS -DPETSC_USE_LOG -DPETSC_USE_DEBUG -DPETSC_USE_BOPT_O -DPETSC_USE_EXTERN_CXX -DMPI_NO_CPPBIND -wd1476 -D__SDIR__='. '  
C Compiler version: 
Intel(R) C Itanium(R) Compiler for Itanium(R)-based applications 
Version 9.0    Build 20051020 Package ID: l_cc_c_9.0.027 
C++ Compiler version: 
Intel(R) C Itanium(R) Compiler for Itanium(R)-based applications 
Using Fortran compiler: ifort -w -KPIC -O2 -ftz -I/u/benkirk/petsc-2.2.0 -I/u/benkirk/petsc-2.2.0/bmake/linux64_intel -I/u/benkirk/petsc-2.2.0/include   -I/opt/sgi/mpt/1.12.0.0/include                                                                                                                           -DPETSC_USE_FOR_KERNELS -DPETSC_USE_LOG -DPETSC_USE_DEBUG -DPETSC_USE_BOPT_O -DPETSC_USE_EXTERN_CXX  
Fortran Compiler version: 
Intel(R) Fortran Itanium(R) Compiler for Itanium(R)-based applications 
Version 9.0    Build 20051020 Package ID: l_fc_c_9.0.028 
-----------------------------------------   
Using PETSc flags: -DPETSC_USE_FOR_KERNELS -DPETSC_USE_LOG -DPETSC_USE_DEBUG -DPETSC_USE_BOPT_O -DPETSC_USE_EXTERN_CXX                                                                                                                        
----------------------------------------- 
Using configuration flags: 
----------------------------------------- 
Using include paths: -I/u/benkirk/petsc-2.2.0 -I/u/benkirk/petsc-2.2.0/bmake/linux64_intel -I/u/benkirk/petsc-2.2.0/include   -I/opt/sgi/mpt/1.12.0.0/include    
------------------------------------------   
Using C linker: icc -i_dynamic -O2 -ftz -Qoption,link,-rpath,/u/benkirk/petsc-2.2.0/lib/libO/linux64_intel  
Using Fortran linker: icc -i_dynamic -O2 -ftz -Qoption,link,-rpath,/u/benkirk/petsc-2.2.0/lib/libO/linux64_intel  
Using libraries: -L/u/benkirk/petsc-2.2.0/lib/libO/linux64_intel -lpetscts -lpetscsnes -lpetscksp -lpetscdm -lpetscmat -lpetscvec -lpetsc                                                                                                                                                                                                                                                                              -Wl,-rpath,/opt/sgi/scsl/1.6.1.0/lib -L/opt/sgi/scsl/1.6.1.0/lib -lscs -L/opt/sgi/mpt/1.12.0.0/lib -lmpi -lifport -lifcoremt -ldl -limf -lm -lcxa -lunwind -lpthread -lirc 
 -------------------------------------------------------------------------------

 Run completed in 1986 seconds
