
 -----------------------------------------------
| Master Host:   cfe1.nas.nasa.gov
| Working Dir:   /u/benkirk/nobackup/bmurray_code/run.columbia
| # of Procs:    48
| Case name::    pm_jwp
 -----------------------------------------------

Using input file: pm_jwp.in
Initializing EquationSystems ... 
 Mesh Information:
  mesh_dimension()=2
  spatial_dimension()=3
  n_nodes()=22801
  n_elem()=22500
   n_local_elem()=481
   n_active_elem()=22500
  n_subdomains()=1
  n_processors()=48
  processor_id()=0

 EquationSystems
  n_systems()=2
   System "Porous Media"
    Type "TransientLinearImplicit"
    Variables="p" "t" "s" 
    Finite Element Types="LAGRANGE" "LAGRANGE" "LAGRANGE" 
    Approximation Orders="FIRST" "FIRST" "FIRST" 
    n_dofs()=68403
    n_local_dofs()=1605
    n_constrained_dofs()=0
    n_vectors()=6
   System "Velocity"
    Type "TransientLinearImplicit"
    Variables="u" "v" 
    Finite Element Types="LAGRANGE" "LAGRANGE" 
    Approximation Orders="FIRST" "FIRST" 
    n_dofs()=45602
    n_local_dofs()=1070
    n_constrained_dofs()=0
    n_vectors()=3

======= Starting time step     1 time=0 dt=0.01 =======
F_norms[0]=0.115883

-------------------------------------------------------
| Processor id:   0                                    |
| Num Processors: 48                                   |
| Time:           Wed Apr 19 17:14:23 2006             |
| OS:             Linux                                |
| HostName:       columbia9                            |
| OS Release:     2.6.5-7.202.7-sn2                    |
| OS Version:     #5 SMP Thu Mar 16 17:51:36 PST 2006  |
| Machine:        ia64                                 |
| Username:       benkirk                              |
-------------------------------------------------------
 ------------------------------------------------------------------------------
| Porous Media Performance: Alive time=7.46395, Active time=0.594236           |
 ------------------------------------------------------------------------------
| Event                         nCalls    Total       Avg         Percent of   |
|                                         Time        Time        Active Time  |
|------------------------------------------------------------------------------|
|                                                                              |
| assemble                      1         0.0740      0.074014    12.46        |
| assemble + linear solve       1         0.5202      0.520222    87.54        |
 ------------------------------------------------------------------------------
| Totals:                       2         0.5942                  100.00       |
 ------------------------------------------------------------------------------

Linear solver converged at step: 425, final residual: 9.06363e-11  ||u - u_old|| = 1.30633
F_norms[1]=8.97644e-07
 Nonlinear solver converged at step 1

F_norms[0]=0.115883		 etas[0]=0			 n_its[0]=425
F_norms[1]=8.97644e-07		 etas[1]=0			 n_its[1]=0
Computing Surface fluxes...
Computing Kinetic Energy...
======= Finished time step     1 time=0.01 dt=0.01 =======


======= Starting time step     2 time=0.01 dt=0.01 =======
F_norms[0]=0.000193035
 ------------------------------------------------------------------------------
| Porous Media Performance: Alive time=8.41141, Active time=1.19542            |
 ------------------------------------------------------------------------------
| Event                         nCalls    Total       Avg         Percent of   |
|                                         Time        Time        Active Time  |
|------------------------------------------------------------------------------|
|                                                                              |
| assemble                      3         0.2033      0.067765    17.01        |
| assemble + linear solve       2         0.9921      0.496064    82.99        |
 ------------------------------------------------------------------------------
| Totals:                       5         1.1954                  100.00       |
 ------------------------------------------------------------------------------

Linear solver converged at step: 398, final residual: 4.6373e-11  ||u - u_old|| = 0.493445
F_norms[1]=1.70966e-06
 Nonlinear solver converged at step 1

F_norms[0]=0.000193035		 etas[0]=0			 n_its[0]=398
F_norms[1]=1.70966e-06		 etas[1]=0			 n_its[1]=0
Computing Surface fluxes...
Computing Kinetic Energy...
======= Finished time step     2 time=0.02 dt=0.01 =======


======= Starting time step     3 time=0.02 dt=0.01 =======
F_norms[0]=0.000403062
 ------------------------------------------------------------------------------
| Porous Media Performance: Alive time=9.37378, Active time=1.83333            |
 ------------------------------------------------------------------------------
| Event                         nCalls    Total       Avg         Percent of   |
|                                         Time        Time        Active Time  |
|------------------------------------------------------------------------------|
|                                                                              |
| assemble                      5         0.3283      0.065655    17.91        |
| assemble + linear solve       3         1.5051      0.501687    82.09        |
 ------------------------------------------------------------------------------
| Totals:                       8         1.8333                  100.00       |
 ------------------------------------------------------------------------------

Linear solver converged at step: 432, final residual: 8.9946e-11  ||u - u_old|| = 1.00519
F_norms[1]=7.0308e-06
 Nonlinear solver converged at step 1

F_norms[0]=0.000403062		 etas[0]=0			 n_its[0]=432
F_norms[1]=7.0308e-06		 etas[1]=0			 n_its[1]=0
 |TE|_oo = 0
 Scaling timestep by 1
--------------------------------------------------------------------------
Computing Surface fluxes...
Computing Kinetic Energy...
======= Finished time step     3 time=0.03 dt=0.01 =======


======= Starting time step     4 time=0.03 dt=0.01 =======
F_norms[0]=0.000846787
 ------------------------------------------------------------------------------
| Porous Media Performance: Alive time=10.3665, Active time=2.47236            |
 ------------------------------------------------------------------------------
| Event                         nCalls    Total       Avg         Percent of   |
|                                         Time        Time        Active Time  |
|------------------------------------------------------------------------------|
|                                                                              |
| assemble                      7         0.4536      0.064805    18.35        |
| assemble + linear solve       4         2.0187      0.504683    81.65        |
 ------------------------------------------------------------------------------
| Totals:                       11        2.4724                  100.00       |
 ------------------------------------------------------------------------------

Linear solver converged at step: 427, final residual: 2.077e-10  ||u - u_old|| = 2.08889
F_norms[1]=3.04994e-05
 ------------------------------------------------------------------------------
| Porous Media Performance: Alive time=11.0714, Active time=3.03343            |
 ------------------------------------------------------------------------------
| Event                         nCalls    Total       Avg         Percent of   |
|                                         Time        Time        Active Time  |
|------------------------------------------------------------------------------|
|                                                                              |
| assemble                      8         0.5166      0.064575    17.03        |
| assemble + linear solve       5         2.5168      0.503366    82.97        |
 ------------------------------------------------------------------------------
| Totals:                       13        3.0334                  100.00       |
 ------------------------------------------------------------------------------

Linear solver converged at step: 417, final residual: 7.82403e-12  ||u - u_old|| = 0.0227439
F_norms[2]=5.01149e-07
 Nonlinear solver converged at step 2

F_norms[0]=0.000846787		 etas[0]=0			 n_its[0]=427
F_norms[1]=3.04994e-05		 etas[1]=0			 n_its[1]=417
F_norms[2]=5.01149e-07		 etas[2]=0			 n_its[2]=0
 |TE|_oo = 0
 Scaling timestep by 1
--------------------------------------------------------------------------
Computing Surface fluxes...
Computing Kinetic Energy...
======= Finished time step     4 time=0.04 dt=0.01 =======


======= Starting time step     5 time=0.04 dt=0.01 =======
F_norms[0]=0.00177368
 ------------------------------------------------------------------------------
| Porous Media Performance: Alive time=11.9951, Active time=3.61226            |
 ------------------------------------------------------------------------------
| Event                         nCalls    Total       Avg         Percent of   |
|                                         Time        Time        Active Time  |
|------------------------------------------------------------------------------|
|                                                                              |
| assemble                      10        0.6403      0.064030    17.73        |
| assemble + linear solve       6         2.9720      0.495326    82.27        |
 ------------------------------------------------------------------------------
| Totals:                       16        3.6123                  100.00       |
 ------------------------------------------------------------------------------

Linear solver converged at step: 385, final residual: 4.40887e-10  ||u - u_old|| = 4.38941
F_norms[1]=0.000134666
 ------------------------------------------------------------------------------
| Porous Media Performance: Alive time=12.5772, Active time=4.1816             |
 ------------------------------------------------------------------------------
| Event                         nCalls    Total       Avg         Percent of   |
|                                         Time        Time        Active Time  |
|------------------------------------------------------------------------------|
|                                                                              |
| assemble                      11        0.7028      0.063889    16.81        |
| assemble + linear solve       7         3.4788      0.496973    83.19        |
 ------------------------------------------------------------------------------
| Totals:                       18        4.1816                  100.00       |
 ------------------------------------------------------------------------------

Linear solver converged at step: 425, final residual: 3.17857e-11  ||u - u_old|| = 0.106476
F_norms[2]=4.82099e-07
 Nonlinear solver converged at step 2

F_norms[0]=0.00177368		 etas[0]=0			 n_its[0]=385
F_norms[1]=0.000134666		 etas[1]=0			 n_its[1]=425
F_norms[2]=4.82099e-07		 etas[2]=0			 n_its[2]=0
 |TE|_oo = 0
 Scaling timestep by 1
--------------------------------------------------------------------------
Computing Surface fluxes...
Computing Kinetic Energy...
======= Finished time step     5 time=0.05 dt=0.01 =======


======= Starting time step     6 time=0.05 dt=0.01 =======
F_norms[0]=0.00373876
 ------------------------------------------------------------------------------
| Porous Media Performance: Alive time=13.4275, Active time=4.86401            |
 ------------------------------------------------------------------------------
| Event                         nCalls    Total       Avg         Percent of   |
|                                         Time        Time        Active Time  |
|------------------------------------------------------------------------------|
|                                                                              |
| assemble                      13        0.8263      0.063558    16.99        |
| assemble + linear solve       8         4.0378      0.504719    83.01        |
 ------------------------------------------------------------------------------
| Totals:                       21        4.8640                  100.00       |
 ------------------------------------------------------------------------------

Linear solver converged at step: 468, final residual: 8.06459e-10  ||u - u_old|| = 9.5746
F_norms[1]=0.000635806
 ------------------------------------------------------------------------------
| Porous Media Performance: Alive time=13.9589, Active time=5.38437            |
 ------------------------------------------------------------------------------
| Event                         nCalls    Total       Avg         Percent of   |
|                                         Time        Time        Active Time  |
|------------------------------------------------------------------------------|
|                                                                              |
| assemble                      14        0.8887      0.063476    16.50        |
| assemble + linear solve       9         4.4957      0.499523    83.50        |
 ------------------------------------------------------------------------------
| Totals:                       23        5.3844                  100.00       |
 ------------------------------------------------------------------------------

Linear solver converged at step: 385, final residual: 1.11069e-10  ||u - u_old|| = 0.626075
F_norms[2]=4.16436e-06
 Nonlinear solver converged at step 2

F_norms[0]=0.00373876		 etas[0]=0			 n_its[0]=468
F_norms[1]=0.000635806		 etas[1]=0			 n_its[1]=385
F_norms[2]=4.16436e-06		 etas[2]=0			 n_its[2]=0
 |TE|_oo = 0
 Scaling timestep by 1
--------------------------------------------------------------------------
Computing Surface fluxes...
Computing Kinetic Energy...
======= Finished time step     6 time=0.06 dt=0.01 =======


======= Starting time step     7 time=0.06 dt=0.01 =======
F_norms[0]=0.00820586
 ------------------------------------------------------------------------------
| Porous Media Performance: Alive time=14.8168, Active time=6.07285            |
 ------------------------------------------------------------------------------
| Event                         nCalls    Total       Avg         Percent of   |
|                                         Time        Time        Active Time  |
|------------------------------------------------------------------------------|
|                                                                              |
| assemble                      16        1.0121      0.063257    16.67        |
| assemble + linear solve       10        5.0607      0.506075    83.33        |
 ------------------------------------------------------------------------------
| Totals:                       26        6.0729                  100.00       |
 ------------------------------------------------------------------------------

Linear solver converged at step: 474, final residual: 1.34577e-09  ||u - u_old|| = 24.7064
F_norms[1]=0.00409304
 ------------------------------------------------------------------------------
| Porous Media Performance: Alive time=15.513, Active time=6.75738             |
 ------------------------------------------------------------------------------
| Event                         nCalls    Total       Avg         Percent of   |
|                                         Time        Time        Active Time  |
|------------------------------------------------------------------------------|
|                                                                              |
| assemble                      17        1.0744      0.063199    15.90        |
| assemble + linear solve       11        5.6830      0.516635    84.10        |
 ------------------------------------------------------------------------------
| Totals:                       28        6.7574                  100.00       |
 ------------------------------------------------------------------------------

Linear solver converged at step: 524, final residual: 1.13867e-09  ||u - u_old|| = 8.25424
F_norms[2]=0.000525253
 ------------------------------------------------------------------------------
| Porous Media Performance: Alive time=16.2588, Active time=7.49133            |
 ------------------------------------------------------------------------------
| Event                         nCalls    Total       Avg         Percent of   |
|                                         Time        Time        Active Time  |
|------------------------------------------------------------------------------|
|                                                                              |
| assemble                      18        1.1364      0.063134    15.17        |
| assemble + linear solve       12        6.3549      0.529576    84.83        |
 ------------------------------------------------------------------------------
| Totals:                       30        7.4913                  100.00       |
 ------------------------------------------------------------------------------

Linear solver converged at step: 565, final residual: 1.43204e-10  ||u - u_old|| = 0.943614
F_norms[3]=3.4478e-06
 Nonlinear solver converged at step 3

F_norms[0]=0.00820586		 etas[0]=0			 n_its[0]=474
F_norms[1]=0.00409304		 etas[1]=0			 n_its[1]=524
F_norms[2]=0.000525253		 etas[2]=0			 n_its[2]=565
F_norms[3]=3.4478e-06		 etas[3]=0			 n_its[3]=0
 |TE|_oo = 0
 Scaling timestep by 1
--------------------------------------------------------------------------
Computing Surface fluxes...
Computing Kinetic Energy...
======= Finished time step     7 time=0.07 dt=0.01 =======


======= Starting time step     8 time=0.07 dt=0.01 =======
F_norms[0]=0.0228168
 ------------------------------------------------------------------------------
| Porous Media Performance: Alive time=17.237, Active time=8.2974              |
 ------------------------------------------------------------------------------
| Event                         nCalls    Total       Avg         Percent of   |
|                                         Time        Time        Active Time  |
|------------------------------------------------------------------------------|
|                                                                              |
| assemble                      20        1.2601      0.063003    15.19        |
| assemble + linear solve       13        7.0373      0.541334    84.81        |
 ------------------------------------------------------------------------------
| Totals:                       33        8.2974                  100.00       |
 ------------------------------------------------------------------------------

Linear solver converged at step: 576, final residual: 4.52178e-09  ||u - u_old|| = 162.471
F_norms[1]=0.133019
 ------------------------------------------------------------------------------
| Porous Media Performance: Alive time=18.1024, Active time=9.14953            |
 ------------------------------------------------------------------------------
| Event                         nCalls    Total       Avg         Percent of   |
|                                         Time        Time        Active Time  |
|------------------------------------------------------------------------------|
|                                                                              |
| assemble                      21        1.3224      0.062974    14.45        |
| assemble + linear solve       14        7.8271      0.559077    85.55        |
 ------------------------------------------------------------------------------
| Totals:                       35        9.1495                  100.00       |
 ------------------------------------------------------------------------------

Linear solver converged at step: 661, final residual: 6.89749e-05  ||u - u_old|| = 75.7909
F_norms[2]=0.0215893
 ------------------------------------------------------------------------------
| Porous Media Performance: Alive time=18.9597, Active time=9.99573            |
 ------------------------------------------------------------------------------
| Event                         nCalls    Total       Avg         Percent of   |
|                                         Time        Time        Active Time  |
|------------------------------------------------------------------------------|
|                                                                              |
| assemble                      22        1.3849      0.062952    13.86        |
| assemble + linear solve       15        8.6108      0.574053    86.14        |
 ------------------------------------------------------------------------------
| Totals:                       37        9.9957                  100.00       |
 ------------------------------------------------------------------------------

Linear solver converged at step: 661, final residual: 6.44396e-06  ||u - u_old|| = 42.5937
F_norms[3]=0.00211933
 ------------------------------------------------------------------------------
| Porous Media Performance: Alive time=19.8131, Active time=10.837             |
 ------------------------------------------------------------------------------
| Event                         nCalls    Total       Avg         Percent of   |
|                                         Time        Time        Active Time  |
|------------------------------------------------------------------------------|
|                                                                              |
| assemble                      23        1.4474      0.062931    13.36        |
| assemble + linear solve       16        9.3896      0.586852    86.64        |
 ------------------------------------------------------------------------------
| Totals:                       39        10.8370                 100.00       |
 ------------------------------------------------------------------------------

Linear solver converged at step: 661, final residual: 4.72047e-09  ||u - u_old|| = 4.05067
F_norms[4]=3.49858e-05
 ------------------------------------------------------------------------------
| Porous Media Performance: Alive time=20.6673, Active time=11.6798            |
 ------------------------------------------------------------------------------
| Event                         nCalls    Total       Avg         Percent of   |
|                                         Time        Time        Active Time  |
|------------------------------------------------------------------------------|
|                                                                              |
| assemble                      24        1.5100      0.062917    12.93        |
| assemble + linear solve       17        10.1698     0.598226    87.07        |
 ------------------------------------------------------------------------------
| Totals:                       41        11.6798                 100.00       |
 ------------------------------------------------------------------------------

Linear solver converged at step: 661, final residual: 3.08948e-10  ||u - u_old|| = 0.0482586
F_norms[5]=5.26221e-07
 Nonlinear solver converged at step 5

F_norms[0]=0.0228168		 etas[0]=0			 n_its[0]=576
F_norms[1]=0.133019		 etas[1]=0			 n_its[1]=661
F_norms[2]=0.0215893		 etas[2]=0			 n_its[2]=661
F_norms[3]=0.00211933		 etas[3]=0			 n_its[3]=661
F_norms[4]=3.49858e-05		 etas[4]=0			 n_its[4]=661
F_norms[5]=5.26221e-07		 etas[5]=0			 n_its[5]=0
 |TE|_oo = 0
 Scaling timestep by 1
--------------------------------------------------------------------------
Computing Surface fluxes...
Computing Kinetic Energy...
======= Finished time step     8 time=0.08 dt=0.01 =======


======= Starting time step     9 time=0.08 dt=0.01 =======
F_norms[0]=0.0632963
 ------------------------------------------------------------------------------
| Porous Media Performance: Alive time=21.7386, Active time=12.5819            |
 ------------------------------------------------------------------------------
| Event                         nCalls    Total       Avg         Percent of   |
|                                         Time        Time        Active Time  |
|------------------------------------------------------------------------------|
|                                                                              |
| assemble                      26        1.6354      0.062900    13.00        |
| assemble + linear solve       18        10.9465     0.608138    87.00        |
 ------------------------------------------------------------------------------
| Totals:                       44        12.5819                 100.00       |
 ------------------------------------------------------------------------------

Linear solver converged at step: 661, final residual: 3.38541e-05  ||u - u_old|| = 487.508
F_norms[1]=0.134383
 ------------------------------------------------------------------------------
| Porous Media Performance: Alive time=22.5901, Active time=13.4204            |
 ------------------------------------------------------------------------------
| Event                         nCalls    Total       Avg         Percent of   |
|                                         Time        Time        Active Time  |
|------------------------------------------------------------------------------|
|                                                                              |
| assemble                      27        1.6977      0.062878    12.65        |
| assemble + linear solve       19        11.7226     0.616981    87.35        |
 ------------------------------------------------------------------------------
| Totals:                       46        13.4204                 100.00       |
 ------------------------------------------------------------------------------

Linear solver converged at step: 661, final residual: 1.63294e-06  ||u - u_old|| = 143.135
F_norms[2]=0.0227346
 ------------------------------------------------------------------------------
| Porous Media Performance: Alive time=23.439, Active time=14.2583             |
 ------------------------------------------------------------------------------
| Event                         nCalls    Total       Avg         Percent of   |
|                                         Time        Time        Active Time  |
|------------------------------------------------------------------------------|
|                                                                              |
| assemble                      28        1.7602      0.062865    12.35        |
| assemble + linear solve       20        12.4980     0.624902    87.65        |
 ------------------------------------------------------------------------------
| Totals:                       48        14.2583                 100.00       |
 ------------------------------------------------------------------------------

Linear solver converged at step: 661, final residual: 1.26799e-08  ||u - u_old|| = 17.8377
F_norms[3]=0.000998783
 ------------------------------------------------------------------------------
| Porous Media Performance: Alive time=24.2729, Active time=15.0795            |
 ------------------------------------------------------------------------------
| Event                         nCalls    Total       Avg         Percent of   |
|                                         Time        Time        Active Time  |
|------------------------------------------------------------------------------|
|                                                                              |
| assemble                      29        1.8231      0.062864    12.09        |
| assemble + linear solve       21        13.2564     0.631258    87.91        |
 ------------------------------------------------------------------------------
| Totals:                       50        15.0795                 100.00       |
 ------------------------------------------------------------------------------

Linear solver converged at step: 644, final residual: 1.99443e-10  ||u - u_old|| = 0.522468
F_norms[4]=1.51733e-06
 Nonlinear solver converged at step 4

F_norms[0]=0.0632963		 etas[0]=0			 n_its[0]=661
F_norms[1]=0.134383		 etas[1]=0			 n_its[1]=661
F_norms[2]=0.0227346		 etas[2]=0			 n_its[2]=661
F_norms[3]=0.000998783		 etas[3]=0			 n_its[3]=644
F_norms[4]=1.51733e-06		 etas[4]=0			 n_its[4]=0
 |TE|_oo = 0
 Scaling timestep by 1
--------------------------------------------------------------------------
Computing Surface fluxes...
Computing Kinetic Energy...
======= Finished time step     9 time=0.09 dt=0.01 =======


======= Starting time step    10 time=0.09 dt=0.01 =======
F_norms[0]=0.0642621
 ------------------------------------------------------------------------------
| Porous Media Performance: Alive time=25.3468, Active time=15.9815            |
 ------------------------------------------------------------------------------
| Event                         nCalls    Total       Avg         Percent of   |
|                                         Time        Time        Active Time  |
|------------------------------------------------------------------------------|
|                                                                              |
| assemble                      31        1.9469      0.062803    12.18        |
| assemble + linear solve       22        14.0346     0.637936    87.82        |
 ------------------------------------------------------------------------------
| Totals:                       53        15.9815                 100.00       |
 ------------------------------------------------------------------------------

Linear solver converged at step: 661, final residual: 4.61718e-07  ||u - u_old|| = 259.933
F_norms[1]=0.00972693
 ------------------------------------------------------------------------------
| Porous Media Performance: Alive time=26.2018, Active time=16.8251            |
 ------------------------------------------------------------------------------
| Event                         nCalls    Total       Avg         Percent of   |
|                                         Time        Time        Active Time  |
|------------------------------------------------------------------------------|
|                                                                              |
| assemble                      32        2.0092      0.062786    11.94        |
| assemble + linear solve       23        14.8159     0.644170    88.06        |
 ------------------------------------------------------------------------------
| Totals:                       55        16.8251                 100.00       |
 ------------------------------------------------------------------------------

Linear solver converged at step: 661, final residual: 1.81521e-08  ||u - u_old|| = 9.46915
F_norms[2]=0.000147434
 ------------------------------------------------------------------------------
| Porous Media Performance: Alive time=27.0149, Active time=17.6254            |
 ------------------------------------------------------------------------------
| Event                         nCalls    Total       Avg         Percent of   |
|                                         Time        Time        Active Time  |
|------------------------------------------------------------------------------|
|                                                                              |
| assemble                      33        2.0720      0.062789    11.76        |
| assemble + linear solve       24        15.5534     0.648057    88.24        |
 ------------------------------------------------------------------------------
| Totals:                       57        17.6254                 100.00       |
 ------------------------------------------------------------------------------

Linear solver converged at step: 629, final residual: 2.27016e-11  ||u - u_old|| = 0.0373997
F_norms[3]=4.11359e-07
 Nonlinear solver converged at step 3

F_norms[0]=0.0642621		 etas[0]=0			 n_its[0]=661
F_norms[1]=0.00972693		 etas[1]=0			 n_its[1]=661
F_norms[2]=0.000147434		 etas[2]=0			 n_its[2]=629
F_norms[3]=4.11359e-07		 etas[3]=0			 n_its[3]=0
 |TE|_oo = 0
 Scaling timestep by 1
--------------------------------------------------------------------------
Computing Surface fluxes...
Computing Kinetic Energy...
======= Finished time step    10 time=0.1 dt=0.01 =======


======= Starting time step    11 time=0.1 dt=0.01 =======
F_norms[0]=0.0385357
 ------------------------------------------------------------------------------
| Porous Media Performance: Alive time=31.1429, Active time=18.5333            |
 ------------------------------------------------------------------------------
| Event                         nCalls    Total       Avg         Percent of   |
|                                         Time        Time        Active Time  |
|------------------------------------------------------------------------------|
|                                                                              |
| assemble                      35        2.2007      0.062876    11.87        |
| assemble + linear solve       25        16.3326     0.653305    88.13        |
 ------------------------------------------------------------------------------
| Totals:                       60        18.5333                 100.00       |
 ------------------------------------------------------------------------------

Linear solver converged at step: 661, final residual: 1.31117e-07  ||u - u_old|| = 103.374
F_norms[1]=0.00163602
 ------------------------------------------------------------------------------
| Porous Media Performance: Alive time=31.9887, Active time=19.3656            |
 ------------------------------------------------------------------------------
| Event                         nCalls    Total       Avg         Percent of   |
|                                         Time        Time        Active Time  |
|------------------------------------------------------------------------------|
|                                                                              |
| assemble                      36        2.2655      0.062931    11.70        |
| assemble + linear solve       26        17.1001     0.657697    88.30        |
 ------------------------------------------------------------------------------
| Totals:                       62        19.3656                 100.00       |
 ------------------------------------------------------------------------------

Linear solver converged at step: 654, final residual: 1.53592e-10  ||u - u_old|| = 5.0054
F_norms[2]=5.16442e-06
 Nonlinear solver converged at step 2

F_norms[0]=0.0385357		 etas[0]=0			 n_its[0]=661
F_norms[1]=0.00163602		 etas[1]=0			 n_its[1]=654
F_norms[2]=5.16442e-06		 etas[2]=0			 n_its[2]=0
 |TE|_oo = 0
 Scaling timestep by 1
--------------------------------------------------------------------------
Computing Surface fluxes...
Computing Kinetic Energy...
======= Finished time step    11 time=0.11 dt=0.01 =======


======= Starting time step    12 time=0.11 dt=0.01 =======
F_norms[0]=0.0169112
 ------------------------------------------------------------------------------
| Porous Media Performance: Alive time=33.0671, Active time=20.2741            |
 ------------------------------------------------------------------------------
| Event                         nCalls    Total       Avg         Percent of   |
|                                         Time        Time        Active Time  |
|------------------------------------------------------------------------------|
|                                                                              |
| assemble                      38        2.3901      0.062899    11.79        |
| assemble + linear solve       27        17.8839     0.662368    88.21        |
 ------------------------------------------------------------------------------
| Totals:                       65        20.2741                 100.00       |
 ------------------------------------------------------------------------------

Linear solver converged at step: 661, final residual: 8.90022e-09  ||u - u_old|| = 24.9956
F_norms[1]=0.000553013
 ------------------------------------------------------------------------------
| Porous Media Performance: Alive time=33.9178, Active time=21.1132            |
 ------------------------------------------------------------------------------
| Event                         nCalls    Total       Avg         Percent of   |
|                                         Time        Time        Active Time  |
|------------------------------------------------------------------------------|
|                                                                              |
| assemble                      39        2.4527      0.062891    11.62        |
| assemble + linear solve       28        18.6605     0.666445    88.38        |
 ------------------------------------------------------------------------------
| Totals:                       67        21.1132                 100.00       |
 ------------------------------------------------------------------------------

Linear solver converged at step: 661, final residual: 1.27488e-10  ||u - u_old|| = 1.6821
F_norms[2]=6.88529e-07
 Nonlinear solver converged at step 2

F_norms[0]=0.0169112		 etas[0]=0			 n_its[0]=661
F_norms[1]=0.000553013		 etas[1]=0			 n_its[1]=661
F_norms[2]=6.88529e-07		 etas[2]=0			 n_its[2]=0
 |TE|_oo = 0
 Scaling timestep by 1
--------------------------------------------------------------------------
Computing Surface fluxes...
Computing Kinetic Energy...
======= Finished time step    12 time=0.12 dt=0.01 =======


======= Starting time step    13 time=0.12 dt=0.01 =======
F_norms[0]=0.00699038
 ------------------------------------------------------------------------------
| Porous Media Performance: Alive time=34.9876, Active time=22.0157            |
 ------------------------------------------------------------------------------
| Event                         nCalls    Total       Avg         Percent of   |
|                                         Time        Time        Active Time  |
|------------------------------------------------------------------------------|
|                                                                              |
| assemble                      41        2.5768      0.062849    11.70        |
| assemble + linear solve       29        19.4389     0.670306    88.30        |
 ------------------------------------------------------------------------------
| Totals:                       70        22.0157                 100.00       |
 ------------------------------------------------------------------------------

Linear solver converged at step: 661, final residual: 4.00329e-08  ||u - u_old|| = 20.1852
F_norms[1]=0.000208491
 ------------------------------------------------------------------------------
| Porous Media Performance: Alive time=35.7961, Active time=22.813             |
 ------------------------------------------------------------------------------
| Event                         nCalls    Total       Avg         Percent of   |
|                                         Time        Time        Active Time  |
|------------------------------------------------------------------------------|
|                                                                              |
| assemble                      42        2.6392      0.062839    11.57        |
| assemble + linear solve       30        20.1737     0.672458    88.43        |
 ------------------------------------------------------------------------------
| Totals:                       72        22.8130                 100.00       |
 ------------------------------------------------------------------------------

Linear solver converged at step: 623, final residual: 1.90549e-11  ||u - u_old|| = 0.257432
F_norms[2]=7.4901e-07
 Nonlinear solver converged at step 2

F_norms[0]=0.00699038		 etas[0]=0			 n_its[0]=661
F_norms[1]=0.000208491		 etas[1]=0			 n_its[1]=623
F_norms[2]=7.4901e-07		 etas[2]=0			 n_its[2]=0
 |TE|_oo = 0
 Scaling timestep by 1
--------------------------------------------------------------------------
Computing Surface fluxes...
Computing Kinetic Energy...
======= Finished time step    13 time=0.13 dt=0.01 =======


======= Starting time step    14 time=0.13 dt=0.01 =======
F_norms[0]=0.0047973
 ------------------------------------------------------------------------------
| Porous Media Performance: Alive time=36.8658, Active time=23.712             |
 ------------------------------------------------------------------------------
| Event                         nCalls    Total       Avg         Percent of   |
|                                         Time        Time        Active Time  |
|------------------------------------------------------------------------------|
|                                                                              |
| assemble                      44        2.7625      0.062784    11.65        |
| assemble + linear solve       31        20.9495     0.675791    88.35        |
 ------------------------------------------------------------------------------
| Totals:                       75        23.7120                 100.00       |
 ------------------------------------------------------------------------------

Linear solver converged at step: 659, final residual: 1.66815e-10  ||u - u_old|| = 21.5864
F_norms[1]=7.14576e-05
 ------------------------------------------------------------------------------
| Porous Media Performance: Alive time=37.7074, Active time=24.5424            |
 ------------------------------------------------------------------------------
| Event                         nCalls    Total       Avg         Percent of   |
|                                         Time        Time        Active Time  |
|------------------------------------------------------------------------------|
|                                                                              |
| assemble                      45        2.8247      0.062772    11.51        |
| assemble + linear solve       32        21.7177     0.678678    88.49        |
 ------------------------------------------------------------------------------
| Totals:                       77        24.5424                 100.00       |
 ------------------------------------------------------------------------------

Linear solver converged at step: 654, final residual: 4.47656e-12  ||u - u_old|| = 0.161828
F_norms[2]=1.1272e-06
 Nonlinear solver converged at step 2

F_norms[0]=0.0047973		 etas[0]=0			 n_its[0]=659
F_norms[1]=7.14576e-05		 etas[1]=0			 n_its[1]=654
F_norms[2]=1.1272e-06		 etas[2]=0			 n_its[2]=0
 |TE|_oo = 0
 Scaling timestep by 1
--------------------------------------------------------------------------
Computing Surface fluxes...
Computing Kinetic Energy...
======= Finished time step    14 time=0.14 dt=0.01 =======


======= Starting time step    15 time=0.14 dt=0.01 =======
F_norms[0]=0.00366487
 ------------------------------------------------------------------------------
| Porous Media Performance: Alive time=38.7788, Active time=25.4434            |
 ------------------------------------------------------------------------------
| Event                         nCalls    Total       Avg         Percent of   |
|                                         Time        Time        Active Time  |
|------------------------------------------------------------------------------|
|                                                                              |
| assemble                      47        2.9478      0.062719    11.59        |
| assemble + linear solve       33        22.4956     0.681685    88.41        |
 ------------------------------------------------------------------------------
| Totals:                       80        25.4434                 100.00       |
 ------------------------------------------------------------------------------

Linear solver converged at step: 661, final residual: 3.04162e-09  ||u - u_old|| = 14.7991
F_norms[1]=1.75941e-05
 ------------------------------------------------------------------------------
| Porous Media Performance: Alive time=39.6035, Active time=26.2567            |
 ------------------------------------------------------------------------------
| Event                         nCalls    Total       Avg         Percent of   |
|                                         Time        Time        Active Time  |
|------------------------------------------------------------------------------|
|                                                                              |
| assemble                      48        3.0100      0.062709    11.46        |
| assemble + linear solve       34        23.2467     0.683725    88.54        |
 ------------------------------------------------------------------------------
| Totals:                       82        26.2567                 100.00       |
 ------------------------------------------------------------------------------

Linear solver converged at step: 639, final residual: 1.9737e-12  ||u - u_old|| = 0.0269741
F_norms[2]=3.85779e-07
 Nonlinear solver converged at step 2

F_norms[0]=0.00366487		 etas[0]=0			 n_its[0]=661
F_norms[1]=1.75941e-05		 etas[1]=0			 n_its[1]=639
F_norms[2]=3.85779e-07		 etas[2]=0			 n_its[2]=0
 |TE|_oo = 0
 Scaling timestep by 1
--------------------------------------------------------------------------
Computing Surface fluxes...
Computing Kinetic Energy...
======= Finished time step    15 time=0.15 dt=0.01 =======


======= Starting time step    16 time=0.15 dt=0.01 =======
F_norms[0]=0.00226919
 ------------------------------------------------------------------------------
| Porous Media Performance: Alive time=40.6672, Active time=27.1568            |
 ------------------------------------------------------------------------------
| Event                         nCalls    Total       Avg         Percent of   |
|                                         Time        Time        Active Time  |
|------------------------------------------------------------------------------|
|                                                                              |
| assemble                      50        3.1331      0.062662    11.54        |
| assemble + linear solve       35        24.0237     0.686391    88.46        |
 ------------------------------------------------------------------------------
| Totals:                       85        27.1568                 100.00       |
 ------------------------------------------------------------------------------

Linear solver converged at step: 661, final residual: 5.56652e-10  ||u - u_old|| = 7.14356
F_norms[1]=5.23583e-06
 Nonlinear solver converged at step 1

F_norms[0]=0.00226919		 etas[0]=0			 n_its[0]=661
F_norms[1]=5.23583e-06		 etas[1]=0			 n_its[1]=0
 |TE|_oo = 0
 Scaling timestep by 1
--------------------------------------------------------------------------
Computing Surface fluxes...
Computing Kinetic Energy...
======= Finished time step    16 time=0.16 dt=0.01 =======


======= Starting time step    17 time=0.16 dt=0.01 =======
F_norms[0]=0.00111094
 ------------------------------------------------------------------------------
| Porous Media Performance: Alive time=41.74, Active time=28.0635              |
 ------------------------------------------------------------------------------
| Event                         nCalls    Total       Avg         Percent of   |
|                                         Time        Time        Active Time  |
|------------------------------------------------------------------------------|
|                                                                              |
| assemble                      52        3.2560      0.062616    11.60        |
| assemble + linear solve       36        24.8075     0.689097    88.40        |
 ------------------------------------------------------------------------------
| Totals:                       88        28.0635                 100.00       |
 ------------------------------------------------------------------------------

Linear solver converged at step: 661, final residual: 2.71926e-10  ||u - u_old|| = 2.09369
F_norms[1]=2.67081e-06
 Nonlinear solver converged at step 1

F_norms[0]=0.00111094		 etas[0]=0			 n_its[0]=661
F_norms[1]=2.67081e-06		 etas[1]=0			 n_its[1]=0
 |TE|_oo = 0
 Scaling timestep by 1
--------------------------------------------------------------------------
Computing Surface fluxes...
Computing Kinetic Energy...
======= Finished time step    17 time=0.17 dt=0.01 =======


======= Starting time step    18 time=0.17 dt=0.01 =======
F_norms[0]=0.000473687
 ------------------------------------------------------------------------------
| Porous Media Performance: Alive time=42.8136, Active time=28.9639            |
 ------------------------------------------------------------------------------
| Event                         nCalls    Total       Avg         Percent of   |
|                                         Time        Time        Active Time  |
|------------------------------------------------------------------------------|
|                                                                              |
| assemble                      54        3.3791      0.062575    11.67        |
| assemble + linear solve       37        25.5848     0.691482    88.33        |
 ------------------------------------------------------------------------------
| Totals:                       91        28.9639                 100.00       |
 ------------------------------------------------------------------------------

Linear solver converged at step: 661, final residual: 1.56377e-10  ||u - u_old|| = 1.14372
F_norms[1]=1.17377e-06
 Nonlinear solver converged at step 1

F_norms[0]=0.000473687		 etas[0]=0			 n_its[0]=661
F_norms[1]=1.17377e-06		 etas[1]=0			 n_its[1]=0
 |TE|_oo = 0
 Scaling timestep by 1
--------------------------------------------------------------------------
Computing Surface fluxes...
Computing Kinetic Energy...
======= Finished time step    18 time=0.18 dt=0.01 =======


======= Starting time step    19 time=0.18 dt=0.01 =======
F_norms[0]=0.000308583
 ------------------------------------------------------------------------------
| Porous Media Performance: Alive time=43.8805, Active time=29.8664            |
 ------------------------------------------------------------------------------
| Event                         nCalls    Total       Avg         Percent of   |
|                                         Time        Time        Active Time  |
|------------------------------------------------------------------------------|
|                                                                              |
| assemble                      56        3.5019      0.062535    11.73        |
| assemble + linear solve       38        26.3645     0.693802    88.27        |
 ------------------------------------------------------------------------------
| Totals:                       94        29.8664                 100.00       |
 ------------------------------------------------------------------------------

Linear solver converged at step: 661, final residual: 3.3181e-11  ||u - u_old|| = 1.42045
F_norms[1]=9.74743e-07
 Nonlinear solver converged at step 1

F_norms[0]=0.000308583		 etas[0]=0			 n_its[0]=661
F_norms[1]=9.74743e-07		 etas[1]=0			 n_its[1]=0
 |TE|_oo = 0
 Scaling timestep by 1
--------------------------------------------------------------------------
Computing Surface fluxes...
Computing Kinetic Energy...
======= Finished time step    19 time=0.19 dt=0.01 =======


======= Starting time step    20 time=0.19 dt=0.01 =======
F_norms[0]=0.000248864
 ------------------------------------------------------------------------------
| Porous Media Performance: Alive time=44.9473, Active time=30.765             |
 ------------------------------------------------------------------------------
| Event                         nCalls    Total       Avg         Percent of   |
|                                         Time        Time        Active Time  |
|------------------------------------------------------------------------------|
|                                                                              |
| assemble                      58        3.6250      0.062499    11.78        |
| assemble + linear solve       39        27.1400     0.695898    88.22        |
 ------------------------------------------------------------------------------
| Totals:                       97        30.7650                 100.00       |
 ------------------------------------------------------------------------------

Linear solver converged at step: 661, final residual: 9.80585e-11  ||u - u_old|| = 1.04866
F_norms[1]=1.17409e-06
 Nonlinear solver converged at step 1

F_norms[0]=0.000248864		 etas[0]=0			 n_its[0]=661
F_norms[1]=1.17409e-06		 etas[1]=0			 n_its[1]=0
 |TE|_oo = 0
 Scaling timestep by 1
--------------------------------------------------------------------------
Computing Surface fluxes...
Computing Kinetic Energy...
======= Finished time step    20 time=0.2 dt=0.01 =======


======= Starting time step    21 time=0.2 dt=0.01 =======
F_norms[0]=0.000162211
 ------------------------------------------------------------------------------
| Porous Media Performance: Alive time=49.1408, Active time=31.672             |
 ------------------------------------------------------------------------------
| Event                         nCalls    Total       Avg         Percent of   |
|                                         Time        Time        Active Time  |
|------------------------------------------------------------------------------|
|                                                                              |
| assemble                      60        3.7528      0.062546    11.85        |
| assemble + linear solve       40        27.9192     0.697981    88.15        |
 ------------------------------------------------------------------------------
| Totals:                       100       31.6720                 100.00       |
 ------------------------------------------------------------------------------

Linear solver converged at step: 661, final residual: 8.91396e-10  ||u - u_old|| = 0.539041
F_norms[1]=7.75956e-07
 Nonlinear solver converged at step 1

F_norms[0]=0.000162211		 etas[0]=0			 n_its[0]=661
F_norms[1]=7.75956e-07		 etas[1]=0			 n_its[1]=0
 |TE|_oo = 0
 Scaling timestep by 1
--------------------------------------------------------------------------
Computing Surface fluxes...
Computing Kinetic Energy...
======= Finished time step    21 time=0.21 dt=0.01 =======


======= Starting time step    22 time=0.21 dt=0.01 =======
F_norms[0]=8.25961e-05
 ------------------------------------------------------------------------------
| Porous Media Performance: Alive time=50.2219, Active time=32.5769            |
 ------------------------------------------------------------------------------
| Event                         nCalls    Total       Avg         Percent of   |
|                                         Time        Time        Active Time  |
|------------------------------------------------------------------------------|
|                                                                              |
| assemble                      62        3.8782      0.062552    11.90        |
| assemble + linear solve       41        28.6987     0.699969    88.10        |
 ------------------------------------------------------------------------------
| Totals:                       103       32.5769                 100.00       |
 ------------------------------------------------------------------------------

Linear solver converged at step: 661, final residual: 2.8011e-11  ||u - u_old|| = 0.175714
F_norms[1]=8.49555e-07
 Nonlinear solver converged at step 1

F_norms[0]=8.25961e-05		 etas[0]=0			 n_its[0]=661
F_norms[1]=8.49555e-07		 etas[1]=0			 n_its[1]=0
 |TE|_oo = 0
 Scaling timestep by 1
--------------------------------------------------------------------------
Computing Surface fluxes...
Computing Kinetic Energy...
======= Finished time step    22 time=0.22 dt=0.01 =======


======= Starting time step    23 time=0.22 dt=0.01 =======
F_norms[0]=3.49831e-05
 ------------------------------------------------------------------------------
| Porous Media Performance: Alive time=51.311, Active time=33.4957             |
 ------------------------------------------------------------------------------
| Event                         nCalls    Total       Avg         Percent of   |
|                                         Time        Time        Active Time  |
|------------------------------------------------------------------------------|
|                                                                              |
| assemble                      64        4.0017      0.062527    11.95        |
| assemble + linear solve       42        29.4940     0.702238    88.05        |
 ------------------------------------------------------------------------------
| Totals:                       106       33.4957                 100.00       |
 ------------------------------------------------------------------------------

Linear solver converged at step: 661, final residual: 1.43014e-10  ||u - u_old|| = 0.0665594
F_norms[1]=7.22539e-07
 Nonlinear solver converged at step 1

F_norms[0]=3.49831e-05		 etas[0]=0			 n_its[0]=661
F_norms[1]=7.22539e-07		 etas[1]=0			 n_its[1]=0
 |TE|_oo = 0
 Scaling timestep by 1
--------------------------------------------------------------------------
Computing Surface fluxes...
Computing Kinetic Energy...
======= Finished time step    23 time=0.23 dt=0.01 =======


======= Starting time step    24 time=0.23 dt=0.01 =======
F_norms[0]=2.04327e-05
 ------------------------------------------------------------------------------
| Porous Media Performance: Alive time=52.3913, Active time=34.4039            |
 ------------------------------------------------------------------------------
| Event                         nCalls    Total       Avg         Percent of   |
|                                         Time        Time        Active Time  |
|------------------------------------------------------------------------------|
|                                                                              |
| assemble                      66        4.1249      0.062498    11.99        |
| assemble + linear solve       43        30.2790     0.704163    88.01        |
 ------------------------------------------------------------------------------
| Totals:                       109       34.4039                 100.00       |
 ------------------------------------------------------------------------------

Linear solver converged at step: 659, final residual: 6.89979e-13  ||u - u_old|| = 0.0911011
F_norms[1]=8.41687e-07
 Nonlinear solver converged at step 1

F_norms[0]=2.04327e-05		 etas[0]=0			 n_its[0]=659
F_norms[1]=8.41687e-07		 etas[1]=0			 n_its[1]=0
 |TE|_oo = 0
 Scaling timestep by 1
--------------------------------------------------------------------------
Computing Surface fluxes...
Computing Kinetic Energy...
======= Finished time step    24 time=0.24 dt=0.01 =======


======= Starting time step    25 time=0.24 dt=0.01 =======
F_norms[0]=1.66833e-05
 ------------------------------------------------------------------------------
| Porous Media Performance: Alive time=53.4825, Active time=35.3163            |
 ------------------------------------------------------------------------------
| Event                         nCalls    Total       Avg         Percent of   |
|                                         Time        Time        Active Time  |
|------------------------------------------------------------------------------|
|                                                                              |
| assemble                      68        4.2486      0.062479    12.03        |
| assemble + linear solve       44        31.0677     0.706084    87.97        |
 ------------------------------------------------------------------------------
| Totals:                       112       35.3163                 100.00       |
 ------------------------------------------------------------------------------

Linear solver converged at step: 661, final residual: 2.19733e-11  ||u - u_old|| = 0.0725386
F_norms[1]=6.39514e-07
 Nonlinear solver converged at step 1

F_norms[0]=1.66833e-05		 etas[0]=0			 n_its[0]=661
F_norms[1]=6.39514e-07		 etas[1]=0			 n_its[1]=0
 |TE|_oo = 0
 Scaling timestep by 1
--------------------------------------------------------------------------
Computing Surface fluxes...
Computing Kinetic Energy...
======= Finished time step    25 time=0.25 dt=0.01 =======


======= Starting time step    26 time=0.25 dt=0.01 =======
F_norms[0]=1.13767e-05
 ------------------------------------------------------------------------------
| Porous Media Performance: Alive time=54.5696, Active time=36.2292            |
 ------------------------------------------------------------------------------
| Event                         nCalls    Total       Avg         Percent of   |
|                                         Time        Time        Active Time  |
|------------------------------------------------------------------------------|
|                                                                              |
| assemble                      70        4.3721      0.062459    12.07        |
| assemble + linear solve       45        31.8571     0.707936    87.93        |
 ------------------------------------------------------------------------------
| Totals:                       115       36.2292                 100.00       |
 ------------------------------------------------------------------------------

Linear solver converged at step: 661, final residual: 5.56396e-12  ||u - u_old|| = 0.0399672
F_norms[1]=7.90376e-07
 Nonlinear solver converged at step 1

F_norms[0]=1.13767e-05		 etas[0]=0			 n_its[0]=661
F_norms[1]=7.90376e-07		 etas[1]=0			 n_its[1]=0
 |TE|_oo = 0
 Scaling timestep by 1
--------------------------------------------------------------------------
Computing Surface fluxes...
Computing Kinetic Energy...
======= Finished time step    26 time=0.26 dt=0.01 =======


======= Starting time step    27 time=0.26 dt=0.01 =======
F_norms[0]=6.11018e-06
 Nonlinear solver converged at step 0

F_norms[0]=6.11018e-06		 etas[0]=0			 n_its[0]=0
 |TE|_oo = 0
 Scaling timestep by 1
--------------------------------------------------------------------------
Computing Surface fluxes...
Computing Kinetic Energy...
======= Finished time step    27 time=0.27 dt=0.01 =======


Steady State Reached: Terminating Simulation.
 ------------------------------------------------------------------------------
| Porous Media Performance: Alive time=58.0175, Active time=36.3564            |
 ------------------------------------------------------------------------------
| Event                         nCalls    Total       Avg         Percent of   |
|                                         Time        Time        Active Time  |
|------------------------------------------------------------------------------|
|                                                                              |
| assemble                      72        4.4993      0.062490    12.38        |
| assemble + linear solve       45        31.8571     0.707936    87.62        |
 ------------------------------------------------------------------------------
| Totals:                       117       36.3564                 100.00       |
 ------------------------------------------------------------------------------

************************************************************************************************************************
***             WIDEN YOUR WINDOW TO 120 CHARACTERS.  Use 'enscript -r -fCourier9' to print this document            ***
************************************************************************************************************************

---------------------------------------------- PETSc Performance Summary: ----------------------------------------------

./pm on a linux named columbia9 with 48 processors, by benkirk Wed Apr 19 17:15:14 2006
Using Petsc Version 2.2.0, Patch 0, Released Feb 27, 2004

                         Max       Max/Min        Avg      Total 
Time (sec):           5.877e+01      1.03441   5.742e+01
Objects:              0.000e+00      0.00000   0.000e+00
Flops:                9.984e+09      1.32104   8.866e+09  4.256e+11
Flops/sec:            1.746e+08      1.31389   1.544e+08  7.411e+09
MPI Messages:         3.836e+05      3.50000   2.672e+05  1.282e+07
MPI Message Lengths:  1.571e+08      2.60152   4.635e+02  5.944e+09
MPI Reductions:       1.743e+03      1.00000

Flop counting convention: 1 flop = 1 real number operation of type (multiply/divide/add/subtract)
                            e.g., VecAXPY() for real vectors of length N --> 2N flops
                            and VecAXPY() for complex vectors of length N --> 8N flops

Summary of Stages:   ----- Time ------  ----- Flops -----  --- Messages ---  -- Message Lengths --  -- Reductions --
                        Avg     %Total     Avg     %Total   counts   %Total     Avg         %Total   counts   %Total 
 0:      Main Stage: 5.7421e+01 100.0%  4.2555e+11 100.0%  1.282e+07 100.0%  4.635e+02      100.0%  8.367e+04 100.0% 

------------------------------------------------------------------------------------------------------------------------
See the 'Profiling' chapter of the users' manual for details on interpreting output.
Phase summary info:
   Count: number of times phase was executed
   Time and Flops/sec: Max - maximum over all processors
                       Ratio - ratio of maximum to minimum over all processors
   Mess: number of messages sent
   Avg. len: average message length
   Reduct: number of global reductions
   Global: entire computation
   Stage: stages of a computation. Set stages with PetscLogStagePush() and PetscLogStagePop().
      %T - percent time in this phase         %F - percent flops in this phase
      %M - percent messages in this phase     %L - percent message lengths in this phase
      %R - percent reductions in this phase
   Total Mflop/s: 10e-6 * (sum of flops over all processors)/(max time over all processors)
------------------------------------------------------------------------------------------------------------------------


      ##########################################################
      #                                                        #
      #                          WARNING!!!                    #
      #                                                        #
      #   This code was run without the PreLoadBegin()         #
      #   macros. To get timing results we always recommend    #
      #   preloading. otherwise timing numbers may be          #
      #   meaningless.                                         #
      ##########################################################


Event                Count      Time (sec)     Flops/sec                         --- Global ---  --- Stage ---   Total
                   Max Ratio  Max     Ratio   Max  Ratio  Mess   Avg len Reduct  %T %F %M %L %R  %T %F %M %L %R Mflop/s
------------------------------------------------------------------------------------------------------------------------

--- Event Stage 0: Main Stage

VecDot             54310 1.0 5.1896e+00 2.5 8.18e+07 2.9 0.0e+00 0.0e+00 5.4e+04  7  2  0  0 65   7  2  0  0 65  1427
VecNorm            27332 1.0 4.1551e+00 3.5 7.23e+07 4.0 0.0e+00 0.0e+00 2.7e+04  5  1  0  0 33   5  1  0  0 33   897
VecCopy              443 1.0 1.5280e-02 1.7 0.00e+00 0.0 0.0e+00 0.0e+00 0.0e+00  0  0  0  0  0   0  0  0  0  0     0
VecSet             54797 1.0 7.9710e-02 1.1 0.00e+00 0.0 0.0e+00 0.0e+00 0.0e+00  0  0  0  0  0   0  0  0  0  0     0
VecAXPY           108691 1.0 2.2952e-01 1.1 1.55e+09 1.2 0.0e+00 0.0e+00 0.0e+00  0  3  0  0  0   0  3  0  0  0 64615
VecAYPX            54264 1.0 9.0007e-01 1.3 1.94e+08 1.0 0.0e+00 0.0e+00 0.0e+00  1  2  0  0  0   1  2  0  0  0  8226
VecWAXPY          108476 1.0 1.7080e+00 1.4 1.90e+08 1.1 0.0e+00 0.0e+00 0.0e+00  3  3  0  0  0   3  3  0  0  0  7583
VecAssemblyBegin     333 1.0 1.1172e+00 4.7 0.00e+00 0.0 2.3e+04 7.0e+02 1.0e+03  2  0  0  0  1   2  0  0  0  1     0
VecAssemblyEnd       333 1.0 2.6891e-02 2.3 0.00e+00 0.0 0.0e+00 0.0e+00 0.0e+00  0  0  0  0  0   0  0  0  0  0     0
VecScatterBegin    54527 1.0 3.8297e+00 7.2 0.00e+00 0.0 1.3e+07 4.5e+02 0.0e+00  4  0100 96  0   4  0100 96  0     0
VecScatterEnd      54527 1.0 1.7467e+00 3.7 0.00e+00 0.0 0.0e+00 0.0e+00 0.0e+00  2  0  0  0  0   2  0  0  0  0     0
MatMult            54382 1.0 1.2835e+01 1.5 4.50e+08 1.5 1.3e+07 4.4e+02 0.0e+00 19 46 99 95  0  19 46 99 95  0 15150
MatMultAdd            72 1.0 4.6771e-02 1.9 2.24e+08 2.0 1.7e+04 4.5e+02 0.0e+00  0  0  0  0  0   0  0  0  0  0  5636
MatSolve           54382 1.0 1.1691e+01 1.4 3.80e+08 1.0 0.0e+00 0.0e+00 0.0e+00 18 43  0  0  0  18 43  0  0  0 15671
MatLUFactorNum        72 1.0 1.6884e-01 1.3 1.86e+08 1.1 0.0e+00 0.0e+00 0.0e+00  0  0  0  0  0   0  0  0  0  0  7735
MatILUFactorSym        2 1.0 3.9749e-03 2.4 0.00e+00 0.0 0.0e+00 0.0e+00 2.0e+00  0  0  0  0  0   0  0  0  0  0     0
MatAssemblyBegin     216 1.0 6.8891e-01 2.1 0.00e+00 0.0 2.3e+04 1.0e+04 4.3e+02  1  0  0  4  1   1  0  0  4  1     0
MatAssemblyEnd       216 1.0 1.5746e-01 1.9 0.00e+00 0.0 4.7e+02 2.4e+02 2.3e+02  0  0  0  0  0   0  0  0  0  0     0
MatGetOrdering         2 1.0 1.2729e-03 2.4 0.00e+00 0.0 0.0e+00 0.0e+00 4.0e+00  0  0  0  0  0   0  0  0  0  0     0
MatZeroEntries       103 1.0 1.1079e-02 1.8 0.00e+00 0.0 0.0e+00 0.0e+00 0.0e+00  0  0  0  0  0   0  0  0  0  0     0
KSPSetup             144 1.0 8.5785e-03 1.8 0.00e+00 0.0 0.0e+00 0.0e+00 0.0e+00  0  0  0  0  0   0  0  0  0  0     0
KSPSolve              72 1.0 3.1963e+01 1.0 3.12e+08 1.3 1.3e+07 4.4e+02 8.2e+04 56100 99 95 97  56100 99 95 97 13305
PCSetUp              144 1.0 2.2395e-01 1.3 1.46e+08 1.1 0.0e+00 0.0e+00 6.0e+00  0  0  0  0  0   0  0  0  0  0  5832
PCSetUpOnBlocks       72 1.0 1.8391e-01 1.3 1.74e+08 1.1 0.0e+00 0.0e+00 6.0e+00  0  0  0  0  0   0  0  0  0  0  7101
PCApply            54382 1.0 1.2312e+01 1.3 3.57e+08 1.0 0.0e+00 0.0e+00 0.0e+00 19 43  0  0  0  19 43  0  0  0 14881
------------------------------------------------------------------------------------------------------------------------

Memory usage is given in bytes:

Object Type          Creations   Destructions   Memory  Descendants' Mem.

--- Event Stage 0: Main Stage

           Index Set    83             83     532512     0
                 Map   196            196      50176     0
                 Vec   198            198    2103088     0
         Vec Scatter    75             75    2741952     0
              Matrix     8              8    2031680     840048
       Krylov Solver     4              4        304     205128
      Preconditioner     4              4        480     773412
========================================================================================================================
Average time to get PetscTime(): 2.09808e-06
Average time for MPI_Barrier(): 0.000116396
Average time for zero size MPI_Send(): 0.000205124
Compiled without FORTRAN kernels
Compiled with double precision matrices (default)
sizeof(short) 2 sizeof(int) 4 sizeof(long) 8 sizeof(void *) 8   
Libraries compiled on Tue Dec 13 11:13:18 PST 2005 on columbia  
Machine characteristics: Linux columbia 2.6.5-7.202.5-sn2 #1 SMP Thu Aug 25 06:20:45 UTC 2005 ia64 ia64 ia64 GNU/Linux  
Using PETSc directory: /u/benkirk/petsc-2.2.0 
Using PETSc arch: linux64_intel 
-----------------------------------------   
Using C compiler: icc -KPIC -O2 -ftz -I/u/benkirk/petsc-2.2.0 -I/u/benkirk/petsc-2.2.0/bmake/linux64_intel -I/u/benkirk/petsc-2.2.0/include   -I/opt/sgi/mpt/1.12.0.0/include                                                                                                                           -DPETSC_USE_FOR_KERNELS -DPETSC_USE_LOG -DPETSC_USE_DEBUG -DPETSC_USE_BOPT_O -DPETSC_USE_EXTERN_CXX -DMPI_NO_CPPBIND -wd1476 -D__SDIR__='. '  
C Compiler version: 
Intel(R) C Itanium(R) Compiler for Itanium(R)-based applications 
Version 9.0    Build 20051020 Package ID: l_cc_c_9.0.027 
C++ Compiler version: 
Intel(R) C Itanium(R) Compiler for Itanium(R)-based applications 
Using Fortran compiler: ifort -w -KPIC -O2 -ftz -I/u/benkirk/petsc-2.2.0 -I/u/benkirk/petsc-2.2.0/bmake/linux64_intel -I/u/benkirk/petsc-2.2.0/include   -I/opt/sgi/mpt/1.12.0.0/include                                                                                                                           -DPETSC_USE_FOR_KERNELS -DPETSC_USE_LOG -DPETSC_USE_DEBUG -DPETSC_USE_BOPT_O -DPETSC_USE_EXTERN_CXX  
Fortran Compiler version: 
Intel(R) Fortran Itanium(R) Compiler for Itanium(R)-based applications 
Version 9.0    Build 20051020 Package ID: l_fc_c_9.0.028 
-----------------------------------------   
Using PETSc flags: -DPETSC_USE_FOR_KERNELS -DPETSC_USE_LOG -DPETSC_USE_DEBUG -DPETSC_USE_BOPT_O -DPETSC_USE_EXTERN_CXX                                                                                                                        
----------------------------------------- 
Using configuration flags: 
----------------------------------------- 
Using include paths: -I/u/benkirk/petsc-2.2.0 -I/u/benkirk/petsc-2.2.0/bmake/linux64_intel -I/u/benkirk/petsc-2.2.0/include   -I/opt/sgi/mpt/1.12.0.0/include    
------------------------------------------   
Using C linker: icc -i_dynamic -O2 -ftz -Qoption,link,-rpath,/u/benkirk/petsc-2.2.0/lib/libO/linux64_intel  
Using Fortran linker: icc -i_dynamic -O2 -ftz -Qoption,link,-rpath,/u/benkirk/petsc-2.2.0/lib/libO/linux64_intel  
Using libraries: -L/u/benkirk/petsc-2.2.0/lib/libO/linux64_intel -lpetscts -lpetscsnes -lpetscksp -lpetscdm -lpetscmat -lpetscvec -lpetsc                                                                                                                                                                                                                                                                              -Wl,-rpath,/opt/sgi/scsl/1.6.1.0/lib -L/opt/sgi/scsl/1.6.1.0/lib -lscs -L/opt/sgi/mpt/1.12.0.0/lib -lmpi -lifport -lifcoremt -ldl -limf -lm -lcxa -lunwind -lpthread -lirc 
 -------------------------------------------------------------------------------

 Run completed in 63 seconds
