
 -----------------------------------------------
| Master Host:   cfe1.nas.nasa.gov
| Working Dir:   /u/benkirk/nobackup/bmurray_code/run.columbia
| # of Procs:    16
| Case name::    pm_jwp
 -----------------------------------------------

Using input file: pm_jwp.in
Initializing EquationSystems ... 
 Mesh Information:
  mesh_dimension()=2
  spatial_dimension()=3
  n_nodes()=22801
  n_elem()=22500
   n_local_elem()=1421
   n_active_elem()=22500
  n_subdomains()=1
  n_processors()=16
  processor_id()=0

 EquationSystems
  n_systems()=2
   System "Porous Media"
    Type "TransientLinearImplicit"
    Variables="p" "t" "s" 
    Finite Element Types="LAGRANGE" "LAGRANGE" "LAGRANGE" 
    Approximation Orders="FIRST" "FIRST" "FIRST" 
    n_dofs()=68403
    n_local_dofs()=4518
    n_constrained_dofs()=0
    n_vectors()=6
   System "Velocity"
    Type "TransientLinearImplicit"
    Variables="u" "v" 
    Finite Element Types="LAGRANGE" "LAGRANGE" 
    Approximation Orders="FIRST" "FIRST" 
    n_dofs()=45602
    n_local_dofs()=3012
    n_constrained_dofs()=0
    n_vectors()=3

======= Starting time step     1 time=0 dt=0.01 =======
F_norms[0]=0.115883

-------------------------------------------------------
| Processor id:   0                                    |
| Num Processors: 16                                   |
| Time:           Wed Apr 19 17:13:17 2006             |
| OS:             Linux                                |
| HostName:       columbia9                            |
| OS Release:     2.6.5-7.202.7-sn2                    |
| OS Version:     #5 SMP Thu Mar 16 17:51:36 PST 2006  |
| Machine:        ia64                                 |
| Username:       benkirk                              |
-------------------------------------------------------
 ------------------------------------------------------------------------------
| Porous Media Performance: Alive time=5.55833, Active time=1.22024            |
 ------------------------------------------------------------------------------
| Event                         nCalls    Total       Avg         Percent of   |
|                                         Time        Time        Active Time  |
|------------------------------------------------------------------------------|
|                                                                              |
| assemble                      1         0.1519      0.151921    12.45        |
| assemble + linear solve       1         1.0683      1.068318    87.55        |
 ------------------------------------------------------------------------------
| Totals:                       2         1.2202                  100.00       |
 ------------------------------------------------------------------------------

Linear solver converged at step: 392, final residual: 8.69059e-11  ||u - u_old|| = 1.30644
F_norms[1]=9.1078e-07
 Nonlinear solver converged at step 1

F_norms[0]=0.115883		 etas[0]=0			 n_its[0]=392
F_norms[1]=9.1078e-07		 etas[1]=0			 n_its[1]=0
Computing Surface fluxes...
Computing Kinetic Energy...
======= Finished time step     1 time=0.01 dt=0.01 =======


======= Starting time step     2 time=0.01 dt=0.01 =======
F_norms[0]=0.000193033
 ------------------------------------------------------------------------------
| Porous Media Performance: Alive time=6.98385, Active time=2.45847            |
 ------------------------------------------------------------------------------
| Event                         nCalls    Total       Avg         Percent of   |
|                                         Time        Time        Active Time  |
|------------------------------------------------------------------------------|
|                                                                              |
| assemble                      3         0.4511      0.150379    18.35        |
| assemble + linear solve       2         2.0073      1.003668    81.65        |
 ------------------------------------------------------------------------------
| Totals:                       5         2.4585                  100.00       |
 ------------------------------------------------------------------------------

Linear solver converged at step: 349, final residual: 4.69008e-11  ||u - u_old|| = 0.493435
F_norms[1]=1.75745e-06
 Nonlinear solver converged at step 1

F_norms[0]=0.000193033		 etas[0]=0			 n_its[0]=349
F_norms[1]=1.75745e-06		 etas[1]=0			 n_its[1]=0
Computing Surface fluxes...
Computing Kinetic Energy...
======= Finished time step     2 time=0.02 dt=0.01 =======


======= Starting time step     3 time=0.02 dt=0.01 =======
F_norms[0]=0.000403062
 ------------------------------------------------------------------------------
| Porous Media Performance: Alive time=8.42954, Active time=3.72306            |
 ------------------------------------------------------------------------------
| Event                         nCalls    Total       Avg         Percent of   |
|                                         Time        Time        Active Time  |
|------------------------------------------------------------------------------|
|                                                                              |
| assemble                      5         0.7492      0.149831    20.12        |
| assemble + linear solve       3         2.9739      0.991302    79.88        |
 ------------------------------------------------------------------------------
| Totals:                       8         3.7231                  100.00       |
 ------------------------------------------------------------------------------

Linear solver converged at step: 360, final residual: 1.03563e-10  ||u - u_old|| = 1.00518
F_norms[1]=7.02211e-06
 Nonlinear solver converged at step 1

F_norms[0]=0.000403062		 etas[0]=0			 n_its[0]=360
F_norms[1]=7.02211e-06		 etas[1]=0			 n_its[1]=0
 |TE|_oo = 0
 Scaling timestep by 1
--------------------------------------------------------------------------
Computing Surface fluxes...
Computing Kinetic Energy...
======= Finished time step     3 time=0.03 dt=0.01 =======


======= Starting time step     4 time=0.03 dt=0.01 =======
F_norms[0]=0.000846787
 ------------------------------------------------------------------------------
| Porous Media Performance: Alive time=9.99556, Active time=5.10943            |
 ------------------------------------------------------------------------------
| Event                         nCalls    Total       Avg         Percent of   |
|                                         Time        Time        Active Time  |
|------------------------------------------------------------------------------|
|                                                                              |
| assemble                      7         1.0481      0.149723    20.51        |
| assemble + linear solve       4         4.0614      1.015341    79.49        |
 ------------------------------------------------------------------------------
| Totals:                       11        5.1094                  100.00       |
 ------------------------------------------------------------------------------

Linear solver converged at step: 405, final residual: 2.22726e-10  ||u - u_old|| = 2.08886
F_norms[1]=3.0495e-05
 ------------------------------------------------------------------------------
| Porous Media Performance: Alive time=11.1189, Active time=6.21887            |
 ------------------------------------------------------------------------------
| Event                         nCalls    Total       Avg         Percent of   |
|                                         Time        Time        Active Time  |
|------------------------------------------------------------------------------|
|                                                                              |
| assemble                      8         1.1966      0.149570    19.24        |
| assemble + linear solve       5         5.0223      1.004461    80.76        |
 ------------------------------------------------------------------------------
| Totals:                       13        6.2189                  100.00       |
 ------------------------------------------------------------------------------

Linear solver converged at step: 355, final residual: 8.25678e-12  ||u - u_old|| = 0.02275
F_norms[2]=3.65501e-07
 Nonlinear solver converged at step 2

F_norms[0]=0.000846787		 etas[0]=0			 n_its[0]=405
F_norms[1]=3.0495e-05		 etas[1]=0			 n_its[1]=355
F_norms[2]=3.65501e-07		 etas[2]=0			 n_its[2]=0
 |TE|_oo = 0
 Scaling timestep by 1
--------------------------------------------------------------------------
Computing Surface fluxes...
Computing Kinetic Energy...
======= Finished time step     4 time=0.04 dt=0.01 =======


======= Starting time step     5 time=0.04 dt=0.01 =======
F_norms[0]=0.00177368
 ------------------------------------------------------------------------------
| Porous Media Performance: Alive time=12.6977, Active time=7.61694            |
 ------------------------------------------------------------------------------
| Event                         nCalls    Total       Avg         Percent of   |
|                                         Time        Time        Active Time  |
|------------------------------------------------------------------------------|
|                                                                              |
| assemble                      10        1.4935      0.149353    19.61        |
| assemble + linear solve       6         6.1234      1.020568    80.39        |
 ------------------------------------------------------------------------------
| Totals:                       16        7.6169                  100.00       |
 ------------------------------------------------------------------------------

Linear solver converged at step: 411, final residual: 2.73595e-10  ||u - u_old|| = 4.38937
F_norms[1]=0.000134664
 ------------------------------------------------------------------------------
| Porous Media Performance: Alive time=13.89, Active time=8.79618              |
 ------------------------------------------------------------------------------
| Event                         nCalls    Total       Avg         Percent of   |
|                                         Time        Time        Active Time  |
|------------------------------------------------------------------------------|
|                                                                              |
| assemble                      11        1.6432      0.149379    18.68        |
| assemble + linear solve       7         7.1530      1.021858    81.32        |
 ------------------------------------------------------------------------------
| Totals:                       18        8.7962                  100.00       |
 ------------------------------------------------------------------------------

Linear solver converged at step: 384, final residual: 3.4752e-11  ||u - u_old|| = 0.106496
F_norms[2]=6.29603e-07
 Nonlinear solver converged at step 2

F_norms[0]=0.00177368		 etas[0]=0			 n_its[0]=411
F_norms[1]=0.000134664		 etas[1]=0			 n_its[1]=384
F_norms[2]=6.29603e-07		 etas[2]=0			 n_its[2]=0
 |TE|_oo = 0
 Scaling timestep by 1
--------------------------------------------------------------------------
Computing Surface fluxes...
Computing Kinetic Energy...
======= Finished time step     5 time=0.05 dt=0.01 =======


======= Starting time step     6 time=0.05 dt=0.01 =======
F_norms[0]=0.00373876
 ------------------------------------------------------------------------------
| Porous Media Performance: Alive time=15.4987, Active time=10.2241            |
 ------------------------------------------------------------------------------
| Event                         nCalls    Total       Avg         Percent of   |
|                                         Time        Time        Active Time  |
|------------------------------------------------------------------------------|
|                                                                              |
| assemble                      13        1.9408      0.149290    18.98        |
| assemble + linear solve       8         8.2833      1.035410    81.02        |
 ------------------------------------------------------------------------------
| Totals:                       21        10.2241                 100.00       |
 ------------------------------------------------------------------------------

Linear solver converged at step: 420, final residual: 9.05909e-10  ||u - u_old|| = 9.57454
F_norms[1]=0.000635806
 ------------------------------------------------------------------------------
| Porous Media Performance: Alive time=16.8145, Active time=11.5273            |
 ------------------------------------------------------------------------------
| Event                         nCalls    Total       Avg         Percent of   |
|                                         Time        Time        Active Time  |
|------------------------------------------------------------------------------|
|                                                                              |
| assemble                      14        2.0898      0.149272    18.13        |
| assemble + linear solve       9         9.4374      1.048604    81.87        |
 ------------------------------------------------------------------------------
| Totals:                       23        11.5273                 100.00       |
 ------------------------------------------------------------------------------

Linear solver converged at step: 429, final residual: 8.1755e-11  ||u - u_old|| = 0.626101
F_norms[2]=4.1581e-06
 Nonlinear solver converged at step 2

F_norms[0]=0.00373876		 etas[0]=0			 n_its[0]=420
F_norms[1]=0.000635806		 etas[1]=0			 n_its[1]=429
F_norms[2]=4.1581e-06		 etas[2]=0			 n_its[2]=0
 |TE|_oo = 0
 Scaling timestep by 1
--------------------------------------------------------------------------
Computing Surface fluxes...
Computing Kinetic Energy...
======= Finished time step     6 time=0.06 dt=0.01 =======


======= Starting time step     7 time=0.06 dt=0.01 =======
F_norms[0]=0.00820586
 ------------------------------------------------------------------------------
| Porous Media Performance: Alive time=18.4804, Active time=13.0115            |
 ------------------------------------------------------------------------------
| Event                         nCalls    Total       Avg         Percent of   |
|                                         Time        Time        Active Time  |
|------------------------------------------------------------------------------|
|                                                                              |
| assemble                      16        2.3869      0.149181    18.34        |
| assemble + linear solve       10        10.6246     1.062459    81.66        |
 ------------------------------------------------------------------------------
| Totals:                       26        13.0115                 100.00       |
 ------------------------------------------------------------------------------

Linear solver converged at step: 441, final residual: 1.90241e-09  ||u - u_old|| = 24.7064
F_norms[1]=0.00409304
 ------------------------------------------------------------------------------
| Porous Media Performance: Alive time=19.9817, Active time=14.5               |
 ------------------------------------------------------------------------------
| Event                         nCalls    Total       Avg         Percent of   |
|                                         Time        Time        Active Time  |
|------------------------------------------------------------------------------|
|                                                                              |
| assemble                      17        2.5360      0.149175    17.49        |
| assemble + linear solve       11        11.9641     1.087641    82.51        |
 ------------------------------------------------------------------------------
| Totals:                       28        14.5000                 100.00       |
 ------------------------------------------------------------------------------

Linear solver converged at step: 500, final residual: 1.0185e-09  ||u - u_old|| = 8.25475
F_norms[2]=0.000525253
 ------------------------------------------------------------------------------
| Porous Media Performance: Alive time=21.5069, Active time=16.0118            |
 ------------------------------------------------------------------------------
| Event                         nCalls    Total       Avg         Percent of   |
|                                         Time        Time        Active Time  |
|------------------------------------------------------------------------------|
|                                                                              |
| assemble                      18        2.6846      0.149142    16.77        |
| assemble + linear solve       12        13.3273     1.110607    83.23        |
 ------------------------------------------------------------------------------
| Totals:                       30        16.0118                 100.00       |
 ------------------------------------------------------------------------------

Linear solver converged at step: 508, final residual: 1.45428e-10  ||u - u_old|| = 0.944044
F_norms[3]=3.43782e-06
 Nonlinear solver converged at step 3

F_norms[0]=0.00820586		 etas[0]=0			 n_its[0]=441
F_norms[1]=0.00409304		 etas[1]=0			 n_its[1]=500
F_norms[2]=0.000525253		 etas[2]=0			 n_its[2]=508
F_norms[3]=3.43782e-06		 etas[3]=0			 n_its[3]=0
 |TE|_oo = 0
 Scaling timestep by 1
--------------------------------------------------------------------------
Computing Surface fluxes...
Computing Kinetic Energy...
======= Finished time step     7 time=0.07 dt=0.01 =======


======= Starting time step     8 time=0.07 dt=0.01 =======
F_norms[0]=0.0228168
 ------------------------------------------------------------------------------
| Porous Media Performance: Alive time=23.3539, Active time=17.6766            |
 ------------------------------------------------------------------------------
| Event                         nCalls    Total       Avg         Percent of   |
|                                         Time        Time        Active Time  |
|------------------------------------------------------------------------------|
|                                                                              |
| assemble                      20        2.9816      0.149078    16.87        |
| assemble + linear solve       13        14.6950     1.130385    83.13        |
 ------------------------------------------------------------------------------
| Totals:                       33        17.6766                 100.00       |
 ------------------------------------------------------------------------------

Linear solver converged at step: 510, final residual: 5.81428e-09  ||u - u_old|| = 162.477
F_norms[1]=0.133019
 ------------------------------------------------------------------------------
| Porous Media Performance: Alive time=25.2897, Active time=19.5988            |
 ------------------------------------------------------------------------------
| Event                         nCalls    Total       Avg         Percent of   |
|                                         Time        Time        Active Time  |
|------------------------------------------------------------------------------|
|                                                                              |
| assemble                      21        3.1301      0.149054    15.97        |
| assemble + linear solve       14        16.4687     1.176335    84.03        |
 ------------------------------------------------------------------------------
| Totals:                       35        19.5988                 100.00       |
 ------------------------------------------------------------------------------

Linear solver converged at step: 661, final residual: 3.24815e-06  ||u - u_old|| = 75.8242
F_norms[2]=0.0215892
 ------------------------------------------------------------------------------
| Porous Media Performance: Alive time=27.2247, Active time=21.5212            |
 ------------------------------------------------------------------------------
| Event                         nCalls    Total       Avg         Percent of   |
|                                         Time        Time        Active Time  |
|------------------------------------------------------------------------------|
|                                                                              |
| assemble                      22        3.2786      0.149027    15.23        |
| assemble + linear solve       15        18.2426     1.216175    84.77        |
 ------------------------------------------------------------------------------
| Totals:                       37        21.5212                 100.00       |
 ------------------------------------------------------------------------------

Linear solver converged at step: 661, final residual: 5.36792e-07  ||u - u_old|| = 42.6237
F_norms[3]=0.00211935
 ------------------------------------------------------------------------------
| Porous Media Performance: Alive time=29.1617, Active time=23.4461            |
 ------------------------------------------------------------------------------
| Event                         nCalls    Total       Avg         Percent of   |
|                                         Time        Time        Active Time  |
|------------------------------------------------------------------------------|
|                                                                              |
| assemble                      23        3.4270      0.148999    14.62        |
| assemble + linear solve       16        20.0191     1.251197    85.38        |
 ------------------------------------------------------------------------------
| Totals:                       39        23.4461                 100.00       |
 ------------------------------------------------------------------------------

Linear solver converged at step: 661, final residual: 1.13039e-08  ||u - u_old|| = 4.05256
F_norms[4]=3.50014e-05
 ------------------------------------------------------------------------------
| Porous Media Performance: Alive time=31.0971, Active time=25.3695            |
 ------------------------------------------------------------------------------
| Event                         nCalls    Total       Avg         Percent of   |
|                                         Time        Time        Active Time  |
|------------------------------------------------------------------------------|
|                                                                              |
| assemble                      24        3.5756      0.148983    14.09        |
| assemble + linear solve       17        21.7939     1.281996    85.91        |
 ------------------------------------------------------------------------------
| Totals:                       41        25.3695                 100.00       |
 ------------------------------------------------------------------------------

Linear solver converged at step: 661, final residual: 4.59725e-10  ||u - u_old|| = 0.0482714
F_norms[5]=6.56099e-07
 Nonlinear solver converged at step 5

F_norms[0]=0.0228168		 etas[0]=0			 n_its[0]=510
F_norms[1]=0.133019		 etas[1]=0			 n_its[1]=661
F_norms[2]=0.0215892		 etas[2]=0			 n_its[2]=661
F_norms[3]=0.00211935		 etas[3]=0			 n_its[3]=661
F_norms[4]=3.50014e-05		 etas[4]=0			 n_its[4]=661
F_norms[5]=6.56099e-07		 etas[5]=0			 n_its[5]=0
 |TE|_oo = 0
 Scaling timestep by 1
--------------------------------------------------------------------------
Computing Surface fluxes...
Computing Kinetic Energy...
======= Finished time step     8 time=0.08 dt=0.01 =======


======= Starting time step     9 time=0.08 dt=0.01 =======
F_norms[0]=0.0632963
 ------------------------------------------------------------------------------
| Porous Media Performance: Alive time=33.347, Active time=27.4354             |
 ------------------------------------------------------------------------------
| Event                         nCalls    Total       Avg         Percent of   |
|                                         Time        Time        Active Time  |
|------------------------------------------------------------------------------|
|                                                                              |
| assemble                      26        3.8723      0.148933    14.11        |
| assemble + linear solve       18        23.5632     1.309065    85.89        |
 ------------------------------------------------------------------------------
| Totals:                       44        27.4354                 100.00       |
 ------------------------------------------------------------------------------

Linear solver converged at step: 661, final residual: 4.4916e-08  ||u - u_old|| = 487.852
F_norms[1]=0.134383
 ------------------------------------------------------------------------------
| Porous Media Performance: Alive time=35.2855, Active time=29.3606            |
 ------------------------------------------------------------------------------
| Event                         nCalls    Total       Avg         Percent of   |
|                                         Time        Time        Active Time  |
|------------------------------------------------------------------------------|
|                                                                              |
| assemble                      27        4.0213      0.148937    13.70        |
| assemble + linear solve       19        25.3393     1.333647    86.30        |
 ------------------------------------------------------------------------------
| Totals:                       46        29.3606                 100.00       |
 ------------------------------------------------------------------------------

Linear solver converged at step: 661, final residual: 4.633e-07  ||u - u_old|| = 143.212
F_norms[2]=0.0227346
 ------------------------------------------------------------------------------
| Porous Media Performance: Alive time=37.0757, Active time=31.1383            |
 ------------------------------------------------------------------------------
| Event                         nCalls    Total       Avg         Percent of   |
|                                         Time        Time        Active Time  |
|------------------------------------------------------------------------------|
|                                                                              |
| assemble                      28        4.1700      0.148929    13.39        |
| assemble + linear solve       20        26.9683     1.348415    86.61        |
 ------------------------------------------------------------------------------
| Totals:                       48        31.1383                 100.00       |
 ------------------------------------------------------------------------------

Linear solver converged at step: 607, final residual: 4.32682e-09  ||u - u_old|| = 17.8401
F_norms[3]=0.000998784
 ------------------------------------------------------------------------------
| Porous Media Performance: Alive time=38.8749, Active time=32.9251            |
 ------------------------------------------------------------------------------
| Event                         nCalls    Total       Avg         Percent of   |
|                                         Time        Time        Active Time  |
|------------------------------------------------------------------------------|
|                                                                              |
| assemble                      29        4.3192      0.148939    13.12        |
| assemble + linear solve       21        28.6059     1.362187    86.88        |
 ------------------------------------------------------------------------------
| Totals:                       50        32.9251                 100.00       |
 ------------------------------------------------------------------------------

Linear solver converged at step: 612, final residual: 2.79128e-10  ||u - u_old|| = 0.522657
F_norms[4]=1.4918e-06
 Nonlinear solver converged at step 4

F_norms[0]=0.0632963		 etas[0]=0			 n_its[0]=661
F_norms[1]=0.134383		 etas[1]=0			 n_its[1]=661
F_norms[2]=0.0227346		 etas[2]=0			 n_its[2]=607
F_norms[3]=0.000998784		 etas[3]=0			 n_its[3]=612
F_norms[4]=1.4918e-06		 etas[4]=0			 n_its[4]=0
 |TE|_oo = 0
 Scaling timestep by 1
--------------------------------------------------------------------------
Computing Surface fluxes...
Computing Kinetic Energy...
======= Finished time step     9 time=0.09 dt=0.01 =======


======= Starting time step    10 time=0.09 dt=0.01 =======
F_norms[0]=0.0642621
 ------------------------------------------------------------------------------
| Porous Media Performance: Alive time=40.9841, Active time=34.8525            |
 ------------------------------------------------------------------------------
| Event                         nCalls    Total       Avg         Percent of   |
|                                         Time        Time        Active Time  |
|------------------------------------------------------------------------------|
|                                                                              |
| assemble                      31        4.6166      0.148922    13.25        |
| assemble + linear solve       22        30.2359     1.374358    86.75        |
 ------------------------------------------------------------------------------
| Totals:                       53        34.8525                 100.00       |
 ------------------------------------------------------------------------------

Linear solver converged at step: 608, final residual: 7.51885e-09  ||u - u_old|| = 260.161
F_norms[1]=0.00972692
 ------------------------------------------------------------------------------
| Porous Media Performance: Alive time=42.7257, Active time=36.5808            |
 ------------------------------------------------------------------------------
| Event                         nCalls    Total       Avg         Percent of   |
|                                         Time        Time        Active Time  |
|------------------------------------------------------------------------------|
|                                                                              |
| assemble                      32        4.7648      0.148899    13.03        |
| assemble + linear solve       23        31.8161     1.383308    86.97        |
 ------------------------------------------------------------------------------
| Totals:                       55        36.5808                 100.00       |
 ------------------------------------------------------------------------------

Linear solver converged at step: 589, final residual: 1.91089e-09  ||u - u_old|| = 9.47601
F_norms[2]=0.000147433
 ------------------------------------------------------------------------------
| Porous Media Performance: Alive time=44.4114, Active time=38.253             |
 ------------------------------------------------------------------------------
| Event                         nCalls    Total       Avg         Percent of   |
|                                         Time        Time        Active Time  |
|------------------------------------------------------------------------------|
|                                                                              |
| assemble                      33        4.9128      0.148874    12.84        |
| assemble + linear solve       24        33.3402     1.389173    87.16        |
 ------------------------------------------------------------------------------
| Totals:                       57        38.2530                 100.00       |
 ------------------------------------------------------------------------------

Linear solver converged at step: 568, final residual: 2.84595e-11  ||u - u_old|| = 0.0373962
F_norms[3]=5.89989e-07
 Nonlinear solver converged at step 3

F_norms[0]=0.0642621		 etas[0]=0			 n_its[0]=608
F_norms[1]=0.00972692		 etas[1]=0			 n_its[1]=589
F_norms[2]=0.000147433		 etas[2]=0			 n_its[2]=568
F_norms[3]=5.89989e-07		 etas[3]=0			 n_its[3]=0
 |TE|_oo = 0
 Scaling timestep by 1
--------------------------------------------------------------------------
Computing Surface fluxes...
Computing Kinetic Energy...
======= Finished time step    10 time=0.1 dt=0.01 =======


======= Starting time step    11 time=0.1 dt=0.01 =======
F_norms[0]=0.0385357
 ------------------------------------------------------------------------------
| Porous Media Performance: Alive time=49.7509, Active time=40.3165            |
 ------------------------------------------------------------------------------
| Event                         nCalls    Total       Avg         Percent of   |
|                                         Time        Time        Active Time  |
|------------------------------------------------------------------------------|
|                                                                              |
| assemble                      35        5.2100      0.148856    12.92        |
| assemble + linear solve       25        35.1065     1.404259    87.08        |
 ------------------------------------------------------------------------------
| Totals:                       60        40.3165                 100.00       |
 ------------------------------------------------------------------------------

Linear solver converged at step: 656, final residual: 2.82291e-09  ||u - u_old|| = 103.463
F_norms[1]=0.00163602
 ------------------------------------------------------------------------------
| Porous Media Performance: Alive time=51.5178, Active time=42.0682            |
 ------------------------------------------------------------------------------
| Event                         nCalls    Total       Avg         Percent of   |
|                                         Time        Time        Active Time  |
|------------------------------------------------------------------------------|
|                                                                              |
| assemble                      36        5.3584      0.148845    12.74        |
| assemble + linear solve       26        36.7098     1.411916    87.26        |
 ------------------------------------------------------------------------------
| Totals:                       62        42.0682                 100.00       |
 ------------------------------------------------------------------------------

Linear solver converged at step: 595, final residual: 2.66742e-10  ||u - u_old|| = 5.00916
F_norms[2]=5.14143e-06
 Nonlinear solver converged at step 2

F_norms[0]=0.0385357		 etas[0]=0			 n_its[0]=656
F_norms[1]=0.00163602		 etas[1]=0			 n_its[1]=595
F_norms[2]=5.14143e-06		 etas[2]=0			 n_its[2]=0
 |TE|_oo = 0
 Scaling timestep by 1
--------------------------------------------------------------------------
Computing Surface fluxes...
Computing Kinetic Energy...
======= Finished time step    11 time=0.11 dt=0.01 =======


======= Starting time step    12 time=0.11 dt=0.01 =======
F_norms[0]=0.0169112
 ------------------------------------------------------------------------------
| Porous Media Performance: Alive time=53.6513, Active time=44.0164            |
 ------------------------------------------------------------------------------
| Event                         nCalls    Total       Avg         Percent of   |
|                                         Time        Time        Active Time  |
|------------------------------------------------------------------------------|
|                                                                              |
| assemble                      38        5.6544      0.148799    12.85        |
| assemble + linear solve       27        38.3620     1.420815    87.15        |
 ------------------------------------------------------------------------------
| Totals:                       65        44.0164                 100.00       |
 ------------------------------------------------------------------------------

Linear solver converged at step: 617, final residual: 1.06404e-09  ||u - u_old|| = 25.0052
F_norms[1]=0.000553014
 ------------------------------------------------------------------------------
| Porous Media Performance: Alive time=55.4249, Active time=45.7748            |
 ------------------------------------------------------------------------------
| Event                         nCalls    Total       Avg         Percent of   |
|                                         Time        Time        Active Time  |
|------------------------------------------------------------------------------|
|                                                                              |
| assemble                      39        5.8026      0.148784    12.68        |
| assemble + linear solve       28        39.9723     1.427581    87.32        |
 ------------------------------------------------------------------------------
| Totals:                       67        45.7748                 100.00       |
 ------------------------------------------------------------------------------

Linear solver converged at step: 601, final residual: 7.02044e-11  ||u - u_old|| = 1.6835
F_norms[2]=8.94345e-07
 Nonlinear solver converged at step 2

F_norms[0]=0.0169112		 etas[0]=0			 n_its[0]=617
F_norms[1]=0.000553014		 etas[1]=0			 n_its[1]=601
F_norms[2]=8.94345e-07		 etas[2]=0			 n_its[2]=0
 |TE|_oo = 0
 Scaling timestep by 1
--------------------------------------------------------------------------
Computing Surface fluxes...
Computing Kinetic Energy...
======= Finished time step    12 time=0.12 dt=0.01 =======


======= Starting time step    13 time=0.12 dt=0.01 =======
F_norms[0]=0.00699038
 ------------------------------------------------------------------------------
| Porous Media Performance: Alive time=57.6633, Active time=47.8337            |
 ------------------------------------------------------------------------------
| Event                         nCalls    Total       Avg         Percent of   |
|                                         Time        Time        Active Time  |
|------------------------------------------------------------------------------|
|                                                                              |
| assemble                      41        6.0987      0.148749    12.75        |
| assemble + linear solve       29        41.7350     1.439138    87.25        |
 ------------------------------------------------------------------------------
| Totals:                       70        47.8337                 100.00       |
 ------------------------------------------------------------------------------

Linear solver converged at step: 656, final residual: 4.20545e-10  ||u - u_old|| = 20.1963
F_norms[1]=0.000208489
 ------------------------------------------------------------------------------
| Porous Media Performance: Alive time=59.4149, Active time=49.5717            |
 ------------------------------------------------------------------------------
| Event                         nCalls    Total       Avg         Percent of   |
|                                         Time        Time        Active Time  |
|------------------------------------------------------------------------------|
|                                                                              |
| assemble                      42        6.2470      0.148739    12.60        |
| assemble + linear solve       30        43.3247     1.444157    87.40        |
 ------------------------------------------------------------------------------
| Totals:                       72        49.5717                 100.00       |
 ------------------------------------------------------------------------------

Linear solver converged at step: 593, final residual: 2.51317e-11  ||u - u_old|| = 0.257436
F_norms[2]=7.17217e-07
 Nonlinear solver converged at step 2

F_norms[0]=0.00699038		 etas[0]=0			 n_its[0]=656
F_norms[1]=0.000208489		 etas[1]=0			 n_its[1]=593
F_norms[2]=7.17217e-07		 etas[2]=0			 n_its[2]=0
 |TE|_oo = 0
 Scaling timestep by 1
--------------------------------------------------------------------------
Computing Surface fluxes...
Computing Kinetic Energy...
======= Finished time step    13 time=0.13 dt=0.01 =======


======= Starting time step    14 time=0.13 dt=0.01 =======
F_norms[0]=0.0047973
 ------------------------------------------------------------------------------
| Porous Media Performance: Alive time=61.5417, Active time=51.5175            |
 ------------------------------------------------------------------------------
| Event                         nCalls    Total       Avg         Percent of   |
|                                         Time        Time        Active Time  |
|------------------------------------------------------------------------------|
|                                                                              |
| assemble                      44        6.5436      0.148719    12.70        |
| assemble + linear solve       31        44.9739     1.450770    87.30        |
 ------------------------------------------------------------------------------
| Totals:                       75        51.5175                 100.00       |
 ------------------------------------------------------------------------------

Linear solver converged at step: 614, final residual: 2.39083e-10  ||u - u_old|| = 21.6039
F_norms[1]=7.14526e-05
 ------------------------------------------------------------------------------
| Porous Media Performance: Alive time=63.4286, Active time=53.3915            |
 ------------------------------------------------------------------------------
| Event                         nCalls    Total       Avg         Percent of   |
|                                         Time        Time        Active Time  |
|------------------------------------------------------------------------------|
|                                                                              |
| assemble                      45        6.6922      0.148716    12.53        |
| assemble + linear solve       32        46.6993     1.459354    87.47        |
 ------------------------------------------------------------------------------
| Totals:                       77        53.3915                 100.00       |
 ------------------------------------------------------------------------------

Linear solver converged at step: 641, final residual: 2.40195e-12  ||u - u_old|| = 0.161922
F_norms[2]=9.53187e-07
 Nonlinear solver converged at step 2

F_norms[0]=0.0047973		 etas[0]=0			 n_its[0]=614
F_norms[1]=7.14526e-05		 etas[1]=0			 n_its[1]=641
F_norms[2]=9.53187e-07		 etas[2]=0			 n_its[2]=0
 |TE|_oo = 0
 Scaling timestep by 1
--------------------------------------------------------------------------
Computing Surface fluxes...
Computing Kinetic Energy...
======= Finished time step    14 time=0.14 dt=0.01 =======


======= Starting time step    15 time=0.14 dt=0.01 =======
F_norms[0]=0.00366487
 ------------------------------------------------------------------------------
| Porous Media Performance: Alive time=65.5804, Active time=55.3594            |
 ------------------------------------------------------------------------------
| Event                         nCalls    Total       Avg         Percent of   |
|                                         Time        Time        Active Time  |
|------------------------------------------------------------------------------|
|                                                                              |
| assemble                      47        6.9900      0.148724    12.63        |
| assemble + linear solve       33        48.3694     1.465740    87.37        |
 ------------------------------------------------------------------------------
| Totals:                       80        55.3594                 100.00       |
 ------------------------------------------------------------------------------

Linear solver converged at step: 622, final residual: 1.13806e-10  ||u - u_old|| = 14.8119
F_norms[1]=1.75468e-05
 ------------------------------------------------------------------------------
| Porous Media Performance: Alive time=67.3802, Active time=57.1458            |
 ------------------------------------------------------------------------------
| Event                         nCalls    Total       Avg         Percent of   |
|                                         Time        Time        Active Time  |
|------------------------------------------------------------------------------|
|                                                                              |
| assemble                      48        7.1390      0.148730    12.49        |
| assemble + linear solve       34        50.0068     1.470787    87.51        |
 ------------------------------------------------------------------------------
| Totals:                       82        57.1458                 100.00       |
 ------------------------------------------------------------------------------

Linear solver converged at step: 609, final residual: 1.37221e-12  ||u - u_old|| = 0.0269968
F_norms[2]=4.58347e-07
 Nonlinear solver converged at step 2

F_norms[0]=0.00366487		 etas[0]=0			 n_its[0]=622
F_norms[1]=1.75468e-05		 etas[1]=0			 n_its[1]=609
F_norms[2]=4.58347e-07		 etas[2]=0			 n_its[2]=0
 |TE|_oo = 0
 Scaling timestep by 1
--------------------------------------------------------------------------
Computing Surface fluxes...
Computing Kinetic Energy...
======= Finished time step    15 time=0.15 dt=0.01 =======


======= Starting time step    16 time=0.15 dt=0.01 =======
F_norms[0]=0.00226919
 ------------------------------------------------------------------------------
| Porous Media Performance: Alive time=69.5005, Active time=59.0818            |
 ------------------------------------------------------------------------------
| Event                         nCalls    Total       Avg         Percent of   |
|                                         Time        Time        Active Time  |
|------------------------------------------------------------------------------|
|                                                                              |
| assemble                      50        7.4356      0.148711    12.59        |
| assemble + linear solve       35        51.6463     1.475607    87.41        |
 ------------------------------------------------------------------------------
| Totals:                       85        59.0818                 100.00       |
 ------------------------------------------------------------------------------

Linear solver converged at step: 608, final residual: 8.32803e-11  ||u - u_old|| = 7.14971
F_norms[1]=5.16527e-06
 Nonlinear solver converged at step 1

F_norms[0]=0.00226919		 etas[0]=0			 n_its[0]=608
F_norms[1]=5.16527e-06		 etas[1]=0			 n_its[1]=0
 |TE|_oo = 0
 Scaling timestep by 1
--------------------------------------------------------------------------
Computing Surface fluxes...
Computing Kinetic Energy...
======= Finished time step    16 time=0.16 dt=0.01 =======


======= Starting time step    17 time=0.16 dt=0.01 =======
F_norms[0]=0.00111094
 ------------------------------------------------------------------------------
| Porous Media Performance: Alive time=71.6044, Active time=61.006             |
 ------------------------------------------------------------------------------
| Event                         nCalls    Total       Avg         Percent of   |
|                                         Time        Time        Active Time  |
|------------------------------------------------------------------------------|
|                                                                              |
| assemble                      52        7.7321      0.148694    12.67        |
| assemble + linear solve       36        53.2739     1.479830    87.33        |
 ------------------------------------------------------------------------------
| Totals:                       88        61.0060                 100.00       |
 ------------------------------------------------------------------------------

Linear solver converged at step: 604, final residual: 4.74888e-11  ||u - u_old|| = 2.09499
F_norms[1]=2.49195e-06
 Nonlinear solver converged at step 1

F_norms[0]=0.00111094		 etas[0]=0			 n_its[0]=604
F_norms[1]=2.49195e-06		 etas[1]=0			 n_its[1]=0
 |TE|_oo = 0
 Scaling timestep by 1
--------------------------------------------------------------------------
Computing Surface fluxes...
Computing Kinetic Energy...
======= Finished time step    17 time=0.17 dt=0.01 =======


======= Starting time step    18 time=0.17 dt=0.01 =======
F_norms[0]=0.000473685
 ------------------------------------------------------------------------------
| Porous Media Performance: Alive time=73.8656, Active time=63.0879            |
 ------------------------------------------------------------------------------
| Event                         nCalls    Total       Avg         Percent of   |
|                                         Time        Time        Active Time  |
|------------------------------------------------------------------------------|
|                                                                              |
| assemble                      54        8.0286      0.148678    12.73        |
| assemble + linear solve       37        55.0593     1.488089    87.27        |
 ------------------------------------------------------------------------------
| Totals:                       91        63.0879                 100.00       |
 ------------------------------------------------------------------------------

Linear solver converged at step: 661, final residual: 7.85444e-11  ||u - u_old|| = 1.14416
F_norms[1]=1.25192e-06
 Nonlinear solver converged at step 1

F_norms[0]=0.000473685		 etas[0]=0			 n_its[0]=661
F_norms[1]=1.25192e-06		 etas[1]=0			 n_its[1]=0
 |TE|_oo = 0
 Scaling timestep by 1
--------------------------------------------------------------------------
Computing Surface fluxes...
Computing Kinetic Energy...
======= Finished time step    18 time=0.18 dt=0.01 =======


======= Starting time step    19 time=0.18 dt=0.01 =======
F_norms[0]=0.000308583
 ------------------------------------------------------------------------------
| Porous Media Performance: Alive time=75.9672, Active time=65.0041            |
 ------------------------------------------------------------------------------
| Event                         nCalls    Total       Avg         Percent of   |
|                                         Time        Time        Active Time  |
|------------------------------------------------------------------------------|
|                                                                              |
| assemble                      56        8.3252      0.148665    12.81        |
| assemble + linear solve       38        56.6789     1.491550    87.19        |
 ------------------------------------------------------------------------------
| Totals:                       94        65.0041                 100.00       |
 ------------------------------------------------------------------------------

Linear solver converged at step: 597, final residual: 1.34322e-11  ||u - u_old|| = 1.42157
F_norms[1]=8.83315e-07
 Nonlinear solver converged at step 1

F_norms[0]=0.000308583		 etas[0]=0			 n_its[0]=597
F_norms[1]=8.83315e-07		 etas[1]=0			 n_its[1]=0
 |TE|_oo = 0
 Scaling timestep by 1
--------------------------------------------------------------------------
Computing Surface fluxes...
Computing Kinetic Energy...
======= Finished time step    19 time=0.19 dt=0.01 =======


======= Starting time step    20 time=0.19 dt=0.01 =======
F_norms[0]=0.000248863
 ------------------------------------------------------------------------------
| Porous Media Performance: Alive time=78.0944, Active time=66.9476            |
 ------------------------------------------------------------------------------
| Event                         nCalls    Total       Avg         Percent of   |
|                                         Time        Time        Active Time  |
|------------------------------------------------------------------------------|
|                                                                              |
| assemble                      58        8.6221      0.148656    12.88        |
| assemble + linear solve       39        58.3255     1.495526    87.12        |
 ------------------------------------------------------------------------------
| Totals:                       97        66.9476                 100.00       |
 ------------------------------------------------------------------------------

Linear solver converged at step: 610, final residual: 1.24498e-11  ||u - u_old|| = 1.04956
F_norms[1]=9.65238e-07
 Nonlinear solver converged at step 1

F_norms[0]=0.000248863		 etas[0]=0			 n_its[0]=610
F_norms[1]=9.65238e-07		 etas[1]=0			 n_its[1]=0
 |TE|_oo = 0
 Scaling timestep by 1
--------------------------------------------------------------------------
Computing Surface fluxes...
Computing Kinetic Energy...
======= Finished time step    20 time=0.2 dt=0.01 =======


======= Starting time step    21 time=0.2 dt=0.01 =======
F_norms[0]=0.000162209
 ------------------------------------------------------------------------------
| Porous Media Performance: Alive time=83.2197, Active time=68.8999            |
 ------------------------------------------------------------------------------
| Event                         nCalls    Total       Avg         Percent of   |
|                                         Time        Time        Active Time  |
|------------------------------------------------------------------------------|
|                                                                              |
| assemble                      60        8.9207      0.148679    12.95        |
| assemble + linear solve       40        59.9792     1.499480    87.05        |
 ------------------------------------------------------------------------------
| Totals:                       100       68.8999                 100.00       |
 ------------------------------------------------------------------------------

Linear solver converged at step: 611, final residual: 5.21972e-12  ||u - u_old|| = 0.539504
F_norms[1]=1.1196e-06
 Nonlinear solver converged at step 1

F_norms[0]=0.000162209		 etas[0]=0			 n_its[0]=611
F_norms[1]=1.1196e-06		 etas[1]=0			 n_its[1]=0
 |TE|_oo = 0
 Scaling timestep by 1
--------------------------------------------------------------------------
Computing Surface fluxes...
Computing Kinetic Energy...
======= Finished time step    21 time=0.21 dt=0.01 =======


======= Starting time step    22 time=0.21 dt=0.01 =======
F_norms[0]=8.26008e-05
 ------------------------------------------------------------------------------
| Porous Media Performance: Alive time=85.4868, Active time=70.9825            |
 ------------------------------------------------------------------------------
| Event                         nCalls    Total       Avg         Percent of   |
|                                         Time        Time        Active Time  |
|------------------------------------------------------------------------------|
|                                                                              |
| assemble                      62        9.2180      0.148677    12.99        |
| assemble + linear solve       41        61.7645     1.506451    87.01        |
 ------------------------------------------------------------------------------
| Totals:                       103       70.9825                 100.00       |
 ------------------------------------------------------------------------------

Linear solver converged at step: 661, final residual: 1.68839e-10  ||u - u_old|| = 0.175838
F_norms[1]=6.50047e-07
 Nonlinear solver converged at step 1

F_norms[0]=8.26008e-05		 etas[0]=0			 n_its[0]=661
F_norms[1]=6.50047e-07		 etas[1]=0			 n_its[1]=0
 |TE|_oo = 0
 Scaling timestep by 1
--------------------------------------------------------------------------
Computing Surface fluxes...
Computing Kinetic Energy...
======= Finished time step    22 time=0.22 dt=0.01 =======


======= Starting time step    23 time=0.22 dt=0.01 =======
F_norms[0]=3.49781e-05
 ------------------------------------------------------------------------------
| Porous Media Performance: Alive time=87.7439, Active time=73.0589            |
 ------------------------------------------------------------------------------
| Event                         nCalls    Total       Avg         Percent of   |
|                                         Time        Time        Active Time  |
|------------------------------------------------------------------------------|
|                                                                              |
| assemble                      64        9.5145      0.148665    13.02        |
| assemble + linear solve       42        63.5443     1.512960    86.98        |
 ------------------------------------------------------------------------------
| Totals:                       106       73.0589                 100.00       |
 ------------------------------------------------------------------------------

Linear solver converged at step: 661, final residual: 4.81968e-12  ||u - u_old|| = 0.066573
F_norms[1]=5.60314e-07
 Nonlinear solver converged at step 1

F_norms[0]=3.49781e-05		 etas[0]=0			 n_its[0]=661
F_norms[1]=5.60314e-07		 etas[1]=0			 n_its[1]=0
 |TE|_oo = 0
 Scaling timestep by 1
--------------------------------------------------------------------------
Computing Surface fluxes...
Computing Kinetic Energy...
======= Finished time step    23 time=0.23 dt=0.01 =======


======= Starting time step    24 time=0.23 dt=0.01 =======
F_norms[0]=2.04276e-05
 ------------------------------------------------------------------------------
| Porous Media Performance: Alive time=89.8194, Active time=74.9537            |
 ------------------------------------------------------------------------------
| Event                         nCalls    Total       Avg         Percent of   |
|                                         Time        Time        Active Time  |
|------------------------------------------------------------------------------|
|                                                                              |
| assemble                      66        9.8114      0.148658    13.09        |
| assemble + linear solve       43        65.1423     1.514936    86.91        |
 ------------------------------------------------------------------------------
| Totals:                       109       74.9537                 100.00       |
 ------------------------------------------------------------------------------

Linear solver converged at step: 593, final residual: 9.42948e-13  ||u - u_old|| = 0.0911725
F_norms[1]=8.47708e-07
 Nonlinear solver converged at step 1

F_norms[0]=2.04276e-05		 etas[0]=0			 n_its[0]=593
F_norms[1]=8.47708e-07		 etas[1]=0			 n_its[1]=0
 |TE|_oo = 0
 Scaling timestep by 1
--------------------------------------------------------------------------
Computing Surface fluxes...
Computing Kinetic Energy...
======= Finished time step    24 time=0.24 dt=0.01 =======


======= Starting time step    25 time=0.24 dt=0.01 =======
F_norms[0]=1.66838e-05
 ------------------------------------------------------------------------------
| Porous Media Performance: Alive time=91.9372, Active time=76.8908            |
 ------------------------------------------------------------------------------
| Event                         nCalls    Total       Avg         Percent of   |
|                                         Time        Time        Active Time  |
|------------------------------------------------------------------------------|
|                                                                              |
| assemble                      68        10.1078     0.148644    13.15        |
| assemble + linear solve       44        66.7830     1.517795    86.85        |
 ------------------------------------------------------------------------------
| Totals:                       112       76.8908                 100.00       |
 ------------------------------------------------------------------------------

Linear solver converged at step: 609, final residual: 7.12953e-13  ||u - u_old|| = 0.072602
F_norms[1]=7.4611e-07
 Nonlinear solver converged at step 1

F_norms[0]=1.66838e-05		 etas[0]=0			 n_its[0]=609
F_norms[1]=7.4611e-07		 etas[1]=0			 n_its[1]=0
 |TE|_oo = 0
 Scaling timestep by 1
--------------------------------------------------------------------------
Computing Surface fluxes...
Computing Kinetic Energy...
======= Finished time step    25 time=0.25 dt=0.01 =======


======= Starting time step    26 time=0.25 dt=0.01 =======
F_norms[0]=1.1383e-05
 ------------------------------------------------------------------------------
| Porous Media Performance: Alive time=94.0178, Active time=78.7925            |
 ------------------------------------------------------------------------------
| Event                         nCalls    Total       Avg         Percent of   |
|                                         Time        Time        Active Time  |
|------------------------------------------------------------------------------|
|                                                                              |
| assemble                      70        10.4043     0.148633    13.20        |
| assemble + linear solve       45        68.3882     1.519738    86.80        |
 ------------------------------------------------------------------------------
| Totals:                       115       78.7925                 100.00       |
 ------------------------------------------------------------------------------

Linear solver converged at step: 599, final residual: 5.3673e-13  ||u - u_old|| = 0.0400032
F_norms[1]=7.88478e-07
 Nonlinear solver converged at step 1

F_norms[0]=1.1383e-05		 etas[0]=0			 n_its[0]=599
F_norms[1]=7.88478e-07		 etas[1]=0			 n_its[1]=0
 |TE|_oo = 0
 Scaling timestep by 1
--------------------------------------------------------------------------
Computing Surface fluxes...
Computing Kinetic Energy...
======= Finished time step    26 time=0.26 dt=0.01 =======


======= Starting time step    27 time=0.26 dt=0.01 =======
F_norms[0]=6.10975e-06
 Nonlinear solver converged at step 0

F_norms[0]=6.10975e-06		 etas[0]=0			 n_its[0]=0
 |TE|_oo = 0
 Scaling timestep by 1
--------------------------------------------------------------------------
Computing Surface fluxes...
Computing Kinetic Energy...
======= Finished time step    27 time=0.27 dt=0.01 =======


Steady State Reached: Terminating Simulation.
 ------------------------------------------------------------------------------
| Porous Media Performance: Alive time=97.6189, Active time=79.0892            |
 ------------------------------------------------------------------------------
| Event                         nCalls    Total       Avg         Percent of   |
|                                         Time        Time        Active Time  |
|------------------------------------------------------------------------------|
|                                                                              |
| assemble                      72        10.7010     0.148624    13.53        |
| assemble + linear solve       45        68.3882     1.519738    86.47        |
 ------------------------------------------------------------------------------
| Totals:                       117       79.0892                 100.00       |
 ------------------------------------------------------------------------------

************************************************************************************************************************
***             WIDEN YOUR WINDOW TO 120 CHARACTERS.  Use 'enscript -r -fCourier9' to print this document            ***
************************************************************************************************************************

---------------------------------------------- PETSc Performance Summary: ----------------------------------------------

./pm on a linux named columbia9 with 16 processors, by benkirk Wed Apr 19 17:14:49 2006
Using Petsc Version 2.2.0, Patch 0, Released Feb 27, 2004

                         Max       Max/Min        Avg      Total 
Time (sec):           9.835e+01      1.02033   9.735e+01
Objects:              0.000e+00      0.00000   0.000e+00
Flops:                2.739e+10      1.18198   2.544e+10  4.070e+11
Flops/sec:            2.794e+08      1.16234   2.613e+08  4.180e+09
MPI Messages:         3.108e+05      3.00000   2.137e+05  3.419e+06
MPI Message Lengths:  2.938e+08      2.77170   9.022e+02  3.084e+09
MPI Reductions:       4.948e+03      1.00000

Flop counting convention: 1 flop = 1 real number operation of type (multiply/divide/add/subtract)
                            e.g., VecAXPY() for real vectors of length N --> 2N flops
                            and VecAXPY() for complex vectors of length N --> 8N flops

Summary of Stages:   ----- Time ------  ----- Flops -----  --- Messages ---  -- Message Lengths --  -- Reductions --
                        Avg     %Total     Avg     %Total   counts   %Total     Avg         %Total   counts   %Total 
 0:      Main Stage: 9.7351e+01 100.0%  4.0698e+11 100.0%  3.419e+06 100.0%  9.022e+02      100.0%  7.918e+04 100.0% 

------------------------------------------------------------------------------------------------------------------------
See the 'Profiling' chapter of the users' manual for details on interpreting output.
Phase summary info:
   Count: number of times phase was executed
   Time and Flops/sec: Max - maximum over all processors
                       Ratio - ratio of maximum to minimum over all processors
   Mess: number of messages sent
   Avg. len: average message length
   Reduct: number of global reductions
   Global: entire computation
   Stage: stages of a computation. Set stages with PetscLogStagePush() and PetscLogStagePop().
      %T - percent time in this phase         %F - percent flops in this phase
      %M - percent messages in this phase     %L - percent message lengths in this phase
      %R - percent reductions in this phase
   Total Mflop/s: 10e-6 * (sum of flops over all processors)/(max time over all processors)
------------------------------------------------------------------------------------------------------------------------


      ##########################################################
      #                                                        #
      #                          WARNING!!!                    #
      #                                                        #
      #   This code was run without the PreLoadBegin()         #
      #   macros. To get timing results we always recommend    #
      #   preloading. otherwise timing numbers may be          #
      #   meaningless.                                         #
      ##########################################################


Event                Count      Time (sec)     Flops/sec                         --- Global ---  --- Stage ---   Total
                   Max Ratio  Max     Ratio   Max  Ratio  Mess   Avg len Reduct  %T %F %M %L %R  %T %F %M %L %R Mflop/s
------------------------------------------------------------------------------------------------------------------------

--- Event Stage 0: Main Stage

VecDot             51307 1.0 6.1923e+00 4.2 3.20e+08 5.0 0.0e+00 0.0e+00 5.1e+04  3  2  0  0 65   3  2  0  0 65  1130
VecNorm            25838 1.0 5.5731e+00 5.0 2.11e+08 5.9 0.0e+00 0.0e+00 2.6e+04  3  1  0  0 33   3  1  0  0 33   632
VecCopy              443 1.0 1.3394e-02 1.3 0.00e+00 0.0 0.0e+00 0.0e+00 0.0e+00  0  0  0  0  0   0  0  0  0  0     0
VecSet             51794 1.0 1.3438e-01 1.1 0.00e+00 0.0 0.0e+00 0.0e+00 0.0e+00  0  0  0  0  0   0  0  0  0  0     0
VecAXPY           102693 1.0 4.1441e-01 1.2 2.33e+09 1.1 0.0e+00 0.0e+00 0.0e+00  0  3  0  0  0   0  3  0  0  0 33806
VecAYPX            51269 1.0 2.3310e+00 1.2 2.02e+08 1.0 0.0e+00 0.0e+00 0.0e+00  2  2  0  0  0   2  2  0  0  0  3001
VecWAXPY          102470 1.0 4.1050e+00 1.2 2.03e+08 1.1 0.0e+00 0.0e+00 0.0e+00  4  3  0  0  0   4  3  0  0  0  2980
VecAssemblyBegin     333 1.0 8.4816e-01 5.6 0.00e+00 0.0 6.5e+03 1.4e+03 1.0e+03  1  0  0  0  1   1  0  0  0  1     0
VecAssemblyEnd       333 1.0 1.0183e-02 4.4 0.00e+00 0.0 0.0e+00 0.0e+00 0.0e+00  0  0  0  0  0   0  0  0  0  0     0
VecScatterBegin    51524 1.0 3.6744e+00 5.9 0.00e+00 0.0 3.4e+06 8.6e+02 0.0e+00  2  0 99 95  0   2  0 99 95  0     0
VecScatterEnd      51524 1.0 1.1984e+00 2.5 0.00e+00 0.0 0.0e+00 0.0e+00 0.0e+00  1  0  0  0  0   1  0  0  0  0     0
MatMult            51379 1.0 2.6686e+01 1.2 5.06e+08 1.2 3.4e+06 8.6e+02 0.0e+00 25 45 99 95  0  25 45 99 95  0  6883
MatMultAdd            72 1.0 5.5103e-02 1.4 4.22e+08 1.5 4.8e+03 8.6e+02 0.0e+00  0  0  0  0  0   0  0  0  0  0  4784
MatSolve           51379 1.0 3.3075e+01 1.2 3.75e+08 1.0 0.0e+00 0.0e+00 0.0e+00 31 44  0  0  0  31 44  0  0  0  5379
MatLUFactorNum        72 1.0 4.8160e-01 1.2 1.97e+08 1.0 0.0e+00 0.0e+00 0.0e+00  0  0  0  0  0   0  0  0  0  0  2839
MatILUFactorSym        2 1.0 3.6430e-03 2.5 0.00e+00 0.0 0.0e+00 0.0e+00 2.0e+00  0  0  0  0  0   0  0  0  0  0     0
MatAssemblyBegin     216 1.0 3.8202e-01 2.5 0.00e+00 0.0 6.5e+03 2.2e+04 4.3e+02  0  0  0  5  1   0  0  0  5  1     0
MatAssemblyEnd       216 1.0 1.6320e-01 1.8 0.00e+00 0.0 1.3e+02 4.9e+02 2.3e+02  0  0  0  0  0   0  0  0  0  0     0
MatGetOrdering         2 1.0 4.6492e-04 3.4 0.00e+00 0.0 0.0e+00 0.0e+00 4.0e+00  0  0  0  0  0   0  0  0  0  0     0
MatZeroEntries       103 1.0 2.2221e-02 1.2 0.00e+00 0.0 0.0e+00 0.0e+00 0.0e+00  0  0  0  0  0   0  0  0  0  0     0
KSPSetup             144 1.0 2.9459e-03 5.3 0.00e+00 0.0 0.0e+00 0.0e+00 0.0e+00  0  0  0  0  0   0  0  0  0  0     0
KSPSolve              72 1.0 6.8680e+01 1.0 3.98e+08 1.2 3.4e+06 8.6e+02 7.7e+04 71100 99 95 97  71100 99 95 97  5921
PCSetUp              144 1.0 4.9961e-01 1.2 1.94e+08 1.1 0.0e+00 0.0e+00 6.0e+00  0  0  0  0  0   0  0  0  0  0  2737
PCSetUpOnBlocks       72 1.0 4.8873e-01 1.2 1.95e+08 1.0 0.0e+00 0.0e+00 6.0e+00  0  0  0  0  0   0  0  0  0  0  2798
PCApply            51379 1.0 3.3732e+01 1.2 3.67e+08 1.0 0.0e+00 0.0e+00 0.0e+00 32 44  0  0  0  32 44  0  0  0  5275
------------------------------------------------------------------------------------------------------------------------

Memory usage is given in bytes:

Object Type          Creations   Destructions   Memory  Descendants' Mem.

--- Event Stage 0: Main Stage

           Index Set    83             83    1361756     0
                 Map   196            196      50176     0
                 Vec   198            198    5676368     0
         Vec Scatter    75             75    6700464     0
              Matrix     8              8    4930540     2.33093e+06
       Krylov Solver     4              4        304     554688
      Preconditioner     4              4        480     2.22482e+06
========================================================================================================================
Average time to get PetscTime(): 4.05312e-07
Average time for MPI_Barrier(): 7.20024e-06
Average time for zero size MPI_Send(): 0.000112131
Compiled without FORTRAN kernels
Compiled with double precision matrices (default)
sizeof(short) 2 sizeof(int) 4 sizeof(long) 8 sizeof(void *) 8   
Libraries compiled on Tue Dec 13 11:13:18 PST 2005 on columbia  
Machine characteristics: Linux columbia 2.6.5-7.202.5-sn2 #1 SMP Thu Aug 25 06:20:45 UTC 2005 ia64 ia64 ia64 GNU/Linux  
Using PETSc directory: /u/benkirk/petsc-2.2.0 
Using PETSc arch: linux64_intel 
-----------------------------------------   
Using C compiler: icc -KPIC -O2 -ftz -I/u/benkirk/petsc-2.2.0 -I/u/benkirk/petsc-2.2.0/bmake/linux64_intel -I/u/benkirk/petsc-2.2.0/include   -I/opt/sgi/mpt/1.12.0.0/include                                                                                                                           -DPETSC_USE_FOR_KERNELS -DPETSC_USE_LOG -DPETSC_USE_DEBUG -DPETSC_USE_BOPT_O -DPETSC_USE_EXTERN_CXX -DMPI_NO_CPPBIND -wd1476 -D__SDIR__='. '  
C Compiler version: 
Intel(R) C Itanium(R) Compiler for Itanium(R)-based applications 
Version 9.0    Build 20051020 Package ID: l_cc_c_9.0.027 
C++ Compiler version: 
Intel(R) C Itanium(R) Compiler for Itanium(R)-based applications 
Using Fortran compiler: ifort -w -KPIC -O2 -ftz -I/u/benkirk/petsc-2.2.0 -I/u/benkirk/petsc-2.2.0/bmake/linux64_intel -I/u/benkirk/petsc-2.2.0/include   -I/opt/sgi/mpt/1.12.0.0/include                                                                                                                           -DPETSC_USE_FOR_KERNELS -DPETSC_USE_LOG -DPETSC_USE_DEBUG -DPETSC_USE_BOPT_O -DPETSC_USE_EXTERN_CXX  
Fortran Compiler version: 
Intel(R) Fortran Itanium(R) Compiler for Itanium(R)-based applications 
Version 9.0    Build 20051020 Package ID: l_fc_c_9.0.028 
-----------------------------------------   
Using PETSc flags: -DPETSC_USE_FOR_KERNELS -DPETSC_USE_LOG -DPETSC_USE_DEBUG -DPETSC_USE_BOPT_O -DPETSC_USE_EXTERN_CXX                                                                                                                        
----------------------------------------- 
Using configuration flags: 
----------------------------------------- 
Using include paths: -I/u/benkirk/petsc-2.2.0 -I/u/benkirk/petsc-2.2.0/bmake/linux64_intel -I/u/benkirk/petsc-2.2.0/include   -I/opt/sgi/mpt/1.12.0.0/include    
------------------------------------------   
Using C linker: icc -i_dynamic -O2 -ftz -Qoption,link,-rpath,/u/benkirk/petsc-2.2.0/lib/libO/linux64_intel  
Using Fortran linker: icc -i_dynamic -O2 -ftz -Qoption,link,-rpath,/u/benkirk/petsc-2.2.0/lib/libO/linux64_intel  
Using libraries: -L/u/benkirk/petsc-2.2.0/lib/libO/linux64_intel -lpetscts -lpetscsnes -lpetscksp -lpetscdm -lpetscmat -lpetscvec -lpetsc                                                                                                                                                                                                                                                                              -Wl,-rpath,/opt/sgi/scsl/1.6.1.0/lib -L/opt/sgi/scsl/1.6.1.0/lib -lscs -L/opt/sgi/mpt/1.12.0.0/lib -lmpi -lifport -lifcoremt -ldl -limf -lm -lcxa -lunwind -lpthread -lirc 
 -------------------------------------------------------------------------------

 Run completed in 103 seconds
