
 -----------------------------------------------
| Master Host:   cfe1.nas.nasa.gov
| Working Dir:   /u/benkirk/nobackup/bmurray_code/run.columbia
| # of Procs:    32
| Case name::    pm_jwp
 -----------------------------------------------

Using input file: pm_jwp.in
Initializing EquationSystems ... 
 Mesh Information:
  mesh_dimension()=2
  spatial_dimension()=3
  n_nodes()=22801
  n_elem()=22500
   n_local_elem()=724
   n_active_elem()=22500
  n_subdomains()=1
  n_processors()=32
  processor_id()=0

 EquationSystems
  n_systems()=2
   System "Porous Media"
    Type "TransientLinearImplicit"
    Variables="p" "t" "s" 
    Finite Element Types="LAGRANGE" "LAGRANGE" "LAGRANGE" 
    Approximation Orders="FIRST" "FIRST" "FIRST" 
    n_dofs()=68403
    n_local_dofs()=2364
    n_constrained_dofs()=0
    n_vectors()=6
   System "Velocity"
    Type "TransientLinearImplicit"
    Variables="u" "v" 
    Finite Element Types="LAGRANGE" "LAGRANGE" 
    Approximation Orders="FIRST" "FIRST" 
    n_dofs()=45602
    n_local_dofs()=1576
    n_constrained_dofs()=0
    n_vectors()=3

======= Starting time step     1 time=0 dt=0.01 =======
F_norms[0]=0.115883

-------------------------------------------------------
| Processor id:   0                                    |
| Num Processors: 32                                   |
| Time:           Wed Apr 19 17:13:39 2006             |
| OS:             Linux                                |
| HostName:       columbia9                            |
| OS Release:     2.6.5-7.202.7-sn2                    |
| OS Version:     #5 SMP Thu Mar 16 17:51:36 PST 2006  |
| Machine:        ia64                                 |
| Username:       benkirk                              |
-------------------------------------------------------
 ------------------------------------------------------------------------------
| Porous Media Performance: Alive time=6.33756, Active time=0.772913           |
 ------------------------------------------------------------------------------
| Event                         nCalls    Total       Avg         Percent of   |
|                                         Time        Time        Active Time  |
|------------------------------------------------------------------------------|
|                                                                              |
| assemble                      1         0.0907      0.090691    11.73        |
| assemble + linear solve       1         0.6822      0.682222    88.27        |
 ------------------------------------------------------------------------------
| Totals:                       2         0.7729                  100.00       |
 ------------------------------------------------------------------------------

Linear solver converged at step: 421, final residual: 6.29774e-11  ||u - u_old|| = 1.30631
F_norms[1]=9.79909e-07
 Nonlinear solver converged at step 1

F_norms[0]=0.115883		 etas[0]=0			 n_its[0]=421
F_norms[1]=9.79909e-07		 etas[1]=0			 n_its[1]=0
Computing Surface fluxes...
Computing Kinetic Energy...
======= Finished time step     1 time=0.01 dt=0.01 =======


======= Starting time step     2 time=0.01 dt=0.01 =======
F_norms[0]=0.000193033
 ------------------------------------------------------------------------------
| Porous Media Performance: Alive time=7.35878, Active time=1.62411            |
 ------------------------------------------------------------------------------
| Event                         nCalls    Total       Avg         Percent of   |
|                                         Time        Time        Active Time  |
|------------------------------------------------------------------------------|
|                                                                              |
| assemble                      3         0.2606      0.086883    16.05        |
| assemble + linear solve       2         1.3635      0.681731    83.95        |
 ------------------------------------------------------------------------------
| Totals:                       5         1.6241                  100.00       |
 ------------------------------------------------------------------------------

Linear solver converged at step: 427, final residual: 4.71727e-11  ||u - u_old|| = 0.493432
F_norms[1]=1.69196e-06
 Nonlinear solver converged at step 1

F_norms[0]=0.000193033		 etas[0]=0			 n_its[0]=427
F_norms[1]=1.69196e-06		 etas[1]=0			 n_its[1]=0
Computing Surface fluxes...
Computing Kinetic Energy...
======= Finished time step     2 time=0.02 dt=0.01 =======


======= Starting time step     3 time=0.02 dt=0.01 =======
F_norms[0]=0.000403061
 ------------------------------------------------------------------------------
| Porous Media Performance: Alive time=8.35616, Active time=2.45786            |
 ------------------------------------------------------------------------------
| Event                         nCalls    Total       Avg         Percent of   |
|                                         Time        Time        Active Time  |
|------------------------------------------------------------------------------|
|                                                                              |
| assemble                      5         0.4297      0.085937    17.48        |
| assemble + linear solve       3         2.0282      0.676057    82.52        |
 ------------------------------------------------------------------------------
| Totals:                       8         2.4579                  100.00       |
 ------------------------------------------------------------------------------

Linear solver converged at step: 421, final residual: 4.25599e-11  ||u - u_old|| = 1.00517
F_norms[1]=7.0284e-06
 Nonlinear solver converged at step 1

F_norms[0]=0.000403061		 etas[0]=0			 n_its[0]=421
F_norms[1]=7.0284e-06		 etas[1]=0			 n_its[1]=0
 |TE|_oo = 0
 Scaling timestep by 1
--------------------------------------------------------------------------
Computing Surface fluxes...
Computing Kinetic Energy...
======= Finished time step     3 time=0.03 dt=0.01 =======


======= Starting time step     4 time=0.03 dt=0.01 =======
F_norms[0]=0.000846787
 ------------------------------------------------------------------------------
| Porous Media Performance: Alive time=9.38842, Active time=3.33309            |
 ------------------------------------------------------------------------------
| Event                         nCalls    Total       Avg         Percent of   |
|                                         Time        Time        Active Time  |
|------------------------------------------------------------------------------|
|                                                                              |
| assemble                      7         0.5981      0.085444    17.94        |
| assemble + linear solve       4         2.7350      0.683744    82.06        |
 ------------------------------------------------------------------------------
| Totals:                       11        3.3331                  100.00       |
 ------------------------------------------------------------------------------

Linear solver converged at step: 444, final residual: 1.27495e-10  ||u - u_old|| = 2.08885
F_norms[1]=3.04989e-05
 ------------------------------------------------------------------------------
| Porous Media Performance: Alive time=10.0535, Active time=3.98419            |
 ------------------------------------------------------------------------------
| Event                         nCalls    Total       Avg         Percent of   |
|                                         Time        Time        Active Time  |
|------------------------------------------------------------------------------|
|                                                                              |
| assemble                      8         0.6826      0.085323    17.13        |
| assemble + linear solve       5         3.3016      0.660322    82.87        |
 ------------------------------------------------------------------------------
| Totals:                       13        3.9842                  100.00       |
 ------------------------------------------------------------------------------

Linear solver converged at step: 357, final residual: 7.14977e-12  ||u - u_old|| = 0.0227453
F_norms[2]=5.97526e-07
 Nonlinear solver converged at step 2

F_norms[0]=0.000846787		 etas[0]=0			 n_its[0]=444
F_norms[1]=3.04989e-05		 etas[1]=0			 n_its[1]=357
F_norms[2]=5.97526e-07		 etas[2]=0			 n_its[2]=0
 |TE|_oo = 0
 Scaling timestep by 1
--------------------------------------------------------------------------
Computing Surface fluxes...
Computing Kinetic Energy...
======= Finished time step     4 time=0.04 dt=0.01 =======


======= Starting time step     5 time=0.04 dt=0.01 =======
F_norms[0]=0.00177368
 ------------------------------------------------------------------------------
| Porous Media Performance: Alive time=11.0889, Active time=4.858              |
 ------------------------------------------------------------------------------
| Event                         nCalls    Total       Avg         Percent of   |
|                                         Time        Time        Active Time  |
|------------------------------------------------------------------------------|
|                                                                              |
| assemble                      10        0.8509      0.085093    17.52        |
| assemble + linear solve       6         4.0071      0.667844    82.48        |
 ------------------------------------------------------------------------------
| Totals:                       16        4.8580                  100.00       |
 ------------------------------------------------------------------------------

Linear solver converged at step: 445, final residual: 1.68715e-10  ||u - u_old|| = 4.38936
F_norms[1]=0.000134664
 ------------------------------------------------------------------------------
| Porous Media Performance: Alive time=11.7611, Active time=5.51539            |
 ------------------------------------------------------------------------------
| Event                         nCalls    Total       Avg         Percent of   |
|                                         Time        Time        Active Time  |
|------------------------------------------------------------------------------|
|                                                                              |
| assemble                      11        0.9358      0.085070    16.97        |
| assemble + linear solve       7         4.5796      0.654232    83.03        |
 ------------------------------------------------------------------------------
| Totals:                       18        5.5154                  100.00       |
 ------------------------------------------------------------------------------

Linear solver converged at step: 359, final residual: 3.58707e-11  ||u - u_old|| = 0.106483
F_norms[2]=4.38883e-07
 Nonlinear solver converged at step 2

F_norms[0]=0.00177368		 etas[0]=0			 n_its[0]=445
F_norms[1]=0.000134664		 etas[1]=0			 n_its[1]=359
F_norms[2]=4.38883e-07		 etas[2]=0			 n_its[2]=0
 |TE|_oo = 0
 Scaling timestep by 1
--------------------------------------------------------------------------
Computing Surface fluxes...
Computing Kinetic Energy...
======= Finished time step     5 time=0.05 dt=0.01 =======


======= Starting time step     6 time=0.05 dt=0.01 =======
F_norms[0]=0.00373876
 ------------------------------------------------------------------------------
| Porous Media Performance: Alive time=12.8029, Active time=6.39735            |
 ------------------------------------------------------------------------------
| Event                         nCalls    Total       Avg         Percent of   |
|                                         Time        Time        Active Time  |
|------------------------------------------------------------------------------|
|                                                                              |
| assemble                      13        1.1044      0.084950    17.26        |
| assemble + linear solve       8         5.2930      0.661625    82.74        |
 ------------------------------------------------------------------------------
| Totals:                       21        6.3973                  100.00       |
 ------------------------------------------------------------------------------

Linear solver converged at step: 451, final residual: 8.28781e-10  ||u - u_old|| = 9.57458
F_norms[1]=0.000635806
 ------------------------------------------------------------------------------
| Porous Media Performance: Alive time=13.6293, Active time=7.20757            |
 ------------------------------------------------------------------------------
| Event                         nCalls    Total       Avg         Percent of   |
|                                         Time        Time        Active Time  |
|------------------------------------------------------------------------------|
|                                                                              |
| assemble                      14        1.1892      0.084944    16.50        |
| assemble + linear solve       9         6.0184      0.668707    83.50        |
 ------------------------------------------------------------------------------
| Totals:                       23        7.2076                  100.00       |
 ------------------------------------------------------------------------------

Linear solver converged at step: 457, final residual: 1.75168e-10  ||u - u_old|| = 0.626109
F_norms[2]=4.15637e-06
 Nonlinear solver converged at step 2

F_norms[0]=0.00373876		 etas[0]=0			 n_its[0]=451
F_norms[1]=0.000635806		 etas[1]=0			 n_its[1]=457
F_norms[2]=4.15637e-06		 etas[2]=0			 n_its[2]=0
 |TE|_oo = 0
 Scaling timestep by 1
--------------------------------------------------------------------------
Computing Surface fluxes...
Computing Kinetic Energy...
======= Finished time step     6 time=0.06 dt=0.01 =======


======= Starting time step     7 time=0.06 dt=0.01 =======
F_norms[0]=0.00820586
 ------------------------------------------------------------------------------
| Porous Media Performance: Alive time=14.6703, Active time=8.09021            |
 ------------------------------------------------------------------------------
| Event                         nCalls    Total       Avg         Percent of   |
|                                         Time        Time        Active Time  |
|------------------------------------------------------------------------------|
|                                                                              |
| assemble                      16        1.3579      0.084867    16.78        |
| assemble + linear solve       10        6.7323      0.673234    83.22        |
 ------------------------------------------------------------------------------
| Totals:                       26        8.0902                  100.00       |
 ------------------------------------------------------------------------------

Linear solver converged at step: 451, final residual: 1.24003e-09  ||u - u_old|| = 24.7066
F_norms[1]=0.00409304
 ------------------------------------------------------------------------------
| Porous Media Performance: Alive time=15.5885, Active time=8.99382            |
 ------------------------------------------------------------------------------
| Event                         nCalls    Total       Avg         Percent of   |
|                                         Time        Time        Active Time  |
|------------------------------------------------------------------------------|
|                                                                              |
| assemble                      17        1.4427      0.084867    16.04        |
| assemble + linear solve       11        7.5511      0.686462    83.96        |
 ------------------------------------------------------------------------------
| Totals:                       28        8.9938                  100.00       |
 ------------------------------------------------------------------------------

Linear solver converged at step: 518, final residual: 1.01134e-09  ||u - u_old|| = 8.25391
F_norms[2]=0.000525253
 ------------------------------------------------------------------------------
| Porous Media Performance: Alive time=16.5217, Active time=9.91408            |
 ------------------------------------------------------------------------------
| Event                         nCalls    Total       Avg         Percent of   |
|                                         Time        Time        Active Time  |
|------------------------------------------------------------------------------|
|                                                                              |
| assemble                      18        1.5275      0.084864    15.41        |
| assemble + linear solve       12        8.3865      0.698878    84.59        |
 ------------------------------------------------------------------------------
| Totals:                       30        9.9141                  100.00       |
 ------------------------------------------------------------------------------

Linear solver converged at step: 529, final residual: 7.66119e-11  ||u - u_old|| = 0.94352
F_norms[3]=3.43234e-06
 Nonlinear solver converged at step 3

F_norms[0]=0.00820586		 etas[0]=0			 n_its[0]=451
F_norms[1]=0.00409304		 etas[1]=0			 n_its[1]=518
F_norms[2]=0.000525253		 etas[2]=0			 n_its[2]=529
F_norms[3]=3.43234e-06		 etas[3]=0			 n_its[3]=0
 |TE|_oo = 0
 Scaling timestep by 1
--------------------------------------------------------------------------
Computing Surface fluxes...
Computing Kinetic Energy...
======= Finished time step     7 time=0.07 dt=0.01 =======


======= Starting time step     8 time=0.07 dt=0.01 =======
F_norms[0]=0.0228168
 ------------------------------------------------------------------------------
| Porous Media Performance: Alive time=17.8808, Active time=11.1105            |
 ------------------------------------------------------------------------------
| Event                         nCalls    Total       Avg         Percent of   |
|                                         Time        Time        Active Time  |
|------------------------------------------------------------------------------|
|                                                                              |
| assemble                      20        1.6964      0.084818    15.27        |
| assemble + linear solve       13        9.4141      0.724165    84.73        |
 ------------------------------------------------------------------------------
| Totals:                       33        11.1105                 100.00       |
 ------------------------------------------------------------------------------

Linear solver converged at step: 654, final residual: 4.71956e-09  ||u - u_old|| = 162.463
F_norms[1]=0.133019
 ------------------------------------------------------------------------------
| Porous Media Performance: Alive time=19.0232, Active time=12.2393            |
 ------------------------------------------------------------------------------
| Event                         nCalls    Total       Avg         Percent of   |
|                                         Time        Time        Active Time  |
|------------------------------------------------------------------------------|
|                                                                              |
| assemble                      21        1.7812      0.084819    14.55        |
| assemble + linear solve       14        10.4581     0.747007    85.45        |
 ------------------------------------------------------------------------------
| Totals:                       35        12.2393                 100.00       |
 ------------------------------------------------------------------------------

Linear solver converged at step: 661, final residual: 1.3963e-05  ||u - u_old|| = 75.8048
F_norms[2]=0.0215892
 ------------------------------------------------------------------------------
| Porous Media Performance: Alive time=20.1602, Active time=13.3631            |
 ------------------------------------------------------------------------------
| Event                         nCalls    Total       Avg         Percent of   |
|                                         Time        Time        Active Time  |
|------------------------------------------------------------------------------|
|                                                                              |
| assemble                      22        1.8664      0.084834    13.97        |
| assemble + linear solve       15        11.4967     0.766449    86.03        |
 ------------------------------------------------------------------------------
| Totals:                       37        13.3631                 100.00       |
 ------------------------------------------------------------------------------

Linear solver converged at step: 661, final residual: 1.13525e-06  ||u - u_old|| = 42.5928
F_norms[3]=0.00211936
 ------------------------------------------------------------------------------
| Porous Media Performance: Alive time=21.3023, Active time=14.4917            |
 ------------------------------------------------------------------------------
| Event                         nCalls    Total       Avg         Percent of   |
|                                         Time        Time        Active Time  |
|------------------------------------------------------------------------------|
|                                                                              |
| assemble                      23        1.9515      0.084846    13.47        |
| assemble + linear solve       16        12.5403     0.783766    86.53        |
 ------------------------------------------------------------------------------
| Totals:                       39        14.4917                 100.00       |
 ------------------------------------------------------------------------------

Linear solver converged at step: 661, final residual: 1.3001e-08  ||u - u_old|| = 4.05023
F_norms[4]=3.49908e-05
 ------------------------------------------------------------------------------
| Porous Media Performance: Alive time=22.4443, Active time=15.6202            |
 ------------------------------------------------------------------------------
| Event                         nCalls    Total       Avg         Percent of   |
|                                         Time        Time        Active Time  |
|------------------------------------------------------------------------------|
|                                                                              |
| assemble                      24        2.0366      0.084858    13.04        |
| assemble + linear solve       17        13.5836     0.799036    86.96        |
 ------------------------------------------------------------------------------
| Totals:                       41        15.6202                 100.00       |
 ------------------------------------------------------------------------------

Linear solver converged at step: 661, final residual: 1.55614e-10  ||u - u_old|| = 0.048253
F_norms[5]=7.05992e-07
 Nonlinear solver converged at step 5

F_norms[0]=0.0228168		 etas[0]=0			 n_its[0]=654
F_norms[1]=0.133019		 etas[1]=0			 n_its[1]=661
F_norms[2]=0.0215892		 etas[2]=0			 n_its[2]=661
F_norms[3]=0.00211936		 etas[3]=0			 n_its[3]=661
F_norms[4]=3.49908e-05		 etas[4]=0			 n_its[4]=661
F_norms[5]=7.05992e-07		 etas[5]=0			 n_its[5]=0
 |TE|_oo = 0
 Scaling timestep by 1
--------------------------------------------------------------------------
Computing Surface fluxes...
Computing Kinetic Energy...
======= Finished time step     8 time=0.08 dt=0.01 =======


======= Starting time step     9 time=0.08 dt=0.01 =======
F_norms[0]=0.0632963
 ------------------------------------------------------------------------------
| Porous Media Performance: Alive time=23.8164, Active time=16.8262            |
 ------------------------------------------------------------------------------
| Event                         nCalls    Total       Avg         Percent of   |
|                                         Time        Time        Active Time  |
|------------------------------------------------------------------------------|
|                                                                              |
| assemble                      26        2.2059      0.084841    13.11        |
| assemble + linear solve       18        14.6203     0.812239    86.89        |
 ------------------------------------------------------------------------------
| Totals:                       44        16.8262                 100.00       |
 ------------------------------------------------------------------------------

Linear solver converged at step: 661, final residual: 6.01752e-06  ||u - u_old|| = 487.5
F_norms[1]=0.134383
 ------------------------------------------------------------------------------
| Porous Media Performance: Alive time=24.9589, Active time=17.9543            |
 ------------------------------------------------------------------------------
| Event                         nCalls    Total       Avg         Percent of   |
|                                         Time        Time        Active Time  |
|------------------------------------------------------------------------------|
|                                                                              |
| assemble                      27        2.2906      0.084836    12.76        |
| assemble + linear solve       19        15.6637     0.824407    87.24        |
 ------------------------------------------------------------------------------
| Totals:                       46        17.9543                 100.00       |
 ------------------------------------------------------------------------------

Linear solver converged at step: 661, final residual: 3.03594e-06  ||u - u_old|| = 143.122
F_norms[2]=0.0227346
 ------------------------------------------------------------------------------
| Porous Media Performance: Alive time=26.0449, Active time=19.0269            |
 ------------------------------------------------------------------------------
| Event                         nCalls    Total       Avg         Percent of   |
|                                         Time        Time        Active Time  |
|------------------------------------------------------------------------------|
|                                                                              |
| assemble                      28        2.3756      0.084841    12.49        |
| assemble + linear solve       20        16.6514     0.832568    87.51        |
 ------------------------------------------------------------------------------
| Totals:                       48        19.0269                 100.00       |
 ------------------------------------------------------------------------------

Linear solver converged at step: 624, final residual: 3.51867e-09  ||u - u_old|| = 17.8361
F_norms[3]=0.000998784
 ------------------------------------------------------------------------------
| Porous Media Performance: Alive time=27.1879, Active time=20.1565            |
 ------------------------------------------------------------------------------
| Event                         nCalls    Total       Avg         Percent of   |
|                                         Time        Time        Active Time  |
|------------------------------------------------------------------------------|
|                                                                              |
| assemble                      29        2.4605      0.084846    12.21        |
| assemble + linear solve       21        17.6960     0.842664    87.79        |
 ------------------------------------------------------------------------------
| Totals:                       50        20.1565                 100.00       |
 ------------------------------------------------------------------------------

Linear solver converged at step: 661, final residual: 5.2597e-10  ||u - u_old|| = 0.522687
F_norms[4]=1.43318e-06
 Nonlinear solver converged at step 4

F_norms[0]=0.0632963		 etas[0]=0			 n_its[0]=661
F_norms[1]=0.134383		 etas[1]=0			 n_its[1]=661
F_norms[2]=0.0227346		 etas[2]=0			 n_its[2]=624
F_norms[3]=0.000998784		 etas[3]=0			 n_its[3]=661
F_norms[4]=1.43318e-06		 etas[4]=0			 n_its[4]=0
 |TE|_oo = 0
 Scaling timestep by 1
--------------------------------------------------------------------------
Computing Surface fluxes...
Computing Kinetic Energy...
======= Finished time step     9 time=0.09 dt=0.01 =======


======= Starting time step    10 time=0.09 dt=0.01 =======
F_norms[0]=0.0642621
 ------------------------------------------------------------------------------
| Porous Media Performance: Alive time=28.5643, Active time=21.3717            |
 ------------------------------------------------------------------------------
| Event                         nCalls    Total       Avg         Percent of   |
|                                         Time        Time        Active Time  |
|------------------------------------------------------------------------------|
|                                                                              |
| assemble                      31        2.6293      0.084816    12.30        |
| assemble + linear solve       22        18.7424     0.851928    87.70        |
 ------------------------------------------------------------------------------
| Totals:                       53        21.3717                 100.00       |
 ------------------------------------------------------------------------------

Linear solver converged at step: 656, final residual: 6.5116e-09  ||u - u_old|| = 259.978
F_norms[1]=0.00972692
 ------------------------------------------------------------------------------
| Porous Media Performance: Alive time=29.695, Active time=22.4868             |
 ------------------------------------------------------------------------------
| Event                         nCalls    Total       Avg         Percent of   |
|                                         Time        Time        Active Time  |
|------------------------------------------------------------------------------|
|                                                                              |
| assemble                      32        2.7142      0.084819    12.07        |
| assemble + linear solve       23        19.7726     0.859677    87.93        |
 ------------------------------------------------------------------------------
| Totals:                       55        22.4868                 100.00       |
 ------------------------------------------------------------------------------

Linear solver converged at step: 654, final residual: 1.69236e-09  ||u - u_old|| = 9.46854
F_norms[2]=0.000147435
 ------------------------------------------------------------------------------
| Porous Media Performance: Alive time=30.6837, Active time=23.4605            |
 ------------------------------------------------------------------------------
| Event                         nCalls    Total       Avg         Percent of   |
|                                         Time        Time        Active Time  |
|------------------------------------------------------------------------------|
|                                                                              |
| assemble                      33        2.7993      0.084828    11.93        |
| assemble + linear solve       24        20.6612     0.860882    88.07        |
 ------------------------------------------------------------------------------
| Totals:                       57        23.4605                 100.00       |
 ------------------------------------------------------------------------------

Linear solver converged at step: 564, final residual: 1.29919e-11  ||u - u_old|| = 0.0374192
F_norms[3]=5.98861e-07
 Nonlinear solver converged at step 3

F_norms[0]=0.0642621		 etas[0]=0			 n_its[0]=656
F_norms[1]=0.00972692		 etas[1]=0			 n_its[1]=654
F_norms[2]=0.000147435		 etas[2]=0			 n_its[2]=564
F_norms[3]=5.98861e-07		 etas[3]=0			 n_its[3]=0
 |TE|_oo = 0
 Scaling timestep by 1
--------------------------------------------------------------------------
Computing Surface fluxes...
Computing Kinetic Energy...
======= Finished time step    10 time=0.1 dt=0.01 =======


======= Starting time step    11 time=0.1 dt=0.01 =======
F_norms[0]=0.0385357
 ------------------------------------------------------------------------------
| Porous Media Performance: Alive time=35.0631, Active time=24.6446            |
 ------------------------------------------------------------------------------
| Event                         nCalls    Total       Avg         Percent of   |
|                                         Time        Time        Active Time  |
|------------------------------------------------------------------------------|
|                                                                              |
| assemble                      35        2.9708      0.084879    12.05        |
| assemble + linear solve       25        21.6738     0.866954    87.95        |
 ------------------------------------------------------------------------------
| Totals:                       60        24.6446                 100.00       |
 ------------------------------------------------------------------------------

Linear solver converged at step: 644, final residual: 2.73364e-09  ||u - u_old|| = 103.404
F_norms[1]=0.00163602
 ------------------------------------------------------------------------------
| Porous Media Performance: Alive time=36.1701, Active time=25.7377            |
 ------------------------------------------------------------------------------
| Event                         nCalls    Total       Avg         Percent of   |
|                                         Time        Time        Active Time  |
|------------------------------------------------------------------------------|
|                                                                              |
| assemble                      36        3.0567      0.084909    11.88        |
| assemble + linear solve       26        22.6809     0.872344    88.12        |
 ------------------------------------------------------------------------------
| Totals:                       62        25.7377                 100.00       |
 ------------------------------------------------------------------------------

Linear solver converged at step: 636, final residual: 2.18734e-10  ||u - u_old|| = 5.00604
F_norms[2]=5.16357e-06
 Nonlinear solver converged at step 2

F_norms[0]=0.0385357		 etas[0]=0			 n_its[0]=644
F_norms[1]=0.00163602		 etas[1]=0			 n_its[1]=636
F_norms[2]=5.16357e-06		 etas[2]=0			 n_its[2]=0
 |TE|_oo = 0
 Scaling timestep by 1
--------------------------------------------------------------------------
Computing Surface fluxes...
Computing Kinetic Energy...
======= Finished time step    11 time=0.11 dt=0.01 =======


======= Starting time step    12 time=0.11 dt=0.01 =======
F_norms[0]=0.0169112
 ------------------------------------------------------------------------------
| Porous Media Performance: Alive time=37.5263, Active time=26.937             |
 ------------------------------------------------------------------------------
| Event                         nCalls    Total       Avg         Percent of   |
|                                         Time        Time        Active Time  |
|------------------------------------------------------------------------------|
|                                                                              |
| assemble                      38        3.2262      0.084900    11.98        |
| assemble + linear solve       27        23.7108     0.878177    88.02        |
 ------------------------------------------------------------------------------
| Totals:                       65        26.9370                 100.00       |
 ------------------------------------------------------------------------------

Linear solver converged at step: 653, final residual: 9.23172e-10  ||u - u_old|| = 25.0028
F_norms[1]=0.000553015
 ------------------------------------------------------------------------------
| Porous Media Performance: Alive time=38.6369, Active time=28.037             |
 ------------------------------------------------------------------------------
| Event                         nCalls    Total       Avg         Percent of   |
|                                         Time        Time        Active Time  |
|------------------------------------------------------------------------------|
|                                                                              |
| assemble                      39        3.3114      0.084907    11.81        |
| assemble + linear solve       28        24.7256     0.883058    88.19        |
 ------------------------------------------------------------------------------
| Totals:                       67        28.0370                 100.00       |
 ------------------------------------------------------------------------------

Linear solver converged at step: 642, final residual: 7.16499e-11  ||u - u_old|| = 1.68244
F_norms[2]=8.21741e-07
 Nonlinear solver converged at step 2

F_norms[0]=0.0169112		 etas[0]=0			 n_its[0]=653
F_norms[1]=0.000553015		 etas[1]=0			 n_its[1]=642
F_norms[2]=8.21741e-07		 etas[2]=0			 n_its[2]=0
 |TE|_oo = 0
 Scaling timestep by 1
--------------------------------------------------------------------------
Computing Surface fluxes...
Computing Kinetic Energy...
======= Finished time step    12 time=0.12 dt=0.01 =======


======= Starting time step    13 time=0.12 dt=0.01 =======
F_norms[0]=0.00699037
 ------------------------------------------------------------------------------
| Porous Media Performance: Alive time=40.0029, Active time=29.2489            |
 ------------------------------------------------------------------------------
| Event                         nCalls    Total       Avg         Percent of   |
|                                         Time        Time        Active Time  |
|------------------------------------------------------------------------------|
|                                                                              |
| assemble                      41        3.4804      0.084889    11.90        |
| assemble + linear solve       29        25.7685     0.888568    88.10        |
 ------------------------------------------------------------------------------
| Totals:                       70        29.2489                 100.00       |
 ------------------------------------------------------------------------------

Linear solver converged at step: 661, final residual: 1.04469e-09  ||u - u_old|| = 20.1847
F_norms[1]=0.00020849
 ------------------------------------------------------------------------------
| Porous Media Performance: Alive time=41.0435, Active time=30.2786            |
 ------------------------------------------------------------------------------
| Event                         nCalls    Total       Avg         Percent of   |
|                                         Time        Time        Active Time  |
|------------------------------------------------------------------------------|
|                                                                              |
| assemble                      42        3.5654      0.084890    11.78        |
| assemble + linear solve       30        26.7133     0.890442    88.22        |
 ------------------------------------------------------------------------------
| Totals:                       72        30.2786                 100.00       |
 ------------------------------------------------------------------------------

Linear solver converged at step: 596, final residual: 2.58708e-11  ||u - u_old|| = 0.257445
F_norms[2]=7.44121e-07
 Nonlinear solver converged at step 2

F_norms[0]=0.00699037		 etas[0]=0			 n_its[0]=661
F_norms[1]=0.00020849		 etas[1]=0			 n_its[1]=596
F_norms[2]=7.44121e-07		 etas[2]=0			 n_its[2]=0
 |TE|_oo = 0
 Scaling timestep by 1
--------------------------------------------------------------------------
Computing Surface fluxes...
Computing Kinetic Energy...
======= Finished time step    13 time=0.13 dt=0.01 =======


======= Starting time step    14 time=0.13 dt=0.01 =======
F_norms[0]=0.0047973
 ------------------------------------------------------------------------------
| Porous Media Performance: Alive time=42.3625, Active time=31.4397            |
 ------------------------------------------------------------------------------
| Event                         nCalls    Total       Avg         Percent of   |
|                                         Time        Time        Active Time  |
|------------------------------------------------------------------------------|
|                                                                              |
| assemble                      44        3.7342      0.084868    11.88        |
| assemble + linear solve       31        27.7055     0.893727    88.12        |
 ------------------------------------------------------------------------------
| Totals:                       75        31.4397                 100.00       |
 ------------------------------------------------------------------------------

Linear solver converged at step: 627, final residual: 2.09007e-10  ||u - u_old|| = 21.5893
F_norms[1]=7.14492e-05
 ------------------------------------------------------------------------------
| Porous Media Performance: Alive time=43.4758, Active time=32.5425            |
 ------------------------------------------------------------------------------
| Event                         nCalls    Total       Avg         Percent of   |
|                                         Time        Time        Active Time  |
|------------------------------------------------------------------------------|
|                                                                              |
| assemble                      45        3.8191      0.084869    11.74        |
| assemble + linear solve       32        28.7234     0.897606    88.26        |
 ------------------------------------------------------------------------------
| Totals:                       77        32.5425                 100.00       |
 ------------------------------------------------------------------------------

Linear solver converged at step: 644, final residual: 6.58226e-12  ||u - u_old|| = 0.161817
F_norms[2]=8.15898e-07
 Nonlinear solver converged at step 2

F_norms[0]=0.0047973		 etas[0]=0			 n_its[0]=627
F_norms[1]=7.14492e-05		 etas[1]=0			 n_its[1]=644
F_norms[2]=8.15898e-07		 etas[2]=0			 n_its[2]=0
 |TE|_oo = 0
 Scaling timestep by 1
--------------------------------------------------------------------------
Computing Surface fluxes...
Computing Kinetic Energy...
======= Finished time step    14 time=0.14 dt=0.01 =======


======= Starting time step    15 time=0.14 dt=0.01 =======
F_norms[0]=0.00366487
 ------------------------------------------------------------------------------
| Porous Media Performance: Alive time=44.7913, Active time=33.7057            |
 ------------------------------------------------------------------------------
| Event                         nCalls    Total       Avg         Percent of   |
|                                         Time        Time        Active Time  |
|------------------------------------------------------------------------------|
|                                                                              |
| assemble                      47        3.9873      0.084837    11.83        |
| assemble + linear solve       33        29.7184     0.900557    88.17        |
 ------------------------------------------------------------------------------
| Totals:                       80        33.7057                 100.00       |
 ------------------------------------------------------------------------------

Linear solver converged at step: 628, final residual: 1.0284e-10  ||u - u_old|| = 14.8023
F_norms[1]=1.75563e-05
 ------------------------------------------------------------------------------
| Porous Media Performance: Alive time=45.8784, Active time=34.7821            |
 ------------------------------------------------------------------------------
| Event                         nCalls    Total       Avg         Percent of   |
|                                         Time        Time        Active Time  |
|------------------------------------------------------------------------------|
|                                                                              |
| assemble                      48        4.0720      0.084834    11.71        |
| assemble + linear solve       34        30.7100     0.903237    88.29        |
 ------------------------------------------------------------------------------
| Totals:                       82        34.7821                 100.00       |
 ------------------------------------------------------------------------------

Linear solver converged at step: 629, final residual: 2.61098e-12  ||u - u_old|| = 0.0269739
F_norms[2]=4.34775e-07
 Nonlinear solver converged at step 2

F_norms[0]=0.00366487		 etas[0]=0			 n_its[0]=628
F_norms[1]=1.75563e-05		 etas[1]=0			 n_its[1]=629
F_norms[2]=4.34775e-07		 etas[2]=0			 n_its[2]=0
 |TE|_oo = 0
 Scaling timestep by 1
--------------------------------------------------------------------------
Computing Surface fluxes...
Computing Kinetic Energy...
======= Finished time step    15 time=0.15 dt=0.01 =======


======= Starting time step    16 time=0.15 dt=0.01 =======
F_norms[0]=0.00226919
 ------------------------------------------------------------------------------
| Porous Media Performance: Alive time=47.2494, Active time=36.0009            |
 ------------------------------------------------------------------------------
| Event                         nCalls    Total       Avg         Percent of   |
|                                         Time        Time        Active Time  |
|------------------------------------------------------------------------------|
|                                                                              |
| assemble                      50        4.2402      0.084804    11.78        |
| assemble + linear solve       35        31.7607     0.907449    88.22        |
 ------------------------------------------------------------------------------
| Totals:                       85        36.0009                 100.00       |
 ------------------------------------------------------------------------------

Linear solver converged at step: 661, final residual: 4.09515e-10  ||u - u_old|| = 7.14554
F_norms[1]=5.19027e-06
 Nonlinear solver converged at step 1

F_norms[0]=0.00226919		 etas[0]=0			 n_its[0]=661
F_norms[1]=5.19027e-06		 etas[1]=0			 n_its[1]=0
 |TE|_oo = 0
 Scaling timestep by 1
--------------------------------------------------------------------------
Computing Surface fluxes...
Computing Kinetic Energy...
======= Finished time step    16 time=0.16 dt=0.01 =======


======= Starting time step    17 time=0.16 dt=0.01 =======
F_norms[0]=0.00111094
 ------------------------------------------------------------------------------
| Porous Media Performance: Alive time=48.6189, Active time=37.2132            |
 ------------------------------------------------------------------------------
| Event                         nCalls    Total       Avg         Percent of   |
|                                         Time        Time        Active Time  |
|------------------------------------------------------------------------------|
|                                                                              |
| assemble                      52        4.4083      0.084774    11.85        |
| assemble + linear solve       36        32.8050     0.911249    88.15        |
 ------------------------------------------------------------------------------
| Totals:                       88        37.2132                 100.00       |
 ------------------------------------------------------------------------------

Linear solver converged at step: 661, final residual: 9.69058e-11  ||u - u_old|| = 2.09441
F_norms[1]=2.56081e-06
 Nonlinear solver converged at step 1

F_norms[0]=0.00111094		 etas[0]=0			 n_its[0]=661
F_norms[1]=2.56081e-06		 etas[1]=0			 n_its[1]=0
 |TE|_oo = 0
 Scaling timestep by 1
--------------------------------------------------------------------------
Computing Surface fluxes...
Computing Kinetic Energy...
======= Finished time step    17 time=0.17 dt=0.01 =======


======= Starting time step    18 time=0.17 dt=0.01 =======
F_norms[0]=0.000473686
 ------------------------------------------------------------------------------
| Porous Media Performance: Alive time=49.9676, Active time=38.4069            |
 ------------------------------------------------------------------------------
| Event                         nCalls    Total       Avg         Percent of   |
|                                         Time        Time        Active Time  |
|------------------------------------------------------------------------------|
|                                                                              |
| assemble                      54        4.5765      0.084750    11.92        |
| assemble + linear solve       37        33.8304     0.914336    88.08        |
 ------------------------------------------------------------------------------
| Totals:                       91        38.4069                 100.00       |
 ------------------------------------------------------------------------------

Linear solver converged at step: 649, final residual: 2.28987e-11  ||u - u_old|| = 1.14362
F_norms[1]=1.16811e-06
 Nonlinear solver converged at step 1

F_norms[0]=0.000473686		 etas[0]=0			 n_its[0]=649
F_norms[1]=1.16811e-06		 etas[1]=0			 n_its[1]=0
 |TE|_oo = 0
 Scaling timestep by 1
--------------------------------------------------------------------------
Computing Surface fluxes...
Computing Kinetic Energy...
======= Finished time step    18 time=0.18 dt=0.01 =======


======= Starting time step    19 time=0.18 dt=0.01 =======
F_norms[0]=0.000308583
 ------------------------------------------------------------------------------
| Porous Media Performance: Alive time=51.2862, Active time=39.5646            |
 ------------------------------------------------------------------------------
| Event                         nCalls    Total       Avg         Percent of   |
|                                         Time        Time        Active Time  |
|------------------------------------------------------------------------------|
|                                                                              |
| assemble                      56        4.7463      0.084755    12.00        |
| assemble + linear solve       38        34.8183     0.916272    88.00        |
 ------------------------------------------------------------------------------
| Totals:                       94        39.5646                 100.00       |
 ------------------------------------------------------------------------------

Linear solver converged at step: 626, final residual: 1.22788e-11  ||u - u_old|| = 1.42061
F_norms[1]=8.07543e-07
 Nonlinear solver converged at step 1

F_norms[0]=0.000308583		 etas[0]=0			 n_its[0]=626
F_norms[1]=8.07543e-07		 etas[1]=0			 n_its[1]=0
 |TE|_oo = 0
 Scaling timestep by 1
--------------------------------------------------------------------------
Computing Surface fluxes...
Computing Kinetic Energy...
======= Finished time step    19 time=0.19 dt=0.01 =======


======= Starting time step    20 time=0.19 dt=0.01 =======
F_norms[0]=0.000248863
 ------------------------------------------------------------------------------
| Porous Media Performance: Alive time=52.6441, Active time=40.7668            |
 ------------------------------------------------------------------------------
| Event                         nCalls    Total       Avg         Percent of   |
|                                         Time        Time        Active Time  |
|------------------------------------------------------------------------------|
|                                                                              |
| assemble                      58        4.9140      0.084724    12.05        |
| assemble + linear solve       39        35.8528     0.919303    87.95        |
 ------------------------------------------------------------------------------
| Totals:                       97        40.7668                 100.00       |
 ------------------------------------------------------------------------------

Linear solver converged at step: 650, final residual: 9.48634e-12  ||u - u_old|| = 1.04887
F_norms[1]=7.45849e-07
 Nonlinear solver converged at step 1

F_norms[0]=0.000248863		 etas[0]=0			 n_its[0]=650
F_norms[1]=7.45849e-07		 etas[1]=0			 n_its[1]=0
 |TE|_oo = 0
 Scaling timestep by 1
--------------------------------------------------------------------------
Computing Surface fluxes...
Computing Kinetic Energy...
======= Finished time step    20 time=0.2 dt=0.01 =======


======= Starting time step    21 time=0.2 dt=0.01 =======
F_norms[0]=0.000162208
 ------------------------------------------------------------------------------
| Porous Media Performance: Alive time=57.1028, Active time=41.9476            |
 ------------------------------------------------------------------------------
| Event                         nCalls    Total       Avg         Percent of   |
|                                         Time        Time        Active Time  |
|------------------------------------------------------------------------------|
|                                                                              |
| assemble                      60        5.0852      0.084753    12.12        |
| assemble + linear solve       40        36.8624     0.921561    87.88        |
 ------------------------------------------------------------------------------
| Totals:                       100       41.9476                 100.00       |
 ------------------------------------------------------------------------------

Linear solver converged at step: 635, final residual: 5.44814e-12  ||u - u_old|| = 0.539185
F_norms[1]=9.80193e-07
 Nonlinear solver converged at step 1

F_norms[0]=0.000162208		 etas[0]=0			 n_its[0]=635
F_norms[1]=9.80193e-07		 etas[1]=0			 n_its[1]=0
 |TE|_oo = 0
 Scaling timestep by 1
--------------------------------------------------------------------------
Computing Surface fluxes...
Computing Kinetic Energy...
======= Finished time step    21 time=0.21 dt=0.01 =======


======= Starting time step    22 time=0.21 dt=0.01 =======
F_norms[0]=8.25988e-05
 ------------------------------------------------------------------------------
| Porous Media Performance: Alive time=58.4548, Active time=43.1423            |
 ------------------------------------------------------------------------------
| Event                         nCalls    Total       Avg         Percent of   |
|                                         Time        Time        Active Time  |
|------------------------------------------------------------------------------|
|                                                                              |
| assemble                      62        5.2543      0.084747    12.18        |
| assemble + linear solve       41        37.8880     0.924099    87.82        |
 ------------------------------------------------------------------------------
| Totals:                       103       43.1423                 100.00       |
 ------------------------------------------------------------------------------

Linear solver converged at step: 648, final residual: 3.49998e-12  ||u - u_old|| = 0.175776
F_norms[1]=8.75992e-07
 Nonlinear solver converged at step 1

F_norms[0]=8.25988e-05		 etas[0]=0			 n_its[0]=648
F_norms[1]=8.75992e-07		 etas[1]=0			 n_its[1]=0
 |TE|_oo = 0
 Scaling timestep by 1
--------------------------------------------------------------------------
Computing Surface fluxes...
Computing Kinetic Energy...
======= Finished time step    22 time=0.22 dt=0.01 =======


======= Starting time step    23 time=0.22 dt=0.01 =======
F_norms[0]=3.49836e-05
 ------------------------------------------------------------------------------
| Porous Media Performance: Alive time=59.7795, Active time=44.3085            |
 ------------------------------------------------------------------------------
| Event                         nCalls    Total       Avg         Percent of   |
|                                         Time        Time        Active Time  |
|------------------------------------------------------------------------------|
|                                                                              |
| assemble                      64        5.4225      0.084726    12.24        |
| assemble + linear solve       42        38.8860     0.925858    87.76        |
 ------------------------------------------------------------------------------
| Totals:                       106       44.3085                 100.00       |
 ------------------------------------------------------------------------------

Linear solver converged at step: 626, final residual: 1.51405e-12  ||u - u_old|| = 0.0665513
F_norms[1]=5.11757e-07
 Nonlinear solver converged at step 1

F_norms[0]=3.49836e-05		 etas[0]=0			 n_its[0]=626
F_norms[1]=5.11757e-07		 etas[1]=0			 n_its[1]=0
 |TE|_oo = 0
 Scaling timestep by 1
--------------------------------------------------------------------------
Computing Surface fluxes...
Computing Kinetic Energy...
======= Finished time step    23 time=0.23 dt=0.01 =======


======= Starting time step    24 time=0.23 dt=0.01 =======
F_norms[0]=2.04264e-05
 ------------------------------------------------------------------------------
| Porous Media Performance: Alive time=61.1102, Active time=45.4795            |
 ------------------------------------------------------------------------------
| Event                         nCalls    Total       Avg         Percent of   |
|                                         Time        Time        Active Time  |
|------------------------------------------------------------------------------|
|                                                                              |
| assemble                      66        5.5908      0.084709    12.29        |
| assemble + linear solve       43        39.8887     0.927645    87.71        |
 ------------------------------------------------------------------------------
| Totals:                       109       45.4795                 100.00       |
 ------------------------------------------------------------------------------

Linear solver converged at step: 632, final residual: 1.03575e-12  ||u - u_old|| = 0.0911079
F_norms[1]=9.39861e-07
 Nonlinear solver converged at step 1

F_norms[0]=2.04264e-05		 etas[0]=0			 n_its[0]=632
F_norms[1]=9.39861e-07		 etas[1]=0			 n_its[1]=0
 |TE|_oo = 0
 Scaling timestep by 1
--------------------------------------------------------------------------
Computing Surface fluxes...
Computing Kinetic Energy...
======= Finished time step    24 time=0.24 dt=0.01 =======


======= Starting time step    25 time=0.24 dt=0.01 =======
F_norms[0]=1.66883e-05
 ------------------------------------------------------------------------------
| Porous Media Performance: Alive time=62.4917, Active time=46.6997            |
 ------------------------------------------------------------------------------
| Event                         nCalls    Total       Avg         Percent of   |
|                                         Time        Time        Active Time  |
|------------------------------------------------------------------------------|
|                                                                              |
| assemble                      68        5.7590      0.084692    12.33        |
| assemble + linear solve       44        40.9406     0.930468    87.67        |
 ------------------------------------------------------------------------------
| Totals:                       112       46.6997                 100.00       |
 ------------------------------------------------------------------------------

Linear solver converged at step: 661, final residual: 1.55998e-12  ||u - u_old|| = 0.0725508
F_norms[1]=5.14104e-07
 Nonlinear solver converged at step 1

F_norms[0]=1.66883e-05		 etas[0]=0			 n_its[0]=661
F_norms[1]=5.14104e-07		 etas[1]=0			 n_its[1]=0
 |TE|_oo = 0
 Scaling timestep by 1
--------------------------------------------------------------------------
Computing Surface fluxes...
Computing Kinetic Energy...
======= Finished time step    25 time=0.25 dt=0.01 =======


======= Starting time step    26 time=0.25 dt=0.01 =======
F_norms[0]=1.13696e-05
 ------------------------------------------------------------------------------
| Porous Media Performance: Alive time=63.8607, Active time=47.9144            |
 ------------------------------------------------------------------------------
| Event                         nCalls    Total       Avg         Percent of   |
|                                         Time        Time        Active Time  |
|------------------------------------------------------------------------------|
|                                                                              |
| assemble                      70        5.9269      0.084670    12.37        |
| assemble + linear solve       45        41.9875     0.933056    87.63        |
 ------------------------------------------------------------------------------
| Totals:                       115       47.9144                 100.00       |
 ------------------------------------------------------------------------------

Linear solver converged at step: 661, final residual: 1.06005e-12  ||u - u_old|| = 0.0399764
F_norms[1]=5.08417e-07
 Nonlinear solver converged at step 1

F_norms[0]=1.13696e-05		 etas[0]=0			 n_its[0]=661
F_norms[1]=5.08417e-07		 etas[1]=0			 n_its[1]=0
 |TE|_oo = 0
 Scaling timestep by 1
--------------------------------------------------------------------------
Computing Surface fluxes...
Computing Kinetic Energy...
======= Finished time step    26 time=0.26 dt=0.01 =======


======= Starting time step    27 time=0.26 dt=0.01 =======
F_norms[0]=6.07981e-06
 Nonlinear solver converged at step 0

F_norms[0]=6.07981e-06		 etas[0]=0			 n_its[0]=0
 |TE|_oo = 0
 Scaling timestep by 1
--------------------------------------------------------------------------
Computing Surface fluxes...
Computing Kinetic Energy...
======= Finished time step    27 time=0.27 dt=0.01 =======


Steady State Reached: Terminating Simulation.
 ------------------------------------------------------------------------------
| Porous Media Performance: Alive time=67.3331, Active time=48.0822            |
 ------------------------------------------------------------------------------
| Event                         nCalls    Total       Avg         Percent of   |
|                                         Time        Time        Active Time  |
|------------------------------------------------------------------------------|
|                                                                              |
| assemble                      72        6.0946      0.084648    12.68        |
| assemble + linear solve       45        41.9875     0.933056    87.32        |
 ------------------------------------------------------------------------------
| Totals:                       117       48.0822                 100.00       |
 ------------------------------------------------------------------------------

************************************************************************************************************************
***             WIDEN YOUR WINDOW TO 120 CHARACTERS.  Use 'enscript -r -fCourier9' to print this document            ***
************************************************************************************************************************

---------------------------------------------- PETSc Performance Summary: ----------------------------------------------

./pm on a linux named columbia9 with 32 processors, by benkirk Wed Apr 19 17:14:41 2006
Using Petsc Version 2.2.0, Patch 0, Released Feb 27, 2004

                         Max       Max/Min        Avg      Total 
Time (sec):           6.807e+01      1.02963   6.681e+01
Objects:              0.000e+00      0.00000   0.000e+00
Flops:                1.466e+10      1.26496   1.317e+10  4.216e+11
Flops/sec:            2.153e+08      1.22876   1.972e+08  6.309e+09
MPI Messages:         3.780e+05      3.50000   2.565e+05  8.207e+06
MPI Message Lengths:  1.933e+08      2.42760   5.699e+02  4.678e+09
MPI Reductions:       2.577e+03      1.00000

Flop counting convention: 1 flop = 1 real number operation of type (multiply/divide/add/subtract)
                            e.g., VecAXPY() for real vectors of length N --> 2N flops
                            and VecAXPY() for complex vectors of length N --> 8N flops

Summary of Stages:   ----- Time ------  ----- Flops -----  --- Messages ---  -- Message Lengths --  -- Reductions --
                        Avg     %Total     Avg     %Total   counts   %Total     Avg         %Total   counts   %Total 
 0:      Main Stage: 6.6805e+01 100.0%  4.2155e+11 100.0%  8.207e+06 100.0%  5.699e+02      100.0%  8.247e+04 100.0% 

------------------------------------------------------------------------------------------------------------------------
See the 'Profiling' chapter of the users' manual for details on interpreting output.
Phase summary info:
   Count: number of times phase was executed
   Time and Flops/sec: Max - maximum over all processors
                       Ratio - ratio of maximum to minimum over all processors
   Mess: number of messages sent
   Avg. len: average message length
   Reduct: number of global reductions
   Global: entire computation
   Stage: stages of a computation. Set stages with PetscLogStagePush() and PetscLogStagePop().
      %T - percent time in this phase         %F - percent flops in this phase
      %M - percent messages in this phase     %L - percent message lengths in this phase
      %R - percent reductions in this phase
   Total Mflop/s: 10e-6 * (sum of flops over all processors)/(max time over all processors)
------------------------------------------------------------------------------------------------------------------------


      ##########################################################
      #                                                        #
      #                          WARNING!!!                    #
      #                                                        #
      #   This code was run without the PreLoadBegin()         #
      #   macros. To get timing results we always recommend    #
      #   preloading. otherwise timing numbers may be          #
      #   meaningless.                                         #
      ##########################################################


Event                Count      Time (sec)     Flops/sec                         --- Global ---  --- Stage ---   Total
                   Max Ratio  Max     Ratio   Max  Ratio  Mess   Avg len Reduct  %T %F %M %L %R  %T %F %M %L %R Mflop/s
------------------------------------------------------------------------------------------------------------------------

--- Event Stage 0: Main Stage

VecDot             53506 1.0 5.9421e+00 4.0 1.68e+08 5.0 0.0e+00 0.0e+00 5.4e+04  6  2  0  0 65   6  2  0  0 65  1228
VecNorm            26936 1.0 4.8908e+00 5.9 1.54e+08 7.5 0.0e+00 0.0e+00 2.7e+04  5  1  0  0 33   5  1  0  0 33   751
VecCopy              443 1.0 1.2890e-02 1.4 0.00e+00 0.0 0.0e+00 0.0e+00 0.0e+00  0  0  0  0  0   0  0  0  0  0     0
VecSet             53993 1.0 9.4829e-02 1.2 0.00e+00 0.0 0.0e+00 0.0e+00 0.0e+00  0  0  0  0  0   0  0  0  0  0     0
VecAXPY           107091 1.0 2.7680e-01 1.1 1.88e+09 1.2 0.0e+00 0.0e+00 0.0e+00  0  3  0  0  0   0  3  0  0  0 52785
VecAYPX            53468 1.0 1.2832e+00 1.2 1.96e+08 1.0 0.0e+00 0.0e+00 0.0e+00  2  2  0  0  0   2  2  0  0  0  5685
VecWAXPY          106868 1.0 2.3647e+00 1.3 1.98e+08 1.1 0.0e+00 0.0e+00 0.0e+00  3  3  0  0  0   3  3  0  0  0  5395
VecAssemblyBegin     333 1.0 6.1761e-01 3.0 0.00e+00 0.0 1.5e+04 9.1e+02 1.0e+03  1  0  0  0  1   1  0  0  0  1     0
VecAssemblyEnd       333 1.0 1.9904e-02 1.9 0.00e+00 0.0 0.0e+00 0.0e+00 0.0e+00  0  0  0  0  0   0  0  0  0  0     0
VecScatterBegin    53723 1.0 3.3975e+00 6.7 0.00e+00 0.0 8.2e+06 5.5e+02 0.0e+00  3  0 99 95  0   3  0 99 95  0     0
VecScatterEnd      53723 1.0 1.5511e+00 3.0 0.00e+00 0.0 0.0e+00 0.0e+00 0.0e+00  1  0  0  0  0   1  0  0  0  0     0
MatMult            53578 1.0 1.7044e+01 1.4 4.85e+08 1.3 8.1e+06 5.5e+02 0.0e+00 21 45 99 95  0  21 45 99 95  0 11240
MatMultAdd            72 1.0 4.2213e-02 1.5 2.98e+08 1.6 1.1e+04 5.5e+02 0.0e+00  0  0  0  0  0   0  0  0  0  0  6245
MatSolve           53578 1.0 1.7321e+01 1.3 3.77e+08 1.0 0.0e+00 0.0e+00 0.0e+00 23 43  0  0  0  23 43  0  0  0 10551
MatLUFactorNum        72 1.0 2.4638e-01 1.3 1.91e+08 1.0 0.0e+00 0.0e+00 0.0e+00  0  0  0  0  0   0  0  0  0  0  5411
MatILUFactorSym        2 1.0 3.6352e-03 2.8 0.00e+00 0.0 0.0e+00 0.0e+00 2.0e+00  0  0  0  0  0   0  0  0  0  0     0
MatAssemblyBegin     216 1.0 5.3117e-01 2.0 0.00e+00 0.0 1.5e+04 1.4e+04 4.3e+02  1  0  0  4  1   1  0  0  4  1     0
MatAssemblyEnd       216 1.0 1.4747e-01 1.7 0.00e+00 0.0 3.0e+02 3.1e+02 2.3e+02  0  0  0  0  0   0  0  0  0  0     0
MatGetOrdering         2 1.0 8.2612e-04 1.8 0.00e+00 0.0 0.0e+00 0.0e+00 4.0e+00  0  0  0  0  0   0  0  0  0  0     0
MatZeroEntries       103 1.0 1.2733e-02 1.3 0.00e+00 0.0 0.0e+00 0.0e+00 0.0e+00  0  0  0  0  0   0  0  0  0  0     0
KSPSetup             144 1.0 5.8887e-03 1.8 0.00e+00 0.0 0.0e+00 0.0e+00 0.0e+00  0  0  0  0  0   0  0  0  0  0     0
KSPSolve              72 1.0 4.2124e+01 1.0 3.48e+08 1.3 8.1e+06 5.5e+02 8.0e+04 63100 99 95 97  63100 99 95 97 10000
PCSetUp              144 1.0 2.8232e-01 1.2 1.66e+08 1.1 0.0e+00 0.0e+00 6.0e+00  0  0  0  0  0   0  0  0  0  0  4722
PCSetUpOnBlocks       72 1.0 2.5904e-01 1.3 1.82e+08 1.0 0.0e+00 0.0e+00 6.0e+00  0  0  0  0  0   0  0  0  0  0  5147
PCApply            53578 1.0 1.7950e+01 1.3 3.62e+08 1.0 0.0e+00 0.0e+00 0.0e+00 24 43  0  0  0  24 43  0  0  0 10181
------------------------------------------------------------------------------------------------------------------------

Memory usage is given in bytes:

Object Type          Creations   Destructions   Memory  Descendants' Mem.

--- Event Stage 0: Main Stage

           Index Set    83             83     765816     0
                 Map   196            196      50176     0
                 Vec   198            198    3034128     0
         Vec Scatter    75             75    3976452     0
              Matrix     8              8    2799068     1.24471e+06
       Krylov Solver     4              4        304     296208
      Preconditioner     4              4        480     1.15181e+06
========================================================================================================================
Average time to get PetscTime(): 1.3113e-06
Average time for MPI_Barrier(): 7.58171e-06
Average time for zero size MPI_Send(): 0.000153318
Compiled without FORTRAN kernels
Compiled with double precision matrices (default)
sizeof(short) 2 sizeof(int) 4 sizeof(long) 8 sizeof(void *) 8   
Libraries compiled on Tue Dec 13 11:13:18 PST 2005 on columbia  
Machine characteristics: Linux columbia 2.6.5-7.202.5-sn2 #1 SMP Thu Aug 25 06:20:45 UTC 2005 ia64 ia64 ia64 GNU/Linux  
Using PETSc directory: /u/benkirk/petsc-2.2.0 
Using PETSc arch: linux64_intel 
-----------------------------------------   
Using C compiler: icc -KPIC -O2 -ftz -I/u/benkirk/petsc-2.2.0 -I/u/benkirk/petsc-2.2.0/bmake/linux64_intel -I/u/benkirk/petsc-2.2.0/include   -I/opt/sgi/mpt/1.12.0.0/include                                                                                                                           -DPETSC_USE_FOR_KERNELS -DPETSC_USE_LOG -DPETSC_USE_DEBUG -DPETSC_USE_BOPT_O -DPETSC_USE_EXTERN_CXX -DMPI_NO_CPPBIND -wd1476 -D__SDIR__='. '  
C Compiler version: 
Intel(R) C Itanium(R) Compiler for Itanium(R)-based applications 
Version 9.0    Build 20051020 Package ID: l_cc_c_9.0.027 
C++ Compiler version: 
Intel(R) C Itanium(R) Compiler for Itanium(R)-based applications 
Using Fortran compiler: ifort -w -KPIC -O2 -ftz -I/u/benkirk/petsc-2.2.0 -I/u/benkirk/petsc-2.2.0/bmake/linux64_intel -I/u/benkirk/petsc-2.2.0/include   -I/opt/sgi/mpt/1.12.0.0/include                                                                                                                           -DPETSC_USE_FOR_KERNELS -DPETSC_USE_LOG -DPETSC_USE_DEBUG -DPETSC_USE_BOPT_O -DPETSC_USE_EXTERN_CXX  
Fortran Compiler version: 
Intel(R) Fortran Itanium(R) Compiler for Itanium(R)-based applications 
Version 9.0    Build 20051020 Package ID: l_fc_c_9.0.028 
-----------------------------------------   
Using PETSc flags: -DPETSC_USE_FOR_KERNELS -DPETSC_USE_LOG -DPETSC_USE_DEBUG -DPETSC_USE_BOPT_O -DPETSC_USE_EXTERN_CXX                                                                                                                        
----------------------------------------- 
Using configuration flags: 
----------------------------------------- 
Using include paths: -I/u/benkirk/petsc-2.2.0 -I/u/benkirk/petsc-2.2.0/bmake/linux64_intel -I/u/benkirk/petsc-2.2.0/include   -I/opt/sgi/mpt/1.12.0.0/include    
------------------------------------------   
Using C linker: icc -i_dynamic -O2 -ftz -Qoption,link,-rpath,/u/benkirk/petsc-2.2.0/lib/libO/linux64_intel  
Using Fortran linker: icc -i_dynamic -O2 -ftz -Qoption,link,-rpath,/u/benkirk/petsc-2.2.0/lib/libO/linux64_intel  
Using libraries: -L/u/benkirk/petsc-2.2.0/lib/libO/linux64_intel -lpetscts -lpetscsnes -lpetscksp -lpetscdm -lpetscmat -lpetscvec -lpetsc                                                                                                                                                                                                                                                                              -Wl,-rpath,/opt/sgi/scsl/1.6.1.0/lib -L/opt/sgi/scsl/1.6.1.0/lib -lscs -L/opt/sgi/mpt/1.12.0.0/lib -lmpi -lifport -lifcoremt -ldl -limf -lm -lcxa -lunwind -lpthread -lirc 
 -------------------------------------------------------------------------------

 Run completed in 71 seconds
