
 -----------------------------------------------
| Master Host:   cfe1.nas.nasa.gov
| Working Dir:   /u/benkirk/nobackup/bmurray_code/run.columbia
| # of Procs:    4
| Case name::    pm_jwp
 -----------------------------------------------

Using input file: pm_jwp.in
Initializing EquationSystems ... 
 Mesh Information:
  mesh_dimension()=2
  spatial_dimension()=3
  n_nodes()=22801
  n_elem()=22500
   n_local_elem()=5625
   n_active_elem()=22500
  n_subdomains()=1
  n_processors()=4
  processor_id()=0

 EquationSystems
  n_systems()=2
   System "Porous Media"
    Type "TransientLinearImplicit"
    Variables="p" "t" "s" 
    Finite Element Types="LAGRANGE" "LAGRANGE" "LAGRANGE" 
    Approximation Orders="FIRST" "FIRST" "FIRST" 
    n_dofs()=68403
    n_local_dofs()=17379
    n_constrained_dofs()=0
    n_vectors()=6
   System "Velocity"
    Type "TransientLinearImplicit"
    Variables="u" "v" 
    Finite Element Types="LAGRANGE" "LAGRANGE" 
    Approximation Orders="FIRST" "FIRST" 
    n_dofs()=45602
    n_local_dofs()=11586
    n_constrained_dofs()=0
    n_vectors()=3

======= Starting time step     1 time=0 dt=0.01 =======
F_norms[0]=0.115883

-------------------------------------------------------
| Processor id:   0                                    |
| Num Processors: 4                                    |
| Time:           Wed Apr 19 17:04:07 2006             |
| OS:             Linux                                |
| HostName:       columbia9                            |
| OS Release:     2.6.5-7.202.7-sn2                    |
| OS Version:     #5 SMP Thu Mar 16 17:51:36 PST 2006  |
| Machine:        ia64                                 |
| Username:       benkirk                              |
-------------------------------------------------------
 ------------------------------------------------------------------------------
| Porous Media Performance: Alive time=11.0392, Active time=7.35852            |
 ------------------------------------------------------------------------------
| Event                         nCalls    Total       Avg         Percent of   |
|                                         Time        Time        Active Time  |
|------------------------------------------------------------------------------|
|                                                                              |
| assemble                      1         0.5475      0.547516    7.44         |
| assemble + linear solve       1         6.8110      6.811006    92.56        |
 ------------------------------------------------------------------------------
| Totals:                       2         7.3585                  100.00       |
 ------------------------------------------------------------------------------

Linear solver converged at step: 375, final residual: 8.48617e-11  ||u - u_old|| = 1.30631
F_norms[1]=8.85703e-07
 Nonlinear solver converged at step 1

F_norms[0]=0.115883		 etas[0]=0			 n_its[0]=375
F_norms[1]=8.85703e-07		 etas[1]=0			 n_its[1]=0
Computing Surface fluxes...
Computing Kinetic Energy...
======= Finished time step     1 time=0.01 dt=0.01 =======


======= Starting time step     2 time=0.01 dt=0.01 =======
F_norms[0]=0.000193035
 ------------------------------------------------------------------------------
| Porous Media Performance: Alive time=19.3947, Active time=15.2353            |
 ------------------------------------------------------------------------------
| Event                         nCalls    Total       Avg         Percent of   |
|                                         Time        Time        Active Time  |
|------------------------------------------------------------------------------|
|                                                                              |
| assemble                      3         1.6180      0.539338    10.62        |
| assemble + linear solve       2         13.6173     6.808664    89.38        |
 ------------------------------------------------------------------------------
| Totals:                       5         15.2353                 100.00       |
 ------------------------------------------------------------------------------

Linear solver converged at step: 376, final residual: 4.57161e-11  ||u - u_old|| = 0.493439
F_norms[1]=1.68828e-06
 Nonlinear solver converged at step 1

F_norms[0]=0.000193035		 etas[0]=0			 n_its[0]=376
F_norms[1]=1.68828e-06		 etas[1]=0			 n_its[1]=0
Computing Surface fluxes...
Computing Kinetic Energy...
======= Finished time step     2 time=0.02 dt=0.01 =======


======= Starting time step     3 time=0.02 dt=0.01 =======
F_norms[0]=0.000403061
 ------------------------------------------------------------------------------
| Porous Media Performance: Alive time=26.9621, Active time=22.3534            |
 ------------------------------------------------------------------------------
| Event                         nCalls    Total       Avg         Percent of   |
|                                         Time        Time        Active Time  |
|------------------------------------------------------------------------------|
|                                                                              |
| assemble                      5         2.6869      0.537382    12.02        |
| assemble + linear solve       3         19.6665     6.555502    87.98        |
 ------------------------------------------------------------------------------
| Totals:                       8         22.3534                 100.00       |
 ------------------------------------------------------------------------------

Linear solver converged at step: 334, final residual: 8.16949e-11  ||u - u_old|| = 1.00517
F_norms[1]=7.01367e-06
 Nonlinear solver converged at step 1

F_norms[0]=0.000403061		 etas[0]=0			 n_its[0]=334
F_norms[1]=7.01367e-06		 etas[1]=0			 n_its[1]=0
 |TE|_oo = 0
 Scaling timestep by 1
--------------------------------------------------------------------------
Computing Surface fluxes...
Computing Kinetic Energy...
======= Finished time step     3 time=0.03 dt=0.01 =======


======= Starting time step     4 time=0.03 dt=0.01 =======
F_norms[0]=0.000846787
 ------------------------------------------------------------------------------
| Porous Media Performance: Alive time=35.3674, Active time=30.3019            |
 ------------------------------------------------------------------------------
| Event                         nCalls    Total       Avg         Percent of   |
|                                         Time        Time        Active Time  |
|------------------------------------------------------------------------------|
|                                                                              |
| assemble                      7         3.7585      0.536934    12.40        |
| assemble + linear solve       4         26.5434     6.635850    87.60        |
 ------------------------------------------------------------------------------
| Totals:                       11        30.3019                 100.00       |
 ------------------------------------------------------------------------------

Linear solver converged at step: 380, final residual: 1.99455e-10  ||u - u_old|| = 2.08886
F_norms[1]=3.04972e-05
 ------------------------------------------------------------------------------
| Porous Media Performance: Alive time=41.832, Active time=36.7117             |
 ------------------------------------------------------------------------------
| Event                         nCalls    Total       Avg         Percent of   |
|                                         Time        Time        Active Time  |
|------------------------------------------------------------------------------|
|                                                                              |
| assemble                      8         4.2941      0.536762    11.70        |
| assemble + linear solve       5         32.4177     6.483530    88.30        |
 ------------------------------------------------------------------------------
| Totals:                       13        36.7117                 100.00       |
 ------------------------------------------------------------------------------

Linear solver converged at step: 324, final residual: 7.62666e-12  ||u - u_old|| = 0.0227504
F_norms[2]=2.92412e-07
 Nonlinear solver converged at step 2

F_norms[0]=0.000846787		 etas[0]=0			 n_its[0]=380
F_norms[1]=3.04972e-05		 etas[1]=0			 n_its[1]=324
F_norms[2]=2.92412e-07		 etas[2]=0			 n_its[2]=0
 |TE|_oo = 0
 Scaling timestep by 1
--------------------------------------------------------------------------
Computing Surface fluxes...
Computing Kinetic Energy...
======= Finished time step     4 time=0.04 dt=0.01 =======


======= Starting time step     5 time=0.04 dt=0.01 =======
F_norms[0]=0.00177368
 ------------------------------------------------------------------------------
| Porous Media Performance: Alive time=50.3512, Active time=44.7871            |
 ------------------------------------------------------------------------------
| Event                         nCalls    Total       Avg         Percent of   |
|                                         Time        Time        Active Time  |
|------------------------------------------------------------------------------|
|                                                                              |
| assemble                      10        5.3680      0.536801    11.99        |
| assemble + linear solve       6         39.4191     6.569852    88.01        |
 ------------------------------------------------------------------------------
| Totals:                       16        44.7871                 100.00       |
 ------------------------------------------------------------------------------

Linear solver converged at step: 387, final residual: 3.86001e-10  ||u - u_old|| = 4.38936
F_norms[1]=0.000134663
 ------------------------------------------------------------------------------
| Porous Media Performance: Alive time=56.7705, Active time=51.15              |
 ------------------------------------------------------------------------------
| Event                         nCalls    Total       Avg         Percent of   |
|                                         Time        Time        Active Time  |
|------------------------------------------------------------------------------|
|                                                                              |
| assemble                      11        5.9024      0.536581    11.54        |
| assemble + linear solve       7         45.2476     6.463949    88.46        |
 ------------------------------------------------------------------------------
| Totals:                       18        51.1500                 100.00       |
 ------------------------------------------------------------------------------

Linear solver converged at step: 322, final residual: 4.04078e-11  ||u - u_old|| = 0.106496
F_norms[2]=6.97979e-07
 Nonlinear solver converged at step 2

F_norms[0]=0.00177368		 etas[0]=0			 n_its[0]=387
F_norms[1]=0.000134663		 etas[1]=0			 n_its[1]=322
F_norms[2]=6.97979e-07		 etas[2]=0			 n_its[2]=0
 |TE|_oo = 0
 Scaling timestep by 1
--------------------------------------------------------------------------
Computing Surface fluxes...
Computing Kinetic Energy...
======= Finished time step     5 time=0.05 dt=0.01 =======


======= Starting time step     6 time=0.05 dt=0.01 =======
F_norms[0]=0.00373876
 ------------------------------------------------------------------------------
| Porous Media Performance: Alive time=65.6581, Active time=59.5813            |
 ------------------------------------------------------------------------------
| Event                         nCalls    Total       Avg         Percent of   |
|                                         Time        Time        Active Time  |
|------------------------------------------------------------------------------|
|                                                                              |
| assemble                      13        6.9730      0.536386    11.70        |
| assemble + linear solve       8         52.6083     6.576039    88.30        |
 ------------------------------------------------------------------------------
| Totals:                       21        59.5813                 100.00       |
 ------------------------------------------------------------------------------

Linear solver converged at step: 407, final residual: 9.97331e-10  ||u - u_old|| = 9.57455
F_norms[1]=0.000635806
 ------------------------------------------------------------------------------
| Porous Media Performance: Alive time=73.8898, Active time=67.7693            |
 ------------------------------------------------------------------------------
| Event                         nCalls    Total       Avg         Percent of   |
|                                         Time        Time        Active Time  |
|------------------------------------------------------------------------------|
|                                                                              |
| assemble                      14        7.5074      0.536242    11.08        |
| assemble + linear solve       9         60.2619     6.695768    88.92        |
 ------------------------------------------------------------------------------
| Totals:                       23        67.7693                 100.00       |
 ------------------------------------------------------------------------------

Linear solver converged at step: 423, final residual: 1.89841e-10  ||u - u_old|| = 0.626085
F_norms[2]=4.18735e-06
 Nonlinear solver converged at step 2

F_norms[0]=0.00373876		 etas[0]=0			 n_its[0]=407
F_norms[1]=0.000635806		 etas[1]=0			 n_its[1]=423
F_norms[2]=4.18735e-06		 etas[2]=0			 n_its[2]=0
 |TE|_oo = 0
 Scaling timestep by 1
--------------------------------------------------------------------------
Computing Surface fluxes...
Computing Kinetic Energy...
======= Finished time step     6 time=0.06 dt=0.01 =======


======= Starting time step     7 time=0.06 dt=0.01 =======
F_norms[0]=0.00820586
 ------------------------------------------------------------------------------
| Porous Media Performance: Alive time=83.0149, Active time=76.4547            |
 ------------------------------------------------------------------------------
| Event                         nCalls    Total       Avg         Percent of   |
|                                         Time        Time        Active Time  |
|------------------------------------------------------------------------------|
|                                                                              |
| assemble                      16        8.5753      0.535955    11.22        |
| assemble + linear solve       10        67.8794     6.787938    88.78        |
 ------------------------------------------------------------------------------
| Totals:                       26        76.4547                 100.00       |
 ------------------------------------------------------------------------------

Linear solver converged at step: 421, final residual: 1.94005e-09  ||u - u_old|| = 24.7065
F_norms[1]=0.00409304
 ------------------------------------------------------------------------------
| Porous Media Performance: Alive time=92.2765, Active time=85.6797            |
 ------------------------------------------------------------------------------
| Event                         nCalls    Total       Avg         Percent of   |
|                                         Time        Time        Active Time  |
|------------------------------------------------------------------------------|
|                                                                              |
| assemble                      17        9.1089      0.535820    10.63        |
| assemble + linear solve       11        76.5707     6.960974    89.37        |
 ------------------------------------------------------------------------------
| Totals:                       28        85.6797                 100.00       |
 ------------------------------------------------------------------------------

Linear solver converged at step: 481, final residual: 1.06942e-09  ||u - u_old|| = 8.25573
F_norms[2]=0.000525253
 ------------------------------------------------------------------------------
| Porous Media Performance: Alive time=104.778, Active time=98.1437            |
 ------------------------------------------------------------------------------
| Event                         nCalls    Total       Avg         Percent of   |
|                                         Time        Time        Active Time  |
|------------------------------------------------------------------------------|
|                                                                              |
| assemble                      18        9.6423      0.535683    9.82         |
| assemble + linear solve       12        88.5014     7.375117    90.18        |
 ------------------------------------------------------------------------------
| Totals:                       30        98.1437                 100.00       |
 ------------------------------------------------------------------------------

Linear solver converged at step: 661, final residual: 1.05263e-07  ||u - u_old|| = 0.944043
F_norms[3]=7.12712e-05
 ------------------------------------------------------------------------------
| Porous Media Performance: Alive time=114.26, Active time=107.588             |
 ------------------------------------------------------------------------------
| Event                         nCalls    Total       Avg         Percent of   |
|                                         Time        Time        Active Time  |
|------------------------------------------------------------------------------|
|                                                                              |
| assemble                      19        10.1754     0.535548    9.46         |
| assemble + linear solve       13        97.4124     7.493263    90.54        |
 ------------------------------------------------------------------------------
| Totals:                       32        107.5878                100.00       |
 ------------------------------------------------------------------------------

Linear solver converged at step: 493, final residual: 7.90699e-13  ||u - u_old|| = 0.00421075
F_norms[4]=2.41053e-07
 Nonlinear solver converged at step 4

F_norms[0]=0.00820586		 etas[0]=0			 n_its[0]=421
F_norms[1]=0.00409304		 etas[1]=0			 n_its[1]=481
F_norms[2]=0.000525253		 etas[2]=0			 n_its[2]=661
F_norms[3]=7.12712e-05		 etas[3]=0			 n_its[3]=493
F_norms[4]=2.41053e-07		 etas[4]=0			 n_its[4]=0
 |TE|_oo = 0
 Scaling timestep by 1
--------------------------------------------------------------------------
Computing Surface fluxes...
Computing Kinetic Energy...
======= Finished time step     7 time=0.07 dt=0.01 =======


======= Starting time step     8 time=0.07 dt=0.01 =======
F_norms[0]=0.0228153
 ------------------------------------------------------------------------------
| Porous Media Performance: Alive time=124.868, Active time=117.616            |
 ------------------------------------------------------------------------------
| Event                         nCalls    Total       Avg         Percent of   |
|                                         Time        Time        Active Time  |
|------------------------------------------------------------------------------|
|                                                                              |
| assemble                      21        11.2436     0.535409    9.56         |
| assemble + linear solve       14        106.3725    7.598037    90.44        |
 ------------------------------------------------------------------------------
| Totals:                       35        117.6161                100.00       |
 ------------------------------------------------------------------------------

Linear solver converged at step: 496, final residual: 3.40283e-09  ||u - u_old|| = 162.458
F_norms[1]=0.132987
 ------------------------------------------------------------------------------
| Porous Media Performance: Alive time=137.464, Active time=130.084            |
 ------------------------------------------------------------------------------
| Event                         nCalls    Total       Avg         Percent of   |
|                                         Time        Time        Active Time  |
|------------------------------------------------------------------------------|
|                                                                              |
| assemble                      22        11.7785     0.535386    9.05         |
| assemble + linear solve       15        118.3051    7.887004    90.95        |
 ------------------------------------------------------------------------------
| Totals:                       37        130.0836                100.00       |
 ------------------------------------------------------------------------------

Linear solver converged at step: 661, final residual: 0.000541954  ||u - u_old|| = 75.8032
F_norms[2]=0.0215807
 ------------------------------------------------------------------------------
| Porous Media Performance: Alive time=150.05, Active time=142.553             |
 ------------------------------------------------------------------------------
| Event                         nCalls    Total       Avg         Percent of   |
|                                         Time        Time        Active Time  |
|------------------------------------------------------------------------------|
|                                                                              |
| assemble                      23        12.3129     0.535345    8.64         |
| assemble + linear solve       16        130.2397    8.139981    91.36        |
 ------------------------------------------------------------------------------
| Totals:                       39        142.5526                100.00       |
 ------------------------------------------------------------------------------

Linear solver converged at step: 661, final residual: 2.07382e-07  ||u - u_old|| = 42.6072
F_norms[3]=0.00211842
 ------------------------------------------------------------------------------
| Porous Media Performance: Alive time=162.568, Active time=155.029            |
 ------------------------------------------------------------------------------
| Event                         nCalls    Total       Avg         Percent of   |
|                                         Time        Time        Active Time  |
|------------------------------------------------------------------------------|
|                                                                              |
| assemble                      24        12.8475     0.535314    8.29         |
| assemble + linear solve       17        142.1810    8.363590    91.71        |
 ------------------------------------------------------------------------------
| Totals:                       41        155.0286                100.00       |
 ------------------------------------------------------------------------------

Linear solver converged at step: 661, final residual: 2.81961e-08  ||u - u_old|| = 4.05217
F_norms[4]=3.49693e-05
 ------------------------------------------------------------------------------
| Porous Media Performance: Alive time=175.079, Active time=167.499            |
 ------------------------------------------------------------------------------
| Event                         nCalls    Total       Avg         Percent of   |
|                                         Time        Time        Active Time  |
|------------------------------------------------------------------------------|
|                                                                              |
| assemble                      25        13.3827     0.535308    7.99         |
| assemble + linear solve       18        154.1165    8.562029    92.01        |
 ------------------------------------------------------------------------------
| Totals:                       43        167.4992                100.00       |
 ------------------------------------------------------------------------------

Linear solver converged at step: 661, final residual: 9.32751e-09  ||u - u_old|| = 0.048272
F_norms[5]=8.33474e-07
 Nonlinear solver converged at step 5

F_norms[0]=0.0228153		 etas[0]=0			 n_its[0]=496
F_norms[1]=0.132987		 etas[1]=0			 n_its[1]=661
F_norms[2]=0.0215807		 etas[2]=0			 n_its[2]=661
F_norms[3]=0.00211842		 etas[3]=0			 n_its[3]=661
F_norms[4]=3.49693e-05		 etas[4]=0			 n_its[4]=661
F_norms[5]=8.33474e-07		 etas[5]=0			 n_its[5]=0
 |TE|_oo = 0
 Scaling timestep by 1
--------------------------------------------------------------------------
Computing Surface fluxes...
Computing Kinetic Energy...
======= Finished time step     8 time=0.08 dt=0.01 =======


======= Starting time step     9 time=0.08 dt=0.01 =======
F_norms[0]=0.063295
 ------------------------------------------------------------------------------
| Porous Media Performance: Alive time=188.548, Active time=180.524            |
 ------------------------------------------------------------------------------
| Event                         nCalls    Total       Avg         Percent of   |
|                                         Time        Time        Active Time  |
|------------------------------------------------------------------------------|
|                                                                              |
| assemble                      27        14.4537     0.535323    8.01         |
| assemble + linear solve       19        166.0699    8.740519    91.99        |
 ------------------------------------------------------------------------------
| Totals:                       46        180.5236                100.00       |
 ------------------------------------------------------------------------------

Linear solver converged at step: 661, final residual: 5.72843e-05  ||u - u_old|| = 487.73
F_norms[1]=0.134405
 ------------------------------------------------------------------------------
| Porous Media Performance: Alive time=201.102, Active time=193.043            |
 ------------------------------------------------------------------------------
| Event                         nCalls    Total       Avg         Percent of   |
|                                         Time        Time        Active Time  |
|------------------------------------------------------------------------------|
|                                                                              |
| assemble                      28        14.9906     0.535378    7.77         |
| assemble + linear solve       20        178.0521    8.902604    92.23        |
 ------------------------------------------------------------------------------
| Totals:                       48        193.0427                100.00       |
 ------------------------------------------------------------------------------

Linear solver converged at step: 661, final residual: 6.01303e-08  ||u - u_old|| = 143.222
F_norms[2]=0.0227398
 ------------------------------------------------------------------------------
| Porous Media Performance: Alive time=212.316, Active time=204.221            |
 ------------------------------------------------------------------------------
| Event                         nCalls    Total       Avg         Percent of   |
|                                         Time        Time        Active Time  |
|------------------------------------------------------------------------------|
|                                                                              |
| assemble                      29        15.5271     0.535418    7.60         |
| assemble + linear solve       21        188.6935    8.985404    92.40        |
 ------------------------------------------------------------------------------
| Totals:                       50        204.2206                100.00       |
 ------------------------------------------------------------------------------

Linear solver converged at step: 587, final residual: 6.29055e-09  ||u - u_old|| = 17.8487
F_norms[3]=0.000999228
 ------------------------------------------------------------------------------
| Porous Media Performance: Alive time=222.144, Active time=214.011            |
 ------------------------------------------------------------------------------
| Event                         nCalls    Total       Avg         Percent of   |
|                                         Time        Time        Active Time  |
|------------------------------------------------------------------------------|
|                                                                              |
| assemble                      30        16.0641     0.535470    7.51         |
| assemble + linear solve       22        197.9472    8.997601    92.49        |
 ------------------------------------------------------------------------------
| Totals:                       52        214.0113                100.00       |
 ------------------------------------------------------------------------------

Linear solver converged at step: 510, final residual: 3.25051e-10  ||u - u_old|| = 0.522508
F_norms[4]=1.42445e-06
 Nonlinear solver converged at step 4

F_norms[0]=0.063295		 etas[0]=0			 n_its[0]=661
F_norms[1]=0.134405		 etas[1]=0			 n_its[1]=661
F_norms[2]=0.0227398		 etas[2]=0			 n_its[2]=587
F_norms[3]=0.000999228		 etas[3]=0			 n_its[3]=510
F_norms[4]=1.42445e-06		 etas[4]=0			 n_its[4]=0
 |TE|_oo = 0
 Scaling timestep by 1
--------------------------------------------------------------------------
Computing Surface fluxes...
Computing Kinetic Energy...
======= Finished time step     9 time=0.09 dt=0.01 =======


======= Starting time step    10 time=0.09 dt=0.01 =======
F_norms[0]=0.0642631
 ------------------------------------------------------------------------------
| Porous Media Performance: Alive time=234.669, Active time=226.095            |
 ------------------------------------------------------------------------------
| Event                         nCalls    Total       Avg         Percent of   |
|                                         Time        Time        Active Time  |
|------------------------------------------------------------------------------|
|                                                                              |
| assemble                      32        17.1367     0.535522    7.58         |
| assemble + linear solve       23        208.9587    9.085162    92.42        |
 ------------------------------------------------------------------------------
| Totals:                       55        226.0954                100.00       |
 ------------------------------------------------------------------------------

Linear solver converged at step: 607, final residual: 6.1791e-09  ||u - u_old|| = 259.999
F_norms[1]=0.00972809
 ------------------------------------------------------------------------------
| Porous Media Performance: Alive time=245.087, Active time=236.398            |
 ------------------------------------------------------------------------------
| Event                         nCalls    Total       Avg         Percent of   |
|                                         Time        Time        Active Time  |
|------------------------------------------------------------------------------|
|                                                                              |
| assemble                      33        17.6734     0.535559    7.48         |
| assemble + linear solve       24        218.7242    9.113509    92.52        |
 ------------------------------------------------------------------------------
| Totals:                       57        236.3977                100.00       |
 ------------------------------------------------------------------------------

Linear solver converged at step: 538, final residual: 1.26386e-09  ||u - u_old|| = 9.4796
F_norms[2]=0.000147479
 ------------------------------------------------------------------------------
| Porous Media Performance: Alive time=254.289, Active time=245.472            |
 ------------------------------------------------------------------------------
| Event                         nCalls    Total       Avg         Percent of   |
|                                         Time        Time        Active Time  |
|------------------------------------------------------------------------------|
|                                                                              |
| assemble                      34        18.2095     0.535572    7.42         |
| assemble + linear solve       25        227.2627    9.090509    92.58        |
 ------------------------------------------------------------------------------
| Totals:                       59        245.4722                100.00       |
 ------------------------------------------------------------------------------

Linear solver converged at step: 470, final residual: 4.03442e-11  ||u - u_old|| = 0.0373799
F_norms[3]=4.47273e-07
 Nonlinear solver converged at step 3

F_norms[0]=0.0642631		 etas[0]=0			 n_its[0]=607
F_norms[1]=0.00972809		 etas[1]=0			 n_its[1]=538
F_norms[2]=0.000147479		 etas[2]=0			 n_its[2]=470
F_norms[3]=4.47273e-07		 etas[3]=0			 n_its[3]=0
 |TE|_oo = 0
 Scaling timestep by 1
--------------------------------------------------------------------------
Computing Surface fluxes...
Computing Kinetic Energy...
======= Finished time step    10 time=0.1 dt=0.01 =======


======= Starting time step    11 time=0.1 dt=0.01 =======
F_norms[0]=0.0385371
 ------------------------------------------------------------------------------
| Porous Media Performance: Alive time=269.814, Active time=257.231            |
 ------------------------------------------------------------------------------
| Event                         nCalls    Total       Avg         Percent of   |
|                                         Time        Time        Active Time  |
|------------------------------------------------------------------------------|
|                                                                              |
| assemble                      36        19.2814     0.535593    7.50         |
| assemble + linear solve       26        237.9496    9.151907    92.50        |
 ------------------------------------------------------------------------------
| Totals:                       62        257.2309                100.00       |
 ------------------------------------------------------------------------------

Linear solver converged at step: 589, final residual: 3.11092e-09  ||u - u_old|| = 103.391
F_norms[1]=0.00163612
 ------------------------------------------------------------------------------
| Porous Media Performance: Alive time=280.259, Active time=267.546            |
 ------------------------------------------------------------------------------
| Event                         nCalls    Total       Avg         Percent of   |
|                                         Time        Time        Active Time  |
|------------------------------------------------------------------------------|
|                                                                              |
| assemble                      37        19.8156     0.535558    7.41         |
| assemble + linear solve       27        247.7300    9.175184    92.59        |
 ------------------------------------------------------------------------------
| Totals:                       64        267.5456                100.00       |
 ------------------------------------------------------------------------------

Linear solver converged at step: 539, final residual: 2.72673e-10  ||u - u_old|| = 5.00549
F_norms[2]=5.1658e-06
 Nonlinear solver converged at step 2

F_norms[0]=0.0385371		 etas[0]=0			 n_its[0]=589
F_norms[1]=0.00163612		 etas[1]=0			 n_its[1]=539
F_norms[2]=5.1658e-06		 etas[2]=0			 n_its[2]=0
 |TE|_oo = 0
 Scaling timestep by 1
--------------------------------------------------------------------------
Computing Surface fluxes...
Computing Kinetic Energy...
======= Finished time step    11 time=0.11 dt=0.01 =======


======= Starting time step    12 time=0.11 dt=0.01 =======
F_norms[0]=0.016912
 ------------------------------------------------------------------------------
| Porous Media Performance: Alive time=292.188, Active time=278.905            |
 ------------------------------------------------------------------------------
| Event                         nCalls    Total       Avg         Percent of   |
|                                         Time        Time        Active Time  |
|------------------------------------------------------------------------------|
|                                                                              |
| assemble                      39        20.8828     0.535457    7.49         |
| assemble + linear solve       28        258.0225    9.215089    92.51        |
 ------------------------------------------------------------------------------
| Totals:                       67        278.9053                100.00       |
 ------------------------------------------------------------------------------

Linear solver converged at step: 568, final residual: 1.03179e-09  ||u - u_old|| = 24.9988
F_norms[1]=0.000553043
 ------------------------------------------------------------------------------
| Porous Media Performance: Alive time=302.894, Active time=289.482            |
 ------------------------------------------------------------------------------
| Event                         nCalls    Total       Avg         Percent of   |
|                                         Time        Time        Active Time  |
|------------------------------------------------------------------------------|
|                                                                              |
| assemble                      40        21.4157     0.535391    7.40         |
| assemble + linear solve       29        268.0663    9.243667    92.60        |
 ------------------------------------------------------------------------------
| Totals:                       69        289.4820                100.00       |
 ------------------------------------------------------------------------------

Linear solver converged at step: 554, final residual: 7.66382e-11  ||u - u_old|| = 1.68267
F_norms[2]=9.11442e-07
 Nonlinear solver converged at step 2

F_norms[0]=0.016912		 etas[0]=0			 n_its[0]=568
F_norms[1]=0.000553043		 etas[1]=0			 n_its[1]=554
F_norms[2]=9.11442e-07		 etas[2]=0			 n_its[2]=0
 |TE|_oo = 0
 Scaling timestep by 1
--------------------------------------------------------------------------
Computing Surface fluxes...
Computing Kinetic Energy...
======= Finished time step    12 time=0.12 dt=0.01 =======


======= Starting time step    13 time=0.12 dt=0.01 =======
F_norms[0]=0.00699061
 ------------------------------------------------------------------------------
| Porous Media Performance: Alive time=314.582, Active time=300.598            |
 ------------------------------------------------------------------------------
| Event                         nCalls    Total       Avg         Percent of   |
|                                         Time        Time        Active Time  |
|------------------------------------------------------------------------------|
|                                                                              |
| assemble                      42        22.4822     0.535290    7.48         |
| assemble + linear solve       30        278.1159    9.270530    92.52        |
 ------------------------------------------------------------------------------
| Totals:                       72        300.5981                100.00       |
 ------------------------------------------------------------------------------

Linear solver converged at step: 554, final residual: 4.98475e-10  ||u - u_old|| = 20.1854
F_norms[1]=0.000208499
 ------------------------------------------------------------------------------
| Porous Media Performance: Alive time=324.694, Active time=310.582            |
 ------------------------------------------------------------------------------
| Event                         nCalls    Total       Avg         Percent of   |
|                                         Time        Time        Active Time  |
|------------------------------------------------------------------------------|
|                                                                              |
| assemble                      43        23.0161     0.535259    7.41         |
| assemble + linear solve       31        287.5659    9.276319    92.59        |
 ------------------------------------------------------------------------------
| Totals:                       74        310.5820                100.00       |
 ------------------------------------------------------------------------------

Linear solver converged at step: 521, final residual: 2.19722e-11  ||u - u_old|| = 0.257448
F_norms[2]=6.93402e-07
 Nonlinear solver converged at step 2

F_norms[0]=0.00699061		 etas[0]=0			 n_its[0]=554
F_norms[1]=0.000208499		 etas[1]=0			 n_its[1]=521
F_norms[2]=6.93402e-07		 etas[2]=0			 n_its[2]=0
 |TE|_oo = 0
 Scaling timestep by 1
--------------------------------------------------------------------------
Computing Surface fluxes...
Computing Kinetic Energy...
======= Finished time step    13 time=0.13 dt=0.01 =======


======= Starting time step    14 time=0.13 dt=0.01 =======
F_norms[0]=0.00479734
 ------------------------------------------------------------------------------
| Porous Media Performance: Alive time=336.805, Active time=322.129            |
 ------------------------------------------------------------------------------
| Event                         nCalls    Total       Avg         Percent of   |
|                                         Time        Time        Active Time  |
|------------------------------------------------------------------------------|
|                                                                              |
| assemble                      45        24.0831     0.535180    7.48         |
| assemble + linear solve       32        298.0459    9.313934    92.52        |
 ------------------------------------------------------------------------------
| Totals:                       77        322.1290                100.00       |
 ------------------------------------------------------------------------------

Linear solver converged at step: 578, final residual: 3.22723e-10  ||u - u_old|| = 21.5881
F_norms[1]=7.145e-05
 ------------------------------------------------------------------------------
| Porous Media Performance: Alive time=347.474, Active time=332.672            |
 ------------------------------------------------------------------------------
| Event                         nCalls    Total       Avg         Percent of   |
|                                         Time        Time        Active Time  |
|------------------------------------------------------------------------------|
|                                                                              |
| assemble                      46        24.6174     0.535160    7.40         |
| assemble + linear solve       33        308.0542    9.334974    92.60        |
 ------------------------------------------------------------------------------
| Totals:                       79        332.6715                100.00       |
 ------------------------------------------------------------------------------

Linear solver converged at step: 552, final residual: 9.55822e-12  ||u - u_old|| = 0.161881
F_norms[2]=1.02989e-06
 Nonlinear solver converged at step 2

F_norms[0]=0.00479734		 etas[0]=0			 n_its[0]=578
F_norms[1]=7.145e-05		 etas[1]=0			 n_its[1]=552
F_norms[2]=1.02989e-06		 etas[2]=0			 n_its[2]=0
 |TE|_oo = 0
 Scaling timestep by 1
--------------------------------------------------------------------------
Computing Surface fluxes...
Computing Kinetic Energy...
======= Finished time step    14 time=0.14 dt=0.01 =======


======= Starting time step    15 time=0.14 dt=0.01 =======
F_norms[0]=0.00366494
 ------------------------------------------------------------------------------
| Porous Media Performance: Alive time=359.269, Active time=343.892            |
 ------------------------------------------------------------------------------
| Event                         nCalls    Total       Avg         Percent of   |
|                                         Time        Time        Active Time  |
|------------------------------------------------------------------------------|
|                                                                              |
| assemble                      48        25.6836     0.535076    7.47         |
| assemble + linear solve       34        318.2087    9.359080    92.53        |
 ------------------------------------------------------------------------------
| Totals:                       82        343.8924                100.00       |
 ------------------------------------------------------------------------------

Linear solver converged at step: 560, final residual: 9.72926e-11  ||u - u_old|| = 14.8008
F_norms[1]=1.75421e-05
 ------------------------------------------------------------------------------
| Porous Media Performance: Alive time=370.058, Active time=354.55             |
 ------------------------------------------------------------------------------
| Event                         nCalls    Total       Avg         Percent of   |
|                                         Time        Time        Active Time  |
|------------------------------------------------------------------------------|
|                                                                              |
| assemble                      49        26.2165     0.535030    7.39         |
| assemble + linear solve       35        328.3336    9.380959    92.61        |
 ------------------------------------------------------------------------------
| Totals:                       84        354.5500                100.00       |
 ------------------------------------------------------------------------------

Linear solver converged at step: 559, final residual: 3.3688e-12  ||u - u_old|| = 0.0269993
F_norms[2]=4.25891e-07
 Nonlinear solver converged at step 2

F_norms[0]=0.00366494		 etas[0]=0			 n_its[0]=560
F_norms[1]=1.75421e-05		 etas[1]=0			 n_its[1]=559
F_norms[2]=4.25891e-07		 etas[2]=0			 n_its[2]=0
 |TE|_oo = 0
 Scaling timestep by 1
--------------------------------------------------------------------------
Computing Surface fluxes...
Computing Kinetic Energy...
======= Finished time step    15 time=0.15 dt=0.01 =======


======= Starting time step    16 time=0.15 dt=0.01 =======
F_norms[0]=0.00226926
 ------------------------------------------------------------------------------
| Porous Media Performance: Alive time=382.111, Active time=366.043            |
 ------------------------------------------------------------------------------
| Event                         nCalls    Total       Avg         Percent of   |
|                                         Time        Time        Active Time  |
|------------------------------------------------------------------------------|
|                                                                              |
| assemble                      51        27.2816     0.534934    7.45         |
| assemble + linear solve       36        338.7615    9.410043    92.55        |
 ------------------------------------------------------------------------------
| Totals:                       87        366.0432                100.00       |
 ------------------------------------------------------------------------------

Linear solver converged at step: 575, final residual: 9.54529e-11  ||u - u_old|| = 7.14449
F_norms[1]=5.17914e-06
 Nonlinear solver converged at step 1

F_norms[0]=0.00226926		 etas[0]=0			 n_its[0]=575
F_norms[1]=5.17914e-06		 etas[1]=0			 n_its[1]=0
 |TE|_oo = 0
 Scaling timestep by 1
--------------------------------------------------------------------------
Computing Surface fluxes...
Computing Kinetic Energy...
======= Finished time step    16 time=0.16 dt=0.01 =======


======= Starting time step    17 time=0.16 dt=0.01 =======
F_norms[0]=0.00111098
 ------------------------------------------------------------------------------
| Porous Media Performance: Alive time=394.424, Active time=377.794            |
 ------------------------------------------------------------------------------
| Event                         nCalls    Total       Avg         Percent of   |
|                                         Time        Time        Active Time  |
|------------------------------------------------------------------------------|
|                                                                              |
| assemble                      53        28.3493     0.534893    7.50         |
| assemble + linear solve       37        349.4445    9.444446    92.50        |
 ------------------------------------------------------------------------------
| Totals:                       90        377.7938                100.00       |
 ------------------------------------------------------------------------------

Linear solver converged at step: 589, final residual: 5.71414e-11  ||u - u_old|| = 2.09393
F_norms[1]=2.495e-06
 Nonlinear solver converged at step 1

F_norms[0]=0.00111098		 etas[0]=0			 n_its[0]=589
F_norms[1]=2.495e-06		 etas[1]=0			 n_its[1]=0
 |TE|_oo = 0
 Scaling timestep by 1
--------------------------------------------------------------------------
Computing Surface fluxes...
Computing Kinetic Energy...
======= Finished time step    17 time=0.17 dt=0.01 =======


======= Starting time step    18 time=0.17 dt=0.01 =======
F_norms[0]=0.000473703
 ------------------------------------------------------------------------------
| Porous Media Performance: Alive time=406.283, Active time=389.087            |
 ------------------------------------------------------------------------------
| Event                         nCalls    Total       Avg         Percent of   |
|                                         Time        Time        Active Time  |
|------------------------------------------------------------------------------|
|                                                                              |
| assemble                      55        29.4172     0.534857    7.56         |
| assemble + linear solve       38        359.6694    9.464985    92.44        |
 ------------------------------------------------------------------------------
| Totals:                       93        389.0866                100.00       |
 ------------------------------------------------------------------------------

Linear solver converged at step: 567, final residual: 1.01385e-11  ||u - u_old|| = 1.14379
F_norms[1]=1.21655e-06
 Nonlinear solver converged at step 1

F_norms[0]=0.000473703		 etas[0]=0			 n_its[0]=567
F_norms[1]=1.21655e-06		 etas[1]=0			 n_its[1]=0
 |TE|_oo = 0
 Scaling timestep by 1
--------------------------------------------------------------------------
Computing Surface fluxes...
Computing Kinetic Energy...
======= Finished time step    18 time=0.18 dt=0.01 =======


======= Starting time step    19 time=0.18 dt=0.01 =======
F_norms[0]=0.000308585
 ------------------------------------------------------------------------------
| Porous Media Performance: Alive time=418.633, Active time=400.874            |
 ------------------------------------------------------------------------------
| Event                         nCalls    Total       Avg         Percent of   |
|                                         Time        Time        Active Time  |
|------------------------------------------------------------------------------|
|                                                                              |
| assemble                      57        30.4890     0.534895    7.61         |
| assemble + linear solve       39        370.3850    9.497050    92.39        |
 ------------------------------------------------------------------------------
| Totals:                       96        400.8740                100.00       |
 ------------------------------------------------------------------------------

Linear solver converged at step: 594, final residual: 1.40559e-11  ||u - u_old|| = 1.42062
F_norms[1]=1.17538e-06
 Nonlinear solver converged at step 1

F_norms[0]=0.000308585		 etas[0]=0			 n_its[0]=594
F_norms[1]=1.17538e-06		 etas[1]=0			 n_its[1]=0
 |TE|_oo = 0
 Scaling timestep by 1
--------------------------------------------------------------------------
Computing Surface fluxes...
Computing Kinetic Energy...
======= Finished time step    19 time=0.19 dt=0.01 =======


======= Starting time step    20 time=0.19 dt=0.01 =======
F_norms[0]=0.000248868
 ------------------------------------------------------------------------------
| Porous Media Performance: Alive time=430.446, Active time=412.128            |
 ------------------------------------------------------------------------------
| Event                         nCalls    Total       Avg         Percent of   |
|                                         Time        Time        Active Time  |
|------------------------------------------------------------------------------|
|                                                                              |
| assemble                      59        31.5600     0.534915    7.66         |
| assemble + linear solve       40        380.5679    9.514197    92.34        |
 ------------------------------------------------------------------------------
| Totals:                       99        412.1279                100.00       |
 ------------------------------------------------------------------------------

Linear solver converged at step: 564, final residual: 1.333e-11  ||u - u_old|| = 1.0488
F_norms[1]=7.19811e-07
 Nonlinear solver converged at step 1

F_norms[0]=0.000248868		 etas[0]=0			 n_its[0]=564
F_norms[1]=7.19811e-07		 etas[1]=0			 n_its[1]=0
 |TE|_oo = 0
 Scaling timestep by 1
--------------------------------------------------------------------------
Computing Surface fluxes...
Computing Kinetic Energy...
======= Finished time step    20 time=0.2 dt=0.01 =======


======= Starting time step    21 time=0.2 dt=0.01 =======
F_norms[0]=0.000162212
 ------------------------------------------------------------------------------
| Porous Media Performance: Alive time=447.29, Active time=425.137             |
 ------------------------------------------------------------------------------
| Event                         nCalls    Total       Avg         Percent of   |
|                                         Time        Time        Active Time  |
|------------------------------------------------------------------------------|
|                                                                              |
| assemble                      61        32.6276     0.534878    7.67         |
| assemble + linear solve       41        392.5093    9.573397    92.33        |
 ------------------------------------------------------------------------------
| Totals:                       102       425.1369                100.00       |
 ------------------------------------------------------------------------------

Linear solver converged at step: 661, final residual: 1.61769e-11  ||u - u_old|| = 0.539117
F_norms[1]=1.10233e-06
 Nonlinear solver converged at step 1

F_norms[0]=0.000162212		 etas[0]=0			 n_its[0]=661
F_norms[1]=1.10233e-06		 etas[1]=0			 n_its[1]=0
 |TE|_oo = 0
 Scaling timestep by 1
--------------------------------------------------------------------------
Computing Surface fluxes...
Computing Kinetic Energy...
======= Finished time step    21 time=0.21 dt=0.01 =======


======= Starting time step    22 time=0.21 dt=0.01 =======
F_norms[0]=8.26038e-05
 ------------------------------------------------------------------------------
| Porous Media Performance: Alive time=459.008, Active time=436.298            |
 ------------------------------------------------------------------------------
| Event                         nCalls    Total       Avg         Percent of   |
|                                         Time        Time        Active Time  |
|------------------------------------------------------------------------------|
|                                                                              |
| assemble                      63        33.6945     0.534834    7.72         |
| assemble + linear solve       42        402.6037    9.585803    92.28        |
 ------------------------------------------------------------------------------
| Totals:                       105       436.2983                100.00       |
 ------------------------------------------------------------------------------

Linear solver converged at step: 559, final residual: 4.17194e-12  ||u - u_old|| = 0.175739
F_norms[1]=8.36054e-07
 Nonlinear solver converged at step 1

F_norms[0]=8.26038e-05		 etas[0]=0			 n_its[0]=559
F_norms[1]=8.36054e-07		 etas[1]=0			 n_its[1]=0
 |TE|_oo = 0
 Scaling timestep by 1
--------------------------------------------------------------------------
Computing Surface fluxes...
Computing Kinetic Energy...
======= Finished time step    22 time=0.22 dt=0.01 =======


======= Starting time step    23 time=0.22 dt=0.01 =======
F_norms[0]=3.49843e-05
 ------------------------------------------------------------------------------
| Porous Media Performance: Alive time=470.606, Active time=447.338            |
 ------------------------------------------------------------------------------
| Event                         nCalls    Total       Avg         Percent of   |
|                                         Time        Time        Active Time  |
|------------------------------------------------------------------------------|
|                                                                              |
| assemble                      65        34.7655     0.534854    7.77         |
| assemble + linear solve       43        412.5723    9.594703    92.23        |
 ------------------------------------------------------------------------------
| Totals:                       108       447.3377                100.00       |
 ------------------------------------------------------------------------------

Linear solver converged at step: 552, final residual: 1.88572e-12  ||u - u_old|| = 0.0665603
F_norms[1]=7.05552e-07
 Nonlinear solver converged at step 1

F_norms[0]=3.49843e-05		 etas[0]=0			 n_its[0]=552
F_norms[1]=7.05552e-07		 etas[1]=0			 n_its[1]=0
 |TE|_oo = 0
 Scaling timestep by 1
--------------------------------------------------------------------------
Computing Surface fluxes...
Computing Kinetic Energy...
======= Finished time step    23 time=0.23 dt=0.01 =======


======= Starting time step    24 time=0.23 dt=0.01 =======
F_norms[0]=2.04326e-05
 ------------------------------------------------------------------------------
| Porous Media Performance: Alive time=484.16, Active time=460.341             |
 ------------------------------------------------------------------------------
| Event                         nCalls    Total       Avg         Percent of   |
|                                         Time        Time        Active Time  |
|------------------------------------------------------------------------------|
|                                                                              |
| assemble                      67        35.8357     0.534862    7.78         |
| assemble + linear solve       44        424.5050    9.647842    92.22        |
 ------------------------------------------------------------------------------
| Totals:                       111       460.3408                100.00       |
 ------------------------------------------------------------------------------

Linear solver converged at step: 661, final residual: 3.14336e-12  ||u - u_old|| = 0.0911093
F_norms[1]=5.72353e-07
 Nonlinear solver converged at step 1

F_norms[0]=2.04326e-05		 etas[0]=0			 n_its[0]=661
F_norms[1]=5.72353e-07		 etas[1]=0			 n_its[1]=0
 |TE|_oo = 0
 Scaling timestep by 1
--------------------------------------------------------------------------
Computing Surface fluxes...
Computing Kinetic Energy...
======= Finished time step    24 time=0.24 dt=0.01 =======


======= Starting time step    25 time=0.24 dt=0.01 =======
F_norms[0]=1.66713e-05
 ------------------------------------------------------------------------------
| Porous Media Performance: Alive time=497.731, Active time=473.35             |
 ------------------------------------------------------------------------------
| Event                         nCalls    Total       Avg         Percent of   |
|                                         Time        Time        Active Time  |
|------------------------------------------------------------------------------|
|                                                                              |
| assemble                      69        36.9093     0.534917    7.80         |
| assemble + linear solve       45        436.4411    9.698692    92.20        |
 ------------------------------------------------------------------------------
| Totals:                       114       473.3504                100.00       |
 ------------------------------------------------------------------------------

Linear solver converged at step: 661, final residual: 2.75269e-12  ||u - u_old|| = 0.0725465
F_norms[1]=6.58829e-07
 Nonlinear solver converged at step 1

F_norms[0]=1.66713e-05		 etas[0]=0			 n_its[0]=661
F_norms[1]=6.58829e-07		 etas[1]=0			 n_its[1]=0
 |TE|_oo = 0
 Scaling timestep by 1
--------------------------------------------------------------------------
Computing Surface fluxes...
Computing Kinetic Energy...
======= Finished time step    25 time=0.25 dt=0.01 =======


======= Starting time step    26 time=0.25 dt=0.01 =======
F_norms[0]=1.13778e-05
 ------------------------------------------------------------------------------
| Porous Media Performance: Alive time=510.37, Active time=485.427             |
 ------------------------------------------------------------------------------
| Event                         nCalls    Total       Avg         Percent of   |
|                                         Time        Time        Active Time  |
|------------------------------------------------------------------------------|
|                                                                              |
| assemble                      71        37.9783     0.534906    7.82         |
| assemble + linear solve       46        447.4486    9.727144    92.18        |
 ------------------------------------------------------------------------------
| Totals:                       117       485.4269                100.00       |
 ------------------------------------------------------------------------------

Linear solver converged at step: 610, final residual: 4.81027e-13  ||u - u_old|| = 0.0399716
F_norms[1]=5.80237e-07
 Nonlinear solver converged at step 1

F_norms[0]=1.13778e-05		 etas[0]=0			 n_its[0]=610
F_norms[1]=5.80237e-07		 etas[1]=0			 n_its[1]=0
 |TE|_oo = 0
 Scaling timestep by 1
--------------------------------------------------------------------------
Computing Surface fluxes...
Computing Kinetic Energy...
======= Finished time step    26 time=0.26 dt=0.01 =======


======= Starting time step    27 time=0.26 dt=0.01 =======
F_norms[0]=6.08663e-06
 Nonlinear solver converged at step 0

F_norms[0]=6.08663e-06		 etas[0]=0			 n_its[0]=0
 |TE|_oo = 0
 Scaling timestep by 1
--------------------------------------------------------------------------
Computing Surface fluxes...
Computing Kinetic Energy...
======= Finished time step    27 time=0.27 dt=0.01 =======


Steady State Reached: Terminating Simulation.
 ------------------------------------------------------------------------------
| Porous Media Performance: Alive time=515.426, Active time=486.495            |
 ------------------------------------------------------------------------------
| Event                         nCalls    Total       Avg         Percent of   |
|                                         Time        Time        Active Time  |
|------------------------------------------------------------------------------|
|                                                                              |
| assemble                      73        39.0462     0.534879    8.03         |
| assemble + linear solve       46        447.4486    9.727144    91.97        |
 ------------------------------------------------------------------------------
| Totals:                       119       486.4948                100.00       |
 ------------------------------------------------------------------------------

************************************************************************************************************************
***             WIDEN YOUR WINDOW TO 120 CHARACTERS.  Use 'enscript -r -fCourier9' to print this document            ***
************************************************************************************************************************

---------------------------------------------- PETSc Performance Summary: ----------------------------------------------

./pm on a linux named columbia9 with 4 processors, by benkirk Wed Apr 19 17:12:32 2006
Using Petsc Version 2.2.0, Patch 0, Released Feb 27, 2004

                         Max       Max/Min        Avg      Total 
Time (sec):           5.163e+02      1.00180   5.158e+02
Objects:              0.000e+00      0.00000   0.000e+00
Flops:                1.015e+11      1.02991   9.986e+10  3.994e+11
Flops/sec:            1.965e+08      1.02806   1.936e+08  7.744e+08
MPI Messages:         1.510e+05      1.50000   1.258e+05  5.034e+05
MPI Message Lengths:  2.371e+08      1.19505   1.764e+03  8.879e+08
MPI Reductions:       1.925e+04      1.00000

Flop counting convention: 1 flop = 1 real number operation of type (multiply/divide/add/subtract)
                            e.g., VecAXPY() for real vectors of length N --> 2N flops
                            and VecAXPY() for complex vectors of length N --> 8N flops

Summary of Stages:   ----- Time ------  ----- Flops -----  --- Messages ---  -- Message Lengths --  -- Reductions --
                        Avg     %Total     Avg     %Total   counts   %Total     Avg         %Total   counts   %Total 
 0:      Main Stage: 5.1583e+02 100.0%  3.9945e+11 100.0%  5.034e+05 100.0%  1.764e+03      100.0%  7.701e+04 100.0% 

------------------------------------------------------------------------------------------------------------------------
See the 'Profiling' chapter of the users' manual for details on interpreting output.
Phase summary info:
   Count: number of times phase was executed
   Time and Flops/sec: Max - maximum over all processors
                       Ratio - ratio of maximum to minimum over all processors
   Mess: number of messages sent
   Avg. len: average message length
   Reduct: number of global reductions
   Global: entire computation
   Stage: stages of a computation. Set stages with PetscLogStagePush() and PetscLogStagePop().
      %T - percent time in this phase         %F - percent flops in this phase
      %M - percent messages in this phase     %L - percent message lengths in this phase
      %R - percent reductions in this phase
   Total Mflop/s: 10e-6 * (sum of flops over all processors)/(max time over all processors)
------------------------------------------------------------------------------------------------------------------------


      ##########################################################
      #                                                        #
      #                          WARNING!!!                    #
      #                                                        #
      #   This code was run without the PreLoadBegin()         #
      #   macros. To get timing results we always recommend    #
      #   preloading. otherwise timing numbers may be          #
      #   meaningless.                                         #
      ##########################################################


Event                Count      Time (sec)     Flops/sec                         --- Global ---  --- Stage ---   Total
                   Max Ratio  Max     Ratio   Max  Ratio  Mess   Avg len Reduct  %T %F %M %L %R  %T %F %M %L %R Mflop/s
------------------------------------------------------------------------------------------------------------------------

--- Event Stage 0: Main Stage

VecDot             49840 1.0 1.1899e+01 3.3 4.82e+08 3.4 0.0e+00 0.0e+00 5.0e+04  2  2  0  0 65   2  2  0  0 65   572
VecNorm            25107 1.0 1.0111e+01 4.3 3.73e+08 4.4 0.0e+00 0.0e+00 2.5e+04  2  1  0  0 33   2  1  0  0 33   339
VecCopy              448 1.0 7.7141e-02 2.9 0.00e+00 0.0 0.0e+00 0.0e+00 0.0e+00  0  0  0  0  0   0  0  0  0  0     0
VecSet             50332 1.0 1.6473e+00 2.1 0.00e+00 0.0 0.0e+00 0.0e+00 0.0e+00  0  0  0  0  0   0  0  0  0  0     0
VecAXPY            99754 1.0 4.3041e+00 1.1 8.81e+08 1.1 0.0e+00 0.0e+00 0.0e+00  1  3  0  0  0   1  3  0  0  0  3163
VecAYPX            49795 1.0 1.2897e+01 1.0 1.34e+08 1.0 0.0e+00 0.0e+00 0.0e+00  2  2  0  0  0   2  2  0  0  0   527
VecWAXPY           99534 1.0 1.5366e+01 1.0 2.02e+08 1.0 0.0e+00 0.0e+00 0.0e+00  3  3  0  0  0   3  3  0  0  0   773
VecAssemblyBegin     338 1.0 3.6014e+0018.0 0.00e+00 0.0 1.0e+03 2.6e+03 1.0e+03  1  0  0  0  1   1  0  0  0  1     0
VecAssemblyEnd       338 1.0 5.2078e-03 2.5 0.00e+00 0.0 0.0e+00 0.0e+00 0.0e+00  0  0  0  0  0   0  0  0  0  0     0
VecScatterBegin    50060 1.0 3.9803e+00 2.7 0.00e+00 0.0 5.0e+05 1.7e+03 0.0e+00  0  0 99 95  0   0  0 99 95  0     0
VecScatterEnd      50060 1.0 2.7518e+00 1.6 0.00e+00 0.0 0.0e+00 0.0e+00 0.0e+00  0  0  0  0  0   0  0  0  0  0     0
MatMult            49913 1.0 1.8535e+02 1.1 2.61e+08 1.1 5.0e+05 1.7e+03 0.0e+00 34 45 99 95  0  34 45 99 95  0   963
MatMultAdd            73 1.0 2.7434e-01 1.2 2.82e+08 1.1 7.3e+02 1.7e+03 0.0e+00  0  0  0  0  0   0  0  0  0  0   974
MatSolve           49913 1.0 2.1866e+02 1.0 2.09e+08 1.0 0.0e+00 0.0e+00 0.0e+00 42 44  0  0  0  42 44  0  0  0   808
MatLUFactorNum        73 1.0 1.8947e+00 1.0 1.95e+08 1.0 0.0e+00 0.0e+00 0.0e+00  0  0  0  0  0   0  0  0  0  0   763
MatILUFactorSym        2 1.0 1.0711e-02 1.0 0.00e+00 0.0 0.0e+00 0.0e+00 2.0e+00  0  0  0  0  0   0  0  0  0  0     0
MatAssemblyBegin     219 1.0 2.0230e-01 4.2 0.00e+00 0.0 1.0e+03 3.8e+04 4.4e+02  0  0  0  4  1   0  0  0  4  1     0
MatAssemblyEnd       219 1.0 2.1676e-01 1.2 0.00e+00 0.0 2.0e+01 8.0e+02 2.3e+02  0  0  0  0  0   0  0  0  0  0     0
MatGetOrdering         2 1.0 5.6601e-04 1.3 0.00e+00 0.0 0.0e+00 0.0e+00 4.0e+00  0  0  0  0  0   0  0  0  0  0     0
MatZeroEntries       104 1.0 1.5201e-01 1.3 0.00e+00 0.0 0.0e+00 0.0e+00 0.0e+00  0  0  0  0  0   0  0  0  0  0     0
KSPSetup             146 1.0 1.5788e-03 1.2 0.00e+00 0.0 0.0e+00 0.0e+00 0.0e+00  0  0  0  0  0   0  0  0  0  0     0
KSPSolve              73 1.0 4.4882e+02 1.0 2.26e+08 1.0 5.0e+05 1.7e+03 7.5e+04 87100 99 95 97  87100 99 95 97   889
PCSetUp              146 1.0 1.9104e+00 1.0 1.93e+08 1.0 0.0e+00 0.0e+00 6.0e+00  0  0  0  0  0   0  0  0  0  0   757
PCSetUpOnBlocks       73 1.0 1.9089e+00 1.0 1.93e+08 1.0 0.0e+00 0.0e+00 6.0e+00  0  0  0  0  0   0  0  0  0  0   758
PCApply            49913 1.0 2.2236e+02 1.0 2.03e+08 1.0 0.0e+00 0.0e+00 0.0e+00 43 44  0  0  0  43 44  0  0  0   795
------------------------------------------------------------------------------------------------------------------------

Memory usage is given in bytes:

Object Type          Creations   Destructions   Memory  Descendants' Mem.

--- Event Stage 0: Main Stage

           Index Set    84             84    5028156     0
                 Map   197            197      50432     0
                 Vec   199            199   21592256     0
         Vec Scatter    76             76   23925564     0
              Matrix     8              8   17783960     8.90702e+06
       Krylov Solver     4              4        304     2.09801e+06
      Preconditioner     4              4        480     8.68052e+06
========================================================================================================================
Average time to get PetscTime(): 4.05312e-07
Average time for MPI_Barrier(): 2.6226e-06
Average time for zero size MPI_Send(): 5.126e-05
Compiled without FORTRAN kernels
Compiled with double precision matrices (default)
sizeof(short) 2 sizeof(int) 4 sizeof(long) 8 sizeof(void *) 8   
Libraries compiled on Tue Dec 13 11:13:18 PST 2005 on columbia  
Machine characteristics: Linux columbia 2.6.5-7.202.5-sn2 #1 SMP Thu Aug 25 06:20:45 UTC 2005 ia64 ia64 ia64 GNU/Linux  
Using PETSc directory: /u/benkirk/petsc-2.2.0 
Using PETSc arch: linux64_intel 
-----------------------------------------   
Using C compiler: icc -KPIC -O2 -ftz -I/u/benkirk/petsc-2.2.0 -I/u/benkirk/petsc-2.2.0/bmake/linux64_intel -I/u/benkirk/petsc-2.2.0/include   -I/opt/sgi/mpt/1.12.0.0/include                                                                                                                           -DPETSC_USE_FOR_KERNELS -DPETSC_USE_LOG -DPETSC_USE_DEBUG -DPETSC_USE_BOPT_O -DPETSC_USE_EXTERN_CXX -DMPI_NO_CPPBIND -wd1476 -D__SDIR__='. '  
C Compiler version: 
Intel(R) C Itanium(R) Compiler for Itanium(R)-based applications 
Version 9.0    Build 20051020 Package ID: l_cc_c_9.0.027 
C++ Compiler version: 
Intel(R) C Itanium(R) Compiler for Itanium(R)-based applications 
Using Fortran compiler: ifort -w -KPIC -O2 -ftz -I/u/benkirk/petsc-2.2.0 -I/u/benkirk/petsc-2.2.0/bmake/linux64_intel -I/u/benkirk/petsc-2.2.0/include   -I/opt/sgi/mpt/1.12.0.0/include                                                                                                                           -DPETSC_USE_FOR_KERNELS -DPETSC_USE_LOG -DPETSC_USE_DEBUG -DPETSC_USE_BOPT_O -DPETSC_USE_EXTERN_CXX  
Fortran Compiler version: 
Intel(R) Fortran Itanium(R) Compiler for Itanium(R)-based applications 
Version 9.0    Build 20051020 Package ID: l_fc_c_9.0.028 
-----------------------------------------   
Using PETSc flags: -DPETSC_USE_FOR_KERNELS -DPETSC_USE_LOG -DPETSC_USE_DEBUG -DPETSC_USE_BOPT_O -DPETSC_USE_EXTERN_CXX                                                                                                                        
----------------------------------------- 
Using configuration flags: 
----------------------------------------- 
Using include paths: -I/u/benkirk/petsc-2.2.0 -I/u/benkirk/petsc-2.2.0/bmake/linux64_intel -I/u/benkirk/petsc-2.2.0/include   -I/opt/sgi/mpt/1.12.0.0/include    
------------------------------------------   
Using C linker: icc -i_dynamic -O2 -ftz -Qoption,link,-rpath,/u/benkirk/petsc-2.2.0/lib/libO/linux64_intel  
Using Fortran linker: icc -i_dynamic -O2 -ftz -Qoption,link,-rpath,/u/benkirk/petsc-2.2.0/lib/libO/linux64_intel  
Using libraries: -L/u/benkirk/petsc-2.2.0/lib/libO/linux64_intel -lpetscts -lpetscsnes -lpetscksp -lpetscdm -lpetscmat -lpetscvec -lpetsc                                                                                                                                                                                                                                                                              -Wl,-rpath,/opt/sgi/scsl/1.6.1.0/lib -L/opt/sgi/scsl/1.6.1.0/lib -lscs -L/opt/sgi/mpt/1.12.0.0/lib -lmpi -lifport -lifcoremt -ldl -limf -lm -lcxa -lunwind -lpthread -lirc 
 -------------------------------------------------------------------------------

 Run completed in 521 seconds
