
 -----------------------------------------------
| Master Host:   cfe1.nas.nasa.gov
| Working Dir:   /u/benkirk/nobackup/bmurray_code/run.columbia
| # of Procs:    64
| Case name::    pm_jwp
 -----------------------------------------------

Using input file: pm_jwp.in
Initializing EquationSystems ... 
 Mesh Information:
  mesh_dimension()=2
  spatial_dimension()=3
  n_nodes()=22801
  n_elem()=22500
   n_local_elem()=346
   n_active_elem()=22500
  n_subdomains()=1
  n_processors()=64
  processor_id()=0

 EquationSystems
  n_systems()=2
   System "Porous Media"
    Type "TransientLinearImplicit"
    Variables="p" "t" "s" 
    Finite Element Types="LAGRANGE" "LAGRANGE" "LAGRANGE" 
    Approximation Orders="FIRST" "FIRST" "FIRST" 
    n_dofs()=68403
    n_local_dofs()=1167
    n_constrained_dofs()=0
    n_vectors()=6
   System "Velocity"
    Type "TransientLinearImplicit"
    Variables="u" "v" 
    Finite Element Types="LAGRANGE" "LAGRANGE" 
    Approximation Orders="FIRST" "FIRST" 
    n_dofs()=45602
    n_local_dofs()=778
    n_constrained_dofs()=0
    n_vectors()=3

======= Starting time step     1 time=0 dt=0.01 =======
F_norms[0]=0.115883

-------------------------------------------------------
| Processor id:   0                                    |
| Num Processors: 64                                   |
| Time:           Wed Apr 19 17:15:07 2006             |
| OS:             Linux                                |
| HostName:       columbia9                            |
| OS Release:     2.6.5-7.202.7-sn2                    |
| OS Version:     #5 SMP Thu Mar 16 17:51:36 PST 2006  |
| Machine:        ia64                                 |
| Username:       benkirk                              |
-------------------------------------------------------
 ------------------------------------------------------------------------------
| Porous Media Performance: Alive time=8.64933, Active time=0.520681           |
 ------------------------------------------------------------------------------
| Event                         nCalls    Total       Avg         Percent of   |
|                                         Time        Time        Active Time  |
|------------------------------------------------------------------------------|
|                                                                              |
| assemble                      1         0.0639      0.063887    12.27        |
| assemble + linear solve       1         0.4568      0.456794    87.73        |
 ------------------------------------------------------------------------------
| Totals:                       2         0.5207                  100.00       |
 ------------------------------------------------------------------------------

Linear solver converged at step: 427, final residual: 5.68885e-11  ||u - u_old|| = 1.30632
F_norms[1]=9.46971e-07
 Nonlinear solver converged at step 1

F_norms[0]=0.115883		 etas[0]=0			 n_its[0]=427
F_norms[1]=9.46971e-07		 etas[1]=0			 n_its[1]=0
Computing Surface fluxes...
Computing Kinetic Energy...
======= Finished time step     1 time=0.01 dt=0.01 =======


======= Starting time step     2 time=0.01 dt=0.01 =======
F_norms[0]=0.000193035
 ------------------------------------------------------------------------------
| Porous Media Performance: Alive time=9.42774, Active time=1.06691            |
 ------------------------------------------------------------------------------
| Event                         nCalls    Total       Avg         Percent of   |
|                                         Time        Time        Active Time  |
|------------------------------------------------------------------------------|
|                                                                              |
| assemble                      3         0.1648      0.054942    15.45        |
| assemble + linear solve       2         0.9021      0.451043    84.55        |
 ------------------------------------------------------------------------------
| Totals:                       5         1.0669                  100.00       |
 ------------------------------------------------------------------------------

Linear solver converged at step: 441, final residual: 4.07378e-11  ||u - u_old|| = 0.493431
F_norms[1]=1.77075e-06
 Nonlinear solver converged at step 1

F_norms[0]=0.000193035		 etas[0]=0			 n_its[0]=441
F_norms[1]=1.77075e-06		 etas[1]=0			 n_its[1]=0
Computing Surface fluxes...
Computing Kinetic Energy...
======= Finished time step     2 time=0.02 dt=0.01 =======


======= Starting time step     3 time=0.02 dt=0.01 =======
F_norms[0]=0.000403062
 ------------------------------------------------------------------------------
| Porous Media Performance: Alive time=10.1917, Active time=1.61354            |
 ------------------------------------------------------------------------------
| Event                         nCalls    Total       Avg         Percent of   |
|                                         Time        Time        Active Time  |
|------------------------------------------------------------------------------|
|                                                                              |
| assemble                      5         0.2634      0.052690    16.33        |
| assemble + linear solve       3         1.3501      0.450030    83.67        |
 ------------------------------------------------------------------------------
| Totals:                       8         1.6135                  100.00       |
 ------------------------------------------------------------------------------

Linear solver converged at step: 438, final residual: 8.14866e-11  ||u - u_old|| = 1.00517
F_norms[1]=7.0246e-06
 Nonlinear solver converged at step 1

F_norms[0]=0.000403062		 etas[0]=0			 n_its[0]=438
F_norms[1]=7.0246e-06		 etas[1]=0			 n_its[1]=0
 |TE|_oo = 0
 Scaling timestep by 1
--------------------------------------------------------------------------
Computing Surface fluxes...
Computing Kinetic Energy...
======= Finished time step     3 time=0.03 dt=0.01 =======


======= Starting time step     4 time=0.03 dt=0.01 =======
F_norms[0]=0.000846787
 ------------------------------------------------------------------------------
| Porous Media Performance: Alive time=10.9484, Active time=2.15331            |
 ------------------------------------------------------------------------------
| Event                         nCalls    Total       Avg         Percent of   |
|                                         Time        Time        Active Time  |
|------------------------------------------------------------------------------|
|                                                                              |
| assemble                      7         0.3621      0.051733    16.82        |
| assemble + linear solve       4         1.7912      0.447793    83.18        |
 ------------------------------------------------------------------------------
| Totals:                       11        2.1533                  100.00       |
 ------------------------------------------------------------------------------

Linear solver converged at step: 432, final residual: 1.52298e-10  ||u - u_old|| = 2.08886
F_norms[1]=3.04957e-05
 ------------------------------------------------------------------------------
| Porous Media Performance: Alive time=11.3969, Active time=2.58742            |
 ------------------------------------------------------------------------------
| Event                         nCalls    Total       Avg         Percent of   |
|                                         Time        Time        Active Time  |
|------------------------------------------------------------------------------|
|                                                                              |
| assemble                      8         0.4115      0.051438    15.90        |
| assemble + linear solve       5         2.1759      0.435183    84.10        |
 ------------------------------------------------------------------------------
| Totals:                       13        2.5874                  100.00       |
 ------------------------------------------------------------------------------

Linear solver converged at step: 371, final residual: 4.13683e-12  ||u - u_old|| = 0.0227456
F_norms[2]=4.52669e-07
 Nonlinear solver converged at step 2

F_norms[0]=0.000846787		 etas[0]=0			 n_its[0]=432
F_norms[1]=3.04957e-05		 etas[1]=0			 n_its[1]=371
F_norms[2]=4.52669e-07		 etas[2]=0			 n_its[2]=0
 |TE|_oo = 0
 Scaling timestep by 1
--------------------------------------------------------------------------
Computing Surface fluxes...
Computing Kinetic Energy...
======= Finished time step     4 time=0.04 dt=0.01 =======


======= Starting time step     5 time=0.04 dt=0.01 =======
F_norms[0]=0.00177368
 ------------------------------------------------------------------------------
| Porous Media Performance: Alive time=12.164, Active time=3.13889             |
 ------------------------------------------------------------------------------
| Event                         nCalls    Total       Avg         Percent of   |
|                                         Time        Time        Active Time  |
|------------------------------------------------------------------------------|
|                                                                              |
| assemble                      10        0.5098      0.050983    16.24        |
| assemble + linear solve       6         2.6291      0.438175    83.76        |
 ------------------------------------------------------------------------------
| Totals:                       16        3.1389                  100.00       |
 ------------------------------------------------------------------------------

Linear solver converged at step: 445, final residual: 2.30003e-10  ||u - u_old|| = 4.38938
F_norms[1]=0.000134664
 ------------------------------------------------------------------------------
| Porous Media Performance: Alive time=12.6703, Active time=3.6262             |
 ------------------------------------------------------------------------------
| Event                         nCalls    Total       Avg         Percent of   |
|                                         Time        Time        Active Time  |
|------------------------------------------------------------------------------|
|                                                                              |
| assemble                      11        0.5595      0.050860    15.43        |
| assemble + linear solve       7         3.0667      0.438105    84.57        |
 ------------------------------------------------------------------------------
| Totals:                       18        3.6262                  100.00       |
 ------------------------------------------------------------------------------

Linear solver converged at step: 431, final residual: 3.68777e-11  ||u - u_old|| = 0.106487
F_norms[2]=8.01601e-07
 Nonlinear solver converged at step 2

F_norms[0]=0.00177368		 etas[0]=0			 n_its[0]=445
F_norms[1]=0.000134664		 etas[1]=0			 n_its[1]=431
F_norms[2]=8.01601e-07		 etas[2]=0			 n_its[2]=0
 |TE|_oo = 0
 Scaling timestep by 1
--------------------------------------------------------------------------
Computing Surface fluxes...
Computing Kinetic Energy...
======= Finished time step     5 time=0.05 dt=0.01 =======


======= Starting time step     6 time=0.05 dt=0.01 =======
F_norms[0]=0.00373876
 ------------------------------------------------------------------------------
| Porous Media Performance: Alive time=13.4457, Active time=4.19189            |
 ------------------------------------------------------------------------------
| Event                         nCalls    Total       Avg         Percent of   |
|                                         Time        Time        Active Time  |
|------------------------------------------------------------------------------|
|                                                                              |
| assemble                      13        0.6576      0.050584    15.69        |
| assemble + linear solve       8         3.5343      0.441786    84.31        |
 ------------------------------------------------------------------------------
| Totals:                       21        4.1919                  100.00       |
 ------------------------------------------------------------------------------

Linear solver converged at step: 467, final residual: 7.73652e-10  ||u - u_old|| = 9.57466
F_norms[1]=0.000635806
 ------------------------------------------------------------------------------
| Porous Media Performance: Alive time=13.9859, Active time=4.71681            |
 ------------------------------------------------------------------------------
| Event                         nCalls    Total       Avg         Percent of   |
|                                         Time        Time        Active Time  |
|------------------------------------------------------------------------------|
|                                                                              |
| assemble                      14        0.7071      0.050508    14.99        |
| assemble + linear solve       9         4.0097      0.445522    85.01        |
 ------------------------------------------------------------------------------
| Totals:                       23        4.7168                  100.00       |
 ------------------------------------------------------------------------------

Linear solver converged at step: 474, final residual: 1.69365e-10  ||u - u_old|| = 0.626133
F_norms[2]=4.1584e-06
 Nonlinear solver converged at step 2

F_norms[0]=0.00373876		 etas[0]=0			 n_its[0]=467
F_norms[1]=0.000635806		 etas[1]=0			 n_its[1]=474
F_norms[2]=4.1584e-06		 etas[2]=0			 n_its[2]=0
 |TE|_oo = 0
 Scaling timestep by 1
--------------------------------------------------------------------------
Computing Surface fluxes...
Computing Kinetic Energy...
======= Finished time step     6 time=0.06 dt=0.01 =======


======= Starting time step     7 time=0.06 dt=0.01 =======
F_norms[0]=0.00820586
 ------------------------------------------------------------------------------
| Porous Media Performance: Alive time=14.8012, Active time=5.3233             |
 ------------------------------------------------------------------------------
| Event                         nCalls    Total       Avg         Percent of   |
|                                         Time        Time        Active Time  |
|------------------------------------------------------------------------------|
|                                                                              |
| assemble                      16        0.8051      0.050321    15.12        |
| assemble + linear solve       10        4.5182      0.451816    84.88        |
 ------------------------------------------------------------------------------
| Totals:                       26        5.3233                  100.00       |
 ------------------------------------------------------------------------------

Linear solver converged at step: 507, final residual: 1.85819e-09  ||u - u_old|| = 24.707
F_norms[1]=0.00409304
 ------------------------------------------------------------------------------
| Porous Media Performance: Alive time=15.3953, Active time=5.90324            |
 ------------------------------------------------------------------------------
| Event                         nCalls    Total       Avg         Percent of   |
|                                         Time        Time        Active Time  |
|------------------------------------------------------------------------------|
|                                                                              |
| assemble                      17        0.8546      0.050268    14.48        |
| assemble + linear solve       11        5.0487      0.458971    85.52        |
 ------------------------------------------------------------------------------
| Totals:                       28        5.9032                  100.00       |
 ------------------------------------------------------------------------------

Linear solver converged at step: 536, final residual: 9.67098e-10  ||u - u_old|| = 8.25385
F_norms[2]=0.000525254
 ------------------------------------------------------------------------------
| Porous Media Performance: Alive time=16.0261, Active time=6.52078            |
 ------------------------------------------------------------------------------
| Event                         nCalls    Total       Avg         Percent of   |
|                                         Time        Time        Active Time  |
|------------------------------------------------------------------------------|
|                                                                              |
| assemble                      18        0.9040      0.050225    13.86        |
| assemble + linear solve       12        5.6167      0.468062    86.14        |
 ------------------------------------------------------------------------------
| Totals:                       30        6.5208                  100.00       |
 ------------------------------------------------------------------------------

Linear solver converged at step: 571, final residual: 1.38453e-10  ||u - u_old|| = 0.943525
F_norms[3]=3.50903e-06
 Nonlinear solver converged at step 3

F_norms[0]=0.00820586		 etas[0]=0			 n_its[0]=507
F_norms[1]=0.00409304		 etas[1]=0			 n_its[1]=536
F_norms[2]=0.000525254		 etas[2]=0			 n_its[2]=571
F_norms[3]=3.50903e-06		 etas[3]=0			 n_its[3]=0
 |TE|_oo = 0
 Scaling timestep by 1
--------------------------------------------------------------------------
Computing Surface fluxes...
Computing Kinetic Energy...
======= Finished time step     7 time=0.07 dt=0.01 =======


======= Starting time step     8 time=0.07 dt=0.01 =======
F_norms[0]=0.0228168
 ------------------------------------------------------------------------------
| Porous Media Performance: Alive time=16.9108, Active time=7.19842            |
 ------------------------------------------------------------------------------
| Event                         nCalls    Total       Avg         Percent of   |
|                                         Time        Time        Active Time  |
|------------------------------------------------------------------------------|
|                                                                              |
| assemble                      20        1.0023      0.050115    13.92        |
| assemble + linear solve       13        6.1961      0.476625    86.08        |
 ------------------------------------------------------------------------------
| Totals:                       33        7.1984                  100.00       |
 ------------------------------------------------------------------------------

Linear solver converged at step: 584, final residual: 5.19043e-09  ||u - u_old|| = 162.461
F_norms[1]=0.133019
 ------------------------------------------------------------------------------
| Porous Media Performance: Alive time=17.6334, Active time=7.90557            |
 ------------------------------------------------------------------------------
| Event                         nCalls    Total       Avg         Percent of   |
|                                         Time        Time        Active Time  |
|------------------------------------------------------------------------------|
|                                                                              |
| assemble                      21        1.0517      0.050083    13.30        |
| assemble + linear solve       14        6.8538      0.489559    86.70        |
 ------------------------------------------------------------------------------
| Totals:                       35        7.9056                  100.00       |
 ------------------------------------------------------------------------------

Linear solver converged at step: 661, final residual: 0.000731069  ||u - u_old|| = 75.8281
F_norms[2]=0.0216562
 ------------------------------------------------------------------------------
| Porous Media Performance: Alive time=18.3493, Active time=8.6084             |
 ------------------------------------------------------------------------------
| Event                         nCalls    Total       Avg         Percent of   |
|                                         Time        Time        Active Time  |
|------------------------------------------------------------------------------|
|                                                                              |
| assemble                      22        1.1014      0.050062    12.79        |
| assemble + linear solve       15        7.5070      0.500470    87.21        |
 ------------------------------------------------------------------------------
| Totals:                       37        8.6084                  100.00       |
 ------------------------------------------------------------------------------

Linear solver converged at step: 661, final residual: 3.35608e-07  ||u - u_old|| = 42.6561
F_norms[3]=0.00215117
 ------------------------------------------------------------------------------
| Porous Media Performance: Alive time=19.0624, Active time=9.30881            |
 ------------------------------------------------------------------------------
| Event                         nCalls    Total       Avg         Percent of   |
|                                         Time        Time        Active Time  |
|------------------------------------------------------------------------------|
|                                                                              |
| assemble                      23        1.1509      0.050040    12.36        |
| assemble + linear solve       16        8.1579      0.509868    87.64        |
 ------------------------------------------------------------------------------
| Totals:                       39        9.3088                  100.00       |
 ------------------------------------------------------------------------------

Linear solver converged at step: 661, final residual: 3.15288e-07  ||u - u_old|| = 4.09788
F_norms[4]=3.60472e-05
 ------------------------------------------------------------------------------
| Porous Media Performance: Alive time=19.7793, Active time=10.0132            |
 ------------------------------------------------------------------------------
| Event                         nCalls    Total       Avg         Percent of   |
|                                         Time        Time        Active Time  |
|------------------------------------------------------------------------------|
|                                                                              |
| assemble                      24        1.2006      0.050026    11.99        |
| assemble + linear solve       17        8.8126      0.518388    88.01        |
 ------------------------------------------------------------------------------
| Totals:                       41        10.0132                 100.00       |
 ------------------------------------------------------------------------------

Linear solver converged at step: 661, final residual: 4.08429e-09  ||u - u_old|| = 0.0490779
F_norms[5]=4.92928e-07
 Nonlinear solver converged at step 5

F_norms[0]=0.0228168		 etas[0]=0			 n_its[0]=584
F_norms[1]=0.133019		 etas[1]=0			 n_its[1]=661
F_norms[2]=0.0216562		 etas[2]=0			 n_its[2]=661
F_norms[3]=0.00215117		 etas[3]=0			 n_its[3]=661
F_norms[4]=3.60472e-05		 etas[4]=0			 n_its[4]=661
F_norms[5]=4.92928e-07		 etas[5]=0			 n_its[5]=0
 |TE|_oo = 0
 Scaling timestep by 1
--------------------------------------------------------------------------
Computing Surface fluxes...
Computing Kinetic Energy...
======= Finished time step     8 time=0.08 dt=0.01 =======


======= Starting time step     9 time=0.08 dt=0.01 =======
F_norms[0]=0.0632963
 ------------------------------------------------------------------------------
| Porous Media Performance: Alive time=20.7446, Active time=10.7678            |
 ------------------------------------------------------------------------------
| Event                         nCalls    Total       Avg         Percent of   |
|                                         Time        Time        Active Time  |
|------------------------------------------------------------------------------|
|                                                                              |
| assemble                      26        1.2993      0.049973    12.07        |
| assemble + linear solve       18        9.4685      0.526026    87.93        |
 ------------------------------------------------------------------------------
| Totals:                       44        10.7678                 100.00       |
 ------------------------------------------------------------------------------

Linear solver converged at step: 661, final residual: 5.75235e-06  ||u - u_old|| = 487.47
F_norms[1]=0.134383
 ------------------------------------------------------------------------------
| Porous Media Performance: Alive time=21.4601, Active time=11.4696            |
 ------------------------------------------------------------------------------
| Event                         nCalls    Total       Avg         Percent of   |
|                                         Time        Time        Active Time  |
|------------------------------------------------------------------------------|
|                                                                              |
| assemble                      27        1.3489      0.049959    11.76        |
| assemble + linear solve       19        10.1207     0.532671    88.24        |
 ------------------------------------------------------------------------------
| Totals:                       46        11.4696                 100.00       |
 ------------------------------------------------------------------------------

Linear solver converged at step: 661, final residual: 6.99366e-06  ||u - u_old|| = 143.117
F_norms[2]=0.0227347
 ------------------------------------------------------------------------------
| Porous Media Performance: Alive time=22.1769, Active time=12.1723            |
 ------------------------------------------------------------------------------
| Event                         nCalls    Total       Avg         Percent of   |
|                                         Time        Time        Active Time  |
|------------------------------------------------------------------------------|
|                                                                              |
| assemble                      28        1.3988      0.049956    11.49        |
| assemble + linear solve       20        10.7736     0.538678    88.51        |
 ------------------------------------------------------------------------------
| Totals:                       48        12.1723                 100.00       |
 ------------------------------------------------------------------------------

Linear solver converged at step: 661, final residual: 2.08937e-08  ||u - u_old|| = 17.8374
F_norms[3]=0.000998789
 ------------------------------------------------------------------------------
| Porous Media Performance: Alive time=22.8927, Active time=12.8757            |
 ------------------------------------------------------------------------------
| Event                         nCalls    Total       Avg         Percent of   |
|                                         Time        Time        Active Time  |
|------------------------------------------------------------------------------|
|                                                                              |
| assemble                      29        1.4488      0.049957    11.25        |
| assemble + linear solve       21        11.4270     0.544141    88.75        |
 ------------------------------------------------------------------------------
| Totals:                       50        12.8757                 100.00       |
 ------------------------------------------------------------------------------

Linear solver converged at step: 661, final residual: 1.79697e-09  ||u - u_old|| = 0.522639
F_norms[4]=1.53155e-06
 Nonlinear solver converged at step 4

F_norms[0]=0.0632963		 etas[0]=0			 n_its[0]=661
F_norms[1]=0.134383		 etas[1]=0			 n_its[1]=661
F_norms[2]=0.0227347		 etas[2]=0			 n_its[2]=661
F_norms[3]=0.000998789		 etas[3]=0			 n_its[3]=661
F_norms[4]=1.53155e-06		 etas[4]=0			 n_its[4]=0
 |TE|_oo = 0
 Scaling timestep by 1
--------------------------------------------------------------------------
Computing Surface fluxes...
Computing Kinetic Energy...
======= Finished time step     9 time=0.09 dt=0.01 =======


======= Starting time step    10 time=0.09 dt=0.01 =======
F_norms[0]=0.0642621
 ------------------------------------------------------------------------------
| Porous Media Performance: Alive time=23.865, Active time=13.6325             |
 ------------------------------------------------------------------------------
| Event                         nCalls    Total       Avg         Percent of   |
|                                         Time        Time        Active Time  |
|------------------------------------------------------------------------------|
|                                                                              |
| assemble                      31        1.5473      0.049913    11.35        |
| assemble + linear solve       22        12.0852     0.549326    88.65        |
 ------------------------------------------------------------------------------
| Totals:                       53        13.6325                 100.00       |
 ------------------------------------------------------------------------------

Linear solver converged at step: 661, final residual: 1.78849e-07  ||u - u_old|| = 259.948
F_norms[1]=0.00972693
 ------------------------------------------------------------------------------
| Porous Media Performance: Alive time=24.5794, Active time=14.3326            |
 ------------------------------------------------------------------------------
| Event                         nCalls    Total       Avg         Percent of   |
|                                         Time        Time        Active Time  |
|------------------------------------------------------------------------------|
|                                                                              |
| assemble                      32        1.5969      0.049903    11.14        |
| assemble + linear solve       23        12.7358     0.553728    88.86        |
 ------------------------------------------------------------------------------
| Totals:                       55        14.3326                 100.00       |
 ------------------------------------------------------------------------------

Linear solver converged at step: 661, final residual: 8.02004e-09  ||u - u_old|| = 9.46893
F_norms[2]=0.000147434
 ------------------------------------------------------------------------------
| Porous Media Performance: Alive time=25.2208, Active time=14.9612            |
 ------------------------------------------------------------------------------
| Event                         nCalls    Total       Avg         Percent of   |
|                                         Time        Time        Active Time  |
|------------------------------------------------------------------------------|
|                                                                              |
| assemble                      33        1.6472      0.049916    11.01        |
| assemble + linear solve       24        13.3139     0.554748    88.99        |
 ------------------------------------------------------------------------------
| Totals:                       57        14.9612                 100.00       |
 ------------------------------------------------------------------------------

Linear solver converged at step: 583, final residual: 2.26732e-11  ||u - u_old|| = 0.037404
F_norms[3]=4.79642e-07
 Nonlinear solver converged at step 3

F_norms[0]=0.0642621		 etas[0]=0			 n_its[0]=661
F_norms[1]=0.00972693		 etas[1]=0			 n_its[1]=661
F_norms[2]=0.000147434		 etas[2]=0			 n_its[2]=583
F_norms[3]=4.79642e-07		 etas[3]=0			 n_its[3]=0
 |TE|_oo = 0
 Scaling timestep by 1
--------------------------------------------------------------------------
Computing Surface fluxes...
Computing Kinetic Energy...
======= Finished time step    10 time=0.1 dt=0.01 =======


======= Starting time step    11 time=0.1 dt=0.01 =======
F_norms[0]=0.0385357
 ------------------------------------------------------------------------------
| Porous Media Performance: Alive time=31.6029, Active time=15.7234            |
 ------------------------------------------------------------------------------
| Event                         nCalls    Total       Avg         Percent of   |
|                                         Time        Time        Active Time  |
|------------------------------------------------------------------------------|
|                                                                              |
| assemble                      35        1.7503      0.050010    11.13        |
| assemble + linear solve       25        13.9731     0.558923    88.87        |
 ------------------------------------------------------------------------------
| Totals:                       60        15.7234                 100.00       |
 ------------------------------------------------------------------------------

Linear solver converged at step: 661, final residual: 6.97861e-09  ||u - u_old|| = 103.392
F_norms[1]=0.00163602
 ------------------------------------------------------------------------------
| Porous Media Performance: Alive time=32.3247, Active time=16.4308            |
 ------------------------------------------------------------------------------
| Event                         nCalls    Total       Avg         Percent of   |
|                                         Time        Time        Active Time  |
|------------------------------------------------------------------------------|
|                                                                              |
| assemble                      36        1.8022      0.050061    10.97        |
| assemble + linear solve       26        14.6286     0.562638    89.03        |
 ------------------------------------------------------------------------------
| Totals:                       62        16.4308                 100.00       |
 ------------------------------------------------------------------------------

Linear solver converged at step: 661, final residual: 4.99588e-10  ||u - u_old|| = 5.0053
F_norms[2]=5.15748e-06
 Nonlinear solver converged at step 2

F_norms[0]=0.0385357		 etas[0]=0			 n_its[0]=661
F_norms[1]=0.00163602		 etas[1]=0			 n_its[1]=661
F_norms[2]=5.15748e-06		 etas[2]=0			 n_its[2]=0
 |TE|_oo = 0
 Scaling timestep by 1
--------------------------------------------------------------------------
Computing Surface fluxes...
Computing Kinetic Energy...
======= Finished time step    11 time=0.11 dt=0.01 =======


======= Starting time step    12 time=0.11 dt=0.01 =======
F_norms[0]=0.0169112
 ------------------------------------------------------------------------------
| Porous Media Performance: Alive time=33.2875, Active time=17.1816            |
 ------------------------------------------------------------------------------
| Event                         nCalls    Total       Avg         Percent of   |
|                                         Time        Time        Active Time  |
|------------------------------------------------------------------------------|
|                                                                              |
| assemble                      38        1.9015      0.050039    11.07        |
| assemble + linear solve       27        15.2801     0.565929    88.93        |
 ------------------------------------------------------------------------------
| Totals:                       65        17.1816                 100.00       |
 ------------------------------------------------------------------------------

Linear solver converged at step: 661, final residual: 7.17663e-09  ||u - u_old|| = 25.0024
F_norms[1]=0.000553014
 ------------------------------------------------------------------------------
| Porous Media Performance: Alive time=34.0042, Active time=17.8833            |
 ------------------------------------------------------------------------------
| Event                         nCalls    Total       Avg         Percent of   |
|                                         Time        Time        Active Time  |
|------------------------------------------------------------------------------|
|                                                                              |
| assemble                      39        1.9515      0.050038    10.91        |
| assemble + linear solve       28        15.9318     0.568994    89.09        |
 ------------------------------------------------------------------------------
| Totals:                       67        17.8833                 100.00       |
 ------------------------------------------------------------------------------

Linear solver converged at step: 661, final residual: 3.22654e-10  ||u - u_old|| = 1.68231
F_norms[2]=8.51827e-07
 Nonlinear solver converged at step 2

F_norms[0]=0.0169112		 etas[0]=0			 n_its[0]=661
F_norms[1]=0.000553014		 etas[1]=0			 n_its[1]=661
F_norms[2]=8.51827e-07		 etas[2]=0			 n_its[2]=0
 |TE|_oo = 0
 Scaling timestep by 1
--------------------------------------------------------------------------
Computing Surface fluxes...
Computing Kinetic Energy...
======= Finished time step    12 time=0.12 dt=0.01 =======


======= Starting time step    13 time=0.12 dt=0.01 =======
F_norms[0]=0.00699038
 ------------------------------------------------------------------------------
| Porous Media Performance: Alive time=34.9585, Active time=18.6306            |
 ------------------------------------------------------------------------------
| Event                         nCalls    Total       Avg         Percent of   |
|                                         Time        Time        Active Time  |
|------------------------------------------------------------------------------|
|                                                                              |
| assemble                      41        2.0536      0.050087    11.02        |
| assemble + linear solve       29        16.5771     0.571623    88.98        |
 ------------------------------------------------------------------------------
| Totals:                       70        18.6306                 100.00       |
 ------------------------------------------------------------------------------

Linear solver converged at step: 656, final residual: 3.66204e-10  ||u - u_old|| = 20.182
F_norms[1]=0.00020849
 ------------------------------------------------------------------------------
| Porous Media Performance: Alive time=35.6086, Active time=19.2649            |
 ------------------------------------------------------------------------------
| Event                         nCalls    Total       Avg         Percent of   |
|                                         Time        Time        Active Time  |
|------------------------------------------------------------------------------|
|                                                                              |
| assemble                      42        2.1036      0.050086    10.92        |
| assemble + linear solve       30        17.1612     0.572041    89.08        |
 ------------------------------------------------------------------------------
| Totals:                       72        19.2649                 100.00       |
 ------------------------------------------------------------------------------

Linear solver converged at step: 591, final residual: 2.55582e-11  ||u - u_old|| = 0.257453
F_norms[2]=5.92994e-07
 Nonlinear solver converged at step 2

F_norms[0]=0.00699038		 etas[0]=0			 n_its[0]=656
F_norms[1]=0.00020849		 etas[1]=0			 n_its[1]=591
F_norms[2]=5.92994e-07		 etas[2]=0			 n_its[2]=0
 |TE|_oo = 0
 Scaling timestep by 1
--------------------------------------------------------------------------
Computing Surface fluxes...
Computing Kinetic Energy...
======= Finished time step    13 time=0.13 dt=0.01 =======


======= Starting time step    14 time=0.13 dt=0.01 =======
F_norms[0]=0.0047973
 ------------------------------------------------------------------------------
| Porous Media Performance: Alive time=36.5666, Active time=20.0173            |
 ------------------------------------------------------------------------------
| Event                         nCalls    Total       Avg         Percent of   |
|                                         Time        Time        Active Time  |
|------------------------------------------------------------------------------|
|                                                                              |
| assemble                      44        2.2018      0.050040    11.00        |
| assemble + linear solve       31        17.8155     0.574695    89.00        |
 ------------------------------------------------------------------------------
| Totals:                       75        20.0173                 100.00       |
 ------------------------------------------------------------------------------

Linear solver converged at step: 661, final residual: 9.13284e-10  ||u - u_old|| = 21.586
F_norms[1]=7.14492e-05
 ------------------------------------------------------------------------------
| Porous Media Performance: Alive time=37.2323, Active time=20.6665            |
 ------------------------------------------------------------------------------
| Event                         nCalls    Total       Avg         Percent of   |
|                                         Time        Time        Active Time  |
|------------------------------------------------------------------------------|
|                                                                              |
| assemble                      45        2.2513      0.050030    10.89        |
| assemble + linear solve       32        18.4152     0.575475    89.11        |
 ------------------------------------------------------------------------------
| Totals:                       77        20.6665                 100.00       |
 ------------------------------------------------------------------------------

Linear solver converged at step: 602, final residual: 3.21643e-12  ||u - u_old|| = 0.161804
F_norms[2]=7.82267e-07
 Nonlinear solver converged at step 2

F_norms[0]=0.0047973		 etas[0]=0			 n_its[0]=661
F_norms[1]=7.14492e-05		 etas[1]=0			 n_its[1]=602
F_norms[2]=7.82267e-07		 etas[2]=0			 n_its[2]=0
 |TE|_oo = 0
 Scaling timestep by 1
--------------------------------------------------------------------------
Computing Surface fluxes...
Computing Kinetic Energy...
======= Finished time step    14 time=0.14 dt=0.01 =======


======= Starting time step    15 time=0.14 dt=0.01 =======
F_norms[0]=0.00366487
 ------------------------------------------------------------------------------
| Porous Media Performance: Alive time=38.1843, Active time=21.4156            |
 ------------------------------------------------------------------------------
| Event                         nCalls    Total       Avg         Percent of   |
|                                         Time        Time        Active Time  |
|------------------------------------------------------------------------------|
|                                                                              |
| assemble                      47        2.3495      0.049989    10.97        |
| assemble + linear solve       33        19.0661     0.577762    89.03        |
 ------------------------------------------------------------------------------
| Totals:                       80        21.4156                 100.00       |
 ------------------------------------------------------------------------------

Linear solver converged at step: 661, final residual: 2.74821e-09  ||u - u_old|| = 14.8001
F_norms[1]=1.75734e-05
 ------------------------------------------------------------------------------
| Porous Media Performance: Alive time=38.8351, Active time=22.0516            |
 ------------------------------------------------------------------------------
| Event                         nCalls    Total       Avg         Percent of   |
|                                         Time        Time        Active Time  |
|------------------------------------------------------------------------------|
|                                                                              |
| assemble                      48        2.3989      0.049977    10.88        |
| assemble + linear solve       34        19.6527     0.578021    89.12        |
 ------------------------------------------------------------------------------
| Totals:                       82        22.0516                 100.00       |
 ------------------------------------------------------------------------------

Linear solver converged at step: 581, final residual: 2.46386e-12  ||u - u_old|| = 0.0269733
F_norms[2]=4.06057e-07
 Nonlinear solver converged at step 2

F_norms[0]=0.00366487		 etas[0]=0			 n_its[0]=661
F_norms[1]=1.75734e-05		 etas[1]=0			 n_its[1]=581
F_norms[2]=4.06057e-07		 etas[2]=0			 n_its[2]=0
 |TE|_oo = 0
 Scaling timestep by 1
--------------------------------------------------------------------------
Computing Surface fluxes...
Computing Kinetic Energy...
======= Finished time step    15 time=0.15 dt=0.01 =======


======= Starting time step    16 time=0.15 dt=0.01 =======
F_norms[0]=0.00226919
 ------------------------------------------------------------------------------
| Porous Media Performance: Alive time=39.7889, Active time=22.8033            |
 ------------------------------------------------------------------------------
| Event                         nCalls    Total       Avg         Percent of   |
|                                         Time        Time        Active Time  |
|------------------------------------------------------------------------------|
|                                                                              |
| assemble                      50        2.4970      0.049941    10.95        |
| assemble + linear solve       35        20.3063     0.580179    89.05        |
 ------------------------------------------------------------------------------
| Totals:                       85        22.8033                 100.00       |
 ------------------------------------------------------------------------------

Linear solver converged at step: 661, final residual: 1.64586e-09  ||u - u_old|| = 7.14465
F_norms[1]=5.32036e-06
 Nonlinear solver converged at step 1

F_norms[0]=0.00226919		 etas[0]=0			 n_its[0]=661
F_norms[1]=5.32036e-06		 etas[1]=0			 n_its[1]=0
 |TE|_oo = 0
 Scaling timestep by 1
--------------------------------------------------------------------------
Computing Surface fluxes...
Computing Kinetic Energy...
======= Finished time step    16 time=0.16 dt=0.01 =======


======= Starting time step    17 time=0.16 dt=0.01 =======
F_norms[0]=0.00111094
 ------------------------------------------------------------------------------
| Porous Media Performance: Alive time=40.7462, Active time=23.5561            |
 ------------------------------------------------------------------------------
| Event                         nCalls    Total       Avg         Percent of   |
|                                         Time        Time        Active Time  |
|------------------------------------------------------------------------------|
|                                                                              |
| assemble                      52        2.5949      0.049902    11.02        |
| assemble + linear solve       36        20.9612     0.582255    88.98        |
 ------------------------------------------------------------------------------
| Totals:                       88        23.5561                 100.00       |
 ------------------------------------------------------------------------------

Linear solver converged at step: 661, final residual: 3.07543e-10  ||u - u_old|| = 2.0943
F_norms[1]=2.62613e-06
 Nonlinear solver converged at step 1

F_norms[0]=0.00111094		 etas[0]=0			 n_its[0]=661
F_norms[1]=2.62613e-06		 etas[1]=0			 n_its[1]=0
 |TE|_oo = 0
 Scaling timestep by 1
--------------------------------------------------------------------------
Computing Surface fluxes...
Computing Kinetic Energy...
======= Finished time step    17 time=0.17 dt=0.01 =======


======= Starting time step    18 time=0.17 dt=0.01 =======
F_norms[0]=0.000473686
 ------------------------------------------------------------------------------
| Porous Media Performance: Alive time=41.6755, Active time=24.2751            |
 ------------------------------------------------------------------------------
| Event                         nCalls    Total       Avg         Percent of   |
|                                         Time        Time        Active Time  |
|------------------------------------------------------------------------------|
|                                                                              |
| assemble                      54        2.6923      0.049857    11.09        |
| assemble + linear solve       37        21.5828     0.583320    88.91        |
 ------------------------------------------------------------------------------
| Totals:                       91        24.2751                 100.00       |
 ------------------------------------------------------------------------------

Linear solver converged at step: 630, final residual: 1.91982e-11  ||u - u_old|| = 1.1435
F_norms[1]=1.11447e-06
 Nonlinear solver converged at step 1

F_norms[0]=0.000473686		 etas[0]=0			 n_its[0]=630
F_norms[1]=1.11447e-06		 etas[1]=0			 n_its[1]=0
 |TE|_oo = 0
 Scaling timestep by 1
--------------------------------------------------------------------------
Computing Surface fluxes...
Computing Kinetic Energy...
======= Finished time step    18 time=0.18 dt=0.01 =======


======= Starting time step    19 time=0.18 dt=0.01 =======
F_norms[0]=0.000308582
 ------------------------------------------------------------------------------
| Porous Media Performance: Alive time=42.6358, Active time=25.0314            |
 ------------------------------------------------------------------------------
| Event                         nCalls    Total       Avg         Percent of   |
|                                         Time        Time        Active Time  |
|------------------------------------------------------------------------------|
|                                                                              |
| assemble                      56        2.7898      0.049818    11.15        |
| assemble + linear solve       38        22.2416     0.585305    88.85        |
 ------------------------------------------------------------------------------
| Totals:                       94        25.0314                 100.00       |
 ------------------------------------------------------------------------------

Linear solver converged at step: 661, final residual: 2.52773e-11  ||u - u_old|| = 1.4204
F_norms[1]=1.08212e-06
 Nonlinear solver converged at step 1

F_norms[0]=0.000308582		 etas[0]=0			 n_its[0]=661
F_norms[1]=1.08212e-06		 etas[1]=0			 n_its[1]=0
 |TE|_oo = 0
 Scaling timestep by 1
--------------------------------------------------------------------------
Computing Surface fluxes...
Computing Kinetic Energy...
======= Finished time step    19 time=0.19 dt=0.01 =======


======= Starting time step    20 time=0.19 dt=0.01 =======
F_norms[0]=0.000248864
 ------------------------------------------------------------------------------
| Porous Media Performance: Alive time=43.588, Active time=25.7823             |
 ------------------------------------------------------------------------------
| Event                         nCalls    Total       Avg         Percent of   |
|                                         Time        Time        Active Time  |
|------------------------------------------------------------------------------|
|                                                                              |
| assemble                      58        2.8876      0.049786    11.20        |
| assemble + linear solve       39        22.8948     0.587046    88.80        |
 ------------------------------------------------------------------------------
| Totals:                       97        25.7823                 100.00       |
 ------------------------------------------------------------------------------

Linear solver converged at step: 661, final residual: 3.09158e-10  ||u - u_old|| = 1.04872
F_norms[1]=1.14246e-06
 Nonlinear solver converged at step 1

F_norms[0]=0.000248864		 etas[0]=0			 n_its[0]=661
F_norms[1]=1.14246e-06		 etas[1]=0			 n_its[1]=0
 |TE|_oo = 0
 Scaling timestep by 1
--------------------------------------------------------------------------
Computing Surface fluxes...
Computing Kinetic Energy...
======= Finished time step    20 time=0.2 dt=0.01 =======


======= Starting time step    21 time=0.2 dt=0.01 =======
F_norms[0]=0.000162211
 ------------------------------------------------------------------------------
| Porous Media Performance: Alive time=49.8032, Active time=26.5411            |
 ------------------------------------------------------------------------------
| Event                         nCalls    Total       Avg         Percent of   |
|                                         Time        Time        Active Time  |
|------------------------------------------------------------------------------|
|                                                                              |
| assemble                      60        2.9898      0.049830    11.26        |
| assemble + linear solve       40        23.5513     0.588782    88.74        |
 ------------------------------------------------------------------------------
| Totals:                       100       26.5411                 100.00       |
 ------------------------------------------------------------------------------

Linear solver converged at step: 661, final residual: 3.48416e-09  ||u - u_old|| = 0.539113
F_norms[1]=9.60668e-07
 Nonlinear solver converged at step 1

F_norms[0]=0.000162211		 etas[0]=0			 n_its[0]=661
F_norms[1]=9.60668e-07		 etas[1]=0			 n_its[1]=0
 |TE|_oo = 0
 Scaling timestep by 1
--------------------------------------------------------------------------
Computing Surface fluxes...
Computing Kinetic Energy...
======= Finished time step    21 time=0.21 dt=0.01 =======


======= Starting time step    22 time=0.21 dt=0.01 =======
F_norms[0]=8.25986e-05
 ------------------------------------------------------------------------------
| Porous Media Performance: Alive time=50.7651, Active time=27.2936            |
 ------------------------------------------------------------------------------
| Event                         nCalls    Total       Avg         Percent of   |
|                                         Time        Time        Active Time  |
|------------------------------------------------------------------------------|
|                                                                              |
| assemble                      62        3.0897      0.049834    11.32        |
| assemble + linear solve       41        24.2039     0.590338    88.68        |
 ------------------------------------------------------------------------------
| Totals:                       103       27.2936                 100.00       |
 ------------------------------------------------------------------------------

Linear solver converged at step: 661, final residual: 1.67621e-11  ||u - u_old|| = 0.17576
F_norms[1]=1.09306e-06
 Nonlinear solver converged at step 1

F_norms[0]=8.25986e-05		 etas[0]=0			 n_its[0]=661
F_norms[1]=1.09306e-06		 etas[1]=0			 n_its[1]=0
 |TE|_oo = 0
 Scaling timestep by 1
--------------------------------------------------------------------------
Computing Surface fluxes...
Computing Kinetic Energy...
======= Finished time step    22 time=0.22 dt=0.01 =======


======= Starting time step    23 time=0.22 dt=0.01 =======
F_norms[0]=3.49896e-05
 ------------------------------------------------------------------------------
| Porous Media Performance: Alive time=51.7268, Active time=28.0524            |
 ------------------------------------------------------------------------------
| Event                         nCalls    Total       Avg         Percent of   |
|                                         Time        Time        Active Time  |
|------------------------------------------------------------------------------|
|                                                                              |
| assemble                      64        3.1881      0.049814    11.36        |
| assemble + linear solve       42        24.8643     0.592007    88.64        |
 ------------------------------------------------------------------------------
| Totals:                       106       28.0524                 100.00       |
 ------------------------------------------------------------------------------

Linear solver converged at step: 661, final residual: 6.32536e-12  ||u - u_old|| = 0.0665479
F_norms[1]=4.87694e-07
 Nonlinear solver converged at step 1

F_norms[0]=3.49896e-05		 etas[0]=0			 n_its[0]=661
F_norms[1]=4.87694e-07		 etas[1]=0			 n_its[1]=0
 |TE|_oo = 0
 Scaling timestep by 1
--------------------------------------------------------------------------
Computing Surface fluxes...
Computing Kinetic Energy...
======= Finished time step    23 time=0.23 dt=0.01 =======


======= Starting time step    24 time=0.23 dt=0.01 =======
F_norms[0]=2.04254e-05
 ------------------------------------------------------------------------------
| Porous Media Performance: Alive time=52.6864, Active time=28.8054            |
 ------------------------------------------------------------------------------
| Event                         nCalls    Total       Avg         Percent of   |
|                                         Time        Time        Active Time  |
|------------------------------------------------------------------------------|
|                                                                              |
| assemble                      66        3.2859      0.049786    11.41        |
| assemble + linear solve       43        25.5195     0.593477    88.59        |
 ------------------------------------------------------------------------------
| Totals:                       109       28.8054                 100.00       |
 ------------------------------------------------------------------------------

Linear solver converged at step: 661, final residual: 2.3871e-12  ||u - u_old|| = 0.0910958
F_norms[1]=1.03117e-06
 Nonlinear solver converged at step 1

F_norms[0]=2.04254e-05		 etas[0]=0			 n_its[0]=661
F_norms[1]=1.03117e-06		 etas[1]=0			 n_its[1]=0
 |TE|_oo = 0
 Scaling timestep by 1
--------------------------------------------------------------------------
Computing Surface fluxes...
Computing Kinetic Energy...
======= Finished time step    24 time=0.24 dt=0.01 =======


======= Starting time step    25 time=0.24 dt=0.01 =======
F_norms[0]=1.66943e-05
 ------------------------------------------------------------------------------
| Porous Media Performance: Alive time=53.6378, Active time=29.5554            |
 ------------------------------------------------------------------------------
| Event                         nCalls    Total       Avg         Percent of   |
|                                         Time        Time        Active Time  |
|------------------------------------------------------------------------------|
|                                                                              |
| assemble                      68        3.3845      0.049772    11.45        |
| assemble + linear solve       44        26.1708     0.594792    88.55        |
 ------------------------------------------------------------------------------
| Totals:                       112       29.5554                 100.00       |
 ------------------------------------------------------------------------------

Linear solver converged at step: 661, final residual: 1.4886e-11  ||u - u_old|| = 0.0725416
F_norms[1]=1.11192e-06
 Nonlinear solver converged at step 1

F_norms[0]=1.66943e-05		 etas[0]=0			 n_its[0]=661
F_norms[1]=1.11192e-06		 etas[1]=0			 n_its[1]=0
 |TE|_oo = 0
 Scaling timestep by 1
--------------------------------------------------------------------------
Computing Surface fluxes...
Computing Kinetic Energy...
======= Finished time step    25 time=0.25 dt=0.01 =======


======= Starting time step    26 time=0.25 dt=0.01 =======
F_norms[0]=1.14136e-05
 ------------------------------------------------------------------------------
| Porous Media Performance: Alive time=54.557, Active time=30.27               |
 ------------------------------------------------------------------------------
| Event                         nCalls    Total       Avg         Percent of   |
|                                         Time        Time        Active Time  |
|------------------------------------------------------------------------------|
|                                                                              |
| assemble                      70        3.4822      0.049746    11.50        |
| assemble + linear solve       45        26.7878     0.595285    88.50        |
 ------------------------------------------------------------------------------
| Totals:                       115       30.2700                 100.00       |
 ------------------------------------------------------------------------------

Linear solver converged at step: 624, final residual: 4.60746e-13  ||u - u_old|| = 0.0399721
F_norms[1]=6.34361e-07
 Nonlinear solver converged at step 1

F_norms[0]=1.14136e-05		 etas[0]=0			 n_its[0]=624
F_norms[1]=6.34361e-07		 etas[1]=0			 n_its[1]=0
 |TE|_oo = 0
 Scaling timestep by 1
--------------------------------------------------------------------------
Computing Surface fluxes...
Computing Kinetic Energy...
======= Finished time step    26 time=0.26 dt=0.01 =======


======= Starting time step    27 time=0.26 dt=0.01 =======
F_norms[0]=6.09195e-06
 Nonlinear solver converged at step 0

F_norms[0]=6.09195e-06		 etas[0]=0			 n_its[0]=0
 |TE|_oo = 0
 Scaling timestep by 1
--------------------------------------------------------------------------
Computing Surface fluxes...
Computing Kinetic Energy...
======= Finished time step    27 time=0.27 dt=0.01 =======


Steady State Reached: Terminating Simulation.
 ------------------------------------------------------------------------------
| Porous Media Performance: Alive time=59.5211, Active time=30.3677            |
 ------------------------------------------------------------------------------
| Event                         nCalls    Total       Avg         Percent of   |
|                                         Time        Time        Active Time  |
|------------------------------------------------------------------------------|
|                                                                              |
| assemble                      72        3.5799      0.049721    11.79        |
| assemble + linear solve       45        26.7878     0.595285    88.21        |
 ------------------------------------------------------------------------------
| Totals:                       117       30.3677                 100.00       |
 ------------------------------------------------------------------------------

************************************************************************************************************************
***             WIDEN YOUR WINDOW TO 120 CHARACTERS.  Use 'enscript -r -fCourier9' to print this document            ***
************************************************************************************************************************

---------------------------------------------- PETSc Performance Summary: ----------------------------------------------

./pm on a linux named columbia9 with 64 processors, by benkirk Wed Apr 19 17:15:58 2006
Using Petsc Version 2.2.0, Patch 0, Released Feb 27, 2004

                         Max       Max/Min        Avg      Total 
Time (sec):           6.146e+01      1.07226   6.081e+01
Objects:              0.000e+00      0.00000   0.000e+00
Flops:                7.417e+09      1.29185   6.619e+09  4.236e+11
Flops/sec:            1.209e+08      1.28895   1.089e+08  6.967e+09
MPI Messages:         3.835e+05      3.50000   2.773e+05  1.775e+07
MPI Message Lengths:  1.413e+08      2.48169   3.920e+02  6.958e+09
MPI Reductions:       1.307e+03      1.00000

Flop counting convention: 1 flop = 1 real number operation of type (multiply/divide/add/subtract)
                            e.g., VecAXPY() for real vectors of length N --> 2N flops
                            and VecAXPY() for complex vectors of length N --> 8N flops

Summary of Stages:   ----- Time ------  ----- Flops -----  --- Messages ---  -- Message Lengths --  -- Reductions --
                        Avg     %Total     Avg     %Total   counts   %Total     Avg         %Total   counts   %Total 
 0:      Main Stage: 6.0814e+01 100.0%  4.2365e+11 100.0%  1.775e+07 100.0%  3.920e+02      100.0%  8.365e+04 100.0% 

------------------------------------------------------------------------------------------------------------------------
See the 'Profiling' chapter of the users' manual for details on interpreting output.
Phase summary info:
   Count: number of times phase was executed
   Time and Flops/sec: Max - maximum over all processors
                       Ratio - ratio of maximum to minimum over all processors
   Mess: number of messages sent
   Avg. len: average message length
   Reduct: number of global reductions
   Global: entire computation
   Stage: stages of a computation. Set stages with PetscLogStagePush() and PetscLogStagePop().
      %T - percent time in this phase         %F - percent flops in this phase
      %M - percent messages in this phase     %L - percent message lengths in this phase
      %R - percent reductions in this phase
   Total Mflop/s: 10e-6 * (sum of flops over all processors)/(max time over all processors)
------------------------------------------------------------------------------------------------------------------------


      ##########################################################
      #                                                        #
      #                          WARNING!!!                    #
      #                                                        #
      #   This code was run without the PreLoadBegin()         #
      #   macros. To get timing results we always recommend    #
      #   preloading. otherwise timing numbers may be          #
      #   meaningless.                                         #
      ##########################################################


Event                Count      Time (sec)     Flops/sec                         --- Global ---  --- Stage ---   Total
                   Max Ratio  Max     Ratio   Max  Ratio  Mess   Avg len Reduct  %T %F %M %L %R  %T %F %M %L %R Mflop/s
------------------------------------------------------------------------------------------------------------------------

--- Event Stage 0: Main Stage

VecDot             54293 1.0 4.9674e+00 2.2 5.72e+07 2.8 0.0e+00 0.0e+00 5.4e+04  6  2  0  0 65   6  2  0  0 65  1491
VecNorm            27323 1.0 3.9428e+00 3.2 5.34e+07 4.1 0.0e+00 0.0e+00 2.7e+04  4  1  0  0 33   4  1  0  0 33   945
VecCopy              443 1.0 2.1652e-02 2.7 0.00e+00 0.0 0.0e+00 0.0e+00 0.0e+00  0  0  0  0  0   0  0  0  0  0     0
VecSet             54780 1.0 7.3150e-02 1.2 0.00e+00 0.0 0.0e+00 0.0e+00 0.0e+00  0  0  0  0  0   0  0  0  0  0     0
VecAXPY           108662 1.0 2.2987e-01 1.1 1.16e+09 1.2 0.0e+00 0.0e+00 0.0e+00  0  3  0  0  0   0  3  0  0  0 64496
VecAYPX            54252 1.0 7.6284e-01 1.3 1.71e+08 1.0 0.0e+00 0.0e+00 0.0e+00  1  2  0  0  0   1  2  0  0  0  9703
VecWAXPY          108442 1.0 1.3141e+00 1.3 1.75e+08 1.1 0.0e+00 0.0e+00 0.0e+00  2  3  0  0  0   2  3  0  0  0  9853
VecAssemblyBegin     333 1.0 4.6861e-01 2.0 0.00e+00 0.0 3.2e+04 6.0e+02 1.0e+03  1  0  0  0  1   1  0  0  0  1     0
VecAssemblyEnd       333 1.0 3.7628e-02 2.7 0.00e+00 0.0 0.0e+00 0.0e+00 0.0e+00  0  0  0  0  0   0  0  0  0  0     0
VecScatterBegin    54510 1.0 3.7141e+00 6.6 0.00e+00 0.0 1.8e+07 3.8e+02 0.0e+00  4  0100 95  0   4  0100 95  0     0
VecScatterEnd      54510 1.0 1.3556e+00 2.8 0.00e+00 0.0 0.0e+00 0.0e+00 0.0e+00  1  0  0  0  0   1  0  0  0  0     0
MatMult            54365 1.0 1.0736e+01 1.5 4.36e+08 1.6 1.8e+07 3.8e+02 0.0e+00 15 46 99 95  0  15 46 99 95  0 18106
MatMultAdd            72 1.0 4.7638e-02 1.9 1.72e+08 2.1 2.3e+04 3.8e+02 0.0e+00  0  0  0  0  0   0  0  0  0  0  5534
MatSolve           54365 1.0 8.5445e+00 1.4 3.86e+08 1.0 0.0e+00 0.0e+00 0.0e+00 12 43  0  0  0  12 43  0  0  0 21230
MatLUFactorNum        72 1.0 1.3858e-01 1.4 1.86e+08 1.2 0.0e+00 0.0e+00 0.0e+00  0  0  0  0  0   0  0  0  0  0  9276
MatILUFactorSym        2 1.0 3.9439e-03 4.2 0.00e+00 0.0 0.0e+00 0.0e+00 2.0e+00  0  0  0  0  0   0  0  0  0  0     0
MatAssemblyBegin     216 1.0 1.4738e+00 3.4 0.00e+00 0.0 3.2e+04 8.9e+03 4.3e+02  1  0  0  4  1   1  0  0  4  1     0
MatAssemblyEnd       216 1.0 1.5053e-01 2.0 0.00e+00 0.0 6.5e+02 2.0e+02 2.3e+02  0  0  0  0  0   0  0  0  0  0     0
MatGetOrdering         2 1.0 1.7667e-03 2.9 0.00e+00 0.0 0.0e+00 0.0e+00 4.0e+00  0  0  0  0  0   0  0  0  0  0     0
MatZeroEntries       103 1.0 1.0801e-02 1.7 0.00e+00 0.0 0.0e+00 0.0e+00 0.0e+00  0  0  0  0  0   0  0  0  0  0     0
KSPSetup             144 1.0 1.2218e-02 2.9 0.00e+00 0.0 0.0e+00 0.0e+00 0.0e+00  0  0  0  0  0   0  0  0  0  0     0
KSPSolve              72 1.0 2.6862e+01 1.0 2.76e+08 1.3 1.8e+07 3.8e+02 8.2e+04 44100 99 95 97  44100 99 95 97 15760
PCSetUp              144 1.0 1.9365e-01 1.3 1.25e+08 1.2 0.0e+00 0.0e+00 6.0e+00  0  0  0  0  0   0  0  0  0  0  6638
PCSetUpOnBlocks       72 1.0 1.5414e-01 1.3 1.66e+08 1.2 0.0e+00 0.0e+00 6.0e+00  0  0  0  0  0   0  0  0  0  0  8339
PCApply            54365 1.0 9.1795e+00 1.3 3.55e+08 1.0 0.0e+00 0.0e+00 0.0e+00 13 43  0  0  0  13 43  0  0  0 19761
------------------------------------------------------------------------------------------------------------------------

Memory usage is given in bytes:

Object Type          Creations   Destructions   Memory  Descendants' Mem.

--- Event Stage 0: Main Stage

           Index Set    83             83     409260     0
                 Map   196            196      50176     0
                 Vec   198            198    1565808     0
         Vec Scatter    75             75    2175744     0
              Matrix     8              8    1607416     622568
       Krylov Solver     4              4        304     152568
      Preconditioner     4              4        480     560580
========================================================================================================================
Average time to get PetscTime(): 2.31266e-06
Average time for MPI_Barrier(): 1.30177e-05
Average time for zero size MPI_Send(): 0.00014792
Compiled without FORTRAN kernels
Compiled with double precision matrices (default)
sizeof(short) 2 sizeof(int) 4 sizeof(long) 8 sizeof(void *) 8   
Libraries compiled on Tue Dec 13 11:13:18 PST 2005 on columbia  
Machine characteristics: Linux columbia 2.6.5-7.202.5-sn2 #1 SMP Thu Aug 25 06:20:45 UTC 2005 ia64 ia64 ia64 GNU/Linux  
Using PETSc directory: /u/benkirk/petsc-2.2.0 
Using PETSc arch: linux64_intel 
-----------------------------------------   
Using C compiler: icc -KPIC -O2 -ftz -I/u/benkirk/petsc-2.2.0 -I/u/benkirk/petsc-2.2.0/bmake/linux64_intel -I/u/benkirk/petsc-2.2.0/include   -I/opt/sgi/mpt/1.12.0.0/include                                                                                                                           -DPETSC_USE_FOR_KERNELS -DPETSC_USE_LOG -DPETSC_USE_DEBUG -DPETSC_USE_BOPT_O -DPETSC_USE_EXTERN_CXX -DMPI_NO_CPPBIND -wd1476 -D__SDIR__='. '  
C Compiler version: 
Intel(R) C Itanium(R) Compiler for Itanium(R)-based applications 
Version 9.0    Build 20051020 Package ID: l_cc_c_9.0.027 
C++ Compiler version: 
Intel(R) C Itanium(R) Compiler for Itanium(R)-based applications 
Using Fortran compiler: ifort -w -KPIC -O2 -ftz -I/u/benkirk/petsc-2.2.0 -I/u/benkirk/petsc-2.2.0/bmake/linux64_intel -I/u/benkirk/petsc-2.2.0/include   -I/opt/sgi/mpt/1.12.0.0/include                                                                                                                           -DPETSC_USE_FOR_KERNELS -DPETSC_USE_LOG -DPETSC_USE_DEBUG -DPETSC_USE_BOPT_O -DPETSC_USE_EXTERN_CXX  
Fortran Compiler version: 
Intel(R) Fortran Itanium(R) Compiler for Itanium(R)-based applications 
Version 9.0    Build 20051020 Package ID: l_fc_c_9.0.028 
-----------------------------------------   
Using PETSc flags: -DPETSC_USE_FOR_KERNELS -DPETSC_USE_LOG -DPETSC_USE_DEBUG -DPETSC_USE_BOPT_O -DPETSC_USE_EXTERN_CXX                                                                                                                        
----------------------------------------- 
Using configuration flags: 
----------------------------------------- 
Using include paths: -I/u/benkirk/petsc-2.2.0 -I/u/benkirk/petsc-2.2.0/bmake/linux64_intel -I/u/benkirk/petsc-2.2.0/include   -I/opt/sgi/mpt/1.12.0.0/include    
------------------------------------------   
Using C linker: icc -i_dynamic -O2 -ftz -Qoption,link,-rpath,/u/benkirk/petsc-2.2.0/lib/libO/linux64_intel  
Using Fortran linker: icc -i_dynamic -O2 -ftz -Qoption,link,-rpath,/u/benkirk/petsc-2.2.0/lib/libO/linux64_intel  
Using libraries: -L/u/benkirk/petsc-2.2.0/lib/libO/linux64_intel -lpetscts -lpetscsnes -lpetscksp -lpetscdm -lpetscmat -lpetscvec -lpetsc                                                                                                                                                                                                                                                                              -Wl,-rpath,/opt/sgi/scsl/1.6.1.0/lib -L/opt/sgi/scsl/1.6.1.0/lib -lscs -L/opt/sgi/mpt/1.12.0.0/lib -lmpi -lifport -lifcoremt -ldl -limf -lm -lcxa -lunwind -lpthread -lirc 
 -------------------------------------------------------------------------------

 Run completed in 65 seconds
