
 -----------------------------------------------
| Master Host:   cfe1.nas.nasa.gov
| Working Dir:   /u/benkirk/nobackup/bmurray_code/run.columbia
| # of Procs:    24
| Case name::    pm_jwp
 -----------------------------------------------

Using input file: pm_jwp.in
Initializing EquationSystems ... 
 Mesh Information:
  mesh_dimension()=2
  spatial_dimension()=3
  n_nodes()=22801
  n_elem()=22500
   n_local_elem()=914
   n_active_elem()=22500
  n_subdomains()=1
  n_processors()=24
  processor_id()=0

 EquationSystems
  n_systems()=2
   System "Porous Media"
    Type "TransientLinearImplicit"
    Variables="p" "t" "s" 
    Finite Element Types="LAGRANGE" "LAGRANGE" "LAGRANGE" 
    Approximation Orders="FIRST" "FIRST" "FIRST" 
    n_dofs()=68403
    n_local_dofs()=2943
    n_constrained_dofs()=0
    n_vectors()=6
   System "Velocity"
    Type "TransientLinearImplicit"
    Variables="u" "v" 
    Finite Element Types="LAGRANGE" "LAGRANGE" 
    Approximation Orders="FIRST" "FIRST" 
    n_dofs()=45602
    n_local_dofs()=1962
    n_constrained_dofs()=0
    n_vectors()=3

======= Starting time step     1 time=0 dt=0.01 =======
F_norms[0]=0.115883

-------------------------------------------------------
| Processor id:   0                                    |
| Num Processors: 24                                   |
| Time:           Wed Apr 19 17:13:26 2006             |
| OS:             Linux                                |
| HostName:       columbia9                            |
| OS Release:     2.6.5-7.202.7-sn2                    |
| OS Version:     #5 SMP Thu Mar 16 17:51:36 PST 2006  |
| Machine:        ia64                                 |
| Username:       benkirk                              |
-------------------------------------------------------
 ------------------------------------------------------------------------------
| Porous Media Performance: Alive time=6.15139, Active time=1.24185            |
 ------------------------------------------------------------------------------
| Event                         nCalls    Total       Avg         Percent of   |
|                                         Time        Time        Active Time  |
|------------------------------------------------------------------------------|
|                                                                              |
| assemble                      1         0.1084      0.108355    8.73         |
| assemble + linear solve       1         1.1335      1.133500    91.27        |
 ------------------------------------------------------------------------------
| Totals:                       2         1.2419                  100.00       |
 ------------------------------------------------------------------------------

Linear solver converged at step: 575, final residual: 9.98774e-11  ||u - u_old|| = 1.30631
F_norms[1]=9.49087e-07
 Nonlinear solver converged at step 1

F_norms[0]=0.115883		 etas[0]=0			 n_its[0]=575
F_norms[1]=9.49087e-07		 etas[1]=0			 n_its[1]=0
Computing Surface fluxes...
Computing Kinetic Energy...
======= Finished time step     1 time=0.01 dt=0.01 =======


======= Starting time step     2 time=0.01 dt=0.01 =======
F_norms[0]=0.000193033
 ------------------------------------------------------------------------------
| Porous Media Performance: Alive time=7.82635, Active time=2.73665            |
 ------------------------------------------------------------------------------
| Event                         nCalls    Total       Avg         Percent of   |
|                                         Time        Time        Active Time  |
|------------------------------------------------------------------------------|
|                                                                              |
| assemble                      3         0.3167      0.105553    11.57        |
| assemble + linear solve       2         2.4200      1.209997    88.43        |
 ------------------------------------------------------------------------------
| Totals:                       5         2.7367                  100.00       |
 ------------------------------------------------------------------------------

Linear solver converged at step: 661, final residual: 1.23775e-10  ||u - u_old|| = 0.493446
F_norms[1]=1.70905e-06
 Nonlinear solver converged at step 1

F_norms[0]=0.000193033		 etas[0]=0			 n_its[0]=661
F_norms[1]=1.70905e-06		 etas[1]=0			 n_its[1]=0
Computing Surface fluxes...
Computing Kinetic Energy...
======= Finished time step     2 time=0.02 dt=0.01 =======


======= Starting time step     3 time=0.02 dt=0.01 =======
F_norms[0]=0.000403062
 ------------------------------------------------------------------------------
| Porous Media Performance: Alive time=8.91191, Active time=3.65326            |
 ------------------------------------------------------------------------------
| Event                         nCalls    Total       Avg         Percent of   |
|                                         Time        Time        Active Time  |
|------------------------------------------------------------------------------|
|                                                                              |
| assemble                      5         0.5233      0.104669    14.33        |
| assemble + linear solve       3         3.1299      1.043304    85.67        |
 ------------------------------------------------------------------------------
| Totals:                       8         3.6533                  100.00       |
 ------------------------------------------------------------------------------

Linear solver converged at step: 361, final residual: 9.14155e-11  ||u - u_old|| = 1.00519
F_norms[1]=7.01716e-06
 Nonlinear solver converged at step 1

F_norms[0]=0.000403062		 etas[0]=0			 n_its[0]=361
F_norms[1]=7.01716e-06		 etas[1]=0			 n_its[1]=0
 |TE|_oo = 0
 Scaling timestep by 1
--------------------------------------------------------------------------
Computing Surface fluxes...
Computing Kinetic Energy...
======= Finished time step     3 time=0.03 dt=0.01 =======


======= Starting time step     4 time=0.03 dt=0.01 =======
F_norms[0]=0.000846787
 ------------------------------------------------------------------------------
| Porous Media Performance: Alive time=10.1163, Active time=4.68836            |
 ------------------------------------------------------------------------------
| Event                         nCalls    Total       Avg         Percent of   |
|                                         Time        Time        Active Time  |
|------------------------------------------------------------------------------|
|                                                                              |
| assemble                      7         0.7291      0.104155    15.55        |
| assemble + linear solve       4         3.9593      0.989819    84.45        |
 ------------------------------------------------------------------------------
| Totals:                       11        4.6884                  100.00       |
 ------------------------------------------------------------------------------

Linear solver converged at step: 424, final residual: 2.215e-10  ||u - u_old|| = 2.08888
F_norms[1]=3.04943e-05
 ------------------------------------------------------------------------------
| Porous Media Performance: Alive time=10.8933, Active time=5.45108            |
 ------------------------------------------------------------------------------
| Event                         nCalls    Total       Avg         Percent of   |
|                                         Time        Time        Active Time  |
|------------------------------------------------------------------------------|
|                                                                              |
| assemble                      8         0.8326      0.104078    15.27        |
| assemble + linear solve       5         4.6185      0.923692    84.73        |
 ------------------------------------------------------------------------------
| Totals:                       13        5.4511                  100.00       |
 ------------------------------------------------------------------------------

Linear solver converged at step: 335, final residual: 8.45377e-12  ||u - u_old|| = 0.0227472
F_norms[2]=3.61589e-07
 Nonlinear solver converged at step 2

F_norms[0]=0.000846787		 etas[0]=0			 n_its[0]=424
F_norms[1]=3.04943e-05		 etas[1]=0			 n_its[1]=335
F_norms[2]=3.61589e-07		 etas[2]=0			 n_its[2]=0
 |TE|_oo = 0
 Scaling timestep by 1
--------------------------------------------------------------------------
Computing Surface fluxes...
Computing Kinetic Energy...
======= Finished time step     4 time=0.04 dt=0.01 =======


======= Starting time step     5 time=0.04 dt=0.01 =======
F_norms[0]=0.00177368
 ------------------------------------------------------------------------------
| Porous Media Performance: Alive time=12.0485, Active time=6.43942            |
 ------------------------------------------------------------------------------
| Event                         nCalls    Total       Avg         Percent of   |
|                                         Time        Time        Active Time  |
|------------------------------------------------------------------------------|
|                                                                              |
| assemble                      10        1.0394      0.103939    16.14        |
| assemble + linear solve       6         5.4000      0.900005    83.86        |
 ------------------------------------------------------------------------------
| Totals:                       16        6.4394                  100.00       |
 ------------------------------------------------------------------------------

Linear solver converged at step: 400, final residual: 4.73349e-10  ||u - u_old|| = 4.38939
F_norms[1]=0.000134665
 ------------------------------------------------------------------------------
| Porous Media Performance: Alive time=12.8955, Active time=7.27091            |
 ------------------------------------------------------------------------------
| Event                         nCalls    Total       Avg         Percent of   |
|                                         Time        Time        Active Time  |
|------------------------------------------------------------------------------|
|                                                                              |
| assemble                      11        1.1435      0.103953    15.73        |
| assemble + linear solve       7         6.1274      0.875346    84.27        |
 ------------------------------------------------------------------------------
| Totals:                       18        7.2709                  100.00       |
 ------------------------------------------------------------------------------

Linear solver converged at step: 369, final residual: 3.7728e-11  ||u - u_old|| = 0.106488
F_norms[2]=5.65418e-07
 Nonlinear solver converged at step 2

F_norms[0]=0.00177368		 etas[0]=0			 n_its[0]=400
F_norms[1]=0.000134665		 etas[1]=0			 n_its[1]=369
F_norms[2]=5.65418e-07		 etas[2]=0			 n_its[2]=0
 |TE|_oo = 0
 Scaling timestep by 1
--------------------------------------------------------------------------
Computing Surface fluxes...
Computing Kinetic Energy...
======= Finished time step     5 time=0.05 dt=0.01 =======


======= Starting time step     6 time=0.05 dt=0.01 =======
F_norms[0]=0.00373876
 ------------------------------------------------------------------------------
| Porous Media Performance: Alive time=14.076, Active time=8.28513             |
 ------------------------------------------------------------------------------
| Event                         nCalls    Total       Avg         Percent of   |
|                                         Time        Time        Active Time  |
|------------------------------------------------------------------------------|
|                                                                              |
| assemble                      13        1.3503      0.103867    16.30        |
| assemble + linear solve       8         6.9349      0.866857    83.70        |
 ------------------------------------------------------------------------------
| Totals:                       21        8.2851                  100.00       |
 ------------------------------------------------------------------------------

Linear solver converged at step: 415, final residual: 6.51272e-10  ||u - u_old|| = 9.57456
F_norms[1]=0.000635806
 ------------------------------------------------------------------------------
| Porous Media Performance: Alive time=14.9854, Active time=9.1808             |
 ------------------------------------------------------------------------------
| Event                         nCalls    Total       Avg         Percent of   |
|                                         Time        Time        Active Time  |
|------------------------------------------------------------------------------|
|                                                                              |
| assemble                      14        1.4542      0.103869    15.84        |
| assemble + linear solve       9         7.7266      0.858515    84.16        |
 ------------------------------------------------------------------------------
| Totals:                       23        9.1808                  100.00       |
 ------------------------------------------------------------------------------

Linear solver converged at step: 401, final residual: 1.78798e-10  ||u - u_old|| = 0.626099
F_norms[2]=4.15349e-06
 Nonlinear solver converged at step 2

F_norms[0]=0.00373876		 etas[0]=0			 n_its[0]=415
F_norms[1]=0.000635806		 etas[1]=0			 n_its[1]=401
F_norms[2]=4.15349e-06		 etas[2]=0			 n_its[2]=0
 |TE|_oo = 0
 Scaling timestep by 1
--------------------------------------------------------------------------
Computing Surface fluxes...
Computing Kinetic Energy...
======= Finished time step     6 time=0.06 dt=0.01 =======


======= Starting time step     7 time=0.06 dt=0.01 =======
F_norms[0]=0.00820586
 ------------------------------------------------------------------------------
| Porous Media Performance: Alive time=16.2379, Active time=10.2643            |
 ------------------------------------------------------------------------------
| Event                         nCalls    Total       Avg         Percent of   |
|                                         Time        Time        Active Time  |
|------------------------------------------------------------------------------|
|                                                                              |
| assemble                      16        1.6611      0.103821    16.18        |
| assemble + linear solve       10        8.6032      0.860315    83.82        |
 ------------------------------------------------------------------------------
| Totals:                       26        10.2643                 100.00       |
 ------------------------------------------------------------------------------

Linear solver converged at step: 451, final residual: 1.81365e-09  ||u - u_old|| = 24.7064
F_norms[1]=0.00409304
 ------------------------------------------------------------------------------
| Porous Media Performance: Alive time=17.3291, Active time=11.3416            |
 ------------------------------------------------------------------------------
| Event                         nCalls    Total       Avg         Percent of   |
|                                         Time        Time        Active Time  |
|------------------------------------------------------------------------------|
|                                                                              |
| assemble                      17        1.7656      0.103861    15.57        |
| assemble + linear solve       11        9.5759      0.870541    84.43        |
 ------------------------------------------------------------------------------
| Totals:                       28        11.3416                 100.00       |
 ------------------------------------------------------------------------------

Linear solver converged at step: 497, final residual: 9.12025e-10  ||u - u_old|| = 8.25433
F_norms[2]=0.000525254
 ------------------------------------------------------------------------------
| Porous Media Performance: Alive time=18.2786, Active time=12.2769            |
 ------------------------------------------------------------------------------
| Event                         nCalls    Total       Avg         Percent of   |
|                                         Time        Time        Active Time  |
|------------------------------------------------------------------------------|
|                                                                              |
| assemble                      18        1.8692      0.103842    15.22        |
| assemble + linear solve       12        10.4078     0.867315    84.78        |
 ------------------------------------------------------------------------------
| Totals:                       30        12.2769                 100.00       |
 ------------------------------------------------------------------------------

Linear solver converged at step: 426, final residual: 1.16582e-10  ||u - u_old|| = 0.943846
F_norms[3]=3.48339e-06
 Nonlinear solver converged at step 3

F_norms[0]=0.00820586		 etas[0]=0			 n_its[0]=451
F_norms[1]=0.00409304		 etas[1]=0			 n_its[1]=497
F_norms[2]=0.000525254		 etas[2]=0			 n_its[2]=426
F_norms[3]=3.48339e-06		 etas[3]=0			 n_its[3]=0
 |TE|_oo = 0
 Scaling timestep by 1
--------------------------------------------------------------------------
Computing Surface fluxes...
Computing Kinetic Energy...
======= Finished time step     7 time=0.07 dt=0.01 =======


======= Starting time step     8 time=0.07 dt=0.01 =======
F_norms[0]=0.0228168
 ------------------------------------------------------------------------------
| Porous Media Performance: Alive time=19.6946, Active time=13.5253            |
 ------------------------------------------------------------------------------
| Event                         nCalls    Total       Avg         Percent of   |
|                                         Time        Time        Active Time  |
|------------------------------------------------------------------------------|
|                                                                              |
| assemble                      20        2.0765      0.103824    15.35        |
| assemble + linear solve       13        11.4488     0.880676    84.65        |
 ------------------------------------------------------------------------------
| Totals:                       33        13.5253                 100.00       |
 ------------------------------------------------------------------------------

Linear solver converged at step: 535, final residual: 4.25076e-09  ||u - u_old|| = 162.473
F_norms[1]=0.133019
 ------------------------------------------------------------------------------
| Porous Media Performance: Alive time=21.1059, Active time=14.9201            |
 ------------------------------------------------------------------------------
| Event                         nCalls    Total       Avg         Percent of   |
|                                         Time        Time        Active Time  |
|------------------------------------------------------------------------------|
|                                                                              |
| assemble                      21        2.1807      0.103841    14.62        |
| assemble + linear solve       14        12.7394     0.909959    85.38        |
 ------------------------------------------------------------------------------
| Totals:                       35        14.9201                 100.00       |
 ------------------------------------------------------------------------------

Linear solver converged at step: 661, final residual: 8.3651e-05  ||u - u_old|| = 75.8139
F_norms[2]=0.0215893
 ------------------------------------------------------------------------------
| Porous Media Performance: Alive time=22.5096, Active time=16.3095            |
 ------------------------------------------------------------------------------
| Event                         nCalls    Total       Avg         Percent of   |
|                                         Time        Time        Active Time  |
|------------------------------------------------------------------------------|
|                                                                              |
| assemble                      22        2.2842      0.103828    14.01        |
| assemble + linear solve       15        14.0252     0.935015    85.99        |
 ------------------------------------------------------------------------------
| Totals:                       37        16.3095                 100.00       |
 ------------------------------------------------------------------------------

Linear solver converged at step: 661, final residual: 8.10378e-08  ||u - u_old|| = 42.6107
F_norms[3]=0.00211933
 ------------------------------------------------------------------------------
| Porous Media Performance: Alive time=23.9122, Active time=17.6968            |
 ------------------------------------------------------------------------------
| Event                         nCalls    Total       Avg         Percent of   |
|                                         Time        Time        Active Time  |
|------------------------------------------------------------------------------|
|                                                                              |
| assemble                      23        2.3876      0.103808    13.49        |
| assemble + linear solve       16        15.3092     0.956827    86.51        |
 ------------------------------------------------------------------------------
| Totals:                       39        17.6968                 100.00       |
 ------------------------------------------------------------------------------

Linear solver converged at step: 661, final residual: 7.50525e-08  ||u - u_old|| = 4.05173
F_norms[4]=3.49913e-05
 ------------------------------------------------------------------------------
| Porous Media Performance: Alive time=25.3175, Active time=19.0878            |
 ------------------------------------------------------------------------------
| Event                         nCalls    Total       Avg         Percent of   |
|                                         Time        Time        Active Time  |
|------------------------------------------------------------------------------|
|                                                                              |
| assemble                      24        2.4911      0.103794    13.05        |
| assemble + linear solve       17        16.5967     0.976278    86.95        |
 ------------------------------------------------------------------------------
| Totals:                       41        19.0878                 100.00       |
 ------------------------------------------------------------------------------

Linear solver converged at step: 661, final residual: 5.48689e-11  ||u - u_old|| = 0.0482646
F_norms[5]=8.18329e-07
 Nonlinear solver converged at step 5

F_norms[0]=0.0228168		 etas[0]=0			 n_its[0]=535
F_norms[1]=0.133019		 etas[1]=0			 n_its[1]=661
F_norms[2]=0.0215893		 etas[2]=0			 n_its[2]=661
F_norms[3]=0.00211933		 etas[3]=0			 n_its[3]=661
F_norms[4]=3.49913e-05		 etas[4]=0			 n_its[4]=661
F_norms[5]=8.18329e-07		 etas[5]=0			 n_its[5]=0
 |TE|_oo = 0
 Scaling timestep by 1
--------------------------------------------------------------------------
Computing Surface fluxes...
Computing Kinetic Energy...
======= Finished time step     8 time=0.08 dt=0.01 =======


======= Starting time step     9 time=0.08 dt=0.01 =======
F_norms[0]=0.0632963
 ------------------------------------------------------------------------------
| Porous Media Performance: Alive time=27.3454, Active time=20.9418            |
 ------------------------------------------------------------------------------
| Event                         nCalls    Total       Avg         Percent of   |
|                                         Time        Time        Active Time  |
|------------------------------------------------------------------------------|
|                                                                              |
| assemble                      26        2.6973      0.103742    12.88        |
| assemble + linear solve       18        18.2445     1.013583    87.12        |
 ------------------------------------------------------------------------------
| Totals:                       44        20.9418                 100.00       |
 ------------------------------------------------------------------------------

Linear solver converged at step: 661, final residual: 5.95012e-06  ||u - u_old|| = 487.711
F_norms[1]=0.134383
 ------------------------------------------------------------------------------
| Porous Media Performance: Alive time=28.7398, Active time=22.321             |
 ------------------------------------------------------------------------------
| Event                         nCalls    Total       Avg         Percent of   |
|                                         Time        Time        Active Time  |
|------------------------------------------------------------------------------|
|                                                                              |
| assemble                      27        2.8009      0.103736    12.55        |
| assemble + linear solve       19        19.5202     1.027378    87.45        |
 ------------------------------------------------------------------------------
| Totals:                       46        22.3210                 100.00       |
 ------------------------------------------------------------------------------

Linear solver converged at step: 655, final residual: 2.45675e-08  ||u - u_old|| = 143.178
F_norms[2]=0.0227346
 ------------------------------------------------------------------------------
| Porous Media Performance: Alive time=30.098, Active time=23.6643             |
 ------------------------------------------------------------------------------
| Event                         nCalls    Total       Avg         Percent of   |
|                                         Time        Time        Active Time  |
|------------------------------------------------------------------------------|
|                                                                              |
| assemble                      28        2.9042      0.103723    12.27        |
| assemble + linear solve       20        20.7601     1.038003    87.73        |
 ------------------------------------------------------------------------------
| Totals:                       48        23.6643                 100.00       |
 ------------------------------------------------------------------------------

Linear solver converged at step: 636, final residual: 5.30732e-09  ||u - u_old|| = 17.8386
F_norms[3]=0.000998785
 ------------------------------------------------------------------------------
| Porous Media Performance: Alive time=31.4298, Active time=24.9807            |
 ------------------------------------------------------------------------------
| Event                         nCalls    Total       Avg         Percent of   |
|                                         Time        Time        Active Time  |
|------------------------------------------------------------------------------|
|                                                                              |
| assemble                      29        3.0076      0.103711    12.04        |
| assemble + linear solve       21        21.9731     1.046340    87.96        |
 ------------------------------------------------------------------------------
| Totals:                       50        24.9807                 100.00       |
 ------------------------------------------------------------------------------

Linear solver converged at step: 623, final residual: 2.46538e-10  ||u - u_old|| = 0.522617
F_norms[4]=1.62657e-06
 Nonlinear solver converged at step 4

F_norms[0]=0.0632963		 etas[0]=0			 n_its[0]=661
F_norms[1]=0.134383		 etas[1]=0			 n_its[1]=655
F_norms[2]=0.0227346		 etas[2]=0			 n_its[2]=636
F_norms[3]=0.000998785		 etas[3]=0			 n_its[3]=623
F_norms[4]=1.62657e-06		 etas[4]=0			 n_its[4]=0
 |TE|_oo = 0
 Scaling timestep by 1
--------------------------------------------------------------------------
Computing Surface fluxes...
Computing Kinetic Energy...
======= Finished time step     9 time=0.09 dt=0.01 =======


======= Starting time step    10 time=0.09 dt=0.01 =======
F_norms[0]=0.0642621
 ------------------------------------------------------------------------------
| Porous Media Performance: Alive time=33.0901, Active time=26.4694            |
 ------------------------------------------------------------------------------
| Event                         nCalls    Total       Avg         Percent of   |
|                                         Time        Time        Active Time  |
|------------------------------------------------------------------------------|
|                                                                              |
| assemble                      31        3.2133      0.103654    12.14        |
| assemble + linear solve       22        23.2562     1.057098    87.86        |
 ------------------------------------------------------------------------------
| Totals:                       53        26.4694                 100.00       |
 ------------------------------------------------------------------------------

Linear solver converged at step: 661, final residual: 3.13682e-07  ||u - u_old|| = 260.076
F_norms[1]=0.00972692
 ------------------------------------------------------------------------------
| Porous Media Performance: Alive time=34.4294, Active time=27.7936            |
 ------------------------------------------------------------------------------
| Event                         nCalls    Total       Avg         Percent of   |
|                                         Time        Time        Active Time  |
|------------------------------------------------------------------------------|
|                                                                              |
| assemble                      32        3.3171      0.103659    11.93        |
| assemble + linear solve       23        24.4765     1.064195    88.07        |
 ------------------------------------------------------------------------------
| Totals:                       55        27.7936                 100.00       |
 ------------------------------------------------------------------------------

Linear solver converged at step: 626, final residual: 1.25736e-09  ||u - u_old|| = 9.47266
F_norms[2]=0.000147434
 ------------------------------------------------------------------------------
| Porous Media Performance: Alive time=35.5745, Active time=28.924             |
 ------------------------------------------------------------------------------
| Event                         nCalls    Total       Avg         Percent of   |
|                                         Time        Time        Active Time  |
|------------------------------------------------------------------------------|
|                                                                              |
| assemble                      33        3.4204      0.103647    11.83        |
| assemble + linear solve       24        25.5036     1.062651    88.17        |
 ------------------------------------------------------------------------------
| Totals:                       57        28.9240                 100.00       |
 ------------------------------------------------------------------------------

Linear solver converged at step: 525, final residual: 3.59597e-11  ||u - u_old|| = 0.037404
F_norms[3]=5.91528e-07
 Nonlinear solver converged at step 3

F_norms[0]=0.0642621		 etas[0]=0			 n_its[0]=661
F_norms[1]=0.00972692		 etas[1]=0			 n_its[1]=626
F_norms[2]=0.000147434		 etas[2]=0			 n_its[2]=525
F_norms[3]=5.91528e-07		 etas[3]=0			 n_its[3]=0
 |TE|_oo = 0
 Scaling timestep by 1
--------------------------------------------------------------------------
Computing Surface fluxes...
Computing Kinetic Energy...
======= Finished time step    10 time=0.1 dt=0.01 =======


======= Starting time step    11 time=0.1 dt=0.01 =======
F_norms[0]=0.0385357
 ------------------------------------------------------------------------------
| Porous Media Performance: Alive time=40.2782, Active time=30.4188            |
 ------------------------------------------------------------------------------
| Event                         nCalls    Total       Avg         Percent of   |
|                                         Time        Time        Active Time  |
|------------------------------------------------------------------------------|
|                                                                              |
| assemble                      35        3.6288      0.103681    11.93        |
| assemble + linear solve       25        26.7900     1.071600    88.07        |
 ------------------------------------------------------------------------------
| Totals:                       60        30.4188                 100.00       |
 ------------------------------------------------------------------------------

Linear solver converged at step: 660, final residual: 1.749e-09  ||u - u_old|| = 103.431
F_norms[1]=0.00163602
 ------------------------------------------------------------------------------
| Porous Media Performance: Alive time=41.533, Active time=31.6574             |
 ------------------------------------------------------------------------------
| Event                         nCalls    Total       Avg         Percent of   |
|                                         Time        Time        Active Time  |
|------------------------------------------------------------------------------|
|                                                                              |
| assemble                      36        3.7332      0.103700    11.79        |
| assemble + linear solve       26        27.9242     1.074009    88.21        |
 ------------------------------------------------------------------------------
| Totals:                       62        31.6574                 100.00       |
 ------------------------------------------------------------------------------

Linear solver converged at step: 576, final residual: 2.51841e-10  ||u - u_old|| = 5.008
F_norms[2]=5.16295e-06
 Nonlinear solver converged at step 2

F_norms[0]=0.0385357		 etas[0]=0			 n_its[0]=660
F_norms[1]=0.00163602		 etas[1]=0			 n_its[1]=576
F_norms[2]=5.16295e-06		 etas[2]=0			 n_its[2]=0
 |TE|_oo = 0
 Scaling timestep by 1
--------------------------------------------------------------------------
Computing Surface fluxes...
Computing Kinetic Energy...
======= Finished time step    11 time=0.11 dt=0.01 =======


======= Starting time step    12 time=0.11 dt=0.01 =======
F_norms[0]=0.0169112
 ------------------------------------------------------------------------------
| Porous Media Performance: Alive time=43.1069, Active time=33.0599            |
 ------------------------------------------------------------------------------
| Event                         nCalls    Total       Avg         Percent of   |
|                                         Time        Time        Active Time  |
|------------------------------------------------------------------------------|
|                                                                              |
| assemble                      38        3.9391      0.103661    11.92        |
| assemble + linear solve       27        29.1208     1.078547    88.08        |
 ------------------------------------------------------------------------------
| Totals:                       65        33.0599                 100.00       |
 ------------------------------------------------------------------------------

Linear solver converged at step: 614, final residual: 4.17638e-10  ||u - u_old|| = 25.0018
F_norms[1]=0.000553015
 ------------------------------------------------------------------------------
| Porous Media Performance: Alive time=44.4159, Active time=34.3545            |
 ------------------------------------------------------------------------------
| Event                         nCalls    Total       Avg         Percent of   |
|                                         Time        Time        Active Time  |
|------------------------------------------------------------------------------|
|                                                                              |
| assemble                      39        4.0428      0.103662    11.77        |
| assemble + linear solve       28        30.3116     1.082559    88.23        |
 ------------------------------------------------------------------------------
| Totals:                       67        34.3545                 100.00       |
 ------------------------------------------------------------------------------

Linear solver converged at step: 612, final residual: 6.07049e-11  ||u - u_old|| = 1.683
F_norms[2]=6.28145e-07
 Nonlinear solver converged at step 2

F_norms[0]=0.0169112		 etas[0]=0			 n_its[0]=614
F_norms[1]=0.000553015		 etas[1]=0			 n_its[1]=612
F_norms[2]=6.28145e-07		 etas[2]=0			 n_its[2]=0
 |TE|_oo = 0
 Scaling timestep by 1
--------------------------------------------------------------------------
Computing Surface fluxes...
Computing Kinetic Energy...
======= Finished time step    12 time=0.12 dt=0.01 =======


======= Starting time step    13 time=0.12 dt=0.01 =======
F_norms[0]=0.00699038
 ------------------------------------------------------------------------------
| Porous Media Performance: Alive time=46.0549, Active time=35.8227            |
 ------------------------------------------------------------------------------
| Event                         nCalls    Total       Avg         Percent of   |
|                                         Time        Time        Active Time  |
|------------------------------------------------------------------------------|
|                                                                              |
| assemble                      41        4.2490      0.103635    11.86        |
| assemble + linear solve       29        31.5737     1.088749    88.14        |
 ------------------------------------------------------------------------------
| Totals:                       70        35.8227                 100.00       |
 ------------------------------------------------------------------------------

Linear solver converged at step: 650, final residual: 4.33251e-10  ||u - u_old|| = 20.1924
F_norms[1]=0.000208489
 ------------------------------------------------------------------------------
| Porous Media Performance: Alive time=47.3958, Active time=37.1495            |
 ------------------------------------------------------------------------------
| Event                         nCalls    Total       Avg         Percent of   |
|                                         Time        Time        Active Time  |
|------------------------------------------------------------------------------|
|                                                                              |
| assemble                      42        4.3530      0.103642    11.72        |
| assemble + linear solve       30        32.7965     1.093217    88.28        |
 ------------------------------------------------------------------------------
| Totals:                       72        37.1495                 100.00       |
 ------------------------------------------------------------------------------

Linear solver converged at step: 628, final residual: 2.19884e-11  ||u - u_old|| = 0.257433
F_norms[2]=5.80362e-07
 Nonlinear solver converged at step 2

F_norms[0]=0.00699038		 etas[0]=0			 n_its[0]=650
F_norms[1]=0.000208489		 etas[1]=0			 n_its[1]=628
F_norms[2]=5.80362e-07		 etas[2]=0			 n_its[2]=0
 |TE|_oo = 0
 Scaling timestep by 1
--------------------------------------------------------------------------
Computing Surface fluxes...
Computing Kinetic Energy...
======= Finished time step    13 time=0.13 dt=0.01 =======


======= Starting time step    14 time=0.13 dt=0.01 =======
F_norms[0]=0.0047973
 ------------------------------------------------------------------------------
| Porous Media Performance: Alive time=48.9638, Active time=38.5506            |
 ------------------------------------------------------------------------------
| Event                         nCalls    Total       Avg         Percent of   |
|                                         Time        Time        Active Time  |
|------------------------------------------------------------------------------|
|                                                                              |
| assemble                      44        4.5590      0.103614    11.83        |
| assemble + linear solve       31        33.9916     1.096504    88.17        |
 ------------------------------------------------------------------------------
| Totals:                       75        38.5506                 100.00       |
 ------------------------------------------------------------------------------

Linear solver converged at step: 612, final residual: 2.43856e-10  ||u - u_old|| = 21.5977
F_norms[1]=7.14493e-05
 ------------------------------------------------------------------------------
| Porous Media Performance: Alive time=50.3719, Active time=39.9436            |
 ------------------------------------------------------------------------------
| Event                         nCalls    Total       Avg         Percent of   |
|                                         Time        Time        Active Time  |
|------------------------------------------------------------------------------|
|                                                                              |
| assemble                      45        4.6628      0.103618    11.67        |
| assemble + linear solve       32        35.2808     1.102525    88.33        |
 ------------------------------------------------------------------------------
| Totals:                       77        39.9436                 100.00       |
 ------------------------------------------------------------------------------

Linear solver converged at step: 661, final residual: 2.43939e-11  ||u - u_old|| = 0.161887
F_norms[2]=5.65963e-07
 Nonlinear solver converged at step 2

F_norms[0]=0.0047973		 etas[0]=0			 n_its[0]=612
F_norms[1]=7.14493e-05		 etas[1]=0			 n_its[1]=661
F_norms[2]=5.65963e-07		 etas[2]=0			 n_its[2]=0
 |TE|_oo = 0
 Scaling timestep by 1
--------------------------------------------------------------------------
Computing Surface fluxes...
Computing Kinetic Energy...
======= Finished time step    14 time=0.14 dt=0.01 =======


======= Starting time step    15 time=0.14 dt=0.01 =======
F_norms[0]=0.00366487
 ------------------------------------------------------------------------------
| Porous Media Performance: Alive time=52.0134, Active time=41.4175            |
 ------------------------------------------------------------------------------
| Event                         nCalls    Total       Avg         Percent of   |
|                                         Time        Time        Active Time  |
|------------------------------------------------------------------------------|
|                                                                              |
| assemble                      47        4.8692      0.103599    11.76        |
| assemble + linear solve       33        36.5484     1.107526    88.24        |
 ------------------------------------------------------------------------------
| Totals:                       80        41.4175                 100.00       |
 ------------------------------------------------------------------------------

Linear solver converged at step: 650, final residual: 1.61199e-10  ||u - u_old|| = 14.8074
F_norms[1]=1.7549e-05
 ------------------------------------------------------------------------------
| Porous Media Performance: Alive time=53.2916, Active time=42.6811            |
 ------------------------------------------------------------------------------
| Event                         nCalls    Total       Avg         Percent of   |
|                                         Time        Time        Active Time  |
|------------------------------------------------------------------------------|
|                                                                              |
| assemble                      48        4.9733      0.103610    11.65        |
| assemble + linear solve       34        37.7078     1.109054    88.35        |
 ------------------------------------------------------------------------------
| Totals:                       82        42.6811                 100.00       |
 ------------------------------------------------------------------------------

Linear solver converged at step: 595, final residual: 2.79374e-12  ||u - u_old|| = 0.0269862
F_norms[2]=3.2666e-07
 Nonlinear solver converged at step 2

F_norms[0]=0.00366487		 etas[0]=0			 n_its[0]=650
F_norms[1]=1.7549e-05		 etas[1]=0			 n_its[1]=595
F_norms[2]=3.2666e-07		 etas[2]=0			 n_its[2]=0
 |TE|_oo = 0
 Scaling timestep by 1
--------------------------------------------------------------------------
Computing Surface fluxes...
Computing Kinetic Energy...
======= Finished time step    15 time=0.15 dt=0.01 =======


======= Starting time step    16 time=0.15 dt=0.01 =======
F_norms[0]=0.00226919
 ------------------------------------------------------------------------------
| Porous Media Performance: Alive time=54.8876, Active time=44.112             |
 ------------------------------------------------------------------------------
| Event                         nCalls    Total       Avg         Percent of   |
|                                         Time        Time        Active Time  |
|------------------------------------------------------------------------------|
|                                                                              |
| assemble                      50        5.1802      0.103603    11.74        |
| assemble + linear solve       35        38.9318     1.112338    88.26        |
 ------------------------------------------------------------------------------
| Totals:                       85        44.1120                 100.00       |
 ------------------------------------------------------------------------------

Linear solver converged at step: 625, final residual: 7.86199e-11  ||u - u_old|| = 7.14753
F_norms[1]=5.20686e-06
 Nonlinear solver converged at step 1

F_norms[0]=0.00226919		 etas[0]=0			 n_its[0]=625
F_norms[1]=5.20686e-06		 etas[1]=0			 n_its[1]=0
 |TE|_oo = 0
 Scaling timestep by 1
--------------------------------------------------------------------------
Computing Surface fluxes...
Computing Kinetic Energy...
======= Finished time step    16 time=0.16 dt=0.01 =======


======= Starting time step    17 time=0.16 dt=0.01 =======
F_norms[0]=0.00111094
 ------------------------------------------------------------------------------
| Porous Media Performance: Alive time=56.4682, Active time=45.5245            |
 ------------------------------------------------------------------------------
| Event                         nCalls    Total       Avg         Percent of   |
|                                         Time        Time        Active Time  |
|------------------------------------------------------------------------------|
|                                                                              |
| assemble                      52        5.3875      0.103606    11.83        |
| assemble + linear solve       36        40.1370     1.114917    88.17        |
 ------------------------------------------------------------------------------
| Totals:                       88        45.5245                 100.00       |
 ------------------------------------------------------------------------------

Linear solver converged at step: 620, final residual: 4.82128e-11  ||u - u_old|| = 2.09453
F_norms[1]=2.69225e-06
 Nonlinear solver converged at step 1

F_norms[0]=0.00111094		 etas[0]=0			 n_its[0]=620
F_norms[1]=2.69225e-06		 etas[1]=0			 n_its[1]=0
 |TE|_oo = 0
 Scaling timestep by 1
--------------------------------------------------------------------------
Computing Surface fluxes...
Computing Kinetic Energy...
======= Finished time step    17 time=0.17 dt=0.01 =======


======= Starting time step    18 time=0.17 dt=0.01 =======
F_norms[0]=0.000473687
 ------------------------------------------------------------------------------
| Porous Media Performance: Alive time=58.0829, Active time=46.9735            |
 ------------------------------------------------------------------------------
| Event                         nCalls    Total       Avg         Percent of   |
|                                         Time        Time        Active Time  |
|------------------------------------------------------------------------------|
|                                                                              |
| assemble                      54        5.5951      0.103613    11.91        |
| assemble + linear solve       37        41.3784     1.118335    88.09        |
 ------------------------------------------------------------------------------
| Totals:                       91        46.9735                 100.00       |
 ------------------------------------------------------------------------------

Linear solver converged at step: 636, final residual: 6.46407e-12  ||u - u_old|| = 1.144
F_norms[1]=1.1904e-06
 Nonlinear solver converged at step 1

F_norms[0]=0.000473687		 etas[0]=0			 n_its[0]=636
F_norms[1]=1.1904e-06		 etas[1]=0			 n_its[1]=0
 |TE|_oo = 0
 Scaling timestep by 1
--------------------------------------------------------------------------
Computing Surface fluxes...
Computing Kinetic Energy...
======= Finished time step    18 time=0.18 dt=0.01 =======


======= Starting time step    19 time=0.18 dt=0.01 =======
F_norms[0]=0.000308583
 ------------------------------------------------------------------------------
| Porous Media Performance: Alive time=59.6829, Active time=48.4062            |
 ------------------------------------------------------------------------------
| Event                         nCalls    Total       Avg         Percent of   |
|                                         Time        Time        Active Time  |
|------------------------------------------------------------------------------|
|                                                                              |
| assemble                      56        5.8021      0.103610    11.99        |
| assemble + linear solve       38        42.6041     1.121160    88.01        |
 ------------------------------------------------------------------------------
| Totals:                       94        48.4062                 100.00       |
 ------------------------------------------------------------------------------

Linear solver converged at step: 625, final residual: 1.11041e-11  ||u - u_old|| = 1.42118
F_norms[1]=9.64941e-07
 Nonlinear solver converged at step 1

F_norms[0]=0.000308583		 etas[0]=0			 n_its[0]=625
F_norms[1]=9.64941e-07		 etas[1]=0			 n_its[1]=0
 |TE|_oo = 0
 Scaling timestep by 1
--------------------------------------------------------------------------
Computing Surface fluxes...
Computing Kinetic Energy...
======= Finished time step    19 time=0.19 dt=0.01 =======


======= Starting time step    20 time=0.19 dt=0.01 =======
F_norms[0]=0.000248864
 ------------------------------------------------------------------------------
| Porous Media Performance: Alive time=61.2526, Active time=49.8079            |
 ------------------------------------------------------------------------------
| Event                         nCalls    Total       Avg         Percent of   |
|                                         Time        Time        Active Time  |
|------------------------------------------------------------------------------|
|                                                                              |
| assemble                      58        6.0084      0.103592    12.06        |
| assemble + linear solve       39        43.7995     1.123064    87.94        |
 ------------------------------------------------------------------------------
| Totals:                       97        49.8079                 100.00       |
 ------------------------------------------------------------------------------

Linear solver converged at step: 611, final residual: 9.28561e-12  ||u - u_old|| = 1.04925
F_norms[1]=1.16654e-06
 Nonlinear solver converged at step 1

F_norms[0]=0.000248864		 etas[0]=0			 n_its[0]=611
F_norms[1]=1.16654e-06		 etas[1]=0			 n_its[1]=0
 |TE|_oo = 0
 Scaling timestep by 1
--------------------------------------------------------------------------
Computing Surface fluxes...
Computing Kinetic Energy...
======= Finished time step    20 time=0.2 dt=0.01 =======


======= Starting time step    21 time=0.2 dt=0.01 =======
F_norms[0]=0.000162211
 ------------------------------------------------------------------------------
| Porous Media Performance: Alive time=65.9411, Active time=51.3205            |
 ------------------------------------------------------------------------------
| Event                         nCalls    Total       Avg         Percent of   |
|                                         Time        Time        Active Time  |
|------------------------------------------------------------------------------|
|                                                                              |
| assemble                      60        6.2180      0.103633    12.12        |
| assemble + linear solve       40        45.1025     1.127562    87.88        |
 ------------------------------------------------------------------------------
| Totals:                       100       51.3205                 100.00       |
 ------------------------------------------------------------------------------

Linear solver converged at step: 661, final residual: 4.32333e-10  ||u - u_old|| = 0.539348
F_norms[1]=8.69264e-07
 Nonlinear solver converged at step 1

F_norms[0]=0.000162211		 etas[0]=0			 n_its[0]=661
F_norms[1]=8.69264e-07		 etas[1]=0			 n_its[1]=0
 |TE|_oo = 0
 Scaling timestep by 1
--------------------------------------------------------------------------
Computing Surface fluxes...
Computing Kinetic Energy...
======= Finished time step    21 time=0.21 dt=0.01 =======


======= Starting time step    22 time=0.21 dt=0.01 =======
F_norms[0]=8.25974e-05
 ------------------------------------------------------------------------------
| Porous Media Performance: Alive time=67.5469, Active time=52.7593            |
 ------------------------------------------------------------------------------
| Event                         nCalls    Total       Avg         Percent of   |
|                                         Time        Time        Active Time  |
|------------------------------------------------------------------------------|
|                                                                              |
| assemble                      62        6.4255      0.103637    12.18        |
| assemble + linear solve       41        46.3338     1.130092    87.82        |
 ------------------------------------------------------------------------------
| Totals:                       103       52.7593                 100.00       |
 ------------------------------------------------------------------------------

Linear solver converged at step: 625, final residual: 3.68058e-12  ||u - u_old|| = 0.1758
F_norms[1]=7.86056e-07
 Nonlinear solver converged at step 1

F_norms[0]=8.25974e-05		 etas[0]=0			 n_its[0]=625
F_norms[1]=7.86056e-07		 etas[1]=0			 n_its[1]=0
 |TE|_oo = 0
 Scaling timestep by 1
--------------------------------------------------------------------------
Computing Surface fluxes...
Computing Kinetic Energy...
======= Finished time step    22 time=0.22 dt=0.01 =======


======= Starting time step    23 time=0.22 dt=0.01 =======
F_norms[0]=3.4981e-05
 ------------------------------------------------------------------------------
| Porous Media Performance: Alive time=69.1548, Active time=54.1928            |
 ------------------------------------------------------------------------------
| Event                         nCalls    Total       Avg         Percent of   |
|                                         Time        Time        Active Time  |
|------------------------------------------------------------------------------|
|                                                                              |
| assemble                      64        6.6319      0.103624    12.24        |
| assemble + linear solve       42        47.5609     1.132402    87.76        |
 ------------------------------------------------------------------------------
| Totals:                       106       54.1928                 100.00       |
 ------------------------------------------------------------------------------

Linear solver converged at step: 624, final residual: 4.03599e-13  ||u - u_old|| = 0.0665651
F_norms[1]=5.83202e-07
 Nonlinear solver converged at step 1

F_norms[0]=3.4981e-05		 etas[0]=0			 n_its[0]=624
F_norms[1]=5.83202e-07		 etas[1]=0			 n_its[1]=0
 |TE|_oo = 0
 Scaling timestep by 1
--------------------------------------------------------------------------
Computing Surface fluxes...
Computing Kinetic Energy...
======= Finished time step    23 time=0.23 dt=0.01 =======


======= Starting time step    24 time=0.23 dt=0.01 =======
F_norms[0]=2.04283e-05
 ------------------------------------------------------------------------------
| Porous Media Performance: Alive time=70.8379, Active time=55.7029            |
 ------------------------------------------------------------------------------
| Event                         nCalls    Total       Avg         Percent of   |
|                                         Time        Time        Active Time  |
|------------------------------------------------------------------------------|
|                                                                              |
| assemble                      66        6.8384      0.103613    12.28        |
| assemble + linear solve       43        48.8645     1.136384    87.72        |
 ------------------------------------------------------------------------------
| Totals:                       109       55.7029                 100.00       |
 ------------------------------------------------------------------------------

Linear solver converged at step: 661, final residual: 2.18232e-12  ||u - u_old|| = 0.0911428
F_norms[1]=9.27689e-07
 Nonlinear solver converged at step 1

F_norms[0]=2.04283e-05		 etas[0]=0			 n_its[0]=661
F_norms[1]=9.27689e-07		 etas[1]=0			 n_its[1]=0
 |TE|_oo = 0
 Scaling timestep by 1
--------------------------------------------------------------------------
Computing Surface fluxes...
Computing Kinetic Energy...
======= Finished time step    24 time=0.24 dt=0.01 =======


======= Starting time step    25 time=0.24 dt=0.01 =======
F_norms[0]=1.66877e-05
 ------------------------------------------------------------------------------
| Porous Media Performance: Alive time=72.4067, Active time=57.0997            |
 ------------------------------------------------------------------------------
| Event                         nCalls    Total       Avg         Percent of   |
|                                         Time        Time        Active Time  |
|------------------------------------------------------------------------------|
|                                                                              |
| assemble                      68        7.0444      0.103594    12.34        |
| assemble + linear solve       44        50.0553     1.137620    87.66        |
 ------------------------------------------------------------------------------
| Totals:                       112       57.0997                 100.00       |
 ------------------------------------------------------------------------------

Linear solver converged at step: 602, final residual: 6.48291e-13  ||u - u_old|| = 0.072576
F_norms[1]=4.92035e-07
 Nonlinear solver converged at step 1

F_norms[0]=1.66877e-05		 etas[0]=0			 n_its[0]=602
F_norms[1]=4.92035e-07		 etas[1]=0			 n_its[1]=0
 |TE|_oo = 0
 Scaling timestep by 1
--------------------------------------------------------------------------
Computing Surface fluxes...
Computing Kinetic Energy...
======= Finished time step    25 time=0.25 dt=0.01 =======


======= Starting time step    26 time=0.25 dt=0.01 =======
F_norms[0]=1.13687e-05
 ------------------------------------------------------------------------------
| Porous Media Performance: Alive time=74.0935, Active time=58.6169            |
 ------------------------------------------------------------------------------
| Event                         nCalls    Total       Avg         Percent of   |
|                                         Time        Time        Active Time  |
|------------------------------------------------------------------------------|
|                                                                              |
| assemble                      70        7.2520      0.103600    12.37        |
| assemble + linear solve       45        51.3649     1.141442    87.63        |
 ------------------------------------------------------------------------------
| Totals:                       115       58.6169                 100.00       |
 ------------------------------------------------------------------------------

Linear solver converged at step: 661, final residual: 1.42499e-12  ||u - u_old|| = 0.0399877
F_norms[1]=7.47429e-07
 Nonlinear solver converged at step 1

F_norms[0]=1.13687e-05		 etas[0]=0			 n_its[0]=661
F_norms[1]=7.47429e-07		 etas[1]=0			 n_its[1]=0
 |TE|_oo = 0
 Scaling timestep by 1
--------------------------------------------------------------------------
Computing Surface fluxes...
Computing Kinetic Energy...
======= Finished time step    26 time=0.26 dt=0.01 =======


======= Starting time step    27 time=0.26 dt=0.01 =======
F_norms[0]=6.10544e-06
 Nonlinear solver converged at step 0

F_norms[0]=6.10544e-06		 etas[0]=0			 n_its[0]=0
 |TE|_oo = 0
 Scaling timestep by 1
--------------------------------------------------------------------------
Computing Surface fluxes...
Computing Kinetic Energy...
======= Finished time step    27 time=0.27 dt=0.01 =======


Steady State Reached: Terminating Simulation.
 ------------------------------------------------------------------------------
| Porous Media Performance: Alive time=77.6214, Active time=58.8233            |
 ------------------------------------------------------------------------------
| Event                         nCalls    Total       Avg         Percent of   |
|                                         Time        Time        Active Time  |
|------------------------------------------------------------------------------|
|                                                                              |
| assemble                      72        7.4584      0.103589    12.68        |
| assemble + linear solve       45        51.3649     1.141442    87.32        |
 ------------------------------------------------------------------------------
| Totals:                       117       58.8233                 100.00       |
 ------------------------------------------------------------------------------

************************************************************************************************************************
***             WIDEN YOUR WINDOW TO 120 CHARACTERS.  Use 'enscript -r -fCourier9' to print this document            ***
************************************************************************************************************************

---------------------------------------------- PETSc Performance Summary: ----------------------------------------------

./pm on a linux named columbia9 with 24 processors, by benkirk Wed Apr 19 17:14:38 2006
Using Petsc Version 2.2.0, Patch 0, Released Feb 27, 2004

                         Max       Max/Min        Avg      Total 
Time (sec):           7.837e+01      1.02603   7.724e+01
Objects:              0.000e+00      0.00000   0.000e+00
Flops:                1.887e+10      1.17976   1.734e+10  4.161e+11
Flops/sec:            2.434e+08      1.16235   2.245e+08  5.387e+09
MPI Messages:         3.718e+05      3.50000   2.390e+05  5.736e+06
MPI Message Lengths:  2.114e+08      2.41735   6.684e+02  3.834e+09
MPI Reductions:       3.381e+03      1.00000

Flop counting convention: 1 flop = 1 real number operation of type (multiply/divide/add/subtract)
                            e.g., VecAXPY() for real vectors of length N --> 2N flops
                            and VecAXPY() for complex vectors of length N --> 8N flops

Summary of Stages:   ----- Time ------  ----- Flops -----  --- Messages ---  -- Message Lengths --  -- Reductions --
                        Avg     %Total     Avg     %Total   counts   %Total     Avg         %Total   counts   %Total 
 0:      Main Stage: 7.7240e+01 100.0%  4.1611e+11 100.0%  5.736e+06 100.0%  6.684e+02      100.0%  8.115e+04 100.0% 

------------------------------------------------------------------------------------------------------------------------
See the 'Profiling' chapter of the users' manual for details on interpreting output.
Phase summary info:
   Count: number of times phase was executed
   Time and Flops/sec: Max - maximum over all processors
                       Ratio - ratio of maximum to minimum over all processors
   Mess: number of messages sent
   Avg. len: average message length
   Reduct: number of global reductions
   Global: entire computation
   Stage: stages of a computation. Set stages with PetscLogStagePush() and PetscLogStagePop().
      %T - percent time in this phase         %F - percent flops in this phase
      %M - percent messages in this phase     %L - percent message lengths in this phase
      %R - percent reductions in this phase
   Total Mflop/s: 10e-6 * (sum of flops over all processors)/(max time over all processors)
------------------------------------------------------------------------------------------------------------------------


      ##########################################################
      #                                                        #
      #                          WARNING!!!                    #
      #                                                        #
      #   This code was run without the PreLoadBegin()         #
      #   macros. To get timing results we always recommend    #
      #   preloading. otherwise timing numbers may be          #
      #   meaningless.                                         #
      ##########################################################


Event                Count      Time (sec)     Flops/sec                         --- Global ---  --- Stage ---   Total
                   Max Ratio  Max     Ratio   Max  Ratio  Mess   Avg len Reduct  %T %F %M %L %R  %T %F %M %L %R Mflop/s
------------------------------------------------------------------------------------------------------------------------

--- Event Stage 0: Main Stage

VecDot             52623 1.0 5.2643e+00 2.8 1.65e+08 3.0 0.0e+00 0.0e+00 5.3e+04  5  2  0  0 65   5  2  0  0 65  1364
VecNorm            26495 1.0 4.4922e+00 3.7 1.28e+08 3.9 0.0e+00 0.0e+00 2.6e+04  4  1  0  0 33   4  1  0  0 33   804
VecCopy              443 1.0 1.2943e-02 1.2 0.00e+00 0.0 0.0e+00 0.0e+00 0.0e+00  0  0  0  0  0   0  0  0  0  0     0
VecSet             53110 1.0 1.0847e-01 1.1 0.00e+00 0.0 0.0e+00 0.0e+00 0.0e+00  0  0  0  0  0   0  0  0  0  0     0
VecAXPY           105307 1.0 3.2125e-01 1.1 2.07e+09 1.1 0.0e+00 0.0e+00 0.0e+00  0  3  0  0  0   0  3  0  0  0 44726
VecAYPX            52567 1.0 1.6784e+00 1.2 1.95e+08 1.0 0.0e+00 0.0e+00 0.0e+00  2  2  0  0  0   2  2  0  0  0  4274
VecWAXPY          105102 1.0 2.9166e+00 1.2 2.00e+08 1.1 0.0e+00 0.0e+00 0.0e+00  3  3  0  0  0   3  3  0  0  0  4302
VecAssemblyBegin     333 1.0 6.4110e-01 3.6 0.00e+00 0.0 1.1e+04 1.0e+03 1.0e+03  1  0  0  0  1   1  0  0  0  1     0
VecAssemblyEnd       333 1.0 1.4719e-02 1.7 0.00e+00 0.0 0.0e+00 0.0e+00 0.0e+00  0  0  0  0  0   0  0  0  0  0     0
VecScatterBegin    52840 1.0 3.7827e+00 6.7 0.00e+00 0.0 5.7e+06 6.4e+02 0.0e+00  3  0 99 95  0   3  0 99 95  0     0
VecScatterEnd      52840 1.0 1.6949e+00 3.3 0.00e+00 0.0 0.0e+00 0.0e+00 0.0e+00  1  0  0  0  0   1  0  0  0  0     0
MatMult            52695 1.0 2.0703e+01 1.3 4.92e+08 1.2 5.7e+06 6.4e+02 0.0e+00 23 45 99 95  0  23 45 99 95  0  9100
MatMultAdd            72 1.0 4.3671e-02 1.3 3.33e+08 1.3 7.8e+03 6.4e+02 0.0e+00  0  0  0  0  0   0  0  0  0  0  6036
MatSolve           52695 1.0 2.2552e+01 1.2 3.75e+08 1.0 0.0e+00 0.0e+00 0.0e+00 26 44  0  0  0  26 44  0  0  0  8036
MatLUFactorNum        72 1.0 3.2794e-01 1.2 1.92e+08 1.0 0.0e+00 0.0e+00 0.0e+00  0  0  0  0  0   0  0  0  0  0  4121
MatILUFactorSym        2 1.0 3.9670e-03 3.1 0.00e+00 0.0 0.0e+00 0.0e+00 2.0e+00  0  0  0  0  0   0  0  0  0  0     0
MatAssemblyBegin     216 1.0 3.8030e-01 1.8 0.00e+00 0.0 1.1e+04 1.5e+04 4.3e+02  0  0  0  4  1   0  0  0  4  1     0
MatAssemblyEnd       216 1.0 1.7251e-01 1.7 0.00e+00 0.0 2.2e+02 3.5e+02 2.3e+02  0  0  0  0  0   0  0  0  0  0     0
MatGetOrdering         2 1.0 5.6481e-04 1.7 0.00e+00 0.0 0.0e+00 0.0e+00 4.0e+00  0  0  0  0  0   0  0  0  0  0     0
MatZeroEntries       103 1.0 1.6100e-02 1.3 0.00e+00 0.0 0.0e+00 0.0e+00 0.0e+00  0  0  0  0  0   0  0  0  0  0     0
KSPSetup             144 1.0 4.6492e-03 1.3 0.00e+00 0.0 0.0e+00 0.0e+00 0.0e+00  0  0  0  0  0   0  0  0  0  0     0
KSPSolve              72 1.0 5.1565e+01 1.0 3.66e+08 1.2 5.7e+06 6.4e+02 7.9e+04 67100 99 95 97  67100 99 95 97  8064
PCSetUp              144 1.0 3.5537e-01 1.2 1.75e+08 1.0 0.0e+00 0.0e+00 6.0e+00  0  0  0  0  0   0  0  0  0  0  3803
PCSetUpOnBlocks       72 1.0 3.3681e-01 1.2 1.86e+08 1.0 0.0e+00 0.0e+00 6.0e+00  0  0  0  0  0   0  0  0  0  0  4013
PCApply            52695 1.0 2.3192e+01 1.2 3.64e+08 1.0 0.0e+00 0.0e+00 0.0e+00 27 44  0  0  0  27 44  0  0  0  7814
------------------------------------------------------------------------------------------------------------------------

Memory usage is given in bytes:

Object Type          Creations   Destructions   Memory  Descendants' Mem.

--- Event Stage 0: Main Stage

           Index Set    83             83     906508     0
                 Map   196            196      50176     0
                 Vec   198            198    3744368     0
         Vec Scatter    75             75    4494360     0
              Matrix     8              8    3359576     1.51954e+06
       Krylov Solver     4              4        304     365688
      Preconditioner     4              4        480     1.44064e+06
========================================================================================================================
Average time to get PetscTime(): 7.15256e-07
Average time for MPI_Barrier(): 7.62939e-06
Average time for zero size MPI_Send(): 0.00014025
Compiled without FORTRAN kernels
Compiled with double precision matrices (default)
sizeof(short) 2 sizeof(int) 4 sizeof(long) 8 sizeof(void *) 8   
Libraries compiled on Tue Dec 13 11:13:18 PST 2005 on columbia  
Machine characteristics: Linux columbia 2.6.5-7.202.5-sn2 #1 SMP Thu Aug 25 06:20:45 UTC 2005 ia64 ia64 ia64 GNU/Linux  
Using PETSc directory: /u/benkirk/petsc-2.2.0 
Using PETSc arch: linux64_intel 
-----------------------------------------   
Using C compiler: icc -KPIC -O2 -ftz -I/u/benkirk/petsc-2.2.0 -I/u/benkirk/petsc-2.2.0/bmake/linux64_intel -I/u/benkirk/petsc-2.2.0/include   -I/opt/sgi/mpt/1.12.0.0/include                                                                                                                           -DPETSC_USE_FOR_KERNELS -DPETSC_USE_LOG -DPETSC_USE_DEBUG -DPETSC_USE_BOPT_O -DPETSC_USE_EXTERN_CXX -DMPI_NO_CPPBIND -wd1476 -D__SDIR__='. '  
C Compiler version: 
Intel(R) C Itanium(R) Compiler for Itanium(R)-based applications 
Version 9.0    Build 20051020 Package ID: l_cc_c_9.0.027 
C++ Compiler version: 
Intel(R) C Itanium(R) Compiler for Itanium(R)-based applications 
Using Fortran compiler: ifort -w -KPIC -O2 -ftz -I/u/benkirk/petsc-2.2.0 -I/u/benkirk/petsc-2.2.0/bmake/linux64_intel -I/u/benkirk/petsc-2.2.0/include   -I/opt/sgi/mpt/1.12.0.0/include                                                                                                                           -DPETSC_USE_FOR_KERNELS -DPETSC_USE_LOG -DPETSC_USE_DEBUG -DPETSC_USE_BOPT_O -DPETSC_USE_EXTERN_CXX  
Fortran Compiler version: 
Intel(R) Fortran Itanium(R) Compiler for Itanium(R)-based applications 
Version 9.0    Build 20051020 Package ID: l_fc_c_9.0.028 
-----------------------------------------   
Using PETSc flags: -DPETSC_USE_FOR_KERNELS -DPETSC_USE_LOG -DPETSC_USE_DEBUG -DPETSC_USE_BOPT_O -DPETSC_USE_EXTERN_CXX                                                                                                                        
----------------------------------------- 
Using configuration flags: 
----------------------------------------- 
Using include paths: -I/u/benkirk/petsc-2.2.0 -I/u/benkirk/petsc-2.2.0/bmake/linux64_intel -I/u/benkirk/petsc-2.2.0/include   -I/opt/sgi/mpt/1.12.0.0/include    
------------------------------------------   
Using C linker: icc -i_dynamic -O2 -ftz -Qoption,link,-rpath,/u/benkirk/petsc-2.2.0/lib/libO/linux64_intel  
Using Fortran linker: icc -i_dynamic -O2 -ftz -Qoption,link,-rpath,/u/benkirk/petsc-2.2.0/lib/libO/linux64_intel  
Using libraries: -L/u/benkirk/petsc-2.2.0/lib/libO/linux64_intel -lpetscts -lpetscsnes -lpetscksp -lpetscdm -lpetscmat -lpetscvec -lpetsc                                                                                                                                                                                                                                                                              -Wl,-rpath,/opt/sgi/scsl/1.6.1.0/lib -L/opt/sgi/scsl/1.6.1.0/lib -lscs -L/opt/sgi/mpt/1.12.0.0/lib -lmpi -lifport -lifcoremt -ldl -limf -lm -lcxa -lunwind -lpthread -lirc 
 -------------------------------------------------------------------------------

 Run completed in 81 seconds
